<?xml version="1.0" encoding="UTF-8"?>
<!-- Generated by org.testng.reporters.JUnitXMLReporter -->

<testsuite hostname="swapnili" name="RegressionTest" tests="1" failures="0" timestamp="22 Jun 2022 11:51:06 GMT" time="66.488" errors="0">
  <testcase name="TS005_VerifyFloorPlansIconsTest" time="13.114" classname="atlantamarket.FloorPlans"/>

<testsuite hostname="NILAMMA-W10" name="RegressionTest" tests="1" failures="0" timestamp="22 Jun 2022 08:45:53 GMT" time="242.614" errors="0">
  <testcase name="TS001_VerifyFloorPlansNavigationToDifferentFloorBuildingsTest" time="11.926" classname="atlantamarket.FloorPlans"/>

</testsuite> <!-- RegressionTest -->
