<?xml version="1.0" encoding="UTF-8"?>
<!-- Generated by org.testng.reporters.JUnitXMLReporter -->
<testsuite hostname="swapnili" name="RegressionTest" tests="2" failures="0" timestamp="12 Oct 2022 17:32:59 GMT" time="71.87" errors="0">
  <testcase name="TS001_VerifyGlobalSearchContainsAndStartsWithTest" time="9.197" classname="atlantamarket_UAT.GlobalSearch_MatchingResults"/>
  <testcase name="TS002_VerifyGlobalSearchMatchingResultsSortWithinTest" time="34.952" classname="atlantamarket_UAT.GlobalSearch_MatchingResults"/>
</testsuite> <!-- RegressionTest -->
