<?xml version="1.0" encoding="UTF-8"?>
<!-- Generated by org.testng.reporters.JUnitXMLReporter -->
<testsuite hostname="NILAMMA-W10" name="RegressionTest" tests="5" failures="0" timestamp="17 Aug 2022 08:05:20 GMT" time="383.911" errors="0">
  <testcase name="TS001_VerifySelectionOfApparelVintageProdCatgFromLeftPaneFiltersTest" time="44.93" classname="atlantamarket_PROD.GlobalSearch_LeftPaneFilters"/>
  <testcase name="TS002_VerifySelectionOfAntiqueVintageProdCatgFromLeftPaneFiltersTest" time="64.776" classname="atlantamarket_PROD.GlobalSearch_LeftPaneFilters"/>
  <testcase name="TS003_VerifyCombinationWithinProdCatgFromLeftPaneFiltersTest" time="85.345" classname="atlantamarket_PROD.GlobalSearch_LeftPaneFilters"/>
  <testcase name="TS004_VerifyCombinationOfProdCatgWithStylesFromLeftPaneFiltersTest" time="88.127" classname="atlantamarket_PROD.GlobalSearch_LeftPaneFilters"/>
  <testcase name="TS005_VerifySelectionOfAccentFurnitureProdCatgFromLeftPaneFiltersTest" time="61.997" classname="atlantamarket_PROD.GlobalSearch_LeftPaneFilters"/>
</testsuite> <!-- RegressionTest -->
