<?xml version="1.0" encoding="UTF-8"?>
<!-- Generated by org.testng.reporters.JUnitXMLReporter -->
<testsuite hostname="shradhama-win10" name="RegressionTest" tests="2" failures="0" timestamp="16 Aug 2022 09:59:07 GMT" time="88.312" errors="0">
  <testcase name="TS001_VerifyMarketPlannerLoginTest" time="28.589" classname="atlantamarket_UAT.MarketPlanner"/>
  <testcase name="TS017_VerifyMPListsCardOverviewTest" time="25.389" classname="atlantamarket_UAT.MarketPlanner"/>
</testsuite> <!-- RegressionTest -->
