<?xml version="1.0" encoding="UTF-8"?>
<!-- Generated by org.testng.reporters.JUnitXMLReporter -->

<testsuite hostname="Anuppa-VD3" name="RegressionTest" tests="15" failures="12" timestamp="24 Mar 2023 13:09:01 GMT" time="649.254" errors="0">
  <testcase name="TS001_VerifyEventsAndWebinarsOverviewTest" time="67.155" classname="atlantamarket_PROD.EvenntsAndWebinar">
    <failure type="org.openqa.selenium.TimeoutException" message="Expected condition failed: waiting for visibility of element located by By.xpath: //div[@class=&amp;apos;event-card--multi-card-container&amp;apos;]/div (tried for 20 second(s) with 500 MILLISECONDS interval)">
      <![CDATA[org.openqa.selenium.TimeoutException: Expected condition failed: waiting for visibility of element located by By.xpath: //div[@class='event-card--multi-card-container']/div (tried for 20 second(s) with 500 MILLISECONDS interval)
	at org.openqa.selenium.support.ui.WebDriverWait.timeoutException(WebDriverWait.java:80)
	at org.openqa.selenium.support.ui.FluentWait.until(FluentWait.java:232)
	at pageObjects.AtlantaMarket.ATLEventsAndWebinarPage.getatlListOfAllEvents(ATLEventsAndWebinarPage.java:163)
	at atlantamarket_PROD.EvenntsAndWebinar.TS001_VerifyEventsAndWebinarsOverviewTest(EvenntsAndWebinar.java:99)
Caused by: org.openqa.selenium.NoSuchElementException: Cannot locate an element using By.xpath: //div[@class='event-card--multi-card-container']/div
For documentation on this error, please visit: http://seleniumhq.org/exceptions/no_such_element.html
Build info: version: '3.4.0', revision: 'unknown', time: 'unknown'
System info: host: 'ANUPPA-VD3', ip: '172.27.182.66', os.name: 'Windows 10', os.arch: 'amd64', os.version: '10.0', java.version: '1.8.0_361'

<testsuite hostname="NILAMMA-W10" name="RegressionTest" tests="42" failures="13" timestamp="23 Mar 2023 12:13:32 GMT" time="5223.158" errors="0">
  <testcase name="TS001_VerifyLineDigitalShowroomHeroComponentShownByExhibitorNamaeTest" time="29.983" classname="atlantamarket_PROD.LineDigitalShowroom"/>
  <testcase name="TS002_VerifyLineDigitalShowroomHeroComponentLocationLinksTest" time="89.466" classname="atlantamarket_PROD.LineDigitalShowroom"/>
  <testcase name="TS003_VerifyLineDigitalShowroomHeroComponentAddToFavoriteTest" time="121.891" classname="atlantamarket_PROD.LineDigitalShowroom"/>
  <testcase name="TS004_VerifyLineDigitalShowroomHeroComponentAddTolistTest" time="193.7" classname="atlantamarket_PROD.LineDigitalShowroom"/>
  <testcase name="TS005_VerifyLineDigitalShowroomHeroComponentAddNoteTest" time="50.682" classname="atlantamarket_PROD.LineDigitalShowroom">
    <failure type="org.openqa.selenium.TimeoutException" message="Expected condition failed: waiting for visibility of element located by By.xpath: //div[@ID=&amp;apos;react-autowhatever-input-1&amp;apos;] (tried for 30 second(s) with 500 MILLISECONDS interval)
Build info: version: &amp;apos;3.4.0&amp;apos;, revision: &amp;apos;unknown&amp;apos;, time: &amp;apos;unknown&amp;apos;
System info: host: &amp;apos;NILAMMA-W10&amp;apos;, ip: &amp;apos;192.168.68.2&amp;apos;, os.name: &amp;apos;Windows 10&amp;apos;, os.arch: &amp;apos;amd64&amp;apos;, os.version: &amp;apos;10.0&amp;apos;, java.version: &amp;apos;1.8.0_161&amp;apos;
Driver info: org.openqa.selenium.chrome.ChromeDriver
Capabilities [{networkConnectionEnabled=false, chrome={chromedriverVersion=111.0.5563.64 (c710e93d5b63b7095afe8c2c17df34408078439d-refs/branch-heads/5563@{#995}), userDataDir=C:\Users\nilamma\AppData\Local\Temp\scoped_dir17868_336354067}, timeouts={implicit=0.0, pageLoad=300000.0, script=30000.0}, pageLoadStrategy=normal, unhandledPromptBehavior=dismiss and notify, strictFileInteractability=false, platform=ANY, proxy=Proxy(), webauthn:extension:minPinLength=true, goog:chromeOptions={debuggerAddress=localhost:51834}, webauthn:extension:credBlob=true, webauthn:extension:prf=true, acceptInsecureCerts=false, browserVersion=111.0.5563.65, browserName=chrome, javascriptEnabled=true, platformName=windows, setWindowRect=true, webauthn:extension:largeBlob=true, webauthn:virtualAuthenticators=true}]
Session ID: f676ab9a68b36d40989ec7ff95cae00c">
      <![CDATA[org.openqa.selenium.TimeoutException: Expected condition failed: waiting for visibility of element located by By.xpath: //div[@ID='react-autowhatever-input-1'] (tried for 30 second(s) with 500 MILLISECONDS interval)
Build info: version: '3.4.0', revision: 'unknown', time: 'unknown'
System info: host: 'NILAMMA-W10', ip: '192.168.68.2', os.name: 'Windows 10', os.arch: 'amd64', os.version: '10.0', java.version: '1.8.0_161'
Driver info: org.openqa.selenium.chrome.ChromeDriver
Capabilities [{networkConnectionEnabled=false, chrome={chromedriverVersion=111.0.5563.64 (c710e93d5b63b7095afe8c2c17df34408078439d-refs/branch-heads/5563@{#995}), userDataDir=C:\Users\nilamma\AppData\Local\Temp\scoped_dir17868_336354067}, timeouts={implicit=0.0, pageLoad=300000.0, script=30000.0}, pageLoadStrategy=normal, unhandledPromptBehavior=dismiss and notify, strictFileInteractability=false, platform=ANY, proxy=Proxy(), webauthn:extension:minPinLength=true, goog:chromeOptions={debuggerAddress=localhost:51834}, webauthn:extension:credBlob=true, webauthn:extension:prf=true, acceptInsecureCerts=false, browserVersion=111.0.5563.65, browserName=chrome, javascriptEnabled=true, platformName=windows, setWindowRect=true, webauthn:extension:largeBlob=true, webauthn:virtualAuthenticators=true}]
Session ID: f676ab9a68b36d40989ec7ff95cae00c
	at org.openqa.selenium.support.ui.WebDriverWait.timeoutException(WebDriverWait.java:80)
	at org.openqa.selenium.support.ui.FluentWait.until(FluentWait.java:232)
	at pageObjects.AtlantaMarket.ATLLineDigitalShowroomPage.getsuggetionList(ATLLineDigitalShowroomPage.java:132)
	at atlantamarket_PROD.LineDigitalShowroom.TS005_VerifyLineDigitalShowroomHeroComponentAddNoteTest(LineDigitalShowroom.java:380)
... Removed 24 stack frames]]>
    </failure>
  </testcase> <!-- TS005_VerifyLineDigitalShowroomHeroComponentAddNoteTest -->
  <testcase name="TS006_VerifyLineDigitalShowroomHeroComponentOrderOnJuniperMarketTest" time="30.574" classname="atlantamarket_PROD.LineDigitalShowroom">
    <failure type="org.openqa.selenium.TimeoutException" message="Expected condition failed: waiting for visibility of element located by By.xpath: //div[@class=&amp;apos;imc-gallery imc-gallery--65-35 breadcrumbs__round&amp;apos;]/div[1]/ul[1]/li[4]/a[1] (tried for 30 second(s) with 500 MILLISECONDS interval)">
      <![CDATA[org.openqa.selenium.TimeoutException: Expected condition failed: waiting for visibility of element located by By.xpath: //div[@class='imc-gallery imc-gallery--65-35 breadcrumbs__round']/div[1]/ul[1]/li[4]/a[1] (tried for 30 second(s) with 500 MILLISECONDS interval)
	at org.openqa.selenium.support.ui.WebDriverWait.timeoutException(WebDriverWait.java:80)
	at org.openqa.selenium.support.ui.FluentWait.until(FluentWait.java:232)
	at pageObjects.AtlantaMarket.ATLLineDigitalShowroomPage.getAtlLineDigiShowroomPageTitle(ATLLineDigitalShowroomPage.java:142)
	at atlantamarket_PROD.LineDigitalShowroom.TS006_VerifyLineDigitalShowroomHeroComponentOrderOnJuniperMarketTest(LineDigitalShowroom.java:469)
Caused by: org.openqa.selenium.NoSuchElementException: Cannot locate an element using By.xpath: //div[@class='imc-gallery imc-gallery--65-35 breadcrumbs__round']/div[1]/ul[1]/li[4]/a[1]
For documentation on this error, please visit: http://seleniumhq.org/exceptions/no_such_element.html
Build info: version: '3.4.0', revision: 'unknown', time: 'unknown'
System info: host: 'NILAMMA-W10', ip: '192.168.68.2', os.name: 'Windows 10', os.arch: 'amd64', os.version: '10.0', java.version: '1.8.0_161'

Driver info: driver.version: unknown
	at org.openqa.selenium.support.ui.ExpectedConditions.lambda$findElement$0(ExpectedConditions.java:883)
	at java.util.Optional.orElseThrow(Unknown Source)
	at org.openqa.selenium.support.ui.ExpectedConditions.findElement(ExpectedConditions.java:882)
	at org.openqa.selenium.support.ui.ExpectedConditions.access$000(ExpectedConditions.java:44)
	at org.openqa.selenium.support.ui.ExpectedConditions$7.apply(ExpectedConditions.java:206)
	at org.openqa.selenium.support.ui.ExpectedConditions$7.apply(ExpectedConditions.java:202)
	at org.openqa.selenium.support.ui.FluentWait.until(FluentWait.java:209)
	... 26 more
... Removed 24 stack frames]]>
    </failure>

  </testcase> <!-- TS001_VerifyEventsAndWebinarsOverviewTest -->
  <testcase name="TS002_VerifyIMCEventsSearchbarTest" time="37.007" classname="atlantamarket_PROD.EvenntsAndWebinar">
    <failure type="org.openqa.selenium.TimeoutException" message="Expected condition failed: waiting for visibility of element located by By.xpath: //div[@class=&amp;apos;event-card--info&amp;apos;]/div[1]/div[1]/a[1]/p[1] (tried for 20 second(s) with 500 MILLISECONDS interval)">
      <![CDATA[org.openqa.selenium.TimeoutException: Expected condition failed: waiting for visibility of element located by By.xpath: //div[@class='event-card--info']/div[1]/div[1]/a[1]/p[1] (tried for 20 second(s) with 500 MILLISECONDS interval)
	at org.openqa.selenium.support.ui.WebDriverWait.timeoutException(WebDriverWait.java:80)
	at org.openqa.selenium.support.ui.FluentWait.until(FluentWait.java:232)
	at pageObjects.AtlantaMarket.ATLEventsAndWebinarPage.getatlEventName(ATLEventsAndWebinarPage.java:223)
	at atlantamarket_PROD.EvenntsAndWebinar.TS002_VerifyIMCEventsSearchbarTest(EvenntsAndWebinar.java:133)
Caused by: org.openqa.selenium.NoSuchElementException: Cannot locate an element using By.xpath: //div[@class='event-card--info']/div[1]/div[1]/a[1]/p[1]
For documentation on this error, please visit: http://seleniumhq.org/exceptions/no_such_element.html
Build info: version: '3.4.0', revision: 'unknown', time: 'unknown'
System info: host: 'ANUPPA-VD3', ip: '172.27.182.66', os.name: 'Windows 10', os.arch: 'amd64', os.version: '10.0', java.version: '1.8.0_361'

  </testcase> <!-- TS006_VerifyLineDigitalShowroomHeroComponentOrderOnJuniperMarketTest -->
  <testcase name="TS007_VerifyLineDigitalShowroomHeroComponentProductsComponentCountTest" time="30.477" classname="atlantamarket_PROD.LineDigitalShowroom">
    <failure type="org.openqa.selenium.TimeoutException" message="Expected condition failed: waiting for visibility of element located by By.xpath: //div[@class=&amp;apos;imc-gallery imc-gallery--65-35 breadcrumbs__round&amp;apos;]/div[1]/ul[1]/li[4]/a[1] (tried for 30 second(s) with 500 MILLISECONDS interval)">
      <![CDATA[org.openqa.selenium.TimeoutException: Expected condition failed: waiting for visibility of element located by By.xpath: //div[@class='imc-gallery imc-gallery--65-35 breadcrumbs__round']/div[1]/ul[1]/li[4]/a[1] (tried for 30 second(s) with 500 MILLISECONDS interval)
	at org.openqa.selenium.support.ui.WebDriverWait.timeoutException(WebDriverWait.java:80)
	at org.openqa.selenium.support.ui.FluentWait.until(FluentWait.java:232)
	at pageObjects.AtlantaMarket.ATLLineDigitalShowroomPage.getAtlLineDigiShowroomPageTitle(ATLLineDigitalShowroomPage.java:142)
	at atlantamarket_PROD.LineDigitalShowroom.TS007_VerifyLineDigitalShowroomHeroComponentProductsComponentCountTest(LineDigitalShowroom.java:521)
Caused by: org.openqa.selenium.NoSuchElementException: Cannot locate an element using By.xpath: //div[@class='imc-gallery imc-gallery--65-35 breadcrumbs__round']/div[1]/ul[1]/li[4]/a[1]
For documentation on this error, please visit: http://seleniumhq.org/exceptions/no_such_element.html
Build info: version: '3.4.0', revision: 'unknown', time: 'unknown'
System info: host: 'NILAMMA-W10', ip: '192.168.68.2', os.name: 'Windows 10', os.arch: 'amd64', os.version: '10.0', java.version: '1.8.0_161'

Driver info: driver.version: unknown
	at org.openqa.selenium.support.ui.ExpectedConditions.lambda$findElement$0(ExpectedConditions.java:883)
	at java.util.Optional.orElseThrow(Unknown Source)
	at org.openqa.selenium.support.ui.ExpectedConditions.findElement(ExpectedConditions.java:882)
	at org.openqa.selenium.support.ui.ExpectedConditions.access$000(ExpectedConditions.java:44)
	at org.openqa.selenium.support.ui.ExpectedConditions$7.apply(ExpectedConditions.java:206)
	at org.openqa.selenium.support.ui.ExpectedConditions$7.apply(ExpectedConditions.java:202)
	at org.openqa.selenium.support.ui.FluentWait.until(FluentWait.java:209)
	... 26 more
... Removed 24 stack frames]]>
    </failure>

  </testcase> <!-- TS002_VerifyIMCEventsSearchbarTest -->
  <testcase name="TS003_VerifyIMCEventsCalendarViewTest" time="38.852" classname="atlantamarket_PROD.EvenntsAndWebinar">
    <failure type="org.openqa.selenium.TimeoutException" message="Expected condition failed: waiting for visibility of element located by By.xpath: //div[@class=&amp;apos;event-date--container&amp;apos;]/p[1] (tried for 20 second(s) with 500 MILLISECONDS interval)">
      <![CDATA[org.openqa.selenium.TimeoutException: Expected condition failed: waiting for visibility of element located by By.xpath: //div[@class='event-date--container']/p[1] (tried for 20 second(s) with 500 MILLISECONDS interval)
	at org.openqa.selenium.support.ui.WebDriverWait.timeoutException(WebDriverWait.java:80)
	at org.openqa.selenium.support.ui.FluentWait.until(FluentWait.java:232)
	at pageObjects.AtlantaMarket.ATLEventsAndWebinarPage.getatlEventDateAndMonth(ATLEventsAndWebinarPage.java:213)
	at atlantamarket_PROD.EvenntsAndWebinar.TS003_VerifyIMCEventsCalendarViewTest(EvenntsAndWebinar.java:170)
Caused by: org.openqa.selenium.NoSuchElementException: Cannot locate an element using By.xpath: //div[@class='event-date--container']/p[1]
For documentation on this error, please visit: http://seleniumhq.org/exceptions/no_such_element.html
Build info: version: '3.4.0', revision: 'unknown', time: 'unknown'
System info: host: 'ANUPPA-VD3', ip: '172.27.182.66', os.name: 'Windows 10', os.arch: 'amd64', os.version: '10.0', java.version: '1.8.0_361'

  </testcase> <!-- TS007_VerifyLineDigitalShowroomHeroComponentProductsComponentCountTest -->
  <testcase name="TS008_VerifyLineDigitalShowroomProductscomponentTest" time="46.469" classname="atlantamarket_PROD.LineDigitalShowroom"/>
  <testcase name="TS009_VerifyLineDigitalShowroomProductscomponentOrderOnJuniperMarketTest" time="51.989" classname="atlantamarket_PROD.LineDigitalShowroom"/>
  <testcase name="TS010_VerifyLineDigitalShowroomProductscomponentSeeAllProductsTest" time="138.733" classname="atlantamarket_PROD.LineDigitalShowroom"/>
  <testcase name="TS011_VerifyLineDigitalShowroomProductscomponentSelectProductTest" time="100.526" classname="atlantamarket_PROD.LineDigitalShowroom"/>
  <testcase name="TS001_VerifyAddToFavoritesTest" time="70.643" classname="atlantamarket_PROD.ExhibitorDigitalShowroom">
    <failure type="org.openqa.selenium.TimeoutException" message="Expected condition failed: waiting for visibility of element located by By.xpath: //label[@data-xpath=&amp;apos;event.addToFavs&amp;apos;] (tried for 30 second(s) with 500 MILLISECONDS interval)">
      <![CDATA[org.openqa.selenium.TimeoutException: Expected condition failed: waiting for visibility of element located by By.xpath: //label[@data-xpath='event.addToFavs'] (tried for 30 second(s) with 500 MILLISECONDS interval)
	at org.openqa.selenium.support.ui.WebDriverWait.timeoutException(WebDriverWait.java:80)
	at org.openqa.selenium.support.ui.FluentWait.until(FluentWait.java:232)
	at pageObjects.AtlantaMarket.ATLExhDigiShowroomPage.getFavoriteIcon(ATLExhDigiShowroomPage.java:260)
	at atlantamarket_PROD.ExhibitorDigitalShowroom.TS001_VerifyAddToFavoritesTest(ExhibitorDigitalShowroom.java:106)
Caused by: org.openqa.selenium.NoSuchElementException: Cannot locate an element using By.xpath: //label[@data-xpath='event.addToFavs']
For documentation on this error, please visit: http://seleniumhq.org/exceptions/no_such_element.html
Build info: version: '3.4.0', revision: 'unknown', time: 'unknown'
System info: host: 'NILAMMA-W10', ip: '192.168.68.2', os.name: 'Windows 10', os.arch: 'amd64', os.version: '10.0', java.version: '1.8.0_161'

Driver info: driver.version: unknown
	at org.openqa.selenium.support.ui.ExpectedConditions.lambda$findElement$0(ExpectedConditions.java:883)
	at java.util.Optional.orElseThrow(Unknown Source)
	at org.openqa.selenium.support.ui.ExpectedConditions.findElement(ExpectedConditions.java:882)
	at org.openqa.selenium.support.ui.ExpectedConditions.access$000(ExpectedConditions.java:44)
	at org.openqa.selenium.support.ui.ExpectedConditions$7.apply(ExpectedConditions.java:206)
	at org.openqa.selenium.support.ui.ExpectedConditions$7.apply(ExpectedConditions.java:202)
	at org.openqa.selenium.support.ui.FluentWait.until(FluentWait.java:209)
	... 26 more
... Removed 24 stack frames]]>
    </failure>

  </testcase> <!-- TS003_VerifyIMCEventsCalendarViewTest -->
  <testcase name="TS004_VerifyIMCEventsEventsListTest" time="41.863" classname="atlantamarket_PROD.EvenntsAndWebinar">
    <failure type="org.openqa.selenium.TimeoutException" message="Expected condition failed: waiting for visibility of element located by By.xpath: //div[@class=&amp;apos;event-date--container&amp;apos;]/p[1] (tried for 20 second(s) with 500 MILLISECONDS interval)">
      <![CDATA[org.openqa.selenium.TimeoutException: Expected condition failed: waiting for visibility of element located by By.xpath: //div[@class='event-date--container']/p[1] (tried for 20 second(s) with 500 MILLISECONDS interval)
	at org.openqa.selenium.support.ui.WebDriverWait.timeoutException(WebDriverWait.java:80)
	at org.openqa.selenium.support.ui.FluentWait.until(FluentWait.java:232)
	at pageObjects.AtlantaMarket.ATLEventsAndWebinarPage.getatlEventDateAndMonth(ATLEventsAndWebinarPage.java:213)
	at atlantamarket_PROD.EvenntsAndWebinar.TS004_VerifyIMCEventsEventsListTest(EvenntsAndWebinar.java:271)
Caused by: org.openqa.selenium.NoSuchElementException: Cannot locate an element using By.xpath: //div[@class='event-date--container']/p[1]
For documentation on this error, please visit: http://seleniumhq.org/exceptions/no_such_element.html
Build info: version: '3.4.0', revision: 'unknown', time: 'unknown'
System info: host: 'ANUPPA-VD3', ip: '172.27.182.66', os.name: 'Windows 10', os.arch: 'amd64', os.version: '10.0', java.version: '1.8.0_361'
Driver info: driver.version: unknown
	at org.openqa.selenium.support.ui.ExpectedConditions.lambda$findElement$0(ExpectedConditions.java:883)
	at java.util.Optional.orElseThrow(Unknown Source)
	at org.openqa.selenium.support.ui.ExpectedConditions.findElement(ExpectedConditions.java:882)
	at org.openqa.selenium.support.ui.ExpectedConditions.access$000(ExpectedConditions.java:44)
	at org.openqa.selenium.support.ui.ExpectedConditions$7.apply(ExpectedConditions.java:206)
	at org.openqa.selenium.support.ui.ExpectedConditions$7.apply(ExpectedConditions.java:202)
	at org.openqa.selenium.support.ui.FluentWait.until(FluentWait.java:209)
	... 26 more
... Removed 24 stack frames]]>
    </failure>
  </testcase> <!-- TS004_VerifyIMCEventsEventsListTest -->
  <testcase name="TS005_VerifyIMCEventsEventDetailstTest" time="36.68" classname="atlantamarket_PROD.EvenntsAndWebinar">
    <failure type="org.openqa.selenium.TimeoutException" message="Expected condition failed: waiting for visibility of element located by By.xpath: (//div[@class=&amp;apos;event-card--info&amp;apos;]/div[1]/div[1]/a[1]/p[1])[1] (tried for 20 second(s) with 500 MILLISECONDS interval)">
      <![CDATA[org.openqa.selenium.TimeoutException: Expected condition failed: waiting for visibility of element located by By.xpath: (//div[@class='event-card--info']/div[1]/div[1]/a[1]/p[1])[1] (tried for 20 second(s) with 500 MILLISECONDS interval)
	at org.openqa.selenium.support.ui.WebDriverWait.timeoutException(WebDriverWait.java:80)
	at org.openqa.selenium.support.ui.FluentWait.until(FluentWait.java:232)
	at pageObjects.AtlantaMarket.ATLEventsAndWebinarPage.getatlClickOnEvent(ATLEventsAndWebinarPage.java:83)
	at atlantamarket_PROD.EvenntsAndWebinar.TS005_VerifyIMCEventsEventDetailstTest(EvenntsAndWebinar.java:380)
Caused by: org.openqa.selenium.NoSuchElementException: Cannot locate an element using By.xpath: (//div[@class='event-card--info']/div[1]/div[1]/a[1]/p[1])[1]
For documentation on this error, please visit: http://seleniumhq.org/exceptions/no_such_element.html
Build info: version: '3.4.0', revision: 'unknown', time: 'unknown'
System info: host: 'ANUPPA-VD3', ip: '172.27.182.66', os.name: 'Windows 10', os.arch: 'amd64', os.version: '10.0', java.version: '1.8.0_361'
Driver info: driver.version: unknown
	at org.openqa.selenium.support.ui.ExpectedConditions.lambda$findElement$0(ExpectedConditions.java:883)
	at java.util.Optional.orElseThrow(Unknown Source)
	at org.openqa.selenium.support.ui.ExpectedConditions.findElement(ExpectedConditions.java:882)
	at org.openqa.selenium.support.ui.ExpectedConditions.access$000(ExpectedConditions.java:44)
	at org.openqa.selenium.support.ui.ExpectedConditions$7.apply(ExpectedConditions.java:206)
	at org.openqa.selenium.support.ui.ExpectedConditions$7.apply(ExpectedConditions.java:202)
	at org.openqa.selenium.support.ui.FluentWait.until(FluentWait.java:209)
	... 26 more
... Removed 24 stack frames]]>
    </failure>
  </testcase> <!-- TS005_VerifyIMCEventsEventDetailstTest -->
  <testcase name="TS006_VerifyIMCEventsAddToFavoriteTest" time="66.266" classname="atlantamarket_PROD.EvenntsAndWebinar">
    <failure type="org.openqa.selenium.TimeoutException" message="Expected condition failed: waiting for visibility of element located by By.xpath: (//div[@class=&amp;apos;event-card--info&amp;apos;]/div[1]/div[1]/a[1]/p[1])[1] (tried for 20 second(s) with 500 MILLISECONDS interval)">
      <![CDATA[org.openqa.selenium.TimeoutException: Expected condition failed: waiting for visibility of element located by By.xpath: (//div[@class='event-card--info']/div[1]/div[1]/a[1]/p[1])[1] (tried for 20 second(s) with 500 MILLISECONDS interval)
	at org.openqa.selenium.support.ui.WebDriverWait.timeoutException(WebDriverWait.java:80)
	at org.openqa.selenium.support.ui.FluentWait.until(FluentWait.java:232)
	at pageObjects.AtlantaMarket.ATLEventsAndWebinarPage.getatlClickOnEvent(ATLEventsAndWebinarPage.java:83)
	at atlantamarket_PROD.EvenntsAndWebinar.TS006_VerifyIMCEventsAddToFavoriteTest(EvenntsAndWebinar.java:491)
Caused by: org.openqa.selenium.NoSuchElementException: Cannot locate an element using By.xpath: (//div[@class='event-card--info']/div[1]/div[1]/a[1]/p[1])[1]
For documentation on this error, please visit: http://seleniumhq.org/exceptions/no_such_element.html
Build info: version: '3.4.0', revision: 'unknown', time: 'unknown'
System info: host: 'ANUPPA-VD3', ip: '172.27.182.66', os.name: 'Windows 10', os.arch: 'amd64', os.version: '10.0', java.version: '1.8.0_361'
Driver info: driver.version: unknown
	at org.openqa.selenium.support.ui.ExpectedConditions.lambda$findElement$0(ExpectedConditions.java:883)
	at java.util.Optional.orElseThrow(Unknown Source)
	at org.openqa.selenium.support.ui.ExpectedConditions.findElement(ExpectedConditions.java:882)
	at org.openqa.selenium.support.ui.ExpectedConditions.access$000(ExpectedConditions.java:44)
	at org.openqa.selenium.support.ui.ExpectedConditions$7.apply(ExpectedConditions.java:206)
	at org.openqa.selenium.support.ui.ExpectedConditions$7.apply(ExpectedConditions.java:202)
	at org.openqa.selenium.support.ui.FluentWait.until(FluentWait.java:209)
	... 26 more
... Removed 24 stack frames]]>
    </failure>
  </testcase> <!-- TS006_VerifyIMCEventsAddToFavoriteTest -->
  <testcase name="TS009_VerifyExhibitorEventsSearchbarTest" time="12.793" classname="atlantamarket_PROD.EvenntsAndWebinar"/>
  <testcase name="TS008_VerifyIMCEventsAddNoteTest" time="41.868" classname="atlantamarket_PROD.EvenntsAndWebinar">
    <failure type="org.openqa.selenium.TimeoutException" message="Expected condition failed: waiting for visibility of element located by By.xpath: (//div[@class=&amp;apos;event-card--info&amp;apos;]/div[1]/div[1]/a[1]/p[1])[1] (tried for 20 second(s) with 500 MILLISECONDS interval)">
      <![CDATA[org.openqa.selenium.TimeoutException: Expected condition failed: waiting for visibility of element located by By.xpath: (//div[@class='event-card--info']/div[1]/div[1]/a[1]/p[1])[1] (tried for 20 second(s) with 500 MILLISECONDS interval)
	at org.openqa.selenium.support.ui.WebDriverWait.timeoutException(WebDriverWait.java:80)
	at org.openqa.selenium.support.ui.FluentWait.until(FluentWait.java:232)
	at pageObjects.AtlantaMarket.ATLEventsAndWebinarPage.getatlClickOnEvent(ATLEventsAndWebinarPage.java:83)
	at atlantamarket_PROD.EvenntsAndWebinar.TS008_VerifyIMCEventsAddNoteTest(EvenntsAndWebinar.java:634)
Caused by: org.openqa.selenium.NoSuchElementException: Cannot locate an element using By.xpath: (//div[@class='event-card--info']/div[1]/div[1]/a[1]/p[1])[1]
For documentation on this error, please visit: http://seleniumhq.org/exceptions/no_such_element.html
Build info: version: '3.4.0', revision: 'unknown', time: 'unknown'
System info: host: 'ANUPPA-VD3', ip: '172.27.182.66', os.name: 'Windows 10', os.arch: 'amd64', os.version: '10.0', java.version: '1.8.0_361'
Driver info: driver.version: unknown
	at org.openqa.selenium.support.ui.ExpectedConditions.lambda$findElement$0(ExpectedConditions.java:883)
	at java.util.Optional.orElseThrow(Unknown Source)
	at org.openqa.selenium.support.ui.ExpectedConditions.findElement(ExpectedConditions.java:882)
	at org.openqa.selenium.support.ui.ExpectedConditions.access$000(ExpectedConditions.java:44)
	at org.openqa.selenium.support.ui.ExpectedConditions$7.apply(ExpectedConditions.java:206)
	at org.openqa.selenium.support.ui.ExpectedConditions$7.apply(ExpectedConditions.java:202)
	at org.openqa.selenium.support.ui.FluentWait.until(FluentWait.java:209)
	... 26 more
... Removed 24 stack frames]]>
    </failure>
  </testcase> <!-- TS008_VerifyIMCEventsAddNoteTest -->
  <testcase name="TS010_VerifyExhibitorEventsCalendarViewTest" time="51.676" classname="atlantamarket_PROD.EvenntsAndWebinar"/>
  <testcase name="TS012_VerifyExhibitorEventsDetailstTest" time="22.946" classname="atlantamarket_PROD.EvenntsAndWebinar"/>
  <testcase name="TS013_VerifyExhibitorEventsAddToFavoriteTest" time="17.377" classname="atlantamarket_PROD.EvenntsAndWebinar">
    <failure type="java.lang.AssertionError" message="expected [true] but found [false]">
      <![CDATA[java.lang.AssertionError: expected [true] but found [false]
	at atlantamarket_PROD.EvenntsAndWebinar.TS013_VerifyExhibitorEventsAddToFavoriteTest(EvenntsAndWebinar.java:1110)
... Removed 28 stack frames]]>
    </failure>
  </testcase> <!-- TS013_VerifyExhibitorEventsAddToFavoriteTest -->
  <testcase name="TS015_VerifyExhibitorEventsAddNoteTest" time="41.618" classname="atlantamarket_PROD.EvenntsAndWebinar">
    <failure type="org.openqa.selenium.TimeoutException" message="Expected condition failed: waiting for visibility of element located by By.xpath: (//div[@class=&amp;apos;event-card--info&amp;apos;]/div[1]/div[1]/a[1]/p[1])[1] (tried for 20 second(s) with 500 MILLISECONDS interval)">
      <![CDATA[org.openqa.selenium.TimeoutException: Expected condition failed: waiting for visibility of element located by By.xpath: (//div[@class='event-card--info']/div[1]/div[1]/a[1]/p[1])[1] (tried for 20 second(s) with 500 MILLISECONDS interval)
	at org.openqa.selenium.support.ui.WebDriverWait.timeoutException(WebDriverWait.java:80)
	at org.openqa.selenium.support.ui.FluentWait.until(FluentWait.java:232)
	at pageObjects.AtlantaMarket.ATLEventsAndWebinarPage.getatlClickOnEvent(ATLEventsAndWebinarPage.java:83)
	at atlantamarket_PROD.EvenntsAndWebinar.TS015_VerifyExhibitorEventsAddNoteTest(EvenntsAndWebinar.java:1226)
Caused by: org.openqa.selenium.NoSuchElementException: Cannot locate an element using By.xpath: (//div[@class='event-card--info']/div[1]/div[1]/a[1]/p[1])[1]
For documentation on this error, please visit: http://seleniumhq.org/exceptions/no_such_element.html
Build info: version: '3.4.0', revision: 'unknown', time: 'unknown'
System info: host: 'ANUPPA-VD3', ip: '172.27.182.66', os.name: 'Windows 10', os.arch: 'amd64', os.version: '10.0', java.version: '1.8.0_361'

  </testcase> <!-- TS001_VerifyAddToFavoritesTest -->
  <testcase name="TS002_VerifyAddToExistingListWithPlusIconTest" time="135.524" classname="atlantamarket_PROD.ExhibitorDigitalShowroom"/>
  <testcase name="TS003_VerifyAddNoteListWithPlusIconTest" time="118.127" classname="atlantamarket_PROD.ExhibitorDigitalShowroom"/>
  <testcase name="TS004_VerifyClickOnLocationLinksForExhibitorDigitalShowroomTest" time="113.135" classname="atlantamarket_PROD.ExhibitorDigitalShowroom"/>
  <testcase name="TS005_VerifyClickOnTotalLinesSeeAllLinkForExhibitorTest" time="95.297" classname="atlantamarket_PROD.ExhibitorDigitalShowroom">
    <failure type="java.lang.AssertionError" message="expected [true] but found [false]">
      <![CDATA[java.lang.AssertionError: expected [true] but found [false]
	at atlantamarket_PROD.ExhibitorDigitalShowroom.TS005_VerifyClickOnTotalLinesSeeAllLinkForExhibitorTest(ExhibitorDigitalShowroom.java:347)
... Removed 28 stack frames]]>
    </failure>
  </testcase> <!-- TS005_VerifyClickOnTotalLinesSeeAllLinkForExhibitorTest -->
  <testcase name="TS006_VerifyClickOnProductShownLinkForExhibitorTest" time="88.594" classname="atlantamarket_PROD.ExhibitorDigitalShowroom"/>
  <testcase name="TS007_VerifyClickOnLineFiltersForExhibitorTest" time="73.31" classname="atlantamarket_PROD.ExhibitorDigitalShowroom"/>
  <testcase name="TS008_VerifyClickOnLineSearchForExhibitorTest" time="73.211" classname="atlantamarket_PROD.ExhibitorDigitalShowroom"/>
  <testcase name="TS009_VerifyExhibitorDigitalShowroomLinesComponentSeeAllLinesTest" time="78.116" classname="atlantamarket_PROD.ExhibitorDigitalShowroom"/>
  <testcase name="TS010_VerifyExhibitorDigitalShowroomProductsComponentOrderOnJuniperMarketTest" time="492.571" classname="atlantamarket_PROD.ExhibitorDigitalShowroom">
    <failure type="org.openqa.selenium.TimeoutException" message="timeout: Timed out receiving message from renderer: 10.000
  (Session info: chrome=111.0.5563.65)
Build info: version: &amp;apos;3.4.0&amp;apos;, revision: &amp;apos;unknown&amp;apos;, time: &amp;apos;unknown&amp;apos;
System info: host: &amp;apos;NILAMMA-W10&amp;apos;, ip: &amp;apos;192.168.68.2&amp;apos;, os.name: &amp;apos;Windows 10&amp;apos;, os.arch: &amp;apos;amd64&amp;apos;, os.version: &amp;apos;10.0&amp;apos;, java.version: &amp;apos;1.8.0_161&amp;apos;
Driver info: org.openqa.selenium.chrome.ChromeDriver
Capabilities [{networkConnectionEnabled=false, chrome={chromedriverVersion=111.0.5563.64 (c710e93d5b63b7095afe8c2c17df34408078439d-refs/branch-heads/5563@{#995}), userDataDir=C:\Users\nilamma\AppData\Local\Temp\scoped_dir4524_655997489}, timeouts={implicit=0.0, pageLoad=300000.0, script=30000.0}, pageLoadStrategy=normal, unhandledPromptBehavior=dismiss and notify, strictFileInteractability=false, platform=ANY, proxy=Proxy(), webauthn:extension:minPinLength=true, goog:chromeOptions={debuggerAddress=localhost:53856}, webauthn:extension:credBlob=true, webauthn:extension:prf=true, acceptInsecureCerts=false, browserVersion=111.0.5563.65, browserName=chrome, javascriptEnabled=true, platformName=windows, setWindowRect=true, webauthn:extension:largeBlob=true, webauthn:virtualAuthenticators=true}]
Session ID: a5aa2ee5363b7a7f1e8ed77b281ade80">
      <![CDATA[org.openqa.selenium.TimeoutException: timeout: Timed out receiving message from renderer: 10.000
  (Session info: chrome=111.0.5563.65)
Build info: version: '3.4.0', revision: 'unknown', time: 'unknown'
System info: host: 'NILAMMA-W10', ip: '192.168.68.2', os.name: 'Windows 10', os.arch: 'amd64', os.version: '10.0', java.version: '1.8.0_161'
Driver info: org.openqa.selenium.chrome.ChromeDriver
Capabilities [{networkConnectionEnabled=false, chrome={chromedriverVersion=111.0.5563.64 (c710e93d5b63b7095afe8c2c17df34408078439d-refs/branch-heads/5563@{#995}), userDataDir=C:\Users\nilamma\AppData\Local\Temp\scoped_dir4524_655997489}, timeouts={implicit=0.0, pageLoad=300000.0, script=30000.0}, pageLoadStrategy=normal, unhandledPromptBehavior=dismiss and notify, strictFileInteractability=false, platform=ANY, proxy=Proxy(), webauthn:extension:minPinLength=true, goog:chromeOptions={debuggerAddress=localhost:53856}, webauthn:extension:credBlob=true, webauthn:extension:prf=true, acceptInsecureCerts=false, browserVersion=111.0.5563.65, browserName=chrome, javascriptEnabled=true, platformName=windows, setWindowRect=true, webauthn:extension:largeBlob=true, webauthn:virtualAuthenticators=true}]
Session ID: a5aa2ee5363b7a7f1e8ed77b281ade80
	at org.openqa.selenium.remote.http.W3CHttpResponseCodec.createException(W3CHttpResponseCodec.java:150)
	at org.openqa.selenium.remote.http.W3CHttpResponseCodec.decode(W3CHttpResponseCodec.java:115)
	at org.openqa.selenium.remote.http.W3CHttpResponseCodec.decode(W3CHttpResponseCodec.java:45)
	at org.openqa.selenium.remote.HttpCommandExecutor.execute(HttpCommandExecutor.java:164)
	at org.openqa.selenium.remote.service.DriverCommandExecutor.execute(DriverCommandExecutor.java:82)
	at org.openqa.selenium.remote.RemoteWebDriver.execute(RemoteWebDriver.java:637)
	at org.openqa.selenium.remote.RemoteWebDriver.execute(RemoteWebDriver.java:694)
	at org.openqa.selenium.remote.RemoteWebDriver.getScreenshotAs(RemoteWebDriver.java:382)
	at resources.base.capture(base.java:103)
	at atlantamarket_PROD.TestListeners.onTestFailure(TestListeners.java:39)
... Removed 25 stack frames]]>
    </failure>
  </testcase> <!-- TS010_VerifyExhibitorDigitalShowroomProductsComponentOrderOnJuniperMarketTest -->
  <testcase name="TS011_VerifyExhibitorDigitalShowroomProductsComponentSeeAllProductsTest" time="418.717" classname="atlantamarket_PROD.ExhibitorDigitalShowroom"/>
  <testcase name="TS012_VerifySeeInOtherMarketsForExhibitorTest" time="153.862" classname="atlantamarket_PROD.ExhibitorDigitalShowroom"/>
  <testcase name="TS013_VerifyExhibitorDigitalShowroomCatalogsComponentSeeAllCatalogsTest" time="62.704" classname="atlantamarket_PROD.ExhibitorDigitalShowroom"/>
  <testcase name="TS014_VerifyExhibitorDigitalShowroomCatalogsComponentOrderOnJuniperMarketTest" time="37.802" classname="atlantamarket_PROD.ExhibitorDigitalShowroom"/>
  <testcase name="TS015_VerifyExhibitorDigitalShowroomHeroComponentVisitExhibitorsiteTest" time="42.663" classname="atlantamarket_PROD.ExhibitorDigitalShowroom"/>
  <testcase name="TS016_VerifyExhibitorDigitalShowroomHeroComponentView3DShowroomTest" time="47.782" classname="atlantamarket_PROD.ExhibitorDigitalShowroom"/>
  <testcase name="TS017_VerifyExhibitorDigitalEventsComponentTest" time="59.962" classname="atlantamarket_PROD.ExhibitorDigitalShowroom">
    <failure type="org.openqa.selenium.TimeoutException" message="Expected condition failed: waiting for visibility of element located by By.xpath: (//span[contains(text(),&amp;apos;Events&amp;apos;)])[1] (tried for 20 second(s) with 500 MILLISECONDS interval)">
      <![CDATA[org.openqa.selenium.TimeoutException: Expected condition failed: waiting for visibility of element located by By.xpath: (//span[contains(text(),'Events')])[1] (tried for 20 second(s) with 500 MILLISECONDS interval)
	at org.openqa.selenium.support.ui.WebDriverWait.timeoutException(WebDriverWait.java:80)
	at org.openqa.selenium.support.ui.FluentWait.until(FluentWait.java:232)
	at pageObjects.AtlantaMarket.ATLExhDigiShowroomPage.getEventsSection(ATLExhDigiShowroomPage.java:152)
	at atlantamarket_PROD.ExhibitorDigitalShowroom.TS017_VerifyExhibitorDigitalEventsComponentTest(ExhibitorDigitalShowroom.java:816)
Caused by: org.openqa.selenium.NoSuchElementException: Cannot locate an element using By.xpath: (//span[contains(text(),'Events')])[1]
For documentation on this error, please visit: http://seleniumhq.org/exceptions/no_such_element.html
Build info: version: '3.4.0', revision: 'unknown', time: 'unknown'
System info: host: 'NILAMMA-W10', ip: '192.168.68.2', os.name: 'Windows 10', os.arch: 'amd64', os.version: '10.0', java.version: '1.8.0_161'

Driver info: driver.version: unknown
	at org.openqa.selenium.support.ui.ExpectedConditions.lambda$findElement$0(ExpectedConditions.java:883)
	at java.util.Optional.orElseThrow(Unknown Source)
	at org.openqa.selenium.support.ui.ExpectedConditions.findElement(ExpectedConditions.java:882)
	at org.openqa.selenium.support.ui.ExpectedConditions.access$000(ExpectedConditions.java:44)
	at org.openqa.selenium.support.ui.ExpectedConditions$7.apply(ExpectedConditions.java:206)
	at org.openqa.selenium.support.ui.ExpectedConditions$7.apply(ExpectedConditions.java:202)
	at org.openqa.selenium.support.ui.FluentWait.until(FluentWait.java:209)
	... 26 more
... Removed 24 stack frames]]>
    </failure>

  </testcase> <!-- TS015_VerifyExhibitorEventsAddNoteTest -->
  <testcase name="TS014_VerifyExhibitorEventsAddToListTest" time="41.662" classname="atlantamarket_PROD.EvenntsAndWebinar">
    <failure type="org.openqa.selenium.TimeoutException" message="Expected condition failed: waiting for visibility of element located by By.xpath: (//div[@class=&amp;apos;event-card--info&amp;apos;]/div[1]/div[1]/a[1]/p[1])[1] (tried for 20 second(s) with 500 MILLISECONDS interval)">
      <![CDATA[org.openqa.selenium.TimeoutException: Expected condition failed: waiting for visibility of element located by By.xpath: (//div[@class='event-card--info']/div[1]/div[1]/a[1]/p[1])[1] (tried for 20 second(s) with 500 MILLISECONDS interval)
	at org.openqa.selenium.support.ui.WebDriverWait.timeoutException(WebDriverWait.java:80)
	at org.openqa.selenium.support.ui.FluentWait.until(FluentWait.java:232)
	at pageObjects.AtlantaMarket.ATLEventsAndWebinarPage.getatlClickOnEvent(ATLEventsAndWebinarPage.java:83)
	at atlantamarket_PROD.EvenntsAndWebinar.TS014_VerifyExhibitorEventsAddToListTest(EvenntsAndWebinar.java:1142)
Caused by: org.openqa.selenium.NoSuchElementException: Cannot locate an element using By.xpath: (//div[@class='event-card--info']/div[1]/div[1]/a[1]/p[1])[1]
For documentation on this error, please visit: http://seleniumhq.org/exceptions/no_such_element.html
Build info: version: '3.4.0', revision: 'unknown', time: 'unknown'
System info: host: 'ANUPPA-VD3', ip: '172.27.182.66', os.name: 'Windows 10', os.arch: 'amd64', os.version: '10.0', java.version: '1.8.0_361'

  </testcase> <!-- TS017_VerifyExhibitorDigitalEventsComponentTest -->
  <testcase name="TS018_VerifyCatalogsSectionForExhibitorTest" time="68.134" classname="atlantamarket_PROD.ExhibitorDigitalShowroom"/>
  <testcase name="TS019_VerifyExhibitorDigitalShowroomShowSpecialsTest" time="65.47" classname="atlantamarket_PROD.ExhibitorDigitalShowroom">
    <failure type="org.openqa.selenium.TimeoutException" message="Expected condition failed: waiting for visibility of element located by By.xpath: //div[@class = &amp;apos;imc-exhibitors--alternated-section imc-section--full-width-mobile imc-content--display-flex imc-content--display-flex-grow-1&amp;apos;]/div[1]/div[1]/span[text()=&amp;apos;Show Specials&amp;apos;] (tried for 20 second(s) with 500 MILLISECONDS interval)">
      <![CDATA[org.openqa.selenium.TimeoutException: Expected condition failed: waiting for visibility of element located by By.xpath: //div[@class = 'imc-exhibitors--alternated-section imc-section--full-width-mobile imc-content--display-flex imc-content--display-flex-grow-1']/div[1]/div[1]/span[text()='Show Specials'] (tried for 20 second(s) with 500 MILLISECONDS interval)
	at org.openqa.selenium.support.ui.WebDriverWait.timeoutException(WebDriverWait.java:80)
	at org.openqa.selenium.support.ui.FluentWait.until(FluentWait.java:232)
	at pageObjects.AtlantaMarket.ATLExhDigiShowroomPage.getshowSpecialSection(ATLExhDigiShowroomPage.java:132)
	at atlantamarket_PROD.ExhibitorDigitalShowroom.TS019_VerifyExhibitorDigitalShowroomShowSpecialsTest(ExhibitorDigitalShowroom.java:901)
Caused by: org.openqa.selenium.NoSuchElementException: Cannot locate an element using By.xpath: //div[@class = 'imc-exhibitors--alternated-section imc-section--full-width-mobile imc-content--display-flex imc-content--display-flex-grow-1']/div[1]/div[1]/span[text()='Show Specials']
For documentation on this error, please visit: http://seleniumhq.org/exceptions/no_such_element.html
Build info: version: '3.4.0', revision: 'unknown', time: 'unknown'
System info: host: 'NILAMMA-W10', ip: '192.168.68.2', os.name: 'Windows 10', os.arch: 'amd64', os.version: '10.0', java.version: '1.8.0_161'

Driver info: driver.version: unknown
	at org.openqa.selenium.support.ui.ExpectedConditions.lambda$findElement$0(ExpectedConditions.java:883)
	at java.util.Optional.orElseThrow(Unknown Source)
	at org.openqa.selenium.support.ui.ExpectedConditions.findElement(ExpectedConditions.java:882)
	at org.openqa.selenium.support.ui.ExpectedConditions.access$000(ExpectedConditions.java:44)
	at org.openqa.selenium.support.ui.ExpectedConditions$7.apply(ExpectedConditions.java:206)
	at org.openqa.selenium.support.ui.ExpectedConditions$7.apply(ExpectedConditions.java:202)
	at org.openqa.selenium.support.ui.FluentWait.until(FluentWait.java:209)
	... 26 more
... Removed 24 stack frames]]>
    </failure>

  </testcase> <!-- TS014_VerifyExhibitorEventsAddToListTest -->
  <testcase name="TS007_VerifyIMCEventsAddToListTest" time="36.647" classname="atlantamarket_PROD.EvenntsAndWebinar">
    <failure type="org.openqa.selenium.TimeoutException" message="Expected condition failed: waiting for visibility of element located by By.xpath: (//div[@class=&amp;apos;event-card--info&amp;apos;]/div[1]/div[1]/a[1]/p[1])[1] (tried for 20 second(s) with 500 MILLISECONDS interval)">
      <![CDATA[org.openqa.selenium.TimeoutException: Expected condition failed: waiting for visibility of element located by By.xpath: (//div[@class='event-card--info']/div[1]/div[1]/a[1]/p[1])[1] (tried for 20 second(s) with 500 MILLISECONDS interval)
	at org.openqa.selenium.support.ui.WebDriverWait.timeoutException(WebDriverWait.java:80)
	at org.openqa.selenium.support.ui.FluentWait.until(FluentWait.java:232)
	at pageObjects.AtlantaMarket.ATLEventsAndWebinarPage.getatlClickOnEvent(ATLEventsAndWebinarPage.java:83)
	at atlantamarket_PROD.EvenntsAndWebinar.TS007_VerifyIMCEventsAddToListTest(EvenntsAndWebinar.java:545)
Caused by: org.openqa.selenium.NoSuchElementException: Cannot locate an element using By.xpath: (//div[@class='event-card--info']/div[1]/div[1]/a[1]/p[1])[1]
For documentation on this error, please visit: http://seleniumhq.org/exceptions/no_such_element.html
Build info: version: '3.4.0', revision: 'unknown', time: 'unknown'
System info: host: 'ANUPPA-VD3', ip: '172.27.182.66', os.name: 'Windows 10', os.arch: 'amd64', os.version: '10.0', java.version: '1.8.0_361'

  </testcase> <!-- TS019_VerifyExhibitorDigitalShowroomShowSpecialsTest -->
  <testcase name="TS020_VerifyExhibitorDigitalShowroomHeroComponentOrderOnJuniperMarketTest" time="67.582" classname="atlantamarket_PROD.ExhibitorDigitalShowroom">
    <failure type="org.openqa.selenium.TimeoutException" message="Expected condition failed: waiting for visibility of element located by By.xpath: //div[@class=&amp;apos;imc-section imc-padding--left--xlarge imc-padding--right--xlarge imc-section--width-100-percent&amp;apos;]/div//span[@class=&amp;apos;imc-breakpoint-display--hide-mobile&amp;apos; and text()=&amp;apos;Order on JuniperMarket&amp;apos;]/.. (tried for 20 second(s) with 500 MILLISECONDS interval)">
      <![CDATA[org.openqa.selenium.TimeoutException: Expected condition failed: waiting for visibility of element located by By.xpath: //div[@class='imc-section imc-padding--left--xlarge imc-padding--right--xlarge imc-section--width-100-percent']/div//span[@class='imc-breakpoint-display--hide-mobile' and text()='Order on JuniperMarket']/.. (tried for 20 second(s) with 500 MILLISECONDS interval)
	at org.openqa.selenium.support.ui.WebDriverWait.timeoutException(WebDriverWait.java:80)
	at org.openqa.selenium.support.ui.FluentWait.until(FluentWait.java:232)
	at pageObjects.AtlantaMarket.ATLExhDigiShowroomPage.getheroComponentOrderOnJunperBtn(ATLExhDigiShowroomPage.java:112)
	at atlantamarket_PROD.ExhibitorDigitalShowroom.TS020_VerifyExhibitorDigitalShowroomHeroComponentOrderOnJuniperMarketTest(ExhibitorDigitalShowroom.java:949)
Caused by: org.openqa.selenium.NoSuchElementException: Cannot locate an element using By.xpath: //div[@class='imc-section imc-padding--left--xlarge imc-padding--right--xlarge imc-section--width-100-percent']/div//span[@class='imc-breakpoint-display--hide-mobile' and text()='Order on JuniperMarket']/..
For documentation on this error, please visit: http://seleniumhq.org/exceptions/no_such_element.html
Build info: version: '3.4.0', revision: 'unknown', time: 'unknown'
System info: host: 'NILAMMA-W10', ip: '192.168.68.2', os.name: 'Windows 10', os.arch: 'amd64', os.version: '10.0', java.version: '1.8.0_161'

Driver info: driver.version: unknown
	at org.openqa.selenium.support.ui.ExpectedConditions.lambda$findElement$0(ExpectedConditions.java:883)
	at java.util.Optional.orElseThrow(Unknown Source)
	at org.openqa.selenium.support.ui.ExpectedConditions.findElement(ExpectedConditions.java:882)
	at org.openqa.selenium.support.ui.ExpectedConditions.access$000(ExpectedConditions.java:44)
	at org.openqa.selenium.support.ui.ExpectedConditions$7.apply(ExpectedConditions.java:206)
	at org.openqa.selenium.support.ui.ExpectedConditions$7.apply(ExpectedConditions.java:202)
	at org.openqa.selenium.support.ui.FluentWait.until(FluentWait.java:209)
	... 26 more
... Removed 24 stack frames]]>
    </failure>

  </testcase> <!-- TS007_VerifyIMCEventsAddToListTest -->
  <testcase name="TS011_VerifyExhibitorEventsListTest" time="65.476" classname="atlantamarket_PROD.EvenntsAndWebinar">
    <failure type="org.openqa.selenium.TimeoutException" message="Expected condition failed: waiting for visibility of element located by By.xpath: //p[@class=&amp;apos;event-card--title&amp;apos;] (tried for 20 second(s) with 500 MILLISECONDS interval)">
      <![CDATA[org.openqa.selenium.TimeoutException: Expected condition failed: waiting for visibility of element located by By.xpath: //p[@class='event-card--title'] (tried for 20 second(s) with 500 MILLISECONDS interval)
	at org.openqa.selenium.support.ui.WebDriverWait.timeoutException(WebDriverWait.java:80)
	at org.openqa.selenium.support.ui.FluentWait.until(FluentWait.java:232)
	at pageObjects.AtlantaMarket.ATLEventsAndWebinarPage.getatlListOfEventTitles(ATLEventsAndWebinarPage.java:168)
	at atlantamarket_PROD.EvenntsAndWebinar.TS011_VerifyExhibitorEventsListTest(EvenntsAndWebinar.java:920)
Caused by: org.openqa.selenium.NoSuchElementException: Cannot locate an element using By.xpath: //p[@class='event-card--title']
For documentation on this error, please visit: http://seleniumhq.org/exceptions/no_such_element.html
Build info: version: '3.4.0', revision: 'unknown', time: 'unknown'
System info: host: 'ANUPPA-VD3', ip: '172.27.182.66', os.name: 'Windows 10', os.arch: 'amd64', os.version: '10.0', java.version: '1.8.0_361'

  </testcase> <!-- TS020_VerifyExhibitorDigitalShowroomHeroComponentOrderOnJuniperMarketTest -->
  <testcase name="TS001_VerifyInformationTabInGlobalSearchTest" time="30.535" classname="atlantamarket_PROD.GlobalSearch_SearchFor"/>
  <testcase name="TS002_VerifyInformationSearchFunctionalityInGlobalSearchTest" time="57.633" classname="atlantamarket_PROD.GlobalSearch_SearchFor"/>
  <testcase name="TS003_VerifyInformationFiltersFunctionalityInGlobalSearchTest" time="74.727" classname="atlantamarket_PROD.GlobalSearch_SearchFor"/>
  <testcase name="TS004_VerifyCatalogsOverviewInGlobalSearchTest" time="44.573" classname="atlantamarket_PROD.GlobalSearch_SearchFor">
    <failure type="org.openqa.selenium.TimeoutException" message="Expected condition failed: waiting for visibility of element located by By.xpath: //h4[contains(text(),&amp;apos;Digital Showroom&amp;apos;)]/../../.././../../div[2]/div[1]/div[1]/div[2] (tried for 30 second(s) with 500 MILLISECONDS interval)
Build info: version: &amp;apos;3.4.0&amp;apos;, revision: &amp;apos;unknown&amp;apos;, time: &amp;apos;unknown&amp;apos;
System info: host: &amp;apos;NILAMMA-W10&amp;apos;, ip: &amp;apos;192.168.68.2&amp;apos;, os.name: &amp;apos;Windows 10&amp;apos;, os.arch: &amp;apos;amd64&amp;apos;, os.version: &amp;apos;10.0&amp;apos;, java.version: &amp;apos;1.8.0_161&amp;apos;
Driver info: org.openqa.selenium.chrome.ChromeDriver
Capabilities [{networkConnectionEnabled=false, chrome={chromedriverVersion=111.0.5563.64 (c710e93d5b63b7095afe8c2c17df34408078439d-refs/branch-heads/5563@{#995}), userDataDir=C:\Users\nilamma\AppData\Local\Temp\scoped_dir15032_851015479}, timeouts={implicit=0.0, pageLoad=300000.0, script=30000.0}, pageLoadStrategy=normal, unhandledPromptBehavior=dismiss and notify, strictFileInteractability=false, platform=ANY, proxy=Proxy(), webauthn:extension:minPinLength=true, goog:chromeOptions={debuggerAddress=localhost:59325}, webauthn:extension:credBlob=true, webauthn:extension:prf=true, acceptInsecureCerts=false, browserVersion=111.0.5563.65, browserName=chrome, javascriptEnabled=true, platformName=windows, setWindowRect=true, webauthn:extension:largeBlob=true, webauthn:virtualAuthenticators=true}]
Session ID: f3d2e2e5e64e8511072ce677f5c4a436">
      <![CDATA[org.openqa.selenium.TimeoutException: Expected condition failed: waiting for visibility of element located by By.xpath: //h4[contains(text(),'Digital Showroom')]/../../.././../../div[2]/div[1]/div[1]/div[2] (tried for 30 second(s) with 500 MILLISECONDS interval)
Build info: version: '3.4.0', revision: 'unknown', time: 'unknown'
System info: host: 'NILAMMA-W10', ip: '192.168.68.2', os.name: 'Windows 10', os.arch: 'amd64', os.version: '10.0', java.version: '1.8.0_161'
Driver info: org.openqa.selenium.chrome.ChromeDriver
Capabilities [{networkConnectionEnabled=false, chrome={chromedriverVersion=111.0.5563.64 (c710e93d5b63b7095afe8c2c17df34408078439d-refs/branch-heads/5563@{#995}), userDataDir=C:\Users\nilamma\AppData\Local\Temp\scoped_dir15032_851015479}, timeouts={implicit=0.0, pageLoad=300000.0, script=30000.0}, pageLoadStrategy=normal, unhandledPromptBehavior=dismiss and notify, strictFileInteractability=false, platform=ANY, proxy=Proxy(), webauthn:extension:minPinLength=true, goog:chromeOptions={debuggerAddress=localhost:59325}, webauthn:extension:credBlob=true, webauthn:extension:prf=true, acceptInsecureCerts=false, browserVersion=111.0.5563.65, browserName=chrome, javascriptEnabled=true, platformName=windows, setWindowRect=true, webauthn:extension:largeBlob=true, webauthn:virtualAuthenticators=true}]
Session ID: f3d2e2e5e64e8511072ce677f5c4a436
	at org.openqa.selenium.support.ui.WebDriverWait.timeoutException(WebDriverWait.java:80)
	at org.openqa.selenium.support.ui.FluentWait.until(FluentWait.java:232)
	at pageObjects.AtlantaMarket.ATLExhLineProdActionsPage.getleftPaneFilterDGShowroomCatalog(ATLExhLineProdActionsPage.java:136)
	at atlantamarket_PROD.GlobalSearch_SearchFor.TS004_VerifyCatalogsOverviewInGlobalSearchTest(GlobalSearch_SearchFor.java:279)
... Removed 24 stack frames]]>
    </failure>
  </testcase> <!-- TS004_VerifyCatalogsOverviewInGlobalSearchTest -->
  <testcase name="TS005_VerifyArticlesOverviewInGlobalSearchTest" time="66.861" classname="atlantamarket_PROD.GlobalSearch_SearchFor"/>
  <testcase name="TS006_VerifyArticlesFiltersFunctionalityInGlobalSearchTest" time="542.923" classname="atlantamarket_PROD.GlobalSearch_SearchFor"/>
  <testcase name="TS007_VerifyArticlesSearchFunctionalityInGlobalSearchTest" time="244.475" classname="atlantamarket_PROD.GlobalSearch_SearchFor"/>
  <testcase name="TS008_VerifyEventsSearchFunctionalityInGlobalSearchTest" time="157.771" classname="atlantamarket_PROD.GlobalSearch_SearchFor"/>
  <testcase name="TS009_VerifyEventsFiltersFunctionalityInGlobalSearchTest" time="91.867" classname="atlantamarket_PROD.GlobalSearch_SearchFor">
    <failure type="org.openqa.selenium.TimeoutException" message="Expected condition failed: waiting for visibility of element located by By.xpath: //label[contains(text(),&amp;apos;Atlanta Market&amp;apos;)] (tried for 20 second(s) with 500 MILLISECONDS interval)">
      <![CDATA[org.openqa.selenium.TimeoutException: Expected condition failed: waiting for visibility of element located by By.xpath: //label[contains(text(),'Atlanta Market')] (tried for 20 second(s) with 500 MILLISECONDS interval)
	at org.openqa.selenium.support.ui.WebDriverWait.timeoutException(WebDriverWait.java:80)
	at org.openqa.selenium.support.ui.FluentWait.until(FluentWait.java:232)
	at pageObjects.AtlantaMarket.ATLGlobalSearchPage.getEventsATLMktTopics(ATLGlobalSearchPage.java:575)
	at atlantamarket_PROD.GlobalSearch_SearchFor.TS009_VerifyEventsFiltersFunctionalityInGlobalSearchTest(GlobalSearch_SearchFor.java:714)
Caused by: org.openqa.selenium.NoSuchElementException: Cannot locate an element using By.xpath: //label[contains(text(),'Atlanta Market')]
For documentation on this error, please visit: http://seleniumhq.org/exceptions/no_such_element.html
Build info: version: '3.4.0', revision: 'unknown', time: 'unknown'
System info: host: 'NILAMMA-W10', ip: '192.168.68.2', os.name: 'Windows 10', os.arch: 'amd64', os.version: '10.0', java.version: '1.8.0_161'

Driver info: driver.version: unknown
	at org.openqa.selenium.support.ui.ExpectedConditions.lambda$findElement$0(ExpectedConditions.java:883)
	at java.util.Optional.orElseThrow(Unknown Source)
	at org.openqa.selenium.support.ui.ExpectedConditions.findElement(ExpectedConditions.java:882)
	at org.openqa.selenium.support.ui.ExpectedConditions.access$000(ExpectedConditions.java:44)
	at org.openqa.selenium.support.ui.ExpectedConditions$7.apply(ExpectedConditions.java:206)
	at org.openqa.selenium.support.ui.ExpectedConditions$7.apply(ExpectedConditions.java:202)
	at org.openqa.selenium.support.ui.FluentWait.until(FluentWait.java:209)
	... 26 more
... Removed 24 stack frames]]>
    </failure>

  </testcase> <!-- TS011_VerifyExhibitorEventsListTest -->

  </testcase> <!-- TS009_VerifyEventsFiltersFunctionalityInGlobalSearchTest -->
  <testcase name="TS010_VerifyShowSpecialsOverviewInGlobalSearchTest" time="50.942" classname="atlantamarket_PROD.GlobalSearch_SearchFor">
    <failure type="org.openqa.selenium.TimeoutException" message="Expected condition failed: waiting for visibility of element located by By.xpath: //div[@class=&amp;apos;imc-vr--xxlarge&amp;apos;]/div[1]/div[2]/div[2]/div[1]/div[1]/p[2] (tried for 20 second(s) with 500 MILLISECONDS interval)">
      <![CDATA[org.openqa.selenium.TimeoutException: Expected condition failed: waiting for visibility of element located by By.xpath: //div[@class='imc-vr--xxlarge']/div[1]/div[2]/div[2]/div[1]/div[1]/p[2] (tried for 20 second(s) with 500 MILLISECONDS interval)
	at org.openqa.selenium.support.ui.WebDriverWait.timeoutException(WebDriverWait.java:80)
	at org.openqa.selenium.support.ui.FluentWait.until(FluentWait.java:232)
	at pageObjects.AtlantaMarket.ATLGlobalSearchPage.getseeAllLinkMatchingProduct(ATLGlobalSearchPage.java:163)
	at atlantamarket_PROD.GlobalSearch_SearchFor.TS010_VerifyShowSpecialsOverviewInGlobalSearchTest(GlobalSearch_SearchFor.java:770)
Caused by: org.openqa.selenium.NoSuchElementException: Cannot locate an element using By.xpath: //div[@class='imc-vr--xxlarge']/div[1]/div[2]/div[2]/div[1]/div[1]/p[2]
For documentation on this error, please visit: http://seleniumhq.org/exceptions/no_such_element.html
Build info: version: '3.4.0', revision: 'unknown', time: 'unknown'
System info: host: 'NILAMMA-W10', ip: '192.168.68.2', os.name: 'Windows 10', os.arch: 'amd64', os.version: '10.0', java.version: '1.8.0_161'
Driver info: driver.version: unknown
	at org.openqa.selenium.support.ui.ExpectedConditions.lambda$findElement$0(ExpectedConditions.java:883)
	at java.util.Optional.orElseThrow(Unknown Source)
	at org.openqa.selenium.support.ui.ExpectedConditions.findElement(ExpectedConditions.java:882)
	at org.openqa.selenium.support.ui.ExpectedConditions.access$000(ExpectedConditions.java:44)
	at org.openqa.selenium.support.ui.ExpectedConditions$7.apply(ExpectedConditions.java:206)
	at org.openqa.selenium.support.ui.ExpectedConditions$7.apply(ExpectedConditions.java:202)
	at org.openqa.selenium.support.ui.FluentWait.until(FluentWait.java:209)
	... 26 more
... Removed 24 stack frames]]>
    </failure>
  </testcase> <!-- TS010_VerifyShowSpecialsOverviewInGlobalSearchTest -->
  <testcase name="TS011_VerifyEventsOverviewInGlobalSearchTest" time="87.895" classname="atlantamarket_PROD.GlobalSearch_SearchFor">
    <failure type="org.openqa.selenium.TimeoutException" message="Expected condition failed: waiting for visibility of element located by By.xpath: //h1[contains(@class,&amp;apos;imc-heading&amp;apos;)] (tried for 20 second(s) with 500 MILLISECONDS interval)">
      <![CDATA[org.openqa.selenium.TimeoutException: Expected condition failed: waiting for visibility of element located by By.xpath: //h1[contains(@class,'imc-heading')] (tried for 20 second(s) with 500 MILLISECONDS interval)
	at org.openqa.selenium.support.ui.WebDriverWait.timeoutException(WebDriverWait.java:80)
	at org.openqa.selenium.support.ui.FluentWait.until(FluentWait.java:232)
	at pageObjects.AtlantaMarket.ATLExhLineProdActionsPage.getEventDetailsHeader(ATLExhLineProdActionsPage.java:402)
	at atlantamarket_PROD.GlobalSearch_SearchFor.TS011_VerifyEventsOverviewInGlobalSearchTest(GlobalSearch_SearchFor.java:814)
Caused by: org.openqa.selenium.NoSuchElementException: Cannot locate an element using By.xpath: //h1[contains(@class,'imc-heading')]
For documentation on this error, please visit: http://seleniumhq.org/exceptions/no_such_element.html
Build info: version: '3.4.0', revision: 'unknown', time: 'unknown'
System info: host: 'NILAMMA-W10', ip: '192.168.68.2', os.name: 'Windows 10', os.arch: 'amd64', os.version: '10.0', java.version: '1.8.0_161'
Driver info: driver.version: unknown
	at org.openqa.selenium.support.ui.ExpectedConditions.lambda$findElement$0(ExpectedConditions.java:883)
	at java.util.Optional.orElseThrow(Unknown Source)
	at org.openqa.selenium.support.ui.ExpectedConditions.findElement(ExpectedConditions.java:882)
	at org.openqa.selenium.support.ui.ExpectedConditions.access$000(ExpectedConditions.java:44)
	at org.openqa.selenium.support.ui.ExpectedConditions$7.apply(ExpectedConditions.java:206)
	at org.openqa.selenium.support.ui.ExpectedConditions$7.apply(ExpectedConditions.java:202)
	at org.openqa.selenium.support.ui.FluentWait.until(FluentWait.java:209)
	... 26 more
... Removed 24 stack frames]]>
    </failure>
  </testcase> <!-- TS011_VerifyEventsOverviewInGlobalSearchTest -->

</testsuite> <!-- RegressionTest -->
