<?xml version="1.0" encoding="UTF-8"?>
<!-- Generated by org.testng.reporters.JUnitXMLReporter -->
<testsuite hostname="swapnili" name="RegressionTest" tests="31" failures="8" timestamp="30 Aug 2022 18:59:17 GMT" time="1888.053" errors="0">
  <testcase name="TS003_VerifyMarketPlannerInvalidLoginCredentialsTest" time="48.081" classname="atlantamarket_UAT.MarketPlanner"/>
  <testcase name="TS001_VerifyMarketPlannerLoginTest" time="35.308" classname="atlantamarket_UAT.MarketPlanner"/>
  <testcase name="TS002_VerifyMarketPlannerChannelSelectorTest" time="268.984" classname="atlantamarket_UAT.MarketPlanner"/>
  <testcase name="TS004_VerifyAddToFavoriteFunctionalityUsingQuickAddForExhibitorTest" time="40.898" classname="atlantamarket_UAT.MarketPlanner"/>
  <testcase name="TS006_VerifyArrangeBtnFunctionalityForListsTest" time="29.89" classname="atlantamarket_UAT.MarketPlanner"/>
  <testcase name="TS007_VerifyNewGroupBtnFunctionalityForListsTest" time="14.059" classname="atlantamarket_UAT.MarketPlanner">
    <failure type="java.lang.AssertionError" message="expected [true] but found [false]">
      <![CDATA[java.lang.AssertionError: expected [true] but found [false]
	at resources.Utility.checkItemPresentInListorNot(Utility.java:142)
	at atlantamarket_UAT.MarketPlanner.TS007_VerifyNewGroupBtnFunctionalityForListsTest(MarketPlanner.java:359)
... Removed 28 stack frames]]>
    </failure>
  </testcase> <!-- TS007_VerifyNewGroupBtnFunctionalityForListsTest -->
  <testcase name="TS008_VerifyNewListBtnFunctionalityForListsTest1" time="28.183" classname="atlantamarket_UAT.MarketPlanner"/>
  <testcase name="TS009_VerifyCreateNewGroupFormValidationForListsTest" time="8.633" classname="atlantamarket_UAT.MarketPlanner"/>
  <testcase name="TS010_VerifyCreateNewListFormValidationTest" time="23.968" classname="atlantamarket_UAT.MarketPlanner"/>
  <testcase name="TS011_VerifyMPDashboardOverviewTest" time="6.19" classname="atlantamarket_UAT.MarketPlanner"/>
  <testcase name="TS012_VerifyMPRegistrationCardOverviewTest" time="5.204" classname="atlantamarket_UAT.MarketPlanner"/>
  <testcase name="TS013_VerifyAddToFavoriteFunctionalityForProductTest" time="64.841" classname="atlantamarket_UAT.MarketPlanner">
    <failure type="java.lang.AssertionError" message="expected [true] but found [false]">
      <![CDATA[java.lang.AssertionError: expected [true] but found [false]
	at atlantamarket_UAT.MarketPlanner.TS013_VerifyAddToFavoriteFunctionalityForProductTest(MarketPlanner.java:637)
... Removed 28 stack frames]]>
    </failure>
  </testcase> <!-- TS013_VerifyAddToFavoriteFunctionalityForProductTest -->
  <testcase name="TS014_VerifyAddExhibitorToFavInFavListsTest" time="29.899" classname="atlantamarket_UAT.MarketPlanner">
    <failure type="java.lang.AssertionError" message="expected [true] but found [false]">
      <![CDATA[java.lang.AssertionError: expected [true] but found [false]
	at atlantamarket_UAT.MarketPlanner.TS014_VerifyAddExhibitorToFavInFavListsTest(MarketPlanner.java:695)
... Removed 28 stack frames]]>
    </failure>
  </testcase> <!-- TS014_VerifyAddExhibitorToFavInFavListsTest -->
  <testcase name="TS015_VerifyManageListOptionsOverviewTest" time="13.247" classname="atlantamarket_UAT.MarketPlanner"/>
  <testcase name="TS016_VerifyEditListFunctionalityForManageListTest" time="276.745" classname="atlantamarket_UAT.MarketPlanner">
    <failure type="org.openqa.selenium.TimeoutException" message="Expected condition failed: waiting for visibility of element located by By.xpath: //a[@class=&amp;apos;imc-link--alt-darkred&amp;apos;] (tried for 20 second(s) with 500 MILLISECONDS interval)">
      <![CDATA[org.openqa.selenium.TimeoutException: Expected condition failed: waiting for visibility of element located by By.xpath: //a[@class='imc-link--alt-darkred'] (tried for 20 second(s) with 500 MILLISECONDS interval)
	at org.openqa.selenium.support.ui.WebDriverWait.timeoutException(WebDriverWait.java:80)
	at org.openqa.selenium.support.ui.FluentWait.until(FluentWait.java:232)
	at pageObjects.AtlantaMarket.ATLMarketPlannerPage.getlistOfAllExh(ATLMarketPlannerPage.java:689)
	at atlantamarket_UAT.MarketPlanner.TS016_VerifyEditListFunctionalityForManageListTest(MarketPlanner.java:880)
Caused by: org.openqa.selenium.NoSuchElementException: Cannot locate an element using By.xpath: //a[@class='imc-link--alt-darkred']
For documentation on this error, please visit: http://seleniumhq.org/exceptions/no_such_element.html
Build info: version: '3.4.0', revision: 'unknown', time: 'unknown'
System info: host: 'SWAPNILI', ip: '172.27.182.57', os.name: 'Windows 8.1', os.arch: 'amd64', os.version: '6.3', java.version: '1.8.0_161'
Driver info: driver.version: unknown
	at org.openqa.selenium.support.ui.ExpectedConditions.lambda$findElement$0(ExpectedConditions.java:883)
	at java.util.Optional.orElseThrow(Optional.java:290)
	at org.openqa.selenium.support.ui.ExpectedConditions.findElement(ExpectedConditions.java:882)
	at org.openqa.selenium.support.ui.ExpectedConditions.access$000(ExpectedConditions.java:44)
	at org.openqa.selenium.support.ui.ExpectedConditions$7.apply(ExpectedConditions.java:206)
	at org.openqa.selenium.support.ui.ExpectedConditions$7.apply(ExpectedConditions.java:202)
	at org.openqa.selenium.support.ui.FluentWait.until(FluentWait.java:209)
	... 26 more
... Removed 24 stack frames]]>
    </failure>
  </testcase> <!-- TS016_VerifyEditListFunctionalityForManageListTest -->
  <testcase name="TS018_VerifyRenameFunctionalityForListTest" time="70.48" classname="atlantamarket_UAT.MarketPlanner"/>
  <testcase name="TS019_VerifyAddToFavoriteFunctionalityForLineTest" time="30.728" classname="atlantamarket_UAT.MarketPlanner"/>
  <testcase name="TS021_VerifyAddToFavoriteFunctionalityForExhibitorTest" time="29.27" classname="atlantamarket_UAT.MarketPlanner"/>
  <testcase name="TS022_VerifyMPListsCardOverviewTest" time="25.78" classname="atlantamarket_UAT.MarketPlanner">
    <failure type="org.openqa.selenium.WebDriverException" message="element click intercepted: Element &amp;lt;a target=&amp;quot;&amp;quot; class=&amp;quot;imc-button imc-button--rectangle-small imc-button--only-text&amp;quot; href=&amp;quot;/Market-Planner&amp;quot;&amp;gt;...&amp;lt;/a&amp;gt; is not clickable at point (380, 210). Other element would receive the click: &amp;lt;input id=&amp;quot;textfield-2&amp;quot; name=&amp;quot;listName&amp;quot; type=&amp;quot;text&amp;quot; placeholder=&amp;quot;&amp;quot; required=&amp;quot;&amp;quot; class=&amp;quot;&amp;quot; data-xpath=&amp;quot;form.textfield&amp;quot; value=&amp;quot;GGdnJGnslh&amp;quot;&amp;gt;
  (Session info: chrome=104.0.5112.102)
Build info: version: &amp;apos;3.4.0&amp;apos;, revision: &amp;apos;unknown&amp;apos;, time: &amp;apos;unknown&amp;apos;
System info: host: &amp;apos;SWAPNILI&amp;apos;, ip: &amp;apos;172.27.182.57&amp;apos;, os.name: &amp;apos;Windows 8.1&amp;apos;, os.arch: &amp;apos;amd64&amp;apos;, os.version: &amp;apos;6.3&amp;apos;, java.version: &amp;apos;1.8.0_161&amp;apos;
Driver info: org.openqa.selenium.chrome.ChromeDriver
Capabilities [{networkConnectionEnabled=false, chrome={chromedriverVersion=104.0.5112.79 (3cf3e8c8a07d104b9e1260c910efb8f383285dc5-refs/branch-heads/5112@{#1307}), userDataDir=C:\Users\swapnili\AppData\Local\Temp\scoped_dir16400_1205882369}, timeouts={implicit=0.0, pageLoad=300000.0, script=30000.0}, pageLoadStrategy=normal, unhandledPromptBehavior=dismiss and notify, strictFileInteractability=false, platform=ANY, proxy=Proxy(), goog:chromeOptions={debuggerAddress=localhost:51578}, webauthn:extension:credBlob=true, acceptInsecureCerts=false, browserVersion=104.0.5112.102, browserName=chrome, javascriptEnabled=true, platformName=windows, setWindowRect=true, webauthn:extension:largeBlob=true, webauthn:virtualAuthenticators=true}]
Session ID: bc5fb06d231bbedf2b4c6cf0695e5677">
      <![CDATA[org.openqa.selenium.WebDriverException: element click intercepted: Element <a target="" class="imc-button imc-button--rectangle-small imc-button--only-text" href="/Market-Planner">...</a> is not clickable at point (380, 210). Other element would receive the click: <input id="textfield-2" name="listName" type="text" placeholder="" required="" class="" data-xpath="form.textfield" value="GGdnJGnslh">
  (Session info: chrome=104.0.5112.102)
Build info: version: '3.4.0', revision: 'unknown', time: 'unknown'
System info: host: 'SWAPNILI', ip: '172.27.182.57', os.name: 'Windows 8.1', os.arch: 'amd64', os.version: '6.3', java.version: '1.8.0_161'
Driver info: org.openqa.selenium.chrome.ChromeDriver
Capabilities [{networkConnectionEnabled=false, chrome={chromedriverVersion=104.0.5112.79 (3cf3e8c8a07d104b9e1260c910efb8f383285dc5-refs/branch-heads/5112@{#1307}), userDataDir=C:\Users\swapnili\AppData\Local\Temp\scoped_dir16400_1205882369}, timeouts={implicit=0.0, pageLoad=300000.0, script=30000.0}, pageLoadStrategy=normal, unhandledPromptBehavior=dismiss and notify, strictFileInteractability=false, platform=ANY, proxy=Proxy(), goog:chromeOptions={debuggerAddress=localhost:51578}, webauthn:extension:credBlob=true, acceptInsecureCerts=false, browserVersion=104.0.5112.102, browserName=chrome, javascriptEnabled=true, platformName=windows, setWindowRect=true, webauthn:extension:largeBlob=true, webauthn:virtualAuthenticators=true}]
Session ID: bc5fb06d231bbedf2b4c6cf0695e5677
	at org.openqa.selenium.remote.http.W3CHttpResponseCodec.createException(W3CHttpResponseCodec.java:150)
	at org.openqa.selenium.remote.http.W3CHttpResponseCodec.decode(W3CHttpResponseCodec.java:115)
	at org.openqa.selenium.remote.http.W3CHttpResponseCodec.decode(W3CHttpResponseCodec.java:45)
	at org.openqa.selenium.remote.HttpCommandExecutor.execute(HttpCommandExecutor.java:164)
	at org.openqa.selenium.remote.service.DriverCommandExecutor.execute(DriverCommandExecutor.java:82)
	at org.openqa.selenium.remote.RemoteWebDriver.execute(RemoteWebDriver.java:637)
	at org.openqa.selenium.remote.RemoteWebElement.execute(RemoteWebElement.java:272)
	at org.openqa.selenium.remote.RemoteWebElement.click(RemoteWebElement.java:82)
	at atlantamarket_UAT.MarketPlanner.TS022_VerifyMPListsCardOverviewTest(MarketPlanner.java:1223)
... Removed 28 stack frames]]>
    </failure>
  </testcase> <!-- TS022_VerifyMPListsCardOverviewTest -->
  <testcase name="TS023_VerifyMPActivitiesCardOverviewTest" time="29.878" classname="atlantamarket_UAT.MarketPlanner"/>
  <testcase name="TS024_VerifyFilterByOptionsOverviewForListTest" time="31.624" classname="atlantamarket_UAT.MarketPlanner"/>
  <testcase name="TS025_VerifyVerifyFilterByOptionsFunctionalityForListTest" time="212.582" classname="atlantamarket_UAT.MarketPlanner">
    <failure type="org.openqa.selenium.TimeoutException" message="Expected condition failed: waiting for visibility of element located by By.xpath: //div[@class=&amp;apos;react-select__menu-list css-11unzgr&amp;apos;]/div (tried for 20 second(s) with 500 MILLISECONDS interval)">
      <![CDATA[org.openqa.selenium.TimeoutException: Expected condition failed: waiting for visibility of element located by By.xpath: //div[@class='react-select__menu-list css-11unzgr']/div (tried for 20 second(s) with 500 MILLISECONDS interval)
	at org.openqa.selenium.support.ui.WebDriverWait.timeoutException(WebDriverWait.java:80)
	at org.openqa.selenium.support.ui.FluentWait.until(FluentWait.java:232)
	at pageObjects.AtlantaMarket.ATLMarketPlannerPage.getfilterByList(ATLMarketPlannerPage.java:684)
	at atlantamarket_UAT.MarketPlanner.TS025_VerifyVerifyFilterByOptionsFunctionalityForListTest(MarketPlanner.java:1434)
Caused by: org.openqa.selenium.NoSuchElementException: Cannot locate an element using By.xpath: //div[@class='react-select__menu-list css-11unzgr']/div
For documentation on this error, please visit: http://seleniumhq.org/exceptions/no_such_element.html
Build info: version: '3.4.0', revision: 'unknown', time: 'unknown'
System info: host: 'SWAPNILI', ip: '172.27.182.57', os.name: 'Windows 8.1', os.arch: 'amd64', os.version: '6.3', java.version: '1.8.0_161'
Driver info: driver.version: unknown
	at org.openqa.selenium.support.ui.ExpectedConditions.lambda$findElement$0(ExpectedConditions.java:883)
	at java.util.Optional.orElseThrow(Optional.java:290)
	at org.openqa.selenium.support.ui.ExpectedConditions.findElement(ExpectedConditions.java:882)
	at org.openqa.selenium.support.ui.ExpectedConditions.access$000(ExpectedConditions.java:44)
	at org.openqa.selenium.support.ui.ExpectedConditions$7.apply(ExpectedConditions.java:206)
	at org.openqa.selenium.support.ui.ExpectedConditions$7.apply(ExpectedConditions.java:202)
	at org.openqa.selenium.support.ui.FluentWait.until(FluentWait.java:209)
	... 26 more
... Removed 24 stack frames]]>
    </failure>
  </testcase> <!-- TS025_VerifyVerifyFilterByOptionsFunctionalityForListTest -->
  <testcase name="TS026_VerifyMarketPlannerListSortByTest" time="53.64" classname="atlantamarket_UAT.MarketPlanner"/>
  <testcase name="TS028_VerifyListDisplayControlsTest" time="12.791" classname="atlantamarket_UAT.MarketPlanner"/>
  <testcase name="TS029_VerifyListDisplayControlsFunctionalityTest" time="21.774" classname="atlantamarket_UAT.MarketPlanner">
    <failure type="java.lang.AssertionError" message="expected [true] but found [false]">
      <![CDATA[java.lang.AssertionError: expected [true] but found [false]
	at resources.Utility.ClickOnEditBtnOfAnyList(Utility.java:248)
	at atlantamarket_UAT.MarketPlanner.TS029_VerifyListDisplayControlsFunctionalityTest(MarketPlanner.java:1603)
... Removed 28 stack frames]]>
    </failure>
  </testcase> <!-- TS029_VerifyListDisplayControlsFunctionalityTest -->
  <testcase name="TS030_VerifyMarketPlannerListElementLocationLinkTest" time="31.298" classname="atlantamarket_UAT.MarketPlanner"/>
  <testcase name="TS031_VerifyMarketPlannerListsElementMoreOoptionsOverviewTest" time="30.467" classname="atlantamarket_UAT.MarketPlanner"/>
  <testcase name="TS032_VerifyMarketPlannerListsElementMoreOoptionsCopyeTest" time="109.958" classname="atlantamarket_UAT.MarketPlanner"/>
  <testcase name="TS033_VerifyMarketPlannerListsElementMoreOoptionsMoveTest" time="88.002" classname="atlantamarket_UAT.MarketPlanner">
    <failure type="org.openqa.selenium.NoSuchElementException" message="no such element: Unable to locate element: {&amp;quot;method&amp;quot;:&amp;quot;xpath&amp;quot;,&amp;quot;selector&amp;quot;:&amp;quot;//a[text()=&amp;apos;IMC test company&amp;apos;]/../../../div[1]/div[4]&amp;quot;}
  (Session info: chrome=104.0.5112.102)
For documentation on this error, please visit: http://seleniumhq.org/exceptions/no_such_element.html
Build info: version: &amp;apos;3.4.0&amp;apos;, revision: &amp;apos;unknown&amp;apos;, time: &amp;apos;unknown&amp;apos;
System info: host: &amp;apos;SWAPNILI&amp;apos;, ip: &amp;apos;172.27.182.57&amp;apos;, os.name: &amp;apos;Windows 8.1&amp;apos;, os.arch: &amp;apos;amd64&amp;apos;, os.version: &amp;apos;6.3&amp;apos;, java.version: &amp;apos;1.8.0_161&amp;apos;
Driver info: org.openqa.selenium.chrome.ChromeDriver
Capabilities [{networkConnectionEnabled=false, chrome={chromedriverVersion=104.0.5112.79 (3cf3e8c8a07d104b9e1260c910efb8f383285dc5-refs/branch-heads/5112@{#1307}), userDataDir=C:\Users\swapnili\AppData\Local\Temp\scoped_dir16400_1205882369}, timeouts={implicit=0.0, pageLoad=300000.0, script=30000.0}, pageLoadStrategy=normal, unhandledPromptBehavior=dismiss and notify, strictFileInteractability=false, platform=ANY, proxy=Proxy(), goog:chromeOptions={debuggerAddress=localhost:51578}, webauthn:extension:credBlob=true, acceptInsecureCerts=false, browserVersion=104.0.5112.102, browserName=chrome, javascriptEnabled=true, platformName=windows, setWindowRect=true, webauthn:extension:largeBlob=true, webauthn:virtualAuthenticators=true}]
Session ID: bc5fb06d231bbedf2b4c6cf0695e5677
*** Element info: {Using=xpath, value=//a[text()=&amp;apos;IMC test company&amp;apos;]/../../../div[1]/div[4]}">
      <![CDATA[org.openqa.selenium.NoSuchElementException: no such element: Unable to locate element: {"method":"xpath","selector":"//a[text()='IMC test company']/../../../div[1]/div[4]"}
  (Session info: chrome=104.0.5112.102)
For documentation on this error, please visit: http://seleniumhq.org/exceptions/no_such_element.html
Build info: version: '3.4.0', revision: 'unknown', time: 'unknown'
System info: host: 'SWAPNILI', ip: '172.27.182.57', os.name: 'Windows 8.1', os.arch: 'amd64', os.version: '6.3', java.version: '1.8.0_161'
Driver info: org.openqa.selenium.chrome.ChromeDriver
Capabilities [{networkConnectionEnabled=false, chrome={chromedriverVersion=104.0.5112.79 (3cf3e8c8a07d104b9e1260c910efb8f383285dc5-refs/branch-heads/5112@{#1307}), userDataDir=C:\Users\swapnili\AppData\Local\Temp\scoped_dir16400_1205882369}, timeouts={implicit=0.0, pageLoad=300000.0, script=30000.0}, pageLoadStrategy=normal, unhandledPromptBehavior=dismiss and notify, strictFileInteractability=false, platform=ANY, proxy=Proxy(), goog:chromeOptions={debuggerAddress=localhost:51578}, webauthn:extension:credBlob=true, acceptInsecureCerts=false, browserVersion=104.0.5112.102, browserName=chrome, javascriptEnabled=true, platformName=windows, setWindowRect=true, webauthn:extension:largeBlob=true, webauthn:virtualAuthenticators=true}]
Session ID: bc5fb06d231bbedf2b4c6cf0695e5677
*** Element info: {Using=xpath, value=//a[text()='IMC test company']/../../../div[1]/div[4]}
	at org.openqa.selenium.remote.http.W3CHttpResponseCodec.createException(W3CHttpResponseCodec.java:150)
	at org.openqa.selenium.remote.http.W3CHttpResponseCodec.decode(W3CHttpResponseCodec.java:115)
	at org.openqa.selenium.remote.http.W3CHttpResponseCodec.decode(W3CHttpResponseCodec.java:45)
	at org.openqa.selenium.remote.HttpCommandExecutor.execute(HttpCommandExecutor.java:164)
	at org.openqa.selenium.remote.service.DriverCommandExecutor.execute(DriverCommandExecutor.java:82)
	at org.openqa.selenium.remote.RemoteWebDriver.execute(RemoteWebDriver.java:637)
	at org.openqa.selenium.remote.RemoteWebDriver.findElement(RemoteWebDriver.java:410)
	at org.openqa.selenium.remote.RemoteWebDriver.findElementByXPath(RemoteWebDriver.java:509)
	at org.openqa.selenium.By$ByXPath.findElement(By.java:361)
	at org.openqa.selenium.remote.RemoteWebDriver.findElement(RemoteWebDriver.java:402)
	at atlantamarket_UAT.MarketPlanner.TS033_VerifyMarketPlannerListsElementMoreOoptionsMoveTest(MarketPlanner.java:1810)
... Removed 28 stack frames]]>
    </failure>
  </testcase> <!-- TS033_VerifyMarketPlannerListsElementMoreOoptionsMoveTest -->
  <testcase name="TS034_VerifyMarketPlannerListsElementMoreOoptionsDeleteTest" time="73.01" classname="atlantamarket_UAT.MarketPlanner"/>
  <testcase name="TS035_VerifyMarketPlannerListManagementAddNoteTest" time="80.797" classname="atlantamarket_UAT.MarketPlanner"/>
</testsuite> <!-- RegressionTest -->
