<?xml version="1.0" encoding="UTF-8"?>
<!-- Generated by org.testng.reporters.JUnitXMLReporter -->
<testsuite hostname="NILAMMA-W10" name="RegressionTest" tests="31" failures="5" timestamp="22 Jun 2022 06:44:45 GMT" time="1488.924" errors="0">
  <testcase name="@BeforeClass initialize" time="0.0" classname="atlantamarket.GlobalSearch_ProductActions">
    <failure type="org.openqa.selenium.ElementNotInteractableException" message="element not interactable
  (Session info: chrome=102.0.5005.115)
Build info: version: &amp;apos;3.4.0&amp;apos;, revision: &amp;apos;unknown&amp;apos;, time: &amp;apos;unknown&amp;apos;
System info: host: &amp;apos;NILAMMA-W10&amp;apos;, ip: &amp;apos;192.168.68.2&amp;apos;, os.name: &amp;apos;Windows 10&amp;apos;, os.arch: &amp;apos;amd64&amp;apos;, os.version: &amp;apos;10.0&amp;apos;, java.version: &amp;apos;1.8.0_161&amp;apos;
Driver info: org.openqa.selenium.chrome.ChromeDriver
Capabilities [{networkConnectionEnabled=false, chrome={chromedriverVersion=102.0.5005.61 (0e59bcc00cc4985ce39ad31c150065f159d95ad3-refs/branch-heads/5005@{#819}), userDataDir=C:\Users\nilamma\AppData\Local\Temp\scoped_dir7436_101769248}, timeouts={implicit=0.0, pageLoad=300000.0, script=30000.0}, pageLoadStrategy=normal, unhandledPromptBehavior=dismiss and notify, strictFileInteractability=false, platform=ANY, proxy=Proxy(), goog:chromeOptions={debuggerAddress=localhost:54541}, webauthn:extension:credBlob=true, acceptInsecureCerts=false, browserVersion=102.0.5005.115, browserName=chrome, javascriptEnabled=true, platformName=windows, setWindowRect=true, webauthn:extension:largeBlob=true, webauthn:virtualAuthenticators=true}]
Session ID: ac1ac6e1048ff857009b603995877eb0">
      <![CDATA[org.openqa.selenium.ElementNotInteractableException: element not interactable
  (Session info: chrome=102.0.5005.115)
Build info: version: '3.4.0', revision: 'unknown', time: 'unknown'
System info: host: 'NILAMMA-W10', ip: '192.168.68.2', os.name: 'Windows 10', os.arch: 'amd64', os.version: '10.0', java.version: '1.8.0_161'
Driver info: org.openqa.selenium.chrome.ChromeDriver
Capabilities [{networkConnectionEnabled=false, chrome={chromedriverVersion=102.0.5005.61 (0e59bcc00cc4985ce39ad31c150065f159d95ad3-refs/branch-heads/5005@{#819}), userDataDir=C:\Users\nilamma\AppData\Local\Temp\scoped_dir7436_101769248}, timeouts={implicit=0.0, pageLoad=300000.0, script=30000.0}, pageLoadStrategy=normal, unhandledPromptBehavior=dismiss and notify, strictFileInteractability=false, platform=ANY, proxy=Proxy(), goog:chromeOptions={debuggerAddress=localhost:54541}, webauthn:extension:credBlob=true, acceptInsecureCerts=false, browserVersion=102.0.5005.115, browserName=chrome, javascriptEnabled=true, platformName=windows, setWindowRect=true, webauthn:extension:largeBlob=true, webauthn:virtualAuthenticators=true}]
Session ID: ac1ac6e1048ff857009b603995877eb0
	at org.openqa.selenium.remote.http.W3CHttpResponseCodec.createException(W3CHttpResponseCodec.java:150)
	at org.openqa.selenium.remote.http.W3CHttpResponseCodec.decode(W3CHttpResponseCodec.java:115)
	at org.openqa.selenium.remote.http.W3CHttpResponseCodec.decode(W3CHttpResponseCodec.java:45)
	at org.openqa.selenium.remote.HttpCommandExecutor.execute(HttpCommandExecutor.java:164)
	at org.openqa.selenium.remote.service.DriverCommandExecutor.execute(DriverCommandExecutor.java:82)
	at org.openqa.selenium.remote.RemoteWebDriver.execute(RemoteWebDriver.java:637)
	at org.openqa.selenium.remote.RemoteWebElement.execute(RemoteWebElement.java:272)
	at org.openqa.selenium.remote.RemoteWebElement.click(RemoteWebElement.java:82)
	at atlantamarket.GlobalSearch_ProductActions.initialize(GlobalSearch_ProductActions.java:66)
... Removed 28 stack frames]]>
    </failure>
  </testcase> <!-- @BeforeClass initialize -->
  <testcase name="@AfterClass tearDown" time="0.0" classname="atlantamarket.GlobalSearch_ProductActions">
    <skipped/>
  </testcase> <!-- @AfterClass tearDown -->
  <testcase name="TS001_VerifySelectionOfExhibitorFromAutoSuggestionListTest" time="13.056" classname="atlantamarket.GlobalSearch_SuggestionList"/>
  <testcase name="TS002_VerifySelectionOfLineFromAutoSuggestionListTest" time="27.217" classname="atlantamarket.GlobalSearch_SuggestionList"/>
  <testcase name="TS003_VerifySelectionOfProductFromAutoSuggestionListTest" time="46.155" classname="atlantamarket.GlobalSearch_SuggestionList"/>
  <testcase name="TS002_VerifyAddToFavoriteForExhibitorTest" time="40.145" classname="atlantamarket.GlobalSearch_ExhibitorActions">
    <failure type="java.lang.AssertionError" message="expected [true] but found [false]">
      <![CDATA[java.lang.AssertionError: expected [true] but found [false]
	at atlantamarket.GlobalSearch_ExhibitorActions.TS002_VerifyAddToFavoriteForExhibitorTest(GlobalSearch_ExhibitorActions.java:119)
... Removed 28 stack frames]]>
    </failure>
  </testcase> <!-- TS002_VerifyAddToFavoriteForExhibitorTest -->
  <testcase name="TS003_VerifyAddToNewListForExhibitorTest" time="69.14" classname="atlantamarket.GlobalSearch_ExhibitorActions"/>
  <testcase name="TS004_VerifyAddToExistingListForExhibitorTest" time="110.567" classname="atlantamarket.GlobalSearch_ExhibitorActions"/>
  <testcase name="TS005_VerifyClickOnContactExhIconForExhibitorTest" time="31.796" classname="atlantamarket.GlobalSearch_ExhibitorActions"/>
  <testcase name="TS006_VerifyClickOnLocationLinksForExhibitorTest" time="33.297" classname="atlantamarket.GlobalSearch_ExhibitorActions"/>
  <testcase name="TS007_VerifyClickOnLinesShownLinkForExhibitorTest" time="42.097" classname="atlantamarket.GlobalSearch_ExhibitorActions"/>
  <testcase name="TS008_VerifyClickOnTotalProductsSeeAllLinkForExhibitorTest" time="45.45" classname="atlantamarket.GlobalSearch_ExhibitorActions">
    <failure type="java.lang.AssertionError" message="expected [541709] but found [546206]">
      <![CDATA[java.lang.AssertionError: expected [541709] but found [546206]
	at atlantamarket.GlobalSearch_ExhibitorActions.TS008_VerifyClickOnTotalProductsSeeAllLinkForExhibitorTest(GlobalSearch_ExhibitorActions.java:408)
... Removed 29 stack frames]]>
    </failure>
  </testcase> <!-- TS008_VerifyClickOnTotalProductsSeeAllLinkForExhibitorTest -->
  <testcase name="TS009_VerifyClickOnMatchingProductsSeeAllLinkForExhibitorTest" time="48.522" classname="atlantamarket.GlobalSearch_ExhibitorActions">
    <failure type="java.lang.AssertionError" message="expected [3394] but found [541709]">
      <![CDATA[java.lang.AssertionError: expected [3394] but found [541709]
	at atlantamarket.GlobalSearch_ExhibitorActions.TS009_VerifyClickOnMatchingProductsSeeAllLinkForExhibitorTest(GlobalSearch_ExhibitorActions.java:451)
... Removed 29 stack frames]]>
    </failure>
  </testcase> <!-- TS009_VerifyClickOnMatchingProductsSeeAllLinkForExhibitorTest -->
  <testcase name="TS010_VerifyMatchingProductsAddNoteFunctionalityForExhibitorTest" time="53.344" classname="atlantamarket.GlobalSearch_ExhibitorActions"/>
  <testcase name="TS011_VerifySelectionOfExhibitorFromSearchResultsTest" time="61.738" classname="atlantamarket.GlobalSearch_ExhibitorActions"/>
  <testcase name="TS002_VerifyClickOnContactExhIconForLineTest" time="29.008" classname="atlantamarket.GlobalSearch_LineActions"/>
  <testcase name="TS003_VerifyAddToFavoriteForLineTest" time="66.029" classname="atlantamarket.GlobalSearch_LineActions">
    <failure type="java.lang.AssertionError" message="expected [false] but found [true]">
      <![CDATA[java.lang.AssertionError: expected [false] but found [true]
	at atlantamarket.GlobalSearch_LineActions.TS003_VerifyAddToFavoriteForLineTest(GlobalSearch_LineActions.java:168)
... Removed 28 stack frames]]>
    </failure>
  </testcase> <!-- TS003_VerifyAddToFavoriteForLineTest -->
  <testcase name="TS004_VerifyClickOnOrderOnJuniperMarketBtnForLineTest" time="37.592" classname="atlantamarket.GlobalSearch_LineActions"/>
  <testcase name="TS005_VerifyAddToNewListForLineTest" time="77.338" classname="atlantamarket.GlobalSearch_LineActions"/>
  <testcase name="TS006_VerifyAddToExistingListForLineTest" time="83.232" classname="atlantamarket.GlobalSearch_LineActions"/>
  <testcase name="TS007_VerifyClickOnShownByExhibitorNameLinkForLineTest" time="34.792" classname="atlantamarket.GlobalSearch_LineActions"/>
  <testcase name="TS008_VerifyClickOnLocationLinkForLineTest" time="35.291" classname="atlantamarket.GlobalSearch_LineActions"/>
  <testcase name="TS009_VerifyClickOnMatchingProductsSeeAllLinkForLineTest" time="48.442" classname="atlantamarket.GlobalSearch_LineActions">
    <failure type="java.lang.AssertionError" message="expected [59727] but found [59730]">
      <![CDATA[java.lang.AssertionError: expected [59727] but found [59730]
	at atlantamarket.GlobalSearch_LineActions.TS009_VerifyClickOnMatchingProductsSeeAllLinkForLineTest(GlobalSearch_LineActions.java:442)
... Removed 29 stack frames]]>
    </failure>
  </testcase> <!-- TS009_VerifyClickOnMatchingProductsSeeAllLinkForLineTest -->
  <testcase name="TS010_VerifyClickOnTotalProductsSeeAllLinkForLineTest" time="63.353" classname="atlantamarket.GlobalSearch_LineActions"/>
  <testcase name="TS002_VerifyClickOnProductSeeDetailsBtnOnSearchResultsGridTest" time="0.002" classname="atlantamarket.GlobalSearch_ProductActions">
    <skipped/>
  </testcase> <!-- TS002_VerifyClickOnProductSeeDetailsBtnOnSearchResultsGridTest -->
  <testcase name="TS003_VerifyProductAddToNewListOnProductDetailsPageTest" time="0.002" classname="atlantamarket.GlobalSearch_ProductActions">
    <skipped/>
  </testcase> <!-- TS003_VerifyProductAddToNewListOnProductDetailsPageTest -->
  <testcase name="TS004_VerifyProductAddToExistingListOnProductDetailsPageTest" time="0.003" classname="atlantamarket.GlobalSearch_ProductActions">
    <skipped/>
  </testcase> <!-- TS004_VerifyProductAddToExistingListOnProductDetailsPageTest -->
  <testcase name="TS005_VerifyAddToFavoriteOnProductDetailsPageTest" time="0.003" classname="atlantamarket.GlobalSearch_ProductActions">
    <skipped/>
  </testcase> <!-- TS005_VerifyAddToFavoriteOnProductDetailsPageTest -->
  <testcase name="TS006_VerifyAddNoteOnProductDetailsPageTest" time="0.001" classname="atlantamarket.GlobalSearch_ProductActions">
    <skipped/>
  </testcase> <!-- TS006_VerifyAddNoteOnProductDetailsPageTest -->
  <testcase name="TS007_VerifyFullScreenViewerOnProductDetailsPageTest" time="0.001" classname="atlantamarket.GlobalSearch_ProductActions">
    <skipped/>
  </testcase> <!-- TS007_VerifyFullScreenViewerOnProductDetailsPageTest -->
  <testcase name="TS008_VerifyProductAddToExistingListOnSearchResultsGridTest" time="0.001" classname="atlantamarket.GlobalSearch_ProductActions">
    <skipped/>
  </testcase> <!-- TS008_VerifyProductAddToExistingListOnSearchResultsGridTest -->
  <testcase name="TS009_VerifyAddToFavoriteOnSearchResultsGridTest" time="0.001" classname="atlantamarket.GlobalSearch_ProductActions">
    <skipped/>
  </testcase> <!-- TS009_VerifyAddToFavoriteOnSearchResultsGridTest -->
  <testcase name="TS010_VerifyProductActionsIconToAddToNewlyCreatedListTest" time="0.001" classname="atlantamarket.GlobalSearch_ProductActions">
    <skipped/>
  </testcase> <!-- TS010_VerifyProductActionsIconToAddToNewlyCreatedListTest -->
</testsuite> <!-- RegressionTest -->
