<?xml version="1.0" encoding="UTF-8"?>
<!-- Generated by org.testng.reporters.JUnitXMLReporter -->
<testsuite hostname="NILAMMA-W10" name="RegressionTest" tests="1" failures="1" timestamp="3 Apr 2023 12:56:59 GMT" time="227.212" errors="0">
  <testcase name="TS022_VerifyListDisplayControlsFunctionalityTest" time="153.513" classname="atlantamarket_PROD.MarketPlanner">
    <failure type="java.lang.AssertionError" message="expected [true] but found [false]">
      <![CDATA[java.lang.AssertionError: expected [true] but found [false]
	at resources.Utility.checkItemPresentInListorNot(Utility.java:173)
	at atlantamarket_PROD.MarketPlanner.TS022_VerifyListDisplayControlsFunctionalityTest(MarketPlanner.java:1180)
... Removed 28 stack frames]]>
    </failure>
  </testcase> <!-- TS022_VerifyListDisplayControlsFunctionalityTest -->
</testsuite> <!-- RegressionTest -->
