<?xml version="1.0" encoding="UTF-8"?>
<!-- Generated by org.testng.reporters.JUnitXMLReporter -->
<testsuite hostname="swapnili" name="RegressionTest" tests="1" failures="1" timestamp="29 Aug 2022 09:57:52 GMT" time="96.0" errors="0">
  <testcase name="TS002_VerifyMarketPlannerChannelSelectorTest" time="35.926" classname="atlantamarket_UAT.MarketPlanner">
    <failure type="java.lang.AssertionError" message="expected [true] but found [false]">
      <![CDATA[java.lang.AssertionError: expected [true] but found [false]
	at atlantamarket_UAT.MarketPlanner.TS002_VerifyMarketPlannerChannelSelectorTest(MarketPlanner.java:156)
... Removed 28 stack frames]]>
    </failure>
  </testcase> <!-- TS002_VerifyMarketPlannerChannelSelectorTest -->
</testsuite> <!-- RegressionTest -->
