<?xml version="1.0" encoding="UTF-8"?>
<!-- Generated by org.testng.reporters.JUnitXMLReporter -->
<testsuite hostname="NILAMMA-W10" name="RegressionTest" tests="1" failures="1" timestamp="1 Sep 2022 12:41:45 GMT" time="504.458" errors="0">
  <testcase name="TS014_VerifyEditListFunctionalityForManageListTest" time="387.485" classname="atlantamarket_PROD.MarketPlanner">
    <failure type="java.lang.AssertionError" message="expected [true] but found [false]">
      <![CDATA[java.lang.AssertionError: expected [true] but found [false]
	at atlantamarket_PROD.MarketPlanner.TS014_VerifyEditListFunctionalityForManageListTest(MarketPlanner.java:894)
... Removed 28 stack frames]]>
    </failure>
  </testcase> <!-- TS014_VerifyEditListFunctionalityForManageListTest -->
</testsuite> <!-- RegressionTest -->
