<?xml version="1.0" encoding="UTF-8"?>
<!-- Generated by org.testng.reporters.JUnitXMLReporter -->
<testsuite hostname="swapnili" name="RegressionTest" tests="13" failures="0" timestamp="19 Jul 2022 09:18:47 GMT" time="5.505" errors="0">
  <testcase name="@BeforeClass initialize" time="0.0" classname="lasvegasmarket_UAT.GlobalSearch_ExhibitorActions">
    <failure type="org.openqa.selenium.SessionNotCreatedException" message="session not created: This version of ChromeDriver only supports Chrome version 103
Current browser version is 102.0.5005.63 with binary path C:\Program Files\Google\Chrome\Application\chrome.exe
Build info: version: &amp;apos;3.4.0&amp;apos;, revision: &amp;apos;unknown&amp;apos;, time: &amp;apos;unknown&amp;apos;
System info: host: &amp;apos;SWAPNILI&amp;apos;, ip: &amp;apos;172.27.182.57&amp;apos;, os.name: &amp;apos;Windows 8.1&amp;apos;, os.arch: &amp;apos;amd64&amp;apos;, os.version: &amp;apos;6.3&amp;apos;, java.version: &amp;apos;1.8.0_161&amp;apos;
Driver info: driver.version: ChromeDriver
remote stacktrace: Backtrace:
	Ordinal0 [0x00C16463+2188387]
	Ordinal0 [0x00BAE461+1762401]
	Ordinal0 [0x00AC3D78+802168]
	Ordinal0 [0x00AE4E59+937561]
	Ordinal0 [0x00AE0A6C+920172]
	Ordinal0 [0x00ADE331+910129]
	Ordinal0 [0x00B11430+1119280]
	Ordinal0 [0x00B1108A+1118346]
	Ordinal0 [0x00B0C5F6+1099254]
	Ordinal0 [0x00AE6BE0+945120]
	Ordinal0 [0x00AE7AD6+948950]
	GetHandleVerifier [0x00EB71F2+2712546]
	GetHandleVerifier [0x00EA886D+2652765]
	GetHandleVerifier [0x00CA002A+520730]
	GetHandleVerifier [0x00C9EE06+516086]
	Ordinal0 [0x00BB468B+1787531]
	Ordinal0 [0x00BB8E88+1805960]
	Ordinal0 [0x00BB8F75+1806197]
	Ordinal0 [0x00BC1DF1+1842673]
	BaseThreadInitThunk [0x76006A14+36]
	RtlInitializeExceptionChain [0x7761A9FF+143]
	RtlInitializeExceptionChain [0x7761A9CA+90]
">
      <![CDATA[org.openqa.selenium.SessionNotCreatedException: session not created: This version of ChromeDriver only supports Chrome version 103
Current browser version is 102.0.5005.63 with binary path C:\Program Files\Google\Chrome\Application\chrome.exe
Build info: version: '3.4.0', revision: 'unknown', time: 'unknown'
System info: host: 'SWAPNILI', ip: '172.27.182.57', os.name: 'Windows 8.1', os.arch: 'amd64', os.version: '6.3', java.version: '1.8.0_161'
Driver info: driver.version: ChromeDriver
remote stacktrace: Backtrace:
	Ordinal0 [0x00C16463+2188387]
	Ordinal0 [0x00BAE461+1762401]
	Ordinal0 [0x00AC3D78+802168]
	Ordinal0 [0x00AE4E59+937561]
	Ordinal0 [0x00AE0A6C+920172]
	Ordinal0 [0x00ADE331+910129]
	Ordinal0 [0x00B11430+1119280]
	Ordinal0 [0x00B1108A+1118346]
	Ordinal0 [0x00B0C5F6+1099254]
	Ordinal0 [0x00AE6BE0+945120]
	Ordinal0 [0x00AE7AD6+948950]
	GetHandleVerifier [0x00EB71F2+2712546]
	GetHandleVerifier [0x00EA886D+2652765]
	GetHandleVerifier [0x00CA002A+520730]
	GetHandleVerifier [0x00C9EE06+516086]
	Ordinal0 [0x00BB468B+1787531]
	Ordinal0 [0x00BB8E88+1805960]
	Ordinal0 [0x00BB8F75+1806197]
	Ordinal0 [0x00BC1DF1+1842673]
	BaseThreadInitThunk [0x76006A14+36]
	RtlInitializeExceptionChain [0x7761A9FF+143]
	RtlInitializeExceptionChain [0x7761A9CA+90]

	at org.openqa.selenium.remote.W3CHandshakeResponse.lambda$new$0(W3CHandshakeResponse.java:57)
	at org.openqa.selenium.remote.W3CHandshakeResponse.lambda$getResponseFunction$2(W3CHandshakeResponse.java:104)
	at org.openqa.selenium.remote.ProtocolHandshake.lambda$createSession$22(ProtocolHandshake.java:365)
	at java.util.stream.ReferencePipeline$3$1.accept(ReferencePipeline.java:193)
	at java.util.Spliterators$ArraySpliterator.tryAdvance(Spliterators.java:958)
	at java.util.stream.ReferencePipeline.forEachWithCancel(ReferencePipeline.java:126)
	at java.util.stream.AbstractPipeline.copyIntoWithCancel(AbstractPipeline.java:498)
	at java.util.stream.AbstractPipeline.copyInto(AbstractPipeline.java:485)
	at java.util.stream.AbstractPipeline.wrapAndCopyInto(AbstractPipeline.java:471)
	at java.util.stream.FindOps$FindOp.evaluateSequential(FindOps.java:152)
	at java.util.stream.AbstractPipeline.evaluate(AbstractPipeline.java:234)
	at java.util.stream.ReferencePipeline.findFirst(ReferencePipeline.java:464)
	at org.openqa.selenium.remote.ProtocolHandshake.createSession(ProtocolHandshake.java:368)
	at org.openqa.selenium.remote.ProtocolHandshake.createSession(ProtocolHandshake.java:159)
	at org.openqa.selenium.remote.HttpCommandExecutor.execute(HttpCommandExecutor.java:142)
	at org.openqa.selenium.remote.service.DriverCommandExecutor.execute(DriverCommandExecutor.java:82)
	at org.openqa.selenium.remote.RemoteWebDriver.execute(RemoteWebDriver.java:637)
	at org.openqa.selenium.remote.RemoteWebDriver.startSession(RemoteWebDriver.java:250)
	at org.openqa.selenium.remote.RemoteWebDriver.startSession(RemoteWebDriver.java:236)
	at org.openqa.selenium.remote.RemoteWebDriver.<init>(RemoteWebDriver.java:137)
	at org.openqa.selenium.chrome.ChromeDriver.<init>(ChromeDriver.java:184)
	at org.openqa.selenium.chrome.ChromeDriver.<init>(ChromeDriver.java:171)
	at org.openqa.selenium.chrome.ChromeDriver.<init>(ChromeDriver.java:124)
	at resources.base.initializeDriver(base.java:41)
	at lasvegasmarket_UAT.GlobalSearch_ExhibitorActions.initialize(GlobalSearch_ExhibitorActions.java:52)
... Removed 28 stack frames]]>
    </failure>
  </testcase> <!-- @BeforeClass initialize -->
  <testcase name="@AfterClass tearDown" time="0.0" classname="lasvegasmarket_UAT.GlobalSearch_ExhibitorActions">
    <skipped/>
  </testcase> <!-- @AfterClass tearDown -->
  <testcase name="@BeforeClass initialize" time="0.0" classname="atlantamarket_PROD.FloorPlans">
    <failure type="org.openqa.selenium.SessionNotCreatedException" message="session not created: This version of ChromeDriver only supports Chrome version 103
Current browser version is 102.0.5005.63 with binary path C:\Program Files\Google\Chrome\Application\chrome.exe
Build info: version: &amp;apos;3.4.0&amp;apos;, revision: &amp;apos;unknown&amp;apos;, time: &amp;apos;unknown&amp;apos;
System info: host: &amp;apos;SWAPNILI&amp;apos;, ip: &amp;apos;172.27.182.57&amp;apos;, os.name: &amp;apos;Windows 8.1&amp;apos;, os.arch: &amp;apos;amd64&amp;apos;, os.version: &amp;apos;6.3&amp;apos;, java.version: &amp;apos;1.8.0_161&amp;apos;
Driver info: driver.version: ChromeDriver
remote stacktrace: Backtrace:
	Ordinal0 [0x00C16463+2188387]
	Ordinal0 [0x00BAE461+1762401]
	Ordinal0 [0x00AC3D78+802168]
	Ordinal0 [0x00AE4E59+937561]
	Ordinal0 [0x00AE0A6C+920172]
	Ordinal0 [0x00ADE331+910129]
	Ordinal0 [0x00B11430+1119280]
	Ordinal0 [0x00B1108A+1118346]
	Ordinal0 [0x00B0C5F6+1099254]
	Ordinal0 [0x00AE6BE0+945120]
	Ordinal0 [0x00AE7AD6+948950]
	GetHandleVerifier [0x00EB71F2+2712546]
	GetHandleVerifier [0x00EA886D+2652765]
	GetHandleVerifier [0x00CA002A+520730]
	GetHandleVerifier [0x00C9EE06+516086]
	Ordinal0 [0x00BB468B+1787531]
	Ordinal0 [0x00BB8E88+1805960]
	Ordinal0 [0x00BB8F75+1806197]
	Ordinal0 [0x00BC1DF1+1842673]
	BaseThreadInitThunk [0x76006A14+36]
	RtlInitializeExceptionChain [0x7761A9FF+143]
	RtlInitializeExceptionChain [0x7761A9CA+90]
">
      <![CDATA[org.openqa.selenium.SessionNotCreatedException: session not created: This version of ChromeDriver only supports Chrome version 103
Current browser version is 102.0.5005.63 with binary path C:\Program Files\Google\Chrome\Application\chrome.exe
Build info: version: '3.4.0', revision: 'unknown', time: 'unknown'
System info: host: 'SWAPNILI', ip: '172.27.182.57', os.name: 'Windows 8.1', os.arch: 'amd64', os.version: '6.3', java.version: '1.8.0_161'
Driver info: driver.version: ChromeDriver
remote stacktrace: Backtrace:
	Ordinal0 [0x00C16463+2188387]
	Ordinal0 [0x00BAE461+1762401]
	Ordinal0 [0x00AC3D78+802168]
	Ordinal0 [0x00AE4E59+937561]
	Ordinal0 [0x00AE0A6C+920172]
	Ordinal0 [0x00ADE331+910129]
	Ordinal0 [0x00B11430+1119280]
	Ordinal0 [0x00B1108A+1118346]
	Ordinal0 [0x00B0C5F6+1099254]
	Ordinal0 [0x00AE6BE0+945120]
	Ordinal0 [0x00AE7AD6+948950]
	GetHandleVerifier [0x00EB71F2+2712546]
	GetHandleVerifier [0x00EA886D+2652765]
	GetHandleVerifier [0x00CA002A+520730]
	GetHandleVerifier [0x00C9EE06+516086]
	Ordinal0 [0x00BB468B+1787531]
	Ordinal0 [0x00BB8E88+1805960]
	Ordinal0 [0x00BB8F75+1806197]
	Ordinal0 [0x00BC1DF1+1842673]
	BaseThreadInitThunk [0x76006A14+36]
	RtlInitializeExceptionChain [0x7761A9FF+143]
	RtlInitializeExceptionChain [0x7761A9CA+90]

	at org.openqa.selenium.remote.W3CHandshakeResponse.lambda$new$0(W3CHandshakeResponse.java:57)
	at org.openqa.selenium.remote.W3CHandshakeResponse.lambda$getResponseFunction$2(W3CHandshakeResponse.java:104)
	at org.openqa.selenium.remote.ProtocolHandshake.lambda$createSession$22(ProtocolHandshake.java:365)
	at java.util.stream.ReferencePipeline$3$1.accept(ReferencePipeline.java:193)
	at java.util.Spliterators$ArraySpliterator.tryAdvance(Spliterators.java:958)
	at java.util.stream.ReferencePipeline.forEachWithCancel(ReferencePipeline.java:126)
	at java.util.stream.AbstractPipeline.copyIntoWithCancel(AbstractPipeline.java:498)
	at java.util.stream.AbstractPipeline.copyInto(AbstractPipeline.java:485)
	at java.util.stream.AbstractPipeline.wrapAndCopyInto(AbstractPipeline.java:471)
	at java.util.stream.FindOps$FindOp.evaluateSequential(FindOps.java:152)
	at java.util.stream.AbstractPipeline.evaluate(AbstractPipeline.java:234)
	at java.util.stream.ReferencePipeline.findFirst(ReferencePipeline.java:464)
	at org.openqa.selenium.remote.ProtocolHandshake.createSession(ProtocolHandshake.java:368)
	at org.openqa.selenium.remote.ProtocolHandshake.createSession(ProtocolHandshake.java:159)
	at org.openqa.selenium.remote.HttpCommandExecutor.execute(HttpCommandExecutor.java:142)
	at org.openqa.selenium.remote.service.DriverCommandExecutor.execute(DriverCommandExecutor.java:82)
	at org.openqa.selenium.remote.RemoteWebDriver.execute(RemoteWebDriver.java:637)
	at org.openqa.selenium.remote.RemoteWebDriver.startSession(RemoteWebDriver.java:250)
	at org.openqa.selenium.remote.RemoteWebDriver.startSession(RemoteWebDriver.java:236)
	at org.openqa.selenium.remote.RemoteWebDriver.<init>(RemoteWebDriver.java:137)
	at org.openqa.selenium.chrome.ChromeDriver.<init>(ChromeDriver.java:184)
	at org.openqa.selenium.chrome.ChromeDriver.<init>(ChromeDriver.java:171)
	at org.openqa.selenium.chrome.ChromeDriver.<init>(ChromeDriver.java:124)
	at resources.base.initializeDriver(base.java:41)
	at atlantamarket_PROD.FloorPlans.initialize(FloorPlans.java:55)
... Removed 28 stack frames]]>
    </failure>
  </testcase> <!-- @BeforeClass initialize -->
  <testcase name="@AfterClass tearDown" time="0.0" classname="atlantamarket_PROD.FloorPlans">
    <skipped/>
  </testcase> <!-- @AfterClass tearDown -->
  <testcase name="TS001_VerifyAddToFavoriteForExhibitorTest" time="0.022" classname="lasvegasmarket_UAT.GlobalSearch_ExhibitorActions">
    <skipped/>
  </testcase> <!-- TS001_VerifyAddToFavoriteForExhibitorTest -->
  <testcase name="TS001_VerifyNavigationToDifferentFloorBuildingsTest" time="0.002" classname="atlantamarket_PROD.FloorPlans">
    <skipped/>
  </testcase> <!-- TS001_VerifyNavigationToDifferentFloorBuildingsTest -->
  <testcase name="TS002_VerifyNoExhibitorsOnThisFloorMessageTest" time="0.001" classname="atlantamarket_PROD.FloorPlans">
    <skipped/>
  </testcase> <!-- TS002_VerifyNoExhibitorsOnThisFloorMessageTest -->
  <testcase name="TS003_VerifyZoomInOutLevelOnFloorPlansPageTest" time="0.003" classname="atlantamarket_PROD.FloorPlans">
    <skipped/>
  </testcase> <!-- TS003_VerifyZoomInOutLevelOnFloorPlansPageTest -->
  <testcase name="TS004_VerifyIconsOnFloorPlansPageTest" time="0.007" classname="atlantamarket_PROD.FloorPlans">
    <skipped/>
  </testcase> <!-- TS004_VerifyIconsOnFloorPlansPageTest -->
  <testcase name="TS005_VerifyFunctionalityOfFiltersOFloorPlansPageTest" time="0.001" classname="atlantamarket_PROD.FloorPlans">
    <skipped/>
  </testcase> <!-- TS005_VerifyFunctionalityOfFiltersOFloorPlansPageTest -->
  <testcase name="TS006_VerifyPaginationOnFloorPlansPageTest" time="0.001" classname="atlantamarket_PROD.FloorPlans">
    <skipped/>
  </testcase> <!-- TS006_VerifyPaginationOnFloorPlansPageTest -->
  <testcase name="TS007_VerifySelectionOfExhibitorOnFloorPlansPageTest" time="0.001" classname="atlantamarket_PROD.FloorPlans">
    <skipped/>
  </testcase> <!-- TS007_VerifySelectionOfExhibitorOnFloorPlansPageTest -->
  <testcase name="TS008_VerifyClickOnReturnToBuildingListBtnTest" time="0.001" classname="atlantamarket_PROD.FloorPlans">
    <skipped/>
  </testcase> <!-- TS008_VerifyClickOnReturnToBuildingListBtnTest -->
  <testcase name="TS009_VerifySearchFunctionalityForExhListOnFloorPlansPageTest" time="0.002" classname="atlantamarket_PROD.FloorPlans">
    <skipped/>
  </testcase> <!-- TS009_VerifySearchFunctionalityForExhListOnFloorPlansPageTest -->
  <testcase name="TS010_VerifyAddToListFunctionalityForExhibitorOnFloorPlansPageTest" time="0.032" classname="atlantamarket_PROD.FloorPlans">
    <skipped/>
  </testcase> <!-- TS010_VerifyAddToListFunctionalityForExhibitorOnFloorPlansPageTest -->
  <testcase name="TS011_VerifyAddNoteFunctionalityForExhibitorOnFloorPlansPageTest" time="0.003" classname="atlantamarket_PROD.FloorPlans">
    <skipped/>
  </testcase> <!-- TS011_VerifyAddNoteFunctionalityForExhibitorOnFloorPlansPageTest -->
  <testcase name="TS012_VerifyAddToFavoriteFunctionalityForExhibitorOnFloorPlansPageTest" time="0.002" classname="atlantamarket_PROD.FloorPlans">
    <skipped/>
  </testcase> <!-- TS012_VerifyAddToFavoriteFunctionalityForExhibitorOnFloorPlansPageTest -->
</testsuite> <!-- RegressionTest -->
