<?xml version="1.0" encoding="UTF-8"?>
<!-- Generated by org.testng.reporters.JUnitXMLReporter -->

<testsuite hostname="NILAMMA-W10" name="RegressionTest" tests="1" failures="0" timestamp="24 Apr 2023 13:08:44 GMT" time="231.294" errors="0">
  <testcase name="TS001_VerifyEventsAndWebinarsOverviewTest" time="6.673" classname="atlantamarket_UAT.EvenntsAndWebinar"/>

<testsuite hostname="Anuppa-VD3" name="RegressionTest" tests="1" failures="0" timestamp="19 Apr 2023 08:46:51 GMT" time="106.921" errors="0">
  <testcase name="TS012_VerifySeeInOtherMarketsForExhibitorTest" time="50.932" classname="atlantamarket_PROD.ExhibitorDigitalShowroom"/>
</testsuite> <!-- RegressionTest -->
