<?xml version="1.0" encoding="UTF-8"?>
<!-- Generated by org.testng.reporters.JUnitXMLReporter -->

<testsuite hostname="swapnili" name="RegressionTest" tests="1" failures="0" timestamp="12 Jul 2022 13:57:13 GMT" time="72.123" errors="0">
  <testcase name="TS003_VerifySelectionOfProductCategoriesFilterCombinationWithStyleFromLeftPaneFiltersTest" time="41.52" classname="atlantamarket_UAT.GlobalSearch_LeftPaneFilters"/>

<testsuite hostname="NILAMMA-W10" name="RegressionTest" tests="1" failures="0" timestamp="13 Jul 2022 06:01:16 GMT" time="64.072" errors="0">
  <testcase name="@BeforeClass initialize" time="0.0" classname="atlantamarket_PROD.GlobalSearch_ProductActions">
    <failure type="org.openqa.selenium.WebDriverException" message="unknown error: DevToolsActivePort file doesn&amp;apos;t exist
Build info: version: &amp;apos;3.4.0&amp;apos;, revision: &amp;apos;unknown&amp;apos;, time: &amp;apos;unknown&amp;apos;
System info: host: &amp;apos;NILAMMA-W10&amp;apos;, ip: &amp;apos;192.168.68.2&amp;apos;, os.name: &amp;apos;Windows 10&amp;apos;, os.arch: &amp;apos;amd64&amp;apos;, os.version: &amp;apos;10.0&amp;apos;, java.version: &amp;apos;1.8.0_161&amp;apos;
Driver info: driver.version: ChromeDriver
remote stacktrace: Backtrace:
	Ordinal0 [0x0027D953+2414931]
	Ordinal0 [0x0020F5E1+1963489]
	Ordinal0 [0x000FC6B8+837304]
	Ordinal0 [0x0011BED2+966354]
	Ordinal0 [0x0011851C+951580]
	Ordinal0 [0x00115FB1+942001]
	Ordinal0 [0x00149100+1151232]
	Ordinal0 [0x00148D5A+1150298]
	Ordinal0 [0x001442B6+1131190]
	Ordinal0 [0x0011E860+976992]
	Ordinal0 [0x0011F756+980822]
	GetHandleVerifier [0x004ECC62+2510274]
	GetHandleVerifier [0x004DF760+2455744]
	GetHandleVerifier [0x0030EABA+551962]
	GetHandleVerifier [0x0030D916+547446]
	Ordinal0 [0x00215F3B+1990459]
	Ordinal0 [0x0021A898+2009240]
	Ordinal0 [0x0021A985+2009477]
	Ordinal0 [0x00223AD1+2046673]
	BaseThreadInitThunk [0x77320419+25]
	RtlGetAppContainerNamedObjectPath [0x778F72ED+237]
	RtlGetAppContainerNamedObjectPath [0x778F72BD+189]
	(No symbol) [0x00000000]
">
      <![CDATA[org.openqa.selenium.WebDriverException: unknown error: DevToolsActivePort file doesn't exist
Build info: version: '3.4.0', revision: 'unknown', time: 'unknown'
System info: host: 'NILAMMA-W10', ip: '192.168.68.2', os.name: 'Windows 10', os.arch: 'amd64', os.version: '10.0', java.version: '1.8.0_161'
Driver info: driver.version: ChromeDriver
remote stacktrace: Backtrace:
	Ordinal0 [0x0027D953+2414931]
	Ordinal0 [0x0020F5E1+1963489]
	Ordinal0 [0x000FC6B8+837304]
	Ordinal0 [0x0011BED2+966354]
	Ordinal0 [0x0011851C+951580]
	Ordinal0 [0x00115FB1+942001]
	Ordinal0 [0x00149100+1151232]
	Ordinal0 [0x00148D5A+1150298]
	Ordinal0 [0x001442B6+1131190]
	Ordinal0 [0x0011E860+976992]
	Ordinal0 [0x0011F756+980822]
	GetHandleVerifier [0x004ECC62+2510274]
	GetHandleVerifier [0x004DF760+2455744]
	GetHandleVerifier [0x0030EABA+551962]
	GetHandleVerifier [0x0030D916+547446]
	Ordinal0 [0x00215F3B+1990459]
	Ordinal0 [0x0021A898+2009240]
	Ordinal0 [0x0021A985+2009477]
	Ordinal0 [0x00223AD1+2046673]
	BaseThreadInitThunk [0x77320419+25]
	RtlGetAppContainerNamedObjectPath [0x778F72ED+237]
	RtlGetAppContainerNamedObjectPath [0x778F72BD+189]
	(No symbol) [0x00000000]

	at org.openqa.selenium.remote.W3CHandshakeResponse.lambda$new$0(W3CHandshakeResponse.java:57)
	at org.openqa.selenium.remote.W3CHandshakeResponse.lambda$getResponseFunction$2(W3CHandshakeResponse.java:104)
	at org.openqa.selenium.remote.ProtocolHandshake.lambda$createSession$22(ProtocolHandshake.java:365)
	at java.util.stream.ReferencePipeline$3$1.accept(Unknown Source)
	at java.util.Spliterators$ArraySpliterator.tryAdvance(Unknown Source)
	at java.util.stream.ReferencePipeline.forEachWithCancel(Unknown Source)
	at java.util.stream.AbstractPipeline.copyIntoWithCancel(Unknown Source)
	at java.util.stream.AbstractPipeline.copyInto(Unknown Source)
	at java.util.stream.AbstractPipeline.wrapAndCopyInto(Unknown Source)
	at java.util.stream.FindOps$FindOp.evaluateSequential(Unknown Source)
	at java.util.stream.AbstractPipeline.evaluate(Unknown Source)
	at java.util.stream.ReferencePipeline.findFirst(Unknown Source)
	at org.openqa.selenium.remote.ProtocolHandshake.createSession(ProtocolHandshake.java:368)
	at org.openqa.selenium.remote.ProtocolHandshake.createSession(ProtocolHandshake.java:159)
	at org.openqa.selenium.remote.HttpCommandExecutor.execute(HttpCommandExecutor.java:142)
	at org.openqa.selenium.remote.service.DriverCommandExecutor.execute(DriverCommandExecutor.java:82)
	at org.openqa.selenium.remote.RemoteWebDriver.execute(RemoteWebDriver.java:637)
	at org.openqa.selenium.remote.RemoteWebDriver.startSession(RemoteWebDriver.java:250)
	at org.openqa.selenium.remote.RemoteWebDriver.startSession(RemoteWebDriver.java:236)
	at org.openqa.selenium.remote.RemoteWebDriver.<init>(RemoteWebDriver.java:137)
	at org.openqa.selenium.chrome.ChromeDriver.<init>(ChromeDriver.java:184)
	at org.openqa.selenium.chrome.ChromeDriver.<init>(ChromeDriver.java:171)
	at org.openqa.selenium.chrome.ChromeDriver.<init>(ChromeDriver.java:124)
	at resources.base.initializeDriver(base.java:41)
	at atlantamarket_PROD.GlobalSearch_ProductActions.initialize(GlobalSearch_ProductActions.java:51)
... Removed 28 stack frames]]>
    </failure>
  </testcase> <!-- @BeforeClass initialize -->
  <testcase name="@AfterClass tearDown" time="0.0" classname="atlantamarket_PROD.GlobalSearch_ProductActions">
    <skipped/>
  </testcase> <!-- @AfterClass tearDown -->
  <testcase name="TS004_VerifyAddToFavoriteOnProductDetailsPageTest" time="0.022" classname="atlantamarket_PROD.GlobalSearch_ProductActions">
    <skipped/>
  </testcase> <!-- TS004_VerifyAddToFavoriteOnProductDetailsPageTest -->

</testsuite> <!-- RegressionTest -->
