<?xml version="1.0" encoding="UTF-8"?>
<!-- Generated by org.testng.reporters.JUnitXMLReporter -->

<testsuite hostname="NILAMMA-W10" name="RegressionTest" tests="1" failures="0" timestamp="16 Aug 2022 11:32:07 GMT" time="105.181" errors="0">
  <testcase name="TS005_VerifySelectionOfAccentFurnitureProdCatgFromLeftPaneFiltersTest" time="65.596" classname="atlantamarket_PROD.GlobalSearch_LeftPaneFilters"/>

<testsuite hostname="swapnili" name="RegressionTest" tests="1" failures="0" timestamp="16 Aug 2022 09:52:59 GMT" time="104.426" errors="0">
  <testcase name="TS020_VerifyAddToFavoriteForExhibitorTest1" time="66.973" classname="atlantamarket_UAT.MarketPlanner"/>
<testsuite hostname="shradhama-win10" name="RegressionTest" tests="2" failures="0" timestamp="16 Aug 2022 09:59:07 GMT" time="88.312" errors="0">
  <testcase name="TS001_VerifyMarketPlannerLoginTest" time="28.589" classname="atlantamarket_UAT.MarketPlanner"/>
  <testcase name="TS017_VerifyMPListsCardOverviewTest" time="25.389" classname="atlantamarket_UAT.MarketPlanner"/>
</testsuite> <!-- RegressionTest -->
