<?xml version="1.0" encoding="UTF-8"?>
<!-- Generated by org.testng.reporters.JUnitXMLReporter -->

<testsuite hostname="swapnili" name="RegressionTest" tests="1" failures="0" timestamp="5 Aug 2022 11:37:12 GMT" time="95.919" errors="0">
  <testcase name="TS003_VerifyMarketPlannerChannelSelectorTest" time="59.082" classname="atlantamarket_UAT.MarketPlanner"/>

<testsuite hostname="shradhama-win10" name="RegressionTest" tests="2" failures="0" timestamp="5 Aug 2022 11:23:21 GMT" time="76.424" errors="0">
  <testcase name="TS001_VerifyMarketPlannerLoginTest" time="29.101" classname="atlantamarket_UAT.MarketPlanner"/>
  <testcase name="TS004_VerifyMarketPlannerSignOutTest" time="13.271" classname="atlantamarket_UAT.MarketPlanner"/>

</testsuite> <!-- RegressionTest -->
