<?xml version="1.0" encoding="UTF-8"?>
<!-- Generated by org.testng.reporters.JUnitXMLReporter -->
<testsuite hostname="NILAMMA-W10" name="RegressionTest" tests="3" failures="1" timestamp="23 Aug 2022 08:26:44 GMT" time="443.407" errors="0">
  <testcase name="TS005_VerifyArticlesOverviewInGlobalSearchTest" time="72.183" classname="atlantamarket_PROD.GlobalSearch_SearchFor"/>
  <testcase name="TS006_VerifyArticlesFiltersFunctionalityInGlobalSearchTest" time="278.631" classname="atlantamarket_PROD.GlobalSearch_SearchFor">
    <failure type="java.lang.AssertionError" message="expected [true] but found [false]">
      <![CDATA[java.lang.AssertionError: expected [true] but found [false]
	at atlantamarket_PROD.GlobalSearch_SearchFor.TS006_VerifyArticlesFiltersFunctionalityInGlobalSearchTest(GlobalSearch_SearchFor.java:447)
... Removed 28 stack frames]]>
    </failure>
  </testcase> <!-- TS006_VerifyArticlesFiltersFunctionalityInGlobalSearchTest -->
  <testcase name="TS007_VerifyArticlesSearchFunctionalityInGlobalSearchTest" time="54.363" classname="atlantamarket_PROD.GlobalSearch_SearchFor"/>
</testsuite> <!-- RegressionTest -->
