<?xml version="1.0" encoding="UTF-8"?>
<!-- Generated by org.testng.reporters.JUnitXMLReporter -->
<testsuite hostname="swapnili" name="RegressionTest" tests="4" failures="0" timestamp="27 Jul 2022 12:42:10 GMT" time="105.722" errors="0">
  <testcase name="TS001_VerifyGlobalSearchSearchForInformationTest" time="21.05" classname="atlantamarket_PROD.GlobalSearch_SearchFor"/>
  <testcase name="TS002_VerifyGlobalSearchSearchForCatalogsTest" time="29.853" classname="atlantamarket_PROD.GlobalSearch_SearchFor"/>
  <testcase name="TS003_VerifyGlobalSearchSearchForArticlesTest" time="15.27" classname="atlantamarket_PROD.GlobalSearch_SearchFor"/>
  <testcase name="TS004_VerifyGlobalSearchSearchForBlogTest" time="20.687" classname="atlantamarket_PROD.GlobalSearch_SearchFor"/>
</testsuite> <!-- RegressionTest -->
