<?xml version="1.0" encoding="UTF-8"?>
<!-- Generated by org.testng.reporters.JUnitXMLReporter -->

<testsuite hostname="swapnili" name="RegressionTest" tests="1" failures="0" timestamp="10 Aug 2022 13:21:40 GMT" time="121.433" errors="0">
  <testcase name="TS0016_VerifyMarketPlannerListManageListEditOptTest" time="78.606" classname="atlantamarket_UAT.MarketPlanner"/>

<testsuite hostname="shradhama-win10" name="RegressionTest" tests="1" failures="0" timestamp="10 Aug 2022 09:36:37 GMT" time="38.287" errors="0">
  <testcase name="TS005_VerifyShowSpecialsTest" time="11.864" classname="atlantamarket_PROD.GlobalSearch_SearchFor"/>

</testsuite> <!-- RegressionTest -->
