<?xml version="1.0" encoding="UTF-8"?>
<!-- Generated by org.testng.reporters.JUnitXMLReporter -->
<testsuite hostname="swapnili" name="RegressionTest" tests="8" failures="2" timestamp="24 Jun 2022 11:17:11 GMT" time="294.244" errors="0">
  <testcase name="TS001_VerifyNavigationToDifferentFloorBuildingsTest" time="54.19" classname="atlantamarket.FloorPlans">
    <failure type="org.openqa.selenium.TimeoutException" message="Expected condition failed: waiting for element to be clickable: By.xpath: //div[@class=&amp;apos;imc-section&amp;apos;]/div[1]/div[2]/div[2]/div[1]/div[2] (tried for 20 second(s) with 500 MILLISECONDS interval)">
      <![CDATA[org.openqa.selenium.TimeoutException: Expected condition failed: waiting for element to be clickable: By.xpath: //div[@class='imc-section']/div[1]/div[2]/div[2]/div[1]/div[2] (tried for 20 second(s) with 500 MILLISECONDS interval)
	at org.openqa.selenium.support.ui.WebDriverWait.timeoutException(WebDriverWait.java:80)
	at org.openqa.selenium.support.ui.FluentWait.until(FluentWait.java:232)
	at pageObjects.AtlantaMarket.ATLFloorPlansPage.getATLFloorPlansLink(ATLFloorPlansPage.java:51)
	at atlantamarket.FloorPlans.TS001_VerifyNavigationToDifferentFloorBuildingsTest(FloorPlans.java:86)
Caused by: org.openqa.selenium.NoSuchElementException: Cannot locate an element using By.xpath: //div[@class='imc-section']/div[1]/div[2]/div[2]/div[1]/div[2]
For documentation on this error, please visit: http://seleniumhq.org/exceptions/no_such_element.html
Build info: version: '3.4.0', revision: 'unknown', time: 'unknown'
System info: host: 'SWAPNILI', ip: '172.27.182.57', os.name: 'Windows 8.1', os.arch: 'amd64', os.version: '6.3', java.version: '1.8.0_161'
Driver info: driver.version: unknown
	at org.openqa.selenium.support.ui.ExpectedConditions.lambda$findElement$0(ExpectedConditions.java:883)
	at java.util.Optional.orElseThrow(Optional.java:290)
	at org.openqa.selenium.support.ui.ExpectedConditions.findElement(ExpectedConditions.java:882)
	at org.openqa.selenium.support.ui.ExpectedConditions.access$000(ExpectedConditions.java:44)
	at org.openqa.selenium.support.ui.ExpectedConditions$7.apply(ExpectedConditions.java:206)
	at org.openqa.selenium.support.ui.ExpectedConditions$7.apply(ExpectedConditions.java:202)
	at org.openqa.selenium.support.ui.ExpectedConditions$22.apply(ExpectedConditions.java:644)
	at org.openqa.selenium.support.ui.ExpectedConditions$22.apply(ExpectedConditions.java:641)
	at org.openqa.selenium.support.ui.FluentWait.until(FluentWait.java:209)
	... 26 more
... Removed 24 stack frames]]>
    </failure>
  </testcase> <!-- TS001_VerifyNavigationToDifferentFloorBuildingsTest -->
  <testcase name="TS003_VerifyFloorPlansNoExhibitorsLoadingMessageTest" time="8.676" classname="atlantamarket.FloorPlans"/>
  <testcase name="TS004_VerifyFloorPlansZoomInOutLevelTest" time="17.399" classname="atlantamarket.FloorPlans"/>
  <testcase name="TS005_VerifyFloorPlansIconsTest" time="14.677" classname="atlantamarket.FloorPlans"/>
  <testcase name="TS006_VerifyFlooPlansFiltersTest" time="59.887" classname="atlantamarket.FloorPlans"/>
  <testcase name="TS007_VerifyFloorPlansPaginationTest" time="33.989" classname="atlantamarket.FloorPlans"/>
  <testcase name="TS008_VerifyFloorPlansSelectExhibitorsTest" time="36.568" classname="atlantamarket.FloorPlans">
    <failure type="java.lang.AssertionError" message="expected [true] but found [false]">
      <![CDATA[java.lang.AssertionError: expected [true] but found [false]
	at atlantamarket.FloorPlans.TS008_VerifyFloorPlansSelectExhibitorsTest(FloorPlans.java:348)
... Removed 28 stack frames]]>
    </failure>
  </testcase> <!-- TS008_VerifyFloorPlansSelectExhibitorsTest -->
  <testcase name="TS009_VerifyFloorPlanReturnToBuildingListTest" time="13.784" classname="atlantamarket.FloorPlans"/>
</testsuite> <!-- RegressionTest -->
