<?xml version="1.0" encoding="UTF-8"?>
<!-- Generated by org.testng.reporters.JUnitXMLReporter -->

<testsuite hostname="NILAMMA-W10" name="RegressionTest" tests="1" failures="0" timestamp="13 Sep 2022 10:38:12 GMT" time="175.241" errors="0">
  <testcase name="TS012_VerifyAddToFavoriteFunctionalityForExhibitorOnFloorPlansPageTest" time="40.012" classname="atlantamarket_PROD.FloorPlans"/>

<testsuite hostname="shradhama-win10" name="RegressionTest" tests="1" failures="1" timestamp="13 Sep 2022 05:43:40 GMT" time="129.356" errors="0">
  <testcase name="TS052_VerifyRegistrationTabDetailsTest" time="16.323" classname="atlantamarket_UAT.MarketPlanner">
    <failure type="java.lang.AssertionError" message="expected [true] but found [false]">
      <![CDATA[java.lang.AssertionError: expected [true] but found [false]
	at atlantamarket_UAT.MarketPlanner.TS052_VerifyRegistrationTabDetailsTest(MarketPlanner.java:3094)
... Removed 28 stack frames]]>
    </failure>
  </testcase> <!-- TS052_VerifyRegistrationTabDetailsTest -->
</testsuite> <!-- RegressionTest -->
