<?xml version="1.0" encoding="UTF-8"?>
<!-- Generated by org.testng.reporters.JUnitXMLReporter -->
<testsuite hostname="shradhama-win10" name="RegressionTest" tests="2" failures="0" timestamp="19 Aug 2022 05:59:18 GMT" time="92.703" errors="0">
  <testcase name="TS001_VerifyMarketPlannerLoginTest" time="32.849" classname="atlantamarket_UAT.MarketPlanner"/>
  <testcase name="TS020_VerifyMPActivitiesCardOverviewTest" time="39.088" classname="atlantamarket_UAT.MarketPlanner"/>
</testsuite> <!-- RegressionTest -->
