<?xml version="1.0" encoding="UTF-8"?>
<!-- Generated by org.testng.reporters.JUnitXMLReporter -->
<testsuite hostname="NILAMMA-W10" name="RegressionTest" tests="2" failures="0" timestamp="28 Jul 2022 07:13:03 GMT" time="131.14" errors="0">
  <testcase name="TS001_VerifySelectionOfApparelVintageProdCatgFromLeftPaneFiltersTest" time="33.798" classname="atlantamarket_PROD.GlobalSearch_LeftPaneFilters"/>
  <testcase name="TS002_VerifySelectionOfAntiqueVintageProdCatgFromLeftPaneFiltersTest" time="64.412" classname="atlantamarket_PROD.GlobalSearch_LeftPaneFilters"/>
</testsuite> <!-- RegressionTest -->
