<?xml version="1.0" encoding="UTF-8"?>
<!-- Generated by org.testng.reporters.JUnitXMLReporter -->
<testsuite hostname="shradhama-win10" name="RegressionTest" tests="2" failures="0" timestamp="16 Aug 2022 08:49:03 GMT" time="90.626" errors="0">
  <testcase name="TS001_VerifyMarketPlannerLoginTest" time="27.234" classname="atlantamarket_UAT.MarketPlanner"/>
  <testcase name="TS015_VerifyMPListsCardOverviewTest" time="30.025" classname="atlantamarket_UAT.MarketPlanner"/>
</testsuite> <!-- RegressionTest -->
