<?xml version="1.0" encoding="UTF-8"?>
<!-- Generated by org.testng.reporters.JUnitXMLReporter -->
<testsuite hostname="swapnili" name="RegressionTest" tests="11" failures="1" timestamp="19 Oct 2022 09:04:04 GMT" time="461.166" errors="0">
  <testcase name="TS001_VerifyGlobalSearchContainsAndStartsWithTest" time="9.14" classname="atlantamarket_UAT.GlobalSearch_MatchingResults"/>
  <testcase name="TS002_VerifyGlobalSearchMatchingResultsSortWithinTest" time="34.562" classname="atlantamarket_UAT.GlobalSearch_MatchingResults"/>
  <testcase name="TS003_VerifyGlobalSearchMatchingResultsSortSortByTest" time="40.653" classname="atlantamarket_UAT.GlobalSearch_MatchingResults"/>
  <testcase name="TS004_VerifyGlobalSearchMatchingResultsSortFilterByNameTest" time="15.387" classname="atlantamarket_UAT.GlobalSearch_MatchingResults"/>
  <testcase name="TS005_VerifyGlobalSearchMatchingResultsSelectAddToFavoritesTest" time="60.395" classname="atlantamarket_UAT.GlobalSearch_MatchingResults"/>
  <testcase name="TS006_VerifyGlobalSearchMatchingResultsSelectAddToExistingListTest" time="105.123" classname="atlantamarket_UAT.GlobalSearch_MatchingResults"/>
  <testcase name="TS007_VerifyGlobalSearchMatchingResultsSelectAddToNewlyCreatedListTest" time="114.781" classname="atlantamarket_UAT.GlobalSearch_MatchingResults"/>
  <testcase name="TS008_VerifyGlobalSearchMatchingResultsUsePreviousSavedSearchTest" time="11.517" classname="atlantamarket_UAT.GlobalSearch_MatchingResults">
    <failure type="java.lang.AssertionError" message="expected [true] but found [false]">
      <![CDATA[java.lang.AssertionError: expected [true] but found [false]
	at atlantamarket_UAT.GlobalSearch_MatchingResults.TS008_VerifyGlobalSearchMatchingResultsUsePreviousSavedSearchTest(GlobalSearch_MatchingResults.java:479)
... Removed 28 stack frames]]>
    </failure>
  </testcase> <!-- TS008_VerifyGlobalSearchMatchingResultsUsePreviousSavedSearchTest -->
  <testcase name="TS009_VerifyGlobalSearchMatchingResultsSavedSearchesTest" time="13.436" classname="atlantamarket_UAT.GlobalSearch_MatchingResults"/>
  <testcase name="TS010_VerifyShowSpecialsLinksExhibitorNameTest" time="13.431" classname="atlantamarket_UAT.GlobalSearch_MatchingResults"/>
  <testcase name="TS011_VerifyShowSpecialsLinksShowroomTest" time="11.322" classname="atlantamarket_UAT.GlobalSearch_MatchingResults"/>
</testsuite> <!-- RegressionTest -->
