<?xml version="1.0" encoding="UTF-8"?>
<!-- Generated by org.testng.reporters.JUnitXMLReporter -->
<testsuite hostname="Anuppa-VD3" name="RegressionParallelest" tests="42" failures="5" timestamp="12 Oct 2023 05:31:47 GMT" time="2890.261" errors="0">
  <testcase name="TS001_VerifyClickOnLocationLinksForExhibitorDigitalShowroomTest" time="38.14" classname="lasvegasmarket_PROD.ExhibitorDigitalShowroom"/>
  <testcase name="TS002_VerifyClickOnTotalLinesSeeAllLinesForExhibitorTest" time="57.175" classname="lasvegasmarket_PROD.ExhibitorDigitalShowroom"/>
  <testcase name="TS003_VerifyClickOnProductShownLinkForExhibitorTest" time="64.528" classname="lasvegasmarket_PROD.ExhibitorDigitalShowroom"/>
  <testcase name="TS004_VerifyClickOnLineFiltersForExhibitorTest" time="35.915" classname="lasvegasmarket_PROD.ExhibitorDigitalShowroom"/>
  <testcase name="TS005_VerifyClickOnLineSearchForExhibitorTest" time="34.526" classname="lasvegasmarket_PROD.ExhibitorDigitalShowroom"/>
  <testcase name="TS006_VerifyExhibitorDigitalShowroomLinesComponentSeeAllLinesTest" time="32.242" classname="lasvegasmarket_PROD.ExhibitorDigitalShowroom"/>
  <testcase name="TS007_VerifyExhibitorDigitalShowroomProductsComponentSeeAllProductsTest" time="34.707" classname="lasvegasmarket_PROD.ExhibitorDigitalShowroom"/>
  <testcase name="TS008_VerifySeeInOtherMarketsForExhibitorTest" time="46.532" classname="lasvegasmarket_PROD.ExhibitorDigitalShowroom"/>
  <testcase name="TS009_VerifyExhibitorDigitalShowroomCatalogsComponentSeeAllCatalogsTest" time="38.292" classname="lasvegasmarket_PROD.ExhibitorDigitalShowroom"/>
  <testcase name="TS010_VerifyExhibitorDigitalShowroomHeroComponentVisitExhibitorsiteTest" time="39.32" classname="lasvegasmarket_PROD.ExhibitorDigitalShowroom"/>
  <testcase name="TS011_VerifyExhibitorDigitalShowroomHeroComponentView3DShowroomTest" time="36.659" classname="lasvegasmarket_PROD.ExhibitorDigitalShowroom"/>
  <testcase name="TS012_VerifyExhibitorDigitalEventsComponentTest" time="55.588" classname="lasvegasmarket_PROD.ExhibitorDigitalShowroom">
    <failure type="org.openqa.selenium.TimeoutException" message="Expected condition failed: waiting for visibility of element located by By.xpath: (//span[contains(text(),&amp;apos;Events&amp;apos;)])[1] (tried for 30 second(s) with 500 milliseconds interval)">
      <![CDATA[org.openqa.selenium.TimeoutException: Expected condition failed: waiting for visibility of element located by By.xpath: (//span[contains(text(),'Events')])[1] (tried for 30 second(s) with 500 milliseconds interval)
	at org.openqa.selenium.support.ui.WebDriverWait.timeoutException(WebDriverWait.java:95)
	at org.openqa.selenium.support.ui.FluentWait.until(FluentWait.java:272)
	at pageObjects.LasVegasMarket.LVMExhDigiShowroomPage.getEventsSection(LVMExhDigiShowroomPage.java:193)
	at lasvegasmarket_PROD.ExhibitorDigitalShowroom.TS012_VerifyExhibitorDigitalEventsComponentTest(ExhibitorDigitalShowroom.java:550)
	at java.util.concurrent.ThreadPoolExecutor.runWorker(Unknown Source)
	at java.util.concurrent.ThreadPoolExecutor$Worker.run(Unknown Source)
	at java.lang.Thread.run(Unknown Source)
Caused by: org.openqa.selenium.NoSuchElementException: no such element: Unable to locate element: {"method":"xpath","selector":"(//span[contains(text(),'Events')])[1]"}
  (Session info: chrome=117.0.5938.150)
For documentation on this error, please visit: https://www.seleniumhq.org/exceptions/no_such_element.html
Build info: version: '3.141.59', revision: 'e82be7d358', time: '2018-11-14T08:17:03'
System info: host: 'ANUPPA-VD3', ip: '172.27.182.66', os.name: 'Windows 10', os.arch: 'amd64', os.version: '10.0', java.version: '1.8.0_381'
Driver info: org.openqa.selenium.chrome.ChromeDriver
Capabilities {acceptInsecureCerts: false, browserName: chrome, browserVersion: 117.0.5938.150, chrome: {chromedriverVersion: 117.0.5938.149 (e3344ddefa1..., userDataDir: C:\Users\anuppa\AppData\Loc...}, fedcm:accounts: true, goog:chromeOptions: {debuggerAddress: localhost:51768}, javascriptEnabled: true, networkConnectionEnabled: false, pageLoadStrategy: normal, platform: WINDOWS, platformName: WINDOWS, proxy: Proxy(), setWindowRect: true, strictFileInteractability: false, timeouts: {implicit: 0, pageLoad: 300000, script: 30000}, unhandledPromptBehavior: dismiss and notify, webauthn:extension:credBlob: true, webauthn:extension:largeBlob: true, webauthn:extension:minPinLength: true, webauthn:extension:prf: true, webauthn:virtualAuthenticators: true}
Session ID: 23b2b3ef6cbccccbbb38cc55d80ba931
*** Element info: {Using=xpath, value=(//span[contains(text(),'Events')])[1]}
	at org.openqa.selenium.remote.http.W3CHttpResponseCodec.createException(W3CHttpResponseCodec.java:187)
	at org.openqa.selenium.remote.http.W3CHttpResponseCodec.decode(W3CHttpResponseCodec.java:122)
	at org.openqa.selenium.remote.http.W3CHttpResponseCodec.decode(W3CHttpResponseCodec.java:49)
	at org.openqa.selenium.remote.HttpCommandExecutor.execute(HttpCommandExecutor.java:158)
	at org.openqa.selenium.remote.service.DriverCommandExecutor.execute(DriverCommandExecutor.java:83)
	at org.openqa.selenium.remote.RemoteWebDriver.execute(RemoteWebDriver.java:552)
	at org.openqa.selenium.remote.RemoteWebDriver.findElement(RemoteWebDriver.java:323)
	at org.openqa.selenium.remote.RemoteWebDriver.findElementByXPath(RemoteWebDriver.java:428)
	at org.openqa.selenium.By$ByXPath.findElement(By.java:353)
	at org.openqa.selenium.remote.RemoteWebDriver.findElement(RemoteWebDriver.java:315)
	at org.openqa.selenium.support.ui.ExpectedConditions$7.apply(ExpectedConditions.java:205)
	at org.openqa.selenium.support.ui.ExpectedConditions$7.apply(ExpectedConditions.java:201)
	at org.openqa.selenium.support.ui.FluentWait.until(FluentWait.java:249)
	... 15 more
... Removed 14 stack frames]]>
    </failure>
  </testcase> <!-- TS012_VerifyExhibitorDigitalEventsComponentTest -->
  <testcase name="TS013_VerifyCatalogsSectionForExhibitorTest" time="41.37" classname="lasvegasmarket_PROD.ExhibitorDigitalShowroom"/>
  <testcase name="TS014_VerifyExhibitorDigitalShowroomShowSpecialsTest" time="55.92" classname="lasvegasmarket_PROD.ExhibitorDigitalShowroom">
    <failure type="org.openqa.selenium.TimeoutException" message="Expected condition failed: waiting for visibility of element located by By.xpath: //div[@class = &amp;apos;imc-exhibitors--alternated-section imc-section--full-width-mobile imc-content--display-flex imc-content--display-flex-grow-1&amp;apos;]/div[1]/div/span[text()=&amp;apos;Show Specials&amp;apos;] (tried for 30 second(s) with 500 milliseconds interval)">
      <![CDATA[org.openqa.selenium.TimeoutException: Expected condition failed: waiting for visibility of element located by By.xpath: //div[@class = 'imc-exhibitors--alternated-section imc-section--full-width-mobile imc-content--display-flex imc-content--display-flex-grow-1']/div[1]/div/span[text()='Show Specials'] (tried for 30 second(s) with 500 milliseconds interval)
	at org.openqa.selenium.support.ui.WebDriverWait.timeoutException(WebDriverWait.java:95)
	at org.openqa.selenium.support.ui.FluentWait.until(FluentWait.java:272)
	at pageObjects.LasVegasMarket.LVMExhDigiShowroomPage.getshowSpecialSection(LVMExhDigiShowroomPage.java:173)
	at lasvegasmarket_PROD.ExhibitorDigitalShowroom.TS014_VerifyExhibitorDigitalShowroomShowSpecialsTest(ExhibitorDigitalShowroom.java:646)
	at java.util.concurrent.ThreadPoolExecutor.runWorker(Unknown Source)
	at java.util.concurrent.ThreadPoolExecutor$Worker.run(Unknown Source)
	at java.lang.Thread.run(Unknown Source)
Caused by: org.openqa.selenium.NoSuchElementException: no such element: Unable to locate element: {"method":"xpath","selector":"//div[@class = 'imc-exhibitors--alternated-section imc-section--full-width-mobile imc-content--display-flex imc-content--display-flex-grow-1']/div[1]/div/span[text()='Show Specials']"}
  (Session info: chrome=117.0.5938.150)
For documentation on this error, please visit: https://www.seleniumhq.org/exceptions/no_such_element.html
Build info: version: '3.141.59', revision: 'e82be7d358', time: '2018-11-14T08:17:03'
System info: host: 'ANUPPA-VD3', ip: '172.27.182.66', os.name: 'Windows 10', os.arch: 'amd64', os.version: '10.0', java.version: '1.8.0_381'
Driver info: org.openqa.selenium.chrome.ChromeDriver
Capabilities {acceptInsecureCerts: false, browserName: chrome, browserVersion: 117.0.5938.150, chrome: {chromedriverVersion: 117.0.5938.149 (e3344ddefa1..., userDataDir: C:\Users\anuppa\AppData\Loc...}, fedcm:accounts: true, goog:chromeOptions: {debuggerAddress: localhost:51768}, javascriptEnabled: true, networkConnectionEnabled: false, pageLoadStrategy: normal, platform: WINDOWS, platformName: WINDOWS, proxy: Proxy(), setWindowRect: true, strictFileInteractability: false, timeouts: {implicit: 0, pageLoad: 300000, script: 30000}, unhandledPromptBehavior: dismiss and notify, webauthn:extension:credBlob: true, webauthn:extension:largeBlob: true, webauthn:extension:minPinLength: true, webauthn:extension:prf: true, webauthn:virtualAuthenticators: true}
Session ID: 23b2b3ef6cbccccbbb38cc55d80ba931
*** Element info: {Using=xpath, value=//div[@class = 'imc-exhibitors--alternated-section imc-section--full-width-mobile imc-content--display-flex imc-content--display-flex-grow-1']/div[1]/div/span[text()='Show Specials']}
	at org.openqa.selenium.remote.http.W3CHttpResponseCodec.createException(W3CHttpResponseCodec.java:187)
	at org.openqa.selenium.remote.http.W3CHttpResponseCodec.decode(W3CHttpResponseCodec.java:122)
	at org.openqa.selenium.remote.http.W3CHttpResponseCodec.decode(W3CHttpResponseCodec.java:49)
	at org.openqa.selenium.remote.HttpCommandExecutor.execute(HttpCommandExecutor.java:158)
	at org.openqa.selenium.remote.service.DriverCommandExecutor.execute(DriverCommandExecutor.java:83)
	at org.openqa.selenium.remote.RemoteWebDriver.execute(RemoteWebDriver.java:552)
	at org.openqa.selenium.remote.RemoteWebDriver.findElement(RemoteWebDriver.java:323)
	at org.openqa.selenium.remote.RemoteWebDriver.findElementByXPath(RemoteWebDriver.java:428)
	at org.openqa.selenium.By$ByXPath.findElement(By.java:353)
	at org.openqa.selenium.remote.RemoteWebDriver.findElement(RemoteWebDriver.java:315)
	at org.openqa.selenium.support.ui.ExpectedConditions$7.apply(ExpectedConditions.java:205)
	at org.openqa.selenium.support.ui.ExpectedConditions$7.apply(ExpectedConditions.java:201)
	at org.openqa.selenium.support.ui.FluentWait.until(FluentWait.java:249)
	... 15 more
... Removed 14 stack frames]]>
    </failure>
  </testcase> <!-- TS014_VerifyExhibitorDigitalShowroomShowSpecialsTest -->
  <testcase name="TS015_VerifyExhibitorDigitalShowroomHeroComponentContactExhibitorTest" time="22.482" classname="lasvegasmarket_PROD.ExhibitorDigitalShowroom"/>
  <testcase name="TS001_VerifyNavigationToDifferentFloorBuildingsTest" time="21.682" classname="lasvegasmarket_PROD.FloorPlans"/>
  <testcase name="TS002_VerifyNoExhibitorsOnThisFloorMessageTest" time="6.211" classname="lasvegasmarket_PROD.FloorPlans"/>
  <testcase name="TS003_VerifyZoomInOutLevelOnFloorPlansPageTest" time="20.608" classname="lasvegasmarket_PROD.FloorPlans"/>
  <testcase name="TS004_VerifyIconsOnFloorPlansPageTest" time="21.093" classname="lasvegasmarket_PROD.FloorPlans"/>
  <testcase name="TS005_VerifyPaginationOnFloorPlansPageTest" time="34.562" classname="lasvegasmarket_PROD.FloorPlans">
    <failure type="org.openqa.selenium.TimeoutException" message="Expected condition failed: waiting for element to be clickable: By.xpath: //a[contains(text(),&amp;apos;Floor Plans&amp;apos;)] (tried for 30 second(s) with 500 milliseconds interval)">
      <![CDATA[org.openqa.selenium.TimeoutException: Expected condition failed: waiting for element to be clickable: By.xpath: //a[contains(text(),'Floor Plans')] (tried for 30 second(s) with 500 milliseconds interval)
	at org.openqa.selenium.support.ui.WebDriverWait.timeoutException(WebDriverWait.java:95)
	at org.openqa.selenium.support.ui.FluentWait.until(FluentWait.java:272)
	at pageObjects.LasVegasMarket.LVMFloorPlansPage.getLVMFloorPlansLink(LVMFloorPlansPage.java:80)
	at lasvegasmarket_PROD.FloorPlans.TS005_VerifyPaginationOnFloorPlansPageTest(FloorPlans.java:294)
	at java.util.concurrent.ThreadPoolExecutor.runWorker(Unknown Source)
	at java.util.concurrent.ThreadPoolExecutor$Worker.run(Unknown Source)
	at java.lang.Thread.run(Unknown Source)
Caused by: org.openqa.selenium.NoSuchElementException: no such element: Unable to locate element: {"method":"xpath","selector":"//a[contains(text(),'Floor Plans')]"}
  (Session info: chrome=117.0.5938.150)
For documentation on this error, please visit: https://www.seleniumhq.org/exceptions/no_such_element.html
Build info: version: '3.141.59', revision: 'e82be7d358', time: '2018-11-14T08:17:03'
System info: host: 'ANUPPA-VD3', ip: '172.27.182.66', os.name: 'Windows 10', os.arch: 'amd64', os.version: '10.0', java.version: '1.8.0_381'
Driver info: org.openqa.selenium.chrome.ChromeDriver
Capabilities {acceptInsecureCerts: false, browserName: chrome, browserVersion: 117.0.5938.150, chrome: {chromedriverVersion: 117.0.5938.149 (e3344ddefa1..., userDataDir: C:\Users\anuppa\AppData\Loc...}, fedcm:accounts: true, goog:chromeOptions: {debuggerAddress: localhost:52698}, javascriptEnabled: true, networkConnectionEnabled: false, pageLoadStrategy: normal, platform: WINDOWS, platformName: WINDOWS, proxy: Proxy(), setWindowRect: true, strictFileInteractability: false, timeouts: {implicit: 0, pageLoad: 300000, script: 30000}, unhandledPromptBehavior: dismiss and notify, webauthn:extension:credBlob: true, webauthn:extension:largeBlob: true, webauthn:extension:minPinLength: true, webauthn:extension:prf: true, webauthn:virtualAuthenticators: true}
Session ID: c99428809766171e3a2ad0233aba1aee
*** Element info: {Using=xpath, value=//a[contains(text(),'Floor Plans')]}
	at org.openqa.selenium.remote.http.W3CHttpResponseCodec.createException(W3CHttpResponseCodec.java:187)
	at org.openqa.selenium.remote.http.W3CHttpResponseCodec.decode(W3CHttpResponseCodec.java:122)
	at org.openqa.selenium.remote.http.W3CHttpResponseCodec.decode(W3CHttpResponseCodec.java:49)
	at org.openqa.selenium.remote.HttpCommandExecutor.execute(HttpCommandExecutor.java:158)
	at org.openqa.selenium.remote.service.DriverCommandExecutor.execute(DriverCommandExecutor.java:83)
	at org.openqa.selenium.remote.RemoteWebDriver.execute(RemoteWebDriver.java:552)
	at org.openqa.selenium.remote.RemoteWebDriver.findElement(RemoteWebDriver.java:323)
	at org.openqa.selenium.remote.RemoteWebDriver.findElementByXPath(RemoteWebDriver.java:428)
	at org.openqa.selenium.By$ByXPath.findElement(By.java:353)
	at org.openqa.selenium.remote.RemoteWebDriver.findElement(RemoteWebDriver.java:315)
	at org.openqa.selenium.support.ui.ExpectedConditions$7.apply(ExpectedConditions.java:205)
	at org.openqa.selenium.support.ui.ExpectedConditions$7.apply(ExpectedConditions.java:201)
	at org.openqa.selenium.support.ui.ExpectedConditions$22.apply(ExpectedConditions.java:641)
	at org.openqa.selenium.support.ui.ExpectedConditions$22.apply(ExpectedConditions.java:638)
	at org.openqa.selenium.support.ui.FluentWait.until(FluentWait.java:249)
	... 15 more
... Removed 14 stack frames]]>
    </failure>
  </testcase> <!-- TS005_VerifyPaginationOnFloorPlansPageTest -->
  <testcase name="TS006_VerifySelectionOfExhibitorOnFloorPlansPageTest" time="46.676" classname="lasvegasmarket_PROD.FloorPlans"/>
  <testcase name="TS007_VerifyClickOnReturnToBuildingListBtnTest" time="12.02" classname="lasvegasmarket_PROD.FloorPlans"/>
  <testcase name="TS008_VerifySearchFunctionalityForExhListOnFloorPlansPageTest" time="61.645" classname="lasvegasmarket_PROD.FloorPlans"/>
  <testcase name="TS001_VerifySelectionOfApparelVintageProdCatgFromLeftPaneFiltersTest" time="38.014" classname="lasvegasmarket_PROD.GlobalSearch_LeftPaneFilters"/>
  <testcase name="TS002_VerifySelectionOfAntiqueVintageProdCatgFromLeftPaneFiltersTest" time="35.087" classname="lasvegasmarket_PROD.GlobalSearch_LeftPaneFilters"/>
  <testcase name="TS003_VerifyCombinationWithinProdCatgFromLeftPaneFiltersTest" time="41.145" classname="lasvegasmarket_PROD.GlobalSearch_LeftPaneFilters">
    <failure type="java.lang.AssertionError" message="expected [true] but found [false]">
      <![CDATA[java.lang.AssertionError: expected [true] but found [false]
	at lasvegasmarket_PROD.GlobalSearch_LeftPaneFilters.TS003_VerifyCombinationWithinProdCatgFromLeftPaneFiltersTest(GlobalSearch_LeftPaneFilters.java:233)
	at java.util.concurrent.ThreadPoolExecutor.runWorker(Unknown Source)
	at java.util.concurrent.ThreadPoolExecutor$Worker.run(Unknown Source)
	at java.lang.Thread.run(Unknown Source)
... Removed 14 stack frames]]>
    </failure>
  </testcase> <!-- TS003_VerifyCombinationWithinProdCatgFromLeftPaneFiltersTest -->
  <testcase name="TS004_VerifyCombinationOfProdCatgWithStylesFromLeftPaneFiltersTest" time="103.205" classname="lasvegasmarket_PROD.GlobalSearch_LeftPaneFilters"/>
  <testcase name="TS005_VerifySelectionOfAccentFurnitureProdCatgFromLeftPaneFiltersTest" time="34.44" classname="lasvegasmarket_PROD.GlobalSearch_LeftPaneFilters"/>
  <testcase name="TS006_VerifySelectionOfHolidayProdCatgFromLeftPaneFiltersTest" time="51.4" classname="lasvegasmarket_PROD.GlobalSearch_LeftPaneFilters"/>
  <testcase name="TS007_VerifySelectionOfDecorativeAccessProdCatgFromLeftPaneFiltersTest" time="34.884" classname="lasvegasmarket_PROD.GlobalSearch_LeftPaneFilters"/>
  <testcase name="TS008_VerifySelectionOfGeneralGiftProdCatgFromLeftPaneFiltersTest" time="36.723" classname="lasvegasmarket_PROD.GlobalSearch_LeftPaneFilters"/>
  <testcase name="TS009_VerifySelectionOfFashionAccProdCatgFromLeftPaneFiltersTest" time="50.508" classname="lasvegasmarket_PROD.GlobalSearch_LeftPaneFilters"/>
  <testcase name="TS010_VerifySelectionOfFloralBotanicalsProdCatgFromLeftPaneFiltersTest" time="37.621" classname="lasvegasmarket_PROD.GlobalSearch_LeftPaneFilters"/>
  <testcase name="TS011_VerifySelectionOfHomeTextilesProdCatgFromLeftPaneFiltersTest" time="33.506" classname="lasvegasmarket_PROD.GlobalSearch_LeftPaneFilters"/>
  <testcase name="TS001_VerifyClickOnShownByExhibitorNameLinkForLineTest" time="57.026" classname="lasvegasmarket_PROD.GlobalSearch_LineActions"/>
  <testcase name="TS002_VerifyClickOnLocationLinkForLineTest" time="60.939" classname="lasvegasmarket_PROD.GlobalSearch_LineActions"/>
  <testcase name="TS003_VerifyClickOnMatchingProductsSeeAllLinkForLineTest" time="63.121" classname="lasvegasmarket_PROD.GlobalSearch_LineActions">
    <failure type="java.lang.AssertionError" message="expected [1860] but found [224567]">
      <![CDATA[java.lang.AssertionError: expected [1860] but found [224567]
	at lasvegasmarket_PROD.GlobalSearch_LineActions.TS003_VerifyClickOnMatchingProductsSeeAllLinkForLineTest(GlobalSearch_LineActions.java:178)
	at java.util.concurrent.ThreadPoolExecutor.runWorker(Unknown Source)
	at java.util.concurrent.ThreadPoolExecutor$Worker.run(Unknown Source)
	at java.lang.Thread.run(Unknown Source)
... Removed 15 stack frames]]>
    </failure>
  </testcase> <!-- TS003_VerifyClickOnMatchingProductsSeeAllLinkForLineTest -->
  <testcase name="TS004_VerifyClickOnTotalProductsSeeAllLinkForLineTest" time="79.444" classname="lasvegasmarket_PROD.GlobalSearch_LineActions"/>
  <testcase name="TS001_VerifyGlobalSearchContainsAndStartsWithTest" time="315.333" classname="lasvegasmarket_PROD.GlobalSearch_MatchingResults"/>
  <testcase name="TS002_VerifyGlobalSearchMatchingResultsSortWithinTest" time="459.474" classname="lasvegasmarket_PROD.GlobalSearch_MatchingResults"/>
  <testcase name="TS003_VerifyGlobalSearchMatchingResultsSortSortByTest" time="71.91" classname="lasvegasmarket_PROD.GlobalSearch_MatchingResults"/>
  <testcase name="TS004_VerifyGlobalSearchMatchingResultsSortFilterByNameTest" time="64.499" classname="lasvegasmarket_PROD.GlobalSearch_MatchingResults"/>
</testsuite> <!-- RegressionParallelest -->
