<?xml version="1.0" encoding="UTF-8"?>
<!-- Generated by org.testng.reporters.JUnitXMLReporter -->
<testsuite hostname="swapnili" name="RegressionTest" tests="1" failures="1" timestamp="18 Oct 2022 12:27:19 GMT" time="62.89" errors="0">
  <testcase name="TS008_VerifyGlobalSearchMatchingResultsUsePreviousSavedSearchTest" time="36.541" classname="atlantamarket_UAT.GlobalSearch_MatchingResults">
    <failure type="java.lang.AssertionError" message="expected [true] but found [false]">
      <![CDATA[java.lang.AssertionError: expected [true] but found [false]
	at atlantamarket_UAT.GlobalSearch_MatchingResults.TS008_VerifyGlobalSearchMatchingResultsUsePreviousSavedSearchTest(GlobalSearch_MatchingResults.java:476)
... Removed 28 stack frames]]>
    </failure>
  </testcase> <!-- TS008_VerifyGlobalSearchMatchingResultsUsePreviousSavedSearchTest -->
</testsuite> <!-- RegressionTest -->
