<?xml version="1.0" encoding="UTF-8"?>
<!-- Generated by org.testng.reporters.JUnitXMLReporter -->
<testsuite hostname="swapnili" name="RegressionTest" tests="2" failures="0" timestamp="8 Aug 2022 09:50:05 GMT" time="93.147" errors="0">
  <testcase name="TS007_VerifyMarketPlannerListNewGroupBtnTest" time="53.731" classname="atlantamarket_UAT.MarketPlanner"/>
  <testcase name="TS008_VerifyMarketPlannerListNewListBtnTest" time="3.627" classname="atlantamarket_UAT.MarketPlanner"/>
</testsuite> <!-- RegressionTest -->
