<?xml version="1.0" encoding="UTF-8"?>
<!-- Generated by org.testng.reporters.JUnitXMLReporter -->
<testsuite hostname="swapnili" name="RegressionTest" tests="52" failures="16" timestamp="28 Oct 2022 09:13:55 GMT" time="3991.186" errors="0">
  <testcase name="TS001_VerifyMarketPlannerInvalidLoginCredentialsTest" time="53.979" classname="atlantamarket_UAT.MarketPlanner"/>
  <testcase name="TS002_VerifyMarketPlannerLoginTest" time="24.508" classname="atlantamarket_UAT.MarketPlanner"/>
  <testcase name="TS003_VerifyMarketPlannerChannelSelectorTest" time="166.365" classname="atlantamarket_UAT.MarketPlanner"/>
  <testcase name="TS004_VerifyAddToFavoriteFunctionalityUsingQuickAddForExhibitorTest" time="53.491" classname="atlantamarket_UAT.MarketPlanner"/>
  <testcase name="TS005_VerifyMarketPlannerSignOutTest" time="45.312" classname="atlantamarket_UAT.MarketPlanner"/>
  <testcase name="TS006_VerifyArrangeBtnFunctionalityForListsTest" time="34.04" classname="atlantamarket_UAT.MarketPlanner"/>
  <testcase name="TS007_VerifyNewGroupBtnFunctionalityForListsTest" time="14.212" classname="atlantamarket_UAT.MarketPlanner">
    <failure type="java.lang.AssertionError" message="expected [true] but found [false]">
      <![CDATA[java.lang.AssertionError: expected [true] but found [false]
	at resources.Utility.checkItemPresentInListorNot(Utility.java:164)
	at atlantamarket_UAT.MarketPlanner.TS007_VerifyNewGroupBtnFunctionalityForListsTest(MarketPlanner.java:383)
... Removed 28 stack frames]]>
    </failure>
  </testcase> <!-- TS007_VerifyNewGroupBtnFunctionalityForListsTest -->
  <testcase name="TS008_VerifyNewListBtnFunctionalityForListsTest" time="68.702" classname="atlantamarket_UAT.MarketPlanner"/>
  <testcase name="TS009_VerifyCreateNewGroupFormValidationForListsTest" time="14.254" classname="atlantamarket_UAT.MarketPlanner"/>
  <testcase name="TS010_VerifyCreateNewListFormValidationTest" time="76.509" classname="atlantamarket_UAT.MarketPlanner"/>
  <testcase name="TS011_VerifyMPDashboardOverviewTest" time="7.454" classname="atlantamarket_UAT.MarketPlanner"/>
  <testcase name="TS012_VerifyMPRegistrationCardOverviewTest" time="6.554" classname="atlantamarket_UAT.MarketPlanner"/>
  <testcase name="TS013_VerifyAddToFavoriteFunctionalityForProductTest" time="41.13" classname="atlantamarket_UAT.MarketPlanner"/>
  <testcase name="TS014_VerifyManageListOptionsOverviewTest" time="13.394" classname="atlantamarket_UAT.MarketPlanner"/>
  <testcase name="TS015_VerifyEditListFunctionalityForManageListTest" time="686.577" classname="atlantamarket_UAT.MarketPlanner"/>
  <testcase name="TS016_VerifyDuplicateLinkFunctionalityForListTest" time="101.616" classname="atlantamarket_UAT.MarketPlanner"/>
  <testcase name="TS017_VerifyRenameFunctionalityForListTest" time="237.113" classname="atlantamarket_UAT.MarketPlanner"/>
  <testcase name="TS018_VerifyAddToFavoriteFunctionalityForLineTest" time="37.471" classname="atlantamarket_UAT.MarketPlanner"/>
  <testcase name="TS019_VerifyAddToFavoriteFunctionalityForExhibitorTest" time="28.331" classname="atlantamarket_UAT.MarketPlanner"/>
  <testcase name="TS020_VerifyMPListsCardOverviewTest" time="28.204" classname="atlantamarket_UAT.MarketPlanner"/>
  <testcase name="TS021_VerifyMPActivitiesCardOverviewTest" time="29.758" classname="atlantamarket_UAT.MarketPlanner"/>
  <testcase name="TS022_VerifyFilterByOptionsOverviewForListTest" time="66.358" classname="atlantamarket_UAT.MarketPlanner"/>
  <testcase name="TS023_VerifyFilterByOptionsFunctionalityForListTest" time="111.837" classname="atlantamarket_UAT.MarketPlanner">
    <failure type="org.openqa.selenium.StaleElementReferenceException" message="stale element reference: element is not attached to the page document
  (Session info: chrome=107.0.5304.87)
For documentation on this error, please visit: http://seleniumhq.org/exceptions/stale_element_reference.html
Build info: version: &amp;apos;3.4.0&amp;apos;, revision: &amp;apos;unknown&amp;apos;, time: &amp;apos;unknown&amp;apos;
System info: host: &amp;apos;SWAPNILI&amp;apos;, ip: &amp;apos;172.27.182.57&amp;apos;, os.name: &amp;apos;Windows 8.1&amp;apos;, os.arch: &amp;apos;amd64&amp;apos;, os.version: &amp;apos;6.3&amp;apos;, java.version: &amp;apos;1.8.0_161&amp;apos;
Driver info: org.openqa.selenium.chrome.ChromeDriver
Capabilities [{networkConnectionEnabled=false, chrome={chromedriverVersion=107.0.5304.62 (1eec40d3a5764881c92085aaee66d25075c159aa-refs/branch-heads/5304@{#942}), userDataDir=C:\Users\swapnili\AppData\Local\Temp\scoped_dir712_587656222}, timeouts={implicit=0.0, pageLoad=300000.0, script=30000.0}, pageLoadStrategy=normal, unhandledPromptBehavior=dismiss and notify, strictFileInteractability=false, platform=ANY, proxy=Proxy(), goog:chromeOptions={debuggerAddress=localhost:60818}, webauthn:extension:credBlob=true, acceptInsecureCerts=false, browserVersion=107.0.5304.87, browserName=chrome, javascriptEnabled=true, platformName=windows, setWindowRect=true, webauthn:extension:largeBlob=true, webauthn:virtualAuthenticators=true}]
Session ID: 5cf45d0c0c46e1c36a8b08e97d9b4d4d">
      <![CDATA[org.openqa.selenium.StaleElementReferenceException: stale element reference: element is not attached to the page document
  (Session info: chrome=107.0.5304.87)
For documentation on this error, please visit: http://seleniumhq.org/exceptions/stale_element_reference.html
Build info: version: '3.4.0', revision: 'unknown', time: 'unknown'
System info: host: 'SWAPNILI', ip: '172.27.182.57', os.name: 'Windows 8.1', os.arch: 'amd64', os.version: '6.3', java.version: '1.8.0_161'
Driver info: org.openqa.selenium.chrome.ChromeDriver
Capabilities [{networkConnectionEnabled=false, chrome={chromedriverVersion=107.0.5304.62 (1eec40d3a5764881c92085aaee66d25075c159aa-refs/branch-heads/5304@{#942}), userDataDir=C:\Users\swapnili\AppData\Local\Temp\scoped_dir712_587656222}, timeouts={implicit=0.0, pageLoad=300000.0, script=30000.0}, pageLoadStrategy=normal, unhandledPromptBehavior=dismiss and notify, strictFileInteractability=false, platform=ANY, proxy=Proxy(), goog:chromeOptions={debuggerAddress=localhost:60818}, webauthn:extension:credBlob=true, acceptInsecureCerts=false, browserVersion=107.0.5304.87, browserName=chrome, javascriptEnabled=true, platformName=windows, setWindowRect=true, webauthn:extension:largeBlob=true, webauthn:virtualAuthenticators=true}]
Session ID: 5cf45d0c0c46e1c36a8b08e97d9b4d4d
	at org.openqa.selenium.remote.http.W3CHttpResponseCodec.createException(W3CHttpResponseCodec.java:150)
	at org.openqa.selenium.remote.http.W3CHttpResponseCodec.decode(W3CHttpResponseCodec.java:115)
	at org.openqa.selenium.remote.http.W3CHttpResponseCodec.decode(W3CHttpResponseCodec.java:45)
	at org.openqa.selenium.remote.HttpCommandExecutor.execute(HttpCommandExecutor.java:164)
	at org.openqa.selenium.remote.service.DriverCommandExecutor.execute(DriverCommandExecutor.java:82)
	at org.openqa.selenium.remote.RemoteWebDriver.execute(RemoteWebDriver.java:637)
	at org.openqa.selenium.remote.RemoteWebElement.execute(RemoteWebElement.java:272)
	at org.openqa.selenium.remote.RemoteWebElement.getText(RemoteWebElement.java:156)
	at atlantamarket_UAT.MarketPlanner.TS023_VerifyFilterByOptionsFunctionalityForListTest(MarketPlanner.java:1347)
... Removed 28 stack frames]]>
    </failure>
  </testcase> <!-- TS023_VerifyFilterByOptionsFunctionalityForListTest -->
  <testcase name="TS024_VerifyMarketPlannerListSortByTest" time="118.057" classname="atlantamarket_UAT.MarketPlanner"/>
  <testcase name="TS025_VerifyDuplicateLinkFunctionalityForListTest" time="23.919" classname="atlantamarket_UAT.MarketPlanner">
    <failure type="org.openqa.selenium.InvalidSelectorException" message="invalid selector: Unable to locate an element with the xpath expression //div[text()=&amp;apos;CybWIvgY&amp;apos;]/../div[2]/span[1]) because of the following error:
SyntaxError: Failed to execute &amp;apos;evaluate&amp;apos; on &amp;apos;Document&amp;apos;: The string &amp;apos;//div[text()=&amp;apos;CybWIvgY&amp;apos;]/../div[2]/span[1])&amp;apos; is not a valid XPath expression.
  (Session info: chrome=107.0.5304.87)
For documentation on this error, please visit: http://seleniumhq.org/exceptions/invalid_selector_exception.html
Build info: version: &amp;apos;3.4.0&amp;apos;, revision: &amp;apos;unknown&amp;apos;, time: &amp;apos;unknown&amp;apos;
System info: host: &amp;apos;SWAPNILI&amp;apos;, ip: &amp;apos;172.27.182.57&amp;apos;, os.name: &amp;apos;Windows 8.1&amp;apos;, os.arch: &amp;apos;amd64&amp;apos;, os.version: &amp;apos;6.3&amp;apos;, java.version: &amp;apos;1.8.0_161&amp;apos;
Driver info: org.openqa.selenium.chrome.ChromeDriver
Capabilities [{networkConnectionEnabled=false, chrome={chromedriverVersion=107.0.5304.62 (1eec40d3a5764881c92085aaee66d25075c159aa-refs/branch-heads/5304@{#942}), userDataDir=C:\Users\swapnili\AppData\Local\Temp\scoped_dir712_587656222}, timeouts={implicit=0.0, pageLoad=300000.0, script=30000.0}, pageLoadStrategy=normal, unhandledPromptBehavior=dismiss and notify, strictFileInteractability=false, platform=ANY, proxy=Proxy(), goog:chromeOptions={debuggerAddress=localhost:60818}, webauthn:extension:credBlob=true, acceptInsecureCerts=false, browserVersion=107.0.5304.87, browserName=chrome, javascriptEnabled=true, platformName=windows, setWindowRect=true, webauthn:extension:largeBlob=true, webauthn:virtualAuthenticators=true}]
Session ID: 5cf45d0c0c46e1c36a8b08e97d9b4d4d
*** Element info: {Using=xpath, value=//div[text()=&amp;apos;CybWIvgY&amp;apos;]/../div[2]/span[1])}">
      <![CDATA[org.openqa.selenium.InvalidSelectorException: invalid selector: Unable to locate an element with the xpath expression //div[text()='CybWIvgY']/../div[2]/span[1]) because of the following error:
SyntaxError: Failed to execute 'evaluate' on 'Document': The string '//div[text()='CybWIvgY']/../div[2]/span[1])' is not a valid XPath expression.
  (Session info: chrome=107.0.5304.87)
For documentation on this error, please visit: http://seleniumhq.org/exceptions/invalid_selector_exception.html
Build info: version: '3.4.0', revision: 'unknown', time: 'unknown'
System info: host: 'SWAPNILI', ip: '172.27.182.57', os.name: 'Windows 8.1', os.arch: 'amd64', os.version: '6.3', java.version: '1.8.0_161'
Driver info: org.openqa.selenium.chrome.ChromeDriver
Capabilities [{networkConnectionEnabled=false, chrome={chromedriverVersion=107.0.5304.62 (1eec40d3a5764881c92085aaee66d25075c159aa-refs/branch-heads/5304@{#942}), userDataDir=C:\Users\swapnili\AppData\Local\Temp\scoped_dir712_587656222}, timeouts={implicit=0.0, pageLoad=300000.0, script=30000.0}, pageLoadStrategy=normal, unhandledPromptBehavior=dismiss and notify, strictFileInteractability=false, platform=ANY, proxy=Proxy(), goog:chromeOptions={debuggerAddress=localhost:60818}, webauthn:extension:credBlob=true, acceptInsecureCerts=false, browserVersion=107.0.5304.87, browserName=chrome, javascriptEnabled=true, platformName=windows, setWindowRect=true, webauthn:extension:largeBlob=true, webauthn:virtualAuthenticators=true}]
Session ID: 5cf45d0c0c46e1c36a8b08e97d9b4d4d
*** Element info: {Using=xpath, value=//div[text()='CybWIvgY']/../div[2]/span[1])}
	at org.openqa.selenium.remote.http.W3CHttpResponseCodec.createException(W3CHttpResponseCodec.java:150)
	at org.openqa.selenium.remote.http.W3CHttpResponseCodec.decode(W3CHttpResponseCodec.java:115)
	at org.openqa.selenium.remote.http.W3CHttpResponseCodec.decode(W3CHttpResponseCodec.java:45)
	at org.openqa.selenium.remote.HttpCommandExecutor.execute(HttpCommandExecutor.java:164)
	at org.openqa.selenium.remote.service.DriverCommandExecutor.execute(DriverCommandExecutor.java:82)
	at org.openqa.selenium.remote.RemoteWebDriver.execute(RemoteWebDriver.java:637)
	at org.openqa.selenium.remote.RemoteWebDriver.findElement(RemoteWebDriver.java:410)
	at org.openqa.selenium.remote.RemoteWebDriver.findElementByXPath(RemoteWebDriver.java:509)
	at org.openqa.selenium.By$ByXPath.findElement(By.java:361)
	at org.openqa.selenium.remote.RemoteWebDriver.findElement(RemoteWebDriver.java:402)
	at atlantamarket_UAT.MarketPlanner.TS025_VerifyDuplicateLinkFunctionalityForListTest(MarketPlanner.java:1549)
... Removed 28 stack frames]]>
    </failure>
  </testcase> <!-- TS025_VerifyDuplicateLinkFunctionalityForListTest -->
  <testcase name="TS026_VerifyListDisplayControlsTest" time="14.877" classname="atlantamarket_UAT.MarketPlanner"/>
  <testcase name="TS027_VerifyListDisplayControlsFunctionalityTest" time="185.393" classname="atlantamarket_UAT.MarketPlanner">
    <failure type="java.lang.AssertionError" message="expected [true] but found [false]">
      <![CDATA[java.lang.AssertionError: expected [true] but found [false]
	at resources.Utility.checkItemPresentInListorNot(Utility.java:164)
	at atlantamarket_UAT.MarketPlanner.TS027_VerifyListDisplayControlsFunctionalityTest(MarketPlanner.java:1652)
... Removed 28 stack frames]]>
    </failure>
  </testcase> <!-- TS027_VerifyListDisplayControlsFunctionalityTest -->
  <testcase name="TS028_VerifyMarketPlannerListElementLocationLinkTest" time="34.455" classname="atlantamarket_UAT.MarketPlanner"/>
  <testcase name="TS029_VerifyMarketPlannerListsElementMoreOoptionsOverviewTest" time="32.564" classname="atlantamarket_UAT.MarketPlanner"/>
  <testcase name="TS030_VerifyMarketPlannerListsElementMoreOoptionsCopyeTest" time="121.358" classname="atlantamarket_UAT.MarketPlanner">
    <failure type="org.openqa.selenium.NoSuchElementException" message="no such element: Unable to locate element: {&amp;quot;method&amp;quot;:&amp;quot;xpath&amp;quot;,&amp;quot;selector&amp;quot;:&amp;quot;//div[@class=&amp;apos;imc-gallery imc-saved-exhibitors__outer-row imc-market-planner-list--mobile-overlays-left&amp;apos;]/div[1]/div[1]/a[1]/../../div[4]&amp;quot;}
  (Session info: chrome=107.0.5304.87)
For documentation on this error, please visit: http://seleniumhq.org/exceptions/no_such_element.html
Build info: version: &amp;apos;3.4.0&amp;apos;, revision: &amp;apos;unknown&amp;apos;, time: &amp;apos;unknown&amp;apos;
System info: host: &amp;apos;SWAPNILI&amp;apos;, ip: &amp;apos;172.27.182.57&amp;apos;, os.name: &amp;apos;Windows 8.1&amp;apos;, os.arch: &amp;apos;amd64&amp;apos;, os.version: &amp;apos;6.3&amp;apos;, java.version: &amp;apos;1.8.0_161&amp;apos;
Driver info: org.openqa.selenium.chrome.ChromeDriver
Capabilities [{networkConnectionEnabled=false, chrome={chromedriverVersion=107.0.5304.62 (1eec40d3a5764881c92085aaee66d25075c159aa-refs/branch-heads/5304@{#942}), userDataDir=C:\Users\swapnili\AppData\Local\Temp\scoped_dir712_587656222}, timeouts={implicit=0.0, pageLoad=300000.0, script=30000.0}, pageLoadStrategy=normal, unhandledPromptBehavior=dismiss and notify, strictFileInteractability=false, platform=ANY, proxy=Proxy(), goog:chromeOptions={debuggerAddress=localhost:60818}, webauthn:extension:credBlob=true, acceptInsecureCerts=false, browserVersion=107.0.5304.87, browserName=chrome, javascriptEnabled=true, platformName=windows, setWindowRect=true, webauthn:extension:largeBlob=true, webauthn:virtualAuthenticators=true}]
Session ID: 5cf45d0c0c46e1c36a8b08e97d9b4d4d
*** Element info: {Using=xpath, value=//div[@class=&amp;apos;imc-gallery imc-saved-exhibitors__outer-row imc-market-planner-list--mobile-overlays-left&amp;apos;]/div[1]/div[1]/a[1]/../../div[4]}">
      <![CDATA[org.openqa.selenium.NoSuchElementException: no such element: Unable to locate element: {"method":"xpath","selector":"//div[@class='imc-gallery imc-saved-exhibitors__outer-row imc-market-planner-list--mobile-overlays-left']/div[1]/div[1]/a[1]/../../div[4]"}
  (Session info: chrome=107.0.5304.87)
For documentation on this error, please visit: http://seleniumhq.org/exceptions/no_such_element.html
Build info: version: '3.4.0', revision: 'unknown', time: 'unknown'
System info: host: 'SWAPNILI', ip: '172.27.182.57', os.name: 'Windows 8.1', os.arch: 'amd64', os.version: '6.3', java.version: '1.8.0_161'
Driver info: org.openqa.selenium.chrome.ChromeDriver
Capabilities [{networkConnectionEnabled=false, chrome={chromedriverVersion=107.0.5304.62 (1eec40d3a5764881c92085aaee66d25075c159aa-refs/branch-heads/5304@{#942}), userDataDir=C:\Users\swapnili\AppData\Local\Temp\scoped_dir712_587656222}, timeouts={implicit=0.0, pageLoad=300000.0, script=30000.0}, pageLoadStrategy=normal, unhandledPromptBehavior=dismiss and notify, strictFileInteractability=false, platform=ANY, proxy=Proxy(), goog:chromeOptions={debuggerAddress=localhost:60818}, webauthn:extension:credBlob=true, acceptInsecureCerts=false, browserVersion=107.0.5304.87, browserName=chrome, javascriptEnabled=true, platformName=windows, setWindowRect=true, webauthn:extension:largeBlob=true, webauthn:virtualAuthenticators=true}]
Session ID: 5cf45d0c0c46e1c36a8b08e97d9b4d4d
*** Element info: {Using=xpath, value=//div[@class='imc-gallery imc-saved-exhibitors__outer-row imc-market-planner-list--mobile-overlays-left']/div[1]/div[1]/a[1]/../../div[4]}
	at org.openqa.selenium.remote.http.W3CHttpResponseCodec.createException(W3CHttpResponseCodec.java:150)
	at org.openqa.selenium.remote.http.W3CHttpResponseCodec.decode(W3CHttpResponseCodec.java:115)
	at org.openqa.selenium.remote.http.W3CHttpResponseCodec.decode(W3CHttpResponseCodec.java:45)
	at org.openqa.selenium.remote.HttpCommandExecutor.execute(HttpCommandExecutor.java:164)
	at org.openqa.selenium.remote.service.DriverCommandExecutor.execute(DriverCommandExecutor.java:82)
	at org.openqa.selenium.remote.RemoteWebDriver.execute(RemoteWebDriver.java:637)
	at org.openqa.selenium.remote.RemoteWebDriver.findElement(RemoteWebDriver.java:410)
	at org.openqa.selenium.remote.RemoteWebDriver.findElementByXPath(RemoteWebDriver.java:509)
	at org.openqa.selenium.By$ByXPath.findElement(By.java:361)
	at org.openqa.selenium.remote.RemoteWebDriver.findElement(RemoteWebDriver.java:402)
	at atlantamarket_UAT.MarketPlanner.TS030_VerifyMarketPlannerListsElementMoreOoptionsCopyeTest(MarketPlanner.java:1786)
... Removed 28 stack frames]]>
    </failure>
  </testcase> <!-- TS030_VerifyMarketPlannerListsElementMoreOoptionsCopyeTest -->
  <testcase name="TS031_VerifyMarketPlannerListsElementMoreOoptionsMoveTest" time="126.48" classname="atlantamarket_UAT.MarketPlanner">
    <failure type="java.lang.AssertionError" message="expected [true] but found [false]">
      <![CDATA[java.lang.AssertionError: expected [true] but found [false]
	at resources.Utility.selectFilters(Utility.java:207)
	at atlantamarket_UAT.MarketPlanner.TS031_VerifyMarketPlannerListsElementMoreOoptionsMoveTest(MarketPlanner.java:1875)
... Removed 28 stack frames]]>
    </failure>
  </testcase> <!-- TS031_VerifyMarketPlannerListsElementMoreOoptionsMoveTest -->
  <testcase name="TS032_VerifyMarketPlannerListsElementMoreOoptionsDeleteTest" time="142.996" classname="atlantamarket_UAT.MarketPlanner">
    <failure type="java.lang.AssertionError" message="expected [true] but found [false]">
      <![CDATA[java.lang.AssertionError: expected [true] but found [false]
	at resources.Utility.selectFilters(Utility.java:207)
	at atlantamarket_UAT.MarketPlanner.TS032_VerifyMarketPlannerListsElementMoreOoptionsDeleteTest(MarketPlanner.java:1951)
... Removed 28 stack frames]]>
    </failure>
  </testcase> <!-- TS032_VerifyMarketPlannerListsElementMoreOoptionsDeleteTest -->
  <testcase name="TS033_VerifyMarketPlannerListManagementAddNoteTest" time="178.879" classname="atlantamarket_UAT.MarketPlanner"/>
  <testcase name="TS034_VerifyMarketPlannerEditListCustomItemTest" time="126.04" classname="atlantamarket_UAT.MarketPlanner"/>
  <testcase name="TS035_VerifyMarketPlannerEditListAddNoteTest" time="131.169" classname="atlantamarket_UAT.MarketPlanner">
    <failure type="org.openqa.selenium.WebDriverException" message="element click intercepted: Element is not clickable at point (166, 718)
  (Session info: chrome=107.0.5304.87)
Build info: version: &amp;apos;3.4.0&amp;apos;, revision: &amp;apos;unknown&amp;apos;, time: &amp;apos;unknown&amp;apos;
System info: host: &amp;apos;SWAPNILI&amp;apos;, ip: &amp;apos;172.27.182.57&amp;apos;, os.name: &amp;apos;Windows 8.1&amp;apos;, os.arch: &amp;apos;amd64&amp;apos;, os.version: &amp;apos;6.3&amp;apos;, java.version: &amp;apos;1.8.0_161&amp;apos;
Driver info: org.openqa.selenium.chrome.ChromeDriver
Capabilities [{networkConnectionEnabled=false, chrome={chromedriverVersion=107.0.5304.62 (1eec40d3a5764881c92085aaee66d25075c159aa-refs/branch-heads/5304@{#942}), userDataDir=C:\Users\swapnili\AppData\Local\Temp\scoped_dir712_587656222}, timeouts={implicit=0.0, pageLoad=300000.0, script=30000.0}, pageLoadStrategy=normal, unhandledPromptBehavior=dismiss and notify, strictFileInteractability=false, platform=ANY, proxy=Proxy(), goog:chromeOptions={debuggerAddress=localhost:60818}, webauthn:extension:credBlob=true, acceptInsecureCerts=false, browserVersion=107.0.5304.87, browserName=chrome, javascriptEnabled=true, platformName=windows, setWindowRect=true, webauthn:extension:largeBlob=true, webauthn:virtualAuthenticators=true}]
Session ID: 5cf45d0c0c46e1c36a8b08e97d9b4d4d">
      <![CDATA[org.openqa.selenium.WebDriverException: element click intercepted: Element is not clickable at point (166, 718)
  (Session info: chrome=107.0.5304.87)
Build info: version: '3.4.0', revision: 'unknown', time: 'unknown'
System info: host: 'SWAPNILI', ip: '172.27.182.57', os.name: 'Windows 8.1', os.arch: 'amd64', os.version: '6.3', java.version: '1.8.0_161'
Driver info: org.openqa.selenium.chrome.ChromeDriver
Capabilities [{networkConnectionEnabled=false, chrome={chromedriverVersion=107.0.5304.62 (1eec40d3a5764881c92085aaee66d25075c159aa-refs/branch-heads/5304@{#942}), userDataDir=C:\Users\swapnili\AppData\Local\Temp\scoped_dir712_587656222}, timeouts={implicit=0.0, pageLoad=300000.0, script=30000.0}, pageLoadStrategy=normal, unhandledPromptBehavior=dismiss and notify, strictFileInteractability=false, platform=ANY, proxy=Proxy(), goog:chromeOptions={debuggerAddress=localhost:60818}, webauthn:extension:credBlob=true, acceptInsecureCerts=false, browserVersion=107.0.5304.87, browserName=chrome, javascriptEnabled=true, platformName=windows, setWindowRect=true, webauthn:extension:largeBlob=true, webauthn:virtualAuthenticators=true}]
Session ID: 5cf45d0c0c46e1c36a8b08e97d9b4d4d
	at org.openqa.selenium.remote.http.W3CHttpResponseCodec.createException(W3CHttpResponseCodec.java:150)
	at org.openqa.selenium.remote.http.W3CHttpResponseCodec.decode(W3CHttpResponseCodec.java:115)
	at org.openqa.selenium.remote.http.W3CHttpResponseCodec.decode(W3CHttpResponseCodec.java:45)
	at org.openqa.selenium.remote.HttpCommandExecutor.execute(HttpCommandExecutor.java:164)
	at org.openqa.selenium.remote.service.DriverCommandExecutor.execute(DriverCommandExecutor.java:82)
	at org.openqa.selenium.remote.RemoteWebDriver.execute(RemoteWebDriver.java:637)
	at org.openqa.selenium.remote.RemoteWebElement.execute(RemoteWebElement.java:272)
	at org.openqa.selenium.remote.RemoteWebElement.click(RemoteWebElement.java:82)
	at atlantamarket_UAT.MarketPlanner.TS035_VerifyMarketPlannerEditListAddNoteTest(MarketPlanner.java:2182)
... Removed 28 stack frames]]>
    </failure>
  </testcase> <!-- TS035_VerifyMarketPlannerEditListAddNoteTest -->
  <testcase name="TS036_VerifyMarketPlannerListsAllSavedExhibitorsTest" time="56.698" classname="atlantamarket_UAT.MarketPlanner"/>
  <testcase name="TS037_VerifyMarketPlannerListsAllSavedProductsTest" time="87.848" classname="atlantamarket_UAT.MarketPlanner"/>
  <testcase name="TS038_VerifyMarketPlannerRegistrationsTabTest" time="15.435" classname="atlantamarket_UAT.MarketPlanner">
    <failure type="java.lang.AssertionError" message="expected [true] but found [false]">
      <![CDATA[java.lang.AssertionError: expected [true] but found [false]
	at atlantamarket_UAT.MarketPlanner.TS038_VerifyMarketPlannerRegistrationsTabTest(MarketPlanner.java:2327)
... Removed 28 stack frames]]>
    </failure>
  </testcase> <!-- TS038_VerifyMarketPlannerRegistrationsTabTest -->
  <testcase name="TS039_VerifyMarketSavedSearchesfunctionalityTest" time="36.153" classname="atlantamarket_UAT.MarketPlanner">
    <failure type="org.openqa.selenium.TimeoutException" message="Expected condition failed: waiting for visibility of element located by By.xpath: //div[@class=&amp;apos;imc-modal--box imc-savesearchmodal&amp;apos;]/form[1]/div[1]/input[1] (tried for 20 second(s) with 500 MILLISECONDS interval)">
      <![CDATA[org.openqa.selenium.TimeoutException: Expected condition failed: waiting for visibility of element located by By.xpath: //div[@class='imc-modal--box imc-savesearchmodal']/form[1]/div[1]/input[1] (tried for 20 second(s) with 500 MILLISECONDS interval)
	at org.openqa.selenium.support.ui.WebDriverWait.timeoutException(WebDriverWait.java:80)
	at org.openqa.selenium.support.ui.FluentWait.until(FluentWait.java:232)
	at pageObjects.AtlantaMarket.ATLMarketPlannerPage.getmpSaveSearcheNameInput(ATLMarketPlannerPage.java:360)
	at atlantamarket_UAT.MarketPlanner.TS039_VerifyMarketSavedSearchesfunctionalityTest(MarketPlanner.java:2356)
Caused by: org.openqa.selenium.NoSuchElementException: Cannot locate an element using By.xpath: //div[@class='imc-modal--box imc-savesearchmodal']/form[1]/div[1]/input[1]
For documentation on this error, please visit: http://seleniumhq.org/exceptions/no_such_element.html
Build info: version: '3.4.0', revision: 'unknown', time: 'unknown'
System info: host: 'SWAPNILI', ip: '172.27.182.57', os.name: 'Windows 8.1', os.arch: 'amd64', os.version: '6.3', java.version: '1.8.0_161'
Driver info: driver.version: unknown
	at org.openqa.selenium.support.ui.ExpectedConditions.lambda$findElement$0(ExpectedConditions.java:883)
	at java.util.Optional.orElseThrow(Optional.java:290)
	at org.openqa.selenium.support.ui.ExpectedConditions.findElement(ExpectedConditions.java:882)
	at org.openqa.selenium.support.ui.ExpectedConditions.access$000(ExpectedConditions.java:44)
	at org.openqa.selenium.support.ui.ExpectedConditions$7.apply(ExpectedConditions.java:206)
	at org.openqa.selenium.support.ui.ExpectedConditions$7.apply(ExpectedConditions.java:202)
	at org.openqa.selenium.support.ui.FluentWait.until(FluentWait.java:209)
	... 26 more
... Removed 24 stack frames]]>
    </failure>
  </testcase> <!-- TS039_VerifyMarketSavedSearchesfunctionalityTest -->
  <testcase name="TS040_VerifyMarketSavedSearchesDeletefunctionalityTest" time="118.165" classname="atlantamarket_UAT.MarketPlanner">
    <failure type="java.lang.AssertionError" message="expected [false] but found [true]">
      <![CDATA[java.lang.AssertionError: expected [false] but found [true]
	at resources.Utility.checkItemNotPresentInList(Utility.java:184)
	at atlantamarket_UAT.MarketPlanner.TS040_VerifyMarketSavedSearchesDeletefunctionalityTest(MarketPlanner.java:2448)
... Removed 28 stack frames]]>
    </failure>
  </testcase> <!-- TS040_VerifyMarketSavedSearchesDeletefunctionalityTest -->
  <testcase name="TS041_VerifyMarketPlannerListSortByFunctionalityTest" time="35.707" classname="atlantamarket_UAT.MarketPlanner">
    <failure type="org.openqa.selenium.TimeoutException" message="Expected condition failed: waiting for visibility of element located by By.xpath: //div[@class=&amp;apos;imc-gallery__item imc-exhibitorcard imc-line&amp;apos;][1]/div/div/div/div/a/h2 (tried for 30 second(s) with 500 MILLISECONDS interval)">
      <![CDATA[org.openqa.selenium.TimeoutException: Expected condition failed: waiting for visibility of element located by By.xpath: //div[@class='imc-gallery__item imc-exhibitorcard imc-line'][1]/div/div/div/div/a/h2 (tried for 30 second(s) with 500 MILLISECONDS interval)
	at org.openqa.selenium.support.ui.WebDriverWait.timeoutException(WebDriverWait.java:80)
	at org.openqa.selenium.support.ui.FluentWait.until(FluentWait.java:232)
	at pageObjects.AtlantaMarket.ATLExhLineProdActionsPage.getExhibitorName(ATLExhLineProdActionsPage.java:86)
	at atlantamarket_UAT.MarketPlanner.TS041_VerifyMarketPlannerListSortByFunctionalityTest(MarketPlanner.java:2480)
Caused by: org.openqa.selenium.NoSuchElementException: Cannot locate an element using By.xpath: //div[@class='imc-gallery__item imc-exhibitorcard imc-line'][1]/div/div/div/div/a/h2
For documentation on this error, please visit: http://seleniumhq.org/exceptions/no_such_element.html
Build info: version: '3.4.0', revision: 'unknown', time: 'unknown'
System info: host: 'SWAPNILI', ip: '172.27.182.57', os.name: 'Windows 8.1', os.arch: 'amd64', os.version: '6.3', java.version: '1.8.0_161'
Driver info: driver.version: unknown
	at org.openqa.selenium.support.ui.ExpectedConditions.lambda$findElement$0(ExpectedConditions.java:883)
	at java.util.Optional.orElseThrow(Optional.java:290)
	at org.openqa.selenium.support.ui.ExpectedConditions.findElement(ExpectedConditions.java:882)
	at org.openqa.selenium.support.ui.ExpectedConditions.access$000(ExpectedConditions.java:44)
	at org.openqa.selenium.support.ui.ExpectedConditions$7.apply(ExpectedConditions.java:206)
	at org.openqa.selenium.support.ui.ExpectedConditions$7.apply(ExpectedConditions.java:202)
	at org.openqa.selenium.support.ui.FluentWait.until(FluentWait.java:209)
	... 26 more
... Removed 24 stack frames]]>
    </failure>
  </testcase> <!-- TS041_VerifyMarketPlannerListSortByFunctionalityTest -->
  <testcase name="TS042_VerifyMarketPlannerListsElementMoreOoptionsAddToScheduleTest" time="38.927" classname="atlantamarket_UAT.MarketPlanner">
    <failure type="org.openqa.selenium.NoSuchElementException" message="no such element: Unable to locate element: {&amp;quot;method&amp;quot;:&amp;quot;xpath&amp;quot;,&amp;quot;selector&amp;quot;:&amp;quot;//div[@class=&amp;apos;imc-mp-toolbar imc-breakpoint-display--hide-mobile&amp;apos;]/a[2]&amp;quot;}
  (Session info: chrome=107.0.5304.87)
For documentation on this error, please visit: http://seleniumhq.org/exceptions/no_such_element.html
Build info: version: &amp;apos;3.4.0&amp;apos;, revision: &amp;apos;unknown&amp;apos;, time: &amp;apos;unknown&amp;apos;
System info: host: &amp;apos;SWAPNILI&amp;apos;, ip: &amp;apos;172.27.182.57&amp;apos;, os.name: &amp;apos;Windows 8.1&amp;apos;, os.arch: &amp;apos;amd64&amp;apos;, os.version: &amp;apos;6.3&amp;apos;, java.version: &amp;apos;1.8.0_161&amp;apos;
Driver info: org.openqa.selenium.chrome.ChromeDriver
Capabilities [{networkConnectionEnabled=false, chrome={chromedriverVersion=107.0.5304.62 (1eec40d3a5764881c92085aaee66d25075c159aa-refs/branch-heads/5304@{#942}), userDataDir=C:\Users\swapnili\AppData\Local\Temp\scoped_dir712_587656222}, timeouts={implicit=0.0, pageLoad=300000.0, script=30000.0}, pageLoadStrategy=normal, unhandledPromptBehavior=dismiss and notify, strictFileInteractability=false, platform=ANY, proxy=Proxy(), goog:chromeOptions={debuggerAddress=localhost:60818}, webauthn:extension:credBlob=true, acceptInsecureCerts=false, browserVersion=107.0.5304.87, browserName=chrome, javascriptEnabled=true, platformName=windows, setWindowRect=true, webauthn:extension:largeBlob=true, webauthn:virtualAuthenticators=true}]
Session ID: 5cf45d0c0c46e1c36a8b08e97d9b4d4d
*** Element info: {Using=xpath, value=//div[@class=&amp;apos;imc-mp-toolbar imc-breakpoint-display--hide-mobile&amp;apos;]/a[2]}">
      <![CDATA[org.openqa.selenium.NoSuchElementException: no such element: Unable to locate element: {"method":"xpath","selector":"//div[@class='imc-mp-toolbar imc-breakpoint-display--hide-mobile']/a[2]"}
  (Session info: chrome=107.0.5304.87)
For documentation on this error, please visit: http://seleniumhq.org/exceptions/no_such_element.html
Build info: version: '3.4.0', revision: 'unknown', time: 'unknown'
System info: host: 'SWAPNILI', ip: '172.27.182.57', os.name: 'Windows 8.1', os.arch: 'amd64', os.version: '6.3', java.version: '1.8.0_161'
Driver info: org.openqa.selenium.chrome.ChromeDriver
Capabilities [{networkConnectionEnabled=false, chrome={chromedriverVersion=107.0.5304.62 (1eec40d3a5764881c92085aaee66d25075c159aa-refs/branch-heads/5304@{#942}), userDataDir=C:\Users\swapnili\AppData\Local\Temp\scoped_dir712_587656222}, timeouts={implicit=0.0, pageLoad=300000.0, script=30000.0}, pageLoadStrategy=normal, unhandledPromptBehavior=dismiss and notify, strictFileInteractability=false, platform=ANY, proxy=Proxy(), goog:chromeOptions={debuggerAddress=localhost:60818}, webauthn:extension:credBlob=true, acceptInsecureCerts=false, browserVersion=107.0.5304.87, browserName=chrome, javascriptEnabled=true, platformName=windows, setWindowRect=true, webauthn:extension:largeBlob=true, webauthn:virtualAuthenticators=true}]
Session ID: 5cf45d0c0c46e1c36a8b08e97d9b4d4d
*** Element info: {Using=xpath, value=//div[@class='imc-mp-toolbar imc-breakpoint-display--hide-mobile']/a[2]}
	at org.openqa.selenium.remote.http.W3CHttpResponseCodec.createException(W3CHttpResponseCodec.java:150)
	at org.openqa.selenium.remote.http.W3CHttpResponseCodec.decode(W3CHttpResponseCodec.java:115)
	at org.openqa.selenium.remote.http.W3CHttpResponseCodec.decode(W3CHttpResponseCodec.java:45)
	at org.openqa.selenium.remote.HttpCommandExecutor.execute(HttpCommandExecutor.java:164)
	at org.openqa.selenium.remote.service.DriverCommandExecutor.execute(DriverCommandExecutor.java:82)
	at org.openqa.selenium.remote.RemoteWebDriver.execute(RemoteWebDriver.java:637)
	at org.openqa.selenium.remote.RemoteWebDriver.findElement(RemoteWebDriver.java:410)
	at org.openqa.selenium.remote.RemoteWebDriver.findElementByXPath(RemoteWebDriver.java:509)
	at org.openqa.selenium.By$ByXPath.findElement(By.java:361)
	at org.openqa.selenium.remote.RemoteWebDriver.findElement(RemoteWebDriver.java:402)
	at pageObjects.AtlantaMarket.ATLMarketPlannerPage.getMPHomeListsTab(ATLMarketPlannerPage.java:499)
	at atlantamarket_UAT.MarketPlanner.TS042_VerifyMarketPlannerListsElementMoreOoptionsAddToScheduleTest(MarketPlanner.java:2620)
... Removed 28 stack frames]]>
    </failure>
  </testcase> <!-- TS042_VerifyMarketPlannerListsElementMoreOoptionsAddToScheduleTest -->
  <testcase name="TS043_VerifyAddToFavoriteFunctionalityUsingQuickAddForProductTest" time="66.596" classname="atlantamarket_UAT.MarketPlanner"/>
  <testcase name="TS044_VerifyAddToFavoriteFunctionalityUsingQuickAddForLinesTest" time="49.067" classname="atlantamarket_UAT.MarketPlanner"/>
  <testcase name="TS045_VerifyAddToListFunctionalityUsingQuickAddTest" time="53.101" classname="atlantamarket_UAT.MarketPlanner"/>
  <testcase name="TS046_VerifyMarketPlanneMyInfoEditProfile" time="44.275" classname="atlantamarket_UAT.MarketPlanner">
    <failure type="org.openqa.selenium.TimeoutException" message="Expected condition failed: waiting for visibility of element located by By.xpath: //div[class = &amp;apos;imc-formfield imc-content&amp;apos;]/div[1]/p[2]/span[1] (tried for 20 second(s) with 500 MILLISECONDS interval)">
      <![CDATA[org.openqa.selenium.TimeoutException: Expected condition failed: waiting for visibility of element located by By.xpath: //div[class = 'imc-formfield imc-content']/div[1]/p[2]/span[1] (tried for 20 second(s) with 500 MILLISECONDS interval)
	at org.openqa.selenium.support.ui.WebDriverWait.timeoutException(WebDriverWait.java:80)
	at org.openqa.selenium.support.ui.FluentWait.until(FluentWait.java:232)
	at pageObjects.AtlantaMarket.ATLMarketPlannerPage.getmyinfonamepencil(ATLMarketPlannerPage.java:1059)
	at atlantamarket_UAT.MarketPlanner.TS046_VerifyMarketPlanneMyInfoEditProfile(MarketPlanner.java:2871)
Caused by: org.openqa.selenium.NoSuchElementException: Cannot locate an element using By.xpath: //div[class = 'imc-formfield imc-content']/div[1]/p[2]/span[1]
For documentation on this error, please visit: http://seleniumhq.org/exceptions/no_such_element.html
Build info: version: '3.4.0', revision: 'unknown', time: 'unknown'
System info: host: 'SWAPNILI', ip: '172.27.182.57', os.name: 'Windows 8.1', os.arch: 'amd64', os.version: '6.3', java.version: '1.8.0_161'
Driver info: driver.version: unknown
	at org.openqa.selenium.support.ui.ExpectedConditions.lambda$findElement$0(ExpectedConditions.java:883)
	at java.util.Optional.orElseThrow(Optional.java:290)
	at org.openqa.selenium.support.ui.ExpectedConditions.findElement(ExpectedConditions.java:882)
	at org.openqa.selenium.support.ui.ExpectedConditions.access$000(ExpectedConditions.java:44)
	at org.openqa.selenium.support.ui.ExpectedConditions$7.apply(ExpectedConditions.java:206)
	at org.openqa.selenium.support.ui.ExpectedConditions$7.apply(ExpectedConditions.java:202)
	at org.openqa.selenium.support.ui.FluentWait.until(FluentWait.java:209)
	... 26 more
... Removed 24 stack frames]]>
    </failure>
  </testcase> <!-- TS046_VerifyMarketPlanneMyInfoEditProfile -->
  <testcase name="TS047_VerifyMarketPlanneMyInfoOverview" time="7.847" classname="atlantamarket_UAT.MarketPlanner"/>
  <testcase name="TS048_VerifyMarketPlanneMyInfoMyInquiriesTab" time="7.687" classname="atlantamarket_UAT.MarketPlanner"/>
  <testcase name="TS049_VerifyTabsUnderListsSectionTest" time="11.194" classname="atlantamarket_UAT.MarketPlanner"/>
  <testcase name="TS050_VerifyListTabDetailsTest" time="18.556" classname="atlantamarket_UAT.MarketPlanner"/>
  <testcase name="TS051_VerifyMarketPlannerAddEventsToFavTest" time="30.263" classname="atlantamarket_UAT.MarketPlanner">
    <failure type="org.openqa.selenium.TimeoutException" message="Expected condition failed: waiting for visibility of element located by By.xpath: //a[@href=&amp;apos;/Attend/Events&amp;apos;] (tried for 20 second(s) with 500 MILLISECONDS interval)">
      <![CDATA[org.openqa.selenium.TimeoutException: Expected condition failed: waiting for visibility of element located by By.xpath: //a[@href='/Attend/Events'] (tried for 20 second(s) with 500 MILLISECONDS interval)
	at org.openqa.selenium.support.ui.WebDriverWait.timeoutException(WebDriverWait.java:80)
	at org.openqa.selenium.support.ui.FluentWait.until(FluentWait.java:232)
	at pageObjects.AtlantaMarket.ATLMarketPlannerPage.getATLAttendTabEventMenu(ATLMarketPlannerPage.java:252)
	at atlantamarket_UAT.MarketPlanner.TS051_VerifyMarketPlannerAddEventsToFavTest(MarketPlanner.java:3078)
Caused by: org.openqa.selenium.NoSuchElementException: Cannot locate an element using By.xpath: //a[@href='/Attend/Events']
For documentation on this error, please visit: http://seleniumhq.org/exceptions/no_such_element.html
Build info: version: '3.4.0', revision: 'unknown', time: 'unknown'
System info: host: 'SWAPNILI', ip: '172.27.182.57', os.name: 'Windows 8.1', os.arch: 'amd64', os.version: '6.3', java.version: '1.8.0_161'
Driver info: driver.version: unknown
	at org.openqa.selenium.support.ui.ExpectedConditions.lambda$findElement$0(ExpectedConditions.java:883)
	at java.util.Optional.orElseThrow(Optional.java:290)
	at org.openqa.selenium.support.ui.ExpectedConditions.findElement(ExpectedConditions.java:882)
	at org.openqa.selenium.support.ui.ExpectedConditions.access$000(ExpectedConditions.java:44)
	at org.openqa.selenium.support.ui.ExpectedConditions$7.apply(ExpectedConditions.java:206)
	at org.openqa.selenium.support.ui.ExpectedConditions$7.apply(ExpectedConditions.java:202)
	at org.openqa.selenium.support.ui.FluentWait.until(FluentWait.java:209)
	... 26 more
... Removed 24 stack frames]]>
    </failure>
  </testcase> <!-- TS051_VerifyMarketPlannerAddEventsToFavTest -->
  <testcase name="TS052_VerifyMarketPlannerAllSavedEventsAndSemninarTest" time="30.184" classname="atlantamarket_UAT.MarketPlanner">
    <failure type="org.openqa.selenium.TimeoutException" message="Expected condition failed: waiting for visibility of element located by By.xpath: //a[@href=&amp;apos;/Attend/Events&amp;apos;] (tried for 20 second(s) with 500 MILLISECONDS interval)">
      <![CDATA[org.openqa.selenium.TimeoutException: Expected condition failed: waiting for visibility of element located by By.xpath: //a[@href='/Attend/Events'] (tried for 20 second(s) with 500 MILLISECONDS interval)
	at org.openqa.selenium.support.ui.WebDriverWait.timeoutException(WebDriverWait.java:80)
	at org.openqa.selenium.support.ui.FluentWait.until(FluentWait.java:232)
	at pageObjects.AtlantaMarket.ATLMarketPlannerPage.getATLAttendTabEventMenu(ATLMarketPlannerPage.java:252)
	at atlantamarket_UAT.MarketPlanner.TS052_VerifyMarketPlannerAllSavedEventsAndSemninarTest(MarketPlanner.java:3102)
Caused by: org.openqa.selenium.NoSuchElementException: Cannot locate an element using By.xpath: //a[@href='/Attend/Events']
For documentation on this error, please visit: http://seleniumhq.org/exceptions/no_such_element.html
Build info: version: '3.4.0', revision: 'unknown', time: 'unknown'
System info: host: 'SWAPNILI', ip: '172.27.182.57', os.name: 'Windows 8.1', os.arch: 'amd64', os.version: '6.3', java.version: '1.8.0_161'
Driver info: driver.version: unknown
	at org.openqa.selenium.support.ui.ExpectedConditions.lambda$findElement$0(ExpectedConditions.java:883)
	at java.util.Optional.orElseThrow(Optional.java:290)
	at org.openqa.selenium.support.ui.ExpectedConditions.findElement(ExpectedConditions.java:882)
	at org.openqa.selenium.support.ui.ExpectedConditions.access$000(ExpectedConditions.java:44)
	at org.openqa.selenium.support.ui.ExpectedConditions$7.apply(ExpectedConditions.java:206)
	at org.openqa.selenium.support.ui.ExpectedConditions$7.apply(ExpectedConditions.java:202)
	at org.openqa.selenium.support.ui.FluentWait.until(FluentWait.java:209)
	... 26 more
... Removed 24 stack frames]]>
    </failure>
  </testcase> <!-- TS052_VerifyMarketPlannerAllSavedEventsAndSemninarTest -->
</testsuite> <!-- RegressionTest -->
