<?xml version="1.0" encoding="UTF-8"?>
<!-- Generated by org.testng.reporters.JUnitXMLReporter -->
<testsuite hostname="eon-swapnili" name="RegressionTest" tests="1" failures="1" timestamp="10 Mar 2023 07:02:53 GMT" time="93.206" errors="0">
  <testcase name="TS005_VerifyClickOnTotalLinesSeeAllLinkForExhibitorTest" time="35.209" classname="atlantamarket_PROD.ExhibitorDigitalShowroom">
    <failure type="java.lang.AssertionError" message="expected [true] but found [false]">
      <![CDATA[java.lang.AssertionError: expected [true] but found [false]
	at atlantamarket_PROD.ExhibitorDigitalShowroom.TS005_VerifyClickOnTotalLinesSeeAllLinkForExhibitorTest(ExhibitorDigitalShowroom.java:352)
... Removed 28 stack frames]]>
    </failure>
  </testcase> <!-- TS005_VerifyClickOnTotalLinesSeeAllLinkForExhibitorTest -->
</testsuite> <!-- RegressionTest -->
