<?xml version="1.0" encoding="UTF-8"?>
<!-- Generated by org.testng.reporters.JUnitXMLReporter -->

<testsuite hostname="NILAMMA-W10" name="RegressionTest" tests="3" failures="1" timestamp="19 Jul 2022 12:37:00 GMT" time="138.324" errors="0">
  <testcase name="TS001_VerifySelectionOfExhibitorFromAutoSuggestionListTest" time="16.051" classname="atlantamarket_PROD.GlobalSearch_SuggestionList"/>
  <testcase name="TS002_VerifySelectionOfLineFromAutoSuggestionListTest" time="28.629" classname="atlantamarket_PROD.GlobalSearch_SuggestionList"/>
  <testcase name="TS003_VerifySelectionOfProductFromAutoSuggestionListTest" time="37.274" classname="atlantamarket_PROD.GlobalSearch_SuggestionList">
    <failure type="org.openqa.selenium.TimeoutException" message="Expected condition failed: waiting for visibility of all elements located by By.xpath: //ul[@class=&amp;apos;react-autosuggest__suggestions-list&amp;apos;]/li (tried for 30 second(s) with 500 MILLISECONDS interval)
Build info: version: &amp;apos;3.4.0&amp;apos;, revision: &amp;apos;unknown&amp;apos;, time: &amp;apos;unknown&amp;apos;
System info: host: &amp;apos;NILAMMA-W10&amp;apos;, ip: &amp;apos;192.168.68.2&amp;apos;, os.name: &amp;apos;Windows 10&amp;apos;, os.arch: &amp;apos;amd64&amp;apos;, os.version: &amp;apos;10.0&amp;apos;, java.version: &amp;apos;1.8.0_161&amp;apos;
Driver info: org.openqa.selenium.edge.EdgeDriver
Capabilities [{networkConnectionEnabled=false, msedge={msedgedriverVersion=99.0.1150.55 (c8275fcfc2e02d5ca43c76374fa8200557b8712c), userDataDir=C:\Users\nilamma\AppData\Local\Temp\scoped_dir19328_642916324}, timeouts={implicit=0.0, pageLoad=300000.0, script=30000.0}, pageLoadStrategy=normal, unhandledPromptBehavior=dismiss and notify, strictFileInteractability=false, platform=ANY, proxy=Proxy(), webauthn:extension:credBlob=true, acceptInsecureCerts=false, browserVersion=99.0.1150.46, browserName=msedge, javascriptEnabled=true, platformName=windows, ms:edgeOptions={debuggerAddress=localhost:63922}, setWindowRect=true, webauthn:extension:largeBlob=true, webauthn:virtualAuthenticators=true}]
Session ID: 29b8b1b78e443aaf49da9a69dce1f55e">
      <![CDATA[org.openqa.selenium.TimeoutException: Expected condition failed: waiting for visibility of all elements located by By.xpath: //ul[@class='react-autosuggest__suggestions-list']/li (tried for 30 second(s) with 500 MILLISECONDS interval)
Build info: version: '3.4.0', revision: 'unknown', time: 'unknown'
System info: host: 'NILAMMA-W10', ip: '192.168.68.2', os.name: 'Windows 10', os.arch: 'amd64', os.version: '10.0', java.version: '1.8.0_161'
Driver info: org.openqa.selenium.edge.EdgeDriver
Capabilities [{networkConnectionEnabled=false, msedge={msedgedriverVersion=99.0.1150.55 (c8275fcfc2e02d5ca43c76374fa8200557b8712c), userDataDir=C:\Users\nilamma\AppData\Local\Temp\scoped_dir19328_642916324}, timeouts={implicit=0.0, pageLoad=300000.0, script=30000.0}, pageLoadStrategy=normal, unhandledPromptBehavior=dismiss and notify, strictFileInteractability=false, platform=ANY, proxy=Proxy(), webauthn:extension:credBlob=true, acceptInsecureCerts=false, browserVersion=99.0.1150.46, browserName=msedge, javascriptEnabled=true, platformName=windows, ms:edgeOptions={debuggerAddress=localhost:63922}, setWindowRect=true, webauthn:extension:largeBlob=true, webauthn:virtualAuthenticators=true}]
Session ID: 29b8b1b78e443aaf49da9a69dce1f55e
	at org.openqa.selenium.support.ui.WebDriverWait.timeoutException(WebDriverWait.java:80)
	at org.openqa.selenium.support.ui.FluentWait.until(FluentWait.java:232)
	at atlantamarket_PROD.GlobalSearch_SuggestionList.TS003_VerifySelectionOfProductFromAutoSuggestionListTest(GlobalSearch_SuggestionList.java:140)
... Removed 24 stack frames]]>
    </failure>
  </testcase> <!-- TS003_VerifySelectionOfProductFromAutoSuggestionListTest -->

<testsuite hostname="shradhama-win10" name="RegressionTest" tests="3" failures="3" timestamp="19 Jul 2022 11:36:43 GMT" time="278.118" errors="0">
  <testcase name="TS001_VerifyClickOnProductSeeDetailsBtnOnSearchResultsGridTest" time="50.404" classname="lasvegasmarket_UAT.GlobalSearch_ProductActions">
    <failure type="org.openqa.selenium.TimeoutException" message="Expected condition failed: waiting for visibility of element located by By.xpath: //div[@class=&amp;apos;imc-vr--xxlarge&amp;apos;]/div[1]/div[2]/div[1]/div[1]/div[1]/div[1]/p[1] (tried for 20 second(s) with 500 MILLISECONDS interval)">
      <![CDATA[org.openqa.selenium.TimeoutException: Expected condition failed: waiting for visibility of element located by By.xpath: //div[@class='imc-vr--xxlarge']/div[1]/div[2]/div[1]/div[1]/div[1]/div[1]/p[1] (tried for 20 second(s) with 500 MILLISECONDS interval)
	at org.openqa.selenium.support.ui.WebDriverWait.timeoutException(WebDriverWait.java:80)
	at org.openqa.selenium.support.ui.FluentWait.until(FluentWait.java:232)
	at pageObjects.AtlantaMarket.ATLExhLineProdActionsPage.getExhProductNameOnSearchGrid(ATLExhLineProdActionsPage.java:219)
	at lasvegasmarket_UAT.GlobalSearch_ProductActions.TS001_VerifyClickOnProductSeeDetailsBtnOnSearchResultsGridTest(GlobalSearch_ProductActions.java:85)
Caused by: org.openqa.selenium.NoSuchElementException: Cannot locate an element using By.xpath: //div[@class='imc-vr--xxlarge']/div[1]/div[2]/div[1]/div[1]/div[1]/div[1]/p[1]
For documentation on this error, please visit: http://seleniumhq.org/exceptions/no_such_element.html
Build info: version: '3.4.0', revision: 'unknown', time: 'unknown'
System info: host: 'SHRADHAMA-WIN10', ip: '172.27.182.74', os.name: 'Windows 10', os.arch: 'amd64', os.version: '10.0', java.version: '1.8.0_333'
Driver info: driver.version: unknown
	at org.openqa.selenium.support.ui.ExpectedConditions.lambda$findElement$0(ExpectedConditions.java:883)
	at java.util.Optional.orElseThrow(Unknown Source)
	at org.openqa.selenium.support.ui.ExpectedConditions.findElement(ExpectedConditions.java:882)
	at org.openqa.selenium.support.ui.ExpectedConditions.access$000(ExpectedConditions.java:44)
	at org.openqa.selenium.support.ui.ExpectedConditions$7.apply(ExpectedConditions.java:206)
	at org.openqa.selenium.support.ui.ExpectedConditions$7.apply(ExpectedConditions.java:202)
	at org.openqa.selenium.support.ui.FluentWait.until(FluentWait.java:209)
	... 26 more
... Removed 24 stack frames]]>
    </failure>
  </testcase> <!-- TS001_VerifyClickOnProductSeeDetailsBtnOnSearchResultsGridTest -->
  <testcase name="TS002_VerifyProductAddToNewListOnProductDetailsPageTest" time="57.501" classname="lasvegasmarket_UAT.GlobalSearch_ProductActions">
    <failure type="org.openqa.selenium.TimeoutException" message="Expected condition failed: waiting for visibility of element located by By.xpath: //div[@class=&amp;apos;imc-vr--xxlarge&amp;apos;]/div[1]/div[2]/div[1]/div[1]/div[1]/div[1]/p[1] (tried for 20 second(s) with 500 MILLISECONDS interval)">
      <![CDATA[org.openqa.selenium.TimeoutException: Expected condition failed: waiting for visibility of element located by By.xpath: //div[@class='imc-vr--xxlarge']/div[1]/div[2]/div[1]/div[1]/div[1]/div[1]/p[1] (tried for 20 second(s) with 500 MILLISECONDS interval)
	at org.openqa.selenium.support.ui.WebDriverWait.timeoutException(WebDriverWait.java:80)
	at org.openqa.selenium.support.ui.FluentWait.until(FluentWait.java:232)
	at pageObjects.AtlantaMarket.ATLExhLineProdActionsPage.getExhProductNameOnSearchGrid(ATLExhLineProdActionsPage.java:219)
	at lasvegasmarket_UAT.GlobalSearch_ProductActions.TS002_VerifyProductAddToNewListOnProductDetailsPageTest(GlobalSearch_ProductActions.java:128)
Caused by: org.openqa.selenium.NoSuchElementException: Cannot locate an element using By.xpath: //div[@class='imc-vr--xxlarge']/div[1]/div[2]/div[1]/div[1]/div[1]/div[1]/p[1]
For documentation on this error, please visit: http://seleniumhq.org/exceptions/no_such_element.html
Build info: version: '3.4.0', revision: 'unknown', time: 'unknown'
System info: host: 'SHRADHAMA-WIN10', ip: '172.27.182.74', os.name: 'Windows 10', os.arch: 'amd64', os.version: '10.0', java.version: '1.8.0_333'
Driver info: driver.version: unknown
	at org.openqa.selenium.support.ui.ExpectedConditions.lambda$findElement$0(ExpectedConditions.java:883)
	at java.util.Optional.orElseThrow(Unknown Source)
	at org.openqa.selenium.support.ui.ExpectedConditions.findElement(ExpectedConditions.java:882)
	at org.openqa.selenium.support.ui.ExpectedConditions.access$000(ExpectedConditions.java:44)
	at org.openqa.selenium.support.ui.ExpectedConditions$7.apply(ExpectedConditions.java:206)
	at org.openqa.selenium.support.ui.ExpectedConditions$7.apply(ExpectedConditions.java:202)
	at org.openqa.selenium.support.ui.FluentWait.until(FluentWait.java:209)
	... 26 more
... Removed 24 stack frames]]>
    </failure>
  </testcase> <!-- TS002_VerifyProductAddToNewListOnProductDetailsPageTest -->
  <testcase name="TS003_VerifyProductAddToExistingListOnProductDetailsPageTest" time="59.393" classname="lasvegasmarket_UAT.GlobalSearch_ProductActions">
    <failure type="org.openqa.selenium.TimeoutException" message="Expected condition failed: waiting for visibility of element located by By.xpath: //div[@class=&amp;apos;imc-vr--xxlarge&amp;apos;]/div[1]/div[2]/div[1]/div[1]/div[1]/div[1]/p[1] (tried for 20 second(s) with 500 MILLISECONDS interval)">
      <![CDATA[org.openqa.selenium.TimeoutException: Expected condition failed: waiting for visibility of element located by By.xpath: //div[@class='imc-vr--xxlarge']/div[1]/div[2]/div[1]/div[1]/div[1]/div[1]/p[1] (tried for 20 second(s) with 500 MILLISECONDS interval)
	at org.openqa.selenium.support.ui.WebDriverWait.timeoutException(WebDriverWait.java:80)
	at org.openqa.selenium.support.ui.FluentWait.until(FluentWait.java:232)
	at pageObjects.AtlantaMarket.ATLExhLineProdActionsPage.getExhProductNameOnSearchGrid(ATLExhLineProdActionsPage.java:219)
	at lasvegasmarket_UAT.GlobalSearch_ProductActions.TS003_VerifyProductAddToExistingListOnProductDetailsPageTest(GlobalSearch_ProductActions.java:204)
Caused by: org.openqa.selenium.NoSuchElementException: Cannot locate an element using By.xpath: //div[@class='imc-vr--xxlarge']/div[1]/div[2]/div[1]/div[1]/div[1]/div[1]/p[1]
For documentation on this error, please visit: http://seleniumhq.org/exceptions/no_such_element.html
Build info: version: '3.4.0', revision: 'unknown', time: 'unknown'
System info: host: 'SHRADHAMA-WIN10', ip: '172.27.182.74', os.name: 'Windows 10', os.arch: 'amd64', os.version: '10.0', java.version: '1.8.0_333'
Driver info: driver.version: unknown
	at org.openqa.selenium.support.ui.ExpectedConditions.lambda$findElement$0(ExpectedConditions.java:883)
	at java.util.Optional.orElseThrow(Unknown Source)
	at org.openqa.selenium.support.ui.ExpectedConditions.findElement(ExpectedConditions.java:882)
	at org.openqa.selenium.support.ui.ExpectedConditions.access$000(ExpectedConditions.java:44)
	at org.openqa.selenium.support.ui.ExpectedConditions$7.apply(ExpectedConditions.java:206)
	at org.openqa.selenium.support.ui.ExpectedConditions$7.apply(ExpectedConditions.java:202)
	at org.openqa.selenium.support.ui.FluentWait.until(FluentWait.java:209)
	... 26 more
... Removed 24 stack frames]]>
    </failure>
  </testcase> <!-- TS003_VerifyProductAddToExistingListOnProductDetailsPageTest -->

</testsuite> <!-- RegressionTest -->
