<?xml version="1.0" encoding="UTF-8"?>
<!-- Generated by org.testng.reporters.JUnitXMLReporter -->
<testsuite hostname="NILAMMA-W10" name="RegressionParallelest" tests="1" failures="1" timestamp="3 Nov 2022 09:41:59 GMT" time="140.035" errors="0">
  <testcase name="TS001_VerifyAddToFavoritesTest" time="51.943" classname="atlantamarket_PROD.ExhibitorDigitalShowroom">
    <failure type="java.lang.AssertionError" message="expected [false] but found [true]">
      <![CDATA[java.lang.AssertionError: expected [false] but found [true]
	at atlantamarket_PROD.ExhibitorDigitalShowroom.TS001_VerifyAddToFavoritesTest(ExhibitorDigitalShowroom.java:140)
... Removed 28 stack frames]]>
    </failure>
  </testcase> <!-- TS001_VerifyAddToFavoritesTest -->
</testsuite> <!-- RegressionParallelest -->
