<?xml version="1.0" encoding="UTF-8"?>
<!-- Generated by org.testng.reporters.JUnitXMLReporter -->
<testsuite hostname="swapnili" name="RegressionTest" tests="2" failures="0" timestamp="20 Jun 2022 10:51:46 GMT" time="152.347" errors="0">
  <testcase name="TS001_VerifyMarketPlannerLoginTest" time="31.665" classname="atlantamarket.GlobalSearch_ProductActions"/>
  <testcase name="TS008_VerifyAddToExistingListForProductActionTest" time="72.951" classname="atlantamarket.GlobalSearch_ProductActions"/>
</testsuite> <!-- RegressionTest -->
