<?xml version="1.0" encoding="UTF-8"?>
<!-- Generated by org.testng.reporters.JUnitXMLReporter -->

<testsuite hostname="swapnili" name="RegressionTest" tests="2" failures="1" timestamp="25 Aug 2022 10:03:16 GMT" time="372.182" errors="0">
  <testcase name="TS021_VerifyMarketPlannerListManagementSortByTest" time="50.865" classname="atlantamarket_UAT.MarketPlanner">
    <failure type="java.lang.AssertionError" message="expected [true] but found [false]">
      <![CDATA[java.lang.AssertionError: expected [true] but found [false]
	at resources.Utility.filterSortByTest(Utility.java:230)
	at atlantamarket_UAT.MarketPlanner.TS021_VerifyMarketPlannerListManagementSortByTest(MarketPlanner.java:1928)
... Removed 28 stack frames]]>
    </failure>
  </testcase> <!-- TS021_VerifyMarketPlannerListManagementSortByTest -->
  <testcase name="TS021_VerifyMarketPlannerListManagementFilterByTest" time="46.473" classname="atlantamarket_UAT.MarketPlanner"/>

<testsuite hostname="NILAMMA-W10" name="RegressionTest" tests="23" failures="2" timestamp="25 Aug 2022 09:06:10 GMT" time="1339.683" errors="0">
  <testcase name="TS001_VerifyMarketPlannerLoginTest" time="6.847" classname="atlantamarket_PROD.MarketPlanner"/>
  <testcase name="TS002_VerifyMarketPlannerInvalidLoginCredentialsTest" time="68.593" classname="atlantamarket_PROD.MarketPlanner"/>
  <testcase name="TS003_VerifyMarketPlannerChannelSelectorTest" time="157.478" classname="atlantamarket_PROD.MarketPlanner"/>
  <testcase name="TS004_VerifyMPDashboardOverviewTest" time="13.053" classname="atlantamarket_PROD.MarketPlanner"/>
  <testcase name="TS005_VerifyMPRegistrationCardOverviewTest" time="12.717" classname="atlantamarket_PROD.MarketPlanner"/>
  <testcase name="TS006_VerifyArrangeBtnFunctionalityForListsTest" time="35.146" classname="atlantamarket_PROD.MarketPlanner"/>
  <testcase name="TS007_VerifyNewGroupBtnFunctionalityForListsTest" time="28.333" classname="atlantamarket_PROD.MarketPlanner">
    <failure type="java.lang.AssertionError" message="expected [true] but found [false]">
      <![CDATA[java.lang.AssertionError: expected [true] but found [false]
	at atlantamarket_PROD.MarketPlanner.TS007_VerifyNewGroupBtnFunctionalityForListsTest(MarketPlanner.java:368)
... Removed 28 stack frames]]>
    </failure>
  </testcase> <!-- TS007_VerifyNewGroupBtnFunctionalityForListsTest -->
  <testcase name="TS008_VerifyNewListBtnFunctionalityForListsTest1" time="30.984" classname="atlantamarket_PROD.MarketPlanner"/>
  <testcase name="TS009_VerifyCreateNewGroupFormValidationForListsTest" time="11.432" classname="atlantamarket_PROD.MarketPlanner"/>
  <testcase name="TS010_VerifyCreateNewListFormValidationTest" time="20.82" classname="atlantamarket_PROD.MarketPlanner"/>
  <testcase name="TS011_VerifyAddToFavoriteFunctionalityForProductTest" time="36.321" classname="atlantamarket_PROD.MarketPlanner"/>
  <testcase name="TS012_VerifyAddToFavoriteFunctionalityUsingQuickAddForExhibitorTest" time="41.863" classname="atlantamarket_PROD.MarketPlanner"/>
  <testcase name="TS013_VerifyManageListOptionsOverviewTest" time="21.812" classname="atlantamarket_PROD.MarketPlanner"/>
  <testcase name="TS014_VerifyEditListFunctionalityForManageListTest" time="314.552" classname="atlantamarket_PROD.MarketPlanner"/>
  <testcase name="TS015_VerifyDuplicateLinkFunctionalityForListTest" time="18.3" classname="atlantamarket_PROD.MarketPlanner"/>
  <testcase name="TS016_VerifyRenameFunctionalityForListTest" time="44.227" classname="atlantamarket_PROD.MarketPlanner"/>
  <testcase name="TS017_VerifyAddToFavoriteFunctionalityForLineTest" time="38.26" classname="atlantamarket_PROD.MarketPlanner"/>
  <testcase name="TS018_VerifyMPListsCardOverviewTest" time="24.219" classname="atlantamarket_PROD.MarketPlanner"/>
  <testcase name="TS019_VerifyAddToFavoriteFunctionalityForExhibitorTest" time="30.334" classname="atlantamarket_PROD.MarketPlanner">
    <failure type="java.lang.AssertionError" message="expected [true] but found [false]">
      <![CDATA[java.lang.AssertionError: expected [true] but found [false]
	at atlantamarket_PROD.MarketPlanner.TS019_VerifyAddToFavoriteFunctionalityForExhibitorTest(MarketPlanner.java:1420)
... Removed 28 stack frames]]>
    </failure>
  </testcase> <!-- TS019_VerifyAddToFavoriteFunctionalityForExhibitorTest -->
  <testcase name="TS020_VerifyFilterByOptionsOverviewForListTest" time="43.675" classname="atlantamarket_PROD.MarketPlanner"/>
  <testcase name="TS021_VerifyMPActivitiesCardOverviewTest" time="74.609" classname="atlantamarket_PROD.MarketPlanner"/>
  <testcase name="TS022_VerifyVerifyFilterByOptionsFunctionalityForListTest" time="130.743" classname="atlantamarket_PROD.MarketPlanner"/>
  <testcase name="TS023_VerifyMarketPlannerSignOutTest" time="13.609" classname="atlantamarket_PROD.MarketPlanner"/>

</testsuite> <!-- RegressionTest -->
