<?xml version="1.0" encoding="UTF-8"?>
<!-- Generated by org.testng.reporters.JUnitXMLReporter -->
<testsuite hostname="NILAMMA-W10" name="RegressionTest" tests="28" failures="16" timestamp="10 Jun 2022 10:10:25 GMT" time="1944.563" errors="0">
  <testcase name="TS001_VerifySelectionOfExhibitorFromAutoSuggestionListTest" time="19.32" classname="atlantamarket.GlobalSearch_SuggestionList"/>
  <testcase name="TS002_VerifySelectionOfLineFromAutoSuggestionListTest" time="66.203" classname="atlantamarket.GlobalSearch_SuggestionList">
    <failure type="org.openqa.selenium.TimeoutException" message="Expected condition failed: waiting for visibility of element located by By.xpath: //img[@class=&amp;apos;imc-image--responsive align-image-content imc-content--full-width imc-exhibitors--directory-image&amp;apos;] (tried for 20 second(s) with 500 MILLISECONDS interval)">
      <![CDATA[org.openqa.selenium.TimeoutException: Expected condition failed: waiting for visibility of element located by By.xpath: //img[@class='imc-image--responsive align-image-content imc-content--full-width imc-exhibitors--directory-image'] (tried for 20 second(s) with 500 MILLISECONDS interval)
	at org.openqa.selenium.support.ui.WebDriverWait.timeoutException(WebDriverWait.java:80)
	at org.openqa.selenium.support.ui.FluentWait.until(FluentWait.java:232)
	at pageObjects.AtlantaMarket.ATLExhDigiShowroomPage.getATLValidateExhDigiShowPage(ATLExhDigiShowroomPage.java:24)
	at atlantamarket.GlobalSearch_SuggestionList.TS002_VerifySelectionOfLineFromAutoSuggestionListTest(GlobalSearch_SuggestionList.java:122)
Caused by: org.openqa.selenium.NoSuchElementException: Cannot locate an element using By.xpath: //img[@class='imc-image--responsive align-image-content imc-content--full-width imc-exhibitors--directory-image']
For documentation on this error, please visit: http://seleniumhq.org/exceptions/no_such_element.html
Build info: version: '3.4.0', revision: 'unknown', time: 'unknown'
System info: host: 'NILAMMA-W10', ip: '192.168.68.2', os.name: 'Windows 10', os.arch: 'amd64', os.version: '10.0', java.version: '1.8.0_161'
Driver info: driver.version: unknown
	at org.openqa.selenium.support.ui.ExpectedConditions.lambda$findElement$0(ExpectedConditions.java:883)
	at java.util.Optional.orElseThrow(Unknown Source)
	at org.openqa.selenium.support.ui.ExpectedConditions.findElement(ExpectedConditions.java:882)
	at org.openqa.selenium.support.ui.ExpectedConditions.access$000(ExpectedConditions.java:44)
	at org.openqa.selenium.support.ui.ExpectedConditions$7.apply(ExpectedConditions.java:206)
	at org.openqa.selenium.support.ui.ExpectedConditions$7.apply(ExpectedConditions.java:202)
	at org.openqa.selenium.support.ui.FluentWait.until(FluentWait.java:209)
	... 26 more
... Removed 24 stack frames]]>
    </failure>
  </testcase> <!-- TS002_VerifySelectionOfLineFromAutoSuggestionListTest -->
  <testcase name="TS003_VerifySelectionOfProductFromAutoSuggestionListTest" time="8.202" classname="atlantamarket.GlobalSearch_SuggestionList">
    <failure type="org.openqa.selenium.StaleElementReferenceException" message="stale element reference: element is not attached to the page document
  (Session info: chrome=102.0.5005.63)
For documentation on this error, please visit: http://seleniumhq.org/exceptions/stale_element_reference.html
Build info: version: &amp;apos;3.4.0&amp;apos;, revision: &amp;apos;unknown&amp;apos;, time: &amp;apos;unknown&amp;apos;
System info: host: &amp;apos;NILAMMA-W10&amp;apos;, ip: &amp;apos;192.168.68.2&amp;apos;, os.name: &amp;apos;Windows 10&amp;apos;, os.arch: &amp;apos;amd64&amp;apos;, os.version: &amp;apos;10.0&amp;apos;, java.version: &amp;apos;1.8.0_161&amp;apos;
Driver info: org.openqa.selenium.chrome.ChromeDriver
Capabilities [{networkConnectionEnabled=false, chrome={chromedriverVersion=102.0.5005.61 (0e59bcc00cc4985ce39ad31c150065f159d95ad3-refs/branch-heads/5005@{#819}), userDataDir=C:\Users\nilamma\AppData\Local\Temp\scoped_dir29052_642268871}, timeouts={implicit=0.0, pageLoad=300000.0, script=30000.0}, pageLoadStrategy=normal, unhandledPromptBehavior=dismiss and notify, strictFileInteractability=false, platform=ANY, proxy=Proxy(), goog:chromeOptions={debuggerAddress=localhost:55900}, webauthn:extension:credBlob=true, acceptInsecureCerts=false, browserVersion=102.0.5005.63, browserName=chrome, javascriptEnabled=true, platformName=windows, setWindowRect=true, webauthn:extension:largeBlob=true, webauthn:virtualAuthenticators=true}]
Session ID: ad42c51a60fa62a182abd1143b6ab647">
      <![CDATA[org.openqa.selenium.StaleElementReferenceException: stale element reference: element is not attached to the page document
  (Session info: chrome=102.0.5005.63)
For documentation on this error, please visit: http://seleniumhq.org/exceptions/stale_element_reference.html
Build info: version: '3.4.0', revision: 'unknown', time: 'unknown'
System info: host: 'NILAMMA-W10', ip: '192.168.68.2', os.name: 'Windows 10', os.arch: 'amd64', os.version: '10.0', java.version: '1.8.0_161'
Driver info: org.openqa.selenium.chrome.ChromeDriver
Capabilities [{networkConnectionEnabled=false, chrome={chromedriverVersion=102.0.5005.61 (0e59bcc00cc4985ce39ad31c150065f159d95ad3-refs/branch-heads/5005@{#819}), userDataDir=C:\Users\nilamma\AppData\Local\Temp\scoped_dir29052_642268871}, timeouts={implicit=0.0, pageLoad=300000.0, script=30000.0}, pageLoadStrategy=normal, unhandledPromptBehavior=dismiss and notify, strictFileInteractability=false, platform=ANY, proxy=Proxy(), goog:chromeOptions={debuggerAddress=localhost:55900}, webauthn:extension:credBlob=true, acceptInsecureCerts=false, browserVersion=102.0.5005.63, browserName=chrome, javascriptEnabled=true, platformName=windows, setWindowRect=true, webauthn:extension:largeBlob=true, webauthn:virtualAuthenticators=true}]
Session ID: ad42c51a60fa62a182abd1143b6ab647
	at org.openqa.selenium.remote.http.W3CHttpResponseCodec.createException(W3CHttpResponseCodec.java:150)
	at org.openqa.selenium.remote.http.W3CHttpResponseCodec.decode(W3CHttpResponseCodec.java:115)
	at org.openqa.selenium.remote.http.W3CHttpResponseCodec.decode(W3CHttpResponseCodec.java:45)
	at org.openqa.selenium.remote.HttpCommandExecutor.execute(HttpCommandExecutor.java:164)
	at org.openqa.selenium.remote.service.DriverCommandExecutor.execute(DriverCommandExecutor.java:82)
	at org.openqa.selenium.remote.RemoteWebDriver.execute(RemoteWebDriver.java:637)
	at org.openqa.selenium.remote.RemoteWebElement.execute(RemoteWebElement.java:272)
	at org.openqa.selenium.remote.RemoteWebElement.isDisplayed(RemoteWebElement.java:313)
	at org.openqa.selenium.support.ui.ExpectedConditions$8.apply(ExpectedConditions.java:234)
	at org.openqa.selenium.support.ui.ExpectedConditions$8.apply(ExpectedConditions.java:229)
	at org.openqa.selenium.support.ui.FluentWait.until(FluentWait.java:209)
	at atlantamarket.GlobalSearch_SuggestionList.TS003_VerifySelectionOfProductFromAutoSuggestionListTest(GlobalSearch_SuggestionList.java:139)
... Removed 28 stack frames]]>
    </failure>
  </testcase> <!-- TS003_VerifySelectionOfProductFromAutoSuggestionListTest -->
  <testcase name="TS001_VerifyMarketPlannerLoginTest" time="96.206" classname="atlantamarket.GlobalSearch_ExhibitorActions">
    <failure type="org.openqa.selenium.NoSuchElementException" message="no such element: Unable to locate element: {&amp;quot;method&amp;quot;:&amp;quot;xpath&amp;quot;,&amp;quot;selector&amp;quot;:&amp;quot;//div[@class=&amp;apos; contact-exit&amp;apos;]&amp;quot;}
  (Session info: chrome=102.0.5005.63)
For documentation on this error, please visit: http://seleniumhq.org/exceptions/no_such_element.html
Build info: version: &amp;apos;3.4.0&amp;apos;, revision: &amp;apos;unknown&amp;apos;, time: &amp;apos;unknown&amp;apos;
System info: host: &amp;apos;NILAMMA-W10&amp;apos;, ip: &amp;apos;192.168.68.2&amp;apos;, os.name: &amp;apos;Windows 10&amp;apos;, os.arch: &amp;apos;amd64&amp;apos;, os.version: &amp;apos;10.0&amp;apos;, java.version: &amp;apos;1.8.0_161&amp;apos;
Driver info: org.openqa.selenium.chrome.ChromeDriver
Capabilities [{networkConnectionEnabled=false, chrome={chromedriverVersion=102.0.5005.61 (0e59bcc00cc4985ce39ad31c150065f159d95ad3-refs/branch-heads/5005@{#819}), userDataDir=C:\Users\nilamma\AppData\Local\Temp\scoped_dir27532_645089496}, timeouts={implicit=0.0, pageLoad=300000.0, script=30000.0}, pageLoadStrategy=normal, unhandledPromptBehavior=dismiss and notify, strictFileInteractability=false, platform=ANY, proxy=Proxy(), goog:chromeOptions={debuggerAddress=localhost:56535}, webauthn:extension:credBlob=true, acceptInsecureCerts=false, browserVersion=102.0.5005.63, browserName=chrome, javascriptEnabled=true, platformName=windows, setWindowRect=true, webauthn:extension:largeBlob=true, webauthn:virtualAuthenticators=true}]
Session ID: 61e735a4e3eb76cebb20b6bf553fee67
*** Element info: {Using=xpath, value=//div[@class=&amp;apos; contact-exit&amp;apos;]}">
      <![CDATA[org.openqa.selenium.NoSuchElementException: no such element: Unable to locate element: {"method":"xpath","selector":"//div[@class=' contact-exit']"}
  (Session info: chrome=102.0.5005.63)
For documentation on this error, please visit: http://seleniumhq.org/exceptions/no_such_element.html
Build info: version: '3.4.0', revision: 'unknown', time: 'unknown'
System info: host: 'NILAMMA-W10', ip: '192.168.68.2', os.name: 'Windows 10', os.arch: 'amd64', os.version: '10.0', java.version: '1.8.0_161'
Driver info: org.openqa.selenium.chrome.ChromeDriver
Capabilities [{networkConnectionEnabled=false, chrome={chromedriverVersion=102.0.5005.61 (0e59bcc00cc4985ce39ad31c150065f159d95ad3-refs/branch-heads/5005@{#819}), userDataDir=C:\Users\nilamma\AppData\Local\Temp\scoped_dir27532_645089496}, timeouts={implicit=0.0, pageLoad=300000.0, script=30000.0}, pageLoadStrategy=normal, unhandledPromptBehavior=dismiss and notify, strictFileInteractability=false, platform=ANY, proxy=Proxy(), goog:chromeOptions={debuggerAddress=localhost:56535}, webauthn:extension:credBlob=true, acceptInsecureCerts=false, browserVersion=102.0.5005.63, browserName=chrome, javascriptEnabled=true, platformName=windows, setWindowRect=true, webauthn:extension:largeBlob=true, webauthn:virtualAuthenticators=true}]
Session ID: 61e735a4e3eb76cebb20b6bf553fee67
*** Element info: {Using=xpath, value=//div[@class=' contact-exit']}
	at org.openqa.selenium.remote.http.W3CHttpResponseCodec.createException(W3CHttpResponseCodec.java:150)
	at org.openqa.selenium.remote.http.W3CHttpResponseCodec.decode(W3CHttpResponseCodec.java:115)
	at org.openqa.selenium.remote.http.W3CHttpResponseCodec.decode(W3CHttpResponseCodec.java:45)
	at org.openqa.selenium.remote.HttpCommandExecutor.execute(HttpCommandExecutor.java:164)
	at org.openqa.selenium.remote.service.DriverCommandExecutor.execute(DriverCommandExecutor.java:82)
	at org.openqa.selenium.remote.RemoteWebDriver.execute(RemoteWebDriver.java:637)
	at org.openqa.selenium.remote.RemoteWebDriver.findElement(RemoteWebDriver.java:410)
	at org.openqa.selenium.remote.RemoteWebDriver.findElementByXPath(RemoteWebDriver.java:509)
	at org.openqa.selenium.By$ByXPath.findElement(By.java:361)
	at org.openqa.selenium.remote.RemoteWebDriver.findElement(RemoteWebDriver.java:402)
	at pageObjects.AtlantaMarket.ATLLandingPage.getCloseMarktAdBtn(ATLLandingPage.java:48)
	at atlantamarket.GlobalSearch_ExhibitorActions.TS001_VerifyMarketPlannerLoginTest(GlobalSearch_ExhibitorActions.java:77)
... Removed 28 stack frames]]>
    </failure>
  </testcase> <!-- TS001_VerifyMarketPlannerLoginTest -->
  <testcase name="TS002_VerifyAddToFavoriteForExhibitorTest" time="30.472" classname="atlantamarket.GlobalSearch_ExhibitorActions">
    <failure type="org.openqa.selenium.TimeoutException" message="Expected condition failed: waiting for element to be clickable: By.xpath: //input[@id=&amp;apos;input-1&amp;apos;] (tried for 20 second(s) with 500 MILLISECONDS interval)">
      <![CDATA[org.openqa.selenium.TimeoutException: Expected condition failed: waiting for element to be clickable: By.xpath: //input[@id='input-1'] (tried for 20 second(s) with 500 MILLISECONDS interval)
	at org.openqa.selenium.support.ui.WebDriverWait.timeoutException(WebDriverWait.java:80)
	at org.openqa.selenium.support.ui.FluentWait.until(FluentWait.java:232)
	at pageObjects.AtlantaMarket.ATLGlobalSearchPage.getATLGlobalSearchTextBox(ATLGlobalSearchPage.java:34)
	at atlantamarket.GlobalSearch_ExhibitorActions.TS002_VerifyAddToFavoriteForExhibitorTest(GlobalSearch_ExhibitorActions.java:95)
Caused by: org.openqa.selenium.NoSuchElementException: Cannot locate an element using By.xpath: //input[@id='input-1']
For documentation on this error, please visit: http://seleniumhq.org/exceptions/no_such_element.html
Build info: version: '3.4.0', revision: 'unknown', time: 'unknown'
System info: host: 'NILAMMA-W10', ip: '192.168.68.2', os.name: 'Windows 10', os.arch: 'amd64', os.version: '10.0', java.version: '1.8.0_161'
Driver info: driver.version: unknown
	at org.openqa.selenium.support.ui.ExpectedConditions.lambda$findElement$0(ExpectedConditions.java:883)
	at java.util.Optional.orElseThrow(Unknown Source)
	at org.openqa.selenium.support.ui.ExpectedConditions.findElement(ExpectedConditions.java:882)
	at org.openqa.selenium.support.ui.ExpectedConditions.access$000(ExpectedConditions.java:44)
	at org.openqa.selenium.support.ui.ExpectedConditions$7.apply(ExpectedConditions.java:206)
	at org.openqa.selenium.support.ui.ExpectedConditions$7.apply(ExpectedConditions.java:202)
	at org.openqa.selenium.support.ui.ExpectedConditions$22.apply(ExpectedConditions.java:644)
	at org.openqa.selenium.support.ui.ExpectedConditions$22.apply(ExpectedConditions.java:641)
	at org.openqa.selenium.support.ui.FluentWait.until(FluentWait.java:209)
	... 26 more
... Removed 24 stack frames]]>
    </failure>
  </testcase> <!-- TS002_VerifyAddToFavoriteForExhibitorTest -->
  <testcase name="TS003_VerifyAddToNewListForExhibitorTest" time="30.49" classname="atlantamarket.GlobalSearch_ExhibitorActions">
    <failure type="org.openqa.selenium.TimeoutException" message="Expected condition failed: waiting for element to be clickable: By.xpath: //input[@id=&amp;apos;input-1&amp;apos;] (tried for 20 second(s) with 500 MILLISECONDS interval)">
      <![CDATA[org.openqa.selenium.TimeoutException: Expected condition failed: waiting for element to be clickable: By.xpath: //input[@id='input-1'] (tried for 20 second(s) with 500 MILLISECONDS interval)
	at org.openqa.selenium.support.ui.WebDriverWait.timeoutException(WebDriverWait.java:80)
	at org.openqa.selenium.support.ui.FluentWait.until(FluentWait.java:232)
	at pageObjects.AtlantaMarket.ATLGlobalSearchPage.getATLGlobalSearchTextBox(ATLGlobalSearchPage.java:34)
	at atlantamarket.GlobalSearch_ExhibitorActions.TS003_VerifyAddToNewListForExhibitorTest(GlobalSearch_ExhibitorActions.java:144)
Caused by: org.openqa.selenium.NoSuchElementException: Cannot locate an element using By.xpath: //input[@id='input-1']
For documentation on this error, please visit: http://seleniumhq.org/exceptions/no_such_element.html
Build info: version: '3.4.0', revision: 'unknown', time: 'unknown'
System info: host: 'NILAMMA-W10', ip: '192.168.68.2', os.name: 'Windows 10', os.arch: 'amd64', os.version: '10.0', java.version: '1.8.0_161'
Driver info: driver.version: unknown
	at org.openqa.selenium.support.ui.ExpectedConditions.lambda$findElement$0(ExpectedConditions.java:883)
	at java.util.Optional.orElseThrow(Unknown Source)
	at org.openqa.selenium.support.ui.ExpectedConditions.findElement(ExpectedConditions.java:882)
	at org.openqa.selenium.support.ui.ExpectedConditions.access$000(ExpectedConditions.java:44)
	at org.openqa.selenium.support.ui.ExpectedConditions$7.apply(ExpectedConditions.java:206)
	at org.openqa.selenium.support.ui.ExpectedConditions$7.apply(ExpectedConditions.java:202)
	at org.openqa.selenium.support.ui.ExpectedConditions$22.apply(ExpectedConditions.java:644)
	at org.openqa.selenium.support.ui.ExpectedConditions$22.apply(ExpectedConditions.java:641)
	at org.openqa.selenium.support.ui.FluentWait.until(FluentWait.java:209)
	... 26 more
... Removed 24 stack frames]]>
    </failure>
  </testcase> <!-- TS003_VerifyAddToNewListForExhibitorTest -->
  <testcase name="TS004_VerifyAddToExistingListForExhibitorTest" time="30.281" classname="atlantamarket.GlobalSearch_ExhibitorActions">
    <failure type="org.openqa.selenium.TimeoutException" message="Expected condition failed: waiting for element to be clickable: By.xpath: //input[@id=&amp;apos;input-1&amp;apos;] (tried for 20 second(s) with 500 MILLISECONDS interval)">
      <![CDATA[org.openqa.selenium.TimeoutException: Expected condition failed: waiting for element to be clickable: By.xpath: //input[@id='input-1'] (tried for 20 second(s) with 500 MILLISECONDS interval)
	at org.openqa.selenium.support.ui.WebDriverWait.timeoutException(WebDriverWait.java:80)
	at org.openqa.selenium.support.ui.FluentWait.until(FluentWait.java:232)
	at pageObjects.AtlantaMarket.ATLGlobalSearchPage.getATLGlobalSearchTextBox(ATLGlobalSearchPage.java:34)
	at atlantamarket.GlobalSearch_ExhibitorActions.TS004_VerifyAddToExistingListForExhibitorTest(GlobalSearch_ExhibitorActions.java:199)
Caused by: org.openqa.selenium.NoSuchElementException: Cannot locate an element using By.xpath: //input[@id='input-1']
For documentation on this error, please visit: http://seleniumhq.org/exceptions/no_such_element.html
Build info: version: '3.4.0', revision: 'unknown', time: 'unknown'
System info: host: 'NILAMMA-W10', ip: '192.168.68.2', os.name: 'Windows 10', os.arch: 'amd64', os.version: '10.0', java.version: '1.8.0_161'
Driver info: driver.version: unknown
	at org.openqa.selenium.support.ui.ExpectedConditions.lambda$findElement$0(ExpectedConditions.java:883)
	at java.util.Optional.orElseThrow(Unknown Source)
	at org.openqa.selenium.support.ui.ExpectedConditions.findElement(ExpectedConditions.java:882)
	at org.openqa.selenium.support.ui.ExpectedConditions.access$000(ExpectedConditions.java:44)
	at org.openqa.selenium.support.ui.ExpectedConditions$7.apply(ExpectedConditions.java:206)
	at org.openqa.selenium.support.ui.ExpectedConditions$7.apply(ExpectedConditions.java:202)
	at org.openqa.selenium.support.ui.ExpectedConditions$22.apply(ExpectedConditions.java:644)
	at org.openqa.selenium.support.ui.ExpectedConditions$22.apply(ExpectedConditions.java:641)
	at org.openqa.selenium.support.ui.FluentWait.until(FluentWait.java:209)
	... 26 more
... Removed 24 stack frames]]>
    </failure>
  </testcase> <!-- TS004_VerifyAddToExistingListForExhibitorTest -->
  <testcase name="TS005_VerifyClickOnContactExhIconForExhibitorTest" time="30.259" classname="atlantamarket.GlobalSearch_ExhibitorActions">
    <failure type="org.openqa.selenium.TimeoutException" message="Expected condition failed: waiting for element to be clickable: By.xpath: //input[@id=&amp;apos;input-1&amp;apos;] (tried for 20 second(s) with 500 MILLISECONDS interval)">
      <![CDATA[org.openqa.selenium.TimeoutException: Expected condition failed: waiting for element to be clickable: By.xpath: //input[@id='input-1'] (tried for 20 second(s) with 500 MILLISECONDS interval)
	at org.openqa.selenium.support.ui.WebDriverWait.timeoutException(WebDriverWait.java:80)
	at org.openqa.selenium.support.ui.FluentWait.until(FluentWait.java:232)
	at pageObjects.AtlantaMarket.ATLGlobalSearchPage.getATLGlobalSearchTextBox(ATLGlobalSearchPage.java:34)
	at atlantamarket.GlobalSearch_ExhibitorActions.TS005_VerifyClickOnContactExhIconForExhibitorTest(GlobalSearch_ExhibitorActions.java:269)
Caused by: org.openqa.selenium.NoSuchElementException: Cannot locate an element using By.xpath: //input[@id='input-1']
For documentation on this error, please visit: http://seleniumhq.org/exceptions/no_such_element.html
Build info: version: '3.4.0', revision: 'unknown', time: 'unknown'
System info: host: 'NILAMMA-W10', ip: '192.168.68.2', os.name: 'Windows 10', os.arch: 'amd64', os.version: '10.0', java.version: '1.8.0_161'
Driver info: driver.version: unknown
	at org.openqa.selenium.support.ui.ExpectedConditions.lambda$findElement$0(ExpectedConditions.java:883)
	at java.util.Optional.orElseThrow(Unknown Source)
	at org.openqa.selenium.support.ui.ExpectedConditions.findElement(ExpectedConditions.java:882)
	at org.openqa.selenium.support.ui.ExpectedConditions.access$000(ExpectedConditions.java:44)
	at org.openqa.selenium.support.ui.ExpectedConditions$7.apply(ExpectedConditions.java:206)
	at org.openqa.selenium.support.ui.ExpectedConditions$7.apply(ExpectedConditions.java:202)
	at org.openqa.selenium.support.ui.ExpectedConditions$22.apply(ExpectedConditions.java:644)
	at org.openqa.selenium.support.ui.ExpectedConditions$22.apply(ExpectedConditions.java:641)
	at org.openqa.selenium.support.ui.FluentWait.until(FluentWait.java:209)
	... 26 more
... Removed 24 stack frames]]>
    </failure>
  </testcase> <!-- TS005_VerifyClickOnContactExhIconForExhibitorTest -->
  <testcase name="TS006_VerifyClickOnLocationLinksForExhibitorTest" time="30.163" classname="atlantamarket.GlobalSearch_ExhibitorActions">
    <failure type="org.openqa.selenium.TimeoutException" message="Expected condition failed: waiting for element to be clickable: By.xpath: //input[@id=&amp;apos;input-1&amp;apos;] (tried for 20 second(s) with 500 MILLISECONDS interval)">
      <![CDATA[org.openqa.selenium.TimeoutException: Expected condition failed: waiting for element to be clickable: By.xpath: //input[@id='input-1'] (tried for 20 second(s) with 500 MILLISECONDS interval)
	at org.openqa.selenium.support.ui.WebDriverWait.timeoutException(WebDriverWait.java:80)
	at org.openqa.selenium.support.ui.FluentWait.until(FluentWait.java:232)
	at pageObjects.AtlantaMarket.ATLGlobalSearchPage.getATLGlobalSearchTextBox(ATLGlobalSearchPage.java:34)
	at atlantamarket.GlobalSearch_ExhibitorActions.TS006_VerifyClickOnLocationLinksForExhibitorTest(GlobalSearch_ExhibitorActions.java:307)
Caused by: org.openqa.selenium.NoSuchElementException: Cannot locate an element using By.xpath: //input[@id='input-1']
For documentation on this error, please visit: http://seleniumhq.org/exceptions/no_such_element.html
Build info: version: '3.4.0', revision: 'unknown', time: 'unknown'
System info: host: 'NILAMMA-W10', ip: '192.168.68.2', os.name: 'Windows 10', os.arch: 'amd64', os.version: '10.0', java.version: '1.8.0_161'
Driver info: driver.version: unknown
	at org.openqa.selenium.support.ui.ExpectedConditions.lambda$findElement$0(ExpectedConditions.java:883)
	at java.util.Optional.orElseThrow(Unknown Source)
	at org.openqa.selenium.support.ui.ExpectedConditions.findElement(ExpectedConditions.java:882)
	at org.openqa.selenium.support.ui.ExpectedConditions.access$000(ExpectedConditions.java:44)
	at org.openqa.selenium.support.ui.ExpectedConditions$7.apply(ExpectedConditions.java:206)
	at org.openqa.selenium.support.ui.ExpectedConditions$7.apply(ExpectedConditions.java:202)
	at org.openqa.selenium.support.ui.ExpectedConditions$22.apply(ExpectedConditions.java:644)
	at org.openqa.selenium.support.ui.ExpectedConditions$22.apply(ExpectedConditions.java:641)
	at org.openqa.selenium.support.ui.FluentWait.until(FluentWait.java:209)
	... 26 more
... Removed 24 stack frames]]>
    </failure>
  </testcase> <!-- TS006_VerifyClickOnLocationLinksForExhibitorTest -->
  <testcase name="TS007_VerifyClickOnLinesShownLinkForExhibitorTest" time="30.114" classname="atlantamarket.GlobalSearch_ExhibitorActions">
    <failure type="org.openqa.selenium.TimeoutException" message="Expected condition failed: waiting for element to be clickable: By.xpath: //input[@id=&amp;apos;input-1&amp;apos;] (tried for 20 second(s) with 500 MILLISECONDS interval)">
      <![CDATA[org.openqa.selenium.TimeoutException: Expected condition failed: waiting for element to be clickable: By.xpath: //input[@id='input-1'] (tried for 20 second(s) with 500 MILLISECONDS interval)
	at org.openqa.selenium.support.ui.WebDriverWait.timeoutException(WebDriverWait.java:80)
	at org.openqa.selenium.support.ui.FluentWait.until(FluentWait.java:232)
	at pageObjects.AtlantaMarket.ATLGlobalSearchPage.getATLGlobalSearchTextBox(ATLGlobalSearchPage.java:34)
	at atlantamarket.GlobalSearch_ExhibitorActions.TS007_VerifyClickOnLinesShownLinkForExhibitorTest(GlobalSearch_ExhibitorActions.java:330)
Caused by: org.openqa.selenium.NoSuchElementException: Cannot locate an element using By.xpath: //input[@id='input-1']
For documentation on this error, please visit: http://seleniumhq.org/exceptions/no_such_element.html
Build info: version: '3.4.0', revision: 'unknown', time: 'unknown'
System info: host: 'NILAMMA-W10', ip: '192.168.68.2', os.name: 'Windows 10', os.arch: 'amd64', os.version: '10.0', java.version: '1.8.0_161'
Driver info: driver.version: unknown
	at org.openqa.selenium.support.ui.ExpectedConditions.lambda$findElement$0(ExpectedConditions.java:883)
	at java.util.Optional.orElseThrow(Unknown Source)
	at org.openqa.selenium.support.ui.ExpectedConditions.findElement(ExpectedConditions.java:882)
	at org.openqa.selenium.support.ui.ExpectedConditions.access$000(ExpectedConditions.java:44)
	at org.openqa.selenium.support.ui.ExpectedConditions$7.apply(ExpectedConditions.java:206)
	at org.openqa.selenium.support.ui.ExpectedConditions$7.apply(ExpectedConditions.java:202)
	at org.openqa.selenium.support.ui.ExpectedConditions$22.apply(ExpectedConditions.java:644)
	at org.openqa.selenium.support.ui.ExpectedConditions$22.apply(ExpectedConditions.java:641)
	at org.openqa.selenium.support.ui.FluentWait.until(FluentWait.java:209)
	... 26 more
... Removed 24 stack frames]]>
    </failure>
  </testcase> <!-- TS007_VerifyClickOnLinesShownLinkForExhibitorTest -->
  <testcase name="TS008_VerifyClickOnTotalProductsSeeAllLinkForExhibitorTest" time="30.074" classname="atlantamarket.GlobalSearch_ExhibitorActions">
    <failure type="org.openqa.selenium.TimeoutException" message="Expected condition failed: waiting for element to be clickable: By.xpath: //input[@id=&amp;apos;input-1&amp;apos;] (tried for 20 second(s) with 500 MILLISECONDS interval)">
      <![CDATA[org.openqa.selenium.TimeoutException: Expected condition failed: waiting for element to be clickable: By.xpath: //input[@id='input-1'] (tried for 20 second(s) with 500 MILLISECONDS interval)
	at org.openqa.selenium.support.ui.WebDriverWait.timeoutException(WebDriverWait.java:80)
	at org.openqa.selenium.support.ui.FluentWait.until(FluentWait.java:232)
	at pageObjects.AtlantaMarket.ATLGlobalSearchPage.getATLGlobalSearchTextBox(ATLGlobalSearchPage.java:34)
	at atlantamarket.GlobalSearch_ExhibitorActions.TS008_VerifyClickOnTotalProductsSeeAllLinkForExhibitorTest(GlobalSearch_ExhibitorActions.java:358)
Caused by: org.openqa.selenium.NoSuchElementException: Cannot locate an element using By.xpath: //input[@id='input-1']
For documentation on this error, please visit: http://seleniumhq.org/exceptions/no_such_element.html
Build info: version: '3.4.0', revision: 'unknown', time: 'unknown'
System info: host: 'NILAMMA-W10', ip: '192.168.68.2', os.name: 'Windows 10', os.arch: 'amd64', os.version: '10.0', java.version: '1.8.0_161'
Driver info: driver.version: unknown
	at org.openqa.selenium.support.ui.ExpectedConditions.lambda$findElement$0(ExpectedConditions.java:883)
	at java.util.Optional.orElseThrow(Unknown Source)
	at org.openqa.selenium.support.ui.ExpectedConditions.findElement(ExpectedConditions.java:882)
	at org.openqa.selenium.support.ui.ExpectedConditions.access$000(ExpectedConditions.java:44)
	at org.openqa.selenium.support.ui.ExpectedConditions$7.apply(ExpectedConditions.java:206)
	at org.openqa.selenium.support.ui.ExpectedConditions$7.apply(ExpectedConditions.java:202)
	at org.openqa.selenium.support.ui.ExpectedConditions$22.apply(ExpectedConditions.java:644)
	at org.openqa.selenium.support.ui.ExpectedConditions$22.apply(ExpectedConditions.java:641)
	at org.openqa.selenium.support.ui.FluentWait.until(FluentWait.java:209)
	... 26 more
... Removed 24 stack frames]]>
    </failure>
  </testcase> <!-- TS008_VerifyClickOnTotalProductsSeeAllLinkForExhibitorTest -->
  <testcase name="TS009_VerifyClickOnMatchingProductsSeeAllLinkForExhibitorTest" time="30.081" classname="atlantamarket.GlobalSearch_ExhibitorActions">
    <failure type="org.openqa.selenium.TimeoutException" message="Expected condition failed: waiting for element to be clickable: By.xpath: //input[@id=&amp;apos;input-1&amp;apos;] (tried for 20 second(s) with 500 MILLISECONDS interval)">
      <![CDATA[org.openqa.selenium.TimeoutException: Expected condition failed: waiting for element to be clickable: By.xpath: //input[@id='input-1'] (tried for 20 second(s) with 500 MILLISECONDS interval)
	at org.openqa.selenium.support.ui.WebDriverWait.timeoutException(WebDriverWait.java:80)
	at org.openqa.selenium.support.ui.FluentWait.until(FluentWait.java:232)
	at pageObjects.AtlantaMarket.ATLGlobalSearchPage.getATLGlobalSearchTextBox(ATLGlobalSearchPage.java:34)
	at atlantamarket.GlobalSearch_ExhibitorActions.TS009_VerifyClickOnMatchingProductsSeeAllLinkForExhibitorTest(GlobalSearch_ExhibitorActions.java:400)
Caused by: org.openqa.selenium.NoSuchElementException: Cannot locate an element using By.xpath: //input[@id='input-1']
For documentation on this error, please visit: http://seleniumhq.org/exceptions/no_such_element.html
Build info: version: '3.4.0', revision: 'unknown', time: 'unknown'
System info: host: 'NILAMMA-W10', ip: '192.168.68.2', os.name: 'Windows 10', os.arch: 'amd64', os.version: '10.0', java.version: '1.8.0_161'
Driver info: driver.version: unknown
	at org.openqa.selenium.support.ui.ExpectedConditions.lambda$findElement$0(ExpectedConditions.java:883)
	at java.util.Optional.orElseThrow(Unknown Source)
	at org.openqa.selenium.support.ui.ExpectedConditions.findElement(ExpectedConditions.java:882)
	at org.openqa.selenium.support.ui.ExpectedConditions.access$000(ExpectedConditions.java:44)
	at org.openqa.selenium.support.ui.ExpectedConditions$7.apply(ExpectedConditions.java:206)
	at org.openqa.selenium.support.ui.ExpectedConditions$7.apply(ExpectedConditions.java:202)
	at org.openqa.selenium.support.ui.ExpectedConditions$22.apply(ExpectedConditions.java:644)
	at org.openqa.selenium.support.ui.ExpectedConditions$22.apply(ExpectedConditions.java:641)
	at org.openqa.selenium.support.ui.FluentWait.until(FluentWait.java:209)
	... 26 more
... Removed 24 stack frames]]>
    </failure>
  </testcase> <!-- TS009_VerifyClickOnMatchingProductsSeeAllLinkForExhibitorTest -->
  <testcase name="TS010_VerifyMatchingProductsAddNoteFunctionalityForExhibitorTest" time="30.25" classname="atlantamarket.GlobalSearch_ExhibitorActions">
    <failure type="org.openqa.selenium.TimeoutException" message="Expected condition failed: waiting for element to be clickable: By.xpath: //input[@id=&amp;apos;input-1&amp;apos;] (tried for 20 second(s) with 500 MILLISECONDS interval)">
      <![CDATA[org.openqa.selenium.TimeoutException: Expected condition failed: waiting for element to be clickable: By.xpath: //input[@id='input-1'] (tried for 20 second(s) with 500 MILLISECONDS interval)
	at org.openqa.selenium.support.ui.WebDriverWait.timeoutException(WebDriverWait.java:80)
	at org.openqa.selenium.support.ui.FluentWait.until(FluentWait.java:232)
	at pageObjects.AtlantaMarket.ATLGlobalSearchPage.getATLGlobalSearchTextBox(ATLGlobalSearchPage.java:34)
	at atlantamarket.GlobalSearch_ExhibitorActions.TS010_VerifyMatchingProductsAddNoteFunctionalityForExhibitorTest(GlobalSearch_ExhibitorActions.java:442)
Caused by: org.openqa.selenium.NoSuchElementException: Cannot locate an element using By.xpath: //input[@id='input-1']
For documentation on this error, please visit: http://seleniumhq.org/exceptions/no_such_element.html
Build info: version: '3.4.0', revision: 'unknown', time: 'unknown'
System info: host: 'NILAMMA-W10', ip: '192.168.68.2', os.name: 'Windows 10', os.arch: 'amd64', os.version: '10.0', java.version: '1.8.0_161'
Driver info: driver.version: unknown
	at org.openqa.selenium.support.ui.ExpectedConditions.lambda$findElement$0(ExpectedConditions.java:883)
	at java.util.Optional.orElseThrow(Unknown Source)
	at org.openqa.selenium.support.ui.ExpectedConditions.findElement(ExpectedConditions.java:882)
	at org.openqa.selenium.support.ui.ExpectedConditions.access$000(ExpectedConditions.java:44)
	at org.openqa.selenium.support.ui.ExpectedConditions$7.apply(ExpectedConditions.java:206)
	at org.openqa.selenium.support.ui.ExpectedConditions$7.apply(ExpectedConditions.java:202)
	at org.openqa.selenium.support.ui.ExpectedConditions$22.apply(ExpectedConditions.java:644)
	at org.openqa.selenium.support.ui.ExpectedConditions$22.apply(ExpectedConditions.java:641)
	at org.openqa.selenium.support.ui.FluentWait.until(FluentWait.java:209)
	... 26 more
... Removed 24 stack frames]]>
    </failure>
  </testcase> <!-- TS010_VerifyMatchingProductsAddNoteFunctionalityForExhibitorTest -->
  <testcase name="TS011_VerifySelectionOfExhibitorFromSearchResultsTest" time="30.08" classname="atlantamarket.GlobalSearch_ExhibitorActions">
    <failure type="org.openqa.selenium.TimeoutException" message="Expected condition failed: waiting for element to be clickable: By.xpath: //input[@id=&amp;apos;input-1&amp;apos;] (tried for 20 second(s) with 500 MILLISECONDS interval)">
      <![CDATA[org.openqa.selenium.TimeoutException: Expected condition failed: waiting for element to be clickable: By.xpath: //input[@id='input-1'] (tried for 20 second(s) with 500 MILLISECONDS interval)
	at org.openqa.selenium.support.ui.WebDriverWait.timeoutException(WebDriverWait.java:80)
	at org.openqa.selenium.support.ui.FluentWait.until(FluentWait.java:232)
	at pageObjects.AtlantaMarket.ATLGlobalSearchPage.getATLGlobalSearchTextBox(ATLGlobalSearchPage.java:34)
	at atlantamarket.GlobalSearch_ExhibitorActions.TS011_VerifySelectionOfExhibitorFromSearchResultsTest(GlobalSearch_ExhibitorActions.java:513)
Caused by: org.openqa.selenium.NoSuchElementException: Cannot locate an element using By.xpath: //input[@id='input-1']
For documentation on this error, please visit: http://seleniumhq.org/exceptions/no_such_element.html
Build info: version: '3.4.0', revision: 'unknown', time: 'unknown'
System info: host: 'NILAMMA-W10', ip: '192.168.68.2', os.name: 'Windows 10', os.arch: 'amd64', os.version: '10.0', java.version: '1.8.0_161'
Driver info: driver.version: unknown
	at org.openqa.selenium.support.ui.ExpectedConditions.lambda$findElement$0(ExpectedConditions.java:883)
	at java.util.Optional.orElseThrow(Unknown Source)
	at org.openqa.selenium.support.ui.ExpectedConditions.findElement(ExpectedConditions.java:882)
	at org.openqa.selenium.support.ui.ExpectedConditions.access$000(ExpectedConditions.java:44)
	at org.openqa.selenium.support.ui.ExpectedConditions$7.apply(ExpectedConditions.java:206)
	at org.openqa.selenium.support.ui.ExpectedConditions$7.apply(ExpectedConditions.java:202)
	at org.openqa.selenium.support.ui.ExpectedConditions$22.apply(ExpectedConditions.java:644)
	at org.openqa.selenium.support.ui.ExpectedConditions$22.apply(ExpectedConditions.java:641)
	at org.openqa.selenium.support.ui.FluentWait.until(FluentWait.java:209)
	... 26 more
... Removed 24 stack frames]]>
    </failure>
  </testcase> <!-- TS011_VerifySelectionOfExhibitorFromSearchResultsTest -->
  <testcase name="TS001_VerifyMarketPlannerLoginTest" time="86.484" classname="atlantamarket.GlobalSearch_LineActions"/>
  <testcase name="TS002_VerifyClickOnContactExhIconForLineTest" time="31.458" classname="atlantamarket.GlobalSearch_LineActions"/>
  <testcase name="TS003_VerifyAddToFavoriteForLineTest" time="45.491" classname="atlantamarket.GlobalSearch_LineActions"/>
  <testcase name="TS004_VerifyClickOnOrderOnJuniperMarketBtnForLineTest" time="28.62" classname="atlantamarket.GlobalSearch_LineActions"/>
  <testcase name="TS005_VerifyAddToNewListForLineTest" time="87.6" classname="atlantamarket.GlobalSearch_LineActions"/>
  <testcase name="TS006_VerifyAddToExistingListForLineTest" time="111.151" classname="atlantamarket.GlobalSearch_LineActions"/>
  <testcase name="TS007_VerifyClickOnShownByExhibitorNameLinkForLineTest" time="36.087" classname="atlantamarket.GlobalSearch_LineActions"/>
  <testcase name="TS008_VerifyClickOnLocationLinkForLineTest" time="32.802" classname="atlantamarket.GlobalSearch_LineActions"/>
  <testcase name="TS009_VerifyClickOnMatchingProductsSeeAllLinkForLineTest" time="78.521" classname="atlantamarket.GlobalSearch_LineActions">
    <failure type="java.lang.AssertionError" message="expected [] but found [69836]">
      <![CDATA[java.lang.AssertionError: expected [] but found [69836]
	at atlantamarket.GlobalSearch_LineActions.TS009_VerifyClickOnMatchingProductsSeeAllLinkForLineTest(GlobalSearch_LineActions.java:417)
... Removed 29 stack frames]]>
    </failure>
  </testcase> <!-- TS009_VerifyClickOnMatchingProductsSeeAllLinkForLineTest -->
  <testcase name="TS010_VerifyClickOnTotalProductsSeeAllLinkForLineTest" time="47.983" classname="atlantamarket.GlobalSearch_LineActions">
    <failure type="org.openqa.selenium.TimeoutException" message="Expected condition failed: waiting for visibility of element located by By.xpath: //div[@class=&amp;apos;imc-gallery__item imc-exhibitorcard imc-line&amp;apos;][1]/div/div/div/div/a/h2 (tried for 20 second(s) with 500 MILLISECONDS interval)">
      <![CDATA[org.openqa.selenium.TimeoutException: Expected condition failed: waiting for visibility of element located by By.xpath: //div[@class='imc-gallery__item imc-exhibitorcard imc-line'][1]/div/div/div/div/a/h2 (tried for 20 second(s) with 500 MILLISECONDS interval)
	at org.openqa.selenium.support.ui.WebDriverWait.timeoutException(WebDriverWait.java:80)
	at org.openqa.selenium.support.ui.FluentWait.until(FluentWait.java:232)
	at pageObjects.AtlantaMarket.ATLExhLineProdActionsPage.getExhibitorName(ATLExhLineProdActionsPage.java:65)
	at atlantamarket.GlobalSearch_LineActions.TS010_VerifyClickOnTotalProductsSeeAllLinkForLineTest(GlobalSearch_LineActions.java:438)
Caused by: org.openqa.selenium.NoSuchElementException: Cannot locate an element using By.xpath: //div[@class='imc-gallery__item imc-exhibitorcard imc-line'][1]/div/div/div/div/a/h2
For documentation on this error, please visit: http://seleniumhq.org/exceptions/no_such_element.html
Build info: version: '3.4.0', revision: 'unknown', time: 'unknown'
System info: host: 'NILAMMA-W10', ip: '192.168.68.2', os.name: 'Windows 10', os.arch: 'amd64', os.version: '10.0', java.version: '1.8.0_161'
Driver info: driver.version: unknown
	at org.openqa.selenium.support.ui.ExpectedConditions.lambda$findElement$0(ExpectedConditions.java:883)
	at java.util.Optional.orElseThrow(Unknown Source)
	at org.openqa.selenium.support.ui.ExpectedConditions.findElement(ExpectedConditions.java:882)
	at org.openqa.selenium.support.ui.ExpectedConditions.access$000(ExpectedConditions.java:44)
	at org.openqa.selenium.support.ui.ExpectedConditions$7.apply(ExpectedConditions.java:206)
	at org.openqa.selenium.support.ui.ExpectedConditions$7.apply(ExpectedConditions.java:202)
	at org.openqa.selenium.support.ui.FluentWait.until(FluentWait.java:209)
	... 26 more
... Removed 24 stack frames]]>
    </failure>
  </testcase> <!-- TS010_VerifyClickOnTotalProductsSeeAllLinkForLineTest -->
  <testcase name="TS001_VerifyMarketPlannerLoginTest" time="75.99" classname="atlantamarket.GlobalSearch_ProductActions"/>
  <testcase name="TS002_VerifyClickOnSeeDetailsBtnForProductTest" time="50.763" classname="atlantamarket.GlobalSearch_ProductActions"/>
  <testcase name="TS003_VerifyAddToNewListForProductDetailsTest" time="145.092" classname="atlantamarket.GlobalSearch_ProductActions">
    <failure type="org.openqa.selenium.TimeoutException" message="Expected condition failed: waiting for visibility of element located by By.xpath: //li[@class=&amp;apos;imc-list-edit--draggable&amp;apos;][1]/div/div[3]/div/div/div/div/a (tried for 20 second(s) with 500 MILLISECONDS interval)">
      <![CDATA[org.openqa.selenium.TimeoutException: Expected condition failed: waiting for visibility of element located by By.xpath: //li[@class='imc-list-edit--draggable'][1]/div/div[3]/div/div/div/div/a (tried for 20 second(s) with 500 MILLISECONDS interval)
	at org.openqa.selenium.support.ui.WebDriverWait.timeoutException(WebDriverWait.java:80)
	at org.openqa.selenium.support.ui.FluentWait.until(FluentWait.java:232)
	at pageObjects.AtlantaMarket.ATLMarketPlannerPage.getSavedProductNameInList(ATLMarketPlannerPage.java:113)
	at atlantamarket.GlobalSearch_ProductActions.TS003_VerifyAddToNewListForProductDetailsTest(GlobalSearch_ProductActions.java:184)
Caused by: org.openqa.selenium.NoSuchElementException: Cannot locate an element using By.xpath: //li[@class='imc-list-edit--draggable'][1]/div/div[3]/div/div/div/div/a
For documentation on this error, please visit: http://seleniumhq.org/exceptions/no_such_element.html
Build info: version: '3.4.0', revision: 'unknown', time: 'unknown'
System info: host: 'NILAMMA-W10', ip: '192.168.68.2', os.name: 'Windows 10', os.arch: 'amd64', os.version: '10.0', java.version: '1.8.0_161'
Driver info: driver.version: unknown
	at org.openqa.selenium.support.ui.ExpectedConditions.lambda$findElement$0(ExpectedConditions.java:883)
	at java.util.Optional.orElseThrow(Unknown Source)
	at org.openqa.selenium.support.ui.ExpectedConditions.findElement(ExpectedConditions.java:882)
	at org.openqa.selenium.support.ui.ExpectedConditions.access$000(ExpectedConditions.java:44)
	at org.openqa.selenium.support.ui.ExpectedConditions$7.apply(ExpectedConditions.java:206)
	at org.openqa.selenium.support.ui.ExpectedConditions$7.apply(ExpectedConditions.java:202)
	at org.openqa.selenium.support.ui.FluentWait.until(FluentWait.java:209)
	... 26 more
... Removed 24 stack frames]]>
    </failure>
  </testcase> <!-- TS003_VerifyAddToNewListForProductDetailsTest -->
  <testcase name="TS004_VerifyAddToExistingListForProductDetailsTest" time="176.081" classname="atlantamarket.GlobalSearch_ProductActions"/>
</testsuite> <!-- RegressionTest -->
