<?xml version="1.0" encoding="UTF-8"?>
<!-- Generated by org.testng.reporters.JUnitXMLReporter -->
<testsuite hostname="NILAMMA-W10" name="RegressionTest" tests="2" failures="1" timestamp="20 Jun 2022 10:30:05 GMT" time="163.184" errors="0">
  <testcase name="TS001_VerifyMarketPlannerLoginTest" time="56.875" classname="atlantamarket.GlobalSearch_ProductActions"/>
  <testcase name="TS008_VerifyAddToFavoriteOnSearchResultsGridTest" time="37.186" classname="atlantamarket.GlobalSearch_ProductActions">
    <failure type="java.lang.AssertionError" message="expected [true] but found [false]">
      <![CDATA[java.lang.AssertionError: expected [true] but found [false]
	at atlantamarket.GlobalSearch_ProductActions.TS008_VerifyAddToFavoriteOnSearchResultsGridTest(GlobalSearch_ProductActions.java:432)
... Removed 28 stack frames]]>
    </failure>
  </testcase> <!-- TS008_VerifyAddToFavoriteOnSearchResultsGridTest -->
</testsuite> <!-- RegressionTest -->
