<?xml version="1.0" encoding="UTF-8"?>
<!-- Generated by org.testng.reporters.JUnitXMLReporter -->
<testsuite hostname="swapnili" name="RegressionTest" tests="10" failures="3" timestamp="17 Aug 2022 11:50:10 GMT" time="517.862" errors="0">
  <testcase name="TS001_VerifyAddToFavoriteForExhibitorTest" time="63.681" classname="atlantamarket_PROD.GlobalSearch_ExhibitorActions"/>
  <testcase name="TS002_VerifyAddToNewListForExhibitorTest" time="44.639" classname="atlantamarket_PROD.GlobalSearch_ExhibitorActions"/>
  <testcase name="TS003_VerifyAddToExistingListForExhibitorTest" time="81.784" classname="atlantamarket_PROD.GlobalSearch_ExhibitorActions"/>
  <testcase name="TS004_VerifyClickOnContactExhIconForExhibitorTest" time="32.836" classname="atlantamarket_PROD.GlobalSearch_ExhibitorActions"/>
  <testcase name="TS005_VerifyClickOnLocationLinksForExhibitorTest" time="30.919" classname="atlantamarket_PROD.GlobalSearch_ExhibitorActions"/>
  <testcase name="TS006_VerifyClickOnLinesShownLinkForExhibitorTest" time="38.51" classname="atlantamarket_PROD.GlobalSearch_ExhibitorActions"/>
  <testcase name="TS007_VerifyClickOnTotalProductsSeeAllLinkForExhibitorTest" time="38.569" classname="atlantamarket_PROD.GlobalSearch_ExhibitorActions">
    <failure type="java.lang.AssertionError" message="expected [309053] but found [699159]">
      <![CDATA[java.lang.AssertionError: expected [309053] but found [699159]
	at atlantamarket_PROD.GlobalSearch_ExhibitorActions.TS007_VerifyClickOnTotalProductsSeeAllLinkForExhibitorTest(GlobalSearch_ExhibitorActions.java:398)
... Removed 29 stack frames]]>
    </failure>
  </testcase> <!-- TS007_VerifyClickOnTotalProductsSeeAllLinkForExhibitorTest -->
  <testcase name="TS008_VerifyClickOnMatchingProductsSeeAllLinkForExhibitorTest" time="38.665" classname="atlantamarket_PROD.GlobalSearch_ExhibitorActions">
    <failure type="java.lang.AssertionError" message="expected [2551] but found [309053]">
      <![CDATA[java.lang.AssertionError: expected [2551] but found [309053]
	at atlantamarket_PROD.GlobalSearch_ExhibitorActions.TS008_VerifyClickOnMatchingProductsSeeAllLinkForExhibitorTest(GlobalSearch_ExhibitorActions.java:443)
... Removed 29 stack frames]]>
    </failure>
  </testcase> <!-- TS008_VerifyClickOnMatchingProductsSeeAllLinkForExhibitorTest -->
  <testcase name="TS009_VerifyMatchingProductsAddNoteFunctionalityForExhibitorTest" time="36.678" classname="atlantamarket_PROD.GlobalSearch_ExhibitorActions">
    <failure type="org.openqa.selenium.WebDriverException" message="element click intercepted: Element &amp;lt;button id=&amp;quot;&amp;quot; class=&amp;quot;imc-addnote__openModal imc-addnote__openModal--hideafter imc-link--alt-darkred imc-content imc-content--delta imc-expand-collapse__heading&amp;quot;&amp;gt;...&amp;lt;/button&amp;gt; is not clickable at point (1316, 246). Other element would receive the click: &amp;lt;div class=&amp;quot;ReactModal__Overlay ReactModal__Overlay--after-open imc-modal--overlay&amp;quot;&amp;gt;...&amp;lt;/div&amp;gt;
  (Session info: chrome=104.0.5112.81)
Build info: version: &amp;apos;3.4.0&amp;apos;, revision: &amp;apos;unknown&amp;apos;, time: &amp;apos;unknown&amp;apos;
System info: host: &amp;apos;SWAPNILI&amp;apos;, ip: &amp;apos;172.27.182.57&amp;apos;, os.name: &amp;apos;Windows 8.1&amp;apos;, os.arch: &amp;apos;amd64&amp;apos;, os.version: &amp;apos;6.3&amp;apos;, java.version: &amp;apos;1.8.0_161&amp;apos;
Driver info: org.openqa.selenium.chrome.ChromeDriver
Capabilities [{networkConnectionEnabled=false, chrome={chromedriverVersion=104.0.5112.79 (3cf3e8c8a07d104b9e1260c910efb8f383285dc5-refs/branch-heads/5112@{#1307}), userDataDir=C:\Users\swapnili\AppData\Local\Temp\scoped_dir10944_1089842183}, timeouts={implicit=0.0, pageLoad=300000.0, script=30000.0}, pageLoadStrategy=normal, unhandledPromptBehavior=dismiss and notify, strictFileInteractability=false, platform=ANY, proxy=Proxy(), goog:chromeOptions={debuggerAddress=localhost:51217}, webauthn:extension:credBlob=true, acceptInsecureCerts=false, browserVersion=104.0.5112.81, browserName=chrome, javascriptEnabled=true, platformName=windows, setWindowRect=true, webauthn:extension:largeBlob=true, webauthn:virtualAuthenticators=true}]
Session ID: 7001ee456064daa2097f9b53b5670f93">
      <![CDATA[org.openqa.selenium.WebDriverException: element click intercepted: Element <button id="" class="imc-addnote__openModal imc-addnote__openModal--hideafter imc-link--alt-darkred imc-content imc-content--delta imc-expand-collapse__heading">...</button> is not clickable at point (1316, 246). Other element would receive the click: <div class="ReactModal__Overlay ReactModal__Overlay--after-open imc-modal--overlay">...</div>
  (Session info: chrome=104.0.5112.81)
Build info: version: '3.4.0', revision: 'unknown', time: 'unknown'
System info: host: 'SWAPNILI', ip: '172.27.182.57', os.name: 'Windows 8.1', os.arch: 'amd64', os.version: '6.3', java.version: '1.8.0_161'
Driver info: org.openqa.selenium.chrome.ChromeDriver
Capabilities [{networkConnectionEnabled=false, chrome={chromedriverVersion=104.0.5112.79 (3cf3e8c8a07d104b9e1260c910efb8f383285dc5-refs/branch-heads/5112@{#1307}), userDataDir=C:\Users\swapnili\AppData\Local\Temp\scoped_dir10944_1089842183}, timeouts={implicit=0.0, pageLoad=300000.0, script=30000.0}, pageLoadStrategy=normal, unhandledPromptBehavior=dismiss and notify, strictFileInteractability=false, platform=ANY, proxy=Proxy(), goog:chromeOptions={debuggerAddress=localhost:51217}, webauthn:extension:credBlob=true, acceptInsecureCerts=false, browserVersion=104.0.5112.81, browserName=chrome, javascriptEnabled=true, platformName=windows, setWindowRect=true, webauthn:extension:largeBlob=true, webauthn:virtualAuthenticators=true}]
Session ID: 7001ee456064daa2097f9b53b5670f93
	at org.openqa.selenium.remote.http.W3CHttpResponseCodec.createException(W3CHttpResponseCodec.java:150)
	at org.openqa.selenium.remote.http.W3CHttpResponseCodec.decode(W3CHttpResponseCodec.java:115)
	at org.openqa.selenium.remote.http.W3CHttpResponseCodec.decode(W3CHttpResponseCodec.java:45)
	at org.openqa.selenium.remote.HttpCommandExecutor.execute(HttpCommandExecutor.java:164)
	at org.openqa.selenium.remote.service.DriverCommandExecutor.execute(DriverCommandExecutor.java:82)
	at org.openqa.selenium.remote.RemoteWebDriver.execute(RemoteWebDriver.java:637)
	at org.openqa.selenium.remote.RemoteWebElement.execute(RemoteWebElement.java:272)
	at org.openqa.selenium.remote.RemoteWebElement.click(RemoteWebElement.java:82)
	at atlantamarket_PROD.GlobalSearch_ExhibitorActions.TS009_VerifyMatchingProductsAddNoteFunctionalityForExhibitorTest(GlobalSearch_ExhibitorActions.java:495)
... Removed 28 stack frames]]>
    </failure>
  </testcase> <!-- TS009_VerifyMatchingProductsAddNoteFunctionalityForExhibitorTest -->
  <testcase name="TS010_VerifySelectionOfExhibitorFromSearchResultsTest" time="45.049" classname="atlantamarket_PROD.GlobalSearch_ExhibitorActions"/>
</testsuite> <!-- RegressionTest -->
