<?xml version="1.0" encoding="UTF-8"?>
<!-- Generated by org.testng.reporters.JUnitXMLReporter -->
<testsuite hostname="swapnili" name="RegressionTest" tests="2" failures="1" timestamp="25 Aug 2022 10:03:16 GMT" time="372.182" errors="0">
  <testcase name="TS021_VerifyMarketPlannerListManagementSortByTest" time="50.865" classname="atlantamarket_UAT.MarketPlanner">
    <failure type="java.lang.AssertionError" message="expected [true] but found [false]">
      <![CDATA[java.lang.AssertionError: expected [true] but found [false]
	at resources.Utility.filterSortByTest(Utility.java:230)
	at atlantamarket_UAT.MarketPlanner.TS021_VerifyMarketPlannerListManagementSortByTest(MarketPlanner.java:1928)
... Removed 28 stack frames]]>
    </failure>
  </testcase> <!-- TS021_VerifyMarketPlannerListManagementSortByTest -->
  <testcase name="TS021_VerifyMarketPlannerListManagementFilterByTest" time="46.473" classname="atlantamarket_UAT.MarketPlanner"/>
</testsuite> <!-- RegressionTest -->
