<?xml version="1.0" encoding="UTF-8"?>
<!-- Generated by org.testng.reporters.JUnitXMLReporter -->

<testsuite hostname="eon-swapnili" name="RegressionTest" tests="1" failures="0" timestamp="5 Jan 2024 05:17:36 GMT" time="45.312" errors="0">
  <testcase name="TS001_VerifyEventsAndWebinarsOverviewTest" time="17.179" classname="atlantamarket_PROD.EvenntsAndWebinar"/>

<testsuite hostname="Anuppa-VD3" name="RegressionTest" tests="9" failures="1" timestamp="4 Jan 2024 08:31:22 GMT" time="2451.916" errors="0">
  <testcase name="TS001_VerifyEventsAndWebinarsOverviewTest" time="18.213" classname="atlantamarket_PROD.EvenntsAndWebinar"/>
  <testcase name="TS002_VerifyIMCEventsSearchbarTest" time="29.92" classname="atlantamarket_PROD.EvenntsAndWebinar"/>
  <testcase name="TS003_VerifyIMCEventsCalendarViewTest" time="65.575" classname="atlantamarket_PROD.EvenntsAndWebinar"/>
  <testcase name="TS004_VerifyIMCEventsEventsListTest" time="28.326" classname="atlantamarket_PROD.EvenntsAndWebinar">
    <failure type="java.lang.AssertionError" message="expected [true] but found [false]">
      <![CDATA[java.lang.AssertionError: expected [true] but found [false]
	at atlantamarket_PROD.EvenntsAndWebinar.TS004_VerifyIMCEventsEventsListTest(EvenntsAndWebinar.java:308)
... Removed 28 stack frames]]>
    </failure>
  </testcase> <!-- TS004_VerifyIMCEventsEventsListTest -->
  <testcase name="TS005_VerifyIMCEventsEventDetailstTest" time="884.886" classname="atlantamarket_PROD.EvenntsAndWebinar"/>
  <testcase name="TS006_VerifyExhibitorEventsSearchbarTest" time="31.336" classname="atlantamarket_PROD.EvenntsAndWebinar"/>
  <testcase name="TS007_VerifyExhibitorEventsCalendarViewTest" time="71.439" classname="atlantamarket_PROD.EvenntsAndWebinar"/>
  <testcase name="TS008_VerifyExhibitorEventsListTest" time="1255.501" classname="atlantamarket_PROD.EvenntsAndWebinar"/>
  <testcase name="TS009_VerifyExhibitorEventsDetailstTest" time="37.233" classname="atlantamarket_PROD.EvenntsAndWebinar"/>

</testsuite> <!-- RegressionTest -->
