<?xml version="1.0" encoding="UTF-8"?>
<!-- Generated by org.testng.reporters.JUnitXMLReporter -->

<testsuite hostname="swapnili" name="RegressionTest" tests="1" failures="0" timestamp="9 Aug 2022 10:47:16 GMT" time="130.408" errors="0">
  <testcase name="TS0012_VerifyMarketPlannerAddExhibitorToFevoritesTest" time="91.712" classname="atlantamarket_UAT.MarketPlanner"/>

<testsuite hostname="shradhama-win10" name="RegressionTest" tests="2" failures="1" timestamp="9 Aug 2022 11:05:02 GMT" time="108.797" errors="0">
  <testcase name="TS001_VerifyMarketPlannerLoginTest" time="32.717" classname="atlantamarket_UAT.MarketPlanner"/>
  <testcase name="TS010_RegistrationCardTest" time="40.993" classname="atlantamarket_UAT.MarketPlanner">
    <failure type="org.openqa.selenium.TimeoutException" message="Expected condition failed: waiting for visibility of element located by By.xpath: //div[@class = &amp;apos;section-wrapper imc-section--basic-white&amp;apos;] (tried for 20 second(s) with 500 MILLISECONDS interval)">
      <![CDATA[org.openqa.selenium.TimeoutException: Expected condition failed: waiting for visibility of element located by By.xpath: //div[@class = 'section-wrapper imc-section--basic-white'] (tried for 20 second(s) with 500 MILLISECONDS interval)
	at org.openqa.selenium.support.ui.WebDriverWait.timeoutException(WebDriverWait.java:80)
	at org.openqa.selenium.support.ui.FluentWait.until(FluentWait.java:232)
	at pageObjects.AtlantaMarket.ATLMarketPlannerPage.getmpverifyregistrationinformationlink(ATLMarketPlannerPage.java:375)
	at atlantamarket_UAT.MarketPlanner.TS010_RegistrationCardTest(MarketPlanner.java:435)
Caused by: org.openqa.selenium.NoSuchElementException: Cannot locate an element using By.xpath: //div[@class = 'section-wrapper imc-section--basic-white']
For documentation on this error, please visit: http://seleniumhq.org/exceptions/no_such_element.html
Build info: version: '3.4.0', revision: 'unknown', time: 'unknown'
System info: host: 'SHRADHAMA-WIN10', ip: '172.27.182.74', os.name: 'Windows 10', os.arch: 'amd64', os.version: '10.0', java.version: '1.8.0_333'
Driver info: driver.version: unknown
	at org.openqa.selenium.support.ui.ExpectedConditions.lambda$findElement$0(ExpectedConditions.java:883)
	at java.util.Optional.orElseThrow(Unknown Source)
	at org.openqa.selenium.support.ui.ExpectedConditions.findElement(ExpectedConditions.java:882)
	at org.openqa.selenium.support.ui.ExpectedConditions.access$000(ExpectedConditions.java:44)
	at org.openqa.selenium.support.ui.ExpectedConditions$7.apply(ExpectedConditions.java:206)
	at org.openqa.selenium.support.ui.ExpectedConditions$7.apply(ExpectedConditions.java:202)
	at org.openqa.selenium.support.ui.FluentWait.until(FluentWait.java:209)
	... 26 more
... Removed 24 stack frames]]>
    </failure>
  </testcase> <!-- TS010_RegistrationCardTest -->

</testsuite> <!-- RegressionTest -->
