<?xml version="1.0" encoding="UTF-8"?>
<!-- Generated by org.testng.reporters.JUnitXMLReporter -->

<testsuite hostname="NILAMMA-W10" name="RegressionTest" tests="1" failures="1" timestamp="23 Jun 2022 12:54:41 GMT" time="104.023" errors="0">
  <testcase name="TS005_VerifyFloorPlansIconsTest" time="49.078" classname="atlantamarket.FloorPlans">
    <failure type="org.openqa.selenium.TimeoutException" message="Expected condition failed: waiting for visibility of element located by By.xpath: //div[@class=&amp;apos;imc-content--padded-medium-desktop&amp;apos;] (tried for 20 second(s) with 500 MILLISECONDS interval)">
      <![CDATA[org.openqa.selenium.TimeoutException: Expected condition failed: waiting for visibility of element located by By.xpath: //div[@class='imc-content--padded-medium-desktop'] (tried for 20 second(s) with 500 MILLISECONDS interval)
	at org.openqa.selenium.support.ui.WebDriverWait.timeoutException(WebDriverWait.java:80)
	at org.openqa.selenium.support.ui.FluentWait.until(FluentWait.java:232)
	at pageObjects.AtlantaMarket.ATLFloorPlansPage.getExhibitorDetailsModal(ATLFloorPlansPage.java:156)
	at atlantamarket.FloorPlans.TS005_VerifyFloorPlansIconsTest(FloorPlans.java:238)
Caused by: org.openqa.selenium.NoSuchElementException: Cannot locate an element using By.xpath: //div[@class='imc-content--padded-medium-desktop']
For documentation on this error, please visit: http://seleniumhq.org/exceptions/no_such_element.html
Build info: version: '3.4.0', revision: 'unknown', time: 'unknown'
System info: host: 'NILAMMA-W10', ip: '192.168.68.2', os.name: 'Windows 10', os.arch: 'amd64', os.version: '10.0', java.version: '1.8.0_161'
Driver info: driver.version: unknown
	at org.openqa.selenium.support.ui.ExpectedConditions.lambda$findElement$0(ExpectedConditions.java:883)
	at java.util.Optional.orElseThrow(Unknown Source)
	at org.openqa.selenium.support.ui.ExpectedConditions.findElement(ExpectedConditions.java:882)
	at org.openqa.selenium.support.ui.ExpectedConditions.access$000(ExpectedConditions.java:44)
	at org.openqa.selenium.support.ui.ExpectedConditions$7.apply(ExpectedConditions.java:206)
	at org.openqa.selenium.support.ui.ExpectedConditions$7.apply(ExpectedConditions.java:202)
	at org.openqa.selenium.support.ui.FluentWait.until(FluentWait.java:209)
	... 26 more
... Removed 24 stack frames]]>
    </failure>
  </testcase> <!-- TS005_VerifyFloorPlansIconsTest -->

<testsuite hostname="swapnili" name="RegressionTest" tests="6" failures="0" timestamp="23 Jun 2022 11:53:10 GMT" time="228.304" errors="0">
  <testcase name="TS001_VerifyNavigationToDifferentFloorBuildingsTest" time="10.58" classname="atlantamarket.FloorPlans"/>
  <testcase name="TS003_VerifyFloorPlansNoExhibitorsLoadingMessageTest" time="5.22" classname="atlantamarket.FloorPlans"/>
  <testcase name="TS004_VerifyFloorPlansZoomInOutLevelTest" time="19.2" classname="atlantamarket.FloorPlans"/>
  <testcase name="TS005_VerifyFloorPlansIconsTest" time="11.217" classname="atlantamarket.FloorPlans"/>
  <testcase name="TS006_VerifyFlooPlansFiltersTest" time="61.46" classname="atlantamarket.FloorPlans"/>
  <testcase name="TS007_VerifyFloorPlansPaginationTest" time="32.446" classname="atlantamarket.FloorPlans"/>

</testsuite> <!-- RegressionTest -->
