<?xml version="1.0" encoding="UTF-8"?>
<!-- Generated by org.testng.reporters.JUnitXMLReporter -->

<testsuite hostname="NILAMMA-W10" name="RegressionTest" tests="43" failures="17" timestamp="14 Jul 2022 13:50:43 GMT" time="2770.442" errors="0">
  <testcase name="TS001_VerifySelectionOfExhibitorFromAutoSuggestionListTest" time="21.564" classname="atlantamarket_PROD.GlobalSearch_SuggestionList"/>
  <testcase name="TS002_VerifySelectionOfLineFromAutoSuggestionListTest" time="13.433" classname="atlantamarket_PROD.GlobalSearch_SuggestionList"/>
  <testcase name="TS003_VerifySelectionOfProductFromAutoSuggestionListTest" time="19.425" classname="atlantamarket_PROD.GlobalSearch_SuggestionList"/>
  <testcase name="TS001_VerifyAddToFavoriteForExhibitorTest" time="96.399" classname="atlantamarket_PROD.GlobalSearch_ExhibitorActions"/>
  <testcase name="TS002_VerifyAddToNewListForExhibitorTest" time="52.695" classname="atlantamarket_PROD.GlobalSearch_ExhibitorActions"/>
  <testcase name="TS003_VerifyAddToExistingListForExhibitorTest" time="88.089" classname="atlantamarket_PROD.GlobalSearch_ExhibitorActions"/>
  <testcase name="TS004_VerifyClickOnContactExhIconForExhibitorTest" time="45.773" classname="atlantamarket_PROD.GlobalSearch_ExhibitorActions"/>
  <testcase name="TS005_VerifyClickOnLocationLinksForExhibitorTest" time="60.066" classname="atlantamarket_PROD.GlobalSearch_ExhibitorActions">
    <failure type="org.openqa.selenium.TimeoutException" message="Expected condition failed: waiting for visibility of element located by By.xpath: //div[@class=&amp;apos;imc-gallery__item imc-exhibitorcard imc-line&amp;apos;][1]/div/div/div/div[2]/div[1]/div[1]/a (tried for 20 second(s) with 500 MILLISECONDS interval)">
      <![CDATA[org.openqa.selenium.TimeoutException: Expected condition failed: waiting for visibility of element located by By.xpath: //div[@class='imc-gallery__item imc-exhibitorcard imc-line'][1]/div/div/div/div[2]/div[1]/div[1]/a (tried for 20 second(s) with 500 MILLISECONDS interval)
	at org.openqa.selenium.support.ui.WebDriverWait.timeoutException(WebDriverWait.java:80)
	at org.openqa.selenium.support.ui.FluentWait.until(FluentWait.java:232)
	at pageObjects.AtlantaMarket.ATLExhLineProdActionsPage.getLocationLinkInExhCard(ATLExhLineProdActionsPage.java:109)
	at atlantamarket_PROD.GlobalSearch_ExhibitorActions.TS005_VerifyClickOnLocationLinksForExhibitorTest(GlobalSearch_ExhibitorActions.java:313)
Caused by: org.openqa.selenium.NoSuchElementException: Cannot locate an element using By.xpath: //div[@class='imc-gallery__item imc-exhibitorcard imc-line'][1]/div/div/div/div[2]/div[1]/div[1]/a
For documentation on this error, please visit: http://seleniumhq.org/exceptions/no_such_element.html
Build info: version: '3.4.0', revision: 'unknown', time: 'unknown'
System info: host: 'NILAMMA-W10', ip: '192.168.68.2', os.name: 'Windows 10', os.arch: 'amd64', os.version: '10.0', java.version: '1.8.0_161'
Driver info: driver.version: unknown
	at org.openqa.selenium.support.ui.ExpectedConditions.lambda$findElement$0(ExpectedConditions.java:883)
	at java.util.Optional.orElseThrow(Unknown Source)
	at org.openqa.selenium.support.ui.ExpectedConditions.findElement(ExpectedConditions.java:882)
	at org.openqa.selenium.support.ui.ExpectedConditions.access$000(ExpectedConditions.java:44)
	at org.openqa.selenium.support.ui.ExpectedConditions$7.apply(ExpectedConditions.java:206)
	at org.openqa.selenium.support.ui.ExpectedConditions$7.apply(ExpectedConditions.java:202)
	at org.openqa.selenium.support.ui.FluentWait.until(FluentWait.java:209)
	... 26 more
... Removed 24 stack frames]]>
    </failure>
  </testcase> <!-- TS005_VerifyClickOnLocationLinksForExhibitorTest -->
  <testcase name="TS006_VerifyClickOnLinesShownLinkForExhibitorTest" time="69.444" classname="atlantamarket_PROD.GlobalSearch_ExhibitorActions">
    <failure type="java.lang.AssertionError" message="expected [true] but found [false]">
      <![CDATA[java.lang.AssertionError: expected [true] but found [false]
	at atlantamarket_PROD.GlobalSearch_ExhibitorActions.TS006_VerifyClickOnLinesShownLinkForExhibitorTest(GlobalSearch_ExhibitorActions.java:351)
... Removed 28 stack frames]]>
    </failure>
  </testcase> <!-- TS006_VerifyClickOnLinesShownLinkForExhibitorTest -->
  <testcase name="TS007_VerifyClickOnTotalProductsSeeAllLinkForExhibitorTest" time="63.474" classname="atlantamarket_PROD.GlobalSearch_ExhibitorActions">
    <failure type="java.lang.AssertionError" message="expected [308705] but found [701043]">
      <![CDATA[java.lang.AssertionError: expected [308705] but found [701043]
	at atlantamarket_PROD.GlobalSearch_ExhibitorActions.TS007_VerifyClickOnTotalProductsSeeAllLinkForExhibitorTest(GlobalSearch_ExhibitorActions.java:398)
... Removed 29 stack frames]]>
    </failure>
  </testcase> <!-- TS007_VerifyClickOnTotalProductsSeeAllLinkForExhibitorTest -->
  <testcase name="TS008_VerifyClickOnMatchingProductsSeeAllLinkForExhibitorTest" time="57.843" classname="atlantamarket_PROD.GlobalSearch_ExhibitorActions">
    <failure type="org.openqa.selenium.TimeoutException" message="Expected condition failed: waiting for visibility of element located by By.xpath: //div[@class=&amp;apos;imc-gallery__item imc-exhibitorcard imc-line&amp;apos;][1]/div/div/div/div/a/h2 (tried for 30 second(s) with 500 MILLISECONDS interval)">
      <![CDATA[org.openqa.selenium.TimeoutException: Expected condition failed: waiting for visibility of element located by By.xpath: //div[@class='imc-gallery__item imc-exhibitorcard imc-line'][1]/div/div/div/div/a/h2 (tried for 30 second(s) with 500 MILLISECONDS interval)
	at org.openqa.selenium.support.ui.WebDriverWait.timeoutException(WebDriverWait.java:80)
	at org.openqa.selenium.support.ui.FluentWait.until(FluentWait.java:232)
	at pageObjects.AtlantaMarket.ATLExhLineProdActionsPage.getExhibitorName(ATLExhLineProdActionsPage.java:65)
	at atlantamarket_PROD.GlobalSearch_ExhibitorActions.TS008_VerifyClickOnMatchingProductsSeeAllLinkForExhibitorTest(GlobalSearch_ExhibitorActions.java:421)
Caused by: org.openqa.selenium.NoSuchElementException: Cannot locate an element using By.xpath: //div[@class='imc-gallery__item imc-exhibitorcard imc-line'][1]/div/div/div/div/a/h2
For documentation on this error, please visit: http://seleniumhq.org/exceptions/no_such_element.html
Build info: version: '3.4.0', revision: 'unknown', time: 'unknown'
System info: host: 'NILAMMA-W10', ip: '192.168.68.2', os.name: 'Windows 10', os.arch: 'amd64', os.version: '10.0', java.version: '1.8.0_161'
Driver info: driver.version: unknown
	at org.openqa.selenium.support.ui.ExpectedConditions.lambda$findElement$0(ExpectedConditions.java:883)
	at java.util.Optional.orElseThrow(Unknown Source)
	at org.openqa.selenium.support.ui.ExpectedConditions.findElement(ExpectedConditions.java:882)
	at org.openqa.selenium.support.ui.ExpectedConditions.access$000(ExpectedConditions.java:44)
	at org.openqa.selenium.support.ui.ExpectedConditions$7.apply(ExpectedConditions.java:206)
	at org.openqa.selenium.support.ui.ExpectedConditions$7.apply(ExpectedConditions.java:202)
	at org.openqa.selenium.support.ui.FluentWait.until(FluentWait.java:209)
	... 26 more
... Removed 24 stack frames]]>
    </failure>
  </testcase> <!-- TS008_VerifyClickOnMatchingProductsSeeAllLinkForExhibitorTest -->
  <testcase name="TS009_VerifyMatchingProductsAddNoteFunctionalityForExhibitorTest" time="62.257" classname="atlantamarket_PROD.GlobalSearch_ExhibitorActions"/>
  <testcase name="TS010_VerifySelectionOfExhibitorFromSearchResultsTest" time="58.438" classname="atlantamarket_PROD.GlobalSearch_ExhibitorActions">
    <failure type="org.openqa.selenium.TimeoutException" message="Expected condition failed: waiting for visibility of element located by By.xpath: //div[@class=&amp;apos;imc-gallery__item imc-exhibitorcard imc-line&amp;apos;][1]/div/div/div/div/a/h2 (tried for 30 second(s) with 500 MILLISECONDS interval)">
      <![CDATA[org.openqa.selenium.TimeoutException: Expected condition failed: waiting for visibility of element located by By.xpath: //div[@class='imc-gallery__item imc-exhibitorcard imc-line'][1]/div/div/div/div/a/h2 (tried for 30 second(s) with 500 MILLISECONDS interval)
	at org.openqa.selenium.support.ui.WebDriverWait.timeoutException(WebDriverWait.java:80)
	at org.openqa.selenium.support.ui.FluentWait.until(FluentWait.java:232)
	at pageObjects.AtlantaMarket.ATLExhLineProdActionsPage.getExhibitorName(ATLExhLineProdActionsPage.java:65)
	at atlantamarket_PROD.GlobalSearch_ExhibitorActions.TS010_VerifySelectionOfExhibitorFromSearchResultsTest(GlobalSearch_ExhibitorActions.java:544)
Caused by: org.openqa.selenium.NoSuchElementException: Cannot locate an element using By.xpath: //div[@class='imc-gallery__item imc-exhibitorcard imc-line'][1]/div/div/div/div/a/h2
For documentation on this error, please visit: http://seleniumhq.org/exceptions/no_such_element.html
Build info: version: '3.4.0', revision: 'unknown', time: 'unknown'
System info: host: 'NILAMMA-W10', ip: '192.168.68.2', os.name: 'Windows 10', os.arch: 'amd64', os.version: '10.0', java.version: '1.8.0_161'
Driver info: driver.version: unknown
	at org.openqa.selenium.support.ui.ExpectedConditions.lambda$findElement$0(ExpectedConditions.java:883)
	at java.util.Optional.orElseThrow(Unknown Source)
	at org.openqa.selenium.support.ui.ExpectedConditions.findElement(ExpectedConditions.java:882)
	at org.openqa.selenium.support.ui.ExpectedConditions.access$000(ExpectedConditions.java:44)
	at org.openqa.selenium.support.ui.ExpectedConditions$7.apply(ExpectedConditions.java:206)
	at org.openqa.selenium.support.ui.ExpectedConditions$7.apply(ExpectedConditions.java:202)
	at org.openqa.selenium.support.ui.FluentWait.until(FluentWait.java:209)
	... 26 more
... Removed 24 stack frames]]>
    </failure>
  </testcase> <!-- TS010_VerifySelectionOfExhibitorFromSearchResultsTest -->
  <testcase name="TS001_VerifyClickOnContactExhIconForLineTest" time="46.036" classname="atlantamarket_PROD.GlobalSearch_LineActions">
    <failure type="org.openqa.selenium.TimeoutException" message="Expected condition failed: waiting for visibility of element located by By.xpath: //div[@class=&amp;apos;imc-gallery__item imc-exhibitorcard imc-line&amp;apos;][1]/div/div/div/div[2]/div[2]/ul/li[1]/div/button (tried for 20 second(s) with 500 MILLISECONDS interval)">
      <![CDATA[org.openqa.selenium.TimeoutException: Expected condition failed: waiting for visibility of element located by By.xpath: //div[@class='imc-gallery__item imc-exhibitorcard imc-line'][1]/div/div/div/div[2]/div[2]/ul/li[1]/div/button (tried for 20 second(s) with 500 MILLISECONDS interval)
	at org.openqa.selenium.support.ui.WebDriverWait.timeoutException(WebDriverWait.java:80)
	at org.openqa.selenium.support.ui.FluentWait.until(FluentWait.java:232)
	at pageObjects.AtlantaMarket.ATLExhLineProdActionsPage.getContactExhibitorIcon(ATLExhLineProdActionsPage.java:84)
	at atlantamarket_PROD.GlobalSearch_LineActions.TS001_VerifyClickOnContactExhIconForLineTest(GlobalSearch_LineActions.java:84)
Caused by: org.openqa.selenium.NoSuchElementException: Cannot locate an element using By.xpath: //div[@class='imc-gallery__item imc-exhibitorcard imc-line'][1]/div/div/div/div[2]/div[2]/ul/li[1]/div/button
For documentation on this error, please visit: http://seleniumhq.org/exceptions/no_such_element.html
Build info: version: '3.4.0', revision: 'unknown', time: 'unknown'
System info: host: 'NILAMMA-W10', ip: '192.168.68.2', os.name: 'Windows 10', os.arch: 'amd64', os.version: '10.0', java.version: '1.8.0_161'
Driver info: driver.version: unknown
	at org.openqa.selenium.support.ui.ExpectedConditions.lambda$findElement$0(ExpectedConditions.java:883)
	at java.util.Optional.orElseThrow(Unknown Source)
	at org.openqa.selenium.support.ui.ExpectedConditions.findElement(ExpectedConditions.java:882)
	at org.openqa.selenium.support.ui.ExpectedConditions.access$000(ExpectedConditions.java:44)
	at org.openqa.selenium.support.ui.ExpectedConditions$7.apply(ExpectedConditions.java:206)
	at org.openqa.selenium.support.ui.ExpectedConditions$7.apply(ExpectedConditions.java:202)
	at org.openqa.selenium.support.ui.FluentWait.until(FluentWait.java:209)
	... 26 more
... Removed 24 stack frames]]>
    </failure>
  </testcase> <!-- TS001_VerifyClickOnContactExhIconForLineTest -->
  <testcase name="TS002_VerifyAddToFavoriteForLineTest" time="58.699" classname="atlantamarket_PROD.GlobalSearch_LineActions">
    <failure type="org.openqa.selenium.TimeoutException" message="Expected condition failed: waiting for visibility of element located by By.xpath: //div[@class=&amp;apos;imc-gallery__item imc-exhibitorcard imc-line&amp;apos;][1]/div/div/div/div/a/h2 (tried for 30 second(s) with 500 MILLISECONDS interval)">
      <![CDATA[org.openqa.selenium.TimeoutException: Expected condition failed: waiting for visibility of element located by By.xpath: //div[@class='imc-gallery__item imc-exhibitorcard imc-line'][1]/div/div/div/div/a/h2 (tried for 30 second(s) with 500 MILLISECONDS interval)
	at org.openqa.selenium.support.ui.WebDriverWait.timeoutException(WebDriverWait.java:80)
	at org.openqa.selenium.support.ui.FluentWait.until(FluentWait.java:232)
	at pageObjects.AtlantaMarket.ATLExhLineProdActionsPage.getExhibitorName(ATLExhLineProdActionsPage.java:65)
	at atlantamarket_PROD.GlobalSearch_LineActions.TS002_VerifyAddToFavoriteForLineTest(GlobalSearch_LineActions.java:128)
Caused by: org.openqa.selenium.NoSuchElementException: Cannot locate an element using By.xpath: //div[@class='imc-gallery__item imc-exhibitorcard imc-line'][1]/div/div/div/div/a/h2
For documentation on this error, please visit: http://seleniumhq.org/exceptions/no_such_element.html
Build info: version: '3.4.0', revision: 'unknown', time: 'unknown'
System info: host: 'NILAMMA-W10', ip: '192.168.68.2', os.name: 'Windows 10', os.arch: 'amd64', os.version: '10.0', java.version: '1.8.0_161'
Driver info: driver.version: unknown
	at org.openqa.selenium.support.ui.ExpectedConditions.lambda$findElement$0(ExpectedConditions.java:883)
	at java.util.Optional.orElseThrow(Unknown Source)
	at org.openqa.selenium.support.ui.ExpectedConditions.findElement(ExpectedConditions.java:882)
	at org.openqa.selenium.support.ui.ExpectedConditions.access$000(ExpectedConditions.java:44)
	at org.openqa.selenium.support.ui.ExpectedConditions$7.apply(ExpectedConditions.java:206)
	at org.openqa.selenium.support.ui.ExpectedConditions$7.apply(ExpectedConditions.java:202)
	at org.openqa.selenium.support.ui.FluentWait.until(FluentWait.java:209)
	... 26 more
... Removed 24 stack frames]]>
    </failure>
  </testcase> <!-- TS002_VerifyAddToFavoriteForLineTest -->
  <testcase name="TS003_VerifyClickOnOrderOnJuniperMarketBtnForLineTest" time="78.235" classname="atlantamarket_PROD.GlobalSearch_LineActions"/>
  <testcase name="TS004_VerifyAddToNewListForLineTest" time="63.012" classname="atlantamarket_PROD.GlobalSearch_LineActions">
    <failure type="org.openqa.selenium.NoSuchElementException" message="no such element: Unable to locate element: {&amp;quot;method&amp;quot;:&amp;quot;xpath&amp;quot;,&amp;quot;selector&amp;quot;:&amp;quot;//div[@class = &amp;apos;imc-exhibitorcard--text-container-row&amp;apos;]/a[1]&amp;quot;}
  (Session info: chrome=102.0.5005.63)
For documentation on this error, please visit: http://seleniumhq.org/exceptions/no_such_element.html
Build info: version: &amp;apos;3.4.0&amp;apos;, revision: &amp;apos;unknown&amp;apos;, time: &amp;apos;unknown&amp;apos;
System info: host: &amp;apos;NILAMMA-W10&amp;apos;, ip: &amp;apos;192.168.68.2&amp;apos;, os.name: &amp;apos;Windows 10&amp;apos;, os.arch: &amp;apos;amd64&amp;apos;, os.version: &amp;apos;10.0&amp;apos;, java.version: &amp;apos;1.8.0_161&amp;apos;
Driver info: org.openqa.selenium.chrome.ChromeDriver
Capabilities [{networkConnectionEnabled=false, chrome={chromedriverVersion=102.0.5005.61 (0e59bcc00cc4985ce39ad31c150065f159d95ad3-refs/branch-heads/5005@{#819}), userDataDir=C:\Users\nilamma\AppData\Local\Temp\scoped_dir18220_750421274}, timeouts={implicit=0.0, pageLoad=300000.0, script=30000.0}, pageLoadStrategy=normal, unhandledPromptBehavior=dismiss and notify, strictFileInteractability=false, platform=ANY, proxy=Proxy(), goog:chromeOptions={debuggerAddress=localhost:61247}, webauthn:extension:credBlob=true, acceptInsecureCerts=false, browserVersion=102.0.5005.63, browserName=chrome, javascriptEnabled=true, platformName=windows, setWindowRect=true, webauthn:extension:largeBlob=true, webauthn:virtualAuthenticators=true}]
Session ID: d2c153e28157828f83527846fdd9517e
*** Element info: {Using=xpath, value=//div[@class = &amp;apos;imc-exhibitorcard--text-container-row&amp;apos;]/a[1]}">
      <![CDATA[org.openqa.selenium.NoSuchElementException: no such element: Unable to locate element: {"method":"xpath","selector":"//div[@class = 'imc-exhibitorcard--text-container-row']/a[1]"}
  (Session info: chrome=102.0.5005.63)
For documentation on this error, please visit: http://seleniumhq.org/exceptions/no_such_element.html
Build info: version: '3.4.0', revision: 'unknown', time: 'unknown'
System info: host: 'NILAMMA-W10', ip: '192.168.68.2', os.name: 'Windows 10', os.arch: 'amd64', os.version: '10.0', java.version: '1.8.0_161'
Driver info: org.openqa.selenium.chrome.ChromeDriver
Capabilities [{networkConnectionEnabled=false, chrome={chromedriverVersion=102.0.5005.61 (0e59bcc00cc4985ce39ad31c150065f159d95ad3-refs/branch-heads/5005@{#819}), userDataDir=C:\Users\nilamma\AppData\Local\Temp\scoped_dir18220_750421274}, timeouts={implicit=0.0, pageLoad=300000.0, script=30000.0}, pageLoadStrategy=normal, unhandledPromptBehavior=dismiss and notify, strictFileInteractability=false, platform=ANY, proxy=Proxy(), goog:chromeOptions={debuggerAddress=localhost:61247}, webauthn:extension:credBlob=true, acceptInsecureCerts=false, browserVersion=102.0.5005.63, browserName=chrome, javascriptEnabled=true, platformName=windows, setWindowRect=true, webauthn:extension:largeBlob=true, webauthn:virtualAuthenticators=true}]
Session ID: d2c153e28157828f83527846fdd9517e
*** Element info: {Using=xpath, value=//div[@class = 'imc-exhibitorcard--text-container-row']/a[1]}
	at org.openqa.selenium.remote.http.W3CHttpResponseCodec.createException(W3CHttpResponseCodec.java:150)
	at org.openqa.selenium.remote.http.W3CHttpResponseCodec.decode(W3CHttpResponseCodec.java:115)
	at org.openqa.selenium.remote.http.W3CHttpResponseCodec.decode(W3CHttpResponseCodec.java:45)
	at org.openqa.selenium.remote.HttpCommandExecutor.execute(HttpCommandExecutor.java:164)
	at org.openqa.selenium.remote.service.DriverCommandExecutor.execute(DriverCommandExecutor.java:82)
	at org.openqa.selenium.remote.RemoteWebDriver.execute(RemoteWebDriver.java:637)
	at org.openqa.selenium.remote.RemoteWebDriver.findElement(RemoteWebDriver.java:410)
	at org.openqa.selenium.remote.RemoteWebDriver.findElementByXPath(RemoteWebDriver.java:509)
	at org.openqa.selenium.By$ByXPath.findElement(By.java:361)
	at org.openqa.selenium.remote.RemoteWebDriver.findElement(RemoteWebDriver.java:402)
	at pageObjects.AtlantaMarket.ATLExhLineProdActionsPage.getseealllink(ATLExhLineProdActionsPage.java:200)
	at atlantamarket_PROD.GlobalSearch_LineActions.TS004_VerifyAddToNewListForLineTest(GlobalSearch_LineActions.java:216)
... Removed 28 stack frames]]>
    </failure>
  </testcase> <!-- TS004_VerifyAddToNewListForLineTest -->
  <testcase name="TS005_VerifyAddToExistingListForLineTest" time="63.37" classname="atlantamarket_PROD.GlobalSearch_LineActions">
    <failure type="org.openqa.selenium.WebDriverException" message="element click intercepted: Element &amp;lt;button class=&amp;quot;imc-hover-menu__dropbtn imc-content--delta&amp;quot;&amp;gt;...&amp;lt;/button&amp;gt; is not clickable at point (1246, 430). Other element would receive the click: &amp;lt;div class=&amp;quot;imc-hover-menu__content--header&amp;quot;&amp;gt;...&amp;lt;/div&amp;gt;
  (Session info: chrome=102.0.5005.63)


<testsuite hostname="swapnili" name="RegressionTest" tests="1" failures="0" timestamp="12 Jul 2022 13:57:13 GMT" time="72.123" errors="0">
  <testcase name="TS003_VerifySelectionOfProductCategoriesFilterCombinationWithStyleFromLeftPaneFiltersTest" time="41.52" classname="atlantamarket_UAT.GlobalSearch_LeftPaneFilters"/>

<testsuite hostname="NILAMMA-W10" name="RegressionTest" tests="1" failures="0" timestamp="13 Jul 2022 06:01:16 GMT" time="64.072" errors="0">
  <testcase name="@BeforeClass initialize" time="0.0" classname="atlantamarket_PROD.GlobalSearch_ProductActions">
    <failure type="org.openqa.selenium.WebDriverException" message="unknown error: DevToolsActivePort file doesn&amp;apos;t exist

Build info: version: &amp;apos;3.4.0&amp;apos;, revision: &amp;apos;unknown&amp;apos;, time: &amp;apos;unknown&amp;apos;
System info: host: &amp;apos;NILAMMA-W10&amp;apos;, ip: &amp;apos;192.168.68.2&amp;apos;, os.name: &amp;apos;Windows 10&amp;apos;, os.arch: &amp;apos;amd64&amp;apos;, os.version: &amp;apos;10.0&amp;apos;, java.version: &amp;apos;1.8.0_161&amp;apos;
Driver info: org.openqa.selenium.chrome.ChromeDriver
Capabilities [{networkConnectionEnabled=false, chrome={chromedriverVersion=102.0.5005.61 (0e59bcc00cc4985ce39ad31c150065f159d95ad3-refs/branch-heads/5005@{#819}), userDataDir=C:\Users\nilamma\AppData\Local\Temp\scoped_dir18220_750421274}, timeouts={implicit=0.0, pageLoad=300000.0, script=30000.0}, pageLoadStrategy=normal, unhandledPromptBehavior=dismiss and notify, strictFileInteractability=false, platform=ANY, proxy=Proxy(), goog:chromeOptions={debuggerAddress=localhost:61247}, webauthn:extension:credBlob=true, acceptInsecureCerts=false, browserVersion=102.0.5005.63, browserName=chrome, javascriptEnabled=true, platformName=windows, setWindowRect=true, webauthn:extension:largeBlob=true, webauthn:virtualAuthenticators=true}]
Session ID: d2c153e28157828f83527846fdd9517e">
      <![CDATA[org.openqa.selenium.WebDriverException: element click intercepted: Element <button class="imc-hover-menu__dropbtn imc-content--delta">...</button> is not clickable at point (1246, 430). Other element would receive the click: <div class="imc-hover-menu__content--header">...</div>
  (Session info: chrome=102.0.5005.63)
Build info: version: '3.4.0', revision: 'unknown', time: 'unknown'
System info: host: 'NILAMMA-W10', ip: '192.168.68.2', os.name: 'Windows 10', os.arch: 'amd64', os.version: '10.0', java.version: '1.8.0_161'
Driver info: org.openqa.selenium.chrome.ChromeDriver
Capabilities [{networkConnectionEnabled=false, chrome={chromedriverVersion=102.0.5005.61 (0e59bcc00cc4985ce39ad31c150065f159d95ad3-refs/branch-heads/5005@{#819}), userDataDir=C:\Users\nilamma\AppData\Local\Temp\scoped_dir18220_750421274}, timeouts={implicit=0.0, pageLoad=300000.0, script=30000.0}, pageLoadStrategy=normal, unhandledPromptBehavior=dismiss and notify, strictFileInteractability=false, platform=ANY, proxy=Proxy(), goog:chromeOptions={debuggerAddress=localhost:61247}, webauthn:extension:credBlob=true, acceptInsecureCerts=false, browserVersion=102.0.5005.63, browserName=chrome, javascriptEnabled=true, platformName=windows, setWindowRect=true, webauthn:extension:largeBlob=true, webauthn:virtualAuthenticators=true}]
Session ID: d2c153e28157828f83527846fdd9517e
	at org.openqa.selenium.remote.http.W3CHttpResponseCodec.createException(W3CHttpResponseCodec.java:150)
	at org.openqa.selenium.remote.http.W3CHttpResponseCodec.decode(W3CHttpResponseCodec.java:115)
	at org.openqa.selenium.remote.http.W3CHttpResponseCodec.decode(W3CHttpResponseCodec.java:45)
	at org.openqa.selenium.remote.HttpCommandExecutor.execute(HttpCommandExecutor.java:164)
	at org.openqa.selenium.remote.service.DriverCommandExecutor.execute(DriverCommandExecutor.java:82)
	at org.openqa.selenium.remote.RemoteWebDriver.execute(RemoteWebDriver.java:637)
	at org.openqa.selenium.remote.RemoteWebElement.execute(RemoteWebElement.java:272)
	at org.openqa.selenium.remote.RemoteWebElement.click(RemoteWebElement.java:82)
	at atlantamarket_PROD.GlobalSearch_LineActions.TS005_VerifyAddToExistingListForLineTest(GlobalSearch_LineActions.java:322)
... Removed 28 stack frames]]>
    </failure>
  </testcase> <!-- TS005_VerifyAddToExistingListForLineTest -->
  <testcase name="TS006_VerifyClickOnShownByExhibitorNameLinkForLineTest" time="44.565" classname="atlantamarket_PROD.GlobalSearch_LineActions"/>
  <testcase name="TS007_VerifyClickOnLocationLinkForLineTest" time="36.437" classname="atlantamarket_PROD.GlobalSearch_LineActions"/>
  <testcase name="TS008_VerifyClickOnMatchingProductsSeeAllLinkForLineTest" time="74.174" classname="atlantamarket_PROD.GlobalSearch_LineActions"/>
  <testcase name="TS009_VerifyClickOnTotalProductsSeeAllLinkForLineTest" time="60.299" classname="atlantamarket_PROD.GlobalSearch_LineActions">
    <failure type="org.openqa.selenium.TimeoutException" message="Expected condition failed: waiting for visibility of element located by By.xpath: //div[@class=&amp;apos;imc-gallery__item imc-exhibitorcard imc-line&amp;apos;][1]/div/div/div/div/a/h2 (tried for 30 second(s) with 500 MILLISECONDS interval)">
      <![CDATA[org.openqa.selenium.TimeoutException: Expected condition failed: waiting for visibility of element located by By.xpath: //div[@class='imc-gallery__item imc-exhibitorcard imc-line'][1]/div/div/div/div/a/h2 (tried for 30 second(s) with 500 MILLISECONDS interval)
	at org.openqa.selenium.support.ui.WebDriverWait.timeoutException(WebDriverWait.java:80)
	at org.openqa.selenium.support.ui.FluentWait.until(FluentWait.java:232)
	at pageObjects.AtlantaMarket.ATLExhLineProdActionsPage.getExhibitorName(ATLExhLineProdActionsPage.java:65)
	at atlantamarket_PROD.GlobalSearch_LineActions.TS009_VerifyClickOnTotalProductsSeeAllLinkForLineTest(GlobalSearch_LineActions.java:463)
Caused by: org.openqa.selenium.NoSuchElementException: Cannot locate an element using By.xpath: //div[@class='imc-gallery__item imc-exhibitorcard imc-line'][1]/div/div/div/div/a/h2
For documentation on this error, please visit: http://seleniumhq.org/exceptions/no_such_element.html
Build info: version: '3.4.0', revision: 'unknown', time: 'unknown'
System info: host: 'NILAMMA-W10', ip: '192.168.68.2', os.name: 'Windows 10', os.arch: 'amd64', os.version: '10.0', java.version: '1.8.0_161'
Driver info: driver.version: unknown
	at org.openqa.selenium.support.ui.ExpectedConditions.lambda$findElement$0(ExpectedConditions.java:883)
	at java.util.Optional.orElseThrow(Unknown Source)
	at org.openqa.selenium.support.ui.ExpectedConditions.findElement(ExpectedConditions.java:882)
	at org.openqa.selenium.support.ui.ExpectedConditions.access$000(ExpectedConditions.java:44)
	at org.openqa.selenium.support.ui.ExpectedConditions$7.apply(ExpectedConditions.java:206)
	at org.openqa.selenium.support.ui.ExpectedConditions$7.apply(ExpectedConditions.java:202)
	at org.openqa.selenium.support.ui.FluentWait.until(FluentWait.java:209)
	... 26 more
... Removed 24 stack frames]]>
    </failure>
  </testcase> <!-- TS009_VerifyClickOnTotalProductsSeeAllLinkForLineTest -->
  <testcase name="TS001_VerifyClickOnProductSeeDetailsBtnOnSearchResultsGridTest" time="34.489" classname="atlantamarket_PROD.GlobalSearch_ProductActions"/>
  <testcase name="TS002_VerifyProductAddToNewListOnProductDetailsPageTest" time="97.291" classname="atlantamarket_PROD.GlobalSearch_ProductActions">
    <failure type="org.openqa.selenium.TimeoutException" message="Expected condition failed: waiting for visibility of element located by By.xpath: //li[@class=&amp;apos;imc-list-edit--draggable&amp;apos;][1]/div/div[3]/div/div/div/div/a (tried for 20 second(s) with 500 MILLISECONDS interval)">
      <![CDATA[org.openqa.selenium.TimeoutException: Expected condition failed: waiting for visibility of element located by By.xpath: //li[@class='imc-list-edit--draggable'][1]/div/div[3]/div/div/div/div/a (tried for 20 second(s) with 500 MILLISECONDS interval)
	at org.openqa.selenium.support.ui.WebDriverWait.timeoutException(WebDriverWait.java:80)
	at org.openqa.selenium.support.ui.FluentWait.until(FluentWait.java:232)
	at pageObjects.AtlantaMarket.ATLMarketPlannerPage.getSavedProductNameInList(ATLMarketPlannerPage.java:115)
	at atlantamarket_PROD.GlobalSearch_ProductActions.TS002_VerifyProductAddToNewListOnProductDetailsPageTest(GlobalSearch_ProductActions.java:181)
Caused by: org.openqa.selenium.NoSuchElementException: Cannot locate an element using By.xpath: //li[@class='imc-list-edit--draggable'][1]/div/div[3]/div/div/div/div/a
For documentation on this error, please visit: http://seleniumhq.org/exceptions/no_such_element.html
Build info: version: '3.4.0', revision: 'unknown', time: 'unknown'
System info: host: 'NILAMMA-W10', ip: '192.168.68.2', os.name: 'Windows 10', os.arch: 'amd64', os.version: '10.0', java.version: '1.8.0_161'
Driver info: driver.version: unknown
	at org.openqa.selenium.support.ui.ExpectedConditions.lambda$findElement$0(ExpectedConditions.java:883)
	at java.util.Optional.orElseThrow(Unknown Source)
	at org.openqa.selenium.support.ui.ExpectedConditions.findElement(ExpectedConditions.java:882)
	at org.openqa.selenium.support.ui.ExpectedConditions.access$000(ExpectedConditions.java:44)
	at org.openqa.selenium.support.ui.ExpectedConditions$7.apply(ExpectedConditions.java:206)
	at org.openqa.selenium.support.ui.ExpectedConditions$7.apply(ExpectedConditions.java:202)
	at org.openqa.selenium.support.ui.FluentWait.until(FluentWait.java:209)
	... 26 more
... Removed 24 stack frames]]>
    </failure>
  </testcase> <!-- TS002_VerifyProductAddToNewListOnProductDetailsPageTest -->
  <testcase name="TS003_VerifyProductAddToExistingListOnProductDetailsPageTest" time="101.572" classname="atlantamarket_PROD.GlobalSearch_ProductActions"/>
  <testcase name="TS004_VerifyAddToFavoriteOnProductDetailsPageTest" time="111.868" classname="atlantamarket_PROD.GlobalSearch_ProductActions">
    <failure type="org.openqa.selenium.TimeoutException" message="Expected condition failed: waiting for visibility of element located by By.xpath: //li[@class=&amp;apos;imc-list-edit--draggable&amp;apos;][1]/div/div[3]/div/div/div/div/a (tried for 20 second(s) with 500 MILLISECONDS interval)">
      <![CDATA[org.openqa.selenium.TimeoutException: Expected condition failed: waiting for visibility of element located by By.xpath: //li[@class='imc-list-edit--draggable'][1]/div/div[3]/div/div/div/div/a (tried for 20 second(s) with 500 MILLISECONDS interval)
	at org.openqa.selenium.support.ui.WebDriverWait.timeoutException(WebDriverWait.java:80)
	at org.openqa.selenium.support.ui.FluentWait.until(FluentWait.java:232)
	at pageObjects.AtlantaMarket.ATLMarketPlannerPage.getSavedProductNameInList(ATLMarketPlannerPage.java:115)
	at atlantamarket_PROD.GlobalSearch_ProductActions.TS004_VerifyAddToFavoriteOnProductDetailsPageTest(GlobalSearch_ProductActions.java:324)
Caused by: org.openqa.selenium.NoSuchElementException: Cannot locate an element using By.xpath: //li[@class='imc-list-edit--draggable'][1]/div/div[3]/div/div/div/div/a
For documentation on this error, please visit: http://seleniumhq.org/exceptions/no_such_element.html
Build info: version: '3.4.0', revision: 'unknown', time: 'unknown'
System info: host: 'NILAMMA-W10', ip: '192.168.68.2', os.name: 'Windows 10', os.arch: 'amd64', os.version: '10.0', java.version: '1.8.0_161'
Driver info: driver.version: unknown
	at org.openqa.selenium.support.ui.ExpectedConditions.lambda$findElement$0(ExpectedConditions.java:883)
	at java.util.Optional.orElseThrow(Unknown Source)
	at org.openqa.selenium.support.ui.ExpectedConditions.findElement(ExpectedConditions.java:882)
	at org.openqa.selenium.support.ui.ExpectedConditions.access$000(ExpectedConditions.java:44)
	at org.openqa.selenium.support.ui.ExpectedConditions$7.apply(ExpectedConditions.java:206)
	at org.openqa.selenium.support.ui.ExpectedConditions$7.apply(ExpectedConditions.java:202)
	at org.openqa.selenium.support.ui.FluentWait.until(FluentWait.java:209)
	... 26 more
... Removed 24 stack frames]]>
    </failure>
  </testcase> <!-- TS004_VerifyAddToFavoriteOnProductDetailsPageTest -->

  <testcase name="TS005_VerifyAddNoteOnProductDetailsPageTest" time="55.426" classname="atlantamarket_PROD.GlobalSearch_ProductActions"/>
  <testcase name="TS006_VerifyProductAddToExistingListOnSearchResultsGridTest" time="53.334" classname="atlantamarket_PROD.GlobalSearch_ProductActions">
    <failure type="org.openqa.selenium.WebDriverException" message="element click intercepted: Element &amp;lt;button class=&amp;quot;imc-hover-menu__dropbtn imc-content--delta&amp;quot;&amp;gt;...&amp;lt;/button&amp;gt; is not clickable at point (1246, 430). Other element would receive the click: &amp;lt;div class=&amp;quot;imc-hover-menu__content--header&amp;quot;&amp;gt;...&amp;lt;/div&amp;gt;
  (Session info: chrome=102.0.5005.63)
Build info: version: &amp;apos;3.4.0&amp;apos;, revision: &amp;apos;unknown&amp;apos;, time: &amp;apos;unknown&amp;apos;
System info: host: &amp;apos;NILAMMA-W10&amp;apos;, ip: &amp;apos;192.168.68.2&amp;apos;, os.name: &amp;apos;Windows 10&amp;apos;, os.arch: &amp;apos;amd64&amp;apos;, os.version: &amp;apos;10.0&amp;apos;, java.version: &amp;apos;1.8.0_161&amp;apos;
Driver info: org.openqa.selenium.chrome.ChromeDriver
Capabilities [{networkConnectionEnabled=false, chrome={chromedriverVersion=102.0.5005.61 (0e59bcc00cc4985ce39ad31c150065f159d95ad3-refs/branch-heads/5005@{#819}), userDataDir=C:\Users\nilamma\AppData\Local\Temp\scoped_dir11404_1265541226}, timeouts={implicit=0.0, pageLoad=300000.0, script=30000.0}, pageLoadStrategy=normal, unhandledPromptBehavior=dismiss and notify, strictFileInteractability=false, platform=ANY, proxy=Proxy(), goog:chromeOptions={debuggerAddress=localhost:62992}, webauthn:extension:credBlob=true, acceptInsecureCerts=false, browserVersion=102.0.5005.63, browserName=chrome, javascriptEnabled=true, platformName=windows, setWindowRect=true, webauthn:extension:largeBlob=true, webauthn:virtualAuthenticators=true}]
Session ID: 0de2955572d3f13a469885591b963891">
      <![CDATA[org.openqa.selenium.WebDriverException: element click intercepted: Element <button class="imc-hover-menu__dropbtn imc-content--delta">...</button> is not clickable at point (1246, 430). Other element would receive the click: <div class="imc-hover-menu__content--header">...</div>
  (Session info: chrome=102.0.5005.63)
Build info: version: '3.4.0', revision: 'unknown', time: 'unknown'
System info: host: 'NILAMMA-W10', ip: '192.168.68.2', os.name: 'Windows 10', os.arch: 'amd64', os.version: '10.0', java.version: '1.8.0_161'
Driver info: org.openqa.selenium.chrome.ChromeDriver
Capabilities [{networkConnectionEnabled=false, chrome={chromedriverVersion=102.0.5005.61 (0e59bcc00cc4985ce39ad31c150065f159d95ad3-refs/branch-heads/5005@{#819}), userDataDir=C:\Users\nilamma\AppData\Local\Temp\scoped_dir11404_1265541226}, timeouts={implicit=0.0, pageLoad=300000.0, script=30000.0}, pageLoadStrategy=normal, unhandledPromptBehavior=dismiss and notify, strictFileInteractability=false, platform=ANY, proxy=Proxy(), goog:chromeOptions={debuggerAddress=localhost:62992}, webauthn:extension:credBlob=true, acceptInsecureCerts=false, browserVersion=102.0.5005.63, browserName=chrome, javascriptEnabled=true, platformName=windows, setWindowRect=true, webauthn:extension:largeBlob=true, webauthn:virtualAuthenticators=true}]
Session ID: 0de2955572d3f13a469885591b963891
	at org.openqa.selenium.remote.http.W3CHttpResponseCodec.createException(W3CHttpResponseCodec.java:150)
	at org.openqa.selenium.remote.http.W3CHttpResponseCodec.decode(W3CHttpResponseCodec.java:115)
	at org.openqa.selenium.remote.http.W3CHttpResponseCodec.decode(W3CHttpResponseCodec.java:45)
	at org.openqa.selenium.remote.HttpCommandExecutor.execute(HttpCommandExecutor.java:164)
	at org.openqa.selenium.remote.service.DriverCommandExecutor.execute(DriverCommandExecutor.java:82)
	at org.openqa.selenium.remote.RemoteWebDriver.execute(RemoteWebDriver.java:637)
	at org.openqa.selenium.remote.RemoteWebElement.execute(RemoteWebElement.java:272)
	at org.openqa.selenium.remote.RemoteWebElement.click(RemoteWebElement.java:82)
	at atlantamarket_PROD.GlobalSearch_ProductActions.TS006_VerifyProductAddToExistingListOnSearchResultsGridTest(GlobalSearch_ProductActions.java:479)
... Removed 28 stack frames]]>
    </failure>
  </testcase> <!-- TS006_VerifyProductAddToExistingListOnSearchResultsGridTest -->
  <testcase name="TS007_VerifyFullScreenViewerOnProductDetailsPageTest" time="40.796" classname="atlantamarket_PROD.GlobalSearch_ProductActions"/>
  <testcase name="TS008_VerifyAddToFavoriteOnSearchResultsGridTest" time="69.998" classname="atlantamarket_PROD.GlobalSearch_ProductActions"/>
  <testcase name="TS009_VerifyProductActionsIconToAddToNewlyCreatedListTest" time="79.255" classname="atlantamarket_PROD.GlobalSearch_ProductActions"/>
  <testcase name="TS001_VerifyNavigationToDifferentFloorBuildingsTest" time="12.818" classname="atlantamarket_PROD.FloorPlans"/>
  <testcase name="TS002_VerifyNoExhibitorsOnThisFloorMessageTest" time="11.313" classname="atlantamarket_PROD.FloorPlans"/>
  <testcase name="TS003_VerifyZoomInOutLevelOnFloorPlansPageTest" time="20.235" classname="atlantamarket_PROD.FloorPlans">
    <failure type="java.lang.AssertionError" message="null">
      <![CDATA[java.lang.AssertionError: null
	at atlantamarket_PROD.FloorPlans.TS003_VerifyZoomInOutLevelOnFloorPlansPageTest(FloorPlans.java:178)
... Removed 27 stack frames]]>
    </failure>
  </testcase> <!-- TS003_VerifyZoomInOutLevelOnFloorPlansPageTest -->
  <testcase name="TS004_VerifyIconsOnFloorPlansPageTest" time="42.506" classname="atlantamarket_PROD.FloorPlans">
    <failure type="java.lang.AssertionError" message="expected [true] but found [false]">
      <![CDATA[java.lang.AssertionError: expected [true] but found [false]
	at atlantamarket_PROD.FloorPlans.TS004_VerifyIconsOnFloorPlansPageTest(FloorPlans.java:257)
... Removed 28 stack frames]]>
    </failure>
  </testcase> <!-- TS004_VerifyIconsOnFloorPlansPageTest -->
  <testcase name="TS005_VerifyFunctionalityOfFiltersOFloorPlansPageTest" time="78.667" classname="atlantamarket_PROD.FloorPlans"/>
  <testcase name="TS006_VerifyPaginationOnFloorPlansPageTest" time="56.664" classname="atlantamarket_PROD.FloorPlans"/>
  <testcase name="TS007_VerifySelectionOfExhibitorOnFloorPlansPageTest" time="59.85" classname="atlantamarket_PROD.FloorPlans"/>
  <testcase name="TS008_VerifyClickOnReturnToBuildingListBtnTest" time="24.358" classname="atlantamarket_PROD.FloorPlans"/>
  <testcase name="TS009_VerifySearchFunctionalityForExhListOnFloorPlansPageTest" time="70.405" classname="atlantamarket_PROD.FloorPlans"/>
  <testcase name="TS010_VerifyAddToListFunctionalityForExhibitorOnFloorPlansPageTest" time="65.569" classname="atlantamarket_PROD.FloorPlans">
    <failure type="org.openqa.selenium.TimeoutException" message="Expected condition failed: waiting for visibility of element located by By.xpath: //form/div[4]/div[1]/label (tried for 20 second(s) with 500 MILLISECONDS interval)">
      <![CDATA[org.openqa.selenium.TimeoutException: Expected condition failed: waiting for visibility of element located by By.xpath: //form/div[4]/div[1]/label (tried for 20 second(s) with 500 MILLISECONDS interval)
	at org.openqa.selenium.support.ui.WebDriverWait.timeoutException(WebDriverWait.java:80)
	at org.openqa.selenium.support.ui.FluentWait.until(FluentWait.java:232)
	at pageObjects.AtlantaMarket.ATLMarketPlannerPage.getATLMPExistingListName(ATLMarketPlannerPage.java:96)
	at atlantamarket_PROD.FloorPlans.TS010_VerifyAddToListFunctionalityForExhibitorOnFloorPlansPageTest(FloorPlans.java:508)
Caused by: org.openqa.selenium.NoSuchElementException: Cannot locate an element using By.xpath: //form/div[4]/div[1]/label
For documentation on this error, please visit: http://seleniumhq.org/exceptions/no_such_element.html
Build info: version: '3.4.0', revision: 'unknown', time: 'unknown'
System info: host: 'NILAMMA-W10', ip: '192.168.68.2', os.name: 'Windows 10', os.arch: 'amd64', os.version: '10.0', java.version: '1.8.0_161'
Driver info: driver.version: unknown
	at org.openqa.selenium.support.ui.ExpectedConditions.lambda$findElement$0(ExpectedConditions.java:883)
	at java.util.Optional.orElseThrow(Unknown Source)
	at org.openqa.selenium.support.ui.ExpectedConditions.findElement(ExpectedConditions.java:882)
	at org.openqa.selenium.support.ui.ExpectedConditions.access$000(ExpectedConditions.java:44)
	at org.openqa.selenium.support.ui.ExpectedConditions$7.apply(ExpectedConditions.java:206)
	at org.openqa.selenium.support.ui.ExpectedConditions$7.apply(ExpectedConditions.java:202)
	at org.openqa.selenium.support.ui.FluentWait.until(FluentWait.java:209)
	... 26 more
... Removed 24 stack frames]]>
    </failure>
  </testcase> <!-- TS010_VerifyAddToListFunctionalityForExhibitorOnFloorPlansPageTest -->
  <testcase name="TS011_VerifyAddNoteFunctionalityForExhibitorOnFloorPlansPageTest" time="71.188" classname="atlantamarket_PROD.FloorPlans">
    <failure type="org.openqa.selenium.TimeoutException" message="Expected condition failed: waiting for visibility of element located by By.xpath: //ul[@class=&amp;apos;imc-market-planner-list imc-addnote-modal__list&amp;apos;]/li/a (tried for 20 second(s) with 500 MILLISECONDS interval)">
      <![CDATA[org.openqa.selenium.TimeoutException: Expected condition failed: waiting for visibility of element located by By.xpath: //ul[@class='imc-market-planner-list imc-addnote-modal__list']/li/a (tried for 20 second(s) with 500 MILLISECONDS interval)
	at org.openqa.selenium.support.ui.WebDriverWait.timeoutException(WebDriverWait.java:80)
	at org.openqa.selenium.support.ui.FluentWait.until(FluentWait.java:232)
	at pageObjects.AtlantaMarket.ATLExhLineProdActionsPage.getSavedNoteNameInAllNotesList(ATLExhLineProdActionsPage.java:167)
	at atlantamarket_PROD.FloorPlans.TS011_VerifyAddNoteFunctionalityForExhibitorOnFloorPlansPageTest(FloorPlans.java:594)
Caused by: org.openqa.selenium.NoSuchElementException: Cannot locate an element using By.xpath: //ul[@class='imc-market-planner-list imc-addnote-modal__list']/li/a
For documentation on this error, please visit: http://seleniumhq.org/exceptions/no_such_element.html
Build info: version: '3.4.0', revision: 'unknown', time: 'unknown'
System info: host: 'NILAMMA-W10', ip: '192.168.68.2', os.name: 'Windows 10', os.arch: 'amd64', os.version: '10.0', java.version: '1.8.0_161'
Driver info: driver.version: unknown
	at org.openqa.selenium.support.ui.ExpectedConditions.lambda$findElement$0(ExpectedConditions.java:883)
	at java.util.Optional.orElseThrow(Unknown Source)
	at org.openqa.selenium.support.ui.ExpectedConditions.findElement(ExpectedConditions.java:882)
	at org.openqa.selenium.support.ui.ExpectedConditions.access$000(ExpectedConditions.java:44)
	at org.openqa.selenium.support.ui.ExpectedConditions$7.apply(ExpectedConditions.java:206)
	at org.openqa.selenium.support.ui.ExpectedConditions$7.apply(ExpectedConditions.java:202)
	at org.openqa.selenium.support.ui.FluentWait.until(FluentWait.java:209)
	... 26 more
... Removed 24 stack frames]]>
    </failure>
  </testcase> <!-- TS011_VerifyAddNoteFunctionalityForExhibitorOnFloorPlansPageTest -->
  <testcase name="TS012_VerifyAddToFavoriteFunctionalityForExhibitorOnFloorPlansPageTest" time="39.827" classname="atlantamarket_PROD.FloorPlans"/>



</testsuite> <!-- RegressionTest -->
