<?xml version="1.0" encoding="UTF-8"?>
<!-- Generated by org.testng.reporters.JUnitXMLReporter -->
<testsuite hostname="Anuppa-VD3" name="RegressionTest" tests="5" failures="2" timestamp="1 Nov 2023 06:13:27 GMT" time="232.978" errors="0">
  <testcase name="TS001_VerifyClickOnLocationLinksForExhibitorTest" time="27.84" classname="atlantamarket_PROD.GlobalSearch_ExhibitorActions"/>
  <testcase name="TS002_VerifyClickOnLinesShownLinkForExhibitorTest" time="37.009" classname="atlantamarket_PROD.GlobalSearch_ExhibitorActions"/>
  <testcase name="TS003_VerifyClickOnTotalProductsSeeAllLinkForExhibitorTest" time="41.346" classname="atlantamarket_PROD.GlobalSearch_ExhibitorActions">
    <failure type="java.lang.AssertionError" message="expected [123020] but found [186185]">
      <![CDATA[java.lang.AssertionError: expected [123020] but found [186185]
	at atlantamarket_PROD.GlobalSearch_ExhibitorActions.TS003_VerifyClickOnTotalProductsSeeAllLinkForExhibitorTest(GlobalSearch_ExhibitorActions.java:168)
... Removed 29 stack frames]]>
    </failure>
  </testcase> <!-- TS003_VerifyClickOnTotalProductsSeeAllLinkForExhibitorTest -->
  <testcase name="TS004_VerifyClickOnMatchingProductsSeeAllLinkForExhibitorTest" time="36.047" classname="atlantamarket_PROD.GlobalSearch_ExhibitorActions">
    <failure type="java.lang.AssertionError" message="expected [656] but found [123020]">
      <![CDATA[java.lang.AssertionError: expected [656] but found [123020]
	at atlantamarket_PROD.GlobalSearch_ExhibitorActions.TS004_VerifyClickOnMatchingProductsSeeAllLinkForExhibitorTest(GlobalSearch_ExhibitorActions.java:212)
... Removed 29 stack frames]]>
    </failure>
  </testcase> <!-- TS004_VerifyClickOnMatchingProductsSeeAllLinkForExhibitorTest -->
  <testcase name="TS005_VerifySelectionOfExhibitorFromSearchResultsTest" time="37.666" classname="atlantamarket_PROD.GlobalSearch_ExhibitorActions"/>
</testsuite> <!-- RegressionTest -->
