<?xml version="1.0" encoding="UTF-8"?>
<!-- Generated by org.testng.reporters.JUnitXMLReporter -->
<testsuite hostname="Anuppa-VD3" name="RegressionTest" tests="1" failures="1" timestamp="11 Apr 2023 13:16:43 GMT" time="58.757" errors="0">
  <testcase name="TS001_VerifyAddToFavoritesTest" time="0.523" classname="atlantamarket_PROD.ExhibitorDigitalShowroom">
    <failure type="java.lang.Error" message="Unresolved compilation problem: 
	The method until(Function&amp;lt;? super WebDriver,V&amp;gt;) in the type FluentWait&amp;lt;WebDriver&amp;gt; is not applicable for the arguments (ExpectedCondition&amp;lt;WebElement&amp;gt;)
">
      <![CDATA[java.lang.Error: Unresolved compilation problem: 
	The method until(Function<? super WebDriver,V>) in the type FluentWait<WebDriver> is not applicable for the arguments (ExpectedCondition<WebElement>)

	at pageObjects.AtlantaMarket.ATLExhLineProdActionsPage.getExhibitorName(ATLExhLineProdActionsPage.java:162)
	at atlantamarket_PROD.ExhibitorDigitalShowroom.TS001_VerifyAddToFavoritesTest(ExhibitorDigitalShowroom.java:90)
... Removed 24 stack frames]]>
    </failure>
  </testcase> <!-- TS001_VerifyAddToFavoritesTest -->
</testsuite> <!-- RegressionTest -->
