<?xml version="1.0" encoding="UTF-8"?>
<!-- Generated by org.testng.reporters.JUnitXMLReporter -->
<testsuite hostname="NILAMMA-W10" name="RegressionTest" tests="2" failures="1" timestamp="14 Jun 2022 12:30:23 GMT" time="222.885" errors="0">
  <testcase name="TS001_VerifyMarketPlannerLoginTest" time="64.47" classname="atlantamarket.GlobalSearch_ProductActions"/>
  <testcase name="TS005_VerifyAddToFavoriteOnProductDetailsPageTest" time="74.826" classname="atlantamarket.GlobalSearch_ProductActions">
    <failure type="java.lang.AssertionError" message="expected [true] but found [false]">
      <![CDATA[java.lang.AssertionError: expected [true] but found [false]
	at atlantamarket.GlobalSearch_ProductActions.TS005_VerifyAddToFavoriteOnProductDetailsPageTest(GlobalSearch_ProductActions.java:328)
... Removed 28 stack frames]]>
    </failure>
  </testcase> <!-- TS005_VerifyAddToFavoriteOnProductDetailsPageTest -->
</testsuite> <!-- RegressionTest -->
