<?xml version="1.0" encoding="UTF-8"?>
<!-- Generated by org.testng.reporters.JUnitXMLReporter -->

<testsuite hostname="NILAMMA-W10" name="RegressionTest" tests="3" failures="1" timestamp="23 Aug 2022 08:26:44 GMT" time="443.407" errors="0">
  <testcase name="TS005_VerifyArticlesOverviewInGlobalSearchTest" time="72.183" classname="atlantamarket_PROD.GlobalSearch_SearchFor"/>
  <testcase name="TS006_VerifyArticlesFiltersFunctionalityInGlobalSearchTest" time="278.631" classname="atlantamarket_PROD.GlobalSearch_SearchFor">
    <failure type="java.lang.AssertionError" message="expected [true] but found [false]">
      <![CDATA[java.lang.AssertionError: expected [true] but found [false]
	at atlantamarket_PROD.GlobalSearch_SearchFor.TS006_VerifyArticlesFiltersFunctionalityInGlobalSearchTest(GlobalSearch_SearchFor.java:447)
... Removed 28 stack frames]]>
    </failure>
  </testcase> <!-- TS006_VerifyArticlesFiltersFunctionalityInGlobalSearchTest -->
  <testcase name="TS007_VerifyArticlesSearchFunctionalityInGlobalSearchTest" time="54.363" classname="atlantamarket_PROD.GlobalSearch_SearchFor"/>


<testsuite hostname="swapnili" name="RegressionTest" tests="1" failures="1" timestamp="22 Aug 2022 11:54:04 GMT" time="145.475" errors="0">
  <testcase name="TS016_VerifyMarketPlannerListManageListEditOptTest" time="88.051" classname="atlantamarket_UAT.MarketPlanner">
    <failure type="org.openqa.selenium.TimeoutException" message="Expected condition failed: waiting for visibility of element located by By.xpath: //div[@class=&amp;apos;imc-gallery__item market-planner--list-sidebar imc-breakpoint-display--hide-mobile&amp;apos;]//input[1] (tried for 20 second(s) with 500 MILLISECONDS interval)">
      <![CDATA[org.openqa.selenium.TimeoutException: Expected condition failed: waiting for visibility of element located by By.xpath: //div[@class='imc-gallery__item market-planner--list-sidebar imc-breakpoint-display--hide-mobile']//input[1] (tried for 20 second(s) with 500 MILLISECONDS interval)
	at org.openqa.selenium.support.ui.WebDriverWait.timeoutException(WebDriverWait.java:80)
	at org.openqa.selenium.support.ui.FluentWait.until(FluentWait.java:232)
	at pageObjects.AtlantaMarket.ATLMarketPlannerPage.getMpQuickAdd(ATLMarketPlannerPage.java:266)
	at atlantamarket_UAT.MarketPlanner.TS016_VerifyMarketPlannerListManageListEditOptTest(MarketPlanner.java:902)
Caused by: org.openqa.selenium.NoSuchElementException: Cannot locate an element using By.xpath: //div[@class='imc-gallery__item market-planner--list-sidebar imc-breakpoint-display--hide-mobile']//input[1]
For documentation on this error, please visit: http://seleniumhq.org/exceptions/no_such_element.html
Build info: version: '3.4.0', revision: 'unknown', time: 'unknown'
System info: host: 'SWAPNILI', ip: '172.27.182.57', os.name: 'Windows 8.1', os.arch: 'amd64', os.version: '6.3', java.version: '1.8.0_161'
Driver info: driver.version: unknown
	at org.openqa.selenium.support.ui.ExpectedConditions.lambda$findElement$0(ExpectedConditions.java:883)
	at java.util.Optional.orElseThrow(Optional.java:290)
	at org.openqa.selenium.support.ui.ExpectedConditions.findElement(ExpectedConditions.java:882)
	at org.openqa.selenium.support.ui.ExpectedConditions.access$000(ExpectedConditions.java:44)
	at org.openqa.selenium.support.ui.ExpectedConditions$7.apply(ExpectedConditions.java:206)
	at org.openqa.selenium.support.ui.ExpectedConditions$7.apply(ExpectedConditions.java:202)
	at org.openqa.selenium.support.ui.FluentWait.until(FluentWait.java:209)
	... 26 more
... Removed 24 stack frames]]>
    </failure>
  </testcase> <!-- TS016_VerifyMarketPlannerListManageListEditOptTest -->

<testsuite hostname="shradhama-win10" name="RegressionTest" tests="2" failures="0" timestamp="19 Aug 2022 05:59:18 GMT" time="92.703" errors="0">
  <testcase name="TS001_VerifyMarketPlannerLoginTest" time="32.849" classname="atlantamarket_UAT.MarketPlanner"/>
  <testcase name="TS020_VerifyMPActivitiesCardOverviewTest" time="39.088" classname="atlantamarket_UAT.MarketPlanner"/>


</testsuite> <!-- RegressionTest -->
