<?xml version="1.0" encoding="UTF-8"?>
<!-- Generated by org.testng.reporters.JUnitXMLReporter -->
<testsuite hostname="NILAMMA-W10" name="RegressionTest" tests="10" failures="2" timestamp="10 Jun 2022 12:58:42 GMT" time="626.069" errors="0">
  <testcase name="TS001_VerifyMarketPlannerLoginTest" time="40.959" classname="atlantamarket.GlobalSearch_LineActions"/>
  <testcase name="TS002_VerifyClickOnContactExhIconForLineTest" time="44.056" classname="atlantamarket.GlobalSearch_LineActions"/>
  <testcase name="TS003_VerifyAddToFavoriteForLineTest" time="63.006" classname="atlantamarket.GlobalSearch_LineActions"/>
  <testcase name="TS004_VerifyClickOnOrderOnJuniperMarketBtnForLineTest" time="48.833" classname="atlantamarket.GlobalSearch_LineActions"/>
  <testcase name="TS005_VerifyAddToNewListForLineTest" time="85.405" classname="atlantamarket.GlobalSearch_LineActions"/>
  <testcase name="TS006_VerifyAddToExistingListForLineTest" time="100.613" classname="atlantamarket.GlobalSearch_LineActions"/>
  <testcase name="TS007_VerifyClickOnShownByExhibitorNameLinkForLineTest" time="45.499" classname="atlantamarket.GlobalSearch_LineActions"/>
  <testcase name="TS008_VerifyClickOnLocationLinkForLineTest" time="47.232" classname="atlantamarket.GlobalSearch_LineActions"/>
  <testcase name="TS009_VerifyClickOnMatchingProductsSeeAllLinkForLineTest" time="36.454" classname="atlantamarket.GlobalSearch_LineActions">
    <failure type="java.lang.AssertionError" message="expected [true] but found [false]">
      <![CDATA[java.lang.AssertionError: expected [true] but found [false]
	at atlantamarket.GlobalSearch_LineActions.TS009_VerifyClickOnMatchingProductsSeeAllLinkForLineTest(GlobalSearch_LineActions.java:425)
... Removed 28 stack frames]]>
    </failure>
  </testcase> <!-- TS009_VerifyClickOnMatchingProductsSeeAllLinkForLineTest -->
  <testcase name="TS010_VerifyClickOnTotalProductsSeeAllLinkForLineTest" time="36.123" classname="atlantamarket.GlobalSearch_LineActions">
    <failure type="java.lang.AssertionError" message="expected [true] but found [false]">
      <![CDATA[java.lang.AssertionError: expected [true] but found [false]
	at atlantamarket.GlobalSearch_LineActions.TS010_VerifyClickOnTotalProductsSeeAllLinkForLineTest(GlobalSearch_LineActions.java:472)
... Removed 28 stack frames]]>
    </failure>
  </testcase> <!-- TS010_VerifyClickOnTotalProductsSeeAllLinkForLineTest -->
</testsuite> <!-- RegressionTest -->
