<?xml version="1.0" encoding="UTF-8"?>
<!-- Generated by org.testng.reporters.JUnitXMLReporter -->
<testsuite hostname="NILAMMA-W10" name="RegressionTest" tests="11" failures="5" timestamp="27 Jan 2023 12:36:55 GMT" time="695.958" errors="0">
  <testcase name="TS001_VerifyInformationTabInGlobalSearchTest" time="24.026" classname="atlantamarket_PROD.GlobalSearch_SearchFor">
    <failure type="java.lang.AssertionError" message="expected [true] but found [false]">
      <![CDATA[java.lang.AssertionError: expected [true] but found [false]
	at atlantamarket_PROD.GlobalSearch_SearchFor.TS001_VerifyInformationTabInGlobalSearchTest(GlobalSearch_SearchFor.java:93)
... Removed 28 stack frames]]>
    </failure>
  </testcase> <!-- TS001_VerifyInformationTabInGlobalSearchTest -->
  <testcase name="TS002_VerifyInformationSearchFunctionalityInGlobalSearchTest" time="38.964" classname="atlantamarket_PROD.GlobalSearch_SearchFor">
    <failure type="java.lang.AssertionError" message="expected [true] but found [false]">
      <![CDATA[java.lang.AssertionError: expected [true] but found [false]
	at atlantamarket_PROD.GlobalSearch_SearchFor.TS002_VerifyInformationSearchFunctionalityInGlobalSearchTest(GlobalSearch_SearchFor.java:137)
... Removed 28 stack frames]]>
    </failure>
  </testcase> <!-- TS002_VerifyInformationSearchFunctionalityInGlobalSearchTest -->
  <testcase name="TS003_VerifyInformationFiltersFunctionalityInGlobalSearchTest" time="112.501" classname="atlantamarket_PROD.GlobalSearch_SearchFor"/>
  <testcase name="TS004_VerifyCatalogsOverviewInGlobalSearchTest" time="48.862" classname="atlantamarket_PROD.GlobalSearch_SearchFor"/>
  <testcase name="TS005_VerifyArticlesOverviewInGlobalSearchTest" time="65.192" classname="atlantamarket_PROD.GlobalSearch_SearchFor"/>
  <testcase name="TS006_VerifyArticlesFiltersFunctionalityInGlobalSearchTest" time="50.494" classname="atlantamarket_PROD.GlobalSearch_SearchFor"/>
  <testcase name="TS007_VerifyArticlesSearchFunctionalityInGlobalSearchTest" time="123.174" classname="atlantamarket_PROD.GlobalSearch_SearchFor"/>
  <testcase name="TS008_VerifyEventsSearchFunctionalityInGlobalSearchTest" time="46.468" classname="atlantamarket_PROD.GlobalSearch_SearchFor">
    <failure type="org.openqa.selenium.TimeoutException" message="Expected condition failed: waiting for visibility of element located by By.xpath: //div[@class=&amp;apos;imc-vr--xxlarge imc-margin--top--large--mobile&amp;apos;]/div[1]/div[1]/span[1] (tried for 20 second(s) with 500 MILLISECONDS interval)">
      <![CDATA[org.openqa.selenium.TimeoutException: Expected condition failed: waiting for visibility of element located by By.xpath: //div[@class='imc-vr--xxlarge imc-margin--top--large--mobile']/div[1]/div[1]/span[1] (tried for 20 second(s) with 500 MILLISECONDS interval)
	at org.openqa.selenium.support.ui.WebDriverWait.timeoutException(WebDriverWait.java:80)
	at org.openqa.selenium.support.ui.FluentWait.until(FluentWait.java:232)
	at pageObjects.AtlantaMarket.ATLGlobalSearchPage.getATLFirstEventName(ATLGlobalSearchPage.java:133)
	at atlantamarket_PROD.GlobalSearch_SearchFor.TS008_VerifyEventsSearchFunctionalityInGlobalSearchTest(GlobalSearch_SearchFor.java:661)
Caused by: org.openqa.selenium.NoSuchElementException: Cannot locate an element using By.xpath: //div[@class='imc-vr--xxlarge imc-margin--top--large--mobile']/div[1]/div[1]/span[1]
For documentation on this error, please visit: http://seleniumhq.org/exceptions/no_such_element.html
Build info: version: '3.4.0', revision: 'unknown', time: 'unknown'
System info: host: 'NILAMMA-W10', ip: '192.168.68.2', os.name: 'Windows 10', os.arch: 'amd64', os.version: '10.0', java.version: '1.8.0_161'
Driver info: driver.version: unknown
	at org.openqa.selenium.support.ui.ExpectedConditions.lambda$findElement$0(ExpectedConditions.java:883)
	at java.util.Optional.orElseThrow(Unknown Source)
	at org.openqa.selenium.support.ui.ExpectedConditions.findElement(ExpectedConditions.java:882)
	at org.openqa.selenium.support.ui.ExpectedConditions.access$000(ExpectedConditions.java:44)
	at org.openqa.selenium.support.ui.ExpectedConditions$7.apply(ExpectedConditions.java:206)
	at org.openqa.selenium.support.ui.ExpectedConditions$7.apply(ExpectedConditions.java:202)
	at org.openqa.selenium.support.ui.FluentWait.until(FluentWait.java:209)
	... 26 more
... Removed 24 stack frames]]>
    </failure>
  </testcase> <!-- TS008_VerifyEventsSearchFunctionalityInGlobalSearchTest -->
  <testcase name="TS009_VerifyEventsFiltersFunctionalityInGlobalSearchTest" time="51.851" classname="atlantamarket_PROD.GlobalSearch_SearchFor">
    <failure type="org.openqa.selenium.NoSuchElementException" message="no such element: Unable to locate element: {&amp;quot;method&amp;quot;:&amp;quot;xpath&amp;quot;,&amp;quot;selector&amp;quot;:&amp;quot;//a[@aria-label=&amp;apos;Topics&amp;apos;]&amp;quot;}
  (Session info: chrome=109.0.5414.120)
For documentation on this error, please visit: http://seleniumhq.org/exceptions/no_such_element.html
Build info: version: &amp;apos;3.4.0&amp;apos;, revision: &amp;apos;unknown&amp;apos;, time: &amp;apos;unknown&amp;apos;
System info: host: &amp;apos;NILAMMA-W10&amp;apos;, ip: &amp;apos;192.168.68.2&amp;apos;, os.name: &amp;apos;Windows 10&amp;apos;, os.arch: &amp;apos;amd64&amp;apos;, os.version: &amp;apos;10.0&amp;apos;, java.version: &amp;apos;1.8.0_161&amp;apos;
Driver info: org.openqa.selenium.chrome.ChromeDriver
Capabilities [{networkConnectionEnabled=false, chrome={chromedriverVersion=109.0.5414.74 (e7c5703604daa9cc128ccf5a5d3e993513758913-refs/branch-heads/5414@{#1172}), userDataDir=C:\Users\nilamma\AppData\Local\Temp\scoped_dir16948_1294714235}, timeouts={implicit=0.0, pageLoad=300000.0, script=30000.0}, pageLoadStrategy=normal, unhandledPromptBehavior=dismiss and notify, strictFileInteractability=false, platform=ANY, proxy=Proxy(), goog:chromeOptions={debuggerAddress=localhost:61517}, webauthn:extension:credBlob=true, acceptInsecureCerts=false, browserVersion=109.0.5414.120, browserName=chrome, javascriptEnabled=true, platformName=windows, setWindowRect=true, webauthn:extension:largeBlob=true, webauthn:virtualAuthenticators=true}]
Session ID: 9db0baeaaa002d88edb74280309d738b
*** Element info: {Using=xpath, value=//a[@aria-label=&amp;apos;Topics&amp;apos;]}">
      <![CDATA[org.openqa.selenium.NoSuchElementException: no such element: Unable to locate element: {"method":"xpath","selector":"//a[@aria-label='Topics']"}
  (Session info: chrome=109.0.5414.120)
For documentation on this error, please visit: http://seleniumhq.org/exceptions/no_such_element.html
Build info: version: '3.4.0', revision: 'unknown', time: 'unknown'
System info: host: 'NILAMMA-W10', ip: '192.168.68.2', os.name: 'Windows 10', os.arch: 'amd64', os.version: '10.0', java.version: '1.8.0_161'
Driver info: org.openqa.selenium.chrome.ChromeDriver
Capabilities [{networkConnectionEnabled=false, chrome={chromedriverVersion=109.0.5414.74 (e7c5703604daa9cc128ccf5a5d3e993513758913-refs/branch-heads/5414@{#1172}), userDataDir=C:\Users\nilamma\AppData\Local\Temp\scoped_dir16948_1294714235}, timeouts={implicit=0.0, pageLoad=300000.0, script=30000.0}, pageLoadStrategy=normal, unhandledPromptBehavior=dismiss and notify, strictFileInteractability=false, platform=ANY, proxy=Proxy(), goog:chromeOptions={debuggerAddress=localhost:61517}, webauthn:extension:credBlob=true, acceptInsecureCerts=false, browserVersion=109.0.5414.120, browserName=chrome, javascriptEnabled=true, platformName=windows, setWindowRect=true, webauthn:extension:largeBlob=true, webauthn:virtualAuthenticators=true}]
Session ID: 9db0baeaaa002d88edb74280309d738b
*** Element info: {Using=xpath, value=//a[@aria-label='Topics']}
	at org.openqa.selenium.remote.http.W3CHttpResponseCodec.createException(W3CHttpResponseCodec.java:150)
	at org.openqa.selenium.remote.http.W3CHttpResponseCodec.decode(W3CHttpResponseCodec.java:115)
	at org.openqa.selenium.remote.http.W3CHttpResponseCodec.decode(W3CHttpResponseCodec.java:45)
	at org.openqa.selenium.remote.HttpCommandExecutor.execute(HttpCommandExecutor.java:164)
	at org.openqa.selenium.remote.service.DriverCommandExecutor.execute(DriverCommandExecutor.java:82)
	at org.openqa.selenium.remote.RemoteWebDriver.execute(RemoteWebDriver.java:637)
	at org.openqa.selenium.remote.RemoteWebDriver.findElement(RemoteWebDriver.java:410)
	at org.openqa.selenium.remote.RemoteWebDriver.findElementByXPath(RemoteWebDriver.java:509)
	at org.openqa.selenium.By$ByXPath.findElement(By.java:361)
	at org.openqa.selenium.remote.RemoteWebDriver.findElement(RemoteWebDriver.java:402)
	at pageObjects.AtlantaMarket.ATLGlobalSearchPage.getATLInfoSearchTopicsFilter(ATLGlobalSearchPage.java:453)
	at atlantamarket_PROD.GlobalSearch_SearchFor.TS009_VerifyEventsFiltersFunctionalityInGlobalSearchTest(GlobalSearch_SearchFor.java:707)
... Removed 28 stack frames]]>
    </failure>
  </testcase> <!-- TS009_VerifyEventsFiltersFunctionalityInGlobalSearchTest -->
  <testcase name="TS010_VerifyShowSpecialsOverviewInGlobalSearchTest" time="32.332" classname="atlantamarket_PROD.GlobalSearch_SearchFor"/>
  <testcase name="TS011_VerifyEventsOverviewInGlobalSearchTest" time="41.308" classname="atlantamarket_PROD.GlobalSearch_SearchFor">
    <failure type="org.openqa.selenium.NoSuchElementException" message="no such element: Unable to locate element: {&amp;quot;method&amp;quot;:&amp;quot;xpath&amp;quot;,&amp;quot;selector&amp;quot;:&amp;quot;//span[contains(@class,&amp;apos;imc-eventcard__title&amp;apos;)]&amp;quot;}
  (Session info: chrome=109.0.5414.120)
For documentation on this error, please visit: http://seleniumhq.org/exceptions/no_such_element.html
Build info: version: &amp;apos;3.4.0&amp;apos;, revision: &amp;apos;unknown&amp;apos;, time: &amp;apos;unknown&amp;apos;
System info: host: &amp;apos;NILAMMA-W10&amp;apos;, ip: &amp;apos;192.168.68.2&amp;apos;, os.name: &amp;apos;Windows 10&amp;apos;, os.arch: &amp;apos;amd64&amp;apos;, os.version: &amp;apos;10.0&amp;apos;, java.version: &amp;apos;1.8.0_161&amp;apos;
Driver info: org.openqa.selenium.chrome.ChromeDriver
Capabilities [{networkConnectionEnabled=false, chrome={chromedriverVersion=109.0.5414.74 (e7c5703604daa9cc128ccf5a5d3e993513758913-refs/branch-heads/5414@{#1172}), userDataDir=C:\Users\nilamma\AppData\Local\Temp\scoped_dir16948_1294714235}, timeouts={implicit=0.0, pageLoad=300000.0, script=30000.0}, pageLoadStrategy=normal, unhandledPromptBehavior=dismiss and notify, strictFileInteractability=false, platform=ANY, proxy=Proxy(), goog:chromeOptions={debuggerAddress=localhost:61517}, webauthn:extension:credBlob=true, acceptInsecureCerts=false, browserVersion=109.0.5414.120, browserName=chrome, javascriptEnabled=true, platformName=windows, setWindowRect=true, webauthn:extension:largeBlob=true, webauthn:virtualAuthenticators=true}]
Session ID: 9db0baeaaa002d88edb74280309d738b
*** Element info: {Using=xpath, value=//span[contains(@class,&amp;apos;imc-eventcard__title&amp;apos;)]}">
      <![CDATA[org.openqa.selenium.NoSuchElementException: no such element: Unable to locate element: {"method":"xpath","selector":"//span[contains(@class,'imc-eventcard__title')]"}
  (Session info: chrome=109.0.5414.120)
For documentation on this error, please visit: http://seleniumhq.org/exceptions/no_such_element.html
Build info: version: '3.4.0', revision: 'unknown', time: 'unknown'
System info: host: 'NILAMMA-W10', ip: '192.168.68.2', os.name: 'Windows 10', os.arch: 'amd64', os.version: '10.0', java.version: '1.8.0_161'
Driver info: org.openqa.selenium.chrome.ChromeDriver
Capabilities [{networkConnectionEnabled=false, chrome={chromedriverVersion=109.0.5414.74 (e7c5703604daa9cc128ccf5a5d3e993513758913-refs/branch-heads/5414@{#1172}), userDataDir=C:\Users\nilamma\AppData\Local\Temp\scoped_dir16948_1294714235}, timeouts={implicit=0.0, pageLoad=300000.0, script=30000.0}, pageLoadStrategy=normal, unhandledPromptBehavior=dismiss and notify, strictFileInteractability=false, platform=ANY, proxy=Proxy(), goog:chromeOptions={debuggerAddress=localhost:61517}, webauthn:extension:credBlob=true, acceptInsecureCerts=false, browserVersion=109.0.5414.120, browserName=chrome, javascriptEnabled=true, platformName=windows, setWindowRect=true, webauthn:extension:largeBlob=true, webauthn:virtualAuthenticators=true}]
Session ID: 9db0baeaaa002d88edb74280309d738b
*** Element info: {Using=xpath, value=//span[contains(@class,'imc-eventcard__title')]}
	at org.openqa.selenium.remote.http.W3CHttpResponseCodec.createException(W3CHttpResponseCodec.java:150)
	at org.openqa.selenium.remote.http.W3CHttpResponseCodec.decode(W3CHttpResponseCodec.java:115)
	at org.openqa.selenium.remote.http.W3CHttpResponseCodec.decode(W3CHttpResponseCodec.java:45)
	at org.openqa.selenium.remote.HttpCommandExecutor.execute(HttpCommandExecutor.java:164)
	at org.openqa.selenium.remote.service.DriverCommandExecutor.execute(DriverCommandExecutor.java:82)
	at org.openqa.selenium.remote.RemoteWebDriver.execute(RemoteWebDriver.java:637)
	at org.openqa.selenium.remote.RemoteWebDriver.findElement(RemoteWebDriver.java:410)
	at org.openqa.selenium.remote.RemoteWebDriver.findElementByXPath(RemoteWebDriver.java:509)
	at org.openqa.selenium.By$ByXPath.findElement(By.java:361)
	at org.openqa.selenium.remote.RemoteWebDriver.findElement(RemoteWebDriver.java:402)
	at pageObjects.AtlantaMarket.ATLExhLineProdActionsPage.getEventCardTitle(ATLExhLineProdActionsPage.java:345)
	at atlantamarket_PROD.GlobalSearch_SearchFor.TS011_VerifyEventsOverviewInGlobalSearchTest(GlobalSearch_SearchFor.java:805)
... Removed 28 stack frames]]>
    </failure>
  </testcase> <!-- TS011_VerifyEventsOverviewInGlobalSearchTest -->
</testsuite> <!-- RegressionTest -->
