<?xml version="1.0" encoding="UTF-8"?>
<!-- Generated by org.testng.reporters.JUnitXMLReporter -->
<testsuite hostname="Anuppa-VD3" ignored="2" name="Default test" tests="1" failures="0" timestamp="21 Aug 2024 12:35:41 GMT" time="71.915" errors="0">
  <testcase name="TS002_VerifyLocationLinksForShowSpecialsTest" time="28.061" classname="atlantamarket_PROD.ShowSpecials"/>
  <testcase name="verifyMPLoginFunctionality" time="0.0" classname="atlantamarket_PROD.ShowSpecials">
    <ignored/>
  </testcase> <!-- verifyMPLoginFunctionality -->
  <testcase name="TS001_VerifyViewBrandDetailsLinkForShowSpecialsTest" time="0.0" classname="atlantamarket_PROD.ShowSpecials">
    <ignored/>
  </testcase> <!-- TS001_VerifyViewBrandDetailsLinkForShowSpecialsTest -->
</testsuite> <!-- Default test -->
