<?xml version="1.0" encoding="UTF-8"?>
<!-- Generated by org.testng.reporters.JUnitXMLReporter -->

<testsuite hostname="NILAMMA-W10" name="RegressionTest" tests="1" failures="0" timestamp="20 Jul 2022 09:16:27 GMT" time="166.272" errors="0">
  <testcase name="TS009_VerifyProductAddToNewlyCreatedListOnSearchResultsGridTest" time="74.594" classname="lasvegasmarket_UAT.GlobalSearch_ProductActions"/>

<testsuite hostname="shradhama-win10" name="RegressionTest" tests="1" failures="0" timestamp="20 Jul 2022 09:03:49 GMT" time="70.657" errors="0">
  <testcase name="TS001_VerifyMarketPlannerLoginTest" time="29.701" classname="lasvegasmarket_UAT.MarketPlanner"/>

</testsuite> <!-- RegressionTest -->
