<?xml version="1.0" encoding="UTF-8"?>
<!-- Generated by org.testng.reporters.JUnitXMLReporter -->
<testsuite hostname="Anuppa-VD3" ignored="1" name="RegressionTest" tests="2" failures="0" timestamp="12 Jul 2024 11:18:01 GMT" time="181.312" errors="0">
  <testcase name="TS001_VerifyInformationTabInGlobalSearchTest" time="31.015" classname="atlantamarket_PROD.GlobalSearch_SearchFor"/>
  <testcase name="TS002_VerifyInformationSearchFunctionalityInGlobalSearchTest" time="48.598" classname="atlantamarket_PROD.GlobalSearch_SearchFor"/>
  <testcase name="verifyMPLoginFunctionality" time="0.0" classname="atlantamarket_PROD.GlobalSearch_SearchFor">
    <ignored/>
  </testcase> <!-- verifyMPLoginFunctionality -->
</testsuite> <!-- RegressionTest -->
