<?xml version="1.0" encoding="UTF-8"?>
<!-- Generated by org.testng.reporters.JUnitXMLReporter -->
<testsuite hostname="Anuppa-VD3" name="RegressionTest" tests="1" failures="1" timestamp="7 Mar 2023 11:02:21 GMT" time="118.006" errors="0">
  <testcase name="TS008_VerifyClickOnMatchingProductsSeeAllLinkForExhibitorTest" time="38.664" classname="lasvegasmarket_UAT.GlobalSearch_ExhibitorActions">
    <failure type="java.lang.AssertionError" message="expected [3394] but found [544354]">
      <![CDATA[java.lang.AssertionError: expected [3394] but found [544354]
	at lasvegasmarket_UAT.GlobalSearch_ExhibitorActions.TS008_VerifyClickOnMatchingProductsSeeAllLinkForExhibitorTest(GlobalSearch_ExhibitorActions.java:440)
... Removed 29 stack frames]]>
    </failure>
  </testcase> <!-- TS008_VerifyClickOnMatchingProductsSeeAllLinkForExhibitorTest -->
</testsuite> <!-- RegressionTest -->
