<?xml version="1.0" encoding="UTF-8"?>
<!-- Generated by org.testng.reporters.JUnitXMLReporter -->
<testsuite hostname="eon-swapnili" name="RegressionTest" tests="9" failures="7" timestamp="8 Feb 2023 10:32:47 GMT" time="1034.15" errors="0">
  <testcase name="TS001_VerifyClickOnProductSeeDetailsBtnOnSearchResultsGridTest" time="353.554" classname="lasvegasmarket_UAT.GlobalSearch_ProductActions">
    <failure type="org.openqa.selenium.TimeoutException" message="timeout: Timed out receiving message from renderer: 295.903
  (Session info: chrome=109.0.5414.120)
Build info: version: &amp;apos;3.141.59&amp;apos;, revision: &amp;apos;e82be7d358&amp;apos;, time: &amp;apos;2018-11-14T08:25:48&amp;apos;
System info: host: &amp;apos;EON-SWAPNILI&amp;apos;, ip: &amp;apos;172.22.22.78&amp;apos;, os.name: &amp;apos;Windows 10&amp;apos;, os.arch: &amp;apos;amd64&amp;apos;, os.version: &amp;apos;10.0&amp;apos;, java.version: &amp;apos;1.8.0_311&amp;apos;
Driver info: org.openqa.selenium.chrome.ChromeDriver
Capabilities {acceptInsecureCerts: false, browserName: chrome, browserVersion: 109.0.5414.120, chrome: {chromedriverVersion: 109.0.5414.74 (e7c5703604da..., userDataDir: C:\Users\swapnili\AppData\L...}, goog:chromeOptions: {debuggerAddress: localhost:55001}, javascriptEnabled: true, networkConnectionEnabled: false, pageLoadStrategy: normal, platform: WINDOWS, platformName: WINDOWS, proxy: Proxy(), setWindowRect: true, strictFileInteractability: false, timeouts: {implicit: 0, pageLoad: 300000, script: 30000}, unhandledPromptBehavior: dismiss and notify, webauthn:extension:credBlob: true, webauthn:extension:largeBlob: true, webauthn:virtualAuthenticators: true}
Session ID: 090cd2ea8b3638f88251d0b9e4697d1f">
      <![CDATA[org.openqa.selenium.TimeoutException: timeout: Timed out receiving message from renderer: 295.903
  (Session info: chrome=109.0.5414.120)
Build info: version: '3.141.59', revision: 'e82be7d358', time: '2018-11-14T08:25:48'
System info: host: 'EON-SWAPNILI', ip: '172.22.22.78', os.name: 'Windows 10', os.arch: 'amd64', os.version: '10.0', java.version: '1.8.0_311'
Driver info: org.openqa.selenium.chrome.ChromeDriver
Capabilities {acceptInsecureCerts: false, browserName: chrome, browserVersion: 109.0.5414.120, chrome: {chromedriverVersion: 109.0.5414.74 (e7c5703604da..., userDataDir: C:\Users\swapnili\AppData\L...}, goog:chromeOptions: {debuggerAddress: localhost:55001}, javascriptEnabled: true, networkConnectionEnabled: false, pageLoadStrategy: normal, platform: WINDOWS, platformName: WINDOWS, proxy: Proxy(), setWindowRect: true, strictFileInteractability: false, timeouts: {implicit: 0, pageLoad: 300000, script: 30000}, unhandledPromptBehavior: dismiss and notify, webauthn:extension:credBlob: true, webauthn:extension:largeBlob: true, webauthn:virtualAuthenticators: true}
Session ID: 090cd2ea8b3638f88251d0b9e4697d1f
	at org.openqa.selenium.remote.http.W3CHttpResponseCodec.createException(W3CHttpResponseCodec.java:187)
	at org.openqa.selenium.remote.http.W3CHttpResponseCodec.decode(W3CHttpResponseCodec.java:122)
	at org.openqa.selenium.remote.http.W3CHttpResponseCodec.decode(W3CHttpResponseCodec.java:49)
	at org.openqa.selenium.remote.HttpCommandExecutor.execute(HttpCommandExecutor.java:158)
	at org.openqa.selenium.remote.service.DriverCommandExecutor.execute(DriverCommandExecutor.java:83)
	at org.openqa.selenium.remote.RemoteWebDriver.execute(RemoteWebDriver.java:552)
	at org.openqa.selenium.remote.RemoteWebDriver.get(RemoteWebDriver.java:277)
	at lasvegasmarket_UAT.GlobalSearch_ProductActions.TS001_VerifyClickOnProductSeeDetailsBtnOnSearchResultsGridTest(GlobalSearch_ProductActions.java:105)
... Removed 28 stack frames]]>
    </failure>
  </testcase> <!-- TS001_VerifyClickOnProductSeeDetailsBtnOnSearchResultsGridTest -->
  <testcase name="TS002_VerifyProductAddToNewListOnProductDetailsPageTest" time="33.633" classname="lasvegasmarket_UAT.GlobalSearch_ProductActions">
    <failure type="org.openqa.selenium.WebDriverException" message="unknown error: net::ERR_NAME_NOT_RESOLVED
  (Session info: chrome=109.0.5414.120)
Build info: version: &amp;apos;3.141.59&amp;apos;, revision: &amp;apos;e82be7d358&amp;apos;, time: &amp;apos;2018-11-14T08:25:48&amp;apos;
System info: host: &amp;apos;EON-SWAPNILI&amp;apos;, ip: &amp;apos;172.22.22.78&amp;apos;, os.name: &amp;apos;Windows 10&amp;apos;, os.arch: &amp;apos;amd64&amp;apos;, os.version: &amp;apos;10.0&amp;apos;, java.version: &amp;apos;1.8.0_311&amp;apos;
Driver info: org.openqa.selenium.chrome.ChromeDriver
Capabilities {acceptInsecureCerts: false, browserName: chrome, browserVersion: 109.0.5414.120, chrome: {chromedriverVersion: 109.0.5414.74 (e7c5703604da..., userDataDir: C:\Users\swapnili\AppData\L...}, goog:chromeOptions: {debuggerAddress: localhost:55001}, javascriptEnabled: true, networkConnectionEnabled: false, pageLoadStrategy: normal, platform: WINDOWS, platformName: WINDOWS, proxy: Proxy(), setWindowRect: true, strictFileInteractability: false, timeouts: {implicit: 0, pageLoad: 300000, script: 30000}, unhandledPromptBehavior: dismiss and notify, webauthn:extension:credBlob: true, webauthn:extension:largeBlob: true, webauthn:virtualAuthenticators: true}
Session ID: 090cd2ea8b3638f88251d0b9e4697d1f">
      <![CDATA[org.openqa.selenium.WebDriverException: unknown error: net::ERR_NAME_NOT_RESOLVED
  (Session info: chrome=109.0.5414.120)
Build info: version: '3.141.59', revision: 'e82be7d358', time: '2018-11-14T08:25:48'
System info: host: 'EON-SWAPNILI', ip: '172.22.22.78', os.name: 'Windows 10', os.arch: 'amd64', os.version: '10.0', java.version: '1.8.0_311'
Driver info: org.openqa.selenium.chrome.ChromeDriver
Capabilities {acceptInsecureCerts: false, browserName: chrome, browserVersion: 109.0.5414.120, chrome: {chromedriverVersion: 109.0.5414.74 (e7c5703604da..., userDataDir: C:\Users\swapnili\AppData\L...}, goog:chromeOptions: {debuggerAddress: localhost:55001}, javascriptEnabled: true, networkConnectionEnabled: false, pageLoadStrategy: normal, platform: WINDOWS, platformName: WINDOWS, proxy: Proxy(), setWindowRect: true, strictFileInteractability: false, timeouts: {implicit: 0, pageLoad: 300000, script: 30000}, unhandledPromptBehavior: dismiss and notify, webauthn:extension:credBlob: true, webauthn:extension:largeBlob: true, webauthn:virtualAuthenticators: true}
Session ID: 090cd2ea8b3638f88251d0b9e4697d1f
	at org.openqa.selenium.remote.http.W3CHttpResponseCodec.createException(W3CHttpResponseCodec.java:187)
	at org.openqa.selenium.remote.http.W3CHttpResponseCodec.decode(W3CHttpResponseCodec.java:122)
	at org.openqa.selenium.remote.http.W3CHttpResponseCodec.decode(W3CHttpResponseCodec.java:49)
	at org.openqa.selenium.remote.HttpCommandExecutor.execute(HttpCommandExecutor.java:158)
	at org.openqa.selenium.remote.service.DriverCommandExecutor.execute(DriverCommandExecutor.java:83)
	at org.openqa.selenium.remote.RemoteWebDriver.execute(RemoteWebDriver.java:552)
	at org.openqa.selenium.remote.RemoteWebDriver.get(RemoteWebDriver.java:277)
	at lasvegasmarket_UAT.GlobalSearch_ProductActions.TS002_VerifyProductAddToNewListOnProductDetailsPageTest(GlobalSearch_ProductActions.java:122)
... Removed 28 stack frames]]>
    </failure>
  </testcase> <!-- TS002_VerifyProductAddToNewListOnProductDetailsPageTest -->
  <testcase name="TS003_VerifyProductAddToExistingListOnProductDetailsPageTest" time="33.614" classname="lasvegasmarket_UAT.GlobalSearch_ProductActions">
    <failure type="org.openqa.selenium.WebDriverException" message="unknown error: net::ERR_NAME_NOT_RESOLVED
  (Session info: chrome=109.0.5414.120)
Build info: version: &amp;apos;3.141.59&amp;apos;, revision: &amp;apos;e82be7d358&amp;apos;, time: &amp;apos;2018-11-14T08:25:48&amp;apos;
System info: host: &amp;apos;EON-SWAPNILI&amp;apos;, ip: &amp;apos;172.22.22.78&amp;apos;, os.name: &amp;apos;Windows 10&amp;apos;, os.arch: &amp;apos;amd64&amp;apos;, os.version: &amp;apos;10.0&amp;apos;, java.version: &amp;apos;1.8.0_311&amp;apos;
Driver info: org.openqa.selenium.chrome.ChromeDriver
Capabilities {acceptInsecureCerts: false, browserName: chrome, browserVersion: 109.0.5414.120, chrome: {chromedriverVersion: 109.0.5414.74 (e7c5703604da..., userDataDir: C:\Users\swapnili\AppData\L...}, goog:chromeOptions: {debuggerAddress: localhost:55001}, javascriptEnabled: true, networkConnectionEnabled: false, pageLoadStrategy: normal, platform: WINDOWS, platformName: WINDOWS, proxy: Proxy(), setWindowRect: true, strictFileInteractability: false, timeouts: {implicit: 0, pageLoad: 300000, script: 30000}, unhandledPromptBehavior: dismiss and notify, webauthn:extension:credBlob: true, webauthn:extension:largeBlob: true, webauthn:virtualAuthenticators: true}
Session ID: 090cd2ea8b3638f88251d0b9e4697d1f">
      <![CDATA[org.openqa.selenium.WebDriverException: unknown error: net::ERR_NAME_NOT_RESOLVED
  (Session info: chrome=109.0.5414.120)
Build info: version: '3.141.59', revision: 'e82be7d358', time: '2018-11-14T08:25:48'
System info: host: 'EON-SWAPNILI', ip: '172.22.22.78', os.name: 'Windows 10', os.arch: 'amd64', os.version: '10.0', java.version: '1.8.0_311'
Driver info: org.openqa.selenium.chrome.ChromeDriver
Capabilities {acceptInsecureCerts: false, browserName: chrome, browserVersion: 109.0.5414.120, chrome: {chromedriverVersion: 109.0.5414.74 (e7c5703604da..., userDataDir: C:\Users\swapnili\AppData\L...}, goog:chromeOptions: {debuggerAddress: localhost:55001}, javascriptEnabled: true, networkConnectionEnabled: false, pageLoadStrategy: normal, platform: WINDOWS, platformName: WINDOWS, proxy: Proxy(), setWindowRect: true, strictFileInteractability: false, timeouts: {implicit: 0, pageLoad: 300000, script: 30000}, unhandledPromptBehavior: dismiss and notify, webauthn:extension:credBlob: true, webauthn:extension:largeBlob: true, webauthn:virtualAuthenticators: true}
Session ID: 090cd2ea8b3638f88251d0b9e4697d1f
	at org.openqa.selenium.remote.http.W3CHttpResponseCodec.createException(W3CHttpResponseCodec.java:187)
	at org.openqa.selenium.remote.http.W3CHttpResponseCodec.decode(W3CHttpResponseCodec.java:122)
	at org.openqa.selenium.remote.http.W3CHttpResponseCodec.decode(W3CHttpResponseCodec.java:49)
	at org.openqa.selenium.remote.HttpCommandExecutor.execute(HttpCommandExecutor.java:158)
	at org.openqa.selenium.remote.service.DriverCommandExecutor.execute(DriverCommandExecutor.java:83)
	at org.openqa.selenium.remote.RemoteWebDriver.execute(RemoteWebDriver.java:552)
	at org.openqa.selenium.remote.RemoteWebDriver.get(RemoteWebDriver.java:277)
	at lasvegasmarket_UAT.GlobalSearch_ProductActions.TS003_VerifyProductAddToExistingListOnProductDetailsPageTest(GlobalSearch_ProductActions.java:203)
... Removed 28 stack frames]]>
    </failure>
  </testcase> <!-- TS003_VerifyProductAddToExistingListOnProductDetailsPageTest -->
  <testcase name="TS004_VerifyAddToFavoriteOnProductDetailsPageTest" time="107.796" classname="lasvegasmarket_UAT.GlobalSearch_ProductActions">
    <failure type="org.openqa.selenium.TimeoutException" message="Expected condition failed: waiting for visibility of element located by By.xpath: //li[@class=&amp;apos;imc-list-edit--draggable&amp;apos;][1]/div/div[3]/div/div/div/div/a (tried for 20 second(s) with 500 milliseconds interval)">
      <![CDATA[org.openqa.selenium.TimeoutException: Expected condition failed: waiting for visibility of element located by By.xpath: //li[@class='imc-list-edit--draggable'][1]/div/div[3]/div/div/div/div/a (tried for 20 second(s) with 500 milliseconds interval)
	at org.openqa.selenium.support.ui.WebDriverWait.timeoutException(WebDriverWait.java:95)
	at org.openqa.selenium.support.ui.FluentWait.until(FluentWait.java:272)
	at pageObjects.AtlantaMarket.ATLMarketPlannerPage.getSavedProductNameInList(ATLMarketPlannerPage.java:651)
	at lasvegasmarket_UAT.GlobalSearch_ProductActions.TS004_VerifyAddToFavoriteOnProductDetailsPageTest(GlobalSearch_ProductActions.java:331)
Caused by: org.openqa.selenium.NoSuchElementException: no such element: Unable to locate element: {"method":"xpath","selector":"//li[@class='imc-list-edit--draggable'][1]/div/div[3]/div/div/div/div/a"}
  (Session info: chrome=109.0.5414.120)
For documentation on this error, please visit: https://www.seleniumhq.org/exceptions/no_such_element.html
Build info: version: '3.141.59', revision: 'e82be7d358', time: '2018-11-14T08:25:48'
System info: host: 'EON-SWAPNILI', ip: '172.22.22.78', os.name: 'Windows 10', os.arch: 'amd64', os.version: '10.0', java.version: '1.8.0_311'
Driver info: org.openqa.selenium.chrome.ChromeDriver
Capabilities {acceptInsecureCerts: false, browserName: chrome, browserVersion: 109.0.5414.120, chrome: {chromedriverVersion: 109.0.5414.74 (e7c5703604da..., userDataDir: C:\Users\swapnili\AppData\L...}, goog:chromeOptions: {debuggerAddress: localhost:55001}, javascriptEnabled: true, networkConnectionEnabled: false, pageLoadStrategy: normal, platform: WINDOWS, platformName: WINDOWS, proxy: Proxy(), setWindowRect: true, strictFileInteractability: false, timeouts: {implicit: 0, pageLoad: 300000, script: 30000}, unhandledPromptBehavior: dismiss and notify, webauthn:extension:credBlob: true, webauthn:extension:largeBlob: true, webauthn:virtualAuthenticators: true}
Session ID: 090cd2ea8b3638f88251d0b9e4697d1f
*** Element info: {Using=xpath, value=//li[@class='imc-list-edit--draggable'][1]/div/div[3]/div/div/div/div/a}
	at org.openqa.selenium.remote.http.W3CHttpResponseCodec.createException(W3CHttpResponseCodec.java:187)
	at org.openqa.selenium.remote.http.W3CHttpResponseCodec.decode(W3CHttpResponseCodec.java:122)
	at org.openqa.selenium.remote.http.W3CHttpResponseCodec.decode(W3CHttpResponseCodec.java:49)
	at org.openqa.selenium.remote.HttpCommandExecutor.execute(HttpCommandExecutor.java:158)
	at org.openqa.selenium.remote.service.DriverCommandExecutor.execute(DriverCommandExecutor.java:83)
	at org.openqa.selenium.remote.RemoteWebDriver.execute(RemoteWebDriver.java:552)
	at org.openqa.selenium.remote.RemoteWebDriver.findElement(RemoteWebDriver.java:323)
	at org.openqa.selenium.remote.RemoteWebDriver.findElementByXPath(RemoteWebDriver.java:428)
	at org.openqa.selenium.By$ByXPath.findElement(By.java:353)
	at org.openqa.selenium.remote.RemoteWebDriver.findElement(RemoteWebDriver.java:315)
	at org.openqa.selenium.support.ui.ExpectedConditions$7.apply(ExpectedConditions.java:205)
	at org.openqa.selenium.support.ui.ExpectedConditions$7.apply(ExpectedConditions.java:201)
	at org.openqa.selenium.support.ui.FluentWait.until(FluentWait.java:249)
	... 26 more
... Removed 28 stack frames]]>
    </failure>
  </testcase> <!-- TS004_VerifyAddToFavoriteOnProductDetailsPageTest -->
  <testcase name="TS005_VerifyAddNoteOnProductDetailsPageTest" time="56.0" classname="lasvegasmarket_UAT.GlobalSearch_ProductActions"/>
  <testcase name="TS006_VerifyProductAddToExistingListOnSearchResultsGridTest" time="73.009" classname="lasvegasmarket_UAT.GlobalSearch_ProductActions">
    <failure type="org.openqa.selenium.TimeoutException" message="Expected condition failed: waiting for visibility of element located by By.xpath: //li[@class=&amp;apos;imc-list-edit--draggable&amp;apos;][1]/div/div[3]/div/div/div/div/a (tried for 20 second(s) with 500 milliseconds interval)">
      <![CDATA[org.openqa.selenium.TimeoutException: Expected condition failed: waiting for visibility of element located by By.xpath: //li[@class='imc-list-edit--draggable'][1]/div/div[3]/div/div/div/div/a (tried for 20 second(s) with 500 milliseconds interval)
	at org.openqa.selenium.support.ui.WebDriverWait.timeoutException(WebDriverWait.java:95)
	at org.openqa.selenium.support.ui.FluentWait.until(FluentWait.java:272)
	at pageObjects.AtlantaMarket.ATLMarketPlannerPage.getSavedProductNameInList(ATLMarketPlannerPage.java:651)
	at lasvegasmarket_UAT.GlobalSearch_ProductActions.TS006_VerifyProductAddToExistingListOnSearchResultsGridTest(GlobalSearch_ProductActions.java:493)
Caused by: org.openqa.selenium.NoSuchElementException: no such element: Unable to locate element: {"method":"xpath","selector":"//li[@class='imc-list-edit--draggable'][1]/div/div[3]/div/div/div/div/a"}
  (Session info: chrome=109.0.5414.120)
For documentation on this error, please visit: https://www.seleniumhq.org/exceptions/no_such_element.html
Build info: version: '3.141.59', revision: 'e82be7d358', time: '2018-11-14T08:25:48'
System info: host: 'EON-SWAPNILI', ip: '172.22.22.78', os.name: 'Windows 10', os.arch: 'amd64', os.version: '10.0', java.version: '1.8.0_311'
Driver info: org.openqa.selenium.chrome.ChromeDriver
Capabilities {acceptInsecureCerts: false, browserName: chrome, browserVersion: 109.0.5414.120, chrome: {chromedriverVersion: 109.0.5414.74 (e7c5703604da..., userDataDir: C:\Users\swapnili\AppData\L...}, goog:chromeOptions: {debuggerAddress: localhost:55001}, javascriptEnabled: true, networkConnectionEnabled: false, pageLoadStrategy: normal, platform: WINDOWS, platformName: WINDOWS, proxy: Proxy(), setWindowRect: true, strictFileInteractability: false, timeouts: {implicit: 0, pageLoad: 300000, script: 30000}, unhandledPromptBehavior: dismiss and notify, webauthn:extension:credBlob: true, webauthn:extension:largeBlob: true, webauthn:virtualAuthenticators: true}
Session ID: 090cd2ea8b3638f88251d0b9e4697d1f
*** Element info: {Using=xpath, value=//li[@class='imc-list-edit--draggable'][1]/div/div[3]/div/div/div/div/a}
	at org.openqa.selenium.remote.http.W3CHttpResponseCodec.createException(W3CHttpResponseCodec.java:187)
	at org.openqa.selenium.remote.http.W3CHttpResponseCodec.decode(W3CHttpResponseCodec.java:122)
	at org.openqa.selenium.remote.http.W3CHttpResponseCodec.decode(W3CHttpResponseCodec.java:49)
	at org.openqa.selenium.remote.HttpCommandExecutor.execute(HttpCommandExecutor.java:158)
	at org.openqa.selenium.remote.service.DriverCommandExecutor.execute(DriverCommandExecutor.java:83)
	at org.openqa.selenium.remote.RemoteWebDriver.execute(RemoteWebDriver.java:552)
	at org.openqa.selenium.remote.RemoteWebDriver.findElement(RemoteWebDriver.java:323)
	at org.openqa.selenium.remote.RemoteWebDriver.findElementByXPath(RemoteWebDriver.java:428)
	at org.openqa.selenium.By$ByXPath.findElement(By.java:353)
	at org.openqa.selenium.remote.RemoteWebDriver.findElement(RemoteWebDriver.java:315)
	at org.openqa.selenium.support.ui.ExpectedConditions$7.apply(ExpectedConditions.java:205)
	at org.openqa.selenium.support.ui.ExpectedConditions$7.apply(ExpectedConditions.java:201)
	at org.openqa.selenium.support.ui.FluentWait.until(FluentWait.java:249)
	... 26 more
... Removed 28 stack frames]]>
    </failure>
  </testcase> <!-- TS006_VerifyProductAddToExistingListOnSearchResultsGridTest -->
  <testcase name="TS007_VerifyFullScreenViewerOnProductDetailsPageTest" time="66.922" classname="lasvegasmarket_UAT.GlobalSearch_ProductActions">
    <failure type="org.openqa.selenium.TimeoutException" message="Expected condition failed: waiting for visibility of element located by By.xpath: //div[@class=&amp;apos;imc-product-details--gallery--image-fullscreen&amp;apos;] (tried for 20 second(s) with 500 milliseconds interval)">
      <![CDATA[org.openqa.selenium.TimeoutException: Expected condition failed: waiting for visibility of element located by By.xpath: //div[@class='imc-product-details--gallery--image-fullscreen'] (tried for 20 second(s) with 500 milliseconds interval)
	at org.openqa.selenium.support.ui.WebDriverWait.timeoutException(WebDriverWait.java:95)
	at org.openqa.selenium.support.ui.FluentWait.until(FluentWait.java:272)
	at pageObjects.AtlantaMarket.ATLProductDetailsPage.getProductFullScreenViewerBtn(ATLProductDetailsPage.java:169)
	at lasvegasmarket_UAT.GlobalSearch_ProductActions.TS007_VerifyFullScreenViewerOnProductDetailsPageTest(GlobalSearch_ProductActions.java:553)
Caused by: org.openqa.selenium.NoSuchElementException: no such element: Unable to locate element: {"method":"xpath","selector":"//div[@class='imc-product-details--gallery--image-fullscreen']"}
  (Session info: chrome=109.0.5414.120)
For documentation on this error, please visit: https://www.seleniumhq.org/exceptions/no_such_element.html
Build info: version: '3.141.59', revision: 'e82be7d358', time: '2018-11-14T08:25:48'
System info: host: 'EON-SWAPNILI', ip: '172.22.22.78', os.name: 'Windows 10', os.arch: 'amd64', os.version: '10.0', java.version: '1.8.0_311'
Driver info: org.openqa.selenium.chrome.ChromeDriver
Capabilities {acceptInsecureCerts: false, browserName: chrome, browserVersion: 109.0.5414.120, chrome: {chromedriverVersion: 109.0.5414.74 (e7c5703604da..., userDataDir: C:\Users\swapnili\AppData\L...}, goog:chromeOptions: {debuggerAddress: localhost:55001}, javascriptEnabled: true, networkConnectionEnabled: false, pageLoadStrategy: normal, platform: WINDOWS, platformName: WINDOWS, proxy: Proxy(), setWindowRect: true, strictFileInteractability: false, timeouts: {implicit: 0, pageLoad: 300000, script: 30000}, unhandledPromptBehavior: dismiss and notify, webauthn:extension:credBlob: true, webauthn:extension:largeBlob: true, webauthn:virtualAuthenticators: true}
Session ID: 090cd2ea8b3638f88251d0b9e4697d1f
*** Element info: {Using=xpath, value=//div[@class='imc-product-details--gallery--image-fullscreen']}
	at org.openqa.selenium.remote.http.W3CHttpResponseCodec.createException(W3CHttpResponseCodec.java:187)
	at org.openqa.selenium.remote.http.W3CHttpResponseCodec.decode(W3CHttpResponseCodec.java:122)
	at org.openqa.selenium.remote.http.W3CHttpResponseCodec.decode(W3CHttpResponseCodec.java:49)
	at org.openqa.selenium.remote.HttpCommandExecutor.execute(HttpCommandExecutor.java:158)
	at org.openqa.selenium.remote.service.DriverCommandExecutor.execute(DriverCommandExecutor.java:83)
	at org.openqa.selenium.remote.RemoteWebDriver.execute(RemoteWebDriver.java:552)
	at org.openqa.selenium.remote.RemoteWebDriver.findElement(RemoteWebDriver.java:323)
	at org.openqa.selenium.remote.RemoteWebDriver.findElementByXPath(RemoteWebDriver.java:428)
	at org.openqa.selenium.By$ByXPath.findElement(By.java:353)
	at org.openqa.selenium.remote.RemoteWebDriver.findElement(RemoteWebDriver.java:315)
	at org.openqa.selenium.support.ui.ExpectedConditions$7.apply(ExpectedConditions.java:205)
	at org.openqa.selenium.support.ui.ExpectedConditions$7.apply(ExpectedConditions.java:201)
	at org.openqa.selenium.support.ui.FluentWait.until(FluentWait.java:249)
	... 26 more
... Removed 28 stack frames]]>
    </failure>
  </testcase> <!-- TS007_VerifyFullScreenViewerOnProductDetailsPageTest -->
  <testcase name="TS008_VerifyAddToFavoriteOnSearchResultsGridTest" time="82.504" classname="lasvegasmarket_UAT.GlobalSearch_ProductActions">
    <failure type="org.openqa.selenium.TimeoutException" message="Expected condition failed: waiting for visibility of element located by By.xpath: //li[@class=&amp;apos;imc-list-edit--draggable&amp;apos;][1]/div/div[3]/div/div/div/div/a (tried for 20 second(s) with 500 milliseconds interval)">
      <![CDATA[org.openqa.selenium.TimeoutException: Expected condition failed: waiting for visibility of element located by By.xpath: //li[@class='imc-list-edit--draggable'][1]/div/div[3]/div/div/div/div/a (tried for 20 second(s) with 500 milliseconds interval)
	at org.openqa.selenium.support.ui.WebDriverWait.timeoutException(WebDriverWait.java:95)
	at org.openqa.selenium.support.ui.FluentWait.until(FluentWait.java:272)
	at pageObjects.AtlantaMarket.ATLMarketPlannerPage.getSavedProductNameInList(ATLMarketPlannerPage.java:651)
	at lasvegasmarket_UAT.GlobalSearch_ProductActions.TS008_VerifyAddToFavoriteOnSearchResultsGridTest(GlobalSearch_ProductActions.java:614)
Caused by: org.openqa.selenium.NoSuchElementException: no such element: Unable to locate element: {"method":"xpath","selector":"//li[@class='imc-list-edit--draggable'][1]/div/div[3]/div/div/div/div/a"}
  (Session info: chrome=109.0.5414.120)
For documentation on this error, please visit: https://www.seleniumhq.org/exceptions/no_such_element.html
Build info: version: '3.141.59', revision: 'e82be7d358', time: '2018-11-14T08:25:48'
System info: host: 'EON-SWAPNILI', ip: '172.22.22.78', os.name: 'Windows 10', os.arch: 'amd64', os.version: '10.0', java.version: '1.8.0_311'
Driver info: org.openqa.selenium.chrome.ChromeDriver
Capabilities {acceptInsecureCerts: false, browserName: chrome, browserVersion: 109.0.5414.120, chrome: {chromedriverVersion: 109.0.5414.74 (e7c5703604da..., userDataDir: C:\Users\swapnili\AppData\L...}, goog:chromeOptions: {debuggerAddress: localhost:55001}, javascriptEnabled: true, networkConnectionEnabled: false, pageLoadStrategy: normal, platform: WINDOWS, platformName: WINDOWS, proxy: Proxy(), setWindowRect: true, strictFileInteractability: false, timeouts: {implicit: 0, pageLoad: 300000, script: 30000}, unhandledPromptBehavior: dismiss and notify, webauthn:extension:credBlob: true, webauthn:extension:largeBlob: true, webauthn:virtualAuthenticators: true}
Session ID: 090cd2ea8b3638f88251d0b9e4697d1f
*** Element info: {Using=xpath, value=//li[@class='imc-list-edit--draggable'][1]/div/div[3]/div/div/div/div/a}
	at org.openqa.selenium.remote.http.W3CHttpResponseCodec.createException(W3CHttpResponseCodec.java:187)
	at org.openqa.selenium.remote.http.W3CHttpResponseCodec.decode(W3CHttpResponseCodec.java:122)
	at org.openqa.selenium.remote.http.W3CHttpResponseCodec.decode(W3CHttpResponseCodec.java:49)
	at org.openqa.selenium.remote.HttpCommandExecutor.execute(HttpCommandExecutor.java:158)
	at org.openqa.selenium.remote.service.DriverCommandExecutor.execute(DriverCommandExecutor.java:83)
	at org.openqa.selenium.remote.RemoteWebDriver.execute(RemoteWebDriver.java:552)
	at org.openqa.selenium.remote.RemoteWebDriver.findElement(RemoteWebDriver.java:323)
	at org.openqa.selenium.remote.RemoteWebDriver.findElementByXPath(RemoteWebDriver.java:428)
	at org.openqa.selenium.By$ByXPath.findElement(By.java:353)
	at org.openqa.selenium.remote.RemoteWebDriver.findElement(RemoteWebDriver.java:315)
	at org.openqa.selenium.support.ui.ExpectedConditions$7.apply(ExpectedConditions.java:205)
	at org.openqa.selenium.support.ui.ExpectedConditions$7.apply(ExpectedConditions.java:201)
	at org.openqa.selenium.support.ui.FluentWait.until(FluentWait.java:249)
	... 26 more
... Removed 28 stack frames]]>
    </failure>
  </testcase> <!-- TS008_VerifyAddToFavoriteOnSearchResultsGridTest -->
  <testcase name="TS009_VerifyProductAddToNewlyCreatedListOnSearchResultsGridTest" time="68.96" classname="lasvegasmarket_UAT.GlobalSearch_ProductActions"/>
</testsuite> <!-- RegressionTest -->
