<?xml version="1.0" encoding="UTF-8"?>
<!-- Generated by org.testng.reporters.JUnitXMLReporter -->
<testsuite hostname="Anuppa-VD3" name="RegressionTest" tests="15" failures="0" timestamp="17 Nov 2023 05:25:37 GMT" time="68.108" errors="0">
  <testcase name="@BeforeClass initialize" time="0.0" classname="lasvegasmarket_UAT.EvenntsAndWebinar">
    <failure type="org.openqa.selenium.TimeoutException" message="Expected condition failed: waiting for element to be clickable: By.xpath: //a[contains(text(),&amp;apos;Login&amp;apos;)] (tried for 30 second(s) with 500 milliseconds interval)
Build info: version: &amp;apos;3.141.59&amp;apos;, revision: &amp;apos;e82be7d358&amp;apos;, time: &amp;apos;2018-11-14T08:17:03&amp;apos;
System info: host: &amp;apos;ANUPPA-VD3&amp;apos;, ip: &amp;apos;172.27.182.66&amp;apos;, os.name: &amp;apos;Windows 10&amp;apos;, os.arch: &amp;apos;amd64&amp;apos;, os.version: &amp;apos;10.0&amp;apos;, java.version: &amp;apos;1.8.0_381&amp;apos;
Driver info: org.openqa.selenium.chrome.ChromeDriver
Capabilities {acceptInsecureCerts: false, browserName: chrome, browserVersion: 119.0.6045.160, chrome: {chromedriverVersion: 119.0.6045.105 (38c72552c5e..., userDataDir: C:\Users\anuppa\AppData\Loc...}, fedcm:accounts: true, goog:chromeOptions: {debuggerAddress: localhost:61112}, javascriptEnabled: true, networkConnectionEnabled: false, pageLoadStrategy: normal, platform: WINDOWS, platformName: WINDOWS, proxy: Proxy(), setWindowRect: true, strictFileInteractability: false, timeouts: {implicit: 0, pageLoad: 300000, script: 30000}, unhandledPromptBehavior: dismiss and notify, webauthn:extension:credBlob: true, webauthn:extension:largeBlob: true, webauthn:extension:minPinLength: true, webauthn:extension:prf: true, webauthn:virtualAuthenticators: true}
Session ID: a4215c6612a98bcbdc6a0cb29c7d8dcc">
      <![CDATA[org.openqa.selenium.TimeoutException: Expected condition failed: waiting for element to be clickable: By.xpath: //a[contains(text(),'Login')] (tried for 30 second(s) with 500 milliseconds interval)
Build info: version: '3.141.59', revision: 'e82be7d358', time: '2018-11-14T08:17:03'
System info: host: 'ANUPPA-VD3', ip: '172.27.182.66', os.name: 'Windows 10', os.arch: 'amd64', os.version: '10.0', java.version: '1.8.0_381'
Driver info: org.openqa.selenium.chrome.ChromeDriver
Capabilities {acceptInsecureCerts: false, browserName: chrome, browserVersion: 119.0.6045.160, chrome: {chromedriverVersion: 119.0.6045.105 (38c72552c5e..., userDataDir: C:\Users\anuppa\AppData\Loc...}, fedcm:accounts: true, goog:chromeOptions: {debuggerAddress: localhost:61112}, javascriptEnabled: true, networkConnectionEnabled: false, pageLoadStrategy: normal, platform: WINDOWS, platformName: WINDOWS, proxy: Proxy(), setWindowRect: true, strictFileInteractability: false, timeouts: {implicit: 0, pageLoad: 300000, script: 30000}, unhandledPromptBehavior: dismiss and notify, webauthn:extension:credBlob: true, webauthn:extension:largeBlob: true, webauthn:extension:minPinLength: true, webauthn:extension:prf: true, webauthn:virtualAuthenticators: true}
Session ID: a4215c6612a98bcbdc6a0cb29c7d8dcc
	at org.openqa.selenium.support.ui.WebDriverWait.timeoutException(WebDriverWait.java:95)
	at org.openqa.selenium.support.ui.FluentWait.until(FluentWait.java:272)
	at pageObjects.AtlantaMarket.ATLLandingPage.getLogin(ATLLandingPage.java:30)
	at resources.Utility.verifyMPLoginFunctionality(Utility.java:87)
	at lasvegasmarket_UAT.EvenntsAndWebinar.initialize(EvenntsAndWebinar.java:64)
	at java.util.concurrent.ThreadPoolExecutor.runWorker(Unknown Source)
	at java.util.concurrent.ThreadPoolExecutor$Worker.run(Unknown Source)
	at java.lang.Thread.run(Unknown Source)
... Removed 10 stack frames]]>
    </failure>
  </testcase> <!-- @BeforeClass initialize -->
  <testcase name="TS011_VerifyExhibitorEventsListTest" time="0.002" classname="lasvegasmarket_UAT.EvenntsAndWebinar">
    <skipped/>
  </testcase> <!-- TS011_VerifyExhibitorEventsListTest -->
  <testcase name="TS001_VerifyEventsAndWebinarsOverviewTest" time="0.008" classname="lasvegasmarket_UAT.EvenntsAndWebinar">
    <skipped/>
  </testcase> <!-- TS001_VerifyEventsAndWebinarsOverviewTest -->
  <testcase name="TS002_VerifyIMCEventsSearchbarTest" time="0.002" classname="lasvegasmarket_UAT.EvenntsAndWebinar">
    <skipped/>
  </testcase> <!-- TS002_VerifyIMCEventsSearchbarTest -->
  <testcase name="TS003_VerifyIMCEventsCalendarViewTest" time="0.002" classname="lasvegasmarket_UAT.EvenntsAndWebinar">
    <skipped/>
  </testcase> <!-- TS003_VerifyIMCEventsCalendarViewTest -->
  <testcase name="TS004_VerifyIMCEventsEventsListTest" time="0.001" classname="lasvegasmarket_UAT.EvenntsAndWebinar">
    <skipped/>
  </testcase> <!-- TS004_VerifyIMCEventsEventsListTest -->
  <testcase name="TS005_VerifyIMCEventsEventDetailstTest" time="0.001" classname="lasvegasmarket_UAT.EvenntsAndWebinar">
    <skipped/>
  </testcase> <!-- TS005_VerifyIMCEventsEventDetailstTest -->
  <testcase name="TS006_VerifyIMCEventsAddToFavoriteTest" time="0.001" classname="lasvegasmarket_UAT.EvenntsAndWebinar">
    <skipped/>
  </testcase> <!-- TS006_VerifyIMCEventsAddToFavoriteTest -->
  <testcase name="TS008_VerifyIMCEventsAddNoteTest" time="0.001" classname="lasvegasmarket_UAT.EvenntsAndWebinar">
    <skipped/>
  </testcase> <!-- TS008_VerifyIMCEventsAddNoteTest -->
  <testcase name="TS009_VerifyExhibitorEventsSearchbarTest" time="0.001" classname="lasvegasmarket_UAT.EvenntsAndWebinar">
    <skipped/>
  </testcase> <!-- TS009_VerifyExhibitorEventsSearchbarTest -->
  <testcase name="TS010_VerifyExhibitorEventsCalendarViewTest" time="0.0" classname="lasvegasmarket_UAT.EvenntsAndWebinar">
    <skipped/>
  </testcase> <!-- TS010_VerifyExhibitorEventsCalendarViewTest -->
  <testcase name="TS012_VerifyExhibitorEventsDetailstTest" time="0.001" classname="lasvegasmarket_UAT.EvenntsAndWebinar">
    <skipped/>
  </testcase> <!-- TS012_VerifyExhibitorEventsDetailstTest -->
  <testcase name="TS013_VerifyExhibitorEventsAddToFavoriteTest" time="0.001" classname="lasvegasmarket_UAT.EvenntsAndWebinar">
    <skipped/>
  </testcase> <!-- TS013_VerifyExhibitorEventsAddToFavoriteTest -->
  <testcase name="TS014_VerifyExhibitorEventsAddToListTest" time="0.001" classname="lasvegasmarket_UAT.EvenntsAndWebinar">
    <skipped/>
  </testcase> <!-- TS014_VerifyExhibitorEventsAddToListTest -->
  <testcase name="TS015_VerifyExhibitorEventsAddNoteTest" time="0.001" classname="lasvegasmarket_UAT.EvenntsAndWebinar">
    <skipped/>
  </testcase> <!-- TS015_VerifyExhibitorEventsAddNoteTest -->
  <testcase name="TS007_VerifyIMCEventsAddToListTest" time="0.001" classname="lasvegasmarket_UAT.EvenntsAndWebinar">
    <skipped/>
  </testcase> <!-- TS007_VerifyIMCEventsAddToListTest -->
</testsuite> <!-- RegressionTest -->
