<?xml version="1.0" encoding="UTF-8"?>
<!-- Generated by org.testng.reporters.JUnitXMLReporter -->
<testsuite hostname="eon-swapnili" name="RegressionTest" tests="9" failures="1" timestamp="19 Dec 2022 06:23:02 GMT" time="501.535" errors="0">
  <testcase name="TS001_VerifyClickOnContactExhIconForLineTest" time="24.638" classname="atlantamarket_PROD.GlobalSearch_LineActions"/>
  <testcase name="TS002_VerifyAddToFavoriteForLineTest" time="85.882" classname="atlantamarket_PROD.GlobalSearch_LineActions">
    <failure type="org.openqa.selenium.TimeoutException" message="Expected condition failed: waiting for visibility of element located by By.xpath: //li[@class=&amp;apos;imc-list-edit--draggable&amp;apos;][1]/div/div[1]/div[1]/a (tried for 20 second(s) with 500 milliseconds interval)">
      <![CDATA[org.openqa.selenium.TimeoutException: Expected condition failed: waiting for visibility of element located by By.xpath: //li[@class='imc-list-edit--draggable'][1]/div/div[1]/div[1]/a (tried for 20 second(s) with 500 milliseconds interval)
	at org.openqa.selenium.support.ui.WebDriverWait.timeoutException(WebDriverWait.java:95)
	at org.openqa.selenium.support.ui.FluentWait.until(FluentWait.java:272)
	at pageObjects.AtlantaMarket.ATLMarketPlannerPage.getATLSavedExhNameInList(ATLMarketPlannerPage.java:480)
	at atlantamarket_PROD.GlobalSearch_LineActions.TS002_VerifyAddToFavoriteForLineTest(GlobalSearch_LineActions.java:143)
Caused by: org.openqa.selenium.NoSuchElementException: no such element: Unable to locate element: {"method":"xpath","selector":"//li[@class='imc-list-edit--draggable'][1]/div/div[1]/div[1]/a"}
  (Session info: chrome=108.0.5359.125)
For documentation on this error, please visit: https://www.seleniumhq.org/exceptions/no_such_element.html
Build info: version: '3.141.59', revision: 'e82be7d358', time: '2018-11-14T08:25:48'
System info: host: 'EON-SWAPNILI', ip: '172.22.22.78', os.name: 'Windows 10', os.arch: 'amd64', os.version: '10.0', java.version: '1.8.0_311'
Driver info: org.openqa.selenium.chrome.ChromeDriver
Capabilities {acceptInsecureCerts: false, browserName: chrome, browserVersion: 108.0.5359.125, chrome: {chromedriverVersion: 108.0.5359.71 (1e0e3868ee06..., userDataDir: C:\Users\swapnili\AppData\L...}, goog:chromeOptions: {debuggerAddress: localhost:56746}, javascriptEnabled: true, networkConnectionEnabled: false, pageLoadStrategy: normal, platform: WINDOWS, platformName: WINDOWS, proxy: Proxy(), setWindowRect: true, strictFileInteractability: false, timeouts: {implicit: 0, pageLoad: 300000, script: 30000}, unhandledPromptBehavior: dismiss and notify, webauthn:extension:credBlob: true, webauthn:extension:largeBlob: true, webauthn:virtualAuthenticators: true}
Session ID: 420877b7b07799d7b134d10d09247f3b
*** Element info: {Using=xpath, value=//li[@class='imc-list-edit--draggable'][1]/div/div[1]/div[1]/a}
	at org.openqa.selenium.remote.http.W3CHttpResponseCodec.createException(W3CHttpResponseCodec.java:187)
	at org.openqa.selenium.remote.http.W3CHttpResponseCodec.decode(W3CHttpResponseCodec.java:122)
	at org.openqa.selenium.remote.http.W3CHttpResponseCodec.decode(W3CHttpResponseCodec.java:49)
	at org.openqa.selenium.remote.HttpCommandExecutor.execute(HttpCommandExecutor.java:158)
	at org.openqa.selenium.remote.service.DriverCommandExecutor.execute(DriverCommandExecutor.java:83)
	at org.openqa.selenium.remote.RemoteWebDriver.execute(RemoteWebDriver.java:552)
	at org.openqa.selenium.remote.RemoteWebDriver.findElement(RemoteWebDriver.java:323)
	at org.openqa.selenium.remote.RemoteWebDriver.findElementByXPath(RemoteWebDriver.java:428)
	at org.openqa.selenium.By$ByXPath.findElement(By.java:353)
	at org.openqa.selenium.remote.RemoteWebDriver.findElement(RemoteWebDriver.java:315)
	at org.openqa.selenium.support.ui.ExpectedConditions$7.apply(ExpectedConditions.java:205)
	at org.openqa.selenium.support.ui.ExpectedConditions$7.apply(ExpectedConditions.java:201)
	at org.openqa.selenium.support.ui.FluentWait.until(FluentWait.java:249)
	... 26 more
... Removed 28 stack frames]]>
    </failure>
  </testcase> <!-- TS002_VerifyAddToFavoriteForLineTest -->
  <testcase name="TS003_VerifyClickOnOrderOnJuniperMarketBtnForLineTest" time="32.863" classname="atlantamarket_PROD.GlobalSearch_LineActions"/>
  <testcase name="TS004_VerifyAddToNewListForLineTest" time="65.728" classname="atlantamarket_PROD.GlobalSearch_LineActions"/>
  <testcase name="TS005_VerifyAddToExistingListForLineTest" time="86.645" classname="atlantamarket_PROD.GlobalSearch_LineActions"/>
  <testcase name="TS006_VerifyClickOnShownByExhibitorNameLinkForLineTest" time="32.378" classname="atlantamarket_PROD.GlobalSearch_LineActions"/>
  <testcase name="TS007_VerifyClickOnLocationLinkForLineTest" time="29.037" classname="atlantamarket_PROD.GlobalSearch_LineActions"/>
  <testcase name="TS008_VerifyClickOnMatchingProductsSeeAllLinkForLineTest" time="43.174" classname="atlantamarket_PROD.GlobalSearch_LineActions"/>
  <testcase name="TS009_VerifyClickOnTotalProductsSeeAllLinkForLineTest" time="50.869" classname="atlantamarket_PROD.GlobalSearch_LineActions"/>
</testsuite> <!-- RegressionTest -->
