<?xml version="1.0" encoding="UTF-8"?>
<!-- Generated by org.testng.reporters.JUnitXMLReporter -->
<testsuite hostname="swapnili" name="RegressionTest" tests="1" failures="1" timestamp="15 Nov 2022 12:47:22 GMT" time="104.27" errors="0">
  <testcase name="TS012_VerifyExhibitorEventsDetailstTest" time="66.073" classname="atlantamarket_PROD.EvenntsAndWebinar">
    <failure type="java.lang.AssertionError" message="expected [true] but found [false]">
      <![CDATA[java.lang.AssertionError: expected [true] but found [false]
	at atlantamarket_PROD.EvenntsAndWebinar.TS012_VerifyExhibitorEventsDetailstTest(EvenntsAndWebinar.java:1000)
... Removed 28 stack frames]]>
    </failure>
  </testcase> <!-- TS012_VerifyExhibitorEventsDetailstTest -->
</testsuite> <!-- RegressionTest -->
