<?xml version="1.0" encoding="UTF-8"?>
<!-- Generated by org.testng.reporters.JUnitXMLReporter -->
<testsuite hostname="eon-swapnili" name="RegressionTest" tests="3" failures="0" timestamp="16 Feb 2023 04:11:42 GMT" time="97.492" errors="0">
  <testcase name="TS001_VerifySelectionOfExhibitorFromAutoSuggestionListTest" time="17.799" classname="lasvegasmarket_UAT.GlobalSearch_SuggestionList"/>
  <testcase name="TS002_VerifySelectionOfLineFromAutoSuggestionListTest" time="16.212" classname="lasvegasmarket_UAT.GlobalSearch_SuggestionList"/>
  <testcase name="TS003_VerifySelectionOfProductFromAutoSuggestionListTest" time="21.131" classname="lasvegasmarket_UAT.GlobalSearch_SuggestionList"/>
</testsuite> <!-- RegressionTest -->
