<?xml version="1.0" encoding="UTF-8"?>
<!-- Generated by org.testng.reporters.JUnitXMLReporter -->
<testsuite hostname="swapnili" name="RegressionTest" tests="1" failures="1" timestamp="29 Nov 2022 06:44:00 GMT" time="107.712" errors="0">
  <testcase name="TS011_VerifyExhibitorDigitalShowroomProductsComponentOrderOnJuniperMarketTest" time="27.483" classname="atlantamarket_PROD.ExhibitorDigitalShowroom">
    <failure type="java.lang.AssertionError" message="expected [true] but found [false]">
      <![CDATA[java.lang.AssertionError: expected [true] but found [false]
	at atlantamarket_PROD.ExhibitorDigitalShowroom.TS011_VerifyExhibitorDigitalShowroomProductsComponentOrderOnJuniperMarketTest(ExhibitorDigitalShowroom.java:589)
... Removed 28 stack frames]]>
    </failure>
  </testcase> <!-- TS011_VerifyExhibitorDigitalShowroomProductsComponentOrderOnJuniperMarketTest -->
</testsuite> <!-- RegressionTest -->
