<?xml version="1.0" encoding="UTF-8"?>
<!-- Generated by org.testng.reporters.JUnitXMLReporter -->
<testsuite hostname="Anuppa-VD3" name="RegressionTest" tests="1" failures="1" timestamp="23 Jan 2024 08:26:41 GMT" time="94.688" errors="0">
  <testcase name="TS003_VerifyClickOnMatchingProductsSeeAllLinkForLineTest" time="46.064" classname="lasvegasmarket_PROD.GlobalSearch_LineActions">
    <failure type="java.lang.AssertionError" message="expected [165] but found [74127]">
      <![CDATA[java.lang.AssertionError: expected [165] but found [74127]
	at lasvegasmarket_PROD.GlobalSearch_LineActions.TS003_VerifyClickOnMatchingProductsSeeAllLinkForLineTest(GlobalSearch_LineActions.java:172)
	at java.util.concurrent.ThreadPoolExecutor.runWorker(Unknown Source)
	at java.util.concurrent.ThreadPoolExecutor$Worker.run(Unknown Source)
	at java.lang.Thread.run(Unknown Source)
... Removed 15 stack frames]]>
    </failure>
  </testcase> <!-- TS003_VerifyClickOnMatchingProductsSeeAllLinkForLineTest -->
</testsuite> <!-- RegressionTest -->
