<?xml version="1.0" encoding="UTF-8"?>
<!-- Generated by org.testng.reporters.JUnitXMLReporter -->
<testsuite hostname="eon-swapnili" name="RegressionTest" tests="30" failures="4" timestamp="5 Oct 2023 03:59:26 GMT" time="1422.37" errors="0">
  <testcase name="TS001_VerifyClickOnProductSeeDetailsBtnOnSearchResultsGridTest" time="50.173" classname="lasvegasmarket_PROD.GlobalSearch_ProductActions"/>
  <testcase name="TS007_VerifyFullScreenViewerOnProductDetailsPageTest" time="40.66" classname="lasvegasmarket_PROD.GlobalSearch_ProductActions"/>
  <testcase name="TS001_VerifyInformationTabInGlobalSearchTest" time="22.981" classname="lasvegasmarket_PROD.GlobalSearch_SearchFor"/>
  <testcase name="TS002_VerifyInformationSearchFunctionalityInGlobalSearchTest" time="29.491" classname="lasvegasmarket_PROD.GlobalSearch_SearchFor"/>
  <testcase name="TS004_VerifyCatalogsOverviewInGlobalSearchTest" time="39.618" classname="lasvegasmarket_PROD.GlobalSearch_SearchFor"/>
  <testcase name="TS005_VerifyArticlesOverviewInGlobalSearchTest" time="57.28" classname="lasvegasmarket_PROD.GlobalSearch_SearchFor"/>
  <testcase name="TS006_VerifyArticlesFiltersFunctionalityInGlobalSearchTest" time="174.583" classname="lasvegasmarket_PROD.GlobalSearch_SearchFor"/>
  <testcase name="TS007_VerifyArticlesSearchFunctionalityInGlobalSearchTest" time="64.064" classname="lasvegasmarket_PROD.GlobalSearch_SearchFor"/>
  <testcase name="TS008_VerifyEventsSearchFunctionalityInGlobalSearchTest" time="53.769" classname="lasvegasmarket_PROD.GlobalSearch_SearchFor">
    <failure type="org.openqa.selenium.TimeoutException" message="Expected condition failed: waiting for visibility of element located by By.xpath: //div[@class=&amp;apos;imc-vr--xxlarge imc-margin--top--large--mobile&amp;apos;]/div[1]/div[1]/span[1] (tried for 20 second(s) with 500 milliseconds interval)">
      <![CDATA[org.openqa.selenium.TimeoutException: Expected condition failed: waiting for visibility of element located by By.xpath: //div[@class='imc-vr--xxlarge imc-margin--top--large--mobile']/div[1]/div[1]/span[1] (tried for 20 second(s) with 500 milliseconds interval)
	at org.openqa.selenium.support.ui.WebDriverWait.timeoutException(WebDriverWait.java:95)
	at org.openqa.selenium.support.ui.FluentWait.until(FluentWait.java:272)
	at pageObjects.LasVegasMarket.LVMGlobalSearchPage.getLVMFirstEventName(LVMGlobalSearchPage.java:166)
	at lasvegasmarket_PROD.GlobalSearch_SearchFor.TS008_VerifyEventsSearchFunctionalityInGlobalSearchTest(GlobalSearch_SearchFor.java:749)
Caused by: org.openqa.selenium.NoSuchElementException: no such element: Unable to locate element: {"method":"xpath","selector":"//div[@class='imc-vr--xxlarge imc-margin--top--large--mobile']/div[1]/div[1]/span[1]"}
  (Session info: chrome=117.0.5938.132)
For documentation on this error, please visit: https://www.seleniumhq.org/exceptions/no_such_element.html
Build info: version: '3.141.59', revision: 'e82be7d358', time: '2018-11-14T08:25:48'
System info: host: 'EON-SWAPNILI', ip: '172.22.22.78', os.name: 'Windows 10', os.arch: 'amd64', os.version: '10.0', java.version: '1.8.0_311'
Driver info: org.openqa.selenium.chrome.ChromeDriver
Capabilities {acceptInsecureCerts: false, browserName: chrome, browserVersion: 117.0.5938.132, chrome: {chromedriverVersion: 117.0.5938.92 (67649b10b92b..., userDataDir: C:\Users\swapnili\AppData\L...}, fedcm:accounts: true, goog:chromeOptions: {debuggerAddress: localhost:57006}, javascriptEnabled: true, networkConnectionEnabled: false, pageLoadStrategy: normal, platform: WINDOWS, platformName: WINDOWS, proxy: Proxy(), setWindowRect: true, strictFileInteractability: false, timeouts: {implicit: 0, pageLoad: 300000, script: 30000}, unhandledPromptBehavior: dismiss and notify, webauthn:extension:credBlob: true, webauthn:extension:largeBlob: true, webauthn:extension:minPinLength: true, webauthn:extension:prf: true, webauthn:virtualAuthenticators: true}
Session ID: ed0bcfc4f6ada6715132de685488c191
*** Element info: {Using=xpath, value=//div[@class='imc-vr--xxlarge imc-margin--top--large--mobile']/div[1]/div[1]/span[1]}
	at org.openqa.selenium.remote.http.W3CHttpResponseCodec.createException(W3CHttpResponseCodec.java:187)
	at org.openqa.selenium.remote.http.W3CHttpResponseCodec.decode(W3CHttpResponseCodec.java:122)
	at org.openqa.selenium.remote.http.W3CHttpResponseCodec.decode(W3CHttpResponseCodec.java:49)
	at org.openqa.selenium.remote.HttpCommandExecutor.execute(HttpCommandExecutor.java:158)
	at org.openqa.selenium.remote.service.DriverCommandExecutor.execute(DriverCommandExecutor.java:83)
	at org.openqa.selenium.remote.RemoteWebDriver.execute(RemoteWebDriver.java:552)
	at org.openqa.selenium.remote.RemoteWebDriver.findElement(RemoteWebDriver.java:323)
	at org.openqa.selenium.remote.RemoteWebDriver.findElementByXPath(RemoteWebDriver.java:428)
	at org.openqa.selenium.By$ByXPath.findElement(By.java:353)
	at org.openqa.selenium.remote.RemoteWebDriver.findElement(RemoteWebDriver.java:315)
	at org.openqa.selenium.support.ui.ExpectedConditions$7.apply(ExpectedConditions.java:205)
	at org.openqa.selenium.support.ui.ExpectedConditions$7.apply(ExpectedConditions.java:201)
	at org.openqa.selenium.support.ui.FluentWait.until(FluentWait.java:249)
	... 26 more
... Removed 28 stack frames]]>
    </failure>
  </testcase> <!-- TS008_VerifyEventsSearchFunctionalityInGlobalSearchTest -->
  <testcase name="TS009_VerifyEventsFiltersFunctionalityInGlobalSearchTest" time="47.84" classname="lasvegasmarket_PROD.GlobalSearch_SearchFor">
    <failure type="org.openqa.selenium.TimeoutException" message="Expected condition failed: waiting for element to be clickable: By.xpath: //a[@aria-label=&amp;apos;Topics&amp;apos;] (tried for 20 second(s) with 500 milliseconds interval)">
      <![CDATA[org.openqa.selenium.TimeoutException: Expected condition failed: waiting for element to be clickable: By.xpath: //a[@aria-label='Topics'] (tried for 20 second(s) with 500 milliseconds interval)
	at org.openqa.selenium.support.ui.WebDriverWait.timeoutException(WebDriverWait.java:95)
	at org.openqa.selenium.support.ui.FluentWait.until(FluentWait.java:272)
	at pageObjects.LasVegasMarket.LVMGlobalSearchPage.getLVMInfoSearchTopicsFilter(LVMGlobalSearchPage.java:480)
	at lasvegasmarket_PROD.GlobalSearch_SearchFor.TS009_VerifyEventsFiltersFunctionalityInGlobalSearchTest(GlobalSearch_SearchFor.java:796)
Caused by: org.openqa.selenium.NoSuchElementException: no such element: Unable to locate element: {"method":"xpath","selector":"//a[@aria-label='Topics']"}
  (Session info: chrome=117.0.5938.132)
For documentation on this error, please visit: https://www.seleniumhq.org/exceptions/no_such_element.html
Build info: version: '3.141.59', revision: 'e82be7d358', time: '2018-11-14T08:25:48'
System info: host: 'EON-SWAPNILI', ip: '172.22.22.78', os.name: 'Windows 10', os.arch: 'amd64', os.version: '10.0', java.version: '1.8.0_311'
Driver info: org.openqa.selenium.chrome.ChromeDriver
Capabilities {acceptInsecureCerts: false, browserName: chrome, browserVersion: 117.0.5938.132, chrome: {chromedriverVersion: 117.0.5938.92 (67649b10b92b..., userDataDir: C:\Users\swapnili\AppData\L...}, fedcm:accounts: true, goog:chromeOptions: {debuggerAddress: localhost:57006}, javascriptEnabled: true, networkConnectionEnabled: false, pageLoadStrategy: normal, platform: WINDOWS, platformName: WINDOWS, proxy: Proxy(), setWindowRect: true, strictFileInteractability: false, timeouts: {implicit: 0, pageLoad: 300000, script: 30000}, unhandledPromptBehavior: dismiss and notify, webauthn:extension:credBlob: true, webauthn:extension:largeBlob: true, webauthn:extension:minPinLength: true, webauthn:extension:prf: true, webauthn:virtualAuthenticators: true}
Session ID: ed0bcfc4f6ada6715132de685488c191
*** Element info: {Using=xpath, value=//a[@aria-label='Topics']}
	at org.openqa.selenium.remote.http.W3CHttpResponseCodec.createException(W3CHttpResponseCodec.java:187)
	at org.openqa.selenium.remote.http.W3CHttpResponseCodec.decode(W3CHttpResponseCodec.java:122)
	at org.openqa.selenium.remote.http.W3CHttpResponseCodec.decode(W3CHttpResponseCodec.java:49)
	at org.openqa.selenium.remote.HttpCommandExecutor.execute(HttpCommandExecutor.java:158)
	at org.openqa.selenium.remote.service.DriverCommandExecutor.execute(DriverCommandExecutor.java:83)
	at org.openqa.selenium.remote.RemoteWebDriver.execute(RemoteWebDriver.java:552)
	at org.openqa.selenium.remote.RemoteWebDriver.findElement(RemoteWebDriver.java:323)
	at org.openqa.selenium.remote.RemoteWebDriver.findElementByXPath(RemoteWebDriver.java:428)
	at org.openqa.selenium.By$ByXPath.findElement(By.java:353)
	at org.openqa.selenium.remote.RemoteWebDriver.findElement(RemoteWebDriver.java:315)
	at org.openqa.selenium.support.ui.ExpectedConditions$7.apply(ExpectedConditions.java:205)
	at org.openqa.selenium.support.ui.ExpectedConditions$7.apply(ExpectedConditions.java:201)
	at org.openqa.selenium.support.ui.ExpectedConditions$22.apply(ExpectedConditions.java:641)
	at org.openqa.selenium.support.ui.ExpectedConditions$22.apply(ExpectedConditions.java:638)
	at org.openqa.selenium.support.ui.FluentWait.until(FluentWait.java:249)
	... 26 more
... Removed 28 stack frames]]>
    </failure>
  </testcase> <!-- TS009_VerifyEventsFiltersFunctionalityInGlobalSearchTest -->
  <testcase name="TS010_VerifyShowSpecialsOverviewInGlobalSearchTest" time="38.801" classname="lasvegasmarket_PROD.GlobalSearch_SearchFor"/>
  <testcase name="TS011_VerifyEventsOverviewInGlobalSearchTest" time="51.783" classname="lasvegasmarket_PROD.GlobalSearch_SearchFor">
    <failure type="org.openqa.selenium.TimeoutException" message="Expected condition failed: waiting for visibility of element located by By.xpath: (//span[contains(@class,&amp;apos;imc-eventcard__title&amp;apos;)])[1] (tried for 30 second(s) with 500 milliseconds interval)">
      <![CDATA[org.openqa.selenium.TimeoutException: Expected condition failed: waiting for visibility of element located by By.xpath: (//span[contains(@class,'imc-eventcard__title')])[1] (tried for 30 second(s) with 500 milliseconds interval)
	at org.openqa.selenium.support.ui.WebDriverWait.timeoutException(WebDriverWait.java:95)
	at org.openqa.selenium.support.ui.FluentWait.until(FluentWait.java:272)
	at pageObjects.LasVegasMarket.LVMExhLineProdActionsPage.getEventCardTitleNex(LVMExhLineProdActionsPage.java:401)
	at lasvegasmarket_PROD.GlobalSearch_SearchFor.TS011_VerifyEventsOverviewInGlobalSearchTest(GlobalSearch_SearchFor.java:939)
Caused by: org.openqa.selenium.NoSuchElementException: no such element: Unable to locate element: {"method":"xpath","selector":"(//span[contains(@class,'imc-eventcard__title')])[1]"}
  (Session info: chrome=117.0.5938.132)
For documentation on this error, please visit: https://www.seleniumhq.org/exceptions/no_such_element.html
Build info: version: '3.141.59', revision: 'e82be7d358', time: '2018-11-14T08:25:48'
System info: host: 'EON-SWAPNILI', ip: '172.22.22.78', os.name: 'Windows 10', os.arch: 'amd64', os.version: '10.0', java.version: '1.8.0_311'
Driver info: org.openqa.selenium.chrome.ChromeDriver
Capabilities {acceptInsecureCerts: false, browserName: chrome, browserVersion: 117.0.5938.132, chrome: {chromedriverVersion: 117.0.5938.92 (67649b10b92b..., userDataDir: C:\Users\swapnili\AppData\L...}, fedcm:accounts: true, goog:chromeOptions: {debuggerAddress: localhost:57006}, javascriptEnabled: true, networkConnectionEnabled: false, pageLoadStrategy: normal, platform: WINDOWS, platformName: WINDOWS, proxy: Proxy(), setWindowRect: true, strictFileInteractability: false, timeouts: {implicit: 0, pageLoad: 300000, script: 30000}, unhandledPromptBehavior: dismiss and notify, webauthn:extension:credBlob: true, webauthn:extension:largeBlob: true, webauthn:extension:minPinLength: true, webauthn:extension:prf: true, webauthn:virtualAuthenticators: true}
Session ID: ed0bcfc4f6ada6715132de685488c191
*** Element info: {Using=xpath, value=(//span[contains(@class,'imc-eventcard__title')])[1]}
	at org.openqa.selenium.remote.http.W3CHttpResponseCodec.createException(W3CHttpResponseCodec.java:187)
	at org.openqa.selenium.remote.http.W3CHttpResponseCodec.decode(W3CHttpResponseCodec.java:122)
	at org.openqa.selenium.remote.http.W3CHttpResponseCodec.decode(W3CHttpResponseCodec.java:49)
	at org.openqa.selenium.remote.HttpCommandExecutor.execute(HttpCommandExecutor.java:158)
	at org.openqa.selenium.remote.service.DriverCommandExecutor.execute(DriverCommandExecutor.java:83)
	at org.openqa.selenium.remote.RemoteWebDriver.execute(RemoteWebDriver.java:552)
	at org.openqa.selenium.remote.RemoteWebDriver.findElement(RemoteWebDriver.java:323)
	at org.openqa.selenium.remote.RemoteWebDriver.findElementByXPath(RemoteWebDriver.java:428)
	at org.openqa.selenium.By$ByXPath.findElement(By.java:353)
	at org.openqa.selenium.remote.RemoteWebDriver.findElement(RemoteWebDriver.java:315)
	at org.openqa.selenium.support.ui.ExpectedConditions$7.apply(ExpectedConditions.java:205)
	at org.openqa.selenium.support.ui.ExpectedConditions$7.apply(ExpectedConditions.java:201)
	at org.openqa.selenium.support.ui.FluentWait.until(FluentWait.java:249)
	... 26 more
... Removed 28 stack frames]]>
    </failure>
  </testcase> <!-- TS011_VerifyEventsOverviewInGlobalSearchTest -->
  <testcase name="TS003_VerifyInformationFiltersFunctionalityInGlobalSearchTest" time="94.367" classname="lasvegasmarket_PROD.GlobalSearch_SearchFor"/>
  <testcase name="TS001_VerifyViewBrandDetailsLinkForShowSpecialsTest" time="22.454" classname="lasvegasmarket_PROD.ShowSpecials"/>
  <testcase name="TS002_VerifyShowroomLinkForShowSpecialsTest" time="20.706" classname="lasvegasmarket_PROD.ShowSpecials"/>
  <testcase name="TS001_VerifyLineDigitalShowroomHeroComponentShownByExhibitorNamaeTest" time="11.169" classname="lasvegasmarket_PROD.LineDigitalShowroom"/>
  <testcase name="TS002_VerifyLineDigitalShowroomHeroComponentLocationLinksTest" time="16.919" classname="lasvegasmarket_PROD.LineDigitalShowroom"/>
  <testcase name="TS007_VerifyLineDigitalShowroomHeroComponentProductsComponentCountTest" time="23.336" classname="lasvegasmarket_PROD.LineDigitalShowroom"/>
  <testcase name="TS008_VerifyLineDigitalShowroomProductscomponentTest" time="25.843" classname="lasvegasmarket_PROD.LineDigitalShowroom"/>
  <testcase name="TS010_VerifyLineDigitalShowroomProductscomponentSeeAllProductsTest" time="18.623" classname="lasvegasmarket_PROD.LineDigitalShowroom"/>
  <testcase name="TS011_VerifyLineDigitalShowroomProductscomponentSelectProductTest" time="46.935" classname="lasvegasmarket_PROD.LineDigitalShowroom"/>
  <testcase name="TS004_VerifyClickOnContactExhIconForExhibitorTest" time="14.696" classname="lasvegasmarket_PROD.GlobalSearch_ExhibitorActions"/>
  <testcase name="TS005_VerifyClickOnLocationLinksForExhibitorTest" time="31.836" classname="lasvegasmarket_PROD.GlobalSearch_ExhibitorActions"/>
  <testcase name="TS006_VerifyClickOnLinesShownLinkForExhibitorTest" time="44.066" classname="lasvegasmarket_PROD.GlobalSearch_ExhibitorActions"/>
  <testcase name="TS007_VerifyClickOnTotalProductsSeeAllLinkForExhibitorTest" time="39.811" classname="lasvegasmarket_PROD.GlobalSearch_ExhibitorActions">
    <failure type="java.lang.AssertionError" message="expected [78095] but found [331735]">
      <![CDATA[java.lang.AssertionError: expected [78095] but found [331735]
	at lasvegasmarket_PROD.GlobalSearch_ExhibitorActions.TS007_VerifyClickOnTotalProductsSeeAllLinkForExhibitorTest(GlobalSearch_ExhibitorActions.java:407)
... Removed 29 stack frames]]>
    </failure>
  </testcase> <!-- TS007_VerifyClickOnTotalProductsSeeAllLinkForExhibitorTest -->
  <testcase name="TS008_VerifyClickOnMatchingProductsSeeAllLinkForExhibitorTest" time="38.599" classname="lasvegasmarket_PROD.GlobalSearch_ExhibitorActions"/>
  <testcase name="TS010_VerifySelectionOfExhibitorFromSearchResultsTest" time="36.701" classname="lasvegasmarket_PROD.GlobalSearch_ExhibitorActions"/>
  <testcase name="TS001_VerifySelectionOfExhibitorFromAutoSuggestionListTest" time="18.55" classname="lasvegasmarket_PROD.GlobalSearch_SuggestionList"/>
  <testcase name="TS002_VerifySelectionOfLineFromAutoSuggestionListTest" time="14.127" classname="lasvegasmarket_PROD.GlobalSearch_SuggestionList"/>
  <testcase name="TS003_VerifySelectionOfProductFromAutoSuggestionListTest" time="19.149" classname="lasvegasmarket_PROD.GlobalSearch_SuggestionList"/>
</testsuite> <!-- RegressionTest -->
