<?xml version="1.0" encoding="UTF-8"?>
<!-- Generated by org.testng.reporters.JUnitXMLReporter -->
<testsuite hostname="eon-swapnili" name="RegressionTest" tests="1" failures="1" timestamp="6 Apr 2023 15:02:16 GMT" time="0.031" errors="0">
  <testcase name="TS009_VerifySelectionOfExhibitorFromSearchResultsTest" time="0.02" classname="MPTest.MPTest">
    <failure type="java.lang.NullPointerException">
      <![CDATA[java.lang.NullPointerException
	at MPTest.MPTest.TS009_VerifySelectionOfExhibitorFromSearchResultsTest(MPTest.java:240)
... Removed 24 stack frames]]>
    </failure>
  </testcase> <!-- TS009_VerifySelectionOfExhibitorFromSearchResultsTest -->
</testsuite> <!-- RegressionTest -->
