<?xml version="1.0" encoding="UTF-8"?>
<!-- Generated by org.testng.reporters.JUnitXMLReporter -->
<testsuite hostname="Anuppa-VD3" name="RegressionTest" tests="1" failures="1" timestamp="28 Mar 2023 12:18:59 GMT" time="122.12" errors="0">
  <testcase name="TS005_VerifyIMCEventsEventDetailstTest" time="63.241" classname="lasvegasmarket_PROD.EvenntsAndWebinar">
    <failure type="java.lang.AssertionError" message="expected [true] but found [false]">
      <![CDATA[java.lang.AssertionError: expected [true] but found [false]
	at lasvegasmarket_PROD.EvenntsAndWebinar.TS005_VerifyIMCEventsEventDetailstTest(EvenntsAndWebinar.java:449)
... Removed 28 stack frames]]>
    </failure>
  </testcase> <!-- TS005_VerifyIMCEventsEventDetailstTest -->
</testsuite> <!-- RegressionTest -->
