<?xml version="1.0" encoding="UTF-8"?>
<!-- Generated by org.testng.reporters.JUnitXMLReporter -->
<testsuite hostname="Anuppa-VD3" name="RegressionTest" tests="1" failures="1" timestamp="7 Apr 2023 10:33:50 GMT" time="85.715" errors="0">
  <testcase name="TS014_VerifyExhibitorDigitalShowroomCatalogsComponentOrderOnJuniperMarketTest" time="30.974" classname="lasvegasmarket_PROD.ExhibitorDigitalShowroom">
    <failure type="java.lang.NullPointerException">
      <![CDATA[java.lang.NullPointerException
	at java.lang.String.contains(Unknown Source)
	at lasvegasmarket_PROD.ExhibitorDigitalShowroom.TS014_VerifyExhibitorDigitalShowroomCatalogsComponentOrderOnJuniperMarketTest(ExhibitorDigitalShowroom.java:626)
... Removed 24 stack frames]]>
    </failure>
  </testcase> <!-- TS014_VerifyExhibitorDigitalShowroomCatalogsComponentOrderOnJuniperMarketTest -->
</testsuite> <!-- RegressionTest -->
