<?xml version="1.0" encoding="UTF-8"?>
<!-- Generated by org.testng.reporters.JUnitXMLReporter -->

<testsuite hostname="Anuppa-VD3" name="RegressionTest" tests="1" failures="0" timestamp="22 Mar 2023 08:47:24 GMT" time="76.722" errors="0">
  <testcase name="TS002_VerifyIMCEventsSearchbarTest" time="12.482" classname="lasvegasmarket_PROD.EvenntsAndWebinar"/>

<testsuite hostname="eon-swapnili" name="RegressionTest" tests="1" failures="0" timestamp="20 Mar 2023 12:27:54 GMT" time="156.228" errors="0">
  <testcase name="TS005_VerifyAddNoteOnProductDetailsPageTest" time="57.322" classname="lasvegasmarket_UAT.GlobalSearch_ProductActions"/>

</testsuite> <!-- RegressionTest -->
