<?xml version="1.0" encoding="UTF-8"?>
<!-- Generated by org.testng.reporters.JUnitXMLReporter -->
<testsuite hostname="Anuppa-VD3" ignored="1" name="RegressionTest" tests="2" failures="0" timestamp="10 Jul 2024 11:12:52 GMT" time="113.1" errors="0">
  <testcase name="TS001_VerifyViewBrandDetailsLinkForShowSpecialsTest" time="42.287" classname="atlantamarket_PROD.ShowSpecials"/>
  <testcase name="TS002_VerifyLocationLinksForShowSpecialsTest" time="20.786" classname="atlantamarket_PROD.ShowSpecials"/>
  <testcase name="verifyMPLoginFunctionality" time="0.0" classname="atlantamarket_PROD.ShowSpecials">
    <ignored/>
  </testcase> <!-- verifyMPLoginFunctionality -->
</testsuite> <!-- RegressionTest -->
