<?xml version="1.0" encoding="UTF-8"?>
<!-- Generated by org.testng.reporters.JUnitXMLReporter -->
<testsuite ignored="23" hostname="CVC2446" failures="11" tests="60" name="RegressionTest" time="3777.514" errors="0" timestamp="2025-02-13T17:36:07 IST">
  <testcase classname="lasvegasmarket_PROD.ExhibitorDigitalShowroom" name="TS001_VerifyClickOnLocationLinksForExhibitorDigitalShowroomTest" time="34.236"/>
  <testcase classname="lasvegasmarket_PROD.ExhibitorDigitalShowroom" name="TS002_VerifyClickOnTotalLinesSeeAllLinesForExhibitorTest" time="120.542"/>
  <testcase classname="lasvegasmarket_PROD.ExhibitorDigitalShowroom" name="TS003_VerifyClickOnProductShownLinkForExhibitorTest" time="99.127"/>
  <testcase classname="lasvegasmarket_PROD.ExhibitorDigitalShowroom" name="TS004_VerifyClickOnLineFiltersForExhibitorTest" time="92.6"/>
  <testcase classname="lasvegasmarket_PROD.ExhibitorDigitalShowroom" name="TS005_VerifyClickOnLineSearchForExhibitorTest" time="91.799"/>
  <testcase classname="lasvegasmarket_PROD.ExhibitorDigitalShowroom" name="TS008_VerifySeeInOtherMarketsForExhibitorTest" time="134.526">
    <failure type="org.openqa.selenium.TimeoutException" message="Expected condition failed: waiting for visibility of element located by By.xpath: //button[@class = &amp;apos;imc-button imc-button--full-bleed-mobile imc-button--primary-inverted imc-margin--all--none&amp;apos;] (tried for 40 second(s) with 500 milliseconds interval)
Build info: version: &amp;apos;4.25.0&amp;apos;, revision: &amp;apos;8a8aea2337&amp;apos;
System info: os.name: &amp;apos;Windows 11&amp;apos;, os.arch: &amp;apos;amd64&amp;apos;, os.version: &amp;apos;10.0&amp;apos;, java.version: &amp;apos;21.0.3&amp;apos;
Driver info: org.openqa.selenium.chrome.ChromeDriver
Capabilities {acceptInsecureCerts: false, browserName: chrome, browserVersion: 132.0.6834.196, chrome: {chromedriverVersion: 132.0.6834.159 (2d77d3fc445..., userDataDir: C:\Users\swapnili\AppData\L...}, fedcm:accounts: true, goog:chromeOptions: {debuggerAddress: localhost:54345}, networkConnectionEnabled: false, pageLoadStrategy: normal, platformName: windows, proxy: Proxy(), se:cdp: ws://localhost:54345/devtoo..., se:cdpVersion: 132.0.6834.196, setWindowRect: true, strictFileInteractability: false, timeouts: {implicit: 0, pageLoad: 300000, script: 30000}, unhandledPromptBehavior: dismiss and notify, webauthn:extension:credBlob: true, webauthn:extension:largeBlob: true, webauthn:extension:minPinLength: true, webauthn:extension:prf: true, webauthn:virtualAuthenticators: true}
Session ID: c34929fad80a1971a8b7570c2790d35f">
      <![CDATA[org.openqa.selenium.TimeoutException: Expected condition failed: waiting for visibility of element located by By.xpath: //button[@class = 'imc-button imc-button--full-bleed-mobile imc-button--primary-inverted imc-margin--all--none'] (tried for 40 second(s) with 500 milliseconds interval)
Build info: version: '4.25.0', revision: '8a8aea2337'
System info: os.name: 'Windows 11', os.arch: 'amd64', os.version: '10.0', java.version: '21.0.3'
Driver info: org.openqa.selenium.chrome.ChromeDriver
Capabilities {acceptInsecureCerts: false, browserName: chrome, browserVersion: 132.0.6834.196, chrome: {chromedriverVersion: 132.0.6834.159 (2d77d3fc445..., userDataDir: C:\Users\swapnili\AppData\L...}, fedcm:accounts: true, goog:chromeOptions: {debuggerAddress: localhost:54345}, networkConnectionEnabled: false, pageLoadStrategy: normal, platformName: windows, proxy: Proxy(), se:cdp: ws://localhost:54345/devtoo..., se:cdpVersion: 132.0.6834.196, setWindowRect: true, strictFileInteractability: false, timeouts: {implicit: 0, pageLoad: 300000, script: 30000}, unhandledPromptBehavior: dismiss and notify, webauthn:extension:credBlob: true, webauthn:extension:largeBlob: true, webauthn:extension:minPinLength: true, webauthn:extension:prf: true, webauthn:virtualAuthenticators: true}
Session ID: c34929fad80a1971a8b7570c2790d35f
at org.openqa.selenium.support.ui.WebDriverWait.timeoutException(WebDriverWait.java:84)
at org.openqa.selenium.support.ui.FluentWait.until(FluentWait.java:228)
at pageObjects.LasVegasMarket.LVMExhDigiShowroomPage.getSeeInOtherMarket(LVMExhDigiShowroomPage.java:592)
at lasvegasmarket_PROD.ExhibitorDigitalShowroom.TS008_VerifySeeInOtherMarketsForExhibitorTest(ExhibitorDigitalShowroom.java:510)
at java.base/java.util.ArrayList.forEach(ArrayList.java:1596)
... Removed 25 stack frames]]>
    </failure>
  </testcase> <!-- TS008_VerifySeeInOtherMarketsForExhibitorTest -->
  <testcase classname="lasvegasmarket_PROD.ExhibitorDigitalShowroom" name="TS007_VerifyExhibitorDigitalShowroomProductsComponentSeeAllProductsTest" time="73.386"/>
  <testcase classname="lasvegasmarket_PROD.ExhibitorDigitalShowroom" name="TS006_VerifyExhibitorDigitalShowroomLinesComponentSeeAllLinesTest" time="82.488"/>
  <testcase classname="lasvegasmarket_PROD.ExhibitorDigitalShowroom" name="TS009_VerifyExhibitorDigitalShowroomCatalogsComponentSeeAllCatalogsTest" time="110.847"/>
  <testcase classname="lasvegasmarket_PROD.ExhibitorDigitalShowroom" name="TS012_VerifyExhibitorDigitalEventsComponentTest" time="151.786">
    <failure type="org.openqa.selenium.TimeoutException" message="Expected condition failed: waiting for element to be clickable: By.xpath: //div[@class=&amp;apos;event-card--tab&amp;apos;]/p[3] (tried for 60 second(s) with 500 milliseconds interval)
Build info: version: &amp;apos;4.25.0&amp;apos;, revision: &amp;apos;8a8aea2337&amp;apos;
System info: os.name: &amp;apos;Windows 11&amp;apos;, os.arch: &amp;apos;amd64&amp;apos;, os.version: &amp;apos;10.0&amp;apos;, java.version: &amp;apos;21.0.3&amp;apos;
Driver info: org.openqa.selenium.chrome.ChromeDriver
Capabilities {acceptInsecureCerts: false, browserName: chrome, browserVersion: 132.0.6834.196, chrome: {chromedriverVersion: 132.0.6834.159 (2d77d3fc445..., userDataDir: C:\Users\swapnili\AppData\L...}, fedcm:accounts: true, goog:chromeOptions: {debuggerAddress: localhost:54345}, networkConnectionEnabled: false, pageLoadStrategy: normal, platformName: windows, proxy: Proxy(), se:cdp: ws://localhost:54345/devtoo..., se:cdpVersion: 132.0.6834.196, setWindowRect: true, strictFileInteractability: false, timeouts: {implicit: 0, pageLoad: 300000, script: 30000}, unhandledPromptBehavior: dismiss and notify, webauthn:extension:credBlob: true, webauthn:extension:largeBlob: true, webauthn:extension:minPinLength: true, webauthn:extension:prf: true, webauthn:virtualAuthenticators: true}
Session ID: c34929fad80a1971a8b7570c2790d35f">
      <![CDATA[org.openqa.selenium.TimeoutException: Expected condition failed: waiting for element to be clickable: By.xpath: //div[@class='event-card--tab']/p[3] (tried for 60 second(s) with 500 milliseconds interval)
Build info: version: '4.25.0', revision: '8a8aea2337'
System info: os.name: 'Windows 11', os.arch: 'amd64', os.version: '10.0', java.version: '21.0.3'
Driver info: org.openqa.selenium.chrome.ChromeDriver
Capabilities {acceptInsecureCerts: false, browserName: chrome, browserVersion: 132.0.6834.196, chrome: {chromedriverVersion: 132.0.6834.159 (2d77d3fc445..., userDataDir: C:\Users\swapnili\AppData\L...}, fedcm:accounts: true, goog:chromeOptions: {debuggerAddress: localhost:54345}, networkConnectionEnabled: false, pageLoadStrategy: normal, platformName: windows, proxy: Proxy(), se:cdp: ws://localhost:54345/devtoo..., se:cdpVersion: 132.0.6834.196, setWindowRect: true, strictFileInteractability: false, timeouts: {implicit: 0, pageLoad: 300000, script: 30000}, unhandledPromptBehavior: dismiss and notify, webauthn:extension:credBlob: true, webauthn:extension:largeBlob: true, webauthn:extension:minPinLength: true, webauthn:extension:prf: true, webauthn:virtualAuthenticators: true}
Session ID: c34929fad80a1971a8b7570c2790d35f
at org.openqa.selenium.support.ui.WebDriverWait.timeoutException(WebDriverWait.java:84)
at org.openqa.selenium.support.ui.FluentWait.until(FluentWait.java:228)
at pageObjects.LasVegasMarket.LVMGlobalSearchPage.getLvmExhibitorEvents(LVMGlobalSearchPage.java:301)
at lasvegasmarket_PROD.ExhibitorDigitalShowroom.TS012_VerifyExhibitorDigitalEventsComponentTest(ExhibitorDigitalShowroom.java:739)
at java.base/java.util.ArrayList.forEach(ArrayList.java:1596)
... Removed 25 stack frames]]>
    </failure>
  </testcase> <!-- TS012_VerifyExhibitorDigitalEventsComponentTest -->
  <testcase classname="lasvegasmarket_PROD.ExhibitorDigitalShowroom" name="TS011_VerifyExhibitorDigitalShowroomHeroComponentView3DShowroomTest" time="77.565"/>
  <testcase classname="lasvegasmarket_PROD.ExhibitorDigitalShowroom" name="TS010_VerifyExhibitorDigitalShowroomHeroComponentVisitExhibitorsiteTest" time="88.827"/>
  <testcase classname="lasvegasmarket_PROD.ExhibitorDigitalShowroom" name="TS014_VerifyExhibitorDigitalShowroomShowSpecialsTest" time="103.815"/>
  <testcase classname="lasvegasmarket_PROD.ExhibitorDigitalShowroom" name="TS013_VerifyCatalogsSectionForExhibitorTest" time="86.969">
    <failure type="org.openqa.selenium.ElementClickInterceptedException" message="element click intercepted: Element is not clickable at point (233, 1050)
  (Session info: chrome=132.0.6834.196)
Build info: version: &amp;apos;4.25.0&amp;apos;, revision: &amp;apos;8a8aea2337&amp;apos;
System info: os.name: &amp;apos;Windows 11&amp;apos;, os.arch: &amp;apos;amd64&amp;apos;, os.version: &amp;apos;10.0&amp;apos;, java.version: &amp;apos;21.0.3&amp;apos;
Driver info: org.openqa.selenium.chrome.ChromeDriver
Command: [c34929fad80a1971a8b7570c2790d35f, clickElement {id=f.F394D1DF2279236F68083AAD0DE3DB49.d.CC15FDB877E1539AE40E6DCB2A4C6EE4.e.6829}]
Capabilities {acceptInsecureCerts: false, browserName: chrome, browserVersion: 132.0.6834.196, chrome: {chromedriverVersion: 132.0.6834.159 (2d77d3fc445..., userDataDir: C:\Users\swapnili\AppData\L...}, fedcm:accounts: true, goog:chromeOptions: {debuggerAddress: localhost:54345}, networkConnectionEnabled: false, pageLoadStrategy: normal, platformName: windows, proxy: Proxy(), se:cdp: ws://localhost:54345/devtoo..., se:cdpVersion: 132.0.6834.196, setWindowRect: true, strictFileInteractability: false, timeouts: {implicit: 0, pageLoad: 300000, script: 30000}, unhandledPromptBehavior: dismiss and notify, webauthn:extension:credBlob: true, webauthn:extension:largeBlob: true, webauthn:extension:minPinLength: true, webauthn:extension:prf: true, webauthn:virtualAuthenticators: true}
Element: [[ChromeDriver: chrome on windows (c34929fad80a1971a8b7570c2790d35f)] -&amp;gt; xpath: //h4[contains(text(),&amp;apos;Digital Showroom&amp;apos;)]]
Session ID: c34929fad80a1971a8b7570c2790d35f">
      <![CDATA[org.openqa.selenium.ElementClickInterceptedException: element click intercepted: Element is not clickable at point (233, 1050)
  (Session info: chrome=132.0.6834.196)
Build info: version: '4.25.0', revision: '8a8aea2337'
System info: os.name: 'Windows 11', os.arch: 'amd64', os.version: '10.0', java.version: '21.0.3'
Driver info: org.openqa.selenium.chrome.ChromeDriver
Command: [c34929fad80a1971a8b7570c2790d35f, clickElement {id=f.F394D1DF2279236F68083AAD0DE3DB49.d.CC15FDB877E1539AE40E6DCB2A4C6EE4.e.6829}]
Capabilities {acceptInsecureCerts: false, browserName: chrome, browserVersion: 132.0.6834.196, chrome: {chromedriverVersion: 132.0.6834.159 (2d77d3fc445..., userDataDir: C:\Users\swapnili\AppData\L...}, fedcm:accounts: true, goog:chromeOptions: {debuggerAddress: localhost:54345}, networkConnectionEnabled: false, pageLoadStrategy: normal, platformName: windows, proxy: Proxy(), se:cdp: ws://localhost:54345/devtoo..., se:cdpVersion: 132.0.6834.196, setWindowRect: true, strictFileInteractability: false, timeouts: {implicit: 0, pageLoad: 300000, script: 30000}, unhandledPromptBehavior: dismiss and notify, webauthn:extension:credBlob: true, webauthn:extension:largeBlob: true, webauthn:extension:minPinLength: true, webauthn:extension:prf: true, webauthn:virtualAuthenticators: true}
Element: [[ChromeDriver: chrome on windows (c34929fad80a1971a8b7570c2790d35f)] -> xpath: //h4[contains(text(),'Digital Showroom')]]
Session ID: c34929fad80a1971a8b7570c2790d35f
at org.openqa.selenium.remote.ErrorCodec.decode(ErrorCodec.java:167)
at org.openqa.selenium.remote.codec.w3c.W3CHttpResponseCodec.decode(W3CHttpResponseCodec.java:138)
at org.openqa.selenium.remote.codec.w3c.W3CHttpResponseCodec.decode(W3CHttpResponseCodec.java:50)
at org.openqa.selenium.remote.HttpCommandExecutor.execute(HttpCommandExecutor.java:190)
at org.openqa.selenium.remote.service.DriverCommandExecutor.invokeExecute(DriverCommandExecutor.java:216)
at org.openqa.selenium.remote.service.DriverCommandExecutor.execute(DriverCommandExecutor.java:174)
at org.openqa.selenium.remote.RemoteWebDriver.execute(RemoteWebDriver.java:545)
at org.openqa.selenium.remote.RemoteWebElement.execute(RemoteWebElement.java:223)
at org.openqa.selenium.remote.RemoteWebElement.click(RemoteWebElement.java:76)
at lasvegasmarket_PROD.ExhibitorDigitalShowroom.TS013_VerifyCatalogsSectionForExhibitorTest(ExhibitorDigitalShowroom.java:798)
at java.base/java.util.ArrayList.forEach(ArrayList.java:1596)
... Removed 28 stack frames]]>
    </failure>
  </testcase> <!-- TS013_VerifyCatalogsSectionForExhibitorTest -->
  <testcase classname="lasvegasmarket_PROD.ExhibitorDigitalShowroom" name="TS015_VerifyExhibitorDigitalShowroomHeroComponentContactExhibitorTest" time="79.156"/>
  <testcase classname="lasvegasmarket_PROD.FloorPlans" name="TS001_VerifyNavigationToDifferentFloorBuildingsTest" time="23.139"/>
  <testcase classname="lasvegasmarket_PROD.FloorPlans" name="TS002_VerifyNoExhibitorsOnThisFloorMessageTest" time="17.123"/>
  <testcase classname="lasvegasmarket_PROD.FloorPlans" name="TS003_VerifyZoomInOutLevelOnFloorPlansPageTest" time="30.285"/>
  <testcase classname="lasvegasmarket_PROD.FloorPlans" name="TS004_VerifyIconsOnFloorPlansPageTest" time="21.008"/>
  <testcase classname="lasvegasmarket_PROD.FloorPlans" name="TS005_VerifyFunctionalityOfFiltersOFloorPlansPageTest" time="51.064"/>
  <testcase classname="lasvegasmarket_PROD.FloorPlans" name="TS006_VerifyPaginationOnFloorPlansPageTest" time="29.926"/>
  <testcase classname="lasvegasmarket_PROD.FloorPlans" name="TS007_VerifySelectionOfExhibitorOnFloorPlansPageTest" time="43.34"/>
  <testcase classname="lasvegasmarket_PROD.FloorPlans" name="TS008_VerifyClickOnReturnToBuildingListBtnTest" time="18.043"/>
  <testcase classname="lasvegasmarket_PROD.FloorPlans" name="TS009_VerifySearchFunctionalityForExhListOnFloorPlansPageTest" time="57.693"/>
  <testcase classname="lasvegasmarket_PROD.GlobalSearch_ExhibitorActions" name="TS001_VerifyClickOnContactExhIconForExhibitorTest" time="23.645"/>
  <testcase classname="lasvegasmarket_PROD.GlobalSearch_ExhibitorActions" name="TS002_VerifyClickOnLocationLinksForExhibitorTest" time="29.478"/>
  <testcase classname="lasvegasmarket_PROD.GlobalSearch_ExhibitorActions" name="TS003_VerifyClickOnLinesShownLinkForExhibitorTest" time="37.485"/>
  <testcase classname="lasvegasmarket_PROD.GlobalSearch_ExhibitorActions" name="TS004_VerifyClickOnTotalProductsSeeAllLinkForExhibitorTest" time="65.685">
    <failure type="org.openqa.selenium.TimeoutException" message="Expected condition failed: waiting for visibility of element located by By.xpath: //div[@class=&amp;apos;imc-gallery__item imc-content--full-width&amp;apos;]/div[2]/div[1]/div[1]/div[2]/div/span/a/span (tried for 30 second(s) with 500 milliseconds interval)
Build info: version: &amp;apos;4.25.0&amp;apos;, revision: &amp;apos;8a8aea2337&amp;apos;
System info: os.name: &amp;apos;Windows 11&amp;apos;, os.arch: &amp;apos;amd64&amp;apos;, os.version: &amp;apos;10.0&amp;apos;, java.version: &amp;apos;21.0.3&amp;apos;
Driver info: org.openqa.selenium.chrome.ChromeDriver
Capabilities {acceptInsecureCerts: false, browserName: chrome, browserVersion: 132.0.6834.196, chrome: {chromedriverVersion: 132.0.6834.159 (2d77d3fc445..., userDataDir: C:\Users\swapnili\AppData\L...}, fedcm:accounts: true, goog:chromeOptions: {debuggerAddress: localhost:56600}, networkConnectionEnabled: false, pageLoadStrategy: normal, platformName: windows, proxy: Proxy(), se:cdp: ws://localhost:56600/devtoo..., se:cdpVersion: 132.0.6834.196, setWindowRect: true, strictFileInteractability: false, timeouts: {implicit: 0, pageLoad: 300000, script: 30000}, unhandledPromptBehavior: dismiss and notify, webauthn:extension:credBlob: true, webauthn:extension:largeBlob: true, webauthn:extension:minPinLength: true, webauthn:extension:prf: true, webauthn:virtualAuthenticators: true}
Session ID: 38df4db793079202a3a2140a45b668be">
      <![CDATA[org.openqa.selenium.TimeoutException: Expected condition failed: waiting for visibility of element located by By.xpath: //div[@class='imc-gallery__item imc-content--full-width']/div[2]/div[1]/div[1]/div[2]/div/span/a/span (tried for 30 second(s) with 500 milliseconds interval)
Build info: version: '4.25.0', revision: '8a8aea2337'
System info: os.name: 'Windows 11', os.arch: 'amd64', os.version: '10.0', java.version: '21.0.3'
Driver info: org.openqa.selenium.chrome.ChromeDriver
Capabilities {acceptInsecureCerts: false, browserName: chrome, browserVersion: 132.0.6834.196, chrome: {chromedriverVersion: 132.0.6834.159 (2d77d3fc445..., userDataDir: C:\Users\swapnili\AppData\L...}, fedcm:accounts: true, goog:chromeOptions: {debuggerAddress: localhost:56600}, networkConnectionEnabled: false, pageLoadStrategy: normal, platformName: windows, proxy: Proxy(), se:cdp: ws://localhost:56600/devtoo..., se:cdpVersion: 132.0.6834.196, setWindowRect: true, strictFileInteractability: false, timeouts: {implicit: 0, pageLoad: 300000, script: 30000}, unhandledPromptBehavior: dismiss and notify, webauthn:extension:credBlob: true, webauthn:extension:largeBlob: true, webauthn:extension:minPinLength: true, webauthn:extension:prf: true, webauthn:virtualAuthenticators: true}
Session ID: 38df4db793079202a3a2140a45b668be
at org.openqa.selenium.support.ui.WebDriverWait.timeoutException(WebDriverWait.java:84)
at org.openqa.selenium.support.ui.FluentWait.until(FluentWait.java:228)
at pageObjects.AtlantaMarket.ATLExhLineProdActionsPage.getlvmTotalProductBtn(ATLExhLineProdActionsPage.java:149)
at lasvegasmarket_PROD.GlobalSearch_ExhibitorActions.TS004_VerifyClickOnTotalProductsSeeAllLinkForExhibitorTest(GlobalSearch_ExhibitorActions.java:238)
at java.base/java.util.ArrayList.forEach(ArrayList.java:1596)
... Removed 25 stack frames]]>
    </failure>
  </testcase> <!-- TS004_VerifyClickOnTotalProductsSeeAllLinkForExhibitorTest -->
  <testcase classname="lasvegasmarket_PROD.GlobalSearch_ExhibitorActions" name="TS005_VerifyClickOnMatchingProductsSeeAllLinkForExhibitorTest" time="33.273">
    <failure type="java.lang.AssertionError" message="expected [true] but found [false]">
      <![CDATA[java.lang.AssertionError: expected [true] but found [false]
at lasvegasmarket_PROD.GlobalSearch_ExhibitorActions.TS005_VerifyClickOnMatchingProductsSeeAllLinkForExhibitorTest(GlobalSearch_ExhibitorActions.java:306)
at java.base/java.util.ArrayList.forEach(ArrayList.java:1596)
... Removed 29 stack frames]]>
    </failure>
  </testcase> <!-- TS005_VerifyClickOnMatchingProductsSeeAllLinkForExhibitorTest -->
  <testcase classname="lasvegasmarket_PROD.GlobalSearch_ExhibitorActions" name="TS006_VerifySelectionOfExhibitorFromSearchResultsTest" time="47.614"/>
  <testcase classname="lasvegasmarket_PROD.GlobalSearch_LineActions" name="TS001_VerifyClickOnShownByExhibitorNameLinkForLineTest" time="31.147"/>
  <testcase classname="lasvegasmarket_PROD.GlobalSearch_LineActions" name="TS002_VerifyClickOnLocationLinkForLineTest" time="28.818"/>
  <testcase classname="lasvegasmarket_PROD.GlobalSearch_LineActions" name="TS003_VerifyClickOnMatchingProductsSeeAllLinkForLineTest" time="52.756">
    <failure type="java.lang.AssertionError" message="expected [] but found [3]">
      <![CDATA[java.lang.AssertionError: expected [] but found [3]
at lasvegasmarket_PROD.GlobalSearch_LineActions.TS003_VerifyClickOnMatchingProductsSeeAllLinkForLineTest(GlobalSearch_LineActions.java:214)
at java.base/java.util.ArrayList.forEach(ArrayList.java:1596)
... Removed 31 stack frames]]>
    </failure>
  </testcase> <!-- TS003_VerifyClickOnMatchingProductsSeeAllLinkForLineTest -->
  <testcase classname="lasvegasmarket_PROD.GlobalSearch_LineActions" name="TS004_VerifyClickOnTotalProductsSeeAllLinkForLineTest" time="48.131">
    <failure type="java.lang.AssertionError" message="expected [11] but found [3]">
      <![CDATA[java.lang.AssertionError: expected [11] but found [3]
at lasvegasmarket_PROD.GlobalSearch_LineActions.TS004_VerifyClickOnTotalProductsSeeAllLinkForLineTest(GlobalSearch_LineActions.java:282)
at java.base/java.util.ArrayList.forEach(ArrayList.java:1596)
... Removed 31 stack frames]]>
    </failure>
  </testcase> <!-- TS004_VerifyClickOnTotalProductsSeeAllLinkForLineTest -->
  <testcase classname="lasvegasmarket_PROD.GlobalSearch_MatchingResults" name="TS001_VerifyGlobalSearchContainsAndStartsWithTest" time="7.46"/>
  <testcase classname="lasvegasmarket_PROD.GlobalSearch_MatchingResults" name="TS002_VerifyGlobalSearchMatchingResultsSortWithinTest" time="37.991"/>
  <testcase classname="lasvegasmarket_PROD.GlobalSearch_MatchingResults" name="TS003_VerifyGlobalSearchMatchingResultsSortSortByTest" time="83.706">
    <failure type="org.openqa.selenium.TimeoutException" message="Expected condition failed: waiting for visibility of element located by By.xpath: //div[@class=&amp;apos;imc-exhibitorcard-title-row &amp;apos;]/div[1]/a[1]/h2 (tried for 40 second(s) with 500 milliseconds interval)
Build info: version: &amp;apos;4.25.0&amp;apos;, revision: &amp;apos;8a8aea2337&amp;apos;
System info: os.name: &amp;apos;Windows 11&amp;apos;, os.arch: &amp;apos;amd64&amp;apos;, os.version: &amp;apos;10.0&amp;apos;, java.version: &amp;apos;21.0.3&amp;apos;
Driver info: org.openqa.selenium.chrome.ChromeDriver
Capabilities {acceptInsecureCerts: false, browserName: chrome, browserVersion: 132.0.6834.196, chrome: {chromedriverVersion: 132.0.6834.159 (2d77d3fc445..., userDataDir: C:\Users\swapnili\AppData\L...}, fedcm:accounts: true, goog:chromeOptions: {debuggerAddress: localhost:57468}, networkConnectionEnabled: false, pageLoadStrategy: normal, platformName: windows, proxy: Proxy(), se:cdp: ws://localhost:57468/devtoo..., se:cdpVersion: 132.0.6834.196, setWindowRect: true, strictFileInteractability: false, timeouts: {implicit: 0, pageLoad: 300000, script: 30000}, unhandledPromptBehavior: dismiss and notify, webauthn:extension:credBlob: true, webauthn:extension:largeBlob: true, webauthn:extension:minPinLength: true, webauthn:extension:prf: true, webauthn:virtualAuthenticators: true}
Session ID: a8af943ddf1e51108d0a796d7722f5b9">
      <![CDATA[org.openqa.selenium.TimeoutException: Expected condition failed: waiting for visibility of element located by By.xpath: //div[@class='imc-exhibitorcard-title-row ']/div[1]/a[1]/h2 (tried for 40 second(s) with 500 milliseconds interval)
Build info: version: '4.25.0', revision: '8a8aea2337'
System info: os.name: 'Windows 11', os.arch: 'amd64', os.version: '10.0', java.version: '21.0.3'
Driver info: org.openqa.selenium.chrome.ChromeDriver
Capabilities {acceptInsecureCerts: false, browserName: chrome, browserVersion: 132.0.6834.196, chrome: {chromedriverVersion: 132.0.6834.159 (2d77d3fc445..., userDataDir: C:\Users\swapnili\AppData\L...}, fedcm:accounts: true, goog:chromeOptions: {debuggerAddress: localhost:57468}, networkConnectionEnabled: false, pageLoadStrategy: normal, platformName: windows, proxy: Proxy(), se:cdp: ws://localhost:57468/devtoo..., se:cdpVersion: 132.0.6834.196, setWindowRect: true, strictFileInteractability: false, timeouts: {implicit: 0, pageLoad: 300000, script: 30000}, unhandledPromptBehavior: dismiss and notify, webauthn:extension:credBlob: true, webauthn:extension:largeBlob: true, webauthn:extension:minPinLength: true, webauthn:extension:prf: true, webauthn:virtualAuthenticators: true}
Session ID: a8af943ddf1e51108d0a796d7722f5b9
at org.openqa.selenium.support.ui.WebDriverWait.timeoutException(WebDriverWait.java:84)
at org.openqa.selenium.support.ui.FluentWait.until(FluentWait.java:228)
at pageObjects.LasVegasMarket.LVMGlobalSearchPage.getlvmExhNames(LVMGlobalSearchPage.java:556)
at lasvegasmarket_PROD.GlobalSearch_MatchingResults.TS003_VerifyGlobalSearchMatchingResultsSortSortByTest(GlobalSearch_MatchingResults.java:290)
at java.base/java.util.ArrayList.forEach(ArrayList.java:1596)
... Removed 25 stack frames]]>
    </failure>
  </testcase> <!-- TS003_VerifyGlobalSearchMatchingResultsSortSortByTest -->
  <testcase classname="lasvegasmarket_PROD.GlobalSearch_MatchingResults" name="TS004_VerifyGlobalSearchMatchingResultsSortFilterByNameTest" time="29.654"/>
  <testcase classname="lasvegasmarket_PROD.GlobalSearch_ProductActions" name="TS001_VerifyClickOnProductSeeDetailsBtnOnSearchResultsGridTest" time="32.784"/>
  <testcase classname="lasvegasmarket_PROD.GlobalSearch_ProductActions" name="TS002_VerifyFullScreenViewerOnProductDetailsPageTest" time="33.468"/>
  <testcase classname="lasvegasmarket_PROD.GlobalSearch_SearchFor" name="TS001_VerifyInformationTabInGlobalSearchTest" time="23.751"/>
  <testcase classname="lasvegasmarket_PROD.GlobalSearch_SearchFor" name="TS002_VerifyInformationSearchFunctionalityInGlobalSearchTest" time="35.619"/>
  <testcase classname="lasvegasmarket_PROD.GlobalSearch_SearchFor" name="TS004_VerifyCatalogsOverviewInGlobalSearchTest" time="83.248"/>
  <testcase classname="lasvegasmarket_PROD.GlobalSearch_SearchFor" name="TS005_VerifyArticlesOverviewInGlobalSearchTest" time="50.336"/>
  <testcase classname="lasvegasmarket_PROD.GlobalSearch_SearchFor" name="TS005_VerifyArticlesFiltersGlobalSearchTest" time="140.116"/>
  <testcase classname="lasvegasmarket_PROD.GlobalSearch_SearchFor" name="TS007_VerifyArticlesSearchFunctionalityInGlobalSearchTest" time="53.649"/>
  <testcase classname="lasvegasmarket_PROD.GlobalSearch_SearchFor" name="TS008_VerifyEventsSearchFunctionalityInGlobalSearchTest" time="89.767">
    <failure type="org.openqa.selenium.TimeoutException" message="Expected condition failed: waiting for visibility of element located by By.xpath: //div[@class=&amp;apos;imc-vr--xxlarge imc-margin--top--large--mobile&amp;apos;]/div[1]/div[1]/span[1] (tried for 40 second(s) with 500 milliseconds interval)
Build info: version: &amp;apos;4.25.0&amp;apos;, revision: &amp;apos;8a8aea2337&amp;apos;
System info: os.name: &amp;apos;Windows 11&amp;apos;, os.arch: &amp;apos;amd64&amp;apos;, os.version: &amp;apos;10.0&amp;apos;, java.version: &amp;apos;21.0.3&amp;apos;
Driver info: org.openqa.selenium.chrome.ChromeDriver
Capabilities {acceptInsecureCerts: false, browserName: chrome, browserVersion: 132.0.6834.196, chrome: {chromedriverVersion: 132.0.6834.159 (2d77d3fc445..., userDataDir: C:\Users\swapnili\AppData\L...}, fedcm:accounts: true, goog:chromeOptions: {debuggerAddress: localhost:49514}, networkConnectionEnabled: false, pageLoadStrategy: normal, platformName: windows, proxy: Proxy(), se:cdp: ws://localhost:49514/devtoo..., se:cdpVersion: 132.0.6834.196, setWindowRect: true, strictFileInteractability: false, timeouts: {implicit: 0, pageLoad: 300000, script: 30000}, unhandledPromptBehavior: dismiss and notify, webauthn:extension:credBlob: true, webauthn:extension:largeBlob: true, webauthn:extension:minPinLength: true, webauthn:extension:prf: true, webauthn:virtualAuthenticators: true}
Session ID: bf82cbd8eb78e6a2bf18868cb4f15ea8">
      <![CDATA[org.openqa.selenium.TimeoutException: Expected condition failed: waiting for visibility of element located by By.xpath: //div[@class='imc-vr--xxlarge imc-margin--top--large--mobile']/div[1]/div[1]/span[1] (tried for 40 second(s) with 500 milliseconds interval)
Build info: version: '4.25.0', revision: '8a8aea2337'
System info: os.name: 'Windows 11', os.arch: 'amd64', os.version: '10.0', java.version: '21.0.3'
Driver info: org.openqa.selenium.chrome.ChromeDriver
Capabilities {acceptInsecureCerts: false, browserName: chrome, browserVersion: 132.0.6834.196, chrome: {chromedriverVersion: 132.0.6834.159 (2d77d3fc445..., userDataDir: C:\Users\swapnili\AppData\L...}, fedcm:accounts: true, goog:chromeOptions: {debuggerAddress: localhost:49514}, networkConnectionEnabled: false, pageLoadStrategy: normal, platformName: windows, proxy: Proxy(), se:cdp: ws://localhost:49514/devtoo..., se:cdpVersion: 132.0.6834.196, setWindowRect: true, strictFileInteractability: false, timeouts: {implicit: 0, pageLoad: 300000, script: 30000}, unhandledPromptBehavior: dismiss and notify, webauthn:extension:credBlob: true, webauthn:extension:largeBlob: true, webauthn:extension:minPinLength: true, webauthn:extension:prf: true, webauthn:virtualAuthenticators: true}
Session ID: bf82cbd8eb78e6a2bf18868cb4f15ea8
at org.openqa.selenium.support.ui.WebDriverWait.timeoutException(WebDriverWait.java:84)
at org.openqa.selenium.support.ui.FluentWait.until(FluentWait.java:228)
at pageObjects.LasVegasMarket.LVMGlobalSearchPage.getLVMFirstEventName(LVMGlobalSearchPage.java:408)
at lasvegasmarket_PROD.GlobalSearch_SearchFor.TS008_VerifyEventsSearchFunctionalityInGlobalSearchTest(GlobalSearch_SearchFor.java:687)
at java.base/java.util.ArrayList.forEach(ArrayList.java:1596)
... Removed 25 stack frames]]>
    </failure>
  </testcase> <!-- TS008_VerifyEventsSearchFunctionalityInGlobalSearchTest -->
  <testcase classname="lasvegasmarket_PROD.GlobalSearch_SearchFor" name="TS009_VerifyEventsFiltersFunctionalityInGlobalSearchTest" time="46.365">
    <failure type="org.openqa.selenium.TimeoutException" message="Expected condition failed: waiting for element to be clickable: By.xpath: //input[@id=&amp;apos;input-1&amp;apos;] (tried for 40 second(s) with 500 milliseconds interval)
Build info: version: &amp;apos;4.25.0&amp;apos;, revision: &amp;apos;8a8aea2337&amp;apos;
System info: os.name: &amp;apos;Windows 11&amp;apos;, os.arch: &amp;apos;amd64&amp;apos;, os.version: &amp;apos;10.0&amp;apos;, java.version: &amp;apos;21.0.3&amp;apos;
Driver info: org.openqa.selenium.chrome.ChromeDriver
Capabilities {acceptInsecureCerts: false, browserName: chrome, browserVersion: 132.0.6834.196, chrome: {chromedriverVersion: 132.0.6834.159 (2d77d3fc445..., userDataDir: C:\Users\swapnili\AppData\L...}, fedcm:accounts: true, goog:chromeOptions: {debuggerAddress: localhost:49514}, networkConnectionEnabled: false, pageLoadStrategy: normal, platformName: windows, proxy: Proxy(), se:cdp: ws://localhost:49514/devtoo..., se:cdpVersion: 132.0.6834.196, setWindowRect: true, strictFileInteractability: false, timeouts: {implicit: 0, pageLoad: 300000, script: 30000}, unhandledPromptBehavior: dismiss and notify, webauthn:extension:credBlob: true, webauthn:extension:largeBlob: true, webauthn:extension:minPinLength: true, webauthn:extension:prf: true, webauthn:virtualAuthenticators: true}
Session ID: bf82cbd8eb78e6a2bf18868cb4f15ea8">
      <![CDATA[org.openqa.selenium.TimeoutException: Expected condition failed: waiting for element to be clickable: By.xpath: //input[@id='input-1'] (tried for 40 second(s) with 500 milliseconds interval)
Build info: version: '4.25.0', revision: '8a8aea2337'
System info: os.name: 'Windows 11', os.arch: 'amd64', os.version: '10.0', java.version: '21.0.3'
Driver info: org.openqa.selenium.chrome.ChromeDriver
Capabilities {acceptInsecureCerts: false, browserName: chrome, browserVersion: 132.0.6834.196, chrome: {chromedriverVersion: 132.0.6834.159 (2d77d3fc445..., userDataDir: C:\Users\swapnili\AppData\L...}, fedcm:accounts: true, goog:chromeOptions: {debuggerAddress: localhost:49514}, networkConnectionEnabled: false, pageLoadStrategy: normal, platformName: windows, proxy: Proxy(), se:cdp: ws://localhost:49514/devtoo..., se:cdpVersion: 132.0.6834.196, setWindowRect: true, strictFileInteractability: false, timeouts: {implicit: 0, pageLoad: 300000, script: 30000}, unhandledPromptBehavior: dismiss and notify, webauthn:extension:credBlob: true, webauthn:extension:largeBlob: true, webauthn:extension:minPinLength: true, webauthn:extension:prf: true, webauthn:virtualAuthenticators: true}
Session ID: bf82cbd8eb78e6a2bf18868cb4f15ea8
at org.openqa.selenium.support.ui.WebDriverWait.timeoutException(WebDriverWait.java:84)
at org.openqa.selenium.support.ui.FluentWait.until(FluentWait.java:228)
at pageObjects.LasVegasMarket.LVMGlobalSearchPage.getLVMGlobalSearchTextBox(LVMGlobalSearchPage.java:636)
at lasvegasmarket_PROD.GlobalSearch_SearchFor.TS009_VerifyEventsFiltersFunctionalityInGlobalSearchTest(GlobalSearch_SearchFor.java:720)
at java.base/java.util.ArrayList.forEach(ArrayList.java:1596)
... Removed 25 stack frames]]>
    </failure>
  </testcase> <!-- TS009_VerifyEventsFiltersFunctionalityInGlobalSearchTest -->
  <testcase classname="lasvegasmarket_PROD.GlobalSearch_SearchFor" name="TS010_VerifyShowSpecialsOverviewInGlobalSearchTest" time="50.496"/>
  <testcase classname="lasvegasmarket_PROD.GlobalSearch_SearchFor" name="TS011_VerifyEventsOverviewInGlobalSearchTest" time="38.343">
    <failure type="org.openqa.selenium.TimeoutException" message="Expected condition failed: waiting for element to be clickable: By.xpath: //input[@id=&amp;apos;input-1&amp;apos;] (tried for 30 second(s) with 500 milliseconds interval)
Build info: version: &amp;apos;4.25.0&amp;apos;, revision: &amp;apos;8a8aea2337&amp;apos;
System info: os.name: &amp;apos;Windows 11&amp;apos;, os.arch: &amp;apos;amd64&amp;apos;, os.version: &amp;apos;10.0&amp;apos;, java.version: &amp;apos;21.0.3&amp;apos;
Driver info: org.openqa.selenium.chrome.ChromeDriver
Capabilities {acceptInsecureCerts: false, browserName: chrome, browserVersion: 132.0.6834.196, chrome: {chromedriverVersion: 132.0.6834.159 (2d77d3fc445..., userDataDir: C:\Users\swapnili\AppData\L...}, fedcm:accounts: true, goog:chromeOptions: {debuggerAddress: localhost:49514}, networkConnectionEnabled: false, pageLoadStrategy: normal, platformName: windows, proxy: Proxy(), se:cdp: ws://localhost:49514/devtoo..., se:cdpVersion: 132.0.6834.196, setWindowRect: true, strictFileInteractability: false, timeouts: {implicit: 0, pageLoad: 300000, script: 30000}, unhandledPromptBehavior: dismiss and notify, webauthn:extension:credBlob: true, webauthn:extension:largeBlob: true, webauthn:extension:minPinLength: true, webauthn:extension:prf: true, webauthn:virtualAuthenticators: true}
Session ID: bf82cbd8eb78e6a2bf18868cb4f15ea8">
      <![CDATA[org.openqa.selenium.TimeoutException: Expected condition failed: waiting for element to be clickable: By.xpath: //input[@id='input-1'] (tried for 30 second(s) with 500 milliseconds interval)
Build info: version: '4.25.0', revision: '8a8aea2337'
System info: os.name: 'Windows 11', os.arch: 'amd64', os.version: '10.0', java.version: '21.0.3'
Driver info: org.openqa.selenium.chrome.ChromeDriver
Capabilities {acceptInsecureCerts: false, browserName: chrome, browserVersion: 132.0.6834.196, chrome: {chromedriverVersion: 132.0.6834.159 (2d77d3fc445..., userDataDir: C:\Users\swapnili\AppData\L...}, fedcm:accounts: true, goog:chromeOptions: {debuggerAddress: localhost:49514}, networkConnectionEnabled: false, pageLoadStrategy: normal, platformName: windows, proxy: Proxy(), se:cdp: ws://localhost:49514/devtoo..., se:cdpVersion: 132.0.6834.196, setWindowRect: true, strictFileInteractability: false, timeouts: {implicit: 0, pageLoad: 300000, script: 30000}, unhandledPromptBehavior: dismiss and notify, webauthn:extension:credBlob: true, webauthn:extension:largeBlob: true, webauthn:extension:minPinLength: true, webauthn:extension:prf: true, webauthn:virtualAuthenticators: true}
Session ID: bf82cbd8eb78e6a2bf18868cb4f15ea8
at org.openqa.selenium.support.ui.WebDriverWait.timeoutException(WebDriverWait.java:84)
at org.openqa.selenium.support.ui.FluentWait.until(FluentWait.java:228)
at pageObjects.AtlantaMarket.ATLGlobalSearchPage.getATLGlobalSearchTextBox(ATLGlobalSearchPage.java:435)
at resources.Utility.ClearGlobalSearch(Utility.java:595)
at lasvegasmarket_PROD.GlobalSearch_SearchFor.TS011_VerifyEventsOverviewInGlobalSearchTest(GlobalSearch_SearchFor.java:868)
at java.base/java.util.ArrayList.forEach(ArrayList.java:1596)
... Removed 25 stack frames]]>
    </failure>
  </testcase> <!-- TS011_VerifyEventsOverviewInGlobalSearchTest -->
  <testcase classname="lasvegasmarket_PROD.GlobalSearch_SearchFor" name="TS003_VerifyInformationFiltersFunctionalityInGlobalSearchTest" time="115.066"/>
  <testcase classname="lasvegasmarket_PROD.GlobalSearch_SuggestionList" name="TS001_VerifySelectionOfExhibitorFromAutoSuggestionListTest" time="28.729"/>
  <testcase classname="lasvegasmarket_PROD.GlobalSearch_SuggestionList" name="TS002_VerifySelectionOfLineFromAutoSuggestionListTest" time="27.965"/>
  <testcase classname="lasvegasmarket_PROD.GlobalSearch_SuggestionList" name="TS003_VerifySelectionOfProductFromAutoSuggestionListTest" time="26.51"/>
  <testcase classname="lasvegasmarket_PROD.LineDigitalShowroom" name="TS001_VerifyLineDigitalShowroomHeroComponentShownByExhibitorNamaeTest" time="12.193"/>
  <testcase classname="lasvegasmarket_PROD.LineDigitalShowroom" name="TS002_VerifyLineDigitalShowroomHeroComponentLocationLinksTest" time="22.684"/>
  <testcase classname="lasvegasmarket_PROD.LineDigitalShowroom" name="TS007_VerifyLineDigitalShowroomHeroComponentProductsComponentCountTest" time="31.887"/>
  <testcase classname="lasvegasmarket_PROD.LineDigitalShowroom" name="TS008_VerifyLineDigitalShowroomProductscomponentTest" time="32.79"/>
  <testcase classname="lasvegasmarket_PROD.LineDigitalShowroom" name="TS010_VerifyLineDigitalShowroomProductscomponentSeeAllProductsTest" time="28.826"/>
  <testcase classname="lasvegasmarket_PROD.LineDigitalShowroom" name="TS011_VerifyLineDigitalShowroomProductscomponentSelectProductTest" time="96.435"/>
  <testcase classname="lasvegasmarket_PROD.ExhibitorDigitalShowroom" name="TS019_VerifyAddNoteListWithPlusIconTest" time="0.0">
    <ignored/>
  </testcase> <!-- TS019_VerifyAddNoteListWithPlusIconTest -->
  <testcase classname="lasvegasmarket_PROD.FloorPlans" name="TS012_VerifyAddToFavoriteFunctionalityForExhibitorOnFloorPlansPageTest" time="0.0">
    <ignored/>
  </testcase> <!-- TS012_VerifyAddToFavoriteFunctionalityForExhibitorOnFloorPlansPageTest -->
  <testcase classname="lasvegasmarket_PROD.ExhibitorDigitalShowroom" name="TS017_VerifyAddToFavoritesTest" time="0.0">
    <ignored/>
  </testcase> <!-- TS017_VerifyAddToFavoritesTest -->
  <testcase classname="lasvegasmarket_PROD.GlobalSearch_ExhibitorActions" name="TS007_VerifyAddToFavoriteForExhibitorTest" time="0.0">
    <ignored/>
  </testcase> <!-- TS007_VerifyAddToFavoriteForExhibitorTest -->
  <testcase classname="lasvegasmarket_PROD.GlobalSearch_LineActions" name="TS005_VerifyClickOnContactExhIconForLineTest" time="0.0">
    <ignored/>
  </testcase> <!-- TS005_VerifyClickOnContactExhIconForLineTest -->
  <testcase classname="lasvegasmarket_PROD.GlobalSearch_ExhibitorActions" name="TS010_VerifyMatchingProductsAddNoteFunctionalityForExhibitorTest" time="0.0">
    <ignored/>
  </testcase> <!-- TS010_VerifyMatchingProductsAddNoteFunctionalityForExhibitorTest -->
  <testcase classname="lasvegasmarket_PROD.GlobalSearch_LineActions" name="TS007_VerifyClickOnOrderOnJuniperMarketBtnForLineTest" time="0.0">
    <ignored/>
  </testcase> <!-- TS007_VerifyClickOnOrderOnJuniperMarketBtnForLineTest -->
  <testcase classname="lasvegasmarket_PROD.GlobalSearch_MatchingResults" name="TS005_VerifyGlobalSearchMatchingResultsSelectAddToFavoritesTest" time="0.0">
    <ignored/>
  </testcase> <!-- TS005_VerifyGlobalSearchMatchingResultsSelectAddToFavoritesTest -->
  <testcase classname="lasvegasmarket_PROD.GlobalSearch_MatchingResults" name="TS007_VerifyGlobalSearchMatchingResultsSelectAddToNewlyCreatedListTest" time="0.0">
    <ignored/>
  </testcase> <!-- TS007_VerifyGlobalSearchMatchingResultsSelectAddToNewlyCreatedListTest -->
  <testcase classname="lasvegasmarket_PROD.FloorPlans" name="TS010_VerifyAddToListFunctionalityForExhibitorOnFloorPlansPageTest" time="0.0">
    <ignored/>
  </testcase> <!-- TS010_VerifyAddToListFunctionalityForExhibitorOnFloorPlansPageTest -->
  <testcase classname="lasvegasmarket_PROD.GlobalSearch_ExhibitorActions" name="TS008_VerifyAddToNewListForExhibitorTest" time="0.0">
    <ignored/>
  </testcase> <!-- TS008_VerifyAddToNewListForExhibitorTest -->
  <testcase classname="lasvegasmarket_PROD.GlobalSearch_MatchingResults" name="TS008_VerifyGlobalSearchMatchingResultsUsePreviousSavedSearchTest" time="0.0">
    <ignored/>
  </testcase> <!-- TS008_VerifyGlobalSearchMatchingResultsUsePreviousSavedSearchTest -->
  <testcase classname="lasvegasmarket_PROD.GlobalSearch_MatchingResults" name="TS009_VerifyGlobalSearchMatchingResultsSavedSearchesTest" time="0.0">
    <ignored/>
  </testcase> <!-- TS009_VerifyGlobalSearchMatchingResultsSavedSearchesTest -->
  <testcase classname="lasvegasmarket_PROD.FloorPlans" name="TS011_VerifyAddNoteFunctionalityForExhibitorOnFloorPlansPageTest" time="0.0">
    <ignored/>
  </testcase> <!-- TS011_VerifyAddNoteFunctionalityForExhibitorOnFloorPlansPageTest -->
  <testcase classname="lasvegasmarket_PROD.ExhibitorDigitalShowroom" name="TS021_VerifyExhibitorDigitalShowroomCatalogsComponentOrderOnJuniperMarketTest" time="0.0">
    <ignored/>
  </testcase> <!-- TS021_VerifyExhibitorDigitalShowroomCatalogsComponentOrderOnJuniperMarketTest -->
  <testcase classname="lasvegasmarket_PROD.ExhibitorDigitalShowroom" name="TS018_VerifyAddToExistingListWithPlusIconTest" time="0.0">
    <ignored/>
  </testcase> <!-- TS018_VerifyAddToExistingListWithPlusIconTest -->
  <testcase classname="lasvegasmarket_PROD.ExhibitorDigitalShowroom" name="TS020_VerifyExhibitorDigitalShowroomProductsComponentOrderOnJuniperMarketTest" time="0.0">
    <ignored/>
  </testcase> <!-- TS020_VerifyExhibitorDigitalShowroomProductsComponentOrderOnJuniperMarketTest -->
  <testcase classname="lasvegasmarket_PROD.ExhibitorDigitalShowroom" name="TS016_VerifyExhibitorDigitalShowroomHeroComponentOrderOnJuniperMarketTest" time="0.0">
    <ignored/>
  </testcase> <!-- TS016_VerifyExhibitorDigitalShowroomHeroComponentOrderOnJuniperMarketTest -->
  <testcase classname="lasvegasmarket_PROD.GlobalSearch_LineActions" name="TS006_VerifyAddToFavoriteForLineTest" time="0.0">
    <ignored/>
  </testcase> <!-- TS006_VerifyAddToFavoriteForLineTest -->
  <testcase classname="lasvegasmarket_PROD.GlobalSearch_LineActions" name="TS009_VerifyAddToExistingListForLineTest" time="0.0">
    <ignored/>
  </testcase> <!-- TS009_VerifyAddToExistingListForLineTest -->
  <testcase classname="lasvegasmarket_PROD.GlobalSearch_LineActions" name="TS008_VerifyAddToNewListForLineTest" time="0.0">
    <ignored/>
  </testcase> <!-- TS008_VerifyAddToNewListForLineTest -->
  <testcase classname="lasvegasmarket_PROD.GlobalSearch_ExhibitorActions" name="TS009_VerifyAddToExistingListForExhibitorTest" time="0.0">
    <ignored/>
  </testcase> <!-- TS009_VerifyAddToExistingListForExhibitorTest -->
  <testcase classname="lasvegasmarket_PROD.GlobalSearch_MatchingResults" name="TS006_VerifyGlobalSearchMatchingResultsSelectAddToExistingListTest" time="0.0">
    <ignored/>
  </testcase> <!-- TS006_VerifyGlobalSearchMatchingResultsSelectAddToExistingListTest -->
</testsuite> <!-- RegressionTest -->
