<?xml version="1.0" encoding="UTF-8"?>
<!-- Generated by org.testng.reporters.JUnitXMLReporter -->
<testsuite hostname="eon-swapnili" name="RegressionTest" tests="15" failures="2" timestamp="29 Mar 2023 12:10:02 GMT" time="715.85" errors="0">
  <testcase name="TS011_VerifyExhibitorEventsListTest" time="26.757" classname="lasvegasmarket_PROD.EvenntsAndWebinar"/>
  <testcase name="TS001_VerifyEventsAndWebinarsOverviewTest" time="7.735" classname="lasvegasmarket_PROD.EvenntsAndWebinar"/>
  <testcase name="TS002_VerifyIMCEventsSearchbarTest" time="13.429" classname="lasvegasmarket_PROD.EvenntsAndWebinar"/>
  <testcase name="TS003_VerifyIMCEventsCalendarViewTest" time="12.909" classname="lasvegasmarket_PROD.EvenntsAndWebinar"/>
  <testcase name="TS004_VerifyIMCEventsEventsListTest" time="18.778" classname="lasvegasmarket_PROD.EvenntsAndWebinar"/>
  <testcase name="TS005_VerifyIMCEventsEventDetailstTest" time="62.136" classname="lasvegasmarket_PROD.EvenntsAndWebinar">
    <failure type="java.lang.AssertionError" message="expected [true] but found [false]">
      <![CDATA[java.lang.AssertionError: expected [true] but found [false]
	at lasvegasmarket_PROD.EvenntsAndWebinar.TS005_VerifyIMCEventsEventDetailstTest(EvenntsAndWebinar.java:449)
... Removed 28 stack frames]]>
    </failure>
  </testcase> <!-- TS005_VerifyIMCEventsEventDetailstTest -->
  <testcase name="TS006_VerifyIMCEventsAddToFavoriteTest" time="35.453" classname="lasvegasmarket_PROD.EvenntsAndWebinar"/>
  <testcase name="TS008_VerifyIMCEventsAddNoteTest" time="47.586" classname="lasvegasmarket_PROD.EvenntsAndWebinar"/>
  <testcase name="TS009_VerifyExhibitorEventsSearchbarTest" time="13.154" classname="lasvegasmarket_PROD.EvenntsAndWebinar"/>
  <testcase name="TS010_VerifyExhibitorEventsCalendarViewTest" time="167.223" classname="lasvegasmarket_PROD.EvenntsAndWebinar"/>
  <testcase name="TS012_VerifyExhibitorEventsDetailstTest" time="41.862" classname="lasvegasmarket_PROD.EvenntsAndWebinar">
    <failure type="org.openqa.selenium.TimeoutException" message="Expected condition failed: waiting for visibility of element located by By.xpath: //div[@class=&amp;apos;imc-section--alt-gray-light imc-eventdetail__box imc-eventdetail__box--eventpadding imc-content--primary-desktop&amp;apos;]/../../section[3]/div[1]/div[1]/span[1] (tried for 20 second(s) with 500 milliseconds interval)">
      <![CDATA[org.openqa.selenium.TimeoutException: Expected condition failed: waiting for visibility of element located by By.xpath: //div[@class='imc-section--alt-gray-light imc-eventdetail__box imc-eventdetail__box--eventpadding imc-content--primary-desktop']/../../section[3]/div[1]/div[1]/span[1] (tried for 20 second(s) with 500 milliseconds interval)
	at org.openqa.selenium.support.ui.WebDriverWait.timeoutException(WebDriverWait.java:95)
	at org.openqa.selenium.support.ui.FluentWait.until(FluentWait.java:272)
	at pageObjects.LasVegasMarket.LVMEventsAndWebinarPage.getlvmTagIcon(LVMEventsAndWebinarPage.java:143)
	at lasvegasmarket_PROD.EvenntsAndWebinar.TS012_VerifyExhibitorEventsDetailstTest(EvenntsAndWebinar.java:1108)
Caused by: org.openqa.selenium.NoSuchElementException: no such element: Unable to locate element: {"method":"xpath","selector":"//div[@class='imc-section--alt-gray-light imc-eventdetail__box imc-eventdetail__box--eventpadding imc-content--primary-desktop']/../../section[3]/div[1]/div[1]/span[1]"}
  (Session info: chrome=111.0.5563.66)
For documentation on this error, please visit: https://www.seleniumhq.org/exceptions/no_such_element.html
Build info: version: '3.141.59', revision: 'e82be7d358', time: '2018-11-14T08:25:48'
System info: host: 'EON-SWAPNILI', ip: '172.22.22.78', os.name: 'Windows 10', os.arch: 'amd64', os.version: '10.0', java.version: '1.8.0_311'
Driver info: org.openqa.selenium.chrome.ChromeDriver
Capabilities {acceptInsecureCerts: false, browserName: chrome, browserVersion: 111.0.5563.66, chrome: {chromedriverVersion: 111.0.5563.64 (c710e93d5b63..., userDataDir: C:\Users\swapnili\AppData\L...}, goog:chromeOptions: {debuggerAddress: localhost:56655}, javascriptEnabled: true, networkConnectionEnabled: false, pageLoadStrategy: normal, platform: WINDOWS, platformName: WINDOWS, proxy: Proxy(), setWindowRect: true, strictFileInteractability: false, timeouts: {implicit: 0, pageLoad: 300000, script: 30000}, unhandledPromptBehavior: dismiss and notify, webauthn:extension:credBlob: true, webauthn:extension:largeBlob: true, webauthn:extension:minPinLength: true, webauthn:extension:prf: true, webauthn:virtualAuthenticators: true}
Session ID: e1ea68df8e958fd29b3aebfe16b07af1
*** Element info: {Using=xpath, value=//div[@class='imc-section--alt-gray-light imc-eventdetail__box imc-eventdetail__box--eventpadding imc-content--primary-desktop']/../../section[3]/div[1]/div[1]/span[1]}
	at org.openqa.selenium.remote.http.W3CHttpResponseCodec.createException(W3CHttpResponseCodec.java:187)
	at org.openqa.selenium.remote.http.W3CHttpResponseCodec.decode(W3CHttpResponseCodec.java:122)
	at org.openqa.selenium.remote.http.W3CHttpResponseCodec.decode(W3CHttpResponseCodec.java:49)
	at org.openqa.selenium.remote.HttpCommandExecutor.execute(HttpCommandExecutor.java:158)
	at org.openqa.selenium.remote.service.DriverCommandExecutor.execute(DriverCommandExecutor.java:83)
	at org.openqa.selenium.remote.RemoteWebDriver.execute(RemoteWebDriver.java:552)
	at org.openqa.selenium.remote.RemoteWebDriver.findElement(RemoteWebDriver.java:323)
	at org.openqa.selenium.remote.RemoteWebDriver.findElementByXPath(RemoteWebDriver.java:428)
	at org.openqa.selenium.By$ByXPath.findElement(By.java:353)
	at org.openqa.selenium.remote.RemoteWebDriver.findElement(RemoteWebDriver.java:315)
	at org.openqa.selenium.support.ui.ExpectedConditions$7.apply(ExpectedConditions.java:205)
	at org.openqa.selenium.support.ui.ExpectedConditions$7.apply(ExpectedConditions.java:201)
	at org.openqa.selenium.support.ui.FluentWait.until(FluentWait.java:249)
	... 26 more
... Removed 28 stack frames]]>
    </failure>
  </testcase> <!-- TS012_VerifyExhibitorEventsDetailstTest -->
  <testcase name="TS013_VerifyExhibitorEventsAddToFavoriteTest" time="64.018" classname="lasvegasmarket_PROD.EvenntsAndWebinar"/>
  <testcase name="TS014_VerifyExhibitorEventsAddToListTest" time="40.515" classname="lasvegasmarket_PROD.EvenntsAndWebinar"/>
  <testcase name="TS015_VerifyExhibitorEventsAddNoteTest" time="45.28" classname="lasvegasmarket_PROD.EvenntsAndWebinar"/>
  <testcase name="TS007_VerifyIMCEventsAddToListTest" time="63.58" classname="lasvegasmarket_PROD.EvenntsAndWebinar"/>
</testsuite> <!-- RegressionTest -->
