<?xml version="1.0" encoding="UTF-8"?>
<!-- Generated by org.testng.reporters.JUnitXMLReporter -->
<testsuite hostname="swapnili" name="RegressionTest" tests="3" failures="2" timestamp="1 Nov 2022 10:40:49 GMT" time="144.649" errors="0">
  <testcase name="TS003_VerifyGlobalSearchMatchingResultsSortSortByTest" time="27.326" classname="atlantamarket_PROD.GlobalSearch_MatchingResults">
    <failure type="java.lang.AssertionError" message=" List Should be sorted: Lists differ at element [1]: road runners != eleven point expected [road runners] but found [eleven point]">
      <![CDATA[java.lang.AssertionError:  List Should be sorted: Lists differ at element [1]: road runners != eleven point expected [road runners] but found [eleven point]
	at resources.Utility.Sorting(Utility.java:400)
	at atlantamarket_PROD.GlobalSearch_MatchingResults.TS003_VerifyGlobalSearchMatchingResultsSortSortByTest(GlobalSearch_MatchingResults.java:238)
... Removed 28 stack frames]]>
    </failure>
  </testcase> <!-- TS003_VerifyGlobalSearchMatchingResultsSortSortByTest -->
  <testcase name="TS004_VerifyGlobalSearchMatchingResultsSortFilterByNameTest" time="19.446" classname="atlantamarket_PROD.GlobalSearch_MatchingResults">
    <failure type="java.lang.AssertionError" message=" List Should be sorted: lists don&amp;apos;t have the same size expected [3] but found [5]">
      <![CDATA[java.lang.AssertionError:  List Should be sorted: lists don't have the same size expected [3] but found [5]
	at atlantamarket_PROD.GlobalSearch_MatchingResults.TS004_VerifyGlobalSearchMatchingResultsSortFilterByNameTest(GlobalSearch_MatchingResults.java:298)
... Removed 29 stack frames]]>
    </failure>
  </testcase> <!-- TS004_VerifyGlobalSearchMatchingResultsSortFilterByNameTest -->
  <testcase name="TS005_VerifyGlobalSearchMatchingResultsSelectAddToFavoritesTest" time="51.74" classname="atlantamarket_PROD.GlobalSearch_MatchingResults"/>
</testsuite> <!-- RegressionTest -->
