<?xml version="1.0" encoding="UTF-8"?>
<!-- Generated by org.testng.reporters.JUnitXMLReporter -->
<testsuite hostname="swapnili" name="RegressionTest" tests="1" failures="1" timestamp="1 Nov 2022 09:44:45 GMT" time="58.319" errors="0">
  <testcase name="TS004_VerifyGlobalSearchMatchingResultsSortFilterByNameTest" time="15.618" classname="atlantamarket_PROD.GlobalSearch_MatchingResults">
    <failure type="java.lang.AssertionError" message=" List Should be sorted: lists don&amp;apos;t have the same size expected [3] but found [5]">
      <![CDATA[java.lang.AssertionError:  List Should be sorted: lists don't have the same size expected [3] but found [5]
	at atlantamarket_PROD.GlobalSearch_MatchingResults.TS004_VerifyGlobalSearchMatchingResultsSortFilterByNameTest(GlobalSearch_MatchingResults.java:298)
... Removed 29 stack frames]]>
    </failure>
  </testcase> <!-- TS004_VerifyGlobalSearchMatchingResultsSortFilterByNameTest -->
</testsuite> <!-- RegressionTest -->
