<?xml version="1.0" encoding="UTF-8"?>
<!-- Generated by org.testng.reporters.JUnitXMLReporter -->
<testsuite hostname="eon-swapnili" name="RegressionTest" tests="11" failures="0" timestamp="20 Mar 2023 10:00:39 GMT" time="693.764" errors="0">
  <testcase name="TS001_VerifyInformationTabInGlobalSearchTest" time="26.163" classname="lasvegasmarket_UAT.GlobalSearch_SearchFor"/>
  <testcase name="TS002_VerifyInformationSearchFunctionalityInGlobalSearchTest" time="43.971" classname="lasvegasmarket_UAT.GlobalSearch_SearchFor"/>
  <testcase name="TS004_VerifyCatalogsOverviewInGlobalSearchTest" time="40.722" classname="lasvegasmarket_UAT.GlobalSearch_SearchFor"/>
  <testcase name="TS005_VerifyArticlesOverviewInGlobalSearchTest" time="51.307" classname="lasvegasmarket_UAT.GlobalSearch_SearchFor"/>
  <testcase name="TS006_VerifyArticlesFiltersFunctionalityInGlobalSearchTest" time="137.395" classname="lasvegasmarket_UAT.GlobalSearch_SearchFor"/>
  <testcase name="TS007_VerifyArticlesSearchFunctionalityInGlobalSearchTest" time="57.674" classname="lasvegasmarket_UAT.GlobalSearch_SearchFor"/>
  <testcase name="TS008_VerifyEventsSearchFunctionalityInGlobalSearchTest" time="82.955" classname="lasvegasmarket_UAT.GlobalSearch_SearchFor"/>
  <testcase name="TS009_VerifyEventsFiltersFunctionalityInGlobalSearchTest" time="72.939" classname="lasvegasmarket_UAT.GlobalSearch_SearchFor"/>
  <testcase name="TS010_VerifyShowSpecialsOverviewInGlobalSearchTest" time="31.822" classname="lasvegasmarket_UAT.GlobalSearch_SearchFor"/>
  <testcase name="TS011_VerifyEventsOverviewInGlobalSearchTest" time="68.198" classname="lasvegasmarket_UAT.GlobalSearch_SearchFor"/>
  <testcase name="TS003_VerifyInformationFiltersFunctionalityInGlobalSearchTest" time="49.347" classname="lasvegasmarket_UAT.GlobalSearch_SearchFor"/>
</testsuite> <!-- RegressionTest -->
