<?xml version="1.0" encoding="UTF-8"?>
<!-- Generated by org.testng.reporters.JUnitXMLReporter -->

<testsuite hostname="swapnili" name="RegressionTest" tests="12" failures="0" timestamp="21 Jul 2022 05:36:35 GMT" time="4.589" errors="0">
  <testcase name="@BeforeClass initialize" time="0.0" classname="lasvegasmarket_UAT.FloorPlans">
    <failure type="org.openqa.selenium.SessionNotCreatedException" message="session not created: This version of ChromeDriver only supports Chrome version 103
Current browser version is 102.0.5005.63 with binary path C:\Program Files\Google\Chrome\Application\chrome.exe



<testsuite hostname="NILAMMA-W10" name="RegressionTest" tests="1" failures="0" timestamp="20 Jul 2022 09:16:27 GMT" time="166.272" errors="0">
  <testcase name="TS009_VerifyProductAddToNewlyCreatedListOnSearchResultsGridTest" time="74.594" classname="lasvegasmarket_UAT.GlobalSearch_ProductActions"/>

<testsuite hostname="shradhama-win10" name="RegressionTest" tests="1" failures="0" timestamp="20 Jul 2022 09:03:49 GMT" time="70.657" errors="0">
  <testcase name="TS001_VerifyMarketPlannerLoginTest" time="29.701" classname="lasvegasmarket_UAT.MarketPlanner"/>

<testsuite hostname="NILAMMA-W10" name="RegressionTest" tests="10" failures="4" timestamp="20 Jul 2022 12:55:03 GMT" time="583.975" errors="0">
  <testcase name="TS001_VerifyAddToFavoriteForExhibitorTest" time="38.898" classname="lasvegasmarket_UAT.GlobalSearch_ExhibitorActions"/>
  <testcase name="TS002_VerifyAddToNewListForExhibitorTest" time="64.427" classname="lasvegasmarket_UAT.GlobalSearch_ExhibitorActions">
    <failure type="org.openqa.selenium.NoSuchElementException" message="no such element: Unable to locate element: {&amp;quot;method&amp;quot;:&amp;quot;xpath&amp;quot;,&amp;quot;selector&amp;quot;:&amp;quot;//a[contains(text(),&amp;apos;Go to Market Planner&amp;apos;)]&amp;quot;}
  (Session info: chrome=102.0.5005.63)
For documentation on this error, please visit: http://seleniumhq.org/exceptions/no_such_element.html

Build info: version: &amp;apos;3.4.0&amp;apos;, revision: &amp;apos;unknown&amp;apos;, time: &amp;apos;unknown&amp;apos;
System info: host: &amp;apos;SWAPNILI&amp;apos;, ip: &amp;apos;172.27.182.57&amp;apos;, os.name: &amp;apos;Windows 8.1&amp;apos;, os.arch: &amp;apos;amd64&amp;apos;, os.version: &amp;apos;6.3&amp;apos;, java.version: &amp;apos;1.8.0_161&amp;apos;
Driver info: driver.version: ChromeDriver
remote stacktrace: Backtrace:
	Ordinal0 [0x01305FD3+2187219]
	Ordinal0 [0x0129E6D1+1763025]
	Ordinal0 [0x011B3E78+802424]
	Ordinal0 [0x011D51F9+938489]
	Ordinal0 [0x011D0DDC+921052]
	Ordinal0 [0x011CE691+910993]
	Ordinal0 [0x012017F0+1120240]
	Ordinal0 [0x0120144A+1119306]
	Ordinal0 [0x011FC9A6+1100198]
	Ordinal0 [0x011D6F80+946048]
	Ordinal0 [0x011D7E76+949878]
	GetHandleVerifier [0x015A90C2+2721218]
	GetHandleVerifier [0x0159AAF0+2662384]
	GetHandleVerifier [0x0139137A+526458]
	GetHandleVerifier [0x01390416+522518]
	Ordinal0 [0x012A4EAB+1789611]
	Ordinal0 [0x012A97A8+1808296]
	Ordinal0 [0x012A9895+1808533]
	Ordinal0 [0x012B26C1+1844929]
	BaseThreadInitThunk [0x76006A14+36]
	RtlInitializeExceptionChain [0x7761A9FF+143]
	RtlInitializeExceptionChain [0x7761A9CA+90]
">
      <![CDATA[org.openqa.selenium.SessionNotCreatedException: session not created: This version of ChromeDriver only supports Chrome version 103
Current browser version is 102.0.5005.63 with binary path C:\Program Files\Google\Chrome\Application\chrome.exe
Build info: version: '3.4.0', revision: 'unknown', time: 'unknown'
System info: host: 'SWAPNILI', ip: '172.27.182.57', os.name: 'Windows 8.1', os.arch: 'amd64', os.version: '6.3', java.version: '1.8.0_161'
Driver info: driver.version: ChromeDriver
remote stacktrace: Backtrace:
	Ordinal0 [0x01305FD3+2187219]
	Ordinal0 [0x0129E6D1+1763025]
	Ordinal0 [0x011B3E78+802424]
	Ordinal0 [0x011D51F9+938489]
	Ordinal0 [0x011D0DDC+921052]
	Ordinal0 [0x011CE691+910993]
	Ordinal0 [0x012017F0+1120240]
	Ordinal0 [0x0120144A+1119306]
	Ordinal0 [0x011FC9A6+1100198]
	Ordinal0 [0x011D6F80+946048]
	Ordinal0 [0x011D7E76+949878]
	GetHandleVerifier [0x015A90C2+2721218]
	GetHandleVerifier [0x0159AAF0+2662384]
	GetHandleVerifier [0x0139137A+526458]
	GetHandleVerifier [0x01390416+522518]
	Ordinal0 [0x012A4EAB+1789611]
	Ordinal0 [0x012A97A8+1808296]
	Ordinal0 [0x012A9895+1808533]
	Ordinal0 [0x012B26C1+1844929]
	BaseThreadInitThunk [0x76006A14+36]
	RtlInitializeExceptionChain [0x7761A9FF+143]
	RtlInitializeExceptionChain [0x7761A9CA+90]

	at org.openqa.selenium.remote.W3CHandshakeResponse.lambda$new$0(W3CHandshakeResponse.java:57)
	at org.openqa.selenium.remote.W3CHandshakeResponse.lambda$getResponseFunction$2(W3CHandshakeResponse.java:104)
	at org.openqa.selenium.remote.ProtocolHandshake.lambda$createSession$22(ProtocolHandshake.java:365)
	at java.util.stream.ReferencePipeline$3$1.accept(ReferencePipeline.java:193)
	at java.util.Spliterators$ArraySpliterator.tryAdvance(Spliterators.java:958)
	at java.util.stream.ReferencePipeline.forEachWithCancel(ReferencePipeline.java:126)
	at java.util.stream.AbstractPipeline.copyIntoWithCancel(AbstractPipeline.java:498)
	at java.util.stream.AbstractPipeline.copyInto(AbstractPipeline.java:485)
	at java.util.stream.AbstractPipeline.wrapAndCopyInto(AbstractPipeline.java:471)
	at java.util.stream.FindOps$FindOp.evaluateSequential(FindOps.java:152)
	at java.util.stream.AbstractPipeline.evaluate(AbstractPipeline.java:234)
	at java.util.stream.ReferencePipeline.findFirst(ReferencePipeline.java:464)
	at org.openqa.selenium.remote.ProtocolHandshake.createSession(ProtocolHandshake.java:368)
	at org.openqa.selenium.remote.ProtocolHandshake.createSession(ProtocolHandshake.java:159)
	at org.openqa.selenium.remote.HttpCommandExecutor.execute(HttpCommandExecutor.java:142)
	at org.openqa.selenium.remote.service.DriverCommandExecutor.execute(DriverCommandExecutor.java:82)
	at org.openqa.selenium.remote.RemoteWebDriver.execute(RemoteWebDriver.java:637)
	at org.openqa.selenium.remote.RemoteWebDriver.startSession(RemoteWebDriver.java:250)
	at org.openqa.selenium.remote.RemoteWebDriver.startSession(RemoteWebDriver.java:236)
	at org.openqa.selenium.remote.RemoteWebDriver.<init>(RemoteWebDriver.java:137)
	at org.openqa.selenium.chrome.ChromeDriver.<init>(ChromeDriver.java:184)
	at org.openqa.selenium.chrome.ChromeDriver.<init>(ChromeDriver.java:171)
	at org.openqa.selenium.chrome.ChromeDriver.<init>(ChromeDriver.java:124)
	at resources.base.initializeDriver(base.java:74)
	at lasvegasmarket_UAT.FloorPlans.initialize(FloorPlans.java:55)
... Removed 28 stack frames]]>
    </failure>
  </testcase> <!-- @BeforeClass initialize -->
  <testcase name="@AfterClass tearDown" time="0.0" classname="lasvegasmarket_UAT.FloorPlans">
    <skipped/>
  </testcase> <!-- @AfterClass tearDown -->
  <testcase name="TS001_VerifyNavigationToDifferentFloorBuildingsTest" time="0.015" classname="lasvegasmarket_UAT.FloorPlans">
    <skipped/>
  </testcase> <!-- TS001_VerifyNavigationToDifferentFloorBuildingsTest -->
  <testcase name="TS002_VerifyNoExhibitorsOnThisFloorMessageTest" time="0.003" classname="lasvegasmarket_UAT.FloorPlans">
    <skipped/>
  </testcase> <!-- TS002_VerifyNoExhibitorsOnThisFloorMessageTest -->
  <testcase name="TS003_VerifyZoomInOutLevelOnFloorPlansPageTest" time="0.002" classname="lasvegasmarket_UAT.FloorPlans">
    <skipped/>
  </testcase> <!-- TS003_VerifyZoomInOutLevelOnFloorPlansPageTest -->
  <testcase name="TS004_VerifyIconsOnFloorPlansPageTest" time="0.002" classname="lasvegasmarket_UAT.FloorPlans">
    <skipped/>
  </testcase> <!-- TS004_VerifyIconsOnFloorPlansPageTest -->
  <testcase name="TS005_VerifyFunctionalityOfFiltersOFloorPlansPageTest" time="0.003" classname="lasvegasmarket_UAT.FloorPlans">
    <skipped/>
  </testcase> <!-- TS005_VerifyFunctionalityOfFiltersOFloorPlansPageTest -->
  <testcase name="TS006_VerifyPaginationOnFloorPlansPageTest" time="0.007" classname="lasvegasmarket_UAT.FloorPlans">
    <skipped/>
  </testcase> <!-- TS006_VerifyPaginationOnFloorPlansPageTest -->
  <testcase name="TS007_VerifySelectionOfExhibitorOnFloorPlansPageTest" time="0.006" classname="lasvegasmarket_UAT.FloorPlans">
    <skipped/>
  </testcase> <!-- TS007_VerifySelectionOfExhibitorOnFloorPlansPageTest -->
  <testcase name="TS008_VerifyClickOnReturnToBuildingListBtnTest" time="0.003" classname="lasvegasmarket_UAT.FloorPlans">
    <skipped/>
  </testcase> <!-- TS008_VerifyClickOnReturnToBuildingListBtnTest -->
  <testcase name="TS009_VerifySearchFunctionalityForExhListOnFloorPlansPageTest" time="0.012" classname="lasvegasmarket_UAT.FloorPlans">
    <skipped/>
  </testcase> <!-- TS009_VerifySearchFunctionalityForExhListOnFloorPlansPageTest -->
  <testcase name="TS010_VerifyAddToListFunctionalityForExhibitorOnFloorPlansPageTest" time="0.001" classname="lasvegasmarket_UAT.FloorPlans">
    <skipped/>
  </testcase> <!-- TS010_VerifyAddToListFunctionalityForExhibitorOnFloorPlansPageTest -->
  <testcase name="TS011_VerifyAddNoteFunctionalityForExhibitorOnFloorPlansPageTest" time="0.006" classname="lasvegasmarket_UAT.FloorPlans">
    <skipped/>
  </testcase> <!-- TS011_VerifyAddNoteFunctionalityForExhibitorOnFloorPlansPageTest -->
  <testcase name="TS012_VerifyAddToFavoriteFunctionalityForExhibitorOnFloorPlansPageTest" time="0.001" classname="lasvegasmarket_UAT.FloorPlans">
    <skipped/>
  </testcase> <!-- TS012_VerifyAddToFavoriteFunctionalityForExhibitorOnFloorPlansPageTest -->





</testsuite> <!-- RegressionTest -->
