<?xml version="1.0" encoding="UTF-8"?>
<!-- Generated by org.testng.reporters.JUnitXMLReporter -->
<testsuite hostname="swapnili" name="RegressionTest" tests="21" failures="2" timestamp="29 Nov 2022 09:43:24 GMT" time="1115.828" errors="0">
  <testcase name="TS001_VerifyAddToFavoritesTest" time="58.828" classname="atlantamarket_PROD.ExhibitorDigitalShowroom">
    <failure type="org.openqa.selenium.TimeoutException" message="Expected condition failed: waiting for visibility of element located by By.xpath: //div[@class=&amp;apos;imc-loading-relative&amp;apos;]/div[3]/li/div/div/div/a (tried for 20 second(s) with 500 MILLISECONDS interval)">
      <![CDATA[org.openqa.selenium.TimeoutException: Expected condition failed: waiting for visibility of element located by By.xpath: //div[@class='imc-loading-relative']/div[3]/li/div/div/div/a (tried for 20 second(s) with 500 MILLISECONDS interval)
	at org.openqa.selenium.support.ui.WebDriverWait.timeoutException(WebDriverWait.java:80)
	at org.openqa.selenium.support.ui.FluentWait.until(FluentWait.java:232)
	at pageObjects.AtlantaMarket.ATLMarketPlannerPage.getFavoriteExhibitorNames(ATLMarketPlannerPage.java:1239)
	at atlantamarket_PROD.ExhibitorDigitalShowroom.TS001_VerifyAddToFavoritesTest(ExhibitorDigitalShowroom.java:123)
Caused by: org.openqa.selenium.NoSuchElementException: Cannot locate an element using By.xpath: //div[@class='imc-loading-relative']/div[3]/li/div/div/div/a
For documentation on this error, please visit: http://seleniumhq.org/exceptions/no_such_element.html
Build info: version: '3.4.0', revision: 'unknown', time: 'unknown'
System info: host: 'SWAPNILI', ip: '172.27.182.57', os.name: 'Windows 8.1', os.arch: 'amd64', os.version: '6.3', java.version: '1.8.0_161'
Driver info: driver.version: unknown
	at org.openqa.selenium.support.ui.ExpectedConditions.lambda$findElement$0(ExpectedConditions.java:883)
	at java.util.Optional.orElseThrow(Optional.java:290)
	at org.openqa.selenium.support.ui.ExpectedConditions.findElement(ExpectedConditions.java:882)
	at org.openqa.selenium.support.ui.ExpectedConditions.access$000(ExpectedConditions.java:44)
	at org.openqa.selenium.support.ui.ExpectedConditions$7.apply(ExpectedConditions.java:206)
	at org.openqa.selenium.support.ui.ExpectedConditions$7.apply(ExpectedConditions.java:202)
	at org.openqa.selenium.support.ui.FluentWait.until(FluentWait.java:209)
	... 26 more
... Removed 24 stack frames]]>
    </failure>
  </testcase> <!-- TS001_VerifyAddToFavoritesTest -->
  <testcase name="TS002_VerifyAddToExistingListWithPlusIconTest" time="84.975" classname="atlantamarket_PROD.ExhibitorDigitalShowroom">
    <failure type="org.openqa.selenium.TimeoutException" message="Expected condition failed: waiting for visibility of element located by By.xpath: //li[@class=&amp;apos;imc-list-edit--draggable&amp;apos;][1]/div/div[1]/div[1]/a (tried for 20 second(s) with 500 MILLISECONDS interval)">
      <![CDATA[org.openqa.selenium.TimeoutException: Expected condition failed: waiting for visibility of element located by By.xpath: //li[@class='imc-list-edit--draggable'][1]/div/div[1]/div[1]/a (tried for 20 second(s) with 500 MILLISECONDS interval)
	at org.openqa.selenium.support.ui.WebDriverWait.timeoutException(WebDriverWait.java:80)
	at org.openqa.selenium.support.ui.FluentWait.until(FluentWait.java:232)
	at pageObjects.AtlantaMarket.ATLMarketPlannerPage.getATLSavedExhNameInList(ATLMarketPlannerPage.java:480)
	at atlantamarket_PROD.ExhibitorDigitalShowroom.TS002_VerifyAddToExistingListWithPlusIconTest(ExhibitorDigitalShowroom.java:210)
Caused by: org.openqa.selenium.NoSuchElementException: Cannot locate an element using By.xpath: //li[@class='imc-list-edit--draggable'][1]/div/div[1]/div[1]/a
For documentation on this error, please visit: http://seleniumhq.org/exceptions/no_such_element.html
Build info: version: '3.4.0', revision: 'unknown', time: 'unknown'
System info: host: 'SWAPNILI', ip: '172.27.182.57', os.name: 'Windows 8.1', os.arch: 'amd64', os.version: '6.3', java.version: '1.8.0_161'
Driver info: driver.version: unknown
	at org.openqa.selenium.support.ui.ExpectedConditions.lambda$findElement$0(ExpectedConditions.java:883)
	at java.util.Optional.orElseThrow(Optional.java:290)
	at org.openqa.selenium.support.ui.ExpectedConditions.findElement(ExpectedConditions.java:882)
	at org.openqa.selenium.support.ui.ExpectedConditions.access$000(ExpectedConditions.java:44)
	at org.openqa.selenium.support.ui.ExpectedConditions$7.apply(ExpectedConditions.java:206)
	at org.openqa.selenium.support.ui.ExpectedConditions$7.apply(ExpectedConditions.java:202)
	at org.openqa.selenium.support.ui.FluentWait.until(FluentWait.java:209)
	... 26 more
... Removed 24 stack frames]]>
    </failure>
  </testcase> <!-- TS002_VerifyAddToExistingListWithPlusIconTest -->
  <testcase name="TS003_VerifyAddNoteListWithPlusIconTest" time="61.83" classname="atlantamarket_PROD.ExhibitorDigitalShowroom"/>
  <testcase name="TS004_VerifyClickOnLocationLinksForExhibitorDigitalShowroomTest" time="46.986" classname="atlantamarket_PROD.ExhibitorDigitalShowroom"/>
  <testcase name="TS005_VerifyClickOnContactExhIconForExhibitorTest" time="27.652" classname="atlantamarket_PROD.ExhibitorDigitalShowroom"/>
  <testcase name="TS006_VerifyClickOnTotalLinesSeeAllLinkForExhibitorTest" time="54.016" classname="atlantamarket_PROD.ExhibitorDigitalShowroom"/>
  <testcase name="TS007_VerifyClickOnProductShownLinkForExhibitorTest" time="62.548" classname="atlantamarket_PROD.ExhibitorDigitalShowroom"/>
  <testcase name="TS008_VerifyClickOnLineFiltersForExhibitorTest" time="34.74" classname="atlantamarket_PROD.ExhibitorDigitalShowroom"/>
  <testcase name="TS009_VerifyClickOnLineSearchForExhibitorTest" time="33.686" classname="atlantamarket_PROD.ExhibitorDigitalShowroom"/>
  <testcase name="TS010_VerifyExhibitorDigitalShowroomLinesComponentSeeAllLinesTest" time="42.868" classname="atlantamarket_PROD.ExhibitorDigitalShowroom"/>
  <testcase name="TS011_VerifyExhibitorDigitalShowroomProductsComponentOrderOnJuniperMarketTest" time="85.3" classname="atlantamarket_PROD.ExhibitorDigitalShowroom"/>
  <testcase name="TS012_VerifyExhibitorDigitalShowroomProductsComponentSeeAllProductsTest" time="49.251" classname="atlantamarket_PROD.ExhibitorDigitalShowroom"/>
  <testcase name="TS013_VerifySeeInOtherMarketsForExhibitorTest" time="79.658" classname="atlantamarket_PROD.ExhibitorDigitalShowroom"/>
  <testcase name="TS014_VerifyExhibitorDigitalShowroomCatalogsComponentSeeAllCatalogsTest" time="28.9" classname="atlantamarket_PROD.ExhibitorDigitalShowroom"/>
  <testcase name="TS015_VerifyExhibitorDigitalShowroomCatalogsComponentOrderOnJuniperMarketTest" time="26.823" classname="atlantamarket_PROD.ExhibitorDigitalShowroom"/>
  <testcase name="TS016_VerifyExhibitorDigitalShowroomHeroComponentVisitExhibitorsiteTest" time="31.242" classname="atlantamarket_PROD.ExhibitorDigitalShowroom"/>
  <testcase name="TS017_VerifyExhibitorDigitalShowroomHeroComponentView3DShowroomTest" time="32.383" classname="atlantamarket_PROD.ExhibitorDigitalShowroom"/>
  <testcase name="TS018_VerifyExhibitorDigitalEventsComponentTest" time="38.563" classname="atlantamarket_PROD.ExhibitorDigitalShowroom"/>
  <testcase name="TS019_VerifyCatalogsSectionForExhibitorTest" time="57.674" classname="atlantamarket_PROD.ExhibitorDigitalShowroom"/>
  <testcase name="TS020_VerifyExhibitorDigitalShowroomShowSpecialsTest" time="53.378" classname="atlantamarket_PROD.ExhibitorDigitalShowroom"/>
  <testcase name="TS021_VerifyExhibitorDigitalShowroomHeroComponentOrderOnJuniperMarketTest" time="45.269" classname="atlantamarket_PROD.ExhibitorDigitalShowroom"/>
</testsuite> <!-- RegressionTest -->
