<?xml version="1.0" encoding="UTF-8"?>
<!-- Generated by org.testng.reporters.JUnitXMLReporter -->
<testsuite hostname="swapnili" name="RegressionTest" tests="2" failures="0" timestamp="2 Nov 2022 10:46:57 GMT" time="59.076" errors="0">
  <testcase name="TS010_VerifyShowSpecialsLinksExhibitorNameTest" time="12.56" classname="atlantamarket_PROD.GlobalSearch_ShowSpecials"/>
  <testcase name="TS011_VerifyShowSpecialsLinksShowroomTest" time="11.714" classname="atlantamarket_PROD.GlobalSearch_ShowSpecials"/>
</testsuite> <!-- RegressionTest -->
