<?xml version="1.0" encoding="UTF-8"?>
<!-- Generated by org.testng.reporters.JUnitXMLReporter -->
<testsuite hostname="swapnili" name="RegressionTest" tests="11" failures="5" timestamp="31 Oct 2022 07:03:56 GMT" time="497.536" errors="0">
  <testcase name="TS001_VerifyGlobalSearchContainsAndStartsWithTest" time="13.554" classname="atlantamarket_PROD.GlobalSearch_MatchingResults"/>
  <testcase name="TS002_VerifyGlobalSearchMatchingResultsSortWithinTest" time="35.295" classname="atlantamarket_PROD.GlobalSearch_MatchingResults"/>
  <testcase name="TS003_VerifyGlobalSearchMatchingResultsSortSortByTest" time="24.251" classname="atlantamarket_PROD.GlobalSearch_MatchingResults">
    <failure type="java.lang.AssertionError" message=" List Should be sorted: Lists differ at element [1]: road runners != eleven point expected [road runners] but found [eleven point]">
      <![CDATA[java.lang.AssertionError:  List Should be sorted: Lists differ at element [1]: road runners != eleven point expected [road runners] but found [eleven point]
	at resources.Utility.Sorting(Utility.java:399)
	at atlantamarket_PROD.GlobalSearch_MatchingResults.TS003_VerifyGlobalSearchMatchingResultsSortSortByTest(GlobalSearch_MatchingResults.java:233)
... Removed 28 stack frames]]>
    </failure>
  </testcase> <!-- TS003_VerifyGlobalSearchMatchingResultsSortSortByTest -->
  <testcase name="TS004_VerifyGlobalSearchMatchingResultsSortFilterByNameTest" time="16.068" classname="atlantamarket_PROD.GlobalSearch_MatchingResults"/>
  <testcase name="TS005_VerifyGlobalSearchMatchingResultsSelectAddToFavoritesTest" time="102.867" classname="atlantamarket_PROD.GlobalSearch_MatchingResults">
    <failure type="java.lang.AssertionError" message="expected [true] but found [false]">
      <![CDATA[java.lang.AssertionError: expected [true] but found [false]
	at resources.Utility.checkItemPresentInListorNot(Utility.java:164)
	at atlantamarket_PROD.GlobalSearch_MatchingResults.TS005_VerifyGlobalSearchMatchingResultsSelectAddToFavoritesTest(GlobalSearch_MatchingResults.java:318)
... Removed 28 stack frames]]>
    </failure>
  </testcase> <!-- TS005_VerifyGlobalSearchMatchingResultsSelectAddToFavoritesTest -->
  <testcase name="TS006_VerifyGlobalSearchMatchingResultsSelectAddToExistingListTest" time="97.732" classname="atlantamarket_PROD.GlobalSearch_MatchingResults">
    <failure type="org.openqa.selenium.StaleElementReferenceException" message="stale element reference: element is not attached to the page document
  (Session info: chrome=107.0.5304.87)
For documentation on this error, please visit: http://seleniumhq.org/exceptions/stale_element_reference.html
Build info: version: &amp;apos;3.4.0&amp;apos;, revision: &amp;apos;unknown&amp;apos;, time: &amp;apos;unknown&amp;apos;
System info: host: &amp;apos;SWAPNILI&amp;apos;, ip: &amp;apos;172.27.182.57&amp;apos;, os.name: &amp;apos;Windows 8.1&amp;apos;, os.arch: &amp;apos;amd64&amp;apos;, os.version: &amp;apos;6.3&amp;apos;, java.version: &amp;apos;1.8.0_161&amp;apos;
Driver info: org.openqa.selenium.chrome.ChromeDriver
Capabilities [{networkConnectionEnabled=false, chrome={chromedriverVersion=107.0.5304.62 (1eec40d3a5764881c92085aaee66d25075c159aa-refs/branch-heads/5304@{#942}), userDataDir=C:\Users\swapnili\AppData\Local\Temp\scoped_dir8212_706654795}, timeouts={implicit=0.0, pageLoad=300000.0, script=30000.0}, pageLoadStrategy=normal, unhandledPromptBehavior=dismiss and notify, strictFileInteractability=false, platform=ANY, proxy=Proxy(), goog:chromeOptions={debuggerAddress=localhost:50919}, webauthn:extension:credBlob=true, acceptInsecureCerts=false, browserVersion=107.0.5304.87, browserName=chrome, javascriptEnabled=true, platformName=windows, setWindowRect=true, webauthn:extension:largeBlob=true, webauthn:virtualAuthenticators=true}]
Session ID: afe62d97e937f537208784a093f534ec">
      <![CDATA[org.openqa.selenium.StaleElementReferenceException: stale element reference: element is not attached to the page document
  (Session info: chrome=107.0.5304.87)
For documentation on this error, please visit: http://seleniumhq.org/exceptions/stale_element_reference.html
Build info: version: '3.4.0', revision: 'unknown', time: 'unknown'
System info: host: 'SWAPNILI', ip: '172.27.182.57', os.name: 'Windows 8.1', os.arch: 'amd64', os.version: '6.3', java.version: '1.8.0_161'
Driver info: org.openqa.selenium.chrome.ChromeDriver
Capabilities [{networkConnectionEnabled=false, chrome={chromedriverVersion=107.0.5304.62 (1eec40d3a5764881c92085aaee66d25075c159aa-refs/branch-heads/5304@{#942}), userDataDir=C:\Users\swapnili\AppData\Local\Temp\scoped_dir8212_706654795}, timeouts={implicit=0.0, pageLoad=300000.0, script=30000.0}, pageLoadStrategy=normal, unhandledPromptBehavior=dismiss and notify, strictFileInteractability=false, platform=ANY, proxy=Proxy(), goog:chromeOptions={debuggerAddress=localhost:50919}, webauthn:extension:credBlob=true, acceptInsecureCerts=false, browserVersion=107.0.5304.87, browserName=chrome, javascriptEnabled=true, platformName=windows, setWindowRect=true, webauthn:extension:largeBlob=true, webauthn:virtualAuthenticators=true}]
Session ID: afe62d97e937f537208784a093f534ec
	at org.openqa.selenium.remote.http.W3CHttpResponseCodec.createException(W3CHttpResponseCodec.java:150)
	at org.openqa.selenium.remote.http.W3CHttpResponseCodec.decode(W3CHttpResponseCodec.java:115)
	at org.openqa.selenium.remote.http.W3CHttpResponseCodec.decode(W3CHttpResponseCodec.java:45)
	at org.openqa.selenium.remote.HttpCommandExecutor.execute(HttpCommandExecutor.java:164)
	at org.openqa.selenium.remote.service.DriverCommandExecutor.execute(DriverCommandExecutor.java:82)
	at org.openqa.selenium.remote.RemoteWebDriver.execute(RemoteWebDriver.java:637)
	at org.openqa.selenium.remote.RemoteWebElement.execute(RemoteWebElement.java:272)
	at org.openqa.selenium.remote.RemoteWebElement.getText(RemoteWebElement.java:156)
	at resources.Utility.checkItemPresentInListorNot(Utility.java:154)
	at atlantamarket_PROD.GlobalSearch_MatchingResults.TS006_VerifyGlobalSearchMatchingResultsSelectAddToExistingListTest(GlobalSearch_MatchingResults.java:377)
... Removed 28 stack frames]]>
    </failure>
  </testcase> <!-- TS006_VerifyGlobalSearchMatchingResultsSelectAddToExistingListTest -->
  <testcase name="TS007_VerifyGlobalSearchMatchingResultsSelectAddToNewlyCreatedListTest" time="109.399" classname="atlantamarket_PROD.GlobalSearch_MatchingResults"/>
  <testcase name="TS008_VerifyGlobalSearchMatchingResultsUsePreviousSavedSearchTest" time="9.973" classname="atlantamarket_PROD.GlobalSearch_MatchingResults">
    <failure type="java.lang.AssertionError" message="expected [true] but found [false]">
      <![CDATA[java.lang.AssertionError: expected [true] but found [false]
	at atlantamarket_PROD.GlobalSearch_MatchingResults.TS008_VerifyGlobalSearchMatchingResultsUsePreviousSavedSearchTest(GlobalSearch_MatchingResults.java:477)
... Removed 28 stack frames]]>
    </failure>
  </testcase> <!-- TS008_VerifyGlobalSearchMatchingResultsUsePreviousSavedSearchTest -->
  <testcase name="TS009_VerifyGlobalSearchMatchingResultsSavedSearchesTest" time="12.835" classname="atlantamarket_PROD.GlobalSearch_MatchingResults">
    <failure type="java.lang.AssertionError" message="expected [true] but found [false]">
      <![CDATA[java.lang.AssertionError: expected [true] but found [false]
	at resources.Utility.checkItemPresentInListorNot(Utility.java:164)
	at atlantamarket_PROD.GlobalSearch_MatchingResults.TS009_VerifyGlobalSearchMatchingResultsSavedSearchesTest(GlobalSearch_MatchingResults.java:555)
... Removed 28 stack frames]]>
    </failure>
  </testcase> <!-- TS009_VerifyGlobalSearchMatchingResultsSavedSearchesTest -->
  <testcase name="TS010_VerifyShowSpecialsLinksExhibitorNameTest" time="12.64" classname="atlantamarket_PROD.GlobalSearch_MatchingResults"/>
  <testcase name="TS011_VerifyShowSpecialsLinksShowroomTest" time="12.23" classname="atlantamarket_PROD.GlobalSearch_MatchingResults"/>
</testsuite> <!-- RegressionTest -->
