<?xml version="1.0" encoding="UTF-8"?>
<!-- Generated by org.testng.reporters.JUnitXMLReporter -->
<testsuite hostname="swapnili" name="RegressionTest" tests="11" failures="2" timestamp="26 Oct 2022 10:27:01 GMT" time="406.662" errors="0">
  <testcase name="TS001_VerifyGlobalSearchContainsAndStartsWithTest" time="15.928" classname="atlantamarket_PROD.GlobalSearch_MatchingResults"/>
  <testcase name="TS002_VerifyGlobalSearchMatchingResultsSortWithinTest" time="36.252" classname="atlantamarket_PROD.GlobalSearch_MatchingResults"/>
  <testcase name="TS003_VerifyGlobalSearchMatchingResultsSortSortByTest" time="24.729" classname="atlantamarket_PROD.GlobalSearch_MatchingResults">
    <failure type="java.lang.AssertionError" message=" List Should be sorted: Lists differ at element [1]: road runners != eleven point expected [road runners] but found [eleven point]">
      <![CDATA[java.lang.AssertionError:  List Should be sorted: Lists differ at element [1]: road runners != eleven point expected [road runners] but found [eleven point]
	at resources.Utility.Sorting(Utility.java:399)
	at atlantamarket_PROD.GlobalSearch_MatchingResults.TS003_VerifyGlobalSearchMatchingResultsSortSortByTest(GlobalSearch_MatchingResults.java:233)
... Removed 28 stack frames]]>
    </failure>
  </testcase> <!-- TS003_VerifyGlobalSearchMatchingResultsSortSortByTest -->
  <testcase name="TS004_VerifyGlobalSearchMatchingResultsSortFilterByNameTest" time="16.059" classname="atlantamarket_PROD.GlobalSearch_MatchingResults"/>
  <testcase name="TS005_VerifyGlobalSearchMatchingResultsSelectAddToFavoritesTest" time="51.205" classname="atlantamarket_PROD.GlobalSearch_MatchingResults">
    <failure type="java.lang.AssertionError" message="expected [true] but found [false]">
      <![CDATA[java.lang.AssertionError: expected [true] but found [false]
	at resources.Utility.checkItemPresentInListorNot(Utility.java:164)
	at atlantamarket_PROD.GlobalSearch_MatchingResults.TS005_VerifyGlobalSearchMatchingResultsSelectAddToFavoritesTest(GlobalSearch_MatchingResults.java:318)
... Removed 28 stack frames]]>
    </failure>
  </testcase> <!-- TS005_VerifyGlobalSearchMatchingResultsSelectAddToFavoritesTest -->
  <testcase name="TS006_VerifyGlobalSearchMatchingResultsSelectAddToExistingListTest" time="83.457" classname="atlantamarket_PROD.GlobalSearch_MatchingResults"/>
  <testcase name="TS007_VerifyGlobalSearchMatchingResultsSelectAddToNewlyCreatedListTest" time="94.168" classname="atlantamarket_PROD.GlobalSearch_MatchingResults"/>
  <testcase name="TS008_VerifyGlobalSearchMatchingResultsUsePreviousSavedSearchTest" time="15.686" classname="atlantamarket_PROD.GlobalSearch_MatchingResults"/>
  <testcase name="TS009_VerifyGlobalSearchMatchingResultsSavedSearchesTest" time="12.149" classname="atlantamarket_PROD.GlobalSearch_MatchingResults"/>
  <testcase name="TS010_VerifyShowSpecialsLinksExhibitorNameTest" time="13.049" classname="atlantamarket_PROD.GlobalSearch_MatchingResults"/>
  <testcase name="TS011_VerifyShowSpecialsLinksShowroomTest" time="11.762" classname="atlantamarket_PROD.GlobalSearch_MatchingResults"/>
</testsuite> <!-- RegressionTest -->
