<?xml version="1.0" encoding="UTF-8"?>
<!-- Generated by org.testng.reporters.JUnitXMLReporter -->
<testsuite hostname="swapnili" name="RegressionTest" tests="11" failures="0" timestamp="8 Nov 2022 09:08:00 GMT" time="271.913" errors="0">
  <testcase name="@BeforeClass initialize" time="0.0" classname="atlantamarket_PROD.LineDigitalShowroom">
    <failure type="org.openqa.selenium.WebDriverException" message="target frame detached
  (failed to check if window was closed: disconnected: Unable to receive message from renderer)
  (Session info: chrome=107.0.5304.88)
Build info: version: &amp;apos;3.4.0&amp;apos;, revision: &amp;apos;unknown&amp;apos;, time: &amp;apos;unknown&amp;apos;
System info: host: &amp;apos;SWAPNILI&amp;apos;, ip: &amp;apos;172.27.182.57&amp;apos;, os.name: &amp;apos;Windows 8.1&amp;apos;, os.arch: &amp;apos;amd64&amp;apos;, os.version: &amp;apos;6.3&amp;apos;, java.version: &amp;apos;1.8.0_161&amp;apos;
Driver info: org.openqa.selenium.chrome.ChromeDriver
Capabilities [{networkConnectionEnabled=false, chrome={chromedriverVersion=107.0.5304.62 (1eec40d3a5764881c92085aaee66d25075c159aa-refs/branch-heads/5304@{#942}), userDataDir=C:\Users\swapnili\AppData\Local\Temp\scoped_dir16744_503176638}, timeouts={implicit=0.0, pageLoad=300000.0, script=30000.0}, pageLoadStrategy=normal, unhandledPromptBehavior=dismiss and notify, strictFileInteractability=false, platform=ANY, proxy=Proxy(), goog:chromeOptions={debuggerAddress=localhost:52805}, webauthn:extension:credBlob=true, acceptInsecureCerts=false, browserVersion=107.0.5304.88, browserName=chrome, javascriptEnabled=true, platformName=windows, setWindowRect=true, webauthn:extension:largeBlob=true, webauthn:virtualAuthenticators=true}]
Session ID: cc50696f2a467037f510fc10a6d0c5f6">
      <![CDATA[org.openqa.selenium.WebDriverException: target frame detached
  (failed to check if window was closed: disconnected: Unable to receive message from renderer)
  (Session info: chrome=107.0.5304.88)
Build info: version: '3.4.0', revision: 'unknown', time: 'unknown'
System info: host: 'SWAPNILI', ip: '172.27.182.57', os.name: 'Windows 8.1', os.arch: 'amd64', os.version: '6.3', java.version: '1.8.0_161'
Driver info: org.openqa.selenium.chrome.ChromeDriver
Capabilities [{networkConnectionEnabled=false, chrome={chromedriverVersion=107.0.5304.62 (1eec40d3a5764881c92085aaee66d25075c159aa-refs/branch-heads/5304@{#942}), userDataDir=C:\Users\swapnili\AppData\Local\Temp\scoped_dir16744_503176638}, timeouts={implicit=0.0, pageLoad=300000.0, script=30000.0}, pageLoadStrategy=normal, unhandledPromptBehavior=dismiss and notify, strictFileInteractability=false, platform=ANY, proxy=Proxy(), goog:chromeOptions={debuggerAddress=localhost:52805}, webauthn:extension:credBlob=true, acceptInsecureCerts=false, browserVersion=107.0.5304.88, browserName=chrome, javascriptEnabled=true, platformName=windows, setWindowRect=true, webauthn:extension:largeBlob=true, webauthn:virtualAuthenticators=true}]
Session ID: cc50696f2a467037f510fc10a6d0c5f6
	at org.openqa.selenium.remote.http.W3CHttpResponseCodec.createException(W3CHttpResponseCodec.java:150)
	at org.openqa.selenium.remote.http.W3CHttpResponseCodec.decode(W3CHttpResponseCodec.java:115)
	at org.openqa.selenium.remote.http.W3CHttpResponseCodec.decode(W3CHttpResponseCodec.java:45)
	at org.openqa.selenium.remote.HttpCommandExecutor.execute(HttpCommandExecutor.java:164)
	at org.openqa.selenium.remote.service.DriverCommandExecutor.execute(DriverCommandExecutor.java:82)
	at org.openqa.selenium.remote.RemoteWebDriver.execute(RemoteWebDriver.java:637)
	at org.openqa.selenium.remote.RemoteWebDriver.get(RemoteWebDriver.java:364)
	at atlantamarket_PROD.LineDigitalShowroom.initialize(LineDigitalShowroom.java:55)
... Removed 28 stack frames]]>
    </failure>
  </testcase> <!-- @BeforeClass initialize -->
  <testcase name="@AfterClass tearDown" time="0.0" classname="atlantamarket_PROD.LineDigitalShowroom">
    <skipped/>
  </testcase> <!-- @AfterClass tearDown -->
  <testcase name="TS001_VerifyLineDigitalShowroomHeroComponentShownByExhibitorNamaeTest" time="0.1" classname="atlantamarket_PROD.LineDigitalShowroom">
    <skipped/>
  </testcase> <!-- TS001_VerifyLineDigitalShowroomHeroComponentShownByExhibitorNamaeTest -->
  <testcase name="TS002_VerifyLineDigitalShowroomHeroComponentLocationLinksTest" time="0.003" classname="atlantamarket_PROD.LineDigitalShowroom">
    <skipped/>
  </testcase> <!-- TS002_VerifyLineDigitalShowroomHeroComponentLocationLinksTest -->
  <testcase name="TS003_VerifyLineDigitalShowroomHeroComponentAddToFavoriteTest" time="0.003" classname="atlantamarket_PROD.LineDigitalShowroom">
    <skipped/>
  </testcase> <!-- TS003_VerifyLineDigitalShowroomHeroComponentAddToFavoriteTest -->
  <testcase name="TS004_VerifyLineDigitalShowroomHeroComponentAddTolistTest" time="0.002" classname="atlantamarket_PROD.LineDigitalShowroom">
    <skipped/>
  </testcase> <!-- TS004_VerifyLineDigitalShowroomHeroComponentAddTolistTest -->
  <testcase name="TS005_VerifyLineDigitalShowroomHeroComponentAddNoteTest" time="0.003" classname="atlantamarket_PROD.LineDigitalShowroom">
    <skipped/>
  </testcase> <!-- TS005_VerifyLineDigitalShowroomHeroComponentAddNoteTest -->
  <testcase name="TS006_VerifyLineDigitalShowroomHeroComponentOrderOnJuniperMarketTest" time="0.003" classname="atlantamarket_PROD.LineDigitalShowroom">
    <skipped/>
  </testcase> <!-- TS006_VerifyLineDigitalShowroomHeroComponentOrderOnJuniperMarketTest -->
  <testcase name="TS007_VerifyLineDigitalShowroomHeroComponentProductsComponentCountTest" time="0.004" classname="atlantamarket_PROD.LineDigitalShowroom">
    <skipped/>
  </testcase> <!-- TS007_VerifyLineDigitalShowroomHeroComponentProductsComponentCountTest -->
  <testcase name="TS008_VerifyLineDigitalShowroomProductscomponentTest" time="0.007" classname="atlantamarket_PROD.LineDigitalShowroom">
    <skipped/>
  </testcase> <!-- TS008_VerifyLineDigitalShowroomProductscomponentTest -->
  <testcase name="TS009_VerifyLineDigitalShowroomProductscomponentOrderOnJuniperMarketTest" time="0.003" classname="atlantamarket_PROD.LineDigitalShowroom">
    <skipped/>
  </testcase> <!-- TS009_VerifyLineDigitalShowroomProductscomponentOrderOnJuniperMarketTest -->
  <testcase name="TS010_VerifyLineDigitalShowroomProductscomponentSeeAllProductsTest" time="0.004" classname="atlantamarket_PROD.LineDigitalShowroom">
    <skipped/>
  </testcase> <!-- TS010_VerifyLineDigitalShowroomProductscomponentSeeAllProductsTest -->
  <testcase name="TS011_VerifyLineDigitalShowroomProductscomponentSelectProductTest" time="0.002" classname="atlantamarket_PROD.LineDigitalShowroom">
    <skipped/>
  </testcase> <!-- TS011_VerifyLineDigitalShowroomProductscomponentSelectProductTest -->
</testsuite> <!-- RegressionTest -->
