<?xml version="1.0" encoding="UTF-8"?>
<!-- Generated by org.testng.reporters.JUnitXMLReporter -->
<testsuite hostname="Anuppa-VD3" name="RegressionTest" tests="1" failures="1" timestamp="9 Mar 2023 05:53:51 GMT" time="113.132" errors="0">
  <testcase name="TS001_VerifyAddToFavoriteForExhibitorTest" time="25.465" classname="lasvegasmarket_UAT.GlobalSearch_ExhibitorActions">
    <failure type="java.lang.AssertionError" message="expected [true] but found [false]">
      <![CDATA[java.lang.AssertionError: expected [true] but found [false]
	at lasvegasmarket_UAT.GlobalSearch_ExhibitorActions.TS001_VerifyAddToFavoriteForExhibitorTest(GlobalSearch_ExhibitorActions.java:95)
... Removed 28 stack frames]]>
    </failure>
  </testcase> <!-- TS001_VerifyAddToFavoriteForExhibitorTest -->
</testsuite> <!-- RegressionTest -->
