<?xml version="1.0" encoding="UTF-8"?>
<!-- Generated by org.testng.reporters.JUnitXMLReporter -->
<testsuite ignored="30" hostname="CVC2446" failures="6" tests="93" name="RegressionTest" time="5653.8" errors="0" timestamp="2025-07-04T16:17:08 IST">
  <testcase classname="lasvegasmarket_PROD.EvenntsAndWebinar" name="TS001_VerifyEventsAndWebinarsOverviewTest" time="15.618"/>
  <testcase classname="lasvegasmarket_PROD.EvenntsAndWebinar" name="TS002_VerifyAllEventsSearchbarTest" time="28.916"/>
  <testcase classname="lasvegasmarket_PROD.EvenntsAndWebinar" name="TS003_VerifyMarketEventsSearchbarTest" time="29.062"/>
  <testcase classname="lasvegasmarket_PROD.EvenntsAndWebinar" name="TS004_VerifyExhibitorsEventsSearchbarTest" time="29.767"/>
  <testcase classname="lasvegasmarket_PROD.EvenntsAndWebinar" name="TS005_VerifyIMCEventsCalendarViewTest" time="23.143"/>
  <testcase classname="lasvegasmarket_PROD.EvenntsAndWebinar" name="TS006_VerifySelectedCalendarEventDateAndSearchEventsTest" time="13.492"/>
  <testcase classname="lasvegasmarket_PROD.EvenntsAndWebinar" name="TS007_VerifyIMCEventsEventsListTest" time="23.198"/>
  <testcase classname="lasvegasmarket_PROD.EvenntsAndWebinar" name="TS008_VerifyExhibitorEventsListTest" time="20.256"/>
  <testcase classname="lasvegasmarket_PROD.EvenntsAndWebinar" name="TS009_VerifyEventTypeDropdownTest" time="29.194"/>
  <testcase classname="lasvegasmarket_PROD.EvenntsAndWebinar" name="TS0010_VerifyEventDateRangeSearchBoxTest" time="47.08"/>
  <testcase classname="lasvegasmarket_PROD.EvenntsAndWebinar" name="TS0011_VerifyMarketEventDateRangeSearchBoxTest" time="47.776"/>
  <testcase classname="lasvegasmarket_PROD.EvenntsAndWebinar" name="TS0012_VerifyExhibitorEventDateRangeSearchBoxTest" time="47.189"/>
  <testcase classname="lasvegasmarket_PROD.EvenntsAndWebinar" name="TS0013_VerifyEventCalendarResetButtonTest" time="17.755"/>
  <testcase classname="lasvegasmarket_PROD.ExhibitorDigitalShowroom" name="TS001_VerifyClickOnLocationLinksForExhibitorDigitalShowroomTest" time="32.372"/>
  <testcase classname="lasvegasmarket_PROD.ExhibitorDigitalShowroom" name="TS002_VerifyClickOnTotalLinesSeeAllLinesForExhibitorTest" time="75.461"/>
  <testcase classname="lasvegasmarket_PROD.ExhibitorDigitalShowroom" name="TS003_VerifyClickOnProductShownLinkForExhibitorTest" time="56.766"/>
  <testcase classname="lasvegasmarket_PROD.ExhibitorDigitalShowroom" name="TS004_VerifyClickOnLineFiltersForExhibitorTest" time="42.089"/>
  <testcase classname="lasvegasmarket_PROD.ExhibitorDigitalShowroom" name="TS005_VerifyClickOnLineSearchForExhibitorTest" time="42.422"/>
  <testcase classname="lasvegasmarket_PROD.ExhibitorDigitalShowroom" name="TS008_VerifySeeInOtherMarketsForExhibitorTest" time="41.119"/>
  <testcase classname="lasvegasmarket_PROD.ExhibitorDigitalShowroom" name="TS007_VerifyExhibitorDigitalShowroomProductsComponentSeeAllProductsTest" time="32.23"/>
  <testcase classname="lasvegasmarket_PROD.ExhibitorDigitalShowroom" name="TS006_VerifyExhibitorDigitalShowroomLinesComponentSeeAllLinesTest" time="28.412"/>
  <testcase classname="lasvegasmarket_PROD.ExhibitorDigitalShowroom" name="TS009_VerifyExhibitorDigitalShowroomCatalogsComponentSeeAllCatalogsTest" time="78.081"/>
  <testcase classname="lasvegasmarket_PROD.ExhibitorDigitalShowroom" name="TS012_VerifyExhibitorDigitalEventsComponentTest" time="123.601"/>
  <testcase classname="lasvegasmarket_PROD.ExhibitorDigitalShowroom" name="TS011_VerifyExhibitorDigitalShowroomHeroComponentView3DShowroomTest" time="33.69"/>
  <testcase classname="lasvegasmarket_PROD.ExhibitorDigitalShowroom" name="TS010_VerifyExhibitorDigitalShowroomHeroComponentVisitExhibitorsiteTest" time="51.379"/>
  <testcase classname="lasvegasmarket_PROD.ExhibitorDigitalShowroom" name="TS014_VerifyExhibitorDigitalShowroomShowSpecialsTest" time="107.414"/>
  <testcase classname="lasvegasmarket_PROD.ExhibitorDigitalShowroom" name="TS013_VerifyCatalogsSectionForExhibitorTest" time="73.328"/>
  <testcase classname="lasvegasmarket_PROD.ExhibitorDigitalShowroom" name="TS015_VerifyExhibitorDigitalShowroomHeroComponentContactExhibitorTest" time="31.184"/>
  <testcase classname="lasvegasmarket_PROD.FloorPlans" name="TS001_VerifyNavigationToDifferentFloorBuildingsTest" time="27.056"/>
  <testcase classname="lasvegasmarket_PROD.FloorPlans" name="TS002_VerifyNoExhibitorsOnThisFloorMessageTest" time="22.474"/>
  <testcase classname="lasvegasmarket_PROD.FloorPlans" name="TS003_VerifyZoomInOutLevelOnFloorPlansPageTest" time="17.947"/>
  <testcase classname="lasvegasmarket_PROD.FloorPlans" name="TS004_VerifyIconsOnFloorPlansPageTest" time="20.349"/>
  <testcase classname="lasvegasmarket_PROD.FloorPlans" name="TS005_VerifyFunctionalityOfFiltersOFloorPlansPageTest" time="72.517"/>
  <testcase classname="lasvegasmarket_PROD.FloorPlans" name="TS006_VerifyPaginationOnFloorPlansPageTest" time="27.381"/>
  <testcase classname="lasvegasmarket_PROD.FloorPlans" name="TS007_VerifySelectionOfExhibitorOnFloorPlansPageTest" time="40.466"/>
  <testcase classname="lasvegasmarket_PROD.FloorPlans" name="TS008_VerifyClickOnReturnToBuildingListBtnTest" time="19.89"/>
  <testcase classname="lasvegasmarket_PROD.FloorPlans" name="TS009_VerifySearchFunctionalityForExhListOnFloorPlansPageTest" time="53.885"/>
  <testcase classname="lasvegasmarket_PROD.GlobalSearch_ExhibitorActions" name="TS001_VerifyClickOnContactExhIconForExhibitorTest" time="22.496"/>
  <testcase classname="lasvegasmarket_PROD.GlobalSearch_ExhibitorActions" name="TS002_VerifyClickOnLocationLinksForExhibitorTest" time="27.31"/>
  <testcase classname="lasvegasmarket_PROD.GlobalSearch_ExhibitorActions" name="TS003_VerifyClickOnLinesShownLinkForExhibitorTest" time="39.829"/>
  <testcase classname="lasvegasmarket_PROD.GlobalSearch_ExhibitorActions" name="TS004_VerifyClickOnTotalProductsSeeAllLinkForExhibitorTest" time="44.004">
    <failure type="java.lang.AssertionError" message="expected [36389] but found [153]">
      <![CDATA[java.lang.AssertionError: expected [36389] but found [153]
at lasvegasmarket_PROD.GlobalSearch_ExhibitorActions.TS004_VerifyClickOnTotalProductsSeeAllLinkForExhibitorTest(GlobalSearch_ExhibitorActions.java:237)
at java.base/java.util.ArrayList.forEach(ArrayList.java:1596)
... Removed 31 stack frames]]>
    </failure>
  </testcase> <!-- TS004_VerifyClickOnTotalProductsSeeAllLinkForExhibitorTest -->
  <testcase classname="lasvegasmarket_PROD.GlobalSearch_ExhibitorActions" name="TS006_VerifySelectionOfExhibitorFromSearchResultsTest" time="50.883"/>
  <testcase classname="lasvegasmarket_PROD.GlobalSearch_LeftPaneFilters" name="TS001_VerifySelectionOfApparelVintageProdCatgFromLeftPaneFiltersTest" time="54.731"/>
  <testcase classname="lasvegasmarket_PROD.GlobalSearch_LeftPaneFilters" name="TS002_VerifySelectionOfAntiqueVintageProdCatgFromLeftPaneFiltersTest" time="282.408"/>
  <testcase classname="lasvegasmarket_PROD.GlobalSearch_LeftPaneFilters" name="TS003_VerifyCombinationWithinProdCatgFromLeftPaneFiltersTest" time="64.985"/>
  <testcase classname="lasvegasmarket_PROD.GlobalSearch_LeftPaneFilters" name="TS004_VerifyCombinationOfProdCatgWithStylesFromLeftPaneFiltersTest" time="370.326"/>
  <testcase classname="lasvegasmarket_PROD.GlobalSearch_LeftPaneFilters" name="TS005_VerifySelectionOfAccentFurnitureProdCatgFromLeftPaneFiltersTest" time="137.542"/>
  <testcase classname="lasvegasmarket_PROD.GlobalSearch_LeftPaneFilters" name="TS006_VerifySelectionOfHolidayProdCatgFromLeftPaneFiltersTest" time="71.575"/>
  <testcase classname="lasvegasmarket_PROD.GlobalSearch_LeftPaneFilters" name="TS007_VerifySelectionOfDecorativeAccessProdCatgFromLeftPaneFiltersTest" time="74.592"/>
  <testcase classname="lasvegasmarket_PROD.GlobalSearch_LeftPaneFilters" name="TS008_VerifySelectionOfGeneralGiftProdCatgFromLeftPaneFiltersTest" time="69.545"/>
  <testcase classname="lasvegasmarket_PROD.GlobalSearch_LeftPaneFilters" name="TS009_VerifySelectionOfFashionAccProdCatgFromLeftPaneFiltersTest" time="70.611"/>
  <testcase classname="lasvegasmarket_PROD.GlobalSearch_LeftPaneFilters" name="TS010_VerifySelectionOfFloralBotanicalsProdCatgFromLeftPaneFiltersTest" time="71.33"/>
  <testcase classname="lasvegasmarket_PROD.GlobalSearch_LeftPaneFilters" name="TS011_VerifySelectionOfHomeTextilesProdCatgFromLeftPaneFiltersTest" time="70.928"/>
  <testcase classname="lasvegasmarket_PROD.GlobalSearch_LeftPaneFilters" name="TS012_VerifyNewExhibitorButtonFromLeftPaneFiltersTest" time="41.438"/>
  <testcase classname="lasvegasmarket_PROD.GlobalSearch_LeftPaneFilters" name="TS013_VerifyHasShowSpecialsFromLeftPaneFiltersTest" time="39.288"/>
  <testcase classname="lasvegasmarket_PROD.GlobalSearch_LeftPaneFilters" name="TS014_VerifyTemporaryButtonFromLeftPaneFiltersTest" time="32.065"/>
  <testcase classname="lasvegasmarket_PROD.GlobalSearch_LineActions" name="TS001_VerifyClickOnShownByExhibitorNameLinkForLineTest" time="27.361"/>
  <testcase classname="lasvegasmarket_PROD.GlobalSearch_LineActions" name="TS002_VerifyClickOnLocationLinkForLineTest" time="28.893"/>
  <testcase classname="lasvegasmarket_PROD.GlobalSearch_LineActions" name="TS003_VerifyClickOnMatchingProductsSeeAllLinkForLineTest" time="50.397">
    <failure type="java.lang.AssertionError" message="expected [4789] but found [4790]">
      <![CDATA[java.lang.AssertionError: expected [4789] but found [4790]
at lasvegasmarket_PROD.GlobalSearch_LineActions.TS003_VerifyClickOnMatchingProductsSeeAllLinkForLineTest(GlobalSearch_LineActions.java:223)
at java.base/java.util.ArrayList.forEach(ArrayList.java:1596)
... Removed 31 stack frames]]>
    </failure>
  </testcase> <!-- TS003_VerifyClickOnMatchingProductsSeeAllLinkForLineTest -->
  <testcase classname="lasvegasmarket_PROD.GlobalSearch_MatchingResults" name="TS001_VerifyGlobalSearchContainsAndStartsWithTest" time="9.401"/>
  <testcase classname="lasvegasmarket_PROD.GlobalSearch_MatchingResults" name="TS002_VerifyGlobalSearchMatchingResultsSortWithinTest" time="62.468"/>
  <testcase classname="lasvegasmarket_PROD.GlobalSearch_MatchingResults" name="TS003_VerifyGlobalSearchMatchingResultsSortSortByAscendingOrderTest" time="58.75"/>
  <testcase classname="lasvegasmarket_PROD.GlobalSearch_MatchingResults" name="TS003_VerifyGlobalSearchMatchingResultsSortSortByDscendingOrderTest" time="58.603"/>
  <testcase classname="lasvegasmarket_PROD.GlobalSearch_MatchingResults" name="TS003_VerifyGlobalSearchMatchingResultsSortSortByMatchingProductCountDescendingTest" time="43.415"/>
  <testcase classname="lasvegasmarket_PROD.GlobalSearch_MatchingResults" name="TS003_VerifyGlobalSearchMatchingResultsSortSortByMatchingProductCountAscendingTest" time="58.993"/>
  <testcase classname="lasvegasmarket_PROD.GlobalSearch_MatchingResults" name="TS004_VerifyGlobalSearchMatchingResultsSortFilterByNameTest" time="54.778"/>
  <testcase classname="lasvegasmarket_PROD.GlobalSearch_ProductActions" name="TS001_VerifyClickOnProductSeeDetailsBtnOnSearchResultsGridTest" time="48.521"/>
  <testcase classname="lasvegasmarket_PROD.GlobalSearch_ProductActions" name="TS002_VerifyFullScreenViewerOnProductDetailsPageTest" time="62.927"/>
  <testcase classname="lasvegasmarket_PROD.GlobalSearch_SearchFor" name="TS001_VerifyInformationTabInGlobalSearchTest" time="55.493"/>
  <testcase classname="lasvegasmarket_PROD.GlobalSearch_SearchFor" name="TS002_VerifyInformationSearchFunctionalityInGlobalSearchTest" time="68.601"/>
  <testcase classname="lasvegasmarket_PROD.GlobalSearch_SearchFor" name="TS004_VerifyCatalogsOverviewInGlobalSearchTest" time="164.811">
    <failure type="org.openqa.selenium.TimeoutException" message="Expected condition failed: waiting for visibility of element located by By.xpath: (//span[contains(text(),&amp;apos;See&amp;apos;) and contains(text(),&amp;apos;Catalog&amp;apos;)])[1] (tried for 40 second(s) with 500 milliseconds interval)
Build info: version: &amp;apos;4.25.0&amp;apos;, revision: &amp;apos;8a8aea2337&amp;apos;
System info: os.name: &amp;apos;Windows 11&amp;apos;, os.arch: &amp;apos;amd64&amp;apos;, os.version: &amp;apos;10.0&amp;apos;, java.version: &amp;apos;21.0.3&amp;apos;
Driver info: org.openqa.selenium.chrome.ChromeDriver
Capabilities {acceptInsecureCerts: false, browserName: chrome, browserVersion: 137.0.7151.122, chrome: {chromedriverVersion: 137.0.7151.119 (e0ac9d12dff..., userDataDir: C:\Users\swapnili\AppData\L...}, fedcm:accounts: true, goog:chromeOptions: {debuggerAddress: localhost:51834}, networkConnectionEnabled: false, pageLoadStrategy: normal, platformName: windows, proxy: Proxy(), se:cdp: ws://localhost:51834/devtoo..., se:cdpVersion: 137.0.7151.122, setWindowRect: true, strictFileInteractability: false, timeouts: {implicit: 0, pageLoad: 300000, script: 30000}, unhandledPromptBehavior: dismiss and notify, webauthn:extension:credBlob: true, webauthn:extension:largeBlob: true, webauthn:extension:minPinLength: true, webauthn:extension:prf: true, webauthn:virtualAuthenticators: true}
Session ID: 810a95c3c95fb3d58be52be03ebb232b">
      <![CDATA[org.openqa.selenium.TimeoutException: Expected condition failed: waiting for visibility of element located by By.xpath: (//span[contains(text(),'See') and contains(text(),'Catalog')])[1] (tried for 40 second(s) with 500 milliseconds interval)
Build info: version: '4.25.0', revision: '8a8aea2337'
System info: os.name: 'Windows 11', os.arch: 'amd64', os.version: '10.0', java.version: '21.0.3'
Driver info: org.openqa.selenium.chrome.ChromeDriver
Capabilities {acceptInsecureCerts: false, browserName: chrome, browserVersion: 137.0.7151.122, chrome: {chromedriverVersion: 137.0.7151.119 (e0ac9d12dff..., userDataDir: C:\Users\swapnili\AppData\L...}, fedcm:accounts: true, goog:chromeOptions: {debuggerAddress: localhost:51834}, networkConnectionEnabled: false, pageLoadStrategy: normal, platformName: windows, proxy: Proxy(), se:cdp: ws://localhost:51834/devtoo..., se:cdpVersion: 137.0.7151.122, setWindowRect: true, strictFileInteractability: false, timeouts: {implicit: 0, pageLoad: 300000, script: 30000}, unhandledPromptBehavior: dismiss and notify, webauthn:extension:credBlob: true, webauthn:extension:largeBlob: true, webauthn:extension:minPinLength: true, webauthn:extension:prf: true, webauthn:virtualAuthenticators: true}
Session ID: 810a95c3c95fb3d58be52be03ebb232b
at org.openqa.selenium.support.ui.WebDriverWait.timeoutException(WebDriverWait.java:84)
at org.openqa.selenium.support.ui.FluentWait.until(FluentWait.java:228)
at pageObjects.LasVegasMarket.LVMExhDigiShowroomPage.getSeeAllCatalogsButton(LVMExhDigiShowroomPage.java:656)
at lasvegasmarket_PROD.GlobalSearch_SearchFor.TS004_VerifyCatalogsOverviewInGlobalSearchTest(GlobalSearch_SearchFor.java:370)
at java.base/java.util.ArrayList.forEach(ArrayList.java:1596)
... Removed 25 stack frames]]>
    </failure>
  </testcase> <!-- TS004_VerifyCatalogsOverviewInGlobalSearchTest -->
  <testcase classname="lasvegasmarket_PROD.GlobalSearch_SearchFor" name="TS005_VerifyArticlesOverviewInGlobalSearchTest" time="85.597"/>
  <testcase classname="lasvegasmarket_PROD.GlobalSearch_SearchFor" name="TS006_VerifyArticlesFiltersGlobalSearchTest" time="122.847"/>
  <testcase classname="lasvegasmarket_PROD.GlobalSearch_SearchFor" name="TS007_VerifyArticlesSearchFunctionalityInGlobalSearchTest" time="88.726"/>
  <testcase classname="lasvegasmarket_PROD.GlobalSearch_SearchFor" name="TS008_VerifyEventsSearchFunctionalityInGlobalSearchTest" time="70.611"/>
  <testcase classname="lasvegasmarket_PROD.GlobalSearch_SearchFor" name="TS009_VerifyEventsFiltersFunctionalityInGlobalSearchTest" time="64.143"/>
  <testcase classname="lasvegasmarket_PROD.GlobalSearch_SearchFor" name="TS010_VerifyShowSpecialsOverviewInGlobalSearchTest" time="74.625"/>
  <testcase classname="lasvegasmarket_PROD.GlobalSearch_SearchFor" name="TS011_VerifyEventsOverviewInGlobalSearchTest" time="59.199"/>
  <testcase classname="lasvegasmarket_PROD.GlobalSearch_SuggestionList" name="TS001_VerifySelectionOfExhibitorFromAutoSuggestionListTest" time="31.427"/>
  <testcase classname="lasvegasmarket_PROD.GlobalSearch_SuggestionList" name="TS002_VerifySelectionOfLineFromAutoSuggestionListTest" time="35.355"/>
  <testcase classname="lasvegasmarket_PROD.GlobalSearch_SuggestionList" name="TS003_VerifySelectionOfProductFromAutoSuggestionListTest" time="33.724"/>
  <testcase classname="lasvegasmarket_PROD.LineDigitalShowroom" name="TS001_VerifyLineDigitalShowroomHeroComponentShownByExhibitorNamaeTest" time="36.127"/>
  <testcase classname="lasvegasmarket_PROD.LineDigitalShowroom" name="TS002_VerifyLineDigitalShowroomHeroComponentLocationLinksTest" time="32.196"/>
  <testcase classname="lasvegasmarket_PROD.LineDigitalShowroom" name="TS007_VerifyLineDigitalShowroomHeroComponentProductsComponentCountTest" time="65.777">
    <failure type="org.openqa.selenium.NoSuchElementException" message="no such element: Unable to locate element: {&amp;quot;method&amp;quot;:&amp;quot;xpath&amp;quot;,&amp;quot;selector&amp;quot;:&amp;quot;//div[@id=&amp;apos;Products&amp;apos;]&amp;quot;}
  (Session info: chrome=137.0.7151.122)
For documentation on this error, please visit: https://www.selenium.dev/documentation/webdriver/troubleshooting/errors#no-such-element-exception
Build info: version: &amp;apos;4.25.0&amp;apos;, revision: &amp;apos;8a8aea2337&amp;apos;
System info: os.name: &amp;apos;Windows 11&amp;apos;, os.arch: &amp;apos;amd64&amp;apos;, os.version: &amp;apos;10.0&amp;apos;, java.version: &amp;apos;21.0.3&amp;apos;
Driver info: org.openqa.selenium.chrome.ChromeDriver
Command: [0d5f1414eabcb54a962a16b931ca4fd9, findElement {value=//div[@id=&amp;apos;Products&amp;apos;], using=xpath}]
Capabilities {acceptInsecureCerts: false, browserName: chrome, browserVersion: 137.0.7151.122, chrome: {chromedriverVersion: 137.0.7151.119 (e0ac9d12dff..., userDataDir: C:\Users\swapnili\AppData\L...}, fedcm:accounts: true, goog:chromeOptions: {debuggerAddress: localhost:53167}, networkConnectionEnabled: false, pageLoadStrategy: normal, platformName: windows, proxy: Proxy(), se:cdp: ws://localhost:53167/devtoo..., se:cdpVersion: 137.0.7151.122, setWindowRect: true, strictFileInteractability: false, timeouts: {implicit: 0, pageLoad: 300000, script: 30000}, unhandledPromptBehavior: dismiss and notify, webauthn:extension:credBlob: true, webauthn:extension:largeBlob: true, webauthn:extension:minPinLength: true, webauthn:extension:prf: true, webauthn:virtualAuthenticators: true}
Session ID: 0d5f1414eabcb54a962a16b931ca4fd9">
      <![CDATA[org.openqa.selenium.NoSuchElementException: no such element: Unable to locate element: {"method":"xpath","selector":"//div[@id='Products']"}
  (Session info: chrome=137.0.7151.122)
For documentation on this error, please visit: https://www.selenium.dev/documentation/webdriver/troubleshooting/errors#no-such-element-exception
Build info: version: '4.25.0', revision: '8a8aea2337'
System info: os.name: 'Windows 11', os.arch: 'amd64', os.version: '10.0', java.version: '21.0.3'
Driver info: org.openqa.selenium.chrome.ChromeDriver
Command: [0d5f1414eabcb54a962a16b931ca4fd9, findElement {value=//div[@id='Products'], using=xpath}]
Capabilities {acceptInsecureCerts: false, browserName: chrome, browserVersion: 137.0.7151.122, chrome: {chromedriverVersion: 137.0.7151.119 (e0ac9d12dff..., userDataDir: C:\Users\swapnili\AppData\L...}, fedcm:accounts: true, goog:chromeOptions: {debuggerAddress: localhost:53167}, networkConnectionEnabled: false, pageLoadStrategy: normal, platformName: windows, proxy: Proxy(), se:cdp: ws://localhost:53167/devtoo..., se:cdpVersion: 137.0.7151.122, setWindowRect: true, strictFileInteractability: false, timeouts: {implicit: 0, pageLoad: 300000, script: 30000}, unhandledPromptBehavior: dismiss and notify, webauthn:extension:credBlob: true, webauthn:extension:largeBlob: true, webauthn:extension:minPinLength: true, webauthn:extension:prf: true, webauthn:virtualAuthenticators: true}
Session ID: 0d5f1414eabcb54a962a16b931ca4fd9
at org.openqa.selenium.remote.ErrorCodec.decode(ErrorCodec.java:167)
at org.openqa.selenium.remote.codec.w3c.W3CHttpResponseCodec.decode(W3CHttpResponseCodec.java:138)
at org.openqa.selenium.remote.codec.w3c.W3CHttpResponseCodec.decode(W3CHttpResponseCodec.java:50)
at org.openqa.selenium.remote.HttpCommandExecutor.execute(HttpCommandExecutor.java:190)
at org.openqa.selenium.remote.service.DriverCommandExecutor.invokeExecute(DriverCommandExecutor.java:216)
at org.openqa.selenium.remote.service.DriverCommandExecutor.execute(DriverCommandExecutor.java:174)
at org.openqa.selenium.remote.RemoteWebDriver.execute(RemoteWebDriver.java:545)
at org.openqa.selenium.remote.ElementLocation$ElementFinder$2.findElement(ElementLocation.java:165)
at org.openqa.selenium.remote.ElementLocation.findElement(ElementLocation.java:59)
at org.openqa.selenium.remote.RemoteWebDriver.findElement(RemoteWebDriver.java:368)
at org.openqa.selenium.remote.RemoteWebDriver.findElement(RemoteWebDriver.java:362)
at lasvegasmarket_PROD.LineDigitalShowroom.TS007_VerifyLineDigitalShowroomHeroComponentProductsComponentCountTest(LineDigitalShowroom.java:153)
at java.base/java.util.ArrayList.forEach(ArrayList.java:1596)
... Removed 28 stack frames]]>
    </failure>
  </testcase> <!-- TS007_VerifyLineDigitalShowroomHeroComponentProductsComponentCountTest -->
  <testcase classname="lasvegasmarket_PROD.LineDigitalShowroom" name="TS008_VerifyLineDigitalShowroomProductscomponentTest" time="47.051"/>
  <testcase classname="lasvegasmarket_PROD.LineDigitalShowroom" name="TS010_VerifyLineDigitalShowroomProductscomponentSeeAllProductsTest" time="39.619"/>
  <testcase classname="lasvegasmarket_PROD.LineDigitalShowroom" name="TS011_VerifyLineDigitalShowroomProductscomponentSelectProductTest" time="101.687"/>
  <testcase classname="lasvegasmarket_PROD.ShowSpecials" name="TS001_VerifyViewBrandDetailsLinkForShowSpecialsTest" time="27.69"/>
  <testcase classname="lasvegasmarket_PROD.ShowSpecials" name="TS002_VerifyShowSpecialLocationLinkTest" time="19.365"/>
  <testcase classname="lasvegasmarket_PROD.ShowSpecials" name="TS003_VerifyShowSpecialSearchBoxTest" time="31.434"/>
  <testcase classname="lasvegasmarket_PROD.ShowSpecials" name="TS004_VerifyShowSpecialSortByDetailsTest" time="27.488">
    <failure type="java.lang.AssertionError" message="A-Z sorted details lists do not match! expected [true] but found [false]">
      <![CDATA[java.lang.AssertionError: A-Z sorted details lists do not match! expected [true] but found [false]
at lasvegasmarket_PROD.ShowSpecials.TS004_VerifyShowSpecialSortByDetailsTest(ShowSpecials.java:297)
at java.base/java.util.ArrayList.forEach(ArrayList.java:1596)
... Removed 28 stack frames]]>
    </failure>
  </testcase> <!-- TS004_VerifyShowSpecialSortByDetailsTest -->
  <testcase classname="lasvegasmarket_PROD.ShowSpecials" name="TS05_VerifyShowSpecialSortByTest" time="31.799">
    <failure type="java.lang.AssertionError" message="A-Z sorted lists do not match! expected [true] but found [false]">
      <![CDATA[java.lang.AssertionError: A-Z sorted lists do not match! expected [true] but found [false]
at lasvegasmarket_PROD.ShowSpecials.TS05_VerifyShowSpecialSortByTest(ShowSpecials.java:405)
at java.base/java.util.ArrayList.forEach(ArrayList.java:1596)
... Removed 28 stack frames]]>
    </failure>
  </testcase> <!-- TS05_VerifyShowSpecialSortByTest -->
  <testcase classname="lasvegasmarket_PROD.ShowSpecials" name="TS06_VerifyShowSpecialResetButtonTest" time="37.906"/>
  <testcase classname="lasvegasmarket_PROD.ExhibitorDigitalShowroom" name="TS019_VerifyAddNoteListWithPlusIconTest" time="0.0">
    <ignored/>
  </testcase> <!-- TS019_VerifyAddNoteListWithPlusIconTest -->
  <testcase classname="lasvegasmarket_PROD.GlobalSearch_MatchingResults" name="TS005_VerifyGlobalSearchMatchingResultsSelectAddToFavoritesTest" time="0.0">
    <ignored/>
  </testcase> <!-- TS005_VerifyGlobalSearchMatchingResultsSelectAddToFavoritesTest -->
  <testcase classname="lasvegasmarket_PROD.FloorPlans" name="TS010_VerifyAddToListFunctionalityForExhibitorOnFloorPlansPageTest" time="0.0">
    <ignored/>
  </testcase> <!-- TS010_VerifyAddToListFunctionalityForExhibitorOnFloorPlansPageTest -->
  <testcase classname="lasvegasmarket_PROD.GlobalSearch_MatchingResults" name="TS009_VerifyGlobalSearchMatchingResultsSavedSearchesTest" time="0.0">
    <ignored/>
  </testcase> <!-- TS009_VerifyGlobalSearchMatchingResultsSavedSearchesTest -->
  <testcase classname="lasvegasmarket_PROD.EvenntsAndWebinar" name="verifyMPLoginFunctionality" time="0.0">
    <ignored/>
  </testcase> <!-- verifyMPLoginFunctionality -->
  <testcase classname="lasvegasmarket_PROD.EvenntsAndWebinar" name="TS012_VerifyExhibitorEventsAddToFavoriteTest" time="0.0">
    <ignored/>
  </testcase> <!-- TS012_VerifyExhibitorEventsAddToFavoriteTest -->
  <testcase classname="lasvegasmarket_PROD.EvenntsAndWebinar" name="TS010_VerifyIMCEventsAddToFavoriteTest" time="0.0">
    <ignored/>
  </testcase> <!-- TS010_VerifyIMCEventsAddToFavoriteTest -->
  <testcase classname="lasvegasmarket_PROD.FloorPlans" name="TS011_VerifyAddNoteFunctionalityForExhibitorOnFloorPlansPageTest" time="0.0">
    <ignored/>
  </testcase> <!-- TS011_VerifyAddNoteFunctionalityForExhibitorOnFloorPlansPageTest -->
  <testcase classname="lasvegasmarket_PROD.ExhibitorDigitalShowroom" name="TS021_VerifyExhibitorDigitalShowroomCatalogsComponentOrderOnJuniperMarketTest" time="0.0">
    <ignored/>
  </testcase> <!-- TS021_VerifyExhibitorDigitalShowroomCatalogsComponentOrderOnJuniperMarketTest -->
  <testcase classname="lasvegasmarket_PROD.ExhibitorDigitalShowroom" name="TS018_VerifyAddToExistingListWithPlusIconTest" time="0.0">
    <ignored/>
  </testcase> <!-- TS018_VerifyAddToExistingListWithPlusIconTest -->
  <testcase classname="lasvegasmarket_PROD.EvenntsAndWebinar" name="TS013_VerifyExhibitorEventsAddToListTest" time="0.0">
    <ignored/>
  </testcase> <!-- TS013_VerifyExhibitorEventsAddToListTest -->
  <testcase classname="lasvegasmarket_PROD.ExhibitorDigitalShowroom" name="TS020_VerifyExhibitorDigitalShowroomProductsComponentOrderOnJuniperMarketTest" time="0.0">
    <ignored/>
  </testcase> <!-- TS020_VerifyExhibitorDigitalShowroomProductsComponentOrderOnJuniperMarketTest -->
  <testcase classname="lasvegasmarket_PROD.ExhibitorDigitalShowroom" name="TS016_VerifyExhibitorDigitalShowroomHeroComponentOrderOnJuniperMarketTest" time="0.0">
    <ignored/>
  </testcase> <!-- TS016_VerifyExhibitorDigitalShowroomHeroComponentOrderOnJuniperMarketTest -->
  <testcase classname="lasvegasmarket_PROD.GlobalSearch_MatchingResults" name="TS006_VerifyGlobalSearchMatchingResultsSelectAddToExistingListTest" time="0.0">
    <ignored/>
  </testcase> <!-- TS006_VerifyGlobalSearchMatchingResultsSelectAddToExistingListTest -->
  <testcase classname="lasvegasmarket_PROD.EvenntsAndWebinar" name="TS014_VerifyExhibitorEventsAddNoteTest" time="0.0">
    <ignored/>
  </testcase> <!-- TS014_VerifyExhibitorEventsAddNoteTest -->
  <testcase classname="lasvegasmarket_PROD.FloorPlans" name="TS012_VerifyAddToFavoriteFunctionalityForExhibitorOnFloorPlansPageTest" time="0.0">
    <ignored/>
  </testcase> <!-- TS012_VerifyAddToFavoriteFunctionalityForExhibitorOnFloorPlansPageTest -->
  <testcase classname="lasvegasmarket_PROD.ExhibitorDigitalShowroom" name="TS017_VerifyAddToFavoritesTest" time="0.0">
    <ignored/>
  </testcase> <!-- TS017_VerifyAddToFavoritesTest -->
  <testcase classname="lasvegasmarket_PROD.GlobalSearch_ExhibitorActions" name="TS007_VerifyAddToFavoriteForExhibitorTest" time="0.0">
    <ignored/>
  </testcase> <!-- TS007_VerifyAddToFavoriteForExhibitorTest -->
  <testcase classname="lasvegasmarket_PROD.GlobalSearch_LineActions" name="TS005_VerifyClickOnContactExhIconForLineTest" time="0.0">
    <ignored/>
  </testcase> <!-- TS005_VerifyClickOnContactExhIconForLineTest -->
  <testcase classname="lasvegasmarket_PROD.GlobalSearch_ExhibitorActions" name="TS010_VerifyMatchingProductsAddNoteFunctionalityForExhibitorTest" time="0.0">
    <ignored/>
  </testcase> <!-- TS010_VerifyMatchingProductsAddNoteFunctionalityForExhibitorTest -->
  <testcase classname="lasvegasmarket_PROD.GlobalSearch_LineActions" name="TS007_VerifyClickOnOrderOnJuniperMarketBtnForLineTest" time="0.0">
    <ignored/>
  </testcase> <!-- TS007_VerifyClickOnOrderOnJuniperMarketBtnForLineTest -->
  <testcase classname="lasvegasmarket_PROD.GlobalSearch_MatchingResults" name="TS007_VerifyGlobalSearchMatchingResultsSelectAddToNewlyCreatedListTest" time="0.0">
    <ignored/>
  </testcase> <!-- TS007_VerifyGlobalSearchMatchingResultsSelectAddToNewlyCreatedListTest -->
  <testcase classname="lasvegasmarket_PROD.GlobalSearch_ExhibitorActions" name="TS008_VerifyAddToNewListForExhibitorTest" time="0.0">
    <ignored/>
  </testcase> <!-- TS008_VerifyAddToNewListForExhibitorTest -->
  <testcase classname="lasvegasmarket_PROD.GlobalSearch_MatchingResults" name="TS008_VerifyGlobalSearchMatchingResultsUsePreviousSavedSearchTest" time="0.0">
    <ignored/>
  </testcase> <!-- TS008_VerifyGlobalSearchMatchingResultsUsePreviousSavedSearchTest -->
  <testcase classname="lasvegasmarket_PROD.EvenntsAndWebinar" name="TS015_VerifyIMCEventsAddToListTest" time="0.0">
    <ignored/>
  </testcase> <!-- TS015_VerifyIMCEventsAddToListTest -->
  <testcase classname="lasvegasmarket_PROD.EvenntsAndWebinar" name="TS011_VerifyIMCEventsAddNoteTest" time="0.0">
    <ignored/>
  </testcase> <!-- TS011_VerifyIMCEventsAddNoteTest -->
  <testcase classname="lasvegasmarket_PROD.GlobalSearch_LineActions" name="TS009_VerifyAddToExistingListForLineTest" time="0.0">
    <ignored/>
  </testcase> <!-- TS009_VerifyAddToExistingListForLineTest -->
  <testcase classname="lasvegasmarket_PROD.GlobalSearch_LineActions" name="TS006_VerifyAddToFavoriteForLineTest" time="0.0">
    <ignored/>
  </testcase> <!-- TS006_VerifyAddToFavoriteForLineTest -->
  <testcase classname="lasvegasmarket_PROD.GlobalSearch_LineActions" name="TS008_VerifyAddToNewListForLineTest" time="0.0">
    <ignored/>
  </testcase> <!-- TS008_VerifyAddToNewListForLineTest -->
  <testcase classname="lasvegasmarket_PROD.GlobalSearch_ExhibitorActions" name="TS009_VerifyAddToExistingListForExhibitorTest" time="0.0">
    <ignored/>
  </testcase> <!-- TS009_VerifyAddToExistingListForExhibitorTest -->
</testsuite> <!-- RegressionTest -->
