<?xml version="1.0" encoding="UTF-8"?>
<!-- Generated by org.testng.reporters.JUnitXMLReporter -->
<testsuite hostname="Anuppa-VD3" name="RegressionTest" tests="1" failures="1" timestamp="11 Apr 2023 04:28:45 GMT" time="95.015" errors="0">
  <testcase name="TS007_VerifySelectionOfExhibitorOnFloorPlansPageTest" time="30.122" classname="lasvegasmarket_PROD.FloorPlans">
    <failure type="org.openqa.selenium.TimeoutException" message="Expected condition failed: waiting for visibility of element located by By.xpath: //a[contains(text(),&amp;apos;Exhibitors &amp;amp; Products&amp;apos;)] (tried for 30 second(s) with 500 MILLISECONDS interval)">
      <![CDATA[org.openqa.selenium.TimeoutException: Expected condition failed: waiting for visibility of element located by By.xpath: //a[contains(text(),'Exhibitors & Products')] (tried for 30 second(s) with 500 MILLISECONDS interval)
	at org.openqa.selenium.support.ui.WebDriverWait.timeoutException(WebDriverWait.java:80)
	at org.openqa.selenium.support.ui.FluentWait.until(FluentWait.java:232)
	at pageObjects.AtlantaMarket.ATLFloorPlansPage.getATLExhibitorsAndProductTab(ATLFloorPlansPage.java:92)
	at lasvegasmarket_PROD.FloorPlans.TS007_VerifySelectionOfExhibitorOnFloorPlansPageTest(FloorPlans.java:387)
Caused by: org.openqa.selenium.NoSuchElementException: Cannot locate an element using By.xpath: //a[contains(text(),'Exhibitors & Products')]
For documentation on this error, please visit: http://seleniumhq.org/exceptions/no_such_element.html
Build info: version: '3.4.0', revision: 'unknown', time: 'unknown'
System info: host: 'ANUPPA-VD3', ip: '172.27.182.66', os.name: 'Windows 10', os.arch: 'amd64', os.version: '10.0', java.version: '1.8.0_361'
Driver info: driver.version: unknown
	at org.openqa.selenium.support.ui.ExpectedConditions.lambda$findElement$0(ExpectedConditions.java:883)
	at java.util.Optional.orElseThrow(Unknown Source)
	at org.openqa.selenium.support.ui.ExpectedConditions.findElement(ExpectedConditions.java:882)
	at org.openqa.selenium.support.ui.ExpectedConditions.access$000(ExpectedConditions.java:44)
	at org.openqa.selenium.support.ui.ExpectedConditions$7.apply(ExpectedConditions.java:206)
	at org.openqa.selenium.support.ui.ExpectedConditions$7.apply(ExpectedConditions.java:202)
	at org.openqa.selenium.support.ui.FluentWait.until(FluentWait.java:209)
	... 26 more
... Removed 24 stack frames]]>
    </failure>
  </testcase> <!-- TS007_VerifySelectionOfExhibitorOnFloorPlansPageTest -->
</testsuite> <!-- RegressionTest -->
