<?xml version="1.0" encoding="UTF-8"?>
<testng-results skipped="9" failed="0" total="9" passed="0">
  <reporter-output>
  </reporter-output>
  <suite name="ATLMrkt_RegressionTestSuite" duration-ms="6133" started-at="2022-07-19T11:09:51Z" finished-at="2022-07-19T11:09:57Z">
    <groups>
    </groups>
    <test name="RegressionTest" duration-ms="6133" started-at="2022-07-19T11:09:51Z" finished-at="2022-07-19T11:09:57Z">
      <class name="lasvegasmarket_UAT.GlobalSearch_ProductActions">
        <test-method status="FAIL" signature="initialize()[pri:0, instance:lasvegasmarket_UAT.GlobalSearch_ProductActions@5e5792a0]" name="initialize" is-config="true" duration-ms="0" started-at="2022-07-19T16:39:51Z" finished-at="2022-07-19T16:39:51Z">
          <exception class="org.openqa.selenium.SessionNotCreatedException">
            <message>
              <![CDATA[session not created: This version of ChromeDriver only supports Chrome version 103
Current browser version is 102.0.5005.63 with binary path C:\Program Files\Google\Chrome\Application\chrome.exe
Build info: version: '3.4.0', revision: 'unknown', time: 'unknown'
System info: host: 'SHRADHAMA-WIN10', ip: '172.27.182.74', os.name: 'Windows 10', os.arch: 'amd64', os.version: '10.0', java.version: '1.8.0_333'
Driver info: driver.version: ChromeDriver
remote stacktrace: Backtrace:
	Ordinal0 [0x008B6463+2188387]
	Ordinal0 [0x0084E461+1762401]
	Ordinal0 [0x00763D78+802168]
	Ordinal0 [0x00784E59+937561]
	Ordinal0 [0x00780A6C+920172]
	Ordinal0 [0x0077E331+910129]
	Ordinal0 [0x007B1430+1119280]
	Ordinal0 [0x007B108A+1118346]
	Ordinal0 [0x007AC5F6+1099254]
	Ordinal0 [0x00786BE0+945120]
	Ordinal0 [0x00787AD6+948950]
	GetHandleVerifier [0x00B571F2+2712546]
	GetHandleVerifier [0x00B4886D+2652765]
	GetHandleVerifier [0x0094002A+520730]
	GetHandleVerifier [0x0093EE06+516086]
	Ordinal0 [0x0085468B+1787531]
	Ordinal0 [0x00858E88+1805960]
	Ordinal0 [0x00858F75+1806197]
	Ordinal0 [0x00861DF1+1842673]
	BaseThreadInitThunk [0x75FCFA29+25]
	RtlGetAppContainerNamedObjectPath [0x77467A7E+286]
	RtlGetAppContainerNamedObjectPath [0x77467A4E+238]
]]>
            </message>
            <full-stacktrace>
              <![CDATA[org.openqa.selenium.SessionNotCreatedException: session not created: This version of ChromeDriver only supports Chrome version 103
Current browser version is 102.0.5005.63 with binary path C:\Program Files\Google\Chrome\Application\chrome.exe
Build info: version: '3.4.0', revision: 'unknown', time: 'unknown'
System info: host: 'SHRADHAMA-WIN10', ip: '172.27.182.74', os.name: 'Windows 10', os.arch: 'amd64', os.version: '10.0', java.version: '1.8.0_333'
Driver info: driver.version: ChromeDriver
remote stacktrace: Backtrace:
	Ordinal0 [0x008B6463+2188387]
	Ordinal0 [0x0084E461+1762401]
	Ordinal0 [0x00763D78+802168]
	Ordinal0 [0x00784E59+937561]
	Ordinal0 [0x00780A6C+920172]
	Ordinal0 [0x0077E331+910129]
	Ordinal0 [0x007B1430+1119280]
	Ordinal0 [0x007B108A+1118346]
	Ordinal0 [0x007AC5F6+1099254]
	Ordinal0 [0x00786BE0+945120]
	Ordinal0 [0x00787AD6+948950]
	GetHandleVerifier [0x00B571F2+2712546]
	GetHandleVerifier [0x00B4886D+2652765]
	GetHandleVerifier [0x0094002A+520730]
	GetHandleVerifier [0x0093EE06+516086]
	Ordinal0 [0x0085468B+1787531]
	Ordinal0 [0x00858E88+1805960]
	Ordinal0 [0x00858F75+1806197]
	Ordinal0 [0x00861DF1+1842673]
	BaseThreadInitThunk [0x75FCFA29+25]
	RtlGetAppContainerNamedObjectPath [0x77467A7E+286]
	RtlGetAppContainerNamedObjectPath [0x77467A4E+238]

	at sun.reflect.NativeConstructorAccessorImpl.newInstance0(Native Method)
	at sun.reflect.NativeConstructorAccessorImpl.newInstance(Unknown Source)
	at sun.reflect.DelegatingConstructorAccessorImpl.newInstance(Unknown Source)
	at java.lang.reflect.Constructor.newInstance(Unknown Source)
	at org.openqa.selenium.remote.W3CHandshakeResponse.lambda$new$0(W3CHandshakeResponse.java:57)
	at org.openqa.selenium.remote.W3CHandshakeResponse.lambda$getResponseFunction$2(W3CHandshakeResponse.java:104)
	at org.openqa.selenium.remote.ProtocolHandshake.lambda$createSession$22(ProtocolHandshake.java:365)
	at java.util.stream.ReferencePipeline$3$1.accept(Unknown Source)
	at java.util.Spliterators$ArraySpliterator.tryAdvance(Unknown Source)
	at java.util.stream.ReferencePipeline.forEachWithCancel(Unknown Source)
	at java.util.stream.AbstractPipeline.copyIntoWithCancel(Unknown Source)
	at java.util.stream.AbstractPipeline.copyInto(Unknown Source)
	at java.util.stream.AbstractPipeline.wrapAndCopyInto(Unknown Source)
	at java.util.stream.FindOps$FindOp.evaluateSequential(Unknown Source)
	at java.util.stream.AbstractPipeline.evaluate(Unknown Source)
	at java.util.stream.ReferencePipeline.findFirst(Unknown Source)
	at org.openqa.selenium.remote.ProtocolHandshake.createSession(ProtocolHandshake.java:368)
	at org.openqa.selenium.remote.ProtocolHandshake.createSession(ProtocolHandshake.java:159)
	at org.openqa.selenium.remote.HttpCommandExecutor.execute(HttpCommandExecutor.java:142)
	at org.openqa.selenium.remote.service.DriverCommandExecutor.execute(DriverCommandExecutor.java:82)
	at org.openqa.selenium.remote.RemoteWebDriver.execute(RemoteWebDriver.java:637)
	at org.openqa.selenium.remote.RemoteWebDriver.startSession(RemoteWebDriver.java:250)
	at org.openqa.selenium.remote.RemoteWebDriver.startSession(RemoteWebDriver.java:236)
	at org.openqa.selenium.remote.RemoteWebDriver.<init>(RemoteWebDriver.java:137)
	at org.openqa.selenium.chrome.ChromeDriver.<init>(ChromeDriver.java:184)
	at org.openqa.selenium.chrome.ChromeDriver.<init>(ChromeDriver.java:171)
	at org.openqa.selenium.chrome.ChromeDriver.<init>(ChromeDriver.java:124)
	at resources.base.initializeDriver(base.java:41)
	at lasvegasmarket_UAT.GlobalSearch_ProductActions.initialize(GlobalSearch_ProductActions.java:51)
	at sun.reflect.NativeMethodAccessorImpl.invoke0(Native Method)
	at sun.reflect.NativeMethodAccessorImpl.invoke(Unknown Source)
	at sun.reflect.DelegatingMethodAccessorImpl.invoke(Unknown Source)
	at java.lang.reflect.Method.invoke(Unknown Source)
	at org.testng.internal.MethodInvocationHelper.invokeMethod(MethodInvocationHelper.java:80)
	at org.testng.internal.Invoker.invokeConfigurationMethod(Invoker.java:564)
	at org.testng.internal.Invoker.invokeConfigurations(Invoker.java:213)
	at org.testng.internal.Invoker.invokeConfigurations(Invoker.java:138)
	at org.testng.internal.TestMethodWorker.invokeBeforeClassMethods(TestMethodWorker.java:175)
	at org.testng.internal.TestMethodWorker.run(TestMethodWorker.java:107)
	at org.testng.TestRunner.privateRun(TestRunner.java:767)
	at org.testng.TestRunner.run(TestRunner.java:617)
	at org.testng.SuiteRunner.runTest(SuiteRunner.java:334)
	at org.testng.SuiteRunner.runSequentially(SuiteRunner.java:329)
	at org.testng.SuiteRunner.privateRun(SuiteRunner.java:291)
	at org.testng.SuiteRunner.run(SuiteRunner.java:240)
	at org.testng.SuiteRunnerWorker.runSuite(SuiteRunnerWorker.java:52)
	at org.testng.SuiteRunnerWorker.run(SuiteRunnerWorker.java:86)
	at org.testng.TestNG.runSuitesSequentially(TestNG.java:1198)
	at org.testng.TestNG.runSuitesLocally(TestNG.java:1123)
	at org.testng.TestNG.run(TestNG.java:1031)
	at org.testng.remote.AbstractRemoteTestNG.run(AbstractRemoteTestNG.java:114)
	at org.testng.remote.RemoteTestNG.initAndRun(RemoteTestNG.java:251)
	at org.testng.remote.RemoteTestNG.main(RemoteTestNG.java:77)
]]>
            </full-stacktrace>
          </exception> <!-- org.openqa.selenium.SessionNotCreatedException -->
          <reporter-output>
          </reporter-output>
        </test-method> <!-- initialize -->
        <test-method status="SKIP" signature="TS001_VerifyClickOnProductSeeDetailsBtnOnSearchResultsGridTest()[pri:0, instance:lasvegasmarket_UAT.GlobalSearch_ProductActions@5e5792a0]" name="TS001_VerifyClickOnProductSeeDetailsBtnOnSearchResultsGridTest" duration-ms="50" started-at="2022-07-19T16:39:57Z" finished-at="2022-07-19T16:39:57Z">
          <reporter-output>
          </reporter-output>
        </test-method> <!-- TS001_VerifyClickOnProductSeeDetailsBtnOnSearchResultsGridTest -->
        <test-method status="SKIP" signature="TS002_VerifyProductAddToNewListOnProductDetailsPageTest()[pri:0, instance:lasvegasmarket_UAT.GlobalSearch_ProductActions@5e5792a0]" name="TS002_VerifyProductAddToNewListOnProductDetailsPageTest" duration-ms="3" started-at="2022-07-19T16:39:57Z" finished-at="2022-07-19T16:39:57Z">
          <reporter-output>
          </reporter-output>
        </test-method> <!-- TS002_VerifyProductAddToNewListOnProductDetailsPageTest -->
        <test-method status="SKIP" signature="TS003_VerifyProductAddToExistingListOnProductDetailsPageTest()[pri:0, instance:lasvegasmarket_UAT.GlobalSearch_ProductActions@5e5792a0]" name="TS003_VerifyProductAddToExistingListOnProductDetailsPageTest" duration-ms="1" started-at="2022-07-19T16:39:57Z" finished-at="2022-07-19T16:39:57Z">
          <reporter-output>
          </reporter-output>
        </test-method> <!-- TS003_VerifyProductAddToExistingListOnProductDetailsPageTest -->
        <test-method status="SKIP" signature="TS004_VerifyAddToFavoriteOnProductDetailsPageTest()[pri:0, instance:lasvegasmarket_UAT.GlobalSearch_ProductActions@5e5792a0]" name="TS004_VerifyAddToFavoriteOnProductDetailsPageTest" duration-ms="1" started-at="2022-07-19T16:39:57Z" finished-at="2022-07-19T16:39:57Z">
          <reporter-output>
          </reporter-output>
        </test-method> <!-- TS004_VerifyAddToFavoriteOnProductDetailsPageTest -->
        <test-method status="SKIP" signature="TS005_VerifyAddNoteOnProductDetailsPageTest()[pri:0, instance:lasvegasmarket_UAT.GlobalSearch_ProductActions@5e5792a0]" name="TS005_VerifyAddNoteOnProductDetailsPageTest" duration-ms="1" started-at="2022-07-19T16:39:57Z" finished-at="2022-07-19T16:39:57Z">
          <reporter-output>
          </reporter-output>
        </test-method> <!-- TS005_VerifyAddNoteOnProductDetailsPageTest -->
        <test-method status="SKIP" signature="TS006_VerifyProductAddToExistingListOnSearchResultsGridTest()[pri:0, instance:lasvegasmarket_UAT.GlobalSearch_ProductActions@5e5792a0]" name="TS006_VerifyProductAddToExistingListOnSearchResultsGridTest" duration-ms="2" started-at="2022-07-19T16:39:57Z" finished-at="2022-07-19T16:39:57Z">
          <reporter-output>
          </reporter-output>
        </test-method> <!-- TS006_VerifyProductAddToExistingListOnSearchResultsGridTest -->
        <test-method status="SKIP" signature="TS007_VerifyFullScreenViewerOnProductDetailsPageTest()[pri:0, instance:lasvegasmarket_UAT.GlobalSearch_ProductActions@5e5792a0]" name="TS007_VerifyFullScreenViewerOnProductDetailsPageTest" duration-ms="1" started-at="2022-07-19T16:39:57Z" finished-at="2022-07-19T16:39:57Z">
          <reporter-output>
          </reporter-output>
        </test-method> <!-- TS007_VerifyFullScreenViewerOnProductDetailsPageTest -->
        <test-method status="SKIP" signature="TS008_VerifyAddToFavoriteOnSearchResultsGridTest()[pri:0, instance:lasvegasmarket_UAT.GlobalSearch_ProductActions@5e5792a0]" name="TS008_VerifyAddToFavoriteOnSearchResultsGridTest" duration-ms="1" started-at="2022-07-19T16:39:57Z" finished-at="2022-07-19T16:39:57Z">
          <reporter-output>
          </reporter-output>
        </test-method> <!-- TS008_VerifyAddToFavoriteOnSearchResultsGridTest -->
        <test-method status="SKIP" signature="TS009_VerifyProductActionsIconToAddToNewlyCreatedListTest()[pri:0, instance:lasvegasmarket_UAT.GlobalSearch_ProductActions@5e5792a0]" name="TS009_VerifyProductActionsIconToAddToNewlyCreatedListTest" duration-ms="1" started-at="2022-07-19T16:39:57Z" finished-at="2022-07-19T16:39:57Z">
          <reporter-output>
          </reporter-output>
        </test-method> <!-- TS009_VerifyProductActionsIconToAddToNewlyCreatedListTest -->
        <test-method status="SKIP" signature="tearDown()[pri:0, instance:lasvegasmarket_UAT.GlobalSearch_ProductActions@5e5792a0]" name="tearDown" is-config="true" duration-ms="0" started-at="2022-07-19T16:39:57Z" finished-at="2022-07-19T16:39:57Z">
          <reporter-output>
          </reporter-output>
        </test-method> <!-- tearDown -->
      </class> <!-- lasvegasmarket_UAT.GlobalSearch_ProductActions -->
    </test> <!-- RegressionTest -->
  </suite> <!-- ATLMrkt_RegressionTestSuite -->
</testng-results>
