<?xml version="1.0" encoding="UTF-8"?>
<testng-results skipped="13" failed="0" total="13" passed="0">
  <reporter-output>
  </reporter-output>
  <suite name="ATLMrkt_RegressionTestSuite" duration-ms="5505" started-at="2022-07-19T09:18:40Z" finished-at="2022-07-19T09:18:45Z">
    <groups>
    </groups>
    <test name="RegressionTest" duration-ms="5505" started-at="2022-07-19T09:18:40Z" finished-at="2022-07-19T09:18:45Z">
      <class name="lasvegasmarket_UAT.GlobalSearch_ExhibitorActions">
        <test-method status="FAIL" signature="initialize()[pri:0, instance:lasvegasmarket_UAT.GlobalSearch_ExhibitorActions@6d4b1c02]" name="initialize" is-config="true" duration-ms="0" started-at="2022-07-19T14:48:40Z" finished-at="2022-07-19T14:48:40Z">
          <exception class="org.openqa.selenium.SessionNotCreatedException">
            <message>
              <![CDATA[session not created: This version of ChromeDriver only supports Chrome version 103
Current browser version is 102.0.5005.63 with binary path C:\Program Files\Google\Chrome\Application\chrome.exe
Build info: version: '3.4.0', revision: 'unknown', time: 'unknown'
System info: host: 'SWAPNILI', ip: '172.27.182.57', os.name: 'Windows 8.1', os.arch: 'amd64', os.version: '6.3', java.version: '1.8.0_161'
Driver info: driver.version: ChromeDriver
remote stacktrace: Backtrace:
	Ordinal0 [0x00C16463+2188387]
	Ordinal0 [0x00BAE461+1762401]
	Ordinal0 [0x00AC3D78+802168]
	Ordinal0 [0x00AE4E59+937561]
	Ordinal0 [0x00AE0A6C+920172]
	Ordinal0 [0x00ADE331+910129]
	Ordinal0 [0x00B11430+1119280]
	Ordinal0 [0x00B1108A+1118346]
	Ordinal0 [0x00B0C5F6+1099254]
	Ordinal0 [0x00AE6BE0+945120]
	Ordinal0 [0x00AE7AD6+948950]
	GetHandleVerifier [0x00EB71F2+2712546]
	GetHandleVerifier [0x00EA886D+2652765]
	GetHandleVerifier [0x00CA002A+520730]
	GetHandleVerifier [0x00C9EE06+516086]
	Ordinal0 [0x00BB468B+1787531]
	Ordinal0 [0x00BB8E88+1805960]
	Ordinal0 [0x00BB8F75+1806197]
	Ordinal0 [0x00BC1DF1+1842673]
	BaseThreadInitThunk [0x76006A14+36]
	RtlInitializeExceptionChain [0x7761A9FF+143]
	RtlInitializeExceptionChain [0x7761A9CA+90]
]]>
            </message>
            <full-stacktrace>
              <![CDATA[org.openqa.selenium.SessionNotCreatedException: session not created: This version of ChromeDriver only supports Chrome version 103
Current browser version is 102.0.5005.63 with binary path C:\Program Files\Google\Chrome\Application\chrome.exe
Build info: version: '3.4.0', revision: 'unknown', time: 'unknown'
System info: host: 'SWAPNILI', ip: '172.27.182.57', os.name: 'Windows 8.1', os.arch: 'amd64', os.version: '6.3', java.version: '1.8.0_161'
Driver info: driver.version: ChromeDriver
remote stacktrace: Backtrace:
	Ordinal0 [0x00C16463+2188387]
	Ordinal0 [0x00BAE461+1762401]
	Ordinal0 [0x00AC3D78+802168]
	Ordinal0 [0x00AE4E59+937561]
	Ordinal0 [0x00AE0A6C+920172]
	Ordinal0 [0x00ADE331+910129]
	Ordinal0 [0x00B11430+1119280]
	Ordinal0 [0x00B1108A+1118346]
	Ordinal0 [0x00B0C5F6+1099254]
	Ordinal0 [0x00AE6BE0+945120]
	Ordinal0 [0x00AE7AD6+948950]
	GetHandleVerifier [0x00EB71F2+2712546]
	GetHandleVerifier [0x00EA886D+2652765]
	GetHandleVerifier [0x00CA002A+520730]
	GetHandleVerifier [0x00C9EE06+516086]
	Ordinal0 [0x00BB468B+1787531]
	Ordinal0 [0x00BB8E88+1805960]
	Ordinal0 [0x00BB8F75+1806197]
	Ordinal0 [0x00BC1DF1+1842673]
	BaseThreadInitThunk [0x76006A14+36]
	RtlInitializeExceptionChain [0x7761A9FF+143]
	RtlInitializeExceptionChain [0x7761A9CA+90]

	at sun.reflect.NativeConstructorAccessorImpl.newInstance0(Native Method)
	at sun.reflect.NativeConstructorAccessorImpl.newInstance(NativeConstructorAccessorImpl.java:62)
	at sun.reflect.DelegatingConstructorAccessorImpl.newInstance(DelegatingConstructorAccessorImpl.java:45)
	at java.lang.reflect.Constructor.newInstance(Constructor.java:423)
	at org.openqa.selenium.remote.W3CHandshakeResponse.lambda$new$0(W3CHandshakeResponse.java:57)
	at org.openqa.selenium.remote.W3CHandshakeResponse.lambda$getResponseFunction$2(W3CHandshakeResponse.java:104)
	at org.openqa.selenium.remote.ProtocolHandshake.lambda$createSession$22(ProtocolHandshake.java:365)
	at java.util.stream.ReferencePipeline$3$1.accept(ReferencePipeline.java:193)
	at java.util.Spliterators$ArraySpliterator.tryAdvance(Spliterators.java:958)
	at java.util.stream.ReferencePipeline.forEachWithCancel(ReferencePipeline.java:126)
	at java.util.stream.AbstractPipeline.copyIntoWithCancel(AbstractPipeline.java:498)
	at java.util.stream.AbstractPipeline.copyInto(AbstractPipeline.java:485)
	at java.util.stream.AbstractPipeline.wrapAndCopyInto(AbstractPipeline.java:471)
	at java.util.stream.FindOps$FindOp.evaluateSequential(FindOps.java:152)
	at java.util.stream.AbstractPipeline.evaluate(AbstractPipeline.java:234)
	at java.util.stream.ReferencePipeline.findFirst(ReferencePipeline.java:464)
	at org.openqa.selenium.remote.ProtocolHandshake.createSession(ProtocolHandshake.java:368)
	at org.openqa.selenium.remote.ProtocolHandshake.createSession(ProtocolHandshake.java:159)
	at org.openqa.selenium.remote.HttpCommandExecutor.execute(HttpCommandExecutor.java:142)
	at org.openqa.selenium.remote.service.DriverCommandExecutor.execute(DriverCommandExecutor.java:82)
	at org.openqa.selenium.remote.RemoteWebDriver.execute(RemoteWebDriver.java:637)
	at org.openqa.selenium.remote.RemoteWebDriver.startSession(RemoteWebDriver.java:250)
	at org.openqa.selenium.remote.RemoteWebDriver.startSession(RemoteWebDriver.java:236)
	at org.openqa.selenium.remote.RemoteWebDriver.<init>(RemoteWebDriver.java:137)
	at org.openqa.selenium.chrome.ChromeDriver.<init>(ChromeDriver.java:184)
	at org.openqa.selenium.chrome.ChromeDriver.<init>(ChromeDriver.java:171)
	at org.openqa.selenium.chrome.ChromeDriver.<init>(ChromeDriver.java:124)
	at resources.base.initializeDriver(base.java:41)
	at lasvegasmarket_UAT.GlobalSearch_ExhibitorActions.initialize(GlobalSearch_ExhibitorActions.java:52)
	at sun.reflect.NativeMethodAccessorImpl.invoke0(Native Method)
	at sun.reflect.NativeMethodAccessorImpl.invoke(NativeMethodAccessorImpl.java:62)
	at sun.reflect.DelegatingMethodAccessorImpl.invoke(DelegatingMethodAccessorImpl.java:43)
	at java.lang.reflect.Method.invoke(Method.java:498)
	at org.testng.internal.MethodInvocationHelper.invokeMethod(MethodInvocationHelper.java:80)
	at org.testng.internal.Invoker.invokeConfigurationMethod(Invoker.java:564)
	at org.testng.internal.Invoker.invokeConfigurations(Invoker.java:213)
	at org.testng.internal.Invoker.invokeConfigurations(Invoker.java:138)
	at org.testng.internal.TestMethodWorker.invokeBeforeClassMethods(TestMethodWorker.java:175)
	at org.testng.internal.TestMethodWorker.run(TestMethodWorker.java:107)
	at org.testng.TestRunner.privateRun(TestRunner.java:767)
	at org.testng.TestRunner.run(TestRunner.java:617)
	at org.testng.SuiteRunner.runTest(SuiteRunner.java:334)
	at org.testng.SuiteRunner.runSequentially(SuiteRunner.java:329)
	at org.testng.SuiteRunner.privateRun(SuiteRunner.java:291)
	at org.testng.SuiteRunner.run(SuiteRunner.java:240)
	at org.testng.SuiteRunnerWorker.runSuite(SuiteRunnerWorker.java:52)
	at org.testng.SuiteRunnerWorker.run(SuiteRunnerWorker.java:86)
	at org.testng.TestNG.runSuitesSequentially(TestNG.java:1198)
	at org.testng.TestNG.runSuitesLocally(TestNG.java:1123)
	at org.testng.TestNG.run(TestNG.java:1031)
	at org.testng.remote.AbstractRemoteTestNG.run(AbstractRemoteTestNG.java:114)
	at org.testng.remote.RemoteTestNG.initAndRun(RemoteTestNG.java:251)
	at org.testng.remote.RemoteTestNG.main(RemoteTestNG.java:77)
]]>
            </full-stacktrace>
          </exception> <!-- org.openqa.selenium.SessionNotCreatedException -->
          <reporter-output>
          </reporter-output>
        </test-method> <!-- initialize -->
        <test-method status="SKIP" signature="TS001_VerifyAddToFavoriteForExhibitorTest()[pri:0, instance:lasvegasmarket_UAT.GlobalSearch_ExhibitorActions@6d4b1c02]" name="TS001_VerifyAddToFavoriteForExhibitorTest" duration-ms="22" started-at="2022-07-19T14:48:43Z" finished-at="2022-07-19T14:48:43Z">
          <reporter-output>
          </reporter-output>
        </test-method> <!-- TS001_VerifyAddToFavoriteForExhibitorTest -->
        <test-method status="SKIP" signature="tearDown()[pri:0, instance:lasvegasmarket_UAT.GlobalSearch_ExhibitorActions@6d4b1c02]" name="tearDown" is-config="true" duration-ms="0" started-at="2022-07-19T14:48:43Z" finished-at="2022-07-19T14:48:43Z">
          <reporter-output>
          </reporter-output>
        </test-method> <!-- tearDown -->
      </class> <!-- lasvegasmarket_UAT.GlobalSearch_ExhibitorActions -->
      <class name="atlantamarket_PROD.FloorPlans">
        <test-method status="FAIL" signature="initialize()[pri:0, instance:atlantamarket_PROD.FloorPlans@6f7fd0e6]" name="initialize" is-config="true" duration-ms="0" started-at="2022-07-19T14:48:43Z" finished-at="2022-07-19T14:48:43Z">
          <exception class="org.openqa.selenium.SessionNotCreatedException">
            <message>
              <![CDATA[session not created: This version of ChromeDriver only supports Chrome version 103
Current browser version is 102.0.5005.63 with binary path C:\Program Files\Google\Chrome\Application\chrome.exe
Build info: version: '3.4.0', revision: 'unknown', time: 'unknown'
System info: host: 'SWAPNILI', ip: '172.27.182.57', os.name: 'Windows 8.1', os.arch: 'amd64', os.version: '6.3', java.version: '1.8.0_161'
Driver info: driver.version: ChromeDriver
remote stacktrace: Backtrace:
	Ordinal0 [0x00C16463+2188387]
	Ordinal0 [0x00BAE461+1762401]
	Ordinal0 [0x00AC3D78+802168]
	Ordinal0 [0x00AE4E59+937561]
	Ordinal0 [0x00AE0A6C+920172]
	Ordinal0 [0x00ADE331+910129]
	Ordinal0 [0x00B11430+1119280]
	Ordinal0 [0x00B1108A+1118346]
	Ordinal0 [0x00B0C5F6+1099254]
	Ordinal0 [0x00AE6BE0+945120]
	Ordinal0 [0x00AE7AD6+948950]
	GetHandleVerifier [0x00EB71F2+2712546]
	GetHandleVerifier [0x00EA886D+2652765]
	GetHandleVerifier [0x00CA002A+520730]
	GetHandleVerifier [0x00C9EE06+516086]
	Ordinal0 [0x00BB468B+1787531]
	Ordinal0 [0x00BB8E88+1805960]
	Ordinal0 [0x00BB8F75+1806197]
	Ordinal0 [0x00BC1DF1+1842673]
	BaseThreadInitThunk [0x76006A14+36]
	RtlInitializeExceptionChain [0x7761A9FF+143]
	RtlInitializeExceptionChain [0x7761A9CA+90]
]]>
            </message>
            <full-stacktrace>
              <![CDATA[org.openqa.selenium.SessionNotCreatedException: session not created: This version of ChromeDriver only supports Chrome version 103
Current browser version is 102.0.5005.63 with binary path C:\Program Files\Google\Chrome\Application\chrome.exe
Build info: version: '3.4.0', revision: 'unknown', time: 'unknown'
System info: host: 'SWAPNILI', ip: '172.27.182.57', os.name: 'Windows 8.1', os.arch: 'amd64', os.version: '6.3', java.version: '1.8.0_161'
Driver info: driver.version: ChromeDriver
remote stacktrace: Backtrace:
	Ordinal0 [0x00C16463+2188387]
	Ordinal0 [0x00BAE461+1762401]
	Ordinal0 [0x00AC3D78+802168]
	Ordinal0 [0x00AE4E59+937561]
	Ordinal0 [0x00AE0A6C+920172]
	Ordinal0 [0x00ADE331+910129]
	Ordinal0 [0x00B11430+1119280]
	Ordinal0 [0x00B1108A+1118346]
	Ordinal0 [0x00B0C5F6+1099254]
	Ordinal0 [0x00AE6BE0+945120]
	Ordinal0 [0x00AE7AD6+948950]
	GetHandleVerifier [0x00EB71F2+2712546]
	GetHandleVerifier [0x00EA886D+2652765]
	GetHandleVerifier [0x00CA002A+520730]
	GetHandleVerifier [0x00C9EE06+516086]
	Ordinal0 [0x00BB468B+1787531]
	Ordinal0 [0x00BB8E88+1805960]
	Ordinal0 [0x00BB8F75+1806197]
	Ordinal0 [0x00BC1DF1+1842673]
	BaseThreadInitThunk [0x76006A14+36]
	RtlInitializeExceptionChain [0x7761A9FF+143]
	RtlInitializeExceptionChain [0x7761A9CA+90]

	at sun.reflect.NativeConstructorAccessorImpl.newInstance0(Native Method)
	at sun.reflect.NativeConstructorAccessorImpl.newInstance(NativeConstructorAccessorImpl.java:62)
	at sun.reflect.DelegatingConstructorAccessorImpl.newInstance(DelegatingConstructorAccessorImpl.java:45)
	at java.lang.reflect.Constructor.newInstance(Constructor.java:423)
	at org.openqa.selenium.remote.W3CHandshakeResponse.lambda$new$0(W3CHandshakeResponse.java:57)
	at org.openqa.selenium.remote.W3CHandshakeResponse.lambda$getResponseFunction$2(W3CHandshakeResponse.java:104)
	at org.openqa.selenium.remote.ProtocolHandshake.lambda$createSession$22(ProtocolHandshake.java:365)
	at java.util.stream.ReferencePipeline$3$1.accept(ReferencePipeline.java:193)
	at java.util.Spliterators$ArraySpliterator.tryAdvance(Spliterators.java:958)
	at java.util.stream.ReferencePipeline.forEachWithCancel(ReferencePipeline.java:126)
	at java.util.stream.AbstractPipeline.copyIntoWithCancel(AbstractPipeline.java:498)
	at java.util.stream.AbstractPipeline.copyInto(AbstractPipeline.java:485)
	at java.util.stream.AbstractPipeline.wrapAndCopyInto(AbstractPipeline.java:471)
	at java.util.stream.FindOps$FindOp.evaluateSequential(FindOps.java:152)
	at java.util.stream.AbstractPipeline.evaluate(AbstractPipeline.java:234)
	at java.util.stream.ReferencePipeline.findFirst(ReferencePipeline.java:464)
	at org.openqa.selenium.remote.ProtocolHandshake.createSession(ProtocolHandshake.java:368)
	at org.openqa.selenium.remote.ProtocolHandshake.createSession(ProtocolHandshake.java:159)
	at org.openqa.selenium.remote.HttpCommandExecutor.execute(HttpCommandExecutor.java:142)
	at org.openqa.selenium.remote.service.DriverCommandExecutor.execute(DriverCommandExecutor.java:82)
	at org.openqa.selenium.remote.RemoteWebDriver.execute(RemoteWebDriver.java:637)
	at org.openqa.selenium.remote.RemoteWebDriver.startSession(RemoteWebDriver.java:250)
	at org.openqa.selenium.remote.RemoteWebDriver.startSession(RemoteWebDriver.java:236)
	at org.openqa.selenium.remote.RemoteWebDriver.<init>(RemoteWebDriver.java:137)
	at org.openqa.selenium.chrome.ChromeDriver.<init>(ChromeDriver.java:184)
	at org.openqa.selenium.chrome.ChromeDriver.<init>(ChromeDriver.java:171)
	at org.openqa.selenium.chrome.ChromeDriver.<init>(ChromeDriver.java:124)
	at resources.base.initializeDriver(base.java:41)
	at atlantamarket_PROD.FloorPlans.initialize(FloorPlans.java:55)
	at sun.reflect.NativeMethodAccessorImpl.invoke0(Native Method)
	at sun.reflect.NativeMethodAccessorImpl.invoke(NativeMethodAccessorImpl.java:62)
	at sun.reflect.DelegatingMethodAccessorImpl.invoke(DelegatingMethodAccessorImpl.java:43)
	at java.lang.reflect.Method.invoke(Method.java:498)
	at org.testng.internal.MethodInvocationHelper.invokeMethod(MethodInvocationHelper.java:80)
	at org.testng.internal.Invoker.invokeConfigurationMethod(Invoker.java:564)
	at org.testng.internal.Invoker.invokeConfigurations(Invoker.java:213)
	at org.testng.internal.Invoker.invokeConfigurations(Invoker.java:138)
	at org.testng.internal.TestMethodWorker.invokeBeforeClassMethods(TestMethodWorker.java:175)
	at org.testng.internal.TestMethodWorker.run(TestMethodWorker.java:107)
	at org.testng.TestRunner.privateRun(TestRunner.java:767)
	at org.testng.TestRunner.run(TestRunner.java:617)
	at org.testng.SuiteRunner.runTest(SuiteRunner.java:334)
	at org.testng.SuiteRunner.runSequentially(SuiteRunner.java:329)
	at org.testng.SuiteRunner.privateRun(SuiteRunner.java:291)
	at org.testng.SuiteRunner.run(SuiteRunner.java:240)
	at org.testng.SuiteRunnerWorker.runSuite(SuiteRunnerWorker.java:52)
	at org.testng.SuiteRunnerWorker.run(SuiteRunnerWorker.java:86)
	at org.testng.TestNG.runSuitesSequentially(TestNG.java:1198)
	at org.testng.TestNG.runSuitesLocally(TestNG.java:1123)
	at org.testng.TestNG.run(TestNG.java:1031)
	at org.testng.remote.AbstractRemoteTestNG.run(AbstractRemoteTestNG.java:114)
	at org.testng.remote.RemoteTestNG.initAndRun(RemoteTestNG.java:251)
	at org.testng.remote.RemoteTestNG.main(RemoteTestNG.java:77)
]]>
            </full-stacktrace>
          </exception> <!-- org.openqa.selenium.SessionNotCreatedException -->
          <reporter-output>
          </reporter-output>
        </test-method> <!-- initialize -->
        <test-method status="SKIP" signature="TS001_VerifyNavigationToDifferentFloorBuildingsTest()[pri:0, instance:atlantamarket_PROD.FloorPlans@6f7fd0e6]" name="TS001_VerifyNavigationToDifferentFloorBuildingsTest" duration-ms="2" started-at="2022-07-19T14:48:45Z" finished-at="2022-07-19T14:48:45Z">
          <reporter-output>
          </reporter-output>
        </test-method> <!-- TS001_VerifyNavigationToDifferentFloorBuildingsTest -->
        <test-method status="SKIP" signature="TS002_VerifyNoExhibitorsOnThisFloorMessageTest()[pri:0, instance:atlantamarket_PROD.FloorPlans@6f7fd0e6]" name="TS002_VerifyNoExhibitorsOnThisFloorMessageTest" duration-ms="1" started-at="2022-07-19T14:48:45Z" finished-at="2022-07-19T14:48:45Z">
          <reporter-output>
          </reporter-output>
        </test-method> <!-- TS002_VerifyNoExhibitorsOnThisFloorMessageTest -->
        <test-method status="SKIP" signature="TS003_VerifyZoomInOutLevelOnFloorPlansPageTest()[pri:0, instance:atlantamarket_PROD.FloorPlans@6f7fd0e6]" name="TS003_VerifyZoomInOutLevelOnFloorPlansPageTest" duration-ms="3" started-at="2022-07-19T14:48:45Z" finished-at="2022-07-19T14:48:45Z">
          <reporter-output>
          </reporter-output>
        </test-method> <!-- TS003_VerifyZoomInOutLevelOnFloorPlansPageTest -->
        <test-method status="SKIP" signature="TS004_VerifyIconsOnFloorPlansPageTest()[pri:0, instance:atlantamarket_PROD.FloorPlans@6f7fd0e6]" name="TS004_VerifyIconsOnFloorPlansPageTest" duration-ms="7" started-at="2022-07-19T14:48:45Z" finished-at="2022-07-19T14:48:45Z">
          <reporter-output>
          </reporter-output>
        </test-method> <!-- TS004_VerifyIconsOnFloorPlansPageTest -->
        <test-method status="SKIP" signature="TS005_VerifyFunctionalityOfFiltersOFloorPlansPageTest()[pri:0, instance:atlantamarket_PROD.FloorPlans@6f7fd0e6]" name="TS005_VerifyFunctionalityOfFiltersOFloorPlansPageTest" duration-ms="1" started-at="2022-07-19T14:48:45Z" finished-at="2022-07-19T14:48:45Z">
          <reporter-output>
          </reporter-output>
        </test-method> <!-- TS005_VerifyFunctionalityOfFiltersOFloorPlansPageTest -->
        <test-method status="SKIP" signature="TS006_VerifyPaginationOnFloorPlansPageTest()[pri:0, instance:atlantamarket_PROD.FloorPlans@6f7fd0e6]" name="TS006_VerifyPaginationOnFloorPlansPageTest" duration-ms="1" started-at="2022-07-19T14:48:45Z" finished-at="2022-07-19T14:48:45Z">
          <reporter-output>
          </reporter-output>
        </test-method> <!-- TS006_VerifyPaginationOnFloorPlansPageTest -->
        <test-method status="SKIP" signature="TS007_VerifySelectionOfExhibitorOnFloorPlansPageTest()[pri:0, instance:atlantamarket_PROD.FloorPlans@6f7fd0e6]" name="TS007_VerifySelectionOfExhibitorOnFloorPlansPageTest" duration-ms="1" started-at="2022-07-19T14:48:45Z" finished-at="2022-07-19T14:48:45Z">
          <reporter-output>
          </reporter-output>
        </test-method> <!-- TS007_VerifySelectionOfExhibitorOnFloorPlansPageTest -->
        <test-method status="SKIP" signature="TS008_VerifyClickOnReturnToBuildingListBtnTest()[pri:0, instance:atlantamarket_PROD.FloorPlans@6f7fd0e6]" name="TS008_VerifyClickOnReturnToBuildingListBtnTest" duration-ms="1" started-at="2022-07-19T14:48:45Z" finished-at="2022-07-19T14:48:45Z">
          <reporter-output>
          </reporter-output>
        </test-method> <!-- TS008_VerifyClickOnReturnToBuildingListBtnTest -->
        <test-method status="SKIP" signature="TS009_VerifySearchFunctionalityForExhListOnFloorPlansPageTest()[pri:0, instance:atlantamarket_PROD.FloorPlans@6f7fd0e6]" name="TS009_VerifySearchFunctionalityForExhListOnFloorPlansPageTest" duration-ms="2" started-at="2022-07-19T14:48:45Z" finished-at="2022-07-19T14:48:45Z">
          <reporter-output>
          </reporter-output>
        </test-method> <!-- TS009_VerifySearchFunctionalityForExhListOnFloorPlansPageTest -->
        <test-method status="SKIP" signature="TS010_VerifyAddToListFunctionalityForExhibitorOnFloorPlansPageTest()[pri:0, instance:atlantamarket_PROD.FloorPlans@6f7fd0e6]" name="TS010_VerifyAddToListFunctionalityForExhibitorOnFloorPlansPageTest" duration-ms="32" started-at="2022-07-19T14:48:45Z" finished-at="2022-07-19T14:48:45Z">
          <reporter-output>
          </reporter-output>
        </test-method> <!-- TS010_VerifyAddToListFunctionalityForExhibitorOnFloorPlansPageTest -->
        <test-method status="SKIP" signature="TS011_VerifyAddNoteFunctionalityForExhibitorOnFloorPlansPageTest()[pri:0, instance:atlantamarket_PROD.FloorPlans@6f7fd0e6]" name="TS011_VerifyAddNoteFunctionalityForExhibitorOnFloorPlansPageTest" duration-ms="3" started-at="2022-07-19T14:48:45Z" finished-at="2022-07-19T14:48:45Z">
          <reporter-output>
          </reporter-output>
        </test-method> <!-- TS011_VerifyAddNoteFunctionalityForExhibitorOnFloorPlansPageTest -->
        <test-method status="SKIP" signature="TS012_VerifyAddToFavoriteFunctionalityForExhibitorOnFloorPlansPageTest()[pri:0, instance:atlantamarket_PROD.FloorPlans@6f7fd0e6]" name="TS012_VerifyAddToFavoriteFunctionalityForExhibitorOnFloorPlansPageTest" duration-ms="2" started-at="2022-07-19T14:48:45Z" finished-at="2022-07-19T14:48:45Z">
          <reporter-output>
          </reporter-output>
        </test-method> <!-- TS012_VerifyAddToFavoriteFunctionalityForExhibitorOnFloorPlansPageTest -->
        <test-method status="SKIP" signature="tearDown()[pri:0, instance:atlantamarket_PROD.FloorPlans@6f7fd0e6]" name="tearDown" is-config="true" duration-ms="0" started-at="2022-07-19T14:48:45Z" finished-at="2022-07-19T14:48:45Z">
          <reporter-output>
          </reporter-output>
        </test-method> <!-- tearDown -->
      </class> <!-- atlantamarket_PROD.FloorPlans -->
    </test> <!-- RegressionTest -->
  </suite> <!-- ATLMrkt_RegressionTestSuite -->
</testng-results>
