<?xml version="1.0" encoding="UTF-8"?>
<testng-results ignored="1" total="2" passed="1" failed="0" skipped="0">
  <reporter-output>
  </reporter-output>
  <suite started-at="2025-06-27T17:55:47 IST" name="Default suite" finished-at="2025-06-27T17:57:12 IST" duration-ms="84875">
    <groups>
    </groups>
    <test started-at="2025-06-27T17:55:47 IST" name="Default test" finished-at="2025-06-27T17:57:12 IST" duration-ms="84875">
      <class name="lasvegasmarket_PROD.GlobalSearch_ProductActions">
        <test-method is-config="true" signature="initialize()[pri:0, instance:lasvegasmarket_PROD.GlobalSearch_ProductActions@534a5a98]" started-at="2025-06-27T17:55:47 IST" name="initialize" finished-at="2025-06-27T17:56:12 IST" duration-ms="25031" status="PASS">
          <reporter-output>
          </reporter-output>
        </test-method> <!-- initialize -->
        <test-method signature="TS002_VerifyFullScreenViewerOnProductDetailsPageTest()[pri:2, instance:lasvegasmarket_PROD.GlobalSearch_ProductActions@534a5a98]" started-at="2025-06-27T17:56:12 IST" name="TS002_VerifyFullScreenViewerOnProductDetailsPageTest" finished-at="2025-06-27T17:57:12 IST" duration-ms="59776" status="PASS">
          <reporter-output>
          </reporter-output>
        </test-method> <!-- TS002_VerifyFullScreenViewerOnProductDetailsPageTest -->
        <test-method is-config="true" signature="tearDown()[pri:0, instance:lasvegasmarket_PROD.GlobalSearch_ProductActions@534a5a98]" started-at="2025-06-27T17:57:12 IST" name="tearDown" finished-at="2025-06-27T17:57:12 IST" duration-ms="1" status="PASS">
          <reporter-output>
          </reporter-output>
        </test-method> <!-- tearDown -->
      </class> <!-- lasvegasmarket_PROD.GlobalSearch_ProductActions -->
    </test> <!-- Default test -->
  </suite> <!-- Default suite -->
</testng-results>
