<?xml version="1.0" encoding="UTF-8"?>
<testng-results skipped="0" failed="0" total="2" passed="2">
  <reporter-output>
  </reporter-output>
  <suite name="ATLMrkt_RegressionTestSuite" duration-ms="90626" started-at="2022-08-16T08:47:32Z" finished-at="2022-08-16T08:49:03Z">
    <groups>
    </groups>
    <test name="RegressionTest" duration-ms="90626" started-at="2022-08-16T08:47:32Z" finished-at="2022-08-16T08:49:03Z">
      <class name="atlantamarket_UAT.MarketPlanner">
        <test-method status="PASS" signature="initialize()[pri:0, instance:atlantamarket_UAT.MarketPlanner@754ba872]" name="initialize" is-config="true" duration-ms="33337" started-at="2022-08-16T14:17:32Z" finished-at="2022-08-16T14:18:06Z">
          <reporter-output>
          </reporter-output>
        </test-method> <!-- initialize -->
        <test-method status="PASS" signature="TS001_VerifyMarketPlannerLoginTest()[pri:0, instance:atlantamarket_UAT.MarketPlanner@754ba872]" name="TS001_VerifyMarketPlannerLoginTest" duration-ms="27234" started-at="2022-08-16T14:18:06Z" finished-at="2022-08-16T14:18:33Z">
          <reporter-output>
          </reporter-output>
        </test-method> <!-- TS001_VerifyMarketPlannerLoginTest -->
        <test-method status="PASS" signature="TS015_VerifyMPListsCardOverviewTest()[pri:0, instance:atlantamarket_UAT.MarketPlanner@754ba872]" name="TS015_VerifyMPListsCardOverviewTest" duration-ms="30025" started-at="2022-08-16T14:18:33Z" finished-at="2022-08-16T14:19:03Z">
          <reporter-output>
          </reporter-output>
        </test-method> <!-- TS015_VerifyMPListsCardOverviewTest -->
        <test-method status="PASS" signature="tearDown()[pri:0, instance:atlantamarket_UAT.MarketPlanner@754ba872]" name="tearDown" is-config="true" duration-ms="0" started-at="2022-08-16T14:19:03Z" finished-at="2022-08-16T14:19:03Z">
          <reporter-output>
          </reporter-output>
        </test-method> <!-- tearDown -->
      </class> <!-- atlantamarket_UAT.MarketPlanner -->
    </test> <!-- RegressionTest -->
  </suite> <!-- ATLMrkt_RegressionTestSuite -->
</testng-results>
