<?xml version="1.0" encoding="UTF-8"?>
<testng-results skipped="0" failed="0" ignored="8" total="9" passed="1">
  <reporter-output>
  </reporter-output>
  <suite name="Default suite" duration-ms="149948" started-at="2024-08-09T11:46:49Z" finished-at="2024-08-09T11:49:19Z">
    <groups>
    </groups>
    <test name="Default test" duration-ms="149948" started-at="2024-08-09T11:46:49Z" finished-at="2024-08-09T11:49:19Z">
      <class name="lasvegasmarket_PROD.GlobalSearch_MatchingResults">
        <test-method status="PASS" signature="initialize()[pri:0, instance:lasvegasmarket_PROD.GlobalSearch_MatchingResults@56ac3a89]" name="initialize" is-config="true" duration-ms="87631" started-at="2024-08-09T11:46:49Z" finished-at="2024-08-09T11:48:16Z">
          <reporter-output>
          </reporter-output>
        </test-method> <!-- initialize -->
        <test-method status="PASS" signature="TS003_VerifyGlobalSearchMatchingResultsSortSortByTest()[pri:3, instance:lasvegasmarket_PROD.GlobalSearch_MatchingResults@56ac3a89]" name="TS003_VerifyGlobalSearchMatchingResultsSortSortByTest" duration-ms="62290" started-at="2024-08-09T11:48:16Z" finished-at="2024-08-09T11:49:19Z">
          <reporter-output>
          </reporter-output>
        </test-method> <!-- TS003_VerifyGlobalSearchMatchingResultsSortSortByTest -->
        <test-method status="PASS" signature="quit()[pri:0, instance:lasvegasmarket_PROD.GlobalSearch_MatchingResults@56ac3a89]" name="quit" is-config="true" duration-ms="0" started-at="2024-08-09T11:49:19Z" finished-at="2024-08-09T11:49:19Z">
          <reporter-output>
          </reporter-output>
        </test-method> <!-- quit -->
      </class> <!-- lasvegasmarket_PROD.GlobalSearch_MatchingResults -->
    </test> <!-- Default test -->
  </suite> <!-- Default suite -->

</testng-results>
