<?xml version="1.0" encoding="UTF-8"?>
<testng-results skipped="0" failed="1" total="9" passed="8">
  <reporter-output>
  </reporter-output>
  <suite name="ATLMrkt_RegressionTestSuite" duration-ms="2451916" started-at="2024-01-04T07:50:30Z" finished-at="2024-01-04T08:31:22Z">
    <groups>
    </groups>
    <test name="RegressionTest" duration-ms="2451916" started-at="2024-01-04T07:50:30Z" finished-at="2024-01-04T08:31:22Z">
      <class name="atlantamarket_PROD.EvenntsAndWebinar">
        <test-method status="PASS" signature="initialize()[pri:0, instance:atlantamarket_PROD.EvenntsAndWebinar@523884b2]" name="initialize" is-config="true" duration-ms="29454" started-at="2024-01-04T13:20:30Z" finished-at="2024-01-04T13:20:59Z">
          <reporter-output>
          </reporter-output>
        </test-method> <!-- initialize -->
        <test-method status="PASS" signature="TS001_VerifyEventsAndWebinarsOverviewTest()[pri:0, instance:atlantamarket_PROD.EvenntsAndWebinar@523884b2]" name="TS001_VerifyEventsAndWebinarsOverviewTest" duration-ms="18213" started-at="2024-01-04T13:20:59Z" finished-at="2024-01-04T13:21:18Z">
          <reporter-output>
          </reporter-output>
        </test-method> <!-- TS001_VerifyEventsAndWebinarsOverviewTest -->
        <test-method status="PASS" signature="TS002_VerifyIMCEventsSearchbarTest()[pri:0, instance:atlantamarket_PROD.EvenntsAndWebinar@523884b2]" name="TS002_VerifyIMCEventsSearchbarTest" duration-ms="29920" started-at="2024-01-04T13:21:18Z" finished-at="2024-01-04T13:21:48Z">
          <reporter-output>
          </reporter-output>
        </test-method> <!-- TS002_VerifyIMCEventsSearchbarTest -->
        <test-method status="PASS" signature="TS003_VerifyIMCEventsCalendarViewTest()[pri:0, instance:atlantamarket_PROD.EvenntsAndWebinar@523884b2]" name="TS003_VerifyIMCEventsCalendarViewTest" duration-ms="65575" started-at="2024-01-04T13:21:48Z" finished-at="2024-01-04T13:22:53Z">
          <reporter-output>
          </reporter-output>
        </test-method> <!-- TS003_VerifyIMCEventsCalendarViewTest -->
        <test-method status="FAIL" signature="TS004_VerifyIMCEventsEventsListTest()[pri:0, instance:atlantamarket_PROD.EvenntsAndWebinar@523884b2]" name="TS004_VerifyIMCEventsEventsListTest" duration-ms="28326" started-at="2024-01-04T13:22:53Z" finished-at="2024-01-04T13:23:21Z">
          <exception class="java.lang.AssertionError">
            <message>
              <![CDATA[expected [true] but found [false]]]>
            </message>
            <full-stacktrace>
              <![CDATA[java.lang.AssertionError: expected [true] but found [false]
	at org.testng.Assert.fail(Assert.java:94)
	at org.testng.Assert.failNotEquals(Assert.java:494)
	at org.testng.Assert.assertTrue(Assert.java:42)
	at org.testng.Assert.assertTrue(Assert.java:52)
	at atlantamarket_PROD.EvenntsAndWebinar.TS004_VerifyIMCEventsEventsListTest(EvenntsAndWebinar.java:308)
	at sun.reflect.NativeMethodAccessorImpl.invoke0(Native Method)
	at sun.reflect.NativeMethodAccessorImpl.invoke(Unknown Source)
	at sun.reflect.DelegatingMethodAccessorImpl.invoke(Unknown Source)
	at java.lang.reflect.Method.invoke(Unknown Source)
	at org.testng.internal.MethodInvocationHelper.invokeMethod(MethodInvocationHelper.java:80)
	at org.testng.internal.Invoker.invokeMethod(Invoker.java:714)
	at org.testng.internal.Invoker.invokeTestMethod(Invoker.java:901)
	at org.testng.internal.Invoker.invokeTestMethods(Invoker.java:1231)
	at org.testng.internal.TestMethodWorker.invokeTestMethods(TestMethodWorker.java:127)
	at org.testng.internal.TestMethodWorker.run(TestMethodWorker.java:111)
	at org.testng.TestRunner.privateRun(TestRunner.java:767)
	at org.testng.TestRunner.run(TestRunner.java:617)
	at org.testng.SuiteRunner.runTest(SuiteRunner.java:334)
	at org.testng.SuiteRunner.runSequentially(SuiteRunner.java:329)
	at org.testng.SuiteRunner.privateRun(SuiteRunner.java:291)
	at org.testng.SuiteRunner.run(SuiteRunner.java:240)
	at org.testng.SuiteRunnerWorker.runSuite(SuiteRunnerWorker.java:52)
	at org.testng.SuiteRunnerWorker.run(SuiteRunnerWorker.java:86)
	at org.testng.TestNG.runSuitesSequentially(TestNG.java:1198)
	at org.testng.TestNG.runSuitesLocally(TestNG.java:1123)
	at org.testng.TestNG.run(TestNG.java:1031)
	at org.testng.remote.AbstractRemoteTestNG.run(AbstractRemoteTestNG.java:126)
	at org.testng.remote.RemoteTestNG.initAndRun(RemoteTestNG.java:137)
	at org.testng.remote.RemoteTestNG.main(RemoteTestNG.java:58)
]]>
            </full-stacktrace>
          </exception> <!-- java.lang.AssertionError -->
          <reporter-output>
          </reporter-output>
        </test-method> <!-- TS004_VerifyIMCEventsEventsListTest -->
        <test-method status="PASS" signature="TS005_VerifyIMCEventsEventDetailstTest()[pri:0, instance:atlantamarket_PROD.EvenntsAndWebinar@523884b2]" name="TS005_VerifyIMCEventsEventDetailstTest" duration-ms="884886" started-at="2024-01-04T13:23:21Z" finished-at="2024-01-04T13:38:06Z">
          <reporter-output>
          </reporter-output>
        </test-method> <!-- TS005_VerifyIMCEventsEventDetailstTest -->
        <test-method status="PASS" signature="TS006_VerifyExhibitorEventsSearchbarTest()[pri:0, instance:atlantamarket_PROD.EvenntsAndWebinar@523884b2]" name="TS006_VerifyExhibitorEventsSearchbarTest" duration-ms="31336" started-at="2024-01-04T13:38:06Z" finished-at="2024-01-04T13:38:38Z">
          <reporter-output>
          </reporter-output>
        </test-method> <!-- TS006_VerifyExhibitorEventsSearchbarTest -->
        <test-method status="PASS" signature="TS007_VerifyExhibitorEventsCalendarViewTest()[pri:0, instance:atlantamarket_PROD.EvenntsAndWebinar@523884b2]" name="TS007_VerifyExhibitorEventsCalendarViewTest" duration-ms="71439" started-at="2024-01-04T13:38:38Z" finished-at="2024-01-04T13:39:49Z">
          <reporter-output>
          </reporter-output>
        </test-method> <!-- TS007_VerifyExhibitorEventsCalendarViewTest -->
        <test-method status="PASS" signature="TS008_VerifyExhibitorEventsListTest()[pri:0, instance:atlantamarket_PROD.EvenntsAndWebinar@523884b2]" name="TS008_VerifyExhibitorEventsListTest" duration-ms="1255501" started-at="2024-01-04T13:39:49Z" finished-at="2024-01-04T14:00:45Z">
          <reporter-output>
          </reporter-output>
        </test-method> <!-- TS008_VerifyExhibitorEventsListTest -->
        <test-method status="PASS" signature="TS009_VerifyExhibitorEventsDetailstTest()[pri:0, instance:atlantamarket_PROD.EvenntsAndWebinar@523884b2]" name="TS009_VerifyExhibitorEventsDetailstTest" duration-ms="37233" started-at="2024-01-04T14:00:45Z" finished-at="2024-01-04T14:01:22Z">
          <reporter-output>
          </reporter-output>
        </test-method> <!-- TS009_VerifyExhibitorEventsDetailstTest -->
        <test-method status="PASS" signature="tearDown()[pri:0, instance:atlantamarket_PROD.EvenntsAndWebinar@523884b2]" name="tearDown" is-config="true" duration-ms="1" started-at="2024-01-04T14:01:22Z" finished-at="2024-01-04T14:01:22Z">
          <reporter-output>
          </reporter-output>
        </test-method> <!-- tearDown -->
      </class> <!-- atlantamarket_PROD.EvenntsAndWebinar -->
    </test> <!-- RegressionTest -->
  </suite> <!-- ATLMrkt_RegressionTestSuite -->
</testng-results>
