<?xml version="1.0" encoding="UTF-8"?>
<testng-results skipped="0" failed="0" total="1" passed="1">
  <reporter-output>
  </reporter-output>
  <suite name="Default suite" duration-ms="132048" started-at="2022-12-14T08:06:39Z" finished-at="2022-12-14T08:08:51Z">
    <groups>
    </groups>
    <test name="Default test" duration-ms="132048" started-at="2022-12-14T08:06:39Z" finished-at="2022-12-14T08:08:51Z">
      <class name="atlantamarket_PROD.GlobalSearch_ExhibitorActions">
        <test-method status="PASS" signature="initialize()[pri:0, instance:atlantamarket_PROD.GlobalSearch_ExhibitorActions@6fadae5d]" name="initialize" is-config="true" duration-ms="56390" started-at="2022-12-14T13:36:39Z" finished-at="2022-12-14T13:37:35Z">
          <reporter-output>
          </reporter-output>
        </test-method> <!-- initialize -->
        <test-method status="PASS" signature="TS003_VerifyAddToExistingListForExhibitorTest()[pri:0, instance:atlantamarket_PROD.GlobalSearch_ExhibitorActions@6fadae5d]" name="TS003_VerifyAddToExistingListForExhibitorTest" duration-ms="74069" started-at="2022-12-14T13:37:35Z" finished-at="2022-12-14T13:38:49Z">
          <reporter-output>
          </reporter-output>
        </test-method> <!-- TS003_VerifyAddToExistingListForExhibitorTest -->
        <test-method status="PASS" signature="tearDown()[pri:0, instance:atlantamarket_PROD.GlobalSearch_ExhibitorActions@6fadae5d]" name="tearDown" is-config="true" duration-ms="1563" started-at="2022-12-14T13:38:49Z" finished-at="2022-12-14T13:38:51Z">
          <reporter-output>
          </reporter-output>
        </test-method> <!-- tearDown -->
      </class> <!-- atlantamarket_PROD.GlobalSearch_ExhibitorActions -->
    </test> <!-- Default test -->
  </suite> <!-- Default suite -->
</testng-results>
