<?xml version="1.0" encoding="UTF-8"?>
<testng-results skipped="0" failed="2" total="9" passed="7">
  <reporter-output>
  </reporter-output>
  <suite name="LVM_RegressionTestSuite" duration-ms="613890" started-at="2023-12-29T10:06:03Z" finished-at="2023-12-29T10:16:17Z">
    <groups>
    </groups>
    <test name="RegressionTest" duration-ms="613890" started-at="2023-12-29T10:06:03Z" finished-at="2023-12-29T10:16:17Z">
      <class name="lasvegasmarket_PROD.EvenntsAndWebinar">
        <test-method status="PASS" signature="initialize()[pri:0, instance:lasvegasmarket_PROD.EvenntsAndWebinar@523884b2]" name="initialize" is-config="true" duration-ms="25797" started-at="2023-12-29T15:36:03Z" finished-at="2023-12-29T15:36:29Z">
          <reporter-output>
          </reporter-output>
        </test-method> <!-- initialize -->
        <test-method status="PASS" signature="TS001_VerifyEventsAndWebinarsOverviewTest()[pri:0, instance:lasvegasmarket_PROD.EvenntsAndWebinar@523884b2]" name="TS001_VerifyEventsAndWebinarsOverviewTest" duration-ms="11651" started-at="2023-12-29T15:36:29Z" finished-at="2023-12-29T15:36:40Z">
          <reporter-output>
          </reporter-output>
        </test-method> <!-- TS001_VerifyEventsAndWebinarsOverviewTest -->
        <test-method status="PASS" signature="TS002_VerifyIMCEventsSearchbarTest()[pri:0, instance:lasvegasmarket_PROD.EvenntsAndWebinar@523884b2]" name="TS002_VerifyIMCEventsSearchbarTest" duration-ms="14177" started-at="2023-12-29T15:36:40Z" finished-at="2023-12-29T15:36:54Z">
          <reporter-output>
          </reporter-output>
        </test-method> <!-- TS002_VerifyIMCEventsSearchbarTest -->
        <test-method status="FAIL" signature="TS003_VerifyIMCEventsCalendarViewTest()[pri:0, instance:lasvegasmarket_PROD.EvenntsAndWebinar@523884b2]" name="TS003_VerifyIMCEventsCalendarViewTest" duration-ms="19870" started-at="2023-12-29T15:36:54Z" finished-at="2023-12-29T15:37:14Z">
          <exception class="org.openqa.selenium.ElementClickInterceptedException">
            <message>
              <![CDATA[element click intercepted: Element is not clickable at point (381, 735)
  (Session info: chrome=120.0.6099.130)
Build info: version: '3.141.59', revision: 'e82be7d358', time: '2018-11-14T08:17:03'
System info: host: 'ANUPPA-VD3', ip: '172.27.182.66', os.name: 'Windows 10', os.arch: 'amd64', os.version: '10.0', java.version: '1.8.0_381'
Driver info: org.openqa.selenium.chrome.ChromeDriver
Capabilities {acceptInsecureCerts: false, browserName: chrome, browserVersion: 120.0.6099.130, chrome: {chromedriverVersion: 120.0.6099.109 (3419140ab66..., userDataDir: C:\Users\anuppa\AppData\Loc...}, fedcm:accounts: true, goog:chromeOptions: {debuggerAddress: localhost:54247}, javascriptEnabled: true, networkConnectionEnabled: false, pageLoadStrategy: normal, platform: WINDOWS, platformName: WINDOWS, proxy: Proxy(), setWindowRect: true, strictFileInteractability: false, timeouts: {implicit: 0, pageLoad: 300000, script: 30000}, unhandledPromptBehavior: dismiss and notify, webauthn:extension:credBlob: true, webauthn:extension:largeBlob: true, webauthn:extension:minPinLength: true, webauthn:extension:prf: true, webauthn:virtualAuthenticators: true}
Session ID: 6d3da38f150985e0e50ec2766761856e]]>
            </message>
            <full-stacktrace>
              <![CDATA[org.openqa.selenium.ElementClickInterceptedException: element click intercepted: Element is not clickable at point (381, 735)
  (Session info: chrome=120.0.6099.130)
Build info: version: '3.141.59', revision: 'e82be7d358', time: '2018-11-14T08:17:03'
System info: host: 'ANUPPA-VD3', ip: '172.27.182.66', os.name: 'Windows 10', os.arch: 'amd64', os.version: '10.0', java.version: '1.8.0_381'
Driver info: org.openqa.selenium.chrome.ChromeDriver
Capabilities {acceptInsecureCerts: false, browserName: chrome, browserVersion: 120.0.6099.130, chrome: {chromedriverVersion: 120.0.6099.109 (3419140ab66..., userDataDir: C:\Users\anuppa\AppData\Loc...}, fedcm:accounts: true, goog:chromeOptions: {debuggerAddress: localhost:54247}, javascriptEnabled: true, networkConnectionEnabled: false, pageLoadStrategy: normal, platform: WINDOWS, platformName: WINDOWS, proxy: Proxy(), setWindowRect: true, strictFileInteractability: false, timeouts: {implicit: 0, pageLoad: 300000, script: 30000}, unhandledPromptBehavior: dismiss and notify, webauthn:extension:credBlob: true, webauthn:extension:largeBlob: true, webauthn:extension:minPinLength: true, webauthn:extension:prf: true, webauthn:virtualAuthenticators: true}
Session ID: 6d3da38f150985e0e50ec2766761856e
	at sun.reflect.NativeConstructorAccessorImpl.newInstance0(Native Method)
	at sun.reflect.NativeConstructorAccessorImpl.newInstance(Unknown Source)
	at sun.reflect.DelegatingConstructorAccessorImpl.newInstance(Unknown Source)
	at java.lang.reflect.Constructor.newInstance(Unknown Source)
	at org.openqa.selenium.remote.http.W3CHttpResponseCodec.createException(W3CHttpResponseCodec.java:187)
	at org.openqa.selenium.remote.http.W3CHttpResponseCodec.decode(W3CHttpResponseCodec.java:122)
	at org.openqa.selenium.remote.http.W3CHttpResponseCodec.decode(W3CHttpResponseCodec.java:49)
	at org.openqa.selenium.remote.HttpCommandExecutor.execute(HttpCommandExecutor.java:158)
	at org.openqa.selenium.remote.service.DriverCommandExecutor.execute(DriverCommandExecutor.java:83)
	at org.openqa.selenium.remote.RemoteWebDriver.execute(RemoteWebDriver.java:552)
	at org.openqa.selenium.remote.RemoteWebElement.execute(RemoteWebElement.java:285)
	at org.openqa.selenium.remote.RemoteWebElement.click(RemoteWebElement.java:84)
	at resources.Utility.selectFilters(Utility.java:253)
	at lasvegasmarket_PROD.EvenntsAndWebinar.TS003_VerifyIMCEventsCalendarViewTest(EvenntsAndWebinar.java:221)
	at sun.reflect.NativeMethodAccessorImpl.invoke0(Native Method)
	at sun.reflect.NativeMethodAccessorImpl.invoke(Unknown Source)
	at sun.reflect.DelegatingMethodAccessorImpl.invoke(Unknown Source)
	at java.lang.reflect.Method.invoke(Unknown Source)
	at org.testng.internal.MethodInvocationHelper.invokeMethod(MethodInvocationHelper.java:80)
	at org.testng.internal.Invoker.invokeMethod(Invoker.java:714)
	at org.testng.internal.Invoker.invokeTestMethod(Invoker.java:901)
	at org.testng.internal.Invoker.invokeTestMethods(Invoker.java:1231)
	at org.testng.internal.TestMethodWorker.invokeTestMethods(TestMethodWorker.java:127)
	at org.testng.internal.TestMethodWorker.run(TestMethodWorker.java:111)
	at java.util.concurrent.ThreadPoolExecutor.runWorker(Unknown Source)
	at java.util.concurrent.ThreadPoolExecutor$Worker.run(Unknown Source)
	at java.lang.Thread.run(Unknown Source)
]]>
            </full-stacktrace>
          </exception> <!-- org.openqa.selenium.ElementClickInterceptedException -->
          <reporter-output>
          </reporter-output>
        </test-method> <!-- TS003_VerifyIMCEventsCalendarViewTest -->
        <test-method status="FAIL" signature="TS004_VerifyIMCEventsEventsListTest()[pri:0, instance:lasvegasmarket_PROD.EvenntsAndWebinar@523884b2]" name="TS004_VerifyIMCEventsEventsListTest" duration-ms="33605" started-at="2023-12-29T15:37:14Z" finished-at="2023-12-29T15:37:48Z">
          <exception class="java.lang.AssertionError">
            <message>
              <![CDATA[expected [49] but found [50]]]>
            </message>
            <full-stacktrace>
              <![CDATA[java.lang.AssertionError: expected [49] but found [50]
	at org.testng.Assert.fail(Assert.java:94)
	at org.testng.Assert.failNotEquals(Assert.java:494)
	at org.testng.Assert.assertEquals(Assert.java:123)
	at org.testng.Assert.assertEquals(Assert.java:370)
	at org.testng.Assert.assertEquals(Assert.java:380)
	at lasvegasmarket_PROD.EvenntsAndWebinar.TS004_VerifyIMCEventsEventsListTest(EvenntsAndWebinar.java:325)
	at sun.reflect.NativeMethodAccessorImpl.invoke0(Native Method)
	at sun.reflect.NativeMethodAccessorImpl.invoke(Unknown Source)
	at sun.reflect.DelegatingMethodAccessorImpl.invoke(Unknown Source)
	at java.lang.reflect.Method.invoke(Unknown Source)
	at org.testng.internal.MethodInvocationHelper.invokeMethod(MethodInvocationHelper.java:80)
	at org.testng.internal.Invoker.invokeMethod(Invoker.java:714)
	at org.testng.internal.Invoker.invokeTestMethod(Invoker.java:901)
	at org.testng.internal.Invoker.invokeTestMethods(Invoker.java:1231)
	at org.testng.internal.TestMethodWorker.invokeTestMethods(TestMethodWorker.java:127)
	at org.testng.internal.TestMethodWorker.run(TestMethodWorker.java:111)
	at java.util.concurrent.ThreadPoolExecutor.runWorker(Unknown Source)
	at java.util.concurrent.ThreadPoolExecutor$Worker.run(Unknown Source)
	at java.lang.Thread.run(Unknown Source)
]]>
            </full-stacktrace>
          </exception> <!-- java.lang.AssertionError -->
          <reporter-output>
          </reporter-output>
        </test-method> <!-- TS004_VerifyIMCEventsEventsListTest -->
        <test-method status="PASS" signature="TS005_VerifyIMCEventsEventDetailstTest()[pri:0, instance:lasvegasmarket_PROD.EvenntsAndWebinar@523884b2]" name="TS005_VerifyIMCEventsEventDetailstTest" duration-ms="43842" started-at="2023-12-29T15:37:48Z" finished-at="2023-12-29T15:38:32Z">
          <reporter-output>
          </reporter-output>
        </test-method> <!-- TS005_VerifyIMCEventsEventDetailstTest -->
        <test-method status="PASS" signature="TS006_VerifyExhibitorEventsSearchbarTest()[pri:0, instance:lasvegasmarket_PROD.EvenntsAndWebinar@523884b2]" name="TS006_VerifyExhibitorEventsSearchbarTest" duration-ms="19186" started-at="2023-12-29T15:38:32Z" finished-at="2023-12-29T15:38:51Z">
          <reporter-output>
          </reporter-output>
        </test-method> <!-- TS006_VerifyExhibitorEventsSearchbarTest -->
        <test-method status="PASS" signature="TS007_VerifyExhibitorEventsCalendarViewTest()[pri:0, instance:lasvegasmarket_PROD.EvenntsAndWebinar@523884b2]" name="TS007_VerifyExhibitorEventsCalendarViewTest" duration-ms="39364" started-at="2023-12-29T15:38:51Z" finished-at="2023-12-29T15:39:30Z">
          <reporter-output>
          </reporter-output>
        </test-method> <!-- TS007_VerifyExhibitorEventsCalendarViewTest -->
        <test-method status="PASS" signature="TS008_VerifyExhibitorEventsListTest()[pri:0, instance:lasvegasmarket_PROD.EvenntsAndWebinar@523884b2]" name="TS008_VerifyExhibitorEventsListTest" duration-ms="380385" started-at="2023-12-29T15:39:30Z" finished-at="2023-12-29T15:45:51Z">
          <reporter-output>
          </reporter-output>
        </test-method> <!-- TS008_VerifyExhibitorEventsListTest -->
        <test-method status="PASS" signature="TS009_VerifyExhibitorEventsDetailstTest()[pri:0, instance:lasvegasmarket_PROD.EvenntsAndWebinar@523884b2]" name="TS009_VerifyExhibitorEventsDetailstTest" duration-ms="25979" started-at="2023-12-29T15:45:51Z" finished-at="2023-12-29T15:46:17Z">
          <reporter-output>
          </reporter-output>
        </test-method> <!-- TS009_VerifyExhibitorEventsDetailstTest -->
        <test-method status="PASS" signature="tearDown()[pri:0, instance:lasvegasmarket_PROD.EvenntsAndWebinar@523884b2]" name="tearDown" is-config="true" duration-ms="0" started-at="2023-12-29T15:46:17Z" finished-at="2023-12-29T15:46:17Z">
          <reporter-output>
          </reporter-output>
        </test-method> <!-- tearDown -->
      </class> <!-- lasvegasmarket_PROD.EvenntsAndWebinar -->
    </test> <!-- RegressionTest -->
  </suite> <!-- LVM_RegressionTestSuite -->
</testng-results>
