<?xml version="1.0" encoding="UTF-8"?>
<testng-results skipped="0" failed="0" total="1" passed="1">
  <reporter-output>
  </reporter-output>
  <suite name="ATLMrkt_RegressionTestSuite" duration-ms="68431" started-at="2022-09-21T10:27:03Z" finished-at="2022-09-21T10:28:11Z">
    <groups>
    </groups>
    <test name="RegressionTest" duration-ms="68431" started-at="2022-09-21T10:27:03Z" finished-at="2022-09-21T10:28:11Z">
      <class name="atlantamarket_UAT.MarketPlanner">
        <test-method status="PASS" signature="initialize()[pri:0, instance:atlantamarket_UAT.MarketPlanner@13deb50e]" name="initialize" is-config="true" duration-ms="62854" started-at="2022-09-21T15:57:03Z" finished-at="2022-09-21T15:58:06Z">
          <reporter-output>
          </reporter-output>
        </test-method> <!-- initialize -->
        <test-method status="PASS" signature="TS052_VerifyMarketPlannerAddEventsToFav()[pri:0, instance:atlantamarket_UAT.MarketPlanner@13deb50e]" name="TS052_VerifyMarketPlannerAddEventsToFav" duration-ms="5532" started-at="2022-09-21T15:58:06Z" finished-at="2022-09-21T15:58:11Z">
          <reporter-output>
          </reporter-output>
        </test-method> <!-- TS052_VerifyMarketPlannerAddEventsToFav -->
        <test-method status="PASS" signature="tearDown()[pri:0, instance:atlantamarket_UAT.MarketPlanner@13deb50e]" name="tearDown" is-config="true" duration-ms="1" started-at="2022-09-21T15:58:11Z" finished-at="2022-09-21T15:58:11Z">
          <reporter-output>
          </reporter-output>
        </test-method> <!-- tearDown -->
      </class> <!-- atlantamarket_UAT.MarketPlanner -->
    </test> <!-- RegressionTest -->
  </suite> <!-- ATLMrkt_RegressionTestSuite -->
</testng-results>
