<?xml version="1.0" encoding="UTF-8"?>
<testng-results skipped="0" failed="0" total="1" passed="1">
  <reporter-output>
  </reporter-output>
  <suite name="LVM_RegressionTestSuite" duration-ms="156228" started-at="2023-03-20T12:25:17Z" finished-at="2023-03-20T12:27:53Z">
    <groups>
    </groups>
    <test name="RegressionTest" duration-ms="156228" started-at="2023-03-20T12:25:17Z" finished-at="2023-03-20T12:27:53Z">
      <class name="lasvegasmarket_UAT.GlobalSearch_ProductActions">
        <test-method status="PASS" signature="initialize()[pri:0, instance:lasvegasmarket_UAT.GlobalSearch_ProductActions@3abbfa04]" name="initialize" is-config="true" duration-ms="98887" started-at="2023-03-20T17:55:17Z" finished-at="2023-03-20T17:56:56Z">
          <reporter-output>
          </reporter-output>
        </test-method> <!-- initialize -->
        <test-method status="PASS" signature="TS005_VerifyAddNoteOnProductDetailsPageTest()[pri:0, instance:lasvegasmarket_UAT.GlobalSearch_ProductActions@3abbfa04]" name="TS005_VerifyAddNoteOnProductDetailsPageTest" duration-ms="57322" started-at="2023-03-20T17:56:56Z" finished-at="2023-03-20T17:57:53Z">
          <reporter-output>
          </reporter-output>
        </test-method> <!-- TS005_VerifyAddNoteOnProductDetailsPageTest -->
        <test-method status="PASS" signature="tearDown()[pri:0, instance:lasvegasmarket_UAT.GlobalSearch_ProductActions@3abbfa04]" name="tearDown" is-config="true" duration-ms="0" started-at="2023-03-20T17:57:53Z" finished-at="2023-03-20T17:57:53Z">
          <reporter-output>
          </reporter-output>
        </test-method> <!-- tearDown -->
      </class> <!-- lasvegasmarket_UAT.GlobalSearch_ProductActions -->
    </test> <!-- RegressionTest -->
  </suite> <!-- LVM_RegressionTestSuite -->
</testng-results>
