<?xml version="1.0" encoding="UTF-8"?>

<testng-results skipped="0" failed="3" total="10" passed="7">
  <reporter-output>
  </reporter-output>
  <suite name="ATLMrkt_RegressionTestSuite" duration-ms="517862" started-at="2022-08-17T11:41:31Z" finished-at="2022-08-17T11:50:09Z">
    <groups>
    </groups>
    <test name="RegressionTest" duration-ms="517862" started-at="2022-08-17T11:41:31Z" finished-at="2022-08-17T11:50:09Z">
      <class name="atlantamarket_PROD.GlobalSearch_ExhibitorActions">
        <test-method status="PASS" signature="initialize()[pri:0, instance:atlantamarket_PROD.GlobalSearch_ExhibitorActions@204f30ec]" name="initialize" is-config="true" duration-ms="63680" started-at="2022-08-17T17:11:31Z" finished-at="2022-08-17T17:12:35Z">
          <reporter-output>
          </reporter-output>
        </test-method> <!-- initialize -->
        <test-method status="PASS" signature="TS001_VerifyAddToFavoriteForExhibitorTest()[pri:0, instance:atlantamarket_PROD.GlobalSearch_ExhibitorActions@204f30ec]" name="TS001_VerifyAddToFavoriteForExhibitorTest" duration-ms="63681" started-at="2022-08-17T17:12:35Z" finished-at="2022-08-17T17:13:39Z">
          <reporter-output>
          </reporter-output>
        </test-method> <!-- TS001_VerifyAddToFavoriteForExhibitorTest -->
        <test-method status="PASS" signature="TS002_VerifyAddToNewListForExhibitorTest()[pri:0, instance:atlantamarket_PROD.GlobalSearch_ExhibitorActions@204f30ec]" name="TS002_VerifyAddToNewListForExhibitorTest" duration-ms="44639" started-at="2022-08-17T17:13:39Z" finished-at="2022-08-17T17:14:23Z">
          <reporter-output>
          </reporter-output>
        </test-method> <!-- TS002_VerifyAddToNewListForExhibitorTest -->
        <test-method status="PASS" signature="TS003_VerifyAddToExistingListForExhibitorTest()[pri:0, instance:atlantamarket_PROD.GlobalSearch_ExhibitorActions@204f30ec]" name="TS003_VerifyAddToExistingListForExhibitorTest" duration-ms="81784" started-at="2022-08-17T17:14:23Z" finished-at="2022-08-17T17:15:45Z">
          <reporter-output>
          </reporter-output>
        </test-method> <!-- TS003_VerifyAddToExistingListForExhibitorTest -->
        <test-method status="PASS" signature="TS004_VerifyClickOnContactExhIconForExhibitorTest()[pri:0, instance:atlantamarket_PROD.GlobalSearch_ExhibitorActions@204f30ec]" name="TS004_VerifyClickOnContactExhIconForExhibitorTest" duration-ms="32836" started-at="2022-08-17T17:15:45Z" finished-at="2022-08-17T17:16:18Z">
          <reporter-output>
          </reporter-output>
        </test-method> <!-- TS004_VerifyClickOnContactExhIconForExhibitorTest -->
        <test-method status="PASS" signature="TS005_VerifyClickOnLocationLinksForExhibitorTest()[pri:0, instance:atlantamarket_PROD.GlobalSearch_ExhibitorActions@204f30ec]" name="TS005_VerifyClickOnLocationLinksForExhibitorTest" duration-ms="30919" started-at="2022-08-17T17:16:18Z" finished-at="2022-08-17T17:16:49Z">
          <reporter-output>
          </reporter-output>
        </test-method> <!-- TS005_VerifyClickOnLocationLinksForExhibitorTest -->
        <test-method status="PASS" signature="TS006_VerifyClickOnLinesShownLinkForExhibitorTest()[pri:0, instance:atlantamarket_PROD.GlobalSearch_ExhibitorActions@204f30ec]" name="TS006_VerifyClickOnLinesShownLinkForExhibitorTest" duration-ms="38510" started-at="2022-08-17T17:16:49Z" finished-at="2022-08-17T17:17:27Z">
          <reporter-output>
          </reporter-output>
        </test-method> <!-- TS006_VerifyClickOnLinesShownLinkForExhibitorTest -->
        <test-method status="FAIL" signature="TS007_VerifyClickOnTotalProductsSeeAllLinkForExhibitorTest()[pri:0, instance:atlantamarket_PROD.GlobalSearch_ExhibitorActions@204f30ec]" name="TS007_VerifyClickOnTotalProductsSeeAllLinkForExhibitorTest" duration-ms="38569" started-at="2022-08-17T17:17:27Z" finished-at="2022-08-17T17:18:06Z">
          <exception class="java.lang.AssertionError">
            <message>
              <![CDATA[expected [309053] but found [699159]]]>
            </message>
            <full-stacktrace>
              <![CDATA[java.lang.AssertionError: expected [309053] but found [699159]
	at org.testng.Assert.fail(Assert.java:94)
	at org.testng.Assert.failNotEquals(Assert.java:494)
	at org.testng.Assert.assertEquals(Assert.java:123)
	at org.testng.Assert.assertEquals(Assert.java:176)
	at org.testng.Assert.assertEquals(Assert.java:186)
	at atlantamarket_PROD.GlobalSearch_ExhibitorActions.TS007_VerifyClickOnTotalProductsSeeAllLinkForExhibitorTest(GlobalSearch_ExhibitorActions.java:398)
	at sun.reflect.NativeMethodAccessorImpl.invoke0(Native Method)
	at sun.reflect.NativeMethodAccessorImpl.invoke(NativeMethodAccessorImpl.java:62)
	at sun.reflect.DelegatingMethodAccessorImpl.invoke(DelegatingMethodAccessorImpl.java:43)
	at java.lang.reflect.Method.invoke(Method.java:498)
	at org.testng.internal.MethodInvocationHelper.invokeMethod(MethodInvocationHelper.java:80)
	at org.testng.internal.Invoker.invokeMethod(Invoker.java:714)
	at org.testng.internal.Invoker.invokeTestMethod(Invoker.java:901)
	at org.testng.internal.Invoker.invokeTestMethods(Invoker.java:1231)
	at org.testng.internal.TestMethodWorker.invokeTestMethods(TestMethodWorker.java:127)
	at org.testng.internal.TestMethodWorker.run(TestMethodWorker.java:111)
	at org.testng.TestRunner.privateRun(TestRunner.java:767)
	at org.testng.TestRunner.run(TestRunner.java:617)
	at org.testng.SuiteRunner.runTest(SuiteRunner.java:334)
	at org.testng.SuiteRunner.runSequentially(SuiteRunner.java:329)
	at org.testng.SuiteRunner.privateRun(SuiteRunner.java:291)
	at org.testng.SuiteRunner.run(SuiteRunner.java:240)
	at org.testng.SuiteRunnerWorker.runSuite(SuiteRunnerWorker.java:52)
	at org.testng.SuiteRunnerWorker.run(SuiteRunnerWorker.java:86)
	at org.testng.TestNG.runSuitesSequentially(TestNG.java:1198)
	at org.testng.TestNG.runSuitesLocally(TestNG.java:1123)
	at org.testng.TestNG.run(TestNG.java:1031)
	at org.testng.remote.AbstractRemoteTestNG.run(AbstractRemoteTestNG.java:114)
	at org.testng.remote.RemoteTestNG.initAndRun(RemoteTestNG.java:251)
	at org.testng.remote.RemoteTestNG.main(RemoteTestNG.java:77)
]]>
            </full-stacktrace>
          </exception> <!-- java.lang.AssertionError -->
          <reporter-output>
          </reporter-output>
        </test-method> <!-- TS007_VerifyClickOnTotalProductsSeeAllLinkForExhibitorTest -->
        <test-method status="FAIL" signature="TS008_VerifyClickOnMatchingProductsSeeAllLinkForExhibitorTest()[pri:0, instance:atlantamarket_PROD.GlobalSearch_ExhibitorActions@204f30ec]" name="TS008_VerifyClickOnMatchingProductsSeeAllLinkForExhibitorTest" duration-ms="38665" started-at="2022-08-17T17:18:06Z" finished-at="2022-08-17T17:18:45Z">
          <exception class="java.lang.AssertionError">
            <message>
              <![CDATA[expected [2551] but found [309053]]]>
            </message>
            <full-stacktrace>
              <![CDATA[java.lang.AssertionError: expected [2551] but found [309053]
	at org.testng.Assert.fail(Assert.java:94)
	at org.testng.Assert.failNotEquals(Assert.java:494)
	at org.testng.Assert.assertEquals(Assert.java:123)
	at org.testng.Assert.assertEquals(Assert.java:176)
	at org.testng.Assert.assertEquals(Assert.java:186)
	at atlantamarket_PROD.GlobalSearch_ExhibitorActions.TS008_VerifyClickOnMatchingProductsSeeAllLinkForExhibitorTest(GlobalSearch_ExhibitorActions.java:443)
	at sun.reflect.NativeMethodAccessorImpl.invoke0(Native Method)
	at sun.reflect.NativeMethodAccessorImpl.invoke(NativeMethodAccessorImpl.java:62)
	at sun.reflect.DelegatingMethodAccessorImpl.invoke(DelegatingMethodAccessorImpl.java:43)
	at java.lang.reflect.Method.invoke(Method.java:498)
	at org.testng.internal.MethodInvocationHelper.invokeMethod(MethodInvocationHelper.java:80)
	at org.testng.internal.Invoker.invokeMethod(Invoker.java:714)
	at org.testng.internal.Invoker.invokeTestMethod(Invoker.java:901)
	at org.testng.internal.Invoker.invokeTestMethods(Invoker.java:1231)
	at org.testng.internal.TestMethodWorker.invokeTestMethods(TestMethodWorker.java:127)
	at org.testng.internal.TestMethodWorker.run(TestMethodWorker.java:111)
	at org.testng.TestRunner.privateRun(TestRunner.java:767)
	at org.testng.TestRunner.run(TestRunner.java:617)
	at org.testng.SuiteRunner.runTest(SuiteRunner.java:334)
	at org.testng.SuiteRunner.runSequentially(SuiteRunner.java:329)
	at org.testng.SuiteRunner.privateRun(SuiteRunner.java:291)
	at org.testng.SuiteRunner.run(SuiteRunner.java:240)
	at org.testng.SuiteRunnerWorker.runSuite(SuiteRunnerWorker.java:52)
	at org.testng.SuiteRunnerWorker.run(SuiteRunnerWorker.java:86)
	at org.testng.TestNG.runSuitesSequentially(TestNG.java:1198)
	at org.testng.TestNG.runSuitesLocally(TestNG.java:1123)
	at org.testng.TestNG.run(TestNG.java:1031)
	at org.testng.remote.AbstractRemoteTestNG.run(AbstractRemoteTestNG.java:114)
	at org.testng.remote.RemoteTestNG.initAndRun(RemoteTestNG.java:251)
	at org.testng.remote.RemoteTestNG.main(RemoteTestNG.java:77)
]]>
            </full-stacktrace>
          </exception> <!-- java.lang.AssertionError -->
          <reporter-output>
          </reporter-output>
        </test-method> <!-- TS008_VerifyClickOnMatchingProductsSeeAllLinkForExhibitorTest -->
        <test-method status="FAIL" signature="TS009_VerifyMatchingProductsAddNoteFunctionalityForExhibitorTest()[pri:0, instance:atlantamarket_PROD.GlobalSearch_ExhibitorActions@204f30ec]" name="TS009_VerifyMatchingProductsAddNoteFunctionalityForExhibitorTest" duration-ms="36678" started-at="2022-08-17T17:18:45Z" finished-at="2022-08-17T17:19:22Z">
          <exception class="org.openqa.selenium.WebDriverException">
            <message>
              <![CDATA[element click intercepted: Element <button id="" class="imc-addnote__openModal imc-addnote__openModal--hideafter imc-link--alt-darkred imc-content imc-content--delta imc-expand-collapse__heading">...</button> is not clickable at point (1316, 246). Other element would receive the click: <div class="ReactModal__Overlay ReactModal__Overlay--after-open imc-modal--overlay">...</div>
  (Session info: chrome=104.0.5112.81)
Build info: version: '3.4.0', revision: 'unknown', time: 'unknown'
System info: host: 'SWAPNILI', ip: '172.27.182.57', os.name: 'Windows 8.1', os.arch: 'amd64', os.version: '6.3', java.version: '1.8.0_161'
Driver info: org.openqa.selenium.chrome.ChromeDriver
Capabilities [{networkConnectionEnabled=false, chrome={chromedriverVersion=104.0.5112.79 (3cf3e8c8a07d104b9e1260c910efb8f383285dc5-refs/branch-heads/5112@{#1307}), userDataDir=C:\Users\swapnili\AppData\Local\Temp\scoped_dir10944_1089842183}, timeouts={implicit=0.0, pageLoad=300000.0, script=30000.0}, pageLoadStrategy=normal, unhandledPromptBehavior=dismiss and notify, strictFileInteractability=false, platform=ANY, proxy=Proxy(), goog:chromeOptions={debuggerAddress=localhost:51217}, webauthn:extension:credBlob=true, acceptInsecureCerts=false, browserVersion=104.0.5112.81, browserName=chrome, javascriptEnabled=true, platformName=windows, setWindowRect=true, webauthn:extension:largeBlob=true, webauthn:virtualAuthenticators=true}]
Session ID: 7001ee456064daa2097f9b53b5670f93]]>
            </message>
            <full-stacktrace>
              <![CDATA[org.openqa.selenium.WebDriverException: element click intercepted: Element <button id="" class="imc-addnote__openModal imc-addnote__openModal--hideafter imc-link--alt-darkred imc-content imc-content--delta imc-expand-collapse__heading">...</button> is not clickable at point (1316, 246). Other element would receive the click: <div class="ReactModal__Overlay ReactModal__Overlay--after-open imc-modal--overlay">...</div>
  (Session info: chrome=104.0.5112.81)
Build info: version: '3.4.0', revision: 'unknown', time: 'unknown'
System info: host: 'SWAPNILI', ip: '172.27.182.57', os.name: 'Windows 8.1', os.arch: 'amd64', os.version: '6.3', java.version: '1.8.0_161'
Driver info: org.openqa.selenium.chrome.ChromeDriver
Capabilities [{networkConnectionEnabled=false, chrome={chromedriverVersion=104.0.5112.79 (3cf3e8c8a07d104b9e1260c910efb8f383285dc5-refs/branch-heads/5112@{#1307}), userDataDir=C:\Users\swapnili\AppData\Local\Temp\scoped_dir10944_1089842183}, timeouts={implicit=0.0, pageLoad=300000.0, script=30000.0}, pageLoadStrategy=normal, unhandledPromptBehavior=dismiss and notify, strictFileInteractability=false, platform=ANY, proxy=Proxy(), goog:chromeOptions={debuggerAddress=localhost:51217}, webauthn:extension:credBlob=true, acceptInsecureCerts=false, browserVersion=104.0.5112.81, browserName=chrome, javascriptEnabled=true, platformName=windows, setWindowRect=true, webauthn:extension:largeBlob=true, webauthn:virtualAuthenticators=true}]
Session ID: 7001ee456064daa2097f9b53b5670f93
	at sun.reflect.NativeConstructorAccessorImpl.newInstance0(Native Method)
	at sun.reflect.NativeConstructorAccessorImpl.newInstance(NativeConstructorAccessorImpl.java:62)
	at sun.reflect.DelegatingConstructorAccessorImpl.newInstance(DelegatingConstructorAccessorImpl.java:45)
	at java.lang.reflect.Constructor.newInstance(Constructor.java:423)
	at org.openqa.selenium.remote.http.W3CHttpResponseCodec.createException(W3CHttpResponseCodec.java:150)
	at org.openqa.selenium.remote.http.W3CHttpResponseCodec.decode(W3CHttpResponseCodec.java:115)
	at org.openqa.selenium.remote.http.W3CHttpResponseCodec.decode(W3CHttpResponseCodec.java:45)
	at org.openqa.selenium.remote.HttpCommandExecutor.execute(HttpCommandExecutor.java:164)
	at org.openqa.selenium.remote.service.DriverCommandExecutor.execute(DriverCommandExecutor.java:82)
	at org.openqa.selenium.remote.RemoteWebDriver.execute(RemoteWebDriver.java:637)
	at org.openqa.selenium.remote.RemoteWebElement.execute(RemoteWebElement.java:272)
	at org.openqa.selenium.remote.RemoteWebElement.click(RemoteWebElement.java:82)
	at atlantamarket_PROD.GlobalSearch_ExhibitorActions.TS009_VerifyMatchingProductsAddNoteFunctionalityForExhibitorTest(GlobalSearch_ExhibitorActions.java:495)
	at sun.reflect.NativeMethodAccessorImpl.invoke0(Native Method)
	at sun.reflect.NativeMethodAccessorImpl.invoke(NativeMethodAccessorImpl.java:62)
	at sun.reflect.DelegatingMethodAccessorImpl.invoke(DelegatingMethodAccessorImpl.java:43)
	at java.lang.reflect.Method.invoke(Method.java:498)
	at org.testng.internal.MethodInvocationHelper.invokeMethod(MethodInvocationHelper.java:80)
	at org.testng.internal.Invoker.invokeMethod(Invoker.java:714)
	at org.testng.internal.Invoker.invokeTestMethod(Invoker.java:901)
	at org.testng.internal.Invoker.invokeTestMethods(Invoker.java:1231)
	at org.testng.internal.TestMethodWorker.invokeTestMethods(TestMethodWorker.java:127)
	at org.testng.internal.TestMethodWorker.run(TestMethodWorker.java:111)
	at org.testng.TestRunner.privateRun(TestRunner.java:767)
	at org.testng.TestRunner.run(TestRunner.java:617)
	at org.testng.SuiteRunner.runTest(SuiteRunner.java:334)
	at org.testng.SuiteRunner.runSequentially(SuiteRunner.java:329)
	at org.testng.SuiteRunner.privateRun(SuiteRunner.java:291)
	at org.testng.SuiteRunner.run(SuiteRunner.java:240)
	at org.testng.SuiteRunnerWorker.runSuite(SuiteRunnerWorker.java:52)
	at org.testng.SuiteRunnerWorker.run(SuiteRunnerWorker.java:86)
	at org.testng.TestNG.runSuitesSequentially(TestNG.java:1198)
	at org.testng.TestNG.runSuitesLocally(TestNG.java:1123)
	at org.testng.TestNG.run(TestNG.java:1031)
	at org.testng.remote.AbstractRemoteTestNG.run(AbstractRemoteTestNG.java:114)
	at org.testng.remote.RemoteTestNG.initAndRun(RemoteTestNG.java:251)
	at org.testng.remote.RemoteTestNG.main(RemoteTestNG.java:77)
]]>
            </full-stacktrace>
          </exception> <!-- org.openqa.selenium.WebDriverException -->
          <reporter-output>
          </reporter-output>
        </test-method> <!-- TS009_VerifyMatchingProductsAddNoteFunctionalityForExhibitorTest -->
        <test-method status="PASS" signature="TS010_VerifySelectionOfExhibitorFromSearchResultsTest()[pri:0, instance:atlantamarket_PROD.GlobalSearch_ExhibitorActions@204f30ec]" name="TS010_VerifySelectionOfExhibitorFromSearchResultsTest" duration-ms="45049" started-at="2022-08-17T17:19:22Z" finished-at="2022-08-17T17:20:07Z">
          <reporter-output>
          </reporter-output>
        </test-method> <!-- TS010_VerifySelectionOfExhibitorFromSearchResultsTest -->
        <test-method status="PASS" signature="tearDown()[pri:0, instance:atlantamarket_PROD.GlobalSearch_ExhibitorActions@204f30ec]" name="tearDown" is-config="true" duration-ms="1922" started-at="2022-08-17T17:20:07Z" finished-at="2022-08-17T17:20:09Z">
          <reporter-output>
          </reporter-output>
        </test-method> <!-- tearDown -->
      </class> <!-- atlantamarket_PROD.GlobalSearch_ExhibitorActions -->

<testng-results skipped="0" failed="0" total="5" passed="5">
  <reporter-output>
  </reporter-output>
  <suite name="ATLMrkt_RegressionTestSuite" duration-ms="383911" started-at="2022-08-17T07:58:54Z" finished-at="2022-08-17T08:05:18Z">
    <groups>
    </groups>
    <test name="RegressionTest" duration-ms="383911" started-at="2022-08-17T07:58:54Z" finished-at="2022-08-17T08:05:18Z">
      <class name="atlantamarket_PROD.GlobalSearch_LeftPaneFilters">
        <test-method status="PASS" signature="initialize()[pri:0, instance:atlantamarket_PROD.GlobalSearch_LeftPaneFilters@548e7350]" name="initialize" is-config="true" duration-ms="38665" started-at="2022-08-17T13:28:54Z" finished-at="2022-08-17T13:29:33Z">
          <reporter-output>
          </reporter-output>
        </test-method> <!-- initialize -->
        <test-method status="PASS" signature="TS001_VerifySelectionOfApparelVintageProdCatgFromLeftPaneFiltersTest()[pri:0, instance:atlantamarket_PROD.GlobalSearch_LeftPaneFilters@548e7350]" name="TS001_VerifySelectionOfApparelVintageProdCatgFromLeftPaneFiltersTest" duration-ms="44930" started-at="2022-08-17T13:29:33Z" finished-at="2022-08-17T13:30:18Z">
          <reporter-output>
          </reporter-output>
        </test-method> <!-- TS001_VerifySelectionOfApparelVintageProdCatgFromLeftPaneFiltersTest -->
        <test-method status="PASS" signature="TS002_VerifySelectionOfAntiqueVintageProdCatgFromLeftPaneFiltersTest()[pri:0, instance:atlantamarket_PROD.GlobalSearch_LeftPaneFilters@548e7350]" name="TS002_VerifySelectionOfAntiqueVintageProdCatgFromLeftPaneFiltersTest" duration-ms="64776" started-at="2022-08-17T13:30:18Z" finished-at="2022-08-17T13:31:23Z">
          <reporter-output>
          </reporter-output>
        </test-method> <!-- TS002_VerifySelectionOfAntiqueVintageProdCatgFromLeftPaneFiltersTest -->
        <test-method status="PASS" signature="TS003_VerifyCombinationWithinProdCatgFromLeftPaneFiltersTest()[pri:0, instance:atlantamarket_PROD.GlobalSearch_LeftPaneFilters@548e7350]" name="TS003_VerifyCombinationWithinProdCatgFromLeftPaneFiltersTest" duration-ms="85345" started-at="2022-08-17T13:31:23Z" finished-at="2022-08-17T13:32:48Z">
          <reporter-output>
          </reporter-output>
        </test-method> <!-- TS003_VerifyCombinationWithinProdCatgFromLeftPaneFiltersTest -->
        <test-method status="PASS" signature="TS004_VerifyCombinationOfProdCatgWithStylesFromLeftPaneFiltersTest()[pri:0, instance:atlantamarket_PROD.GlobalSearch_LeftPaneFilters@548e7350]" name="TS004_VerifyCombinationOfProdCatgWithStylesFromLeftPaneFiltersTest" duration-ms="88127" started-at="2022-08-17T13:32:48Z" finished-at="2022-08-17T13:34:16Z">
          <reporter-output>
          </reporter-output>
        </test-method> <!-- TS004_VerifyCombinationOfProdCatgWithStylesFromLeftPaneFiltersTest -->
        <test-method status="PASS" signature="TS005_VerifySelectionOfAccentFurnitureProdCatgFromLeftPaneFiltersTest()[pri:0, instance:atlantamarket_PROD.GlobalSearch_LeftPaneFilters@548e7350]" name="TS005_VerifySelectionOfAccentFurnitureProdCatgFromLeftPaneFiltersTest" duration-ms="61997" started-at="2022-08-17T13:34:16Z" finished-at="2022-08-17T13:35:18Z">
          <reporter-output>
          </reporter-output>
        </test-method> <!-- TS005_VerifySelectionOfAccentFurnitureProdCatgFromLeftPaneFiltersTest -->
      </class> <!-- atlantamarket_PROD.GlobalSearch_LeftPaneFilters -->

    </test> <!-- RegressionTest -->
  </suite> <!-- ATLMrkt_RegressionTestSuite -->
</testng-results>
