<?xml version="1.0" encoding="UTF-8"?>
<testng-results skipped="0" failed="2" total="3" passed="1">
  <reporter-output>
  </reporter-output>
  <suite name="LVM_RegressionTestSuite" duration-ms="144649" started-at="2022-11-01T10:38:23Z" finished-at="2022-11-01T10:40:48Z">
    <groups>
    </groups>
    <test name="RegressionTest" duration-ms="144649" started-at="2022-11-01T10:38:23Z" finished-at="2022-11-01T10:40:48Z">
      <class name="atlantamarket_PROD.GlobalSearch_MatchingResults">
        <test-method status="PASS" signature="initialize()[pri:0, instance:atlantamarket_PROD.GlobalSearch_MatchingResults@4dfa3a9d]" name="initialize" is-config="true" duration-ms="45054" started-at="2022-11-01T16:08:23Z" finished-at="2022-11-01T16:09:08Z">
          <reporter-output>
          </reporter-output>
        </test-method> <!-- initialize -->
        <test-method status="FAIL" signature="TS003_VerifyGlobalSearchMatchingResultsSortSortByTest()[pri:0, instance:atlantamarket_PROD.GlobalSearch_MatchingResults@4dfa3a9d]" name="TS003_VerifyGlobalSearchMatchingResultsSortSortByTest" duration-ms="27326" started-at="2022-11-01T16:09:08Z" finished-at="2022-11-01T16:09:36Z">
          <exception class="java.lang.AssertionError">
            <message>
              <![CDATA[ List Should be sorted: Lists differ at element [1]: road runners != eleven point expected [road runners] but found [eleven point]]]>
            </message>
            <full-stacktrace>
              <![CDATA[java.lang.AssertionError:  List Should be sorted: Lists differ at element [1]: road runners != eleven point expected [road runners] but found [eleven point]
	at org.testng.Assert.fail(Assert.java:94)
	at org.testng.Assert.failNotEquals(Assert.java:494)
	at org.testng.Assert.assertEquals(Assert.java:123)
	at org.testng.Assert.assertEquals(Assert.java:549)
	at resources.Utility.Sorting(Utility.java:400)
	at atlantamarket_PROD.GlobalSearch_MatchingResults.TS003_VerifyGlobalSearchMatchingResultsSortSortByTest(GlobalSearch_MatchingResults.java:238)
	at sun.reflect.NativeMethodAccessorImpl.invoke0(Native Method)
	at sun.reflect.NativeMethodAccessorImpl.invoke(NativeMethodAccessorImpl.java:62)
	at sun.reflect.DelegatingMethodAccessorImpl.invoke(DelegatingMethodAccessorImpl.java:43)
	at java.lang.reflect.Method.invoke(Method.java:498)
	at org.testng.internal.MethodInvocationHelper.invokeMethod(MethodInvocationHelper.java:80)
	at org.testng.internal.Invoker.invokeMethod(Invoker.java:714)
	at org.testng.internal.Invoker.invokeTestMethod(Invoker.java:901)
	at org.testng.internal.Invoker.invokeTestMethods(Invoker.java:1231)
	at org.testng.internal.TestMethodWorker.invokeTestMethods(TestMethodWorker.java:127)
	at org.testng.internal.TestMethodWorker.run(TestMethodWorker.java:111)
	at org.testng.TestRunner.privateRun(TestRunner.java:767)
	at org.testng.TestRunner.run(TestRunner.java:617)
	at org.testng.SuiteRunner.runTest(SuiteRunner.java:334)
	at org.testng.SuiteRunner.runSequentially(SuiteRunner.java:329)
	at org.testng.SuiteRunner.privateRun(SuiteRunner.java:291)
	at org.testng.SuiteRunner.run(SuiteRunner.java:240)
	at org.testng.SuiteRunnerWorker.runSuite(SuiteRunnerWorker.java:52)
	at org.testng.SuiteRunnerWorker.run(SuiteRunnerWorker.java:86)
	at org.testng.TestNG.runSuitesSequentially(TestNG.java:1198)
	at org.testng.TestNG.runSuitesLocally(TestNG.java:1123)
	at org.testng.TestNG.run(TestNG.java:1031)
	at org.testng.remote.AbstractRemoteTestNG.run(AbstractRemoteTestNG.java:114)
	at org.testng.remote.RemoteTestNG.initAndRun(RemoteTestNG.java:251)
	at org.testng.remote.RemoteTestNG.main(RemoteTestNG.java:77)
]]>
            </full-stacktrace>
          </exception> <!-- java.lang.AssertionError -->
          <reporter-output>
          </reporter-output>
        </test-method> <!-- TS003_VerifyGlobalSearchMatchingResultsSortSortByTest -->
        <test-method status="FAIL" signature="TS004_VerifyGlobalSearchMatchingResultsSortFilterByNameTest()[pri:0, instance:atlantamarket_PROD.GlobalSearch_MatchingResults@4dfa3a9d]" name="TS004_VerifyGlobalSearchMatchingResultsSortFilterByNameTest" duration-ms="19446" started-at="2022-11-01T16:09:36Z" finished-at="2022-11-01T16:09:56Z">
          <exception class="java.lang.AssertionError">
            <message>
              <![CDATA[ List Should be sorted: lists don't have the same size expected [3] but found [5]]]>
            </message>
            <full-stacktrace>
              <![CDATA[java.lang.AssertionError:  List Should be sorted: lists don't have the same size expected [3] but found [5]
	at org.testng.Assert.fail(Assert.java:94)
	at org.testng.Assert.failNotEquals(Assert.java:494)
	at org.testng.Assert.assertEquals(Assert.java:123)
	at org.testng.Assert.assertEquals(Assert.java:370)
	at org.testng.Assert.assertEquals(Assert.java:537)
	at atlantamarket_PROD.GlobalSearch_MatchingResults.TS004_VerifyGlobalSearchMatchingResultsSortFilterByNameTest(GlobalSearch_MatchingResults.java:298)
	at sun.reflect.NativeMethodAccessorImpl.invoke0(Native Method)
	at sun.reflect.NativeMethodAccessorImpl.invoke(NativeMethodAccessorImpl.java:62)
	at sun.reflect.DelegatingMethodAccessorImpl.invoke(DelegatingMethodAccessorImpl.java:43)
	at java.lang.reflect.Method.invoke(Method.java:498)
	at org.testng.internal.MethodInvocationHelper.invokeMethod(MethodInvocationHelper.java:80)
	at org.testng.internal.Invoker.invokeMethod(Invoker.java:714)
	at org.testng.internal.Invoker.invokeTestMethod(Invoker.java:901)
	at org.testng.internal.Invoker.invokeTestMethods(Invoker.java:1231)
	at org.testng.internal.TestMethodWorker.invokeTestMethods(TestMethodWorker.java:127)
	at org.testng.internal.TestMethodWorker.run(TestMethodWorker.java:111)
	at org.testng.TestRunner.privateRun(TestRunner.java:767)
	at org.testng.TestRunner.run(TestRunner.java:617)
	at org.testng.SuiteRunner.runTest(SuiteRunner.java:334)
	at org.testng.SuiteRunner.runSequentially(SuiteRunner.java:329)
	at org.testng.SuiteRunner.privateRun(SuiteRunner.java:291)
	at org.testng.SuiteRunner.run(SuiteRunner.java:240)
	at org.testng.SuiteRunnerWorker.runSuite(SuiteRunnerWorker.java:52)
	at org.testng.SuiteRunnerWorker.run(SuiteRunnerWorker.java:86)
	at org.testng.TestNG.runSuitesSequentially(TestNG.java:1198)
	at org.testng.TestNG.runSuitesLocally(TestNG.java:1123)
	at org.testng.TestNG.run(TestNG.java:1031)
	at org.testng.remote.AbstractRemoteTestNG.run(AbstractRemoteTestNG.java:114)
	at org.testng.remote.RemoteTestNG.initAndRun(RemoteTestNG.java:251)
	at org.testng.remote.RemoteTestNG.main(RemoteTestNG.java:77)
]]>
            </full-stacktrace>
          </exception> <!-- java.lang.AssertionError -->
          <reporter-output>
          </reporter-output>
        </test-method> <!-- TS004_VerifyGlobalSearchMatchingResultsSortFilterByNameTest -->
        <test-method status="PASS" signature="TS005_VerifyGlobalSearchMatchingResultsSelectAddToFavoritesTest()[pri:0, instance:atlantamarket_PROD.GlobalSearch_MatchingResults@4dfa3a9d]" name="TS005_VerifyGlobalSearchMatchingResultsSelectAddToFavoritesTest" duration-ms="51740" started-at="2022-11-01T16:09:56Z" finished-at="2022-11-01T16:10:48Z">
          <reporter-output>
          </reporter-output>
        </test-method> <!-- TS005_VerifyGlobalSearchMatchingResultsSelectAddToFavoritesTest -->
        <test-method status="PASS" signature="tearDown()[pri:0, instance:atlantamarket_PROD.GlobalSearch_MatchingResults@4dfa3a9d]" name="tearDown" is-config="true" duration-ms="0" started-at="2022-11-01T16:10:48Z" finished-at="2022-11-01T16:10:48Z">
          <reporter-output>
          </reporter-output>
        </test-method> <!-- tearDown -->
      </class> <!-- atlantamarket_PROD.GlobalSearch_MatchingResults -->
    </test> <!-- RegressionTest -->
  </suite> <!-- LVM_RegressionTestSuite -->
</testng-results>
