<?xml version="1.0" encoding="UTF-8"?>
<testng-results skipped="0" failed="1" total="9" passed="8">
  <reporter-output>
  </reporter-output>
  <suite name="LVM_RegressionTestSuite" duration-ms="501535" started-at="2022-12-19T06:14:40Z" finished-at="2022-12-19T06:23:02Z">
    <groups>
    </groups>
    <test name="RegressionTest" duration-ms="501535" started-at="2022-12-19T06:14:40Z" finished-at="2022-12-19T06:23:02Z">
      <class name="atlantamarket_PROD.GlobalSearch_LineActions">
        <test-method status="PASS" signature="initialize()[pri:0, instance:atlantamarket_PROD.GlobalSearch_LineActions@239963d8]" name="initialize" is-config="true" duration-ms="50155" started-at="2022-12-19T11:44:40Z" finished-at="2022-12-19T11:45:30Z">
          <reporter-output>
          </reporter-output>
        </test-method> <!-- initialize -->
        <test-method status="PASS" signature="TS001_VerifyClickOnContactExhIconForLineTest()[pri:0, instance:atlantamarket_PROD.GlobalSearch_LineActions@239963d8]" name="TS001_VerifyClickOnContactExhIconForLineTest" duration-ms="24638" started-at="2022-12-19T11:45:30Z" finished-at="2022-12-19T11:45:55Z">
          <reporter-output>
          </reporter-output>
        </test-method> <!-- TS001_VerifyClickOnContactExhIconForLineTest -->
        <test-method status="FAIL" signature="TS002_VerifyAddToFavoriteForLineTest()[pri:0, instance:atlantamarket_PROD.GlobalSearch_LineActions@239963d8]" name="TS002_VerifyAddToFavoriteForLineTest" duration-ms="85882" started-at="2022-12-19T11:45:55Z" finished-at="2022-12-19T11:47:21Z">
          <exception class="org.openqa.selenium.TimeoutException">
            <message>
              <![CDATA[Expected condition failed: waiting for visibility of element located by By.xpath: //li[@class='imc-list-edit--draggable'][1]/div/div[1]/div[1]/a (tried for 20 second(s) with 500 milliseconds interval)]]>
            </message>
            <full-stacktrace>
              <![CDATA[org.openqa.selenium.TimeoutException: Expected condition failed: waiting for visibility of element located by By.xpath: //li[@class='imc-list-edit--draggable'][1]/div/div[1]/div[1]/a (tried for 20 second(s) with 500 milliseconds interval)
	at org.openqa.selenium.support.ui.WebDriverWait.timeoutException(WebDriverWait.java:95)
	at org.openqa.selenium.support.ui.FluentWait.until(FluentWait.java:272)
	at pageObjects.AtlantaMarket.ATLMarketPlannerPage.getATLSavedExhNameInList(ATLMarketPlannerPage.java:480)
	at atlantamarket_PROD.GlobalSearch_LineActions.TS002_VerifyAddToFavoriteForLineTest(GlobalSearch_LineActions.java:143)
	at sun.reflect.NativeMethodAccessorImpl.invoke0(Native Method)
	at sun.reflect.NativeMethodAccessorImpl.invoke(Unknown Source)
	at sun.reflect.DelegatingMethodAccessorImpl.invoke(Unknown Source)
	at java.lang.reflect.Method.invoke(Unknown Source)
	at org.testng.internal.MethodInvocationHelper.invokeMethod(MethodInvocationHelper.java:80)
	at org.testng.internal.Invoker.invokeMethod(Invoker.java:714)
	at org.testng.internal.Invoker.invokeTestMethod(Invoker.java:901)
	at org.testng.internal.Invoker.invokeTestMethods(Invoker.java:1231)
	at org.testng.internal.TestMethodWorker.invokeTestMethods(TestMethodWorker.java:127)
	at org.testng.internal.TestMethodWorker.run(TestMethodWorker.java:111)
	at org.testng.TestRunner.privateRun(TestRunner.java:767)
	at org.testng.TestRunner.run(TestRunner.java:617)
	at org.testng.SuiteRunner.runTest(SuiteRunner.java:334)
	at org.testng.SuiteRunner.runSequentially(SuiteRunner.java:329)
	at org.testng.SuiteRunner.privateRun(SuiteRunner.java:291)
	at org.testng.SuiteRunner.run(SuiteRunner.java:240)
	at org.testng.SuiteRunnerWorker.runSuite(SuiteRunnerWorker.java:52)
	at org.testng.SuiteRunnerWorker.run(SuiteRunnerWorker.java:86)
	at org.testng.TestNG.runSuitesSequentially(TestNG.java:1198)
	at org.testng.TestNG.runSuitesLocally(TestNG.java:1123)
	at org.testng.TestNG.run(TestNG.java:1031)
	at org.testng.remote.AbstractRemoteTestNG.run(AbstractRemoteTestNG.java:114)
	at org.testng.remote.RemoteTestNG.initAndRun(RemoteTestNG.java:251)
	at org.testng.remote.RemoteTestNG.main(RemoteTestNG.java:77)
Caused by: org.openqa.selenium.NoSuchElementException: no such element: Unable to locate element: {"method":"xpath","selector":"//li[@class='imc-list-edit--draggable'][1]/div/div[1]/div[1]/a"}
  (Session info: chrome=108.0.5359.125)
For documentation on this error, please visit: https://www.seleniumhq.org/exceptions/no_such_element.html
Build info: version: '3.141.59', revision: 'e82be7d358', time: '2018-11-14T08:25:48'
System info: host: 'EON-SWAPNILI', ip: '172.22.22.78', os.name: 'Windows 10', os.arch: 'amd64', os.version: '10.0', java.version: '1.8.0_311'
Driver info: org.openqa.selenium.chrome.ChromeDriver
Capabilities {acceptInsecureCerts: false, browserName: chrome, browserVersion: 108.0.5359.125, chrome: {chromedriverVersion: 108.0.5359.71 (1e0e3868ee06..., userDataDir: C:\Users\swapnili\AppData\L...}, goog:chromeOptions: {debuggerAddress: localhost:56746}, javascriptEnabled: true, networkConnectionEnabled: false, pageLoadStrategy: normal, platform: WINDOWS, platformName: WINDOWS, proxy: Proxy(), setWindowRect: true, strictFileInteractability: false, timeouts: {implicit: 0, pageLoad: 300000, script: 30000}, unhandledPromptBehavior: dismiss and notify, webauthn:extension:credBlob: true, webauthn:extension:largeBlob: true, webauthn:virtualAuthenticators: true}
Session ID: 420877b7b07799d7b134d10d09247f3b
*** Element info: {Using=xpath, value=//li[@class='imc-list-edit--draggable'][1]/div/div[1]/div[1]/a}
	at sun.reflect.NativeConstructorAccessorImpl.newInstance0(Native Method)
	at sun.reflect.NativeConstructorAccessorImpl.newInstance(Unknown Source)
	at sun.reflect.DelegatingConstructorAccessorImpl.newInstance(Unknown Source)
	at java.lang.reflect.Constructor.newInstance(Unknown Source)
	at org.openqa.selenium.remote.http.W3CHttpResponseCodec.createException(W3CHttpResponseCodec.java:187)
	at org.openqa.selenium.remote.http.W3CHttpResponseCodec.decode(W3CHttpResponseCodec.java:122)
	at org.openqa.selenium.remote.http.W3CHttpResponseCodec.decode(W3CHttpResponseCodec.java:49)
	at org.openqa.selenium.remote.HttpCommandExecutor.execute(HttpCommandExecutor.java:158)
	at org.openqa.selenium.remote.service.DriverCommandExecutor.execute(DriverCommandExecutor.java:83)
	at org.openqa.selenium.remote.RemoteWebDriver.execute(RemoteWebDriver.java:552)
	at org.openqa.selenium.remote.RemoteWebDriver.findElement(RemoteWebDriver.java:323)
	at org.openqa.selenium.remote.RemoteWebDriver.findElementByXPath(RemoteWebDriver.java:428)
	at org.openqa.selenium.By$ByXPath.findElement(By.java:353)
	at org.openqa.selenium.remote.RemoteWebDriver.findElement(RemoteWebDriver.java:315)
	at org.openqa.selenium.support.ui.ExpectedConditions$7.apply(ExpectedConditions.java:205)
	at org.openqa.selenium.support.ui.ExpectedConditions$7.apply(ExpectedConditions.java:201)
	at org.openqa.selenium.support.ui.FluentWait.until(FluentWait.java:249)
	... 26 more
]]>
            </full-stacktrace>
          </exception> <!-- org.openqa.selenium.TimeoutException -->
          <reporter-output>
          </reporter-output>
        </test-method> <!-- TS002_VerifyAddToFavoriteForLineTest -->
        <test-method status="PASS" signature="TS003_VerifyClickOnOrderOnJuniperMarketBtnForLineTest()[pri:0, instance:atlantamarket_PROD.GlobalSearch_LineActions@239963d8]" name="TS003_VerifyClickOnOrderOnJuniperMarketBtnForLineTest" duration-ms="32863" started-at="2022-12-19T11:47:21Z" finished-at="2022-12-19T11:47:54Z">
          <reporter-output>
          </reporter-output>
        </test-method> <!-- TS003_VerifyClickOnOrderOnJuniperMarketBtnForLineTest -->
        <test-method status="PASS" signature="TS004_VerifyAddToNewListForLineTest()[pri:0, instance:atlantamarket_PROD.GlobalSearch_LineActions@239963d8]" name="TS004_VerifyAddToNewListForLineTest" duration-ms="65728" started-at="2022-12-19T11:47:54Z" finished-at="2022-12-19T11:49:00Z">
          <reporter-output>
          </reporter-output>
        </test-method> <!-- TS004_VerifyAddToNewListForLineTest -->
        <test-method status="PASS" signature="TS005_VerifyAddToExistingListForLineTest()[pri:0, instance:atlantamarket_PROD.GlobalSearch_LineActions@239963d8]" name="TS005_VerifyAddToExistingListForLineTest" duration-ms="86645" started-at="2022-12-19T11:49:00Z" finished-at="2022-12-19T11:50:26Z">
          <reporter-output>
          </reporter-output>
        </test-method> <!-- TS005_VerifyAddToExistingListForLineTest -->
        <test-method status="PASS" signature="TS006_VerifyClickOnShownByExhibitorNameLinkForLineTest()[pri:0, instance:atlantamarket_PROD.GlobalSearch_LineActions@239963d8]" name="TS006_VerifyClickOnShownByExhibitorNameLinkForLineTest" duration-ms="32378" started-at="2022-12-19T11:50:26Z" finished-at="2022-12-19T11:50:59Z">
          <reporter-output>
          </reporter-output>
        </test-method> <!-- TS006_VerifyClickOnShownByExhibitorNameLinkForLineTest -->
        <test-method status="PASS" signature="TS007_VerifyClickOnLocationLinkForLineTest()[pri:0, instance:atlantamarket_PROD.GlobalSearch_LineActions@239963d8]" name="TS007_VerifyClickOnLocationLinkForLineTest" duration-ms="29037" started-at="2022-12-19T11:50:59Z" finished-at="2022-12-19T11:51:28Z">
          <reporter-output>
          </reporter-output>
        </test-method> <!-- TS007_VerifyClickOnLocationLinkForLineTest -->
        <test-method status="PASS" signature="TS008_VerifyClickOnMatchingProductsSeeAllLinkForLineTest()[pri:0, instance:atlantamarket_PROD.GlobalSearch_LineActions@239963d8]" name="TS008_VerifyClickOnMatchingProductsSeeAllLinkForLineTest" duration-ms="43174" started-at="2022-12-19T11:51:28Z" finished-at="2022-12-19T11:52:11Z">
          <reporter-output>
          </reporter-output>
        </test-method> <!-- TS008_VerifyClickOnMatchingProductsSeeAllLinkForLineTest -->
        <test-method status="PASS" signature="TS009_VerifyClickOnTotalProductsSeeAllLinkForLineTest()[pri:0, instance:atlantamarket_PROD.GlobalSearch_LineActions@239963d8]" name="TS009_VerifyClickOnTotalProductsSeeAllLinkForLineTest" duration-ms="50869" started-at="2022-12-19T11:52:11Z" finished-at="2022-12-19T11:53:02Z">
          <reporter-output>
          </reporter-output>
        </test-method> <!-- TS009_VerifyClickOnTotalProductsSeeAllLinkForLineTest -->
        <test-method status="PASS" signature="tearDown()[pri:0, instance:atlantamarket_PROD.GlobalSearch_LineActions@239963d8]" name="tearDown" is-config="true" duration-ms="0" started-at="2022-12-19T11:53:02Z" finished-at="2022-12-19T11:53:02Z">
          <reporter-output>
          </reporter-output>
        </test-method> <!-- tearDown -->
      </class> <!-- atlantamarket_PROD.GlobalSearch_LineActions -->
    </test> <!-- RegressionTest -->
  </suite> <!-- LVM_RegressionTestSuite -->
</testng-results>
