<?xml version="1.0" encoding="UTF-8"?>
<testng-results skipped="0" failed="0" total="1" passed="1">
  <reporter-output>
  </reporter-output>
  <suite name="ATLMrkt_RegressionTestSuite" duration-ms="138600" started-at="2022-07-19T08:55:48Z" finished-at="2022-07-19T08:58:07Z">
    <groups>
    </groups>
    <test name="RegressionTest" duration-ms="138600" started-at="2022-07-19T08:55:48Z" finished-at="2022-07-19T08:58:07Z">
      <class name="lasvegasmarket_UAT.GlobalSearch_ExhibitorActions">
        <test-method status="PASS" signature="initialize()[pri:0, instance:lasvegasmarket_UAT.GlobalSearch_ExhibitorActions@27efef64]" name="initialize" is-config="true" duration-ms="59704" started-at="2022-07-19T14:25:48Z" finished-at="2022-07-19T14:26:48Z">
          <reporter-output>
          </reporter-output>
        </test-method> <!-- initialize -->
        <test-method status="PASS" signature="TS001_VerifyAddToFavoriteForExhibitorTest()[pri:0, instance:lasvegasmarket_UAT.GlobalSearch_ExhibitorActions@27efef64]" name="TS001_VerifyAddToFavoriteForExhibitorTest" duration-ms="78856" started-at="2022-07-19T14:26:48Z" finished-at="2022-07-19T14:28:07Z">
          <reporter-output>
          </reporter-output>
        </test-method> <!-- TS001_VerifyAddToFavoriteForExhibitorTest -->
        <test-method status="PASS" signature="tearDown()[pri:0, instance:lasvegasmarket_UAT.GlobalSearch_ExhibitorActions@27efef64]" name="tearDown" is-config="true" duration-ms="1" started-at="2022-07-19T14:28:07Z" finished-at="2022-07-19T14:28:07Z">
          <reporter-output>
          </reporter-output>
        </test-method> <!-- tearDown -->
      </class> <!-- lasvegasmarket_UAT.GlobalSearch_ExhibitorActions -->
    </test> <!-- RegressionTest -->
  </suite> <!-- ATLMrkt_RegressionTestSuite -->
</testng-results>
