<?xml version="1.0" encoding="UTF-8"?>
<testng-results skipped="0" failed="0" total="1" passed="1">
  <reporter-output>
  </reporter-output>
  <suite name="ATLMrkt_RegressionTestSuite" duration-ms="95084" started-at="2024-01-23T14:07:25Z" finished-at="2024-01-23T14:09:01Z">
    <groups>
    </groups>
    <test name="RegressionTest" duration-ms="95084" started-at="2024-01-23T14:07:25Z" finished-at="2024-01-23T14:09:01Z">
      <class name="atlantamarket_PROD.GlobalSearch_LineActions">
        <test-method status="PASS" signature="initialize()[pri:0, instance:atlantamarket_PROD.GlobalSearch_LineActions@3532ec19]" name="initialize" is-config="true" duration-ms="47018" started-at="2024-01-23T19:37:26Z" finished-at="2024-01-23T19:38:13Z">
          <reporter-output>
          </reporter-output>
        </test-method> <!-- initialize -->
        <test-method status="PASS" signature="TS004_VerifyClickOnTotalProductsSeeAllLinkForLineTest()[pri:0, instance:atlantamarket_PROD.GlobalSearch_LineActions@3532ec19]" name="TS004_VerifyClickOnTotalProductsSeeAllLinkForLineTest" duration-ms="46502" started-at="2024-01-23T19:38:13Z" finished-at="2024-01-23T19:38:59Z">
          <reporter-output>
          </reporter-output>
        </test-method> <!-- TS004_VerifyClickOnTotalProductsSeeAllLinkForLineTest -->
        <test-method status="PASS" signature="tearDown()[pri:0, instance:atlantamarket_PROD.GlobalSearch_LineActions@3532ec19]" name="tearDown" is-config="true" duration-ms="1541" started-at="2024-01-23T19:38:59Z" finished-at="2024-01-23T19:39:01Z">
          <reporter-output>
          </reporter-output>
        </test-method> <!-- tearDown -->
      </class> <!-- atlantamarket_PROD.GlobalSearch_LineActions -->
    </test> <!-- RegressionTest -->
  </suite> <!-- ATLMrkt_RegressionTestSuite -->
</testng-results>
