<?xml version="1.0" encoding="UTF-8"?>
<testng-results total="15" passed="15" failed="0" skipped="0">
  <reporter-output>
  </reporter-output>
  <suite started-at="2024-02-01T07:33:00Z" name="Default suite" finished-at="2024-02-01T07:41:50Z" duration-ms="530085">
    <groups>
    </groups>
    <test started-at="2024-02-01T07:33:00Z" name="Default test" finished-at="2024-02-01T07:41:50Z" duration-ms="530085">
      <class name="atlantamarket_UAT.ExhibitorDigitalShowroom">
        <test-method is-config="true" signature="initialize()[pri:0, instance:atlantamarket_UAT.ExhibitorDigitalShowroom@457c9034]" started-at="2024-02-01T13:03:00Z" name="initialize" finished-at="2024-02-01T13:03:29Z" duration-ms="28586" status="PASS">
          <reporter-output>
          </reporter-output>
        </test-method> <!-- initialize -->
        <test-method signature="TS001_VerifyClickOnLocationLinksForExhibitorDigitalShowroomTest()[pri:0, instance:atlantamarket_UAT.ExhibitorDigitalShowroom@457c9034]" started-at="2024-02-01T13:03:29Z" name="TS001_VerifyClickOnLocationLinksForExhibitorDigitalShowroomTest" finished-at="2024-02-01T13:04:07Z" duration-ms="38480" status="PASS">
          <reporter-output>
          </reporter-output>
        </test-method> <!-- TS001_VerifyClickOnLocationLinksForExhibitorDigitalShowroomTest -->
        <test-method signature="TS002_VerifyClickOnTotalLinesSeeAllLinkForExhibitorTest()[pri:0, instance:atlantamarket_UAT.ExhibitorDigitalShowroom@457c9034]" started-at="2024-02-01T13:04:07Z" name="TS002_VerifyClickOnTotalLinesSeeAllLinkForExhibitorTest" finished-at="2024-02-01T13:04:48Z" duration-ms="41129" status="PASS">
          <reporter-output>
          </reporter-output>
        </test-method> <!-- TS002_VerifyClickOnTotalLinesSeeAllLinkForExhibitorTest -->
        <test-method signature="TS003_VerifyClickOnProductShownLinkForExhibitorTest()[pri:0, instance:atlantamarket_UAT.ExhibitorDigitalShowroom@457c9034]" started-at="2024-02-01T13:04:48Z" name="TS003_VerifyClickOnProductShownLinkForExhibitorTest" finished-at="2024-02-01T13:05:25Z" duration-ms="37221" status="PASS">
          <reporter-output>
          </reporter-output>
        </test-method> <!-- TS003_VerifyClickOnProductShownLinkForExhibitorTest -->
        <test-method signature="TS004_VerifyClickOnLineFiltersForExhibitorTest()[pri:0, instance:atlantamarket_UAT.ExhibitorDigitalShowroom@457c9034]" started-at="2024-02-01T13:05:25Z" name="TS004_VerifyClickOnLineFiltersForExhibitorTest" finished-at="2024-02-01T13:05:51Z" duration-ms="25054" status="PASS">
          <reporter-output>
          </reporter-output>
        </test-method> <!-- TS004_VerifyClickOnLineFiltersForExhibitorTest -->
        <test-method signature="TS005_VerifyClickOnLineSearchForExhibitorTest()[pri:0, instance:atlantamarket_UAT.ExhibitorDigitalShowroom@457c9034]" started-at="2024-02-01T13:05:51Z" name="TS005_VerifyClickOnLineSearchForExhibitorTest" finished-at="2024-02-01T13:06:24Z" duration-ms="33931" status="PASS">
          <reporter-output>
          </reporter-output>
        </test-method> <!-- TS005_VerifyClickOnLineSearchForExhibitorTest -->
        <test-method signature="TS006_VerifyExhibitorDigitalShowroomLinesComponentSeeAllLinesTest()[pri:0, instance:atlantamarket_UAT.ExhibitorDigitalShowroom@457c9034]" started-at="2024-02-01T13:06:24Z" name="TS006_VerifyExhibitorDigitalShowroomLinesComponentSeeAllLinesTest" finished-at="2024-02-01T13:06:59Z" duration-ms="34938" status="PASS">
          <reporter-output>
          </reporter-output>
        </test-method> <!-- TS006_VerifyExhibitorDigitalShowroomLinesComponentSeeAllLinesTest -->
        <test-method signature="TS007_VerifyExhibitorDigitalShowroomProductsComponentSeeAllProductsTest()[pri:0, instance:atlantamarket_UAT.ExhibitorDigitalShowroom@457c9034]" started-at="2024-02-01T13:06:59Z" name="TS007_VerifyExhibitorDigitalShowroomProductsComponentSeeAllProductsTest" finished-at="2024-02-01T13:07:27Z" duration-ms="28036" status="PASS">
          <reporter-output>
          </reporter-output>
        </test-method> <!-- TS007_VerifyExhibitorDigitalShowroomProductsComponentSeeAllProductsTest -->
        <test-method signature="TS008_VerifySeeInOtherMarketsForExhibitorTest()[pri:0, instance:atlantamarket_UAT.ExhibitorDigitalShowroom@457c9034]" started-at="2024-02-01T13:07:27Z" name="TS008_VerifySeeInOtherMarketsForExhibitorTest" finished-at="2024-02-01T13:08:07Z" duration-ms="39472" status="PASS">
          <reporter-output>
          </reporter-output>
        </test-method> <!-- TS008_VerifySeeInOtherMarketsForExhibitorTest -->
        <test-method signature="TS009_VerifyExhibitorDigitalShowroomCatalogsComponentSeeAllCatalogsTest()[pri:0, instance:atlantamarket_UAT.ExhibitorDigitalShowroom@457c9034]" started-at="2024-02-01T13:08:07Z" name="TS009_VerifyExhibitorDigitalShowroomCatalogsComponentSeeAllCatalogsTest" finished-at="2024-02-01T13:08:47Z" duration-ms="40158" status="PASS">
          <reporter-output>
          </reporter-output>
        </test-method> <!-- TS009_VerifyExhibitorDigitalShowroomCatalogsComponentSeeAllCatalogsTest -->
        <test-method signature="TS010_VerifyExhibitorDigitalShowroomHeroComponentVisitExhibitorsiteTest()[pri:0, instance:atlantamarket_UAT.ExhibitorDigitalShowroom@457c9034]" started-at="2024-02-01T13:08:47Z" name="TS010_VerifyExhibitorDigitalShowroomHeroComponentVisitExhibitorsiteTest" finished-at="2024-02-01T13:09:19Z" duration-ms="32402" status="PASS">
          <reporter-output>
          </reporter-output>
        </test-method> <!-- TS010_VerifyExhibitorDigitalShowroomHeroComponentVisitExhibitorsiteTest -->
        <test-method signature="TS011_VerifyExhibitorDigitalShowroomHeroComponentView3DShowroomTest()[pri:0, instance:atlantamarket_UAT.ExhibitorDigitalShowroom@457c9034]" started-at="2024-02-01T13:09:19Z" name="TS011_VerifyExhibitorDigitalShowroomHeroComponentView3DShowroomTest" finished-at="2024-02-01T13:09:45Z" duration-ms="25901" status="PASS">
          <reporter-output>
          </reporter-output>
        </test-method> <!-- TS011_VerifyExhibitorDigitalShowroomHeroComponentView3DShowroomTest -->
        <test-method signature="TS012_VerifyExhibitorDigitalEventsComponentTest()[pri:0, instance:atlantamarket_UAT.ExhibitorDigitalShowroom@457c9034]" started-at="2024-02-01T13:09:45Z" name="TS012_VerifyExhibitorDigitalEventsComponentTest" finished-at="2024-02-01T13:10:19Z" duration-ms="33571" status="PASS">
          <reporter-output>
          </reporter-output>
        </test-method> <!-- TS012_VerifyExhibitorDigitalEventsComponentTest -->
        <test-method signature="TS013_VerifyCatalogsSectionForExhibitorTest()[pri:0, instance:atlantamarket_UAT.ExhibitorDigitalShowroom@457c9034]" started-at="2024-02-01T13:10:19Z" name="TS013_VerifyCatalogsSectionForExhibitorTest" finished-at="2024-02-01T13:10:53Z" duration-ms="33889" status="PASS">
          <reporter-output>
          </reporter-output>
        </test-method> <!-- TS013_VerifyCatalogsSectionForExhibitorTest -->
        <test-method signature="TS014_VerifyExhibitorDigitalShowroomShowSpecialsTest()[pri:0, instance:atlantamarket_UAT.ExhibitorDigitalShowroom@457c9034]" started-at="2024-02-01T13:10:53Z" name="TS014_VerifyExhibitorDigitalShowroomShowSpecialsTest" finished-at="2024-02-01T13:11:29Z" duration-ms="36265" status="PASS">
          <reporter-output>
          </reporter-output>
        </test-method> <!-- TS014_VerifyExhibitorDigitalShowroomShowSpecialsTest -->
        <test-method signature="TS015_VerifyExhibitorDigitalShowroomHeroComponentContactExhibitorTest()[pri:0, instance:atlantamarket_UAT.ExhibitorDigitalShowroom@457c9034]" started-at="2024-02-01T13:11:29Z" name="TS015_VerifyExhibitorDigitalShowroomHeroComponentContactExhibitorTest" finished-at="2024-02-01T13:11:50Z" duration-ms="20645" status="PASS">
          <reporter-output>
          </reporter-output>
        </test-method> <!-- TS015_VerifyExhibitorDigitalShowroomHeroComponentContactExhibitorTest -->
        <test-method is-config="true" signature="tearDown()[pri:0, instance:atlantamarket_UAT.ExhibitorDigitalShowroom@457c9034]" started-at="2024-02-01T13:11:50Z" name="tearDown" finished-at="2024-02-01T13:11:50Z" duration-ms="381" status="PASS">
          <reporter-output>
          </reporter-output>
        </test-method> <!-- tearDown -->
      </class> <!-- atlantamarket_UAT.ExhibitorDigitalShowroom -->
    </test> <!-- Default test -->
  </suite> <!-- Default suite -->
</testng-results>
