<?xml version="1.0" encoding="UTF-8"?>
<testng-results skipped="0" failed="9" total="52" passed="43">
  <reporter-output>
  </reporter-output>
  <suite name="LVM_RegressionTestSuite" duration-ms="2586301" started-at="2023-01-06T08:14:17Z" finished-at="2023-01-06T08:57:23Z">
    <groups>
    </groups>
    <test name="RegressionTest" duration-ms="2586301" started-at="2023-01-06T08:14:17Z" finished-at="2023-01-06T08:57:23Z">
      <class name="atlantamarket_PROD.MarketPlanner">
        <test-method status="PASS" signature="initialize()[pri:0, instance:atlantamarket_PROD.MarketPlanner@13deb50e]" name="initialize" is-config="true" duration-ms="75890" started-at="2023-01-06T13:44:17Z" finished-at="2023-01-06T13:45:33Z">
          <reporter-output>
          </reporter-output>
        </test-method> <!-- initialize -->
        <test-method status="PASS" signature="TS001_VerifyMarketPlannerInvalidLoginCredentialsTest()[pri:0, instance:atlantamarket_PROD.MarketPlanner@13deb50e]" name="TS001_VerifyMarketPlannerInvalidLoginCredentialsTest" duration-ms="29941" started-at="2023-01-06T13:45:33Z" finished-at="2023-01-06T13:46:03Z">
          <reporter-output>
          </reporter-output>
        </test-method> <!-- TS001_VerifyMarketPlannerInvalidLoginCredentialsTest -->
        <test-method status="PASS" signature="TS002_VerifyMarketPlannerLoginTest()[pri:0, instance:atlantamarket_PROD.MarketPlanner@13deb50e]" name="TS002_VerifyMarketPlannerLoginTest" duration-ms="23572" started-at="2023-01-06T13:46:03Z" finished-at="2023-01-06T13:46:26Z">
          <reporter-output>
          </reporter-output>
        </test-method> <!-- TS002_VerifyMarketPlannerLoginTest -->
        <test-method status="PASS" signature="TS003_VerifyMarketPlannerChannelSelectorTest()[pri:0, instance:atlantamarket_PROD.MarketPlanner@13deb50e]" name="TS003_VerifyMarketPlannerChannelSelectorTest" duration-ms="112023" started-at="2023-01-06T13:46:26Z" finished-at="2023-01-06T13:48:18Z">
          <reporter-output>
          </reporter-output>
        </test-method> <!-- TS003_VerifyMarketPlannerChannelSelectorTest -->
        <test-method status="PASS" signature="TS004_VerifyAddToFavoriteFunctionalityUsingQuickAddForExhibitorTest()[pri:0, instance:atlantamarket_PROD.MarketPlanner@13deb50e]" name="TS004_VerifyAddToFavoriteFunctionalityUsingQuickAddForExhibitorTest" duration-ms="35275" started-at="2023-01-06T13:48:18Z" finished-at="2023-01-06T13:48:53Z">
          <reporter-output>
          </reporter-output>
        </test-method> <!-- TS004_VerifyAddToFavoriteFunctionalityUsingQuickAddForExhibitorTest -->
        <test-method status="PASS" signature="TS005_VerifyMarketPlannerSignOutTest()[pri:0, instance:atlantamarket_PROD.MarketPlanner@13deb50e]" name="TS005_VerifyMarketPlannerSignOutTest" duration-ms="31326" started-at="2023-01-06T13:48:53Z" finished-at="2023-01-06T13:49:25Z">
          <reporter-output>
          </reporter-output>
        </test-method> <!-- TS005_VerifyMarketPlannerSignOutTest -->
        <test-method status="PASS" signature="TS006_VerifyArrangeBtnFunctionalityForListsTest()[pri:0, instance:atlantamarket_PROD.MarketPlanner@13deb50e]" name="TS006_VerifyArrangeBtnFunctionalityForListsTest" duration-ms="25590" started-at="2023-01-06T13:49:25Z" finished-at="2023-01-06T13:49:50Z">
          <reporter-output>
          </reporter-output>
        </test-method> <!-- TS006_VerifyArrangeBtnFunctionalityForListsTest -->
        <test-method status="FAIL" signature="TS007_VerifyNewGroupBtnFunctionalityForListsTest()[pri:0, instance:atlantamarket_PROD.MarketPlanner@13deb50e]" name="TS007_VerifyNewGroupBtnFunctionalityForListsTest" duration-ms="9770" started-at="2023-01-06T13:49:50Z" finished-at="2023-01-06T13:50:00Z">
          <exception class="java.lang.AssertionError">
            <message>
              <![CDATA[expected [true] but found [false]]]>
            </message>
            <full-stacktrace>
              <![CDATA[java.lang.AssertionError: expected [true] but found [false]
	at org.testng.Assert.fail(Assert.java:94)
	at org.testng.Assert.failNotEquals(Assert.java:494)
	at org.testng.Assert.assertTrue(Assert.java:42)
	at org.testng.Assert.assertTrue(Assert.java:52)
	at resources.Utility.checkItemPresentInListorNot(Utility.java:166)
	at atlantamarket_PROD.MarketPlanner.TS007_VerifyNewGroupBtnFunctionalityForListsTest(MarketPlanner.java:389)
	at sun.reflect.NativeMethodAccessorImpl.invoke0(Native Method)
	at sun.reflect.NativeMethodAccessorImpl.invoke(Unknown Source)
	at sun.reflect.DelegatingMethodAccessorImpl.invoke(Unknown Source)
	at java.lang.reflect.Method.invoke(Unknown Source)
	at org.testng.internal.MethodInvocationHelper.invokeMethod(MethodInvocationHelper.java:80)
	at org.testng.internal.Invoker.invokeMethod(Invoker.java:714)
	at org.testng.internal.Invoker.invokeTestMethod(Invoker.java:901)
	at org.testng.internal.Invoker.invokeTestMethods(Invoker.java:1231)
	at org.testng.internal.TestMethodWorker.invokeTestMethods(TestMethodWorker.java:127)
	at org.testng.internal.TestMethodWorker.run(TestMethodWorker.java:111)
	at org.testng.TestRunner.privateRun(TestRunner.java:767)
	at org.testng.TestRunner.run(TestRunner.java:617)
	at org.testng.SuiteRunner.runTest(SuiteRunner.java:334)
	at org.testng.SuiteRunner.runSequentially(SuiteRunner.java:329)
	at org.testng.SuiteRunner.privateRun(SuiteRunner.java:291)
	at org.testng.SuiteRunner.run(SuiteRunner.java:240)
	at org.testng.SuiteRunnerWorker.runSuite(SuiteRunnerWorker.java:52)
	at org.testng.SuiteRunnerWorker.run(SuiteRunnerWorker.java:86)
	at org.testng.TestNG.runSuitesSequentially(TestNG.java:1198)
	at org.testng.TestNG.runSuitesLocally(TestNG.java:1123)
	at org.testng.TestNG.run(TestNG.java:1031)
	at org.testng.remote.AbstractRemoteTestNG.run(AbstractRemoteTestNG.java:126)
	at org.testng.remote.RemoteTestNG.initAndRun(RemoteTestNG.java:137)
	at org.testng.remote.RemoteTestNG.main(RemoteTestNG.java:58)
]]>
            </full-stacktrace>
          </exception> <!-- java.lang.AssertionError -->
          <reporter-output>
          </reporter-output>
        </test-method> <!-- TS007_VerifyNewGroupBtnFunctionalityForListsTest -->
        <test-method status="PASS" signature="TS008_VerifyNewListBtnFunctionalityForListsTest1()[pri:0, instance:atlantamarket_PROD.MarketPlanner@13deb50e]" name="TS008_VerifyNewListBtnFunctionalityForListsTest1" duration-ms="30670" started-at="2023-01-06T13:50:00Z" finished-at="2023-01-06T13:50:31Z">
          <reporter-output>
          </reporter-output>
        </test-method> <!-- TS008_VerifyNewListBtnFunctionalityForListsTest1 -->
        <test-method status="PASS" signature="TS009_VerifyCreateNewGroupFormValidationForListsTest()[pri:0, instance:atlantamarket_PROD.MarketPlanner@13deb50e]" name="TS009_VerifyCreateNewGroupFormValidationForListsTest" duration-ms="4136" started-at="2023-01-06T13:50:31Z" finished-at="2023-01-06T13:50:35Z">
          <reporter-output>
          </reporter-output>
        </test-method> <!-- TS009_VerifyCreateNewGroupFormValidationForListsTest -->
        <test-method status="PASS" signature="TS010_VerifyCreateNewListFormValidationTest()[pri:0, instance:atlantamarket_PROD.MarketPlanner@13deb50e]" name="TS010_VerifyCreateNewListFormValidationTest" duration-ms="24919" started-at="2023-01-06T13:50:35Z" finished-at="2023-01-06T13:51:00Z">
          <reporter-output>
          </reporter-output>
        </test-method> <!-- TS010_VerifyCreateNewListFormValidationTest -->
        <test-method status="PASS" signature="TS011_VerifyMPDashboardOverviewTest()[pri:0, instance:atlantamarket_PROD.MarketPlanner@13deb50e]" name="TS011_VerifyMPDashboardOverviewTest" duration-ms="4283" started-at="2023-01-06T13:51:00Z" finished-at="2023-01-06T13:51:04Z">
          <reporter-output>
          </reporter-output>
        </test-method> <!-- TS011_VerifyMPDashboardOverviewTest -->
        <test-method status="FAIL" signature="TS012_VerifyMPRegistrationCardOverviewTest()[pri:0, instance:atlantamarket_PROD.MarketPlanner@13deb50e]" name="TS012_VerifyMPRegistrationCardOverviewTest" duration-ms="36849" started-at="2023-01-06T13:51:04Z" finished-at="2023-01-06T13:51:41Z">
          <exception class="org.openqa.selenium.TimeoutException">
            <message>
              <![CDATA[Expected condition failed: waiting for visibility of element located by By.xpath: //div[@class = 'imc-card-section imc-card-footer imc-card-centered']/a[1] (tried for 20 second(s) with 500 milliseconds interval)]]>
            </message>
            <full-stacktrace>
              <![CDATA[org.openqa.selenium.TimeoutException: Expected condition failed: waiting for visibility of element located by By.xpath: //div[@class = 'imc-card-section imc-card-footer imc-card-centered']/a[1] (tried for 20 second(s) with 500 milliseconds interval)
	at org.openqa.selenium.support.ui.WebDriverWait.timeoutException(WebDriverWait.java:95)
	at org.openqa.selenium.support.ui.FluentWait.until(FluentWait.java:272)
	at pageObjects.AtlantaMarket.ATLMarketPlannerPage.getmpregistrationlink(ATLMarketPlannerPage.java:845)
	at atlantamarket_PROD.MarketPlanner.TS012_VerifyMPRegistrationCardOverviewTest(MarketPlanner.java:605)
	at sun.reflect.NativeMethodAccessorImpl.invoke0(Native Method)
	at sun.reflect.NativeMethodAccessorImpl.invoke(Unknown Source)
	at sun.reflect.DelegatingMethodAccessorImpl.invoke(Unknown Source)
	at java.lang.reflect.Method.invoke(Unknown Source)
	at org.testng.internal.MethodInvocationHelper.invokeMethod(MethodInvocationHelper.java:80)
	at org.testng.internal.Invoker.invokeMethod(Invoker.java:714)
	at org.testng.internal.Invoker.invokeTestMethod(Invoker.java:901)
	at org.testng.internal.Invoker.invokeTestMethods(Invoker.java:1231)
	at org.testng.internal.TestMethodWorker.invokeTestMethods(TestMethodWorker.java:127)
	at org.testng.internal.TestMethodWorker.run(TestMethodWorker.java:111)
	at org.testng.TestRunner.privateRun(TestRunner.java:767)
	at org.testng.TestRunner.run(TestRunner.java:617)
	at org.testng.SuiteRunner.runTest(SuiteRunner.java:334)
	at org.testng.SuiteRunner.runSequentially(SuiteRunner.java:329)
	at org.testng.SuiteRunner.privateRun(SuiteRunner.java:291)
	at org.testng.SuiteRunner.run(SuiteRunner.java:240)
	at org.testng.SuiteRunnerWorker.runSuite(SuiteRunnerWorker.java:52)
	at org.testng.SuiteRunnerWorker.run(SuiteRunnerWorker.java:86)
	at org.testng.TestNG.runSuitesSequentially(TestNG.java:1198)
	at org.testng.TestNG.runSuitesLocally(TestNG.java:1123)
	at org.testng.TestNG.run(TestNG.java:1031)
	at org.testng.remote.AbstractRemoteTestNG.run(AbstractRemoteTestNG.java:126)
	at org.testng.remote.RemoteTestNG.initAndRun(RemoteTestNG.java:137)
	at org.testng.remote.RemoteTestNG.main(RemoteTestNG.java:58)
Caused by: org.openqa.selenium.NoSuchElementException: no such element: Unable to locate element: {"method":"xpath","selector":"//div[@class = 'imc-card-section imc-card-footer imc-card-centered']/a[1]"}
  (Session info: chrome=108.0.5359.125)
For documentation on this error, please visit: https://www.seleniumhq.org/exceptions/no_such_element.html
Build info: version: '3.141.59', revision: 'e82be7d358', time: '2018-11-14T08:25:48'
System info: host: 'EON-SWAPNILI', ip: '172.22.22.78', os.name: 'Windows 10', os.arch: 'amd64', os.version: '10.0', java.version: '1.8.0_311'
Driver info: org.openqa.selenium.chrome.ChromeDriver
Capabilities {acceptInsecureCerts: false, browserName: chrome, browserVersion: 108.0.5359.125, chrome: {chromedriverVersion: 108.0.5359.71 (1e0e3868ee06..., userDataDir: C:\Users\swapnili\AppData\L...}, goog:chromeOptions: {debuggerAddress: localhost:55458}, javascriptEnabled: true, networkConnectionEnabled: false, pageLoadStrategy: normal, platform: WINDOWS, platformName: WINDOWS, proxy: Proxy(), setWindowRect: true, strictFileInteractability: false, timeouts: {implicit: 0, pageLoad: 300000, script: 30000}, unhandledPromptBehavior: dismiss and notify, webauthn:extension:credBlob: true, webauthn:extension:largeBlob: true, webauthn:virtualAuthenticators: true}
Session ID: 94aa5f1a6a04571ae3865bbea97cd38e
*** Element info: {Using=xpath, value=//div[@class = 'imc-card-section imc-card-footer imc-card-centered']/a[1]}
	at sun.reflect.NativeConstructorAccessorImpl.newInstance0(Native Method)
	at sun.reflect.NativeConstructorAccessorImpl.newInstance(Unknown Source)
	at sun.reflect.DelegatingConstructorAccessorImpl.newInstance(Unknown Source)
	at java.lang.reflect.Constructor.newInstance(Unknown Source)
	at org.openqa.selenium.remote.http.W3CHttpResponseCodec.createException(W3CHttpResponseCodec.java:187)
	at org.openqa.selenium.remote.http.W3CHttpResponseCodec.decode(W3CHttpResponseCodec.java:122)
	at org.openqa.selenium.remote.http.W3CHttpResponseCodec.decode(W3CHttpResponseCodec.java:49)
	at org.openqa.selenium.remote.HttpCommandExecutor.execute(HttpCommandExecutor.java:158)
	at org.openqa.selenium.remote.service.DriverCommandExecutor.execute(DriverCommandExecutor.java:83)
	at org.openqa.selenium.remote.RemoteWebDriver.execute(RemoteWebDriver.java:552)
	at org.openqa.selenium.remote.RemoteWebDriver.findElement(RemoteWebDriver.java:323)
	at org.openqa.selenium.remote.RemoteWebDriver.findElementByXPath(RemoteWebDriver.java:428)
	at org.openqa.selenium.By$ByXPath.findElement(By.java:353)
	at org.openqa.selenium.remote.RemoteWebDriver.findElement(RemoteWebDriver.java:315)
	at org.openqa.selenium.support.ui.ExpectedConditions$7.apply(ExpectedConditions.java:205)
	at org.openqa.selenium.support.ui.ExpectedConditions$7.apply(ExpectedConditions.java:201)
	at org.openqa.selenium.support.ui.FluentWait.until(FluentWait.java:249)
	... 26 more
]]>
            </full-stacktrace>
          </exception> <!-- org.openqa.selenium.TimeoutException -->
          <reporter-output>
          </reporter-output>
        </test-method> <!-- TS012_VerifyMPRegistrationCardOverviewTest -->
        <test-method status="FAIL" signature="TS013_VerifyAddToFavoriteFunctionalityForProductTest()[pri:0, instance:atlantamarket_PROD.MarketPlanner@13deb50e]" name="TS013_VerifyAddToFavoriteFunctionalityForProductTest" duration-ms="45390" started-at="2023-01-06T13:51:41Z" finished-at="2023-01-06T13:52:27Z">
          <exception class="org.openqa.selenium.TimeoutException">
            <message>
              <![CDATA[Expected condition failed: waiting for visibility of element located by By.xpath: //div[@class='imc-vr--xxlarge']/div[1]/div[2]/div[1]/div[1]/div[1]/div[1]/p[1] (tried for 20 second(s) with 500 milliseconds interval)]]>
            </message>
            <full-stacktrace>
              <![CDATA[org.openqa.selenium.TimeoutException: Expected condition failed: waiting for visibility of element located by By.xpath: //div[@class='imc-vr--xxlarge']/div[1]/div[2]/div[1]/div[1]/div[1]/div[1]/p[1] (tried for 20 second(s) with 500 milliseconds interval)
	at org.openqa.selenium.support.ui.WebDriverWait.timeoutException(WebDriverWait.java:95)
	at org.openqa.selenium.support.ui.FluentWait.until(FluentWait.java:272)
	at pageObjects.AtlantaMarket.ATLExhLineProdActionsPage.getExhProductNameOnSearchGrid(ATLExhLineProdActionsPage.java:249)
	at atlantamarket_PROD.MarketPlanner.TS013_VerifyAddToFavoriteFunctionalityForProductTest(MarketPlanner.java:636)
	at sun.reflect.NativeMethodAccessorImpl.invoke0(Native Method)
	at sun.reflect.NativeMethodAccessorImpl.invoke(Unknown Source)
	at sun.reflect.DelegatingMethodAccessorImpl.invoke(Unknown Source)
	at java.lang.reflect.Method.invoke(Unknown Source)
	at org.testng.internal.MethodInvocationHelper.invokeMethod(MethodInvocationHelper.java:80)
	at org.testng.internal.Invoker.invokeMethod(Invoker.java:714)
	at org.testng.internal.Invoker.invokeTestMethod(Invoker.java:901)
	at org.testng.internal.Invoker.invokeTestMethods(Invoker.java:1231)
	at org.testng.internal.TestMethodWorker.invokeTestMethods(TestMethodWorker.java:127)
	at org.testng.internal.TestMethodWorker.run(TestMethodWorker.java:111)
	at org.testng.TestRunner.privateRun(TestRunner.java:767)
	at org.testng.TestRunner.run(TestRunner.java:617)
	at org.testng.SuiteRunner.runTest(SuiteRunner.java:334)
	at org.testng.SuiteRunner.runSequentially(SuiteRunner.java:329)
	at org.testng.SuiteRunner.privateRun(SuiteRunner.java:291)
	at org.testng.SuiteRunner.run(SuiteRunner.java:240)
	at org.testng.SuiteRunnerWorker.runSuite(SuiteRunnerWorker.java:52)
	at org.testng.SuiteRunnerWorker.run(SuiteRunnerWorker.java:86)
	at org.testng.TestNG.runSuitesSequentially(TestNG.java:1198)
	at org.testng.TestNG.runSuitesLocally(TestNG.java:1123)
	at org.testng.TestNG.run(TestNG.java:1031)
	at org.testng.remote.AbstractRemoteTestNG.run(AbstractRemoteTestNG.java:126)
	at org.testng.remote.RemoteTestNG.initAndRun(RemoteTestNG.java:137)
	at org.testng.remote.RemoteTestNG.main(RemoteTestNG.java:58)
Caused by: org.openqa.selenium.NoSuchElementException: no such element: Unable to locate element: {"method":"xpath","selector":"//div[@class='imc-vr--xxlarge']/div[1]/div[2]/div[1]/div[1]/div[1]/div[1]/p[1]"}
  (Session info: chrome=108.0.5359.125)
For documentation on this error, please visit: https://www.seleniumhq.org/exceptions/no_such_element.html
Build info: version: '3.141.59', revision: 'e82be7d358', time: '2018-11-14T08:25:48'
System info: host: 'EON-SWAPNILI', ip: '172.22.22.78', os.name: 'Windows 10', os.arch: 'amd64', os.version: '10.0', java.version: '1.8.0_311'
Driver info: org.openqa.selenium.chrome.ChromeDriver
Capabilities {acceptInsecureCerts: false, browserName: chrome, browserVersion: 108.0.5359.125, chrome: {chromedriverVersion: 108.0.5359.71 (1e0e3868ee06..., userDataDir: C:\Users\swapnili\AppData\L...}, goog:chromeOptions: {debuggerAddress: localhost:55458}, javascriptEnabled: true, networkConnectionEnabled: false, pageLoadStrategy: normal, platform: WINDOWS, platformName: WINDOWS, proxy: Proxy(), setWindowRect: true, strictFileInteractability: false, timeouts: {implicit: 0, pageLoad: 300000, script: 30000}, unhandledPromptBehavior: dismiss and notify, webauthn:extension:credBlob: true, webauthn:extension:largeBlob: true, webauthn:virtualAuthenticators: true}
Session ID: 94aa5f1a6a04571ae3865bbea97cd38e
*** Element info: {Using=xpath, value=//div[@class='imc-vr--xxlarge']/div[1]/div[2]/div[1]/div[1]/div[1]/div[1]/p[1]}
	at sun.reflect.NativeConstructorAccessorImpl.newInstance0(Native Method)
	at sun.reflect.NativeConstructorAccessorImpl.newInstance(Unknown Source)
	at sun.reflect.DelegatingConstructorAccessorImpl.newInstance(Unknown Source)
	at java.lang.reflect.Constructor.newInstance(Unknown Source)
	at org.openqa.selenium.remote.http.W3CHttpResponseCodec.createException(W3CHttpResponseCodec.java:187)
	at org.openqa.selenium.remote.http.W3CHttpResponseCodec.decode(W3CHttpResponseCodec.java:122)
	at org.openqa.selenium.remote.http.W3CHttpResponseCodec.decode(W3CHttpResponseCodec.java:49)
	at org.openqa.selenium.remote.HttpCommandExecutor.execute(HttpCommandExecutor.java:158)
	at org.openqa.selenium.remote.service.DriverCommandExecutor.execute(DriverCommandExecutor.java:83)
	at org.openqa.selenium.remote.RemoteWebDriver.execute(RemoteWebDriver.java:552)
	at org.openqa.selenium.remote.RemoteWebDriver.findElement(RemoteWebDriver.java:323)
	at org.openqa.selenium.remote.RemoteWebDriver.findElementByXPath(RemoteWebDriver.java:428)
	at org.openqa.selenium.By$ByXPath.findElement(By.java:353)
	at org.openqa.selenium.remote.RemoteWebDriver.findElement(RemoteWebDriver.java:315)
	at org.openqa.selenium.support.ui.ExpectedConditions$7.apply(ExpectedConditions.java:205)
	at org.openqa.selenium.support.ui.ExpectedConditions$7.apply(ExpectedConditions.java:201)
	at org.openqa.selenium.support.ui.FluentWait.until(FluentWait.java:249)
	... 26 more
]]>
            </full-stacktrace>
          </exception> <!-- org.openqa.selenium.TimeoutException -->
          <reporter-output>
          </reporter-output>
        </test-method> <!-- TS013_VerifyAddToFavoriteFunctionalityForProductTest -->
        <test-method status="PASS" signature="TS014_VerifyManageListOptionsOverviewTest()[pri:0, instance:atlantamarket_PROD.MarketPlanner@13deb50e]" name="TS014_VerifyManageListOptionsOverviewTest" duration-ms="6356" started-at="2023-01-06T13:52:27Z" finished-at="2023-01-06T13:52:33Z">
          <reporter-output>
          </reporter-output>
        </test-method> <!-- TS014_VerifyManageListOptionsOverviewTest -->
        <test-method status="PASS" signature="TS015_VerifyEditListFunctionalityForManageListTest()[pri:0, instance:atlantamarket_PROD.MarketPlanner@13deb50e]" name="TS015_VerifyEditListFunctionalityForManageListTest" duration-ms="229496" started-at="2023-01-06T13:52:33Z" finished-at="2023-01-06T13:56:23Z">
          <reporter-output>
          </reporter-output>
        </test-method> <!-- TS015_VerifyEditListFunctionalityForManageListTest -->
        <test-method status="PASS" signature="TS016_VerifyDuplicateLinkFunctionalityForListTest()[pri:0, instance:atlantamarket_PROD.MarketPlanner@13deb50e]" name="TS016_VerifyDuplicateLinkFunctionalityForListTest" duration-ms="25429" started-at="2023-01-06T13:56:23Z" finished-at="2023-01-06T13:56:48Z">
          <reporter-output>
          </reporter-output>
        </test-method> <!-- TS016_VerifyDuplicateLinkFunctionalityForListTest -->
        <test-method status="PASS" signature="TS017_VerifyRenameFunctionalityForListTest()[pri:0, instance:atlantamarket_PROD.MarketPlanner@13deb50e]" name="TS017_VerifyRenameFunctionalityForListTest" duration-ms="51898" started-at="2023-01-06T13:56:48Z" finished-at="2023-01-06T13:57:40Z">
          <reporter-output>
          </reporter-output>
        </test-method> <!-- TS017_VerifyRenameFunctionalityForListTest -->
        <test-method status="PASS" signature="TS018_VerifyAddToFavoriteFunctionalityForLineTest()[pri:0, instance:atlantamarket_PROD.MarketPlanner@13deb50e]" name="TS018_VerifyAddToFavoriteFunctionalityForLineTest" duration-ms="27180" started-at="2023-01-06T13:57:40Z" finished-at="2023-01-06T13:58:07Z">
          <reporter-output>
          </reporter-output>
        </test-method> <!-- TS018_VerifyAddToFavoriteFunctionalityForLineTest -->
        <test-method status="PASS" signature="TS019_VerifyAddToFavoriteFunctionalityForExhibitorTest()[pri:0, instance:atlantamarket_PROD.MarketPlanner@13deb50e]" name="TS019_VerifyAddToFavoriteFunctionalityForExhibitorTest" duration-ms="24642" started-at="2023-01-06T13:58:07Z" finished-at="2023-01-06T13:58:32Z">
          <reporter-output>
          </reporter-output>
        </test-method> <!-- TS019_VerifyAddToFavoriteFunctionalityForExhibitorTest -->
        <test-method status="PASS" signature="TS020_VerifyMPListsCardOverviewTest()[pri:0, instance:atlantamarket_PROD.MarketPlanner@13deb50e]" name="TS020_VerifyMPListsCardOverviewTest" duration-ms="22722" started-at="2023-01-06T13:58:32Z" finished-at="2023-01-06T13:58:55Z">
          <reporter-output>
          </reporter-output>
        </test-method> <!-- TS020_VerifyMPListsCardOverviewTest -->
        <test-method status="PASS" signature="TS021_VerifyMPActivitiesCardOverviewTest()[pri:0, instance:atlantamarket_PROD.MarketPlanner@13deb50e]" name="TS021_VerifyMPActivitiesCardOverviewTest" duration-ms="14813" started-at="2023-01-06T13:58:55Z" finished-at="2023-01-06T13:59:09Z">
          <reporter-output>
          </reporter-output>
        </test-method> <!-- TS021_VerifyMPActivitiesCardOverviewTest -->
        <test-method status="PASS" signature="TS022_VerifyFilterByOptionsOverviewForListTest()[pri:0, instance:atlantamarket_PROD.MarketPlanner@13deb50e]" name="TS022_VerifyFilterByOptionsOverviewForListTest" duration-ms="28699" started-at="2023-01-06T13:59:09Z" finished-at="2023-01-06T13:59:38Z">
          <reporter-output>
          </reporter-output>
        </test-method> <!-- TS022_VerifyFilterByOptionsOverviewForListTest -->
        <test-method status="FAIL" signature="TS023_VerifyFilterByOptionsFunctionalityForListTest()[pri:0, instance:atlantamarket_PROD.MarketPlanner@13deb50e]" name="TS023_VerifyFilterByOptionsFunctionalityForListTest" duration-ms="203129" started-at="2023-01-06T13:59:38Z" finished-at="2023-01-06T14:03:01Z">
          <exception class="org.openqa.selenium.TimeoutException">
            <message>
              <![CDATA[Expected condition failed: waiting for visibility of element located by By.xpath: //div[@class='imc-market-planner-list--item-body-data-left']/div[1] (tried for 20 second(s) with 500 milliseconds interval)]]>
            </message>
            <full-stacktrace>
              <![CDATA[org.openqa.selenium.TimeoutException: Expected condition failed: waiting for visibility of element located by By.xpath: //div[@class='imc-market-planner-list--item-body-data-left']/div[1] (tried for 20 second(s) with 500 milliseconds interval)
	at org.openqa.selenium.support.ui.WebDriverWait.timeoutException(WebDriverWait.java:95)
	at org.openqa.selenium.support.ui.FluentWait.until(FluentWait.java:272)
	at pageObjects.AtlantaMarket.ATLMarketPlannerPage.getnameofElement(ATLMarketPlannerPage.java:1070)
	at atlantamarket_PROD.MarketPlanner.TS023_VerifyFilterByOptionsFunctionalityForListTest(MarketPlanner.java:1473)
	at sun.reflect.NativeMethodAccessorImpl.invoke0(Native Method)
	at sun.reflect.NativeMethodAccessorImpl.invoke(Unknown Source)
	at sun.reflect.DelegatingMethodAccessorImpl.invoke(Unknown Source)
	at java.lang.reflect.Method.invoke(Unknown Source)
	at org.testng.internal.MethodInvocationHelper.invokeMethod(MethodInvocationHelper.java:80)
	at org.testng.internal.Invoker.invokeMethod(Invoker.java:714)
	at org.testng.internal.Invoker.invokeTestMethod(Invoker.java:901)
	at org.testng.internal.Invoker.invokeTestMethods(Invoker.java:1231)
	at org.testng.internal.TestMethodWorker.invokeTestMethods(TestMethodWorker.java:127)
	at org.testng.internal.TestMethodWorker.run(TestMethodWorker.java:111)
	at org.testng.TestRunner.privateRun(TestRunner.java:767)
	at org.testng.TestRunner.run(TestRunner.java:617)
	at org.testng.SuiteRunner.runTest(SuiteRunner.java:334)
	at org.testng.SuiteRunner.runSequentially(SuiteRunner.java:329)
	at org.testng.SuiteRunner.privateRun(SuiteRunner.java:291)
	at org.testng.SuiteRunner.run(SuiteRunner.java:240)
	at org.testng.SuiteRunnerWorker.runSuite(SuiteRunnerWorker.java:52)
	at org.testng.SuiteRunnerWorker.run(SuiteRunnerWorker.java:86)
	at org.testng.TestNG.runSuitesSequentially(TestNG.java:1198)
	at org.testng.TestNG.runSuitesLocally(TestNG.java:1123)
	at org.testng.TestNG.run(TestNG.java:1031)
	at org.testng.remote.AbstractRemoteTestNG.run(AbstractRemoteTestNG.java:126)
	at org.testng.remote.RemoteTestNG.initAndRun(RemoteTestNG.java:137)
	at org.testng.remote.RemoteTestNG.main(RemoteTestNG.java:58)
Caused by: org.openqa.selenium.NoSuchElementException: no such element: Unable to locate element: {"method":"xpath","selector":"//div[@class='imc-market-planner-list--item-body-data-left']/div[1]"}
  (Session info: chrome=108.0.5359.125)
For documentation on this error, please visit: https://www.seleniumhq.org/exceptions/no_such_element.html
Build info: version: '3.141.59', revision: 'e82be7d358', time: '2018-11-14T08:25:48'
System info: host: 'EON-SWAPNILI', ip: '172.22.22.78', os.name: 'Windows 10', os.arch: 'amd64', os.version: '10.0', java.version: '1.8.0_311'
Driver info: org.openqa.selenium.chrome.ChromeDriver
Capabilities {acceptInsecureCerts: false, browserName: chrome, browserVersion: 108.0.5359.125, chrome: {chromedriverVersion: 108.0.5359.71 (1e0e3868ee06..., userDataDir: C:\Users\swapnili\AppData\L...}, goog:chromeOptions: {debuggerAddress: localhost:55458}, javascriptEnabled: true, networkConnectionEnabled: false, pageLoadStrategy: normal, platform: WINDOWS, platformName: WINDOWS, proxy: Proxy(), setWindowRect: true, strictFileInteractability: false, timeouts: {implicit: 0, pageLoad: 300000, script: 30000}, unhandledPromptBehavior: dismiss and notify, webauthn:extension:credBlob: true, webauthn:extension:largeBlob: true, webauthn:virtualAuthenticators: true}
Session ID: 94aa5f1a6a04571ae3865bbea97cd38e
*** Element info: {Using=xpath, value=//div[@class='imc-market-planner-list--item-body-data-left']/div[1]}
	at sun.reflect.NativeConstructorAccessorImpl.newInstance0(Native Method)
	at sun.reflect.NativeConstructorAccessorImpl.newInstance(Unknown Source)
	at sun.reflect.DelegatingConstructorAccessorImpl.newInstance(Unknown Source)
	at java.lang.reflect.Constructor.newInstance(Unknown Source)
	at org.openqa.selenium.remote.http.W3CHttpResponseCodec.createException(W3CHttpResponseCodec.java:187)
	at org.openqa.selenium.remote.http.W3CHttpResponseCodec.decode(W3CHttpResponseCodec.java:122)
	at org.openqa.selenium.remote.http.W3CHttpResponseCodec.decode(W3CHttpResponseCodec.java:49)
	at org.openqa.selenium.remote.HttpCommandExecutor.execute(HttpCommandExecutor.java:158)
	at org.openqa.selenium.remote.service.DriverCommandExecutor.execute(DriverCommandExecutor.java:83)
	at org.openqa.selenium.remote.RemoteWebDriver.execute(RemoteWebDriver.java:552)
	at org.openqa.selenium.remote.RemoteWebDriver.findElement(RemoteWebDriver.java:323)
	at org.openqa.selenium.remote.RemoteWebDriver.findElementByXPath(RemoteWebDriver.java:428)
	at org.openqa.selenium.By$ByXPath.findElement(By.java:353)
	at org.openqa.selenium.remote.RemoteWebDriver.findElement(RemoteWebDriver.java:315)
	at org.openqa.selenium.support.ui.ExpectedConditions$7.apply(ExpectedConditions.java:205)
	at org.openqa.selenium.support.ui.ExpectedConditions$7.apply(ExpectedConditions.java:201)
	at org.openqa.selenium.support.ui.FluentWait.until(FluentWait.java:249)
	... 26 more
]]>
            </full-stacktrace>
          </exception> <!-- org.openqa.selenium.TimeoutException -->
          <reporter-output>
          </reporter-output>
        </test-method> <!-- TS023_VerifyFilterByOptionsFunctionalityForListTest -->
        <test-method status="PASS" signature="TS024_VerifyMarketPlannerListSortByTest()[pri:0, instance:atlantamarket_PROD.MarketPlanner@13deb50e]" name="TS024_VerifyMarketPlannerListSortByTest" duration-ms="35509" started-at="2023-01-06T14:03:01Z" finished-at="2023-01-06T14:03:37Z">
          <reporter-output>
          </reporter-output>
        </test-method> <!-- TS024_VerifyMarketPlannerListSortByTest -->
        <test-method status="FAIL" signature="TS025_VerifyDuplicateLinkFunctionalityForListTest()[pri:0, instance:atlantamarket_PROD.MarketPlanner@13deb50e]" name="TS025_VerifyDuplicateLinkFunctionalityForListTest" duration-ms="14609" started-at="2023-01-06T14:03:37Z" finished-at="2023-01-06T14:03:51Z">
          <exception class="org.openqa.selenium.InvalidSelectorException">
            <message>
              <![CDATA[invalid selector: Unable to locate an element with the xpath expression //div[text()='CybqAGbX']/../div[2]/span[1]) because of the following error:
SyntaxError: Failed to execute 'evaluate' on 'Document': The string '//div[text()='CybqAGbX']/../div[2]/span[1])' is not a valid XPath expression.
  (Session info: chrome=108.0.5359.125)
For documentation on this error, please visit: https://www.seleniumhq.org/exceptions/invalid_selector_exception.html
Build info: version: '3.141.59', revision: 'e82be7d358', time: '2018-11-14T08:25:48'
System info: host: 'EON-SWAPNILI', ip: '172.22.22.78', os.name: 'Windows 10', os.arch: 'amd64', os.version: '10.0', java.version: '1.8.0_311'
Driver info: org.openqa.selenium.chrome.ChromeDriver
Capabilities {acceptInsecureCerts: false, browserName: chrome, browserVersion: 108.0.5359.125, chrome: {chromedriverVersion: 108.0.5359.71 (1e0e3868ee06..., userDataDir: C:\Users\swapnili\AppData\L...}, goog:chromeOptions: {debuggerAddress: localhost:55458}, javascriptEnabled: true, networkConnectionEnabled: false, pageLoadStrategy: normal, platform: WINDOWS, platformName: WINDOWS, proxy: Proxy(), setWindowRect: true, strictFileInteractability: false, timeouts: {implicit: 0, pageLoad: 300000, script: 30000}, unhandledPromptBehavior: dismiss and notify, webauthn:extension:credBlob: true, webauthn:extension:largeBlob: true, webauthn:virtualAuthenticators: true}
Session ID: 94aa5f1a6a04571ae3865bbea97cd38e
*** Element info: {Using=xpath, value=//div[text()='CybqAGbX']/../div[2]/span[1])}]]>
            </message>
            <full-stacktrace>
              <![CDATA[org.openqa.selenium.InvalidSelectorException: invalid selector: Unable to locate an element with the xpath expression //div[text()='CybqAGbX']/../div[2]/span[1]) because of the following error:
SyntaxError: Failed to execute 'evaluate' on 'Document': The string '//div[text()='CybqAGbX']/../div[2]/span[1])' is not a valid XPath expression.
  (Session info: chrome=108.0.5359.125)
For documentation on this error, please visit: https://www.seleniumhq.org/exceptions/invalid_selector_exception.html
Build info: version: '3.141.59', revision: 'e82be7d358', time: '2018-11-14T08:25:48'
System info: host: 'EON-SWAPNILI', ip: '172.22.22.78', os.name: 'Windows 10', os.arch: 'amd64', os.version: '10.0', java.version: '1.8.0_311'
Driver info: org.openqa.selenium.chrome.ChromeDriver
Capabilities {acceptInsecureCerts: false, browserName: chrome, browserVersion: 108.0.5359.125, chrome: {chromedriverVersion: 108.0.5359.71 (1e0e3868ee06..., userDataDir: C:\Users\swapnili\AppData\L...}, goog:chromeOptions: {debuggerAddress: localhost:55458}, javascriptEnabled: true, networkConnectionEnabled: false, pageLoadStrategy: normal, platform: WINDOWS, platformName: WINDOWS, proxy: Proxy(), setWindowRect: true, strictFileInteractability: false, timeouts: {implicit: 0, pageLoad: 300000, script: 30000}, unhandledPromptBehavior: dismiss and notify, webauthn:extension:credBlob: true, webauthn:extension:largeBlob: true, webauthn:virtualAuthenticators: true}
Session ID: 94aa5f1a6a04571ae3865bbea97cd38e
*** Element info: {Using=xpath, value=//div[text()='CybqAGbX']/../div[2]/span[1])}
	at sun.reflect.NativeConstructorAccessorImpl.newInstance0(Native Method)
	at sun.reflect.NativeConstructorAccessorImpl.newInstance(Unknown Source)
	at sun.reflect.DelegatingConstructorAccessorImpl.newInstance(Unknown Source)
	at java.lang.reflect.Constructor.newInstance(Unknown Source)
	at org.openqa.selenium.remote.http.W3CHttpResponseCodec.createException(W3CHttpResponseCodec.java:187)
	at org.openqa.selenium.remote.http.W3CHttpResponseCodec.decode(W3CHttpResponseCodec.java:122)
	at org.openqa.selenium.remote.http.W3CHttpResponseCodec.decode(W3CHttpResponseCodec.java:49)
	at org.openqa.selenium.remote.HttpCommandExecutor.execute(HttpCommandExecutor.java:158)
	at org.openqa.selenium.remote.service.DriverCommandExecutor.execute(DriverCommandExecutor.java:83)
	at org.openqa.selenium.remote.RemoteWebDriver.execute(RemoteWebDriver.java:552)
	at org.openqa.selenium.remote.RemoteWebDriver.findElement(RemoteWebDriver.java:323)
	at org.openqa.selenium.remote.RemoteWebDriver.findElementByXPath(RemoteWebDriver.java:428)
	at org.openqa.selenium.By$ByXPath.findElement(By.java:353)
	at org.openqa.selenium.remote.RemoteWebDriver.findElement(RemoteWebDriver.java:315)
	at atlantamarket_PROD.MarketPlanner.TS025_VerifyDuplicateLinkFunctionalityForListTest(MarketPlanner.java:1613)
	at sun.reflect.NativeMethodAccessorImpl.invoke0(Native Method)
	at sun.reflect.NativeMethodAccessorImpl.invoke(Unknown Source)
	at sun.reflect.DelegatingMethodAccessorImpl.invoke(Unknown Source)
	at java.lang.reflect.Method.invoke(Unknown Source)
	at org.testng.internal.MethodInvocationHelper.invokeMethod(MethodInvocationHelper.java:80)
	at org.testng.internal.Invoker.invokeMethod(Invoker.java:714)
	at org.testng.internal.Invoker.invokeTestMethod(Invoker.java:901)
	at org.testng.internal.Invoker.invokeTestMethods(Invoker.java:1231)
	at org.testng.internal.TestMethodWorker.invokeTestMethods(TestMethodWorker.java:127)
	at org.testng.internal.TestMethodWorker.run(TestMethodWorker.java:111)
	at org.testng.TestRunner.privateRun(TestRunner.java:767)
	at org.testng.TestRunner.run(TestRunner.java:617)
	at org.testng.SuiteRunner.runTest(SuiteRunner.java:334)
	at org.testng.SuiteRunner.runSequentially(SuiteRunner.java:329)
	at org.testng.SuiteRunner.privateRun(SuiteRunner.java:291)
	at org.testng.SuiteRunner.run(SuiteRunner.java:240)
	at org.testng.SuiteRunnerWorker.runSuite(SuiteRunnerWorker.java:52)
	at org.testng.SuiteRunnerWorker.run(SuiteRunnerWorker.java:86)
	at org.testng.TestNG.runSuitesSequentially(TestNG.java:1198)
	at org.testng.TestNG.runSuitesLocally(TestNG.java:1123)
	at org.testng.TestNG.run(TestNG.java:1031)
	at org.testng.remote.AbstractRemoteTestNG.run(AbstractRemoteTestNG.java:126)
	at org.testng.remote.RemoteTestNG.initAndRun(RemoteTestNG.java:137)
	at org.testng.remote.RemoteTestNG.main(RemoteTestNG.java:58)
]]>
            </full-stacktrace>
          </exception> <!-- org.openqa.selenium.InvalidSelectorException -->
          <reporter-output>
          </reporter-output>
        </test-method> <!-- TS025_VerifyDuplicateLinkFunctionalityForListTest -->
        <test-method status="PASS" signature="TS026_VerifyListDisplayControlsTest()[pri:0, instance:atlantamarket_PROD.MarketPlanner@13deb50e]" name="TS026_VerifyListDisplayControlsTest" duration-ms="6051" started-at="2023-01-06T14:03:52Z" finished-at="2023-01-06T14:03:58Z">
          <reporter-output>
          </reporter-output>
        </test-method> <!-- TS026_VerifyListDisplayControlsTest -->
        <test-method status="PASS" signature="TS027_VerifyListDisplayControlsFunctionalityTest()[pri:0, instance:atlantamarket_PROD.MarketPlanner@13deb50e]" name="TS027_VerifyListDisplayControlsFunctionalityTest" duration-ms="138704" started-at="2023-01-06T14:03:58Z" finished-at="2023-01-06T14:06:16Z">
          <reporter-output>
          </reporter-output>
        </test-method> <!-- TS027_VerifyListDisplayControlsFunctionalityTest -->
        <test-method status="PASS" signature="TS028_VerifyMarketPlannerListElementLocationLinkTest()[pri:0, instance:atlantamarket_PROD.MarketPlanner@13deb50e]" name="TS028_VerifyMarketPlannerListElementLocationLinkTest" duration-ms="56697" started-at="2023-01-06T14:06:16Z" finished-at="2023-01-06T14:07:13Z">
          <reporter-output>
          </reporter-output>
        </test-method> <!-- TS028_VerifyMarketPlannerListElementLocationLinkTest -->
        <test-method status="PASS" signature="TS029_VerifyMarketPlannerListsElementMoreOoptionsOverviewTest()[pri:0, instance:atlantamarket_PROD.MarketPlanner@13deb50e]" name="TS029_VerifyMarketPlannerListsElementMoreOoptionsOverviewTest" duration-ms="23274" started-at="2023-01-06T14:07:13Z" finished-at="2023-01-06T14:07:36Z">
          <reporter-output>
          </reporter-output>
        </test-method> <!-- TS029_VerifyMarketPlannerListsElementMoreOoptionsOverviewTest -->
        <test-method status="PASS" signature="TS030_VerifyMarketPlannerListsElementMoreOoptionsCopyeTest()[pri:0, instance:atlantamarket_PROD.MarketPlanner@13deb50e]" name="TS030_VerifyMarketPlannerListsElementMoreOoptionsCopyeTest" duration-ms="96433" started-at="2023-01-06T14:07:36Z" finished-at="2023-01-06T14:09:13Z">
          <reporter-output>
          </reporter-output>
        </test-method> <!-- TS030_VerifyMarketPlannerListsElementMoreOoptionsCopyeTest -->
        <test-method status="PASS" signature="TS031_VerifyMarketPlannerListsElementMoreOoptionsMoveTest()[pri:0, instance:atlantamarket_PROD.MarketPlanner@13deb50e]" name="TS031_VerifyMarketPlannerListsElementMoreOoptionsMoveTest" duration-ms="104203" started-at="2023-01-06T14:09:13Z" finished-at="2023-01-06T14:10:57Z">
          <reporter-output>
          </reporter-output>
        </test-method> <!-- TS031_VerifyMarketPlannerListsElementMoreOoptionsMoveTest -->
        <test-method status="PASS" signature="TS032_VerifyMarketPlannerListsElementMoreOoptionsDeleteTest()[pri:0, instance:atlantamarket_PROD.MarketPlanner@13deb50e]" name="TS032_VerifyMarketPlannerListsElementMoreOoptionsDeleteTest" duration-ms="74355" started-at="2023-01-06T14:10:57Z" finished-at="2023-01-06T14:12:11Z">
          <reporter-output>
          </reporter-output>
        </test-method> <!-- TS032_VerifyMarketPlannerListsElementMoreOoptionsDeleteTest -->
        <test-method status="PASS" signature="TS033_VerifyMarketPlannerListManagementAddNoteTest()[pri:0, instance:atlantamarket_PROD.MarketPlanner@13deb50e]" name="TS033_VerifyMarketPlannerListManagementAddNoteTest" duration-ms="94706" started-at="2023-01-06T14:12:11Z" finished-at="2023-01-06T14:13:46Z">
          <reporter-output>
          </reporter-output>
        </test-method> <!-- TS033_VerifyMarketPlannerListManagementAddNoteTest -->
        <test-method status="PASS" signature="TS034_VerifyMarketPlannerEditListCustomItemTest()[pri:0, instance:atlantamarket_PROD.MarketPlanner@13deb50e]" name="TS034_VerifyMarketPlannerEditListCustomItemTest" duration-ms="31111" started-at="2023-01-06T14:13:46Z" finished-at="2023-01-06T14:14:17Z">
          <reporter-output>
          </reporter-output>
        </test-method> <!-- TS034_VerifyMarketPlannerEditListCustomItemTest -->
        <test-method status="PASS" signature="TS035_VerifyMarketPlannerEditListAddNoteTest()[pri:0, instance:atlantamarket_PROD.MarketPlanner@13deb50e]" name="TS035_VerifyMarketPlannerEditListAddNoteTest" duration-ms="129937" started-at="2023-01-06T14:14:17Z" finished-at="2023-01-06T14:16:27Z">
          <reporter-output>
          </reporter-output>
        </test-method> <!-- TS035_VerifyMarketPlannerEditListAddNoteTest -->
        <test-method status="PASS" signature="TS036_VerifyMarketPlannerListsAllSavedExhibitorsTest()[pri:0, instance:atlantamarket_PROD.MarketPlanner@13deb50e]" name="TS036_VerifyMarketPlannerListsAllSavedExhibitorsTest" duration-ms="34584" started-at="2023-01-06T14:16:27Z" finished-at="2023-01-06T14:17:02Z">
          <reporter-output>
          </reporter-output>
        </test-method> <!-- TS036_VerifyMarketPlannerListsAllSavedExhibitorsTest -->
        <test-method status="PASS" signature="TS039_VerifyMarketSavedSearchesfunctionalityTest()[pri:0, instance:atlantamarket_PROD.MarketPlanner@13deb50e]" name="TS039_VerifyMarketSavedSearchesfunctionalityTest" duration-ms="60531" started-at="2023-01-06T14:17:02Z" finished-at="2023-01-06T14:18:02Z">
          <reporter-output>
          </reporter-output>
        </test-method> <!-- TS039_VerifyMarketSavedSearchesfunctionalityTest -->
        <test-method status="FAIL" signature="TS038_VerifyMarketPlannerRegistrationsTabTest()[pri:0, instance:atlantamarket_PROD.MarketPlanner@13deb50e]" name="TS038_VerifyMarketPlannerRegistrationsTabTest" duration-ms="20035" started-at="2023-01-06T14:18:02Z" finished-at="2023-01-06T14:18:22Z">
          <exception class="java.lang.ArrayIndexOutOfBoundsException">
            <message>
              <![CDATA[8]]>
            </message>
            <full-stacktrace>
              <![CDATA[java.lang.ArrayIndexOutOfBoundsException: 8
	at atlantamarket_PROD.MarketPlanner.TS038_VerifyMarketPlannerRegistrationsTabTest(MarketPlanner.java:2426)
	at sun.reflect.NativeMethodAccessorImpl.invoke0(Native Method)
	at sun.reflect.NativeMethodAccessorImpl.invoke(Unknown Source)
	at sun.reflect.DelegatingMethodAccessorImpl.invoke(Unknown Source)
	at java.lang.reflect.Method.invoke(Unknown Source)
	at org.testng.internal.MethodInvocationHelper.invokeMethod(MethodInvocationHelper.java:80)
	at org.testng.internal.Invoker.invokeMethod(Invoker.java:714)
	at org.testng.internal.Invoker.invokeTestMethod(Invoker.java:901)
	at org.testng.internal.Invoker.invokeTestMethods(Invoker.java:1231)
	at org.testng.internal.TestMethodWorker.invokeTestMethods(TestMethodWorker.java:127)
	at org.testng.internal.TestMethodWorker.run(TestMethodWorker.java:111)
	at org.testng.TestRunner.privateRun(TestRunner.java:767)
	at org.testng.TestRunner.run(TestRunner.java:617)
	at org.testng.SuiteRunner.runTest(SuiteRunner.java:334)
	at org.testng.SuiteRunner.runSequentially(SuiteRunner.java:329)
	at org.testng.SuiteRunner.privateRun(SuiteRunner.java:291)
	at org.testng.SuiteRunner.run(SuiteRunner.java:240)
	at org.testng.SuiteRunnerWorker.runSuite(SuiteRunnerWorker.java:52)
	at org.testng.SuiteRunnerWorker.run(SuiteRunnerWorker.java:86)
	at org.testng.TestNG.runSuitesSequentially(TestNG.java:1198)
	at org.testng.TestNG.runSuitesLocally(TestNG.java:1123)
	at org.testng.TestNG.run(TestNG.java:1031)
	at org.testng.remote.AbstractRemoteTestNG.run(AbstractRemoteTestNG.java:126)
	at org.testng.remote.RemoteTestNG.initAndRun(RemoteTestNG.java:137)
	at org.testng.remote.RemoteTestNG.main(RemoteTestNG.java:58)
]]>
            </full-stacktrace>
          </exception> <!-- java.lang.ArrayIndexOutOfBoundsException -->
          <reporter-output>
          </reporter-output>
        </test-method> <!-- TS038_VerifyMarketPlannerRegistrationsTabTest -->
        <test-method status="PASS" signature="TS037_VerifyMarketPlannerListsAllSavedproductsTest()[pri:0, instance:atlantamarket_PROD.MarketPlanner@13deb50e]" name="TS037_VerifyMarketPlannerListsAllSavedproductsTest" duration-ms="50291" started-at="2023-01-06T14:18:22Z" finished-at="2023-01-06T14:19:13Z">
          <reporter-output>
          </reporter-output>
        </test-method> <!-- TS037_VerifyMarketPlannerListsAllSavedproductsTest -->
        <test-method status="PASS" signature="TS040_VerifyMarketSavedSearchesDeletefunctionalityTest()[pri:0, instance:atlantamarket_PROD.MarketPlanner@13deb50e]" name="TS040_VerifyMarketSavedSearchesDeletefunctionalityTest" duration-ms="91037" started-at="2023-01-06T14:19:13Z" finished-at="2023-01-06T14:20:44Z">
          <reporter-output>
          </reporter-output>
        </test-method> <!-- TS040_VerifyMarketSavedSearchesDeletefunctionalityTest -->
        <test-method status="FAIL" signature="TS045_VerifyAddToListFunctionalityUsingQuickAddTest()[pri:0, instance:atlantamarket_PROD.MarketPlanner@13deb50e]" name="TS045_VerifyAddToListFunctionalityUsingQuickAddTest" duration-ms="34214" started-at="2023-01-06T14:20:44Z" finished-at="2023-01-06T14:21:18Z">
          <exception class="java.lang.AssertionError">
            <message>
              <![CDATA[expected [true] but found [false]]]>
            </message>
            <full-stacktrace>
              <![CDATA[java.lang.AssertionError: expected [true] but found [false]
	at org.testng.Assert.fail(Assert.java:94)
	at org.testng.Assert.failNotEquals(Assert.java:494)
	at org.testng.Assert.assertTrue(Assert.java:42)
	at org.testng.Assert.assertTrue(Assert.java:52)
	at resources.Utility.ClickOnEditBtnOfAnyList(Utility.java:272)
	at atlantamarket_PROD.MarketPlanner.TS045_VerifyAddToListFunctionalityUsingQuickAddTest(MarketPlanner.java:3015)
	at sun.reflect.NativeMethodAccessorImpl.invoke0(Native Method)
	at sun.reflect.NativeMethodAccessorImpl.invoke(Unknown Source)
	at sun.reflect.DelegatingMethodAccessorImpl.invoke(Unknown Source)
	at java.lang.reflect.Method.invoke(Unknown Source)
	at org.testng.internal.MethodInvocationHelper.invokeMethod(MethodInvocationHelper.java:80)
	at org.testng.internal.Invoker.invokeMethod(Invoker.java:714)
	at org.testng.internal.Invoker.invokeTestMethod(Invoker.java:901)
	at org.testng.internal.Invoker.invokeTestMethods(Invoker.java:1231)
	at org.testng.internal.TestMethodWorker.invokeTestMethods(TestMethodWorker.java:127)
	at org.testng.internal.TestMethodWorker.run(TestMethodWorker.java:111)
	at org.testng.TestRunner.privateRun(TestRunner.java:767)
	at org.testng.TestRunner.run(TestRunner.java:617)
	at org.testng.SuiteRunner.runTest(SuiteRunner.java:334)
	at org.testng.SuiteRunner.runSequentially(SuiteRunner.java:329)
	at org.testng.SuiteRunner.privateRun(SuiteRunner.java:291)
	at org.testng.SuiteRunner.run(SuiteRunner.java:240)
	at org.testng.SuiteRunnerWorker.runSuite(SuiteRunnerWorker.java:52)
	at org.testng.SuiteRunnerWorker.run(SuiteRunnerWorker.java:86)
	at org.testng.TestNG.runSuitesSequentially(TestNG.java:1198)
	at org.testng.TestNG.runSuitesLocally(TestNG.java:1123)
	at org.testng.TestNG.run(TestNG.java:1031)
	at org.testng.remote.AbstractRemoteTestNG.run(AbstractRemoteTestNG.java:126)
	at org.testng.remote.RemoteTestNG.initAndRun(RemoteTestNG.java:137)
	at org.testng.remote.RemoteTestNG.main(RemoteTestNG.java:58)
]]>
            </full-stacktrace>
          </exception> <!-- java.lang.AssertionError -->
          <reporter-output>
          </reporter-output>
        </test-method> <!-- TS045_VerifyAddToListFunctionalityUsingQuickAddTest -->
        <test-method status="PASS" signature="TS042_VerifyMarketPlannerListsElementMoreOoptionsAddToScheduleTest()[pri:0, instance:atlantamarket_PROD.MarketPlanner@13deb50e]" name="TS042_VerifyMarketPlannerListsElementMoreOoptionsAddToScheduleTest" duration-ms="14544" started-at="2023-01-06T14:21:18Z" finished-at="2023-01-06T14:21:33Z">
          <reporter-output>
          </reporter-output>
        </test-method> <!-- TS042_VerifyMarketPlannerListsElementMoreOoptionsAddToScheduleTest -->
        <test-method status="PASS" signature="TS043_VerifyAddToFavoriteFunctionalityUsingQuickAddForproductTest()[pri:0, instance:atlantamarket_PROD.MarketPlanner@13deb50e]" name="TS043_VerifyAddToFavoriteFunctionalityUsingQuickAddForproductTest" duration-ms="66485" started-at="2023-01-06T14:21:33Z" finished-at="2023-01-06T14:22:39Z">
          <reporter-output>
          </reporter-output>
        </test-method> <!-- TS043_VerifyAddToFavoriteFunctionalityUsingQuickAddForproductTest -->
        <test-method status="PASS" signature="TS044_VerifyAddToFavoriteFunctionalityUsingQuickAddForLinesTest()[pri:0, instance:atlantamarket_PROD.MarketPlanner@13deb50e]" name="TS044_VerifyAddToFavoriteFunctionalityUsingQuickAddForLinesTest" duration-ms="48905" started-at="2023-01-06T14:22:39Z" finished-at="2023-01-06T14:23:28Z">
          <reporter-output>
          </reporter-output>
        </test-method> <!-- TS044_VerifyAddToFavoriteFunctionalityUsingQuickAddForLinesTest -->
        <test-method status="PASS" signature="TS041_VerifyMarketPlannerListSortByFunctionalityTest()[pri:0, instance:atlantamarket_PROD.MarketPlanner@13deb50e]" name="TS041_VerifyMarketPlannerListSortByFunctionalityTest" duration-ms="162522" started-at="2023-01-06T14:23:28Z" finished-at="2023-01-06T14:26:11Z">
          <reporter-output>
          </reporter-output>
        </test-method> <!-- TS041_VerifyMarketPlannerListSortByFunctionalityTest -->
        <test-method status="PASS" signature="TS046_VerifyMarketPlanneMyInfoEditProfile()[pri:0, instance:atlantamarket_PROD.MarketPlanner@13deb50e]" name="TS046_VerifyMarketPlanneMyInfoEditProfile" duration-ms="20750" started-at="2023-01-06T14:26:11Z" finished-at="2023-01-06T14:26:31Z">
          <reporter-output>
          </reporter-output>
        </test-method> <!-- TS046_VerifyMarketPlanneMyInfoEditProfile -->
        <test-method status="PASS" signature="TS047_VerifyMarketPlanneMyInfoOverview()[pri:0, instance:atlantamarket_PROD.MarketPlanner@13deb50e]" name="TS047_VerifyMarketPlanneMyInfoOverview" duration-ms="3675" started-at="2023-01-06T14:26:31Z" finished-at="2023-01-06T14:26:35Z">
          <reporter-output>
          </reporter-output>
        </test-method> <!-- TS047_VerifyMarketPlanneMyInfoOverview -->
        <test-method status="PASS" signature="TS048_VerifyMarketPlanneMyInfoMyInquiriesTab()[pri:0, instance:atlantamarket_PROD.MarketPlanner@13deb50e]" name="TS048_VerifyMarketPlanneMyInfoMyInquiriesTab" duration-ms="3808" started-at="2023-01-06T14:26:35Z" finished-at="2023-01-06T14:26:39Z">
          <reporter-output>
          </reporter-output>
        </test-method> <!-- TS048_VerifyMarketPlanneMyInfoMyInquiriesTab -->
        <test-method status="PASS" signature="TS049_VerifyTabsUnderListsSectionTest()[pri:0, instance:atlantamarket_PROD.MarketPlanner@13deb50e]" name="TS049_VerifyTabsUnderListsSectionTest" duration-ms="7057" started-at="2023-01-06T14:26:39Z" finished-at="2023-01-06T14:26:46Z">
          <reporter-output>
          </reporter-output>
        </test-method> <!-- TS049_VerifyTabsUnderListsSectionTest -->
        <test-method status="PASS" signature="TS050_VerifyListTabDetailsTest()[pri:0, instance:atlantamarket_PROD.MarketPlanner@13deb50e]" name="TS050_VerifyListTabDetailsTest" duration-ms="5641" started-at="2023-01-06T14:26:46Z" finished-at="2023-01-06T14:26:51Z">
          <reporter-output>
          </reporter-output>
        </test-method> <!-- TS050_VerifyListTabDetailsTest -->
        <test-method status="FAIL" signature="TS051_VerifyMarketPlannerAddEventsToFav()[pri:0, instance:atlantamarket_PROD.MarketPlanner@13deb50e]" name="TS051_VerifyMarketPlannerAddEventsToFav" duration-ms="15933" started-at="2023-01-06T14:26:51Z" finished-at="2023-01-06T14:27:07Z">
          <exception class="java.lang.AssertionError">
            <message>
              <![CDATA[expected [true] but found [false]]]>
            </message>
            <full-stacktrace>
              <![CDATA[java.lang.AssertionError: expected [true] but found [false]
	at org.testng.Assert.fail(Assert.java:94)
	at org.testng.Assert.failNotEquals(Assert.java:494)
	at org.testng.Assert.assertTrue(Assert.java:42)
	at org.testng.Assert.assertTrue(Assert.java:52)
	at resources.Utility.checkItemPresentInListorNot(Utility.java:166)
	at atlantamarket_PROD.MarketPlanner.TS051_VerifyMarketPlannerAddEventsToFav(MarketPlanner.java:3298)
	at sun.reflect.NativeMethodAccessorImpl.invoke0(Native Method)
	at sun.reflect.NativeMethodAccessorImpl.invoke(Unknown Source)
	at sun.reflect.DelegatingMethodAccessorImpl.invoke(Unknown Source)
	at java.lang.reflect.Method.invoke(Unknown Source)
	at org.testng.internal.MethodInvocationHelper.invokeMethod(MethodInvocationHelper.java:80)
	at org.testng.internal.Invoker.invokeMethod(Invoker.java:714)
	at org.testng.internal.Invoker.invokeTestMethod(Invoker.java:901)
	at org.testng.internal.Invoker.invokeTestMethods(Invoker.java:1231)
	at org.testng.internal.TestMethodWorker.invokeTestMethods(TestMethodWorker.java:127)
	at org.testng.internal.TestMethodWorker.run(TestMethodWorker.java:111)
	at org.testng.TestRunner.privateRun(TestRunner.java:767)
	at org.testng.TestRunner.run(TestRunner.java:617)
	at org.testng.SuiteRunner.runTest(SuiteRunner.java:334)
	at org.testng.SuiteRunner.runSequentially(SuiteRunner.java:329)
	at org.testng.SuiteRunner.privateRun(SuiteRunner.java:291)
	at org.testng.SuiteRunner.run(SuiteRunner.java:240)
	at org.testng.SuiteRunnerWorker.runSuite(SuiteRunnerWorker.java:52)
	at org.testng.SuiteRunnerWorker.run(SuiteRunnerWorker.java:86)
	at org.testng.TestNG.runSuitesSequentially(TestNG.java:1198)
	at org.testng.TestNG.runSuitesLocally(TestNG.java:1123)
	at org.testng.TestNG.run(TestNG.java:1031)
	at org.testng.remote.AbstractRemoteTestNG.run(AbstractRemoteTestNG.java:126)
	at org.testng.remote.RemoteTestNG.initAndRun(RemoteTestNG.java:137)
	at org.testng.remote.RemoteTestNG.main(RemoteTestNG.java:58)
]]>
            </full-stacktrace>
          </exception> <!-- java.lang.AssertionError -->
          <reporter-output>
          </reporter-output>
        </test-method> <!-- TS051_VerifyMarketPlannerAddEventsToFav -->
        <test-method status="FAIL" signature="TS052_VerifyMarketPlannerAllSavedEventsAndSemninar()[pri:0, instance:atlantamarket_PROD.MarketPlanner@13deb50e]" name="TS052_VerifyMarketPlannerAllSavedEventsAndSemninar" duration-ms="15319" started-at="2023-01-06T14:27:08Z" finished-at="2023-01-06T14:27:23Z">
          <exception class="java.lang.AssertionError">
            <message>
              <![CDATA[expected [true] but found [false]]]>
            </message>
            <full-stacktrace>
              <![CDATA[java.lang.AssertionError: expected [true] but found [false]
	at org.testng.Assert.fail(Assert.java:94)
	at org.testng.Assert.failNotEquals(Assert.java:494)
	at org.testng.Assert.assertTrue(Assert.java:42)
	at org.testng.Assert.assertTrue(Assert.java:52)
	at resources.Utility.checkItemPresentInListorNot(Utility.java:166)
	at atlantamarket_PROD.MarketPlanner.TS052_VerifyMarketPlannerAllSavedEventsAndSemninar(MarketPlanner.java:3355)
	at sun.reflect.NativeMethodAccessorImpl.invoke0(Native Method)
	at sun.reflect.NativeMethodAccessorImpl.invoke(Unknown Source)
	at sun.reflect.DelegatingMethodAccessorImpl.invoke(Unknown Source)
	at java.lang.reflect.Method.invoke(Unknown Source)
	at org.testng.internal.MethodInvocationHelper.invokeMethod(MethodInvocationHelper.java:80)
	at org.testng.internal.Invoker.invokeMethod(Invoker.java:714)
	at org.testng.internal.Invoker.invokeTestMethod(Invoker.java:901)
	at org.testng.internal.Invoker.invokeTestMethods(Invoker.java:1231)
	at org.testng.internal.TestMethodWorker.invokeTestMethods(TestMethodWorker.java:127)
	at org.testng.internal.TestMethodWorker.run(TestMethodWorker.java:111)
	at org.testng.TestRunner.privateRun(TestRunner.java:767)
	at org.testng.TestRunner.run(TestRunner.java:617)
	at org.testng.SuiteRunner.runTest(SuiteRunner.java:334)
	at org.testng.SuiteRunner.runSequentially(SuiteRunner.java:329)
	at org.testng.SuiteRunner.privateRun(SuiteRunner.java:291)
	at org.testng.SuiteRunner.run(SuiteRunner.java:240)
	at org.testng.SuiteRunnerWorker.runSuite(SuiteRunnerWorker.java:52)
	at org.testng.SuiteRunnerWorker.run(SuiteRunnerWorker.java:86)
	at org.testng.TestNG.runSuitesSequentially(TestNG.java:1198)
	at org.testng.TestNG.runSuitesLocally(TestNG.java:1123)
	at org.testng.TestNG.run(TestNG.java:1031)
	at org.testng.remote.AbstractRemoteTestNG.run(AbstractRemoteTestNG.java:126)
	at org.testng.remote.RemoteTestNG.initAndRun(RemoteTestNG.java:137)
	at org.testng.remote.RemoteTestNG.main(RemoteTestNG.java:58)
]]>
            </full-stacktrace>
          </exception> <!-- java.lang.AssertionError -->
          <reporter-output>
          </reporter-output>
        </test-method> <!-- TS052_VerifyMarketPlannerAllSavedEventsAndSemninar -->
      </class> <!-- atlantamarket_PROD.MarketPlanner -->
    </test> <!-- RegressionTest -->
  </suite> <!-- LVM_RegressionTestSuite -->
</testng-results>
