<?xml version="1.0" encoding="UTF-8"?>
<testng-results skipped="0" failed="0" total="1" passed="1">
  <reporter-output>
  </reporter-output>
  <suite name="LVM_RegressionTestSuite" duration-ms="76818" started-at="2023-02-24T08:22:53Z" finished-at="2023-02-24T08:24:10Z">
    <groups>
    </groups>
    <test name="RegressionTest" duration-ms="76818" started-at="2023-02-24T08:22:53Z" finished-at="2023-02-24T08:24:10Z">
      <class name="lasvegasmarket_UAT.GlobalSearch_SearchFor">
        <test-method status="PASS" signature="initialize()[pri:0, instance:lasvegasmarket_UAT.GlobalSearch_SearchFor@13969fbe]" name="initialize" is-config="true" duration-ms="33530" started-at="2023-02-24T13:52:53Z" finished-at="2023-02-24T13:53:27Z">
          <reporter-output>
          </reporter-output>
        </test-method> <!-- initialize -->
        <test-method status="PASS" signature="TS004_VerifyCatalogsOverviewInGlobalSearchTest()[pri:0, instance:lasvegasmarket_UAT.GlobalSearch_SearchFor@13969fbe]" name="TS004_VerifyCatalogsOverviewInGlobalSearchTest" duration-ms="43263" started-at="2023-02-24T13:53:27Z" finished-at="2023-02-24T13:54:10Z">
          <reporter-output>
          </reporter-output>
        </test-method> <!-- TS004_VerifyCatalogsOverviewInGlobalSearchTest -->
        <test-method status="PASS" signature="tearDown()[pri:0, instance:lasvegasmarket_UAT.GlobalSearch_SearchFor@13969fbe]" name="tearDown" is-config="true" duration-ms="0" started-at="2023-02-24T13:54:10Z" finished-at="2023-02-24T13:54:10Z">
          <reporter-output>
          </reporter-output>
        </test-method> <!-- tearDown -->
      </class> <!-- lasvegasmarket_UAT.GlobalSearch_SearchFor -->
    </test> <!-- RegressionTest -->
  </suite> <!-- LVM_RegressionTestSuite -->
</testng-results>
