<?xml version="1.0" encoding="UTF-8"?>
<testng-results skipped="0" failed="14" total="82" passed="68">
  <reporter-output>
  </reporter-output>
  <suite name="Suite" duration-ms="5394495" started-at="2024-07-04T14:42:57Z" finished-at="2024-07-04T16:12:51Z">
    <groups>
    </groups>
    <test name="Test" duration-ms="5394495" started-at="2024-07-04T14:42:57Z" finished-at="2024-07-04T16:12:51Z">
      <class name="lasvegasmarket_PROD.GlobalSearch_ExhibitorActions">
        <test-method status="PASS" signature="initialize()[pri:0, instance:lasvegasmarket_PROD.GlobalSearch_ExhibitorActions@60f82f98]" name="initialize" is-config="true" duration-ms="37069" started-at="2024-07-04T20:29:15Z" finished-at="2024-07-04T20:29:52Z">
          <reporter-output>
          </reporter-output>
        </test-method> <!-- initialize -->
        <test-method status="PASS" signature="TS001_VerifyClickOnContactExhIconForExhibitorTest()[pri:0, instance:lasvegasmarket_PROD.GlobalSearch_ExhibitorActions@60f82f98]" name="TS001_VerifyClickOnContactExhIconForExhibitorTest" duration-ms="9778" started-at="2024-07-04T20:29:52Z" finished-at="2024-07-04T20:30:01Z">
          <reporter-output>
          </reporter-output>
        </test-method> <!-- TS001_VerifyClickOnContactExhIconForExhibitorTest -->
        <test-method status="PASS" signature="TS002_VerifyClickOnLocationLinksForExhibitorTest()[pri:0, instance:lasvegasmarket_PROD.GlobalSearch_ExhibitorActions@60f82f98]" name="TS002_VerifyClickOnLocationLinksForExhibitorTest" duration-ms="29028" started-at="2024-07-04T20:30:01Z" finished-at="2024-07-04T20:30:30Z">
          <reporter-output>
          </reporter-output>
        </test-method> <!-- TS002_VerifyClickOnLocationLinksForExhibitorTest -->
        <test-method status="PASS" signature="TS003_VerifyClickOnLinesShownLinkForExhibitorTest()[pri:0, instance:lasvegasmarket_PROD.GlobalSearch_ExhibitorActions@60f82f98]" name="TS003_VerifyClickOnLinesShownLinkForExhibitorTest" duration-ms="39295" started-at="2024-07-04T20:30:30Z" finished-at="2024-07-04T20:31:10Z">
          <reporter-output>
          </reporter-output>
        </test-method> <!-- TS003_VerifyClickOnLinesShownLinkForExhibitorTest -->
        <test-method status="FAIL" signature="TS004_VerifyClickOnTotalProductsSeeAllLinkForExhibitorTest()[pri:0, instance:lasvegasmarket_PROD.GlobalSearch_ExhibitorActions@60f82f98]" name="TS004_VerifyClickOnTotalProductsSeeAllLinkForExhibitorTest" duration-ms="55625" started-at="2024-07-04T20:31:10Z" finished-at="2024-07-04T20:32:05Z">
          <exception class="org.openqa.selenium.TimeoutException">
            <message>
              <![CDATA[Expected condition failed: waiting for visibility of element located by By.xpath: //div[@class='imc-gallery__item imc-exhibitorcard imc-line'][1]/div[2]/div[2]/div/div[2]/p[1] (tried for 30 second(s) with 500 milliseconds interval)]]>
            </message>
            <full-stacktrace>
              <![CDATA[org.openqa.selenium.TimeoutException: Expected condition failed: waiting for visibility of element located by By.xpath: //div[@class='imc-gallery__item imc-exhibitorcard imc-line'][1]/div[2]/div[2]/div/div[2]/p[1] (tried for 30 second(s) with 500 milliseconds interval)
	at org.openqa.selenium.support.ui.WebDriverWait.timeoutException(WebDriverWait.java:95)
	at org.openqa.selenium.support.ui.FluentWait.until(FluentWait.java:272)
	at pageObjects.AtlantaMarket.ATLExhLineProdActionsPage.getTotalProdCountOnSearchGrid(ATLExhLineProdActionsPage.java:251)
	at lasvegasmarket_PROD.GlobalSearch_ExhibitorActions.TS004_VerifyClickOnTotalProductsSeeAllLinkForExhibitorTest(GlobalSearch_ExhibitorActions.java:204)
	at sun.reflect.NativeMethodAccessorImpl.invoke0(Native Method)
	at sun.reflect.NativeMethodAccessorImpl.invoke(Unknown Source)
	at sun.reflect.DelegatingMethodAccessorImpl.invoke(Unknown Source)
	at java.lang.reflect.Method.invoke(Unknown Source)
	at org.testng.internal.MethodInvocationHelper.invokeMethod(MethodInvocationHelper.java:85)
	at org.testng.internal.Invoker.invokeMethod(Invoker.java:663)
	at org.testng.internal.Invoker.invokeTestMethod(Invoker.java:849)
	at org.testng.internal.Invoker.invokeTestMethods(Invoker.java:1157)
	at org.testng.internal.TestMethodWorker.invokeTestMethods(TestMethodWorker.java:124)
	at org.testng.internal.TestMethodWorker.run(TestMethodWorker.java:108)
	at org.testng.TestRunner.privateRun(TestRunner.java:771)
	at org.testng.TestRunner.run(TestRunner.java:621)
	at org.testng.SuiteRunner.runTest(SuiteRunner.java:357)
	at org.testng.SuiteRunner.runSequentially(SuiteRunner.java:352)
	at org.testng.SuiteRunner.privateRun(SuiteRunner.java:310)
	at org.testng.SuiteRunner.run(SuiteRunner.java:259)
	at org.testng.SuiteRunnerWorker.runSuite(SuiteRunnerWorker.java:52)
	at org.testng.SuiteRunnerWorker.run(SuiteRunnerWorker.java:86)
	at org.testng.TestNG.runSuitesSequentially(TestNG.java:1200)
	at org.testng.TestNG.runSuitesLocally(TestNG.java:1125)
	at org.testng.TestNG.run(TestNG.java:1033)
	at org.testng.remote.RemoteTestNG.run(RemoteTestNG.java:111)
	at org.testng.remote.RemoteTestNG.initAndRun(RemoteTestNG.java:204)
	at org.testng.remote.RemoteTestNG.main(RemoteTestNG.java:175)
Caused by: org.openqa.selenium.NoSuchElementException: no such element: Unable to locate element: {"method":"xpath","selector":"//div[@class='imc-gallery__item imc-exhibitorcard imc-line'][1]/div[2]/div[2]/div/div[2]/p[1]"}
  (Session info: chrome=126.0.6478.127)
For documentation on this error, please visit: https://www.seleniumhq.org/exceptions/no_such_element.html
Build info: version: '3.141.59', revision: 'e82be7d358', time: '2018-11-14T08:17:03'
System info: host: 'EON-SWAPNILI', ip: '172.22.90.18', os.name: 'Windows 10', os.arch: 'amd64', os.version: '10.0', java.version: '1.8.0_311'
Driver info: org.openqa.selenium.chrome.ChromeDriver
Capabilities {acceptInsecureCerts: false, browserName: chrome, browserVersion: 126.0.6478.127, chrome: {chromedriverVersion: 126.0.6478.126 (d36ace6122e..., userDataDir: C:\Users\swapnili\AppData\L...}, fedcm:accounts: true, goog:chromeOptions: {debuggerAddress: localhost:51531}, javascriptEnabled: true, networkConnectionEnabled: false, pageLoadStrategy: normal, platform: WINDOWS, platformName: WINDOWS, proxy: Proxy(), setWindowRect: true, strictFileInteractability: false, timeouts: {implicit: 0, pageLoad: 300000, script: 30000}, unhandledPromptBehavior: dismiss and notify, webauthn:extension:credBlob: true, webauthn:extension:largeBlob: true, webauthn:extension:minPinLength: true, webauthn:extension:prf: true, webauthn:virtualAuthenticators: true}
Session ID: e5d2dd0a77cd321ada6bc9bf08b9e5cb
*** Element info: {Using=xpath, value=//div[@class='imc-gallery__item imc-exhibitorcard imc-line'][1]/div[2]/div[2]/div/div[2]/p[1]}
	at sun.reflect.NativeConstructorAccessorImpl.newInstance0(Native Method)
	at sun.reflect.NativeConstructorAccessorImpl.newInstance(Unknown Source)
	at sun.reflect.DelegatingConstructorAccessorImpl.newInstance(Unknown Source)
	at java.lang.reflect.Constructor.newInstance(Unknown Source)
	at org.openqa.selenium.remote.http.W3CHttpResponseCodec.createException(W3CHttpResponseCodec.java:187)
	at org.openqa.selenium.remote.http.W3CHttpResponseCodec.decode(W3CHttpResponseCodec.java:122)
	at org.openqa.selenium.remote.http.W3CHttpResponseCodec.decode(W3CHttpResponseCodec.java:49)
	at org.openqa.selenium.remote.HttpCommandExecutor.execute(HttpCommandExecutor.java:158)
	at org.openqa.selenium.remote.service.DriverCommandExecutor.execute(DriverCommandExecutor.java:83)
	at org.openqa.selenium.remote.RemoteWebDriver.execute(RemoteWebDriver.java:552)
	at org.openqa.selenium.remote.RemoteWebDriver.findElement(RemoteWebDriver.java:323)
	at org.openqa.selenium.remote.RemoteWebDriver.findElementByXPath(RemoteWebDriver.java:428)
	at org.openqa.selenium.By$ByXPath.findElement(By.java:353)
	at org.openqa.selenium.remote.RemoteWebDriver.findElement(RemoteWebDriver.java:315)
	at org.openqa.selenium.support.ui.ExpectedConditions$7.apply(ExpectedConditions.java:205)
	at org.openqa.selenium.support.ui.ExpectedConditions$7.apply(ExpectedConditions.java:201)
	at org.openqa.selenium.support.ui.FluentWait.until(FluentWait.java:249)
	... 26 more
]]>
            </full-stacktrace>
          </exception> <!-- org.openqa.selenium.TimeoutException -->
          <reporter-output>
          </reporter-output>
        </test-method> <!-- TS004_VerifyClickOnTotalProductsSeeAllLinkForExhibitorTest -->
        <test-method status="FAIL" signature="TS005_VerifyClickOnMatchingProductsSeeAllLinkForExhibitorTest()[pri:0, instance:lasvegasmarket_PROD.GlobalSearch_ExhibitorActions@60f82f98]" name="TS005_VerifyClickOnMatchingProductsSeeAllLinkForExhibitorTest" duration-ms="53753" started-at="2024-07-04T20:32:06Z" finished-at="2024-07-04T20:32:59Z">
          <exception class="org.openqa.selenium.TimeoutException">
            <message>
              <![CDATA[Expected condition failed: waiting for visibility of element located by By.xpath: //div[@class='imc-gallery__item imc-exhibitorcard imc-line'][1]/div[2]/div[2]/div/div[1]/p[1] (tried for 30 second(s) with 500 milliseconds interval)]]>
            </message>
            <full-stacktrace>
              <![CDATA[org.openqa.selenium.TimeoutException: Expected condition failed: waiting for visibility of element located by By.xpath: //div[@class='imc-gallery__item imc-exhibitorcard imc-line'][1]/div[2]/div[2]/div/div[1]/p[1] (tried for 30 second(s) with 500 milliseconds interval)
	at org.openqa.selenium.support.ui.WebDriverWait.timeoutException(WebDriverWait.java:95)
	at org.openqa.selenium.support.ui.FluentWait.until(FluentWait.java:272)
	at pageObjects.AtlantaMarket.ATLExhLineProdActionsPage.getMatchingProdCountOnSearchGrid(ATLExhLineProdActionsPage.java:256)
	at lasvegasmarket_PROD.GlobalSearch_ExhibitorActions.TS005_VerifyClickOnMatchingProductsSeeAllLinkForExhibitorTest(GlobalSearch_ExhibitorActions.java:253)
	at sun.reflect.NativeMethodAccessorImpl.invoke0(Native Method)
	at sun.reflect.NativeMethodAccessorImpl.invoke(Unknown Source)
	at sun.reflect.DelegatingMethodAccessorImpl.invoke(Unknown Source)
	at java.lang.reflect.Method.invoke(Unknown Source)
	at org.testng.internal.MethodInvocationHelper.invokeMethod(MethodInvocationHelper.java:85)
	at org.testng.internal.Invoker.invokeMethod(Invoker.java:663)
	at org.testng.internal.Invoker.invokeTestMethod(Invoker.java:849)
	at org.testng.internal.Invoker.invokeTestMethods(Invoker.java:1157)
	at org.testng.internal.TestMethodWorker.invokeTestMethods(TestMethodWorker.java:124)
	at org.testng.internal.TestMethodWorker.run(TestMethodWorker.java:108)
	at org.testng.TestRunner.privateRun(TestRunner.java:771)
	at org.testng.TestRunner.run(TestRunner.java:621)
	at org.testng.SuiteRunner.runTest(SuiteRunner.java:357)
	at org.testng.SuiteRunner.runSequentially(SuiteRunner.java:352)
	at org.testng.SuiteRunner.privateRun(SuiteRunner.java:310)
	at org.testng.SuiteRunner.run(SuiteRunner.java:259)
	at org.testng.SuiteRunnerWorker.runSuite(SuiteRunnerWorker.java:52)
	at org.testng.SuiteRunnerWorker.run(SuiteRunnerWorker.java:86)
	at org.testng.TestNG.runSuitesSequentially(TestNG.java:1200)
	at org.testng.TestNG.runSuitesLocally(TestNG.java:1125)
	at org.testng.TestNG.run(TestNG.java:1033)
	at org.testng.remote.RemoteTestNG.run(RemoteTestNG.java:111)
	at org.testng.remote.RemoteTestNG.initAndRun(RemoteTestNG.java:204)
	at org.testng.remote.RemoteTestNG.main(RemoteTestNG.java:175)
Caused by: org.openqa.selenium.NoSuchElementException: no such element: Unable to locate element: {"method":"xpath","selector":"//div[@class='imc-gallery__item imc-exhibitorcard imc-line'][1]/div[2]/div[2]/div/div[1]/p[1]"}
  (Session info: chrome=126.0.6478.127)
For documentation on this error, please visit: https://www.seleniumhq.org/exceptions/no_such_element.html
Build info: version: '3.141.59', revision: 'e82be7d358', time: '2018-11-14T08:17:03'
System info: host: 'EON-SWAPNILI', ip: '172.22.90.18', os.name: 'Windows 10', os.arch: 'amd64', os.version: '10.0', java.version: '1.8.0_311'
Driver info: org.openqa.selenium.chrome.ChromeDriver
Capabilities {acceptInsecureCerts: false, browserName: chrome, browserVersion: 126.0.6478.127, chrome: {chromedriverVersion: 126.0.6478.126 (d36ace6122e..., userDataDir: C:\Users\swapnili\AppData\L...}, fedcm:accounts: true, goog:chromeOptions: {debuggerAddress: localhost:51531}, javascriptEnabled: true, networkConnectionEnabled: false, pageLoadStrategy: normal, platform: WINDOWS, platformName: WINDOWS, proxy: Proxy(), setWindowRect: true, strictFileInteractability: false, timeouts: {implicit: 0, pageLoad: 300000, script: 30000}, unhandledPromptBehavior: dismiss and notify, webauthn:extension:credBlob: true, webauthn:extension:largeBlob: true, webauthn:extension:minPinLength: true, webauthn:extension:prf: true, webauthn:virtualAuthenticators: true}
Session ID: e5d2dd0a77cd321ada6bc9bf08b9e5cb
*** Element info: {Using=xpath, value=//div[@class='imc-gallery__item imc-exhibitorcard imc-line'][1]/div[2]/div[2]/div/div[1]/p[1]}
	at sun.reflect.NativeConstructorAccessorImpl.newInstance0(Native Method)
	at sun.reflect.NativeConstructorAccessorImpl.newInstance(Unknown Source)
	at sun.reflect.DelegatingConstructorAccessorImpl.newInstance(Unknown Source)
	at java.lang.reflect.Constructor.newInstance(Unknown Source)
	at org.openqa.selenium.remote.http.W3CHttpResponseCodec.createException(W3CHttpResponseCodec.java:187)
	at org.openqa.selenium.remote.http.W3CHttpResponseCodec.decode(W3CHttpResponseCodec.java:122)
	at org.openqa.selenium.remote.http.W3CHttpResponseCodec.decode(W3CHttpResponseCodec.java:49)
	at org.openqa.selenium.remote.HttpCommandExecutor.execute(HttpCommandExecutor.java:158)
	at org.openqa.selenium.remote.service.DriverCommandExecutor.execute(DriverCommandExecutor.java:83)
	at org.openqa.selenium.remote.RemoteWebDriver.execute(RemoteWebDriver.java:552)
	at org.openqa.selenium.remote.RemoteWebDriver.findElement(RemoteWebDriver.java:323)
	at org.openqa.selenium.remote.RemoteWebDriver.findElementByXPath(RemoteWebDriver.java:428)
	at org.openqa.selenium.By$ByXPath.findElement(By.java:353)
	at org.openqa.selenium.remote.RemoteWebDriver.findElement(RemoteWebDriver.java:315)
	at org.openqa.selenium.support.ui.ExpectedConditions$7.apply(ExpectedConditions.java:205)
	at org.openqa.selenium.support.ui.ExpectedConditions$7.apply(ExpectedConditions.java:201)
	at org.openqa.selenium.support.ui.FluentWait.until(FluentWait.java:249)
	... 26 more
]]>
            </full-stacktrace>
          </exception> <!-- org.openqa.selenium.TimeoutException -->
          <reporter-output>
          </reporter-output>
        </test-method> <!-- TS005_VerifyClickOnMatchingProductsSeeAllLinkForExhibitorTest -->
        <test-method status="PASS" signature="TS006_VerifySelectionOfExhibitorFromSearchResultsTest()[pri:0, instance:lasvegasmarket_PROD.GlobalSearch_ExhibitorActions@60f82f98]" name="TS006_VerifySelectionOfExhibitorFromSearchResultsTest" duration-ms="64983" started-at="2024-07-04T20:33:00Z" finished-at="2024-07-04T20:34:05Z">
          <reporter-output>
          </reporter-output>
        </test-method> <!-- TS006_VerifySelectionOfExhibitorFromSearchResultsTest -->
        <test-method status="PASS" signature="tearDown()[pri:0, instance:lasvegasmarket_PROD.GlobalSearch_ExhibitorActions@60f82f98]" name="tearDown" is-config="true" duration-ms="860" started-at="2024-07-04T20:34:05Z" finished-at="2024-07-04T20:34:05Z">
          <reporter-output>
          </reporter-output>
        </test-method> <!-- tearDown -->
      </class> <!-- lasvegasmarket_PROD.GlobalSearch_ExhibitorActions -->
      <class name="lasvegasmarket_PROD.GlobalSearch_MatchingResults">
        <test-method status="PASS" signature="initialize()[pri:0, instance:lasvegasmarket_PROD.GlobalSearch_MatchingResults@566776ad]" name="initialize" is-config="true" duration-ms="98808" started-at="2024-07-04T20:44:18Z" finished-at="2024-07-04T20:45:57Z">
          <reporter-output>
          </reporter-output>
        </test-method> <!-- initialize -->
        <test-method status="PASS" signature="TS001_VerifyGlobalSearchContainsAndStartsWithTest()[pri:0, instance:lasvegasmarket_PROD.GlobalSearch_MatchingResults@566776ad]" name="TS001_VerifyGlobalSearchContainsAndStartsWithTest" duration-ms="10060" started-at="2024-07-04T20:45:57Z" finished-at="2024-07-04T20:46:07Z">
          <reporter-output>
          </reporter-output>
        </test-method> <!-- TS001_VerifyGlobalSearchContainsAndStartsWithTest -->
        <test-method status="FAIL" signature="TS002_VerifyGlobalSearchMatchingResultsSortWithinTest()[pri:0, instance:lasvegasmarket_PROD.GlobalSearch_MatchingResults@566776ad]" name="TS002_VerifyGlobalSearchMatchingResultsSortWithinTest" duration-ms="79675" started-at="2024-07-04T20:46:07Z" finished-at="2024-07-04T20:47:26Z">
          <exception class="org.openqa.selenium.TimeoutException">
            <message>
              <![CDATA[Expected condition failed: waiting for visibility of element located by By.xpath: //div[@class='imc-exhibitorcard-title-row '] (tried for 40 second(s) with 500 milliseconds interval)]]>
            </message>
            <full-stacktrace>
              <![CDATA[org.openqa.selenium.TimeoutException: Expected condition failed: waiting for visibility of element located by By.xpath: //div[@class='imc-exhibitorcard-title-row '] (tried for 40 second(s) with 500 milliseconds interval)
	at org.openqa.selenium.support.ui.WebDriverWait.timeoutException(WebDriverWait.java:95)
	at org.openqa.selenium.support.ui.FluentWait.until(FluentWait.java:272)
	at pageObjects.LasVegasMarket.LVMGlobalSearchPage.getlvmListOfAllExh(LVMGlobalSearchPage.java:380)
	at lasvegasmarket_PROD.GlobalSearch_MatchingResults.TS002_VerifyGlobalSearchMatchingResultsSortWithinTest(GlobalSearch_MatchingResults.java:110)
	at sun.reflect.NativeMethodAccessorImpl.invoke0(Native Method)
	at sun.reflect.NativeMethodAccessorImpl.invoke(Unknown Source)
	at sun.reflect.DelegatingMethodAccessorImpl.invoke(Unknown Source)
	at java.lang.reflect.Method.invoke(Unknown Source)
	at org.testng.internal.MethodInvocationHelper.invokeMethod(MethodInvocationHelper.java:85)
	at org.testng.internal.Invoker.invokeMethod(Invoker.java:663)
	at org.testng.internal.Invoker.invokeTestMethod(Invoker.java:849)
	at org.testng.internal.Invoker.invokeTestMethods(Invoker.java:1157)
	at org.testng.internal.TestMethodWorker.invokeTestMethods(TestMethodWorker.java:124)
	at org.testng.internal.TestMethodWorker.run(TestMethodWorker.java:108)
	at org.testng.TestRunner.privateRun(TestRunner.java:771)
	at org.testng.TestRunner.run(TestRunner.java:621)
	at org.testng.SuiteRunner.runTest(SuiteRunner.java:357)
	at org.testng.SuiteRunner.runSequentially(SuiteRunner.java:352)
	at org.testng.SuiteRunner.privateRun(SuiteRunner.java:310)
	at org.testng.SuiteRunner.run(SuiteRunner.java:259)
	at org.testng.SuiteRunnerWorker.runSuite(SuiteRunnerWorker.java:52)
	at org.testng.SuiteRunnerWorker.run(SuiteRunnerWorker.java:86)
	at org.testng.TestNG.runSuitesSequentially(TestNG.java:1200)
	at org.testng.TestNG.runSuitesLocally(TestNG.java:1125)
	at org.testng.TestNG.run(TestNG.java:1033)
	at org.testng.remote.RemoteTestNG.run(RemoteTestNG.java:111)
	at org.testng.remote.RemoteTestNG.initAndRun(RemoteTestNG.java:204)
	at org.testng.remote.RemoteTestNG.main(RemoteTestNG.java:175)
Caused by: org.openqa.selenium.NoSuchElementException: no such element: Unable to locate element: {"method":"xpath","selector":"//div[@class='imc-exhibitorcard-title-row ']"}
  (Session info: chrome=126.0.6478.127)
For documentation on this error, please visit: https://www.seleniumhq.org/exceptions/no_such_element.html
Build info: version: '3.141.59', revision: 'e82be7d358', time: '2018-11-14T08:17:03'
System info: host: 'EON-SWAPNILI', ip: '172.22.90.18', os.name: 'Windows 10', os.arch: 'amd64', os.version: '10.0', java.version: '1.8.0_311'
Driver info: org.openqa.selenium.chrome.ChromeDriver
Capabilities {acceptInsecureCerts: false, browserName: chrome, browserVersion: 126.0.6478.127, chrome: {chromedriverVersion: 126.0.6478.126 (d36ace6122e..., userDataDir: C:\Users\swapnili\AppData\L...}, fedcm:accounts: true, goog:chromeOptions: {debuggerAddress: localhost:52829}, javascriptEnabled: true, networkConnectionEnabled: false, pageLoadStrategy: normal, platform: WINDOWS, platformName: WINDOWS, proxy: Proxy(), setWindowRect: true, strictFileInteractability: false, timeouts: {implicit: 0, pageLoad: 300000, script: 30000}, unhandledPromptBehavior: dismiss and notify, webauthn:extension:credBlob: true, webauthn:extension:largeBlob: true, webauthn:extension:minPinLength: true, webauthn:extension:prf: true, webauthn:virtualAuthenticators: true}
Session ID: ea180e578cfb1dfe34b4674ff2e79f42
*** Element info: {Using=xpath, value=//div[@class='imc-exhibitorcard-title-row ']}
	at sun.reflect.NativeConstructorAccessorImpl.newInstance0(Native Method)
	at sun.reflect.NativeConstructorAccessorImpl.newInstance(Unknown Source)
	at sun.reflect.DelegatingConstructorAccessorImpl.newInstance(Unknown Source)
	at java.lang.reflect.Constructor.newInstance(Unknown Source)
	at org.openqa.selenium.remote.http.W3CHttpResponseCodec.createException(W3CHttpResponseCodec.java:187)
	at org.openqa.selenium.remote.http.W3CHttpResponseCodec.decode(W3CHttpResponseCodec.java:122)
	at org.openqa.selenium.remote.http.W3CHttpResponseCodec.decode(W3CHttpResponseCodec.java:49)
	at org.openqa.selenium.remote.HttpCommandExecutor.execute(HttpCommandExecutor.java:158)
	at org.openqa.selenium.remote.service.DriverCommandExecutor.execute(DriverCommandExecutor.java:83)
	at org.openqa.selenium.remote.RemoteWebDriver.execute(RemoteWebDriver.java:552)
	at org.openqa.selenium.remote.RemoteWebDriver.findElement(RemoteWebDriver.java:323)
	at org.openqa.selenium.remote.RemoteWebDriver.findElementByXPath(RemoteWebDriver.java:428)
	at org.openqa.selenium.By$ByXPath.findElement(By.java:353)
	at org.openqa.selenium.remote.RemoteWebDriver.findElement(RemoteWebDriver.java:315)
	at org.openqa.selenium.support.ui.ExpectedConditions$7.apply(ExpectedConditions.java:205)
	at org.openqa.selenium.support.ui.ExpectedConditions$7.apply(ExpectedConditions.java:201)
	at org.openqa.selenium.support.ui.FluentWait.until(FluentWait.java:249)
	... 26 more
]]>
            </full-stacktrace>
          </exception> <!-- org.openqa.selenium.TimeoutException -->
          <reporter-output>
          </reporter-output>
        </test-method> <!-- TS002_VerifyGlobalSearchMatchingResultsSortWithinTest -->
        <test-method status="FAIL" signature="TS003_VerifyGlobalSearchMatchingResultsSortSortByTest()[pri:0, instance:lasvegasmarket_PROD.GlobalSearch_MatchingResults@566776ad]" name="TS003_VerifyGlobalSearchMatchingResultsSortSortByTest" duration-ms="110769" started-at="2024-07-04T20:47:27Z" finished-at="2024-07-04T20:49:17Z">
          <exception class="org.openqa.selenium.TimeoutException">
            <message>
              <![CDATA[Expected condition failed: waiting for visibility of element located by By.xpath: //div[@class='imc-exhibitorcard--prod-item-container imc-exhibitorcard--prod-item-container--divider']/p[1] (tried for 40 second(s) with 500 milliseconds interval)]]>
            </message>
            <full-stacktrace>
              <![CDATA[org.openqa.selenium.TimeoutException: Expected condition failed: waiting for visibility of element located by By.xpath: //div[@class='imc-exhibitorcard--prod-item-container imc-exhibitorcard--prod-item-container--divider']/p[1] (tried for 40 second(s) with 500 milliseconds interval)
	at org.openqa.selenium.support.ui.WebDriverWait.timeoutException(WebDriverWait.java:95)
	at org.openqa.selenium.support.ui.FluentWait.until(FluentWait.java:272)
	at pageObjects.LasVegasMarket.LVMGlobalSearchPage.getlvmMachingProductCount(LVMGlobalSearchPage.java:335)
	at lasvegasmarket_PROD.GlobalSearch_MatchingResults.TS003_VerifyGlobalSearchMatchingResultsSortSortByTest(GlobalSearch_MatchingResults.java:240)
	at sun.reflect.NativeMethodAccessorImpl.invoke0(Native Method)
	at sun.reflect.NativeMethodAccessorImpl.invoke(Unknown Source)
	at sun.reflect.DelegatingMethodAccessorImpl.invoke(Unknown Source)
	at java.lang.reflect.Method.invoke(Unknown Source)
	at org.testng.internal.MethodInvocationHelper.invokeMethod(MethodInvocationHelper.java:85)
	at org.testng.internal.Invoker.invokeMethod(Invoker.java:663)
	at org.testng.internal.Invoker.invokeTestMethod(Invoker.java:849)
	at org.testng.internal.Invoker.invokeTestMethods(Invoker.java:1157)
	at org.testng.internal.TestMethodWorker.invokeTestMethods(TestMethodWorker.java:124)
	at org.testng.internal.TestMethodWorker.run(TestMethodWorker.java:108)
	at org.testng.TestRunner.privateRun(TestRunner.java:771)
	at org.testng.TestRunner.run(TestRunner.java:621)
	at org.testng.SuiteRunner.runTest(SuiteRunner.java:357)
	at org.testng.SuiteRunner.runSequentially(SuiteRunner.java:352)
	at org.testng.SuiteRunner.privateRun(SuiteRunner.java:310)
	at org.testng.SuiteRunner.run(SuiteRunner.java:259)
	at org.testng.SuiteRunnerWorker.runSuite(SuiteRunnerWorker.java:52)
	at org.testng.SuiteRunnerWorker.run(SuiteRunnerWorker.java:86)
	at org.testng.TestNG.runSuitesSequentially(TestNG.java:1200)
	at org.testng.TestNG.runSuitesLocally(TestNG.java:1125)
	at org.testng.TestNG.run(TestNG.java:1033)
	at org.testng.remote.RemoteTestNG.run(RemoteTestNG.java:111)
	at org.testng.remote.RemoteTestNG.initAndRun(RemoteTestNG.java:204)
	at org.testng.remote.RemoteTestNG.main(RemoteTestNG.java:175)
Caused by: org.openqa.selenium.NoSuchElementException: no such element: Unable to locate element: {"method":"xpath","selector":"//div[@class='imc-exhibitorcard--prod-item-container imc-exhibitorcard--prod-item-container--divider']/p[1]"}
  (Session info: chrome=126.0.6478.127)
For documentation on this error, please visit: https://www.seleniumhq.org/exceptions/no_such_element.html
Build info: version: '3.141.59', revision: 'e82be7d358', time: '2018-11-14T08:17:03'
System info: host: 'EON-SWAPNILI', ip: '172.22.90.18', os.name: 'Windows 10', os.arch: 'amd64', os.version: '10.0', java.version: '1.8.0_311'
Driver info: org.openqa.selenium.chrome.ChromeDriver
Capabilities {acceptInsecureCerts: false, browserName: chrome, browserVersion: 126.0.6478.127, chrome: {chromedriverVersion: 126.0.6478.126 (d36ace6122e..., userDataDir: C:\Users\swapnili\AppData\L...}, fedcm:accounts: true, goog:chromeOptions: {debuggerAddress: localhost:52829}, javascriptEnabled: true, networkConnectionEnabled: false, pageLoadStrategy: normal, platform: WINDOWS, platformName: WINDOWS, proxy: Proxy(), setWindowRect: true, strictFileInteractability: false, timeouts: {implicit: 0, pageLoad: 300000, script: 30000}, unhandledPromptBehavior: dismiss and notify, webauthn:extension:credBlob: true, webauthn:extension:largeBlob: true, webauthn:extension:minPinLength: true, webauthn:extension:prf: true, webauthn:virtualAuthenticators: true}
Session ID: ea180e578cfb1dfe34b4674ff2e79f42
*** Element info: {Using=xpath, value=//div[@class='imc-exhibitorcard--prod-item-container imc-exhibitorcard--prod-item-container--divider']/p[1]}
	at sun.reflect.NativeConstructorAccessorImpl.newInstance0(Native Method)
	at sun.reflect.NativeConstructorAccessorImpl.newInstance(Unknown Source)
	at sun.reflect.DelegatingConstructorAccessorImpl.newInstance(Unknown Source)
	at java.lang.reflect.Constructor.newInstance(Unknown Source)
	at org.openqa.selenium.remote.http.W3CHttpResponseCodec.createException(W3CHttpResponseCodec.java:187)
	at org.openqa.selenium.remote.http.W3CHttpResponseCodec.decode(W3CHttpResponseCodec.java:122)
	at org.openqa.selenium.remote.http.W3CHttpResponseCodec.decode(W3CHttpResponseCodec.java:49)
	at org.openqa.selenium.remote.HttpCommandExecutor.execute(HttpCommandExecutor.java:158)
	at org.openqa.selenium.remote.service.DriverCommandExecutor.execute(DriverCommandExecutor.java:83)
	at org.openqa.selenium.remote.RemoteWebDriver.execute(RemoteWebDriver.java:552)
	at org.openqa.selenium.remote.RemoteWebDriver.findElement(RemoteWebDriver.java:323)
	at org.openqa.selenium.remote.RemoteWebDriver.findElementByXPath(RemoteWebDriver.java:428)
	at org.openqa.selenium.By$ByXPath.findElement(By.java:353)
	at org.openqa.selenium.remote.RemoteWebDriver.findElement(RemoteWebDriver.java:315)
	at org.openqa.selenium.support.ui.ExpectedConditions$7.apply(ExpectedConditions.java:205)
	at org.openqa.selenium.support.ui.ExpectedConditions$7.apply(ExpectedConditions.java:201)
	at org.openqa.selenium.support.ui.FluentWait.until(FluentWait.java:249)
	... 26 more
]]>
            </full-stacktrace>
          </exception> <!-- org.openqa.selenium.TimeoutException -->
          <reporter-output>
          </reporter-output>
        </test-method> <!-- TS003_VerifyGlobalSearchMatchingResultsSortSortByTest -->
        <test-method status="FAIL" signature="TS004_VerifyGlobalSearchMatchingResultsSortFilterByNameTest()[pri:0, instance:lasvegasmarket_PROD.GlobalSearch_MatchingResults@566776ad]" name="TS004_VerifyGlobalSearchMatchingResultsSortFilterByNameTest" duration-ms="75040" started-at="2024-07-04T20:49:18Z" finished-at="2024-07-04T20:50:33Z">
          <exception class="org.openqa.selenium.TimeoutException">
            <message>
              <![CDATA[Expected condition failed: waiting for visibility of element located by By.xpath: (//div[@class='imc-exhibitorcard-title-row ']/div[1])[1] (tried for 40 second(s) with 500 milliseconds interval)]]>
            </message>
            <full-stacktrace>
              <![CDATA[org.openqa.selenium.TimeoutException: Expected condition failed: waiting for visibility of element located by By.xpath: (//div[@class='imc-exhibitorcard-title-row ']/div[1])[1] (tried for 40 second(s) with 500 milliseconds interval)
	at org.openqa.selenium.support.ui.WebDriverWait.timeoutException(WebDriverWait.java:95)
	at org.openqa.selenium.support.ui.FluentWait.until(FluentWait.java:272)
	at pageObjects.LasVegasMarket.LVMGlobalSearchPage.getlvmExhiNameForFilterByNameNew(LVMGlobalSearchPage.java:665)
	at lasvegasmarket_PROD.GlobalSearch_MatchingResults.TS004_VerifyGlobalSearchMatchingResultsSortFilterByNameTest(GlobalSearch_MatchingResults.java:269)
	at sun.reflect.NativeMethodAccessorImpl.invoke0(Native Method)
	at sun.reflect.NativeMethodAccessorImpl.invoke(Unknown Source)
	at sun.reflect.DelegatingMethodAccessorImpl.invoke(Unknown Source)
	at java.lang.reflect.Method.invoke(Unknown Source)
	at org.testng.internal.MethodInvocationHelper.invokeMethod(MethodInvocationHelper.java:85)
	at org.testng.internal.Invoker.invokeMethod(Invoker.java:663)
	at org.testng.internal.Invoker.invokeTestMethod(Invoker.java:849)
	at org.testng.internal.Invoker.invokeTestMethods(Invoker.java:1157)
	at org.testng.internal.TestMethodWorker.invokeTestMethods(TestMethodWorker.java:124)
	at org.testng.internal.TestMethodWorker.run(TestMethodWorker.java:108)
	at org.testng.TestRunner.privateRun(TestRunner.java:771)
	at org.testng.TestRunner.run(TestRunner.java:621)
	at org.testng.SuiteRunner.runTest(SuiteRunner.java:357)
	at org.testng.SuiteRunner.runSequentially(SuiteRunner.java:352)
	at org.testng.SuiteRunner.privateRun(SuiteRunner.java:310)
	at org.testng.SuiteRunner.run(SuiteRunner.java:259)
	at org.testng.SuiteRunnerWorker.runSuite(SuiteRunnerWorker.java:52)
	at org.testng.SuiteRunnerWorker.run(SuiteRunnerWorker.java:86)
	at org.testng.TestNG.runSuitesSequentially(TestNG.java:1200)
	at org.testng.TestNG.runSuitesLocally(TestNG.java:1125)
	at org.testng.TestNG.run(TestNG.java:1033)
	at org.testng.remote.RemoteTestNG.run(RemoteTestNG.java:111)
	at org.testng.remote.RemoteTestNG.initAndRun(RemoteTestNG.java:204)
	at org.testng.remote.RemoteTestNG.main(RemoteTestNG.java:175)
Caused by: org.openqa.selenium.NoSuchElementException: no such element: Unable to locate element: {"method":"xpath","selector":"(//div[@class='imc-exhibitorcard-title-row ']/div[1])[1]"}
  (Session info: chrome=126.0.6478.127)
For documentation on this error, please visit: https://www.seleniumhq.org/exceptions/no_such_element.html
Build info: version: '3.141.59', revision: 'e82be7d358', time: '2018-11-14T08:17:03'
System info: host: 'EON-SWAPNILI', ip: '172.22.90.18', os.name: 'Windows 10', os.arch: 'amd64', os.version: '10.0', java.version: '1.8.0_311'
Driver info: org.openqa.selenium.chrome.ChromeDriver
Capabilities {acceptInsecureCerts: false, browserName: chrome, browserVersion: 126.0.6478.127, chrome: {chromedriverVersion: 126.0.6478.126 (d36ace6122e..., userDataDir: C:\Users\swapnili\AppData\L...}, fedcm:accounts: true, goog:chromeOptions: {debuggerAddress: localhost:52829}, javascriptEnabled: true, networkConnectionEnabled: false, pageLoadStrategy: normal, platform: WINDOWS, platformName: WINDOWS, proxy: Proxy(), setWindowRect: true, strictFileInteractability: false, timeouts: {implicit: 0, pageLoad: 300000, script: 30000}, unhandledPromptBehavior: dismiss and notify, webauthn:extension:credBlob: true, webauthn:extension:largeBlob: true, webauthn:extension:minPinLength: true, webauthn:extension:prf: true, webauthn:virtualAuthenticators: true}
Session ID: ea180e578cfb1dfe34b4674ff2e79f42
*** Element info: {Using=xpath, value=(//div[@class='imc-exhibitorcard-title-row ']/div[1])[1]}
	at sun.reflect.NativeConstructorAccessorImpl.newInstance0(Native Method)
	at sun.reflect.NativeConstructorAccessorImpl.newInstance(Unknown Source)
	at sun.reflect.DelegatingConstructorAccessorImpl.newInstance(Unknown Source)
	at java.lang.reflect.Constructor.newInstance(Unknown Source)
	at org.openqa.selenium.remote.http.W3CHttpResponseCodec.createException(W3CHttpResponseCodec.java:187)
	at org.openqa.selenium.remote.http.W3CHttpResponseCodec.decode(W3CHttpResponseCodec.java:122)
	at org.openqa.selenium.remote.http.W3CHttpResponseCodec.decode(W3CHttpResponseCodec.java:49)
	at org.openqa.selenium.remote.HttpCommandExecutor.execute(HttpCommandExecutor.java:158)
	at org.openqa.selenium.remote.service.DriverCommandExecutor.execute(DriverCommandExecutor.java:83)
	at org.openqa.selenium.remote.RemoteWebDriver.execute(RemoteWebDriver.java:552)
	at org.openqa.selenium.remote.RemoteWebDriver.findElement(RemoteWebDriver.java:323)
	at org.openqa.selenium.remote.RemoteWebDriver.findElementByXPath(RemoteWebDriver.java:428)
	at org.openqa.selenium.By$ByXPath.findElement(By.java:353)
	at org.openqa.selenium.remote.RemoteWebDriver.findElement(RemoteWebDriver.java:315)
	at org.openqa.selenium.support.ui.ExpectedConditions$7.apply(ExpectedConditions.java:205)
	at org.openqa.selenium.support.ui.ExpectedConditions$7.apply(ExpectedConditions.java:201)
	at org.openqa.selenium.support.ui.FluentWait.until(FluentWait.java:249)
	... 26 more
]]>
            </full-stacktrace>
          </exception> <!-- org.openqa.selenium.TimeoutException -->
          <reporter-output>
          </reporter-output>
        </test-method> <!-- TS004_VerifyGlobalSearchMatchingResultsSortFilterByNameTest -->
        <test-method status="PASS" signature="quit()[pri:0, instance:lasvegasmarket_PROD.GlobalSearch_MatchingResults@566776ad]" name="quit" is-config="true" duration-ms="2093" started-at="2024-07-04T20:50:33Z" finished-at="2024-07-04T20:50:35Z">
          <reporter-output>
          </reporter-output>
        </test-method> <!-- quit -->
      </class> <!-- lasvegasmarket_PROD.GlobalSearch_MatchingResults -->
      <class name="lasvegasmarket_PROD.LineDigitalShowroom">
        <test-method status="PASS" signature="initialize()[pri:0, instance:lasvegasmarket_PROD.LineDigitalShowroom@22f71333]" name="initialize" is-config="true" duration-ms="63654" started-at="2024-07-04T21:37:03Z" finished-at="2024-07-04T21:38:07Z">
          <reporter-output>
          </reporter-output>
        </test-method> <!-- initialize -->
        <test-method status="PASS" signature="TS001_VerifyLineDigitalShowroomHeroComponentShownByExhibitorNamaeTest()[pri:0, instance:lasvegasmarket_PROD.LineDigitalShowroom@22f71333]" name="TS001_VerifyLineDigitalShowroomHeroComponentShownByExhibitorNamaeTest" duration-ms="10450" started-at="2024-07-04T21:38:07Z" finished-at="2024-07-04T21:38:17Z">
          <reporter-output>
          </reporter-output>
        </test-method> <!-- TS001_VerifyLineDigitalShowroomHeroComponentShownByExhibitorNamaeTest -->
        <test-method status="PASS" signature="TS002_VerifyLineDigitalShowroomHeroComponentLocationLinksTest()[pri:0, instance:lasvegasmarket_PROD.LineDigitalShowroom@22f71333]" name="TS002_VerifyLineDigitalShowroomHeroComponentLocationLinksTest" duration-ms="14936" started-at="2024-07-04T21:38:17Z" finished-at="2024-07-04T21:38:32Z">
          <reporter-output>
          </reporter-output>
        </test-method> <!-- TS002_VerifyLineDigitalShowroomHeroComponentLocationLinksTest -->
        <test-method status="PASS" signature="TS007_VerifyLineDigitalShowroomHeroComponentProductsComponentCountTest()[pri:0, instance:lasvegasmarket_PROD.LineDigitalShowroom@22f71333]" name="TS007_VerifyLineDigitalShowroomHeroComponentProductsComponentCountTest" duration-ms="21081" started-at="2024-07-04T21:38:32Z" finished-at="2024-07-04T21:38:53Z">
          <reporter-output>
          </reporter-output>
        </test-method> <!-- TS007_VerifyLineDigitalShowroomHeroComponentProductsComponentCountTest -->
        <test-method status="PASS" signature="TS008_VerifyLineDigitalShowroomProductscomponentTest()[pri:0, instance:lasvegasmarket_PROD.LineDigitalShowroom@22f71333]" name="TS008_VerifyLineDigitalShowroomProductscomponentTest" duration-ms="24546" started-at="2024-07-04T21:38:53Z" finished-at="2024-07-04T21:39:18Z">
          <reporter-output>
          </reporter-output>
        </test-method> <!-- TS008_VerifyLineDigitalShowroomProductscomponentTest -->
        <test-method status="PASS" signature="TS010_VerifyLineDigitalShowroomProductscomponentSeeAllProductsTest()[pri:0, instance:lasvegasmarket_PROD.LineDigitalShowroom@22f71333]" name="TS010_VerifyLineDigitalShowroomProductscomponentSeeAllProductsTest" duration-ms="17442" started-at="2024-07-04T21:39:18Z" finished-at="2024-07-04T21:39:35Z">
          <reporter-output>
          </reporter-output>
        </test-method> <!-- TS010_VerifyLineDigitalShowroomProductscomponentSeeAllProductsTest -->
        <test-method status="PASS" signature="TS011_VerifyLineDigitalShowroomProductscomponentSelectProductTest()[pri:0, instance:lasvegasmarket_PROD.LineDigitalShowroom@22f71333]" name="TS011_VerifyLineDigitalShowroomProductscomponentSelectProductTest" duration-ms="46330" started-at="2024-07-04T21:39:35Z" finished-at="2024-07-04T21:40:22Z">
          <reporter-output>
          </reporter-output>
        </test-method> <!-- TS011_VerifyLineDigitalShowroomProductscomponentSelectProductTest -->
        <test-method status="PASS" signature="tearDown()[pri:0, instance:lasvegasmarket_PROD.LineDigitalShowroom@22f71333]" name="tearDown" is-config="true" duration-ms="1205" started-at="2024-07-04T21:40:22Z" finished-at="2024-07-04T21:40:23Z">
          <reporter-output>
          </reporter-output>
        </test-method> <!-- tearDown -->
      </class> <!-- lasvegasmarket_PROD.LineDigitalShowroom -->
      <class name="lasvegasmarket_PROD.GlobalSearch_LeftPaneFilters">
        <test-method status="PASS" signature="initialize()[pri:0, instance:lasvegasmarket_PROD.GlobalSearch_LeftPaneFilters@edf4efb]" name="initialize" is-config="true" duration-ms="35378" started-at="2024-07-04T20:34:05Z" finished-at="2024-07-04T20:34:41Z">
          <reporter-output>
          </reporter-output>
        </test-method> <!-- initialize -->
        <test-method status="PASS" signature="TS001_VerifySelectionOfApparelVintageProdCatgFromLeftPaneFiltersTest()[pri:0, instance:lasvegasmarket_PROD.GlobalSearch_LeftPaneFilters@edf4efb]" name="TS001_VerifySelectionOfApparelVintageProdCatgFromLeftPaneFiltersTest" duration-ms="23852" started-at="2024-07-04T20:34:41Z" finished-at="2024-07-04T20:35:05Z">
          <reporter-output>
          </reporter-output>
        </test-method> <!-- TS001_VerifySelectionOfApparelVintageProdCatgFromLeftPaneFiltersTest -->
        <test-method status="PASS" signature="TS002_VerifySelectionOfAntiqueVintageProdCatgFromLeftPaneFiltersTest()[pri:0, instance:lasvegasmarket_PROD.GlobalSearch_LeftPaneFilters@edf4efb]" name="TS002_VerifySelectionOfAntiqueVintageProdCatgFromLeftPaneFiltersTest" duration-ms="42765" started-at="2024-07-04T20:35:05Z" finished-at="2024-07-04T20:35:47Z">
          <reporter-output>
          </reporter-output>
        </test-method> <!-- TS002_VerifySelectionOfAntiqueVintageProdCatgFromLeftPaneFiltersTest -->
        <test-method status="PASS" signature="TS003_VerifyCombinationWithinProdCatgFromLeftPaneFiltersTest()[pri:0, instance:lasvegasmarket_PROD.GlobalSearch_LeftPaneFilters@edf4efb]" name="TS003_VerifyCombinationWithinProdCatgFromLeftPaneFiltersTest" duration-ms="32251" started-at="2024-07-04T20:35:47Z" finished-at="2024-07-04T20:36:20Z">
          <reporter-output>
          </reporter-output>
        </test-method> <!-- TS003_VerifyCombinationWithinProdCatgFromLeftPaneFiltersTest -->
        <test-method status="PASS" signature="TS004_VerifyCombinationOfProdCatgWithStylesFromLeftPaneFiltersTest()[pri:0, instance:lasvegasmarket_PROD.GlobalSearch_LeftPaneFilters@edf4efb]" name="TS004_VerifyCombinationOfProdCatgWithStylesFromLeftPaneFiltersTest" duration-ms="42375" started-at="2024-07-04T20:36:20Z" finished-at="2024-07-04T20:37:02Z">
          <reporter-output>
          </reporter-output>
        </test-method> <!-- TS004_VerifyCombinationOfProdCatgWithStylesFromLeftPaneFiltersTest -->
        <test-method status="PASS" signature="TS005_VerifySelectionOfAccentFurnitureProdCatgFromLeftPaneFiltersTest()[pri:0, instance:lasvegasmarket_PROD.GlobalSearch_LeftPaneFilters@edf4efb]" name="TS005_VerifySelectionOfAccentFurnitureProdCatgFromLeftPaneFiltersTest" duration-ms="20599" started-at="2024-07-04T20:37:02Z" finished-at="2024-07-04T20:37:23Z">
          <reporter-output>
          </reporter-output>
        </test-method> <!-- TS005_VerifySelectionOfAccentFurnitureProdCatgFromLeftPaneFiltersTest -->
        <test-method status="PASS" signature="TS006_VerifySelectionOfHolidayProdCatgFromLeftPaneFiltersTest()[pri:0, instance:lasvegasmarket_PROD.GlobalSearch_LeftPaneFilters@edf4efb]" name="TS006_VerifySelectionOfHolidayProdCatgFromLeftPaneFiltersTest" duration-ms="32475" started-at="2024-07-04T20:37:23Z" finished-at="2024-07-04T20:37:55Z">
          <reporter-output>
          </reporter-output>
        </test-method> <!-- TS006_VerifySelectionOfHolidayProdCatgFromLeftPaneFiltersTest -->
        <test-method status="PASS" signature="TS007_VerifySelectionOfDecorativeAccessProdCatgFromLeftPaneFiltersTest()[pri:0, instance:lasvegasmarket_PROD.GlobalSearch_LeftPaneFilters@edf4efb]" name="TS007_VerifySelectionOfDecorativeAccessProdCatgFromLeftPaneFiltersTest" duration-ms="18632" started-at="2024-07-04T20:37:55Z" finished-at="2024-07-04T20:38:14Z">
          <reporter-output>
          </reporter-output>
        </test-method> <!-- TS007_VerifySelectionOfDecorativeAccessProdCatgFromLeftPaneFiltersTest -->
        <test-method status="FAIL" signature="TS008_VerifySelectionOfGeneralGiftProdCatgFromLeftPaneFiltersTest()[pri:0, instance:lasvegasmarket_PROD.GlobalSearch_LeftPaneFilters@edf4efb]" name="TS008_VerifySelectionOfGeneralGiftProdCatgFromLeftPaneFiltersTest" duration-ms="46079" started-at="2024-07-04T20:38:14Z" finished-at="2024-07-04T20:39:00Z">
          <exception class="org.openqa.selenium.TimeoutException">
            <message>
              <![CDATA[Expected condition failed: waiting for visibility of element located by By.xpath: //div[contains(@class,'imc-gallery imc-gallery--justify-left imc-gallery')] (tried for 30 second(s) with 500 milliseconds interval)]]>
            </message>
            <full-stacktrace>
              <![CDATA[org.openqa.selenium.TimeoutException: Expected condition failed: waiting for visibility of element located by By.xpath: //div[contains(@class,'imc-gallery imc-gallery--justify-left imc-gallery')] (tried for 30 second(s) with 500 milliseconds interval)
	at org.openqa.selenium.support.ui.WebDriverWait.timeoutException(WebDriverWait.java:95)
	at org.openqa.selenium.support.ui.FluentWait.until(FluentWait.java:272)
	at pageObjects.LasVegasMarket.LVMExhDigiShowroomPage.getLVMProductCategItemList(LVMExhDigiShowroomPage.java:306)
	at lasvegasmarket_PROD.GlobalSearch_LeftPaneFilters.TS008_VerifySelectionOfGeneralGiftProdCatgFromLeftPaneFiltersTest(GlobalSearch_LeftPaneFilters.java:595)
	at sun.reflect.NativeMethodAccessorImpl.invoke0(Native Method)
	at sun.reflect.NativeMethodAccessorImpl.invoke(Unknown Source)
	at sun.reflect.DelegatingMethodAccessorImpl.invoke(Unknown Source)
	at java.lang.reflect.Method.invoke(Unknown Source)
	at org.testng.internal.MethodInvocationHelper.invokeMethod(MethodInvocationHelper.java:85)
	at org.testng.internal.Invoker.invokeMethod(Invoker.java:663)
	at org.testng.internal.Invoker.invokeTestMethod(Invoker.java:849)
	at org.testng.internal.Invoker.invokeTestMethods(Invoker.java:1157)
	at org.testng.internal.TestMethodWorker.invokeTestMethods(TestMethodWorker.java:124)
	at org.testng.internal.TestMethodWorker.run(TestMethodWorker.java:108)
	at org.testng.TestRunner.privateRun(TestRunner.java:771)
	at org.testng.TestRunner.run(TestRunner.java:621)
	at org.testng.SuiteRunner.runTest(SuiteRunner.java:357)
	at org.testng.SuiteRunner.runSequentially(SuiteRunner.java:352)
	at org.testng.SuiteRunner.privateRun(SuiteRunner.java:310)
	at org.testng.SuiteRunner.run(SuiteRunner.java:259)
	at org.testng.SuiteRunnerWorker.runSuite(SuiteRunnerWorker.java:52)
	at org.testng.SuiteRunnerWorker.run(SuiteRunnerWorker.java:86)
	at org.testng.TestNG.runSuitesSequentially(TestNG.java:1200)
	at org.testng.TestNG.runSuitesLocally(TestNG.java:1125)
	at org.testng.TestNG.run(TestNG.java:1033)
	at org.testng.remote.RemoteTestNG.run(RemoteTestNG.java:111)
	at org.testng.remote.RemoteTestNG.initAndRun(RemoteTestNG.java:204)
	at org.testng.remote.RemoteTestNG.main(RemoteTestNG.java:175)
Caused by: org.openqa.selenium.NoSuchElementException: no such element: Unable to locate element: {"method":"xpath","selector":"//div[contains(@class,'imc-gallery imc-gallery--justify-left imc-gallery')]"}
  (Session info: chrome=126.0.6478.127)
For documentation on this error, please visit: https://www.seleniumhq.org/exceptions/no_such_element.html
Build info: version: '3.141.59', revision: 'e82be7d358', time: '2018-11-14T08:17:03'
System info: host: 'EON-SWAPNILI', ip: '172.22.90.18', os.name: 'Windows 10', os.arch: 'amd64', os.version: '10.0', java.version: '1.8.0_311'
Driver info: org.openqa.selenium.chrome.ChromeDriver
Capabilities {acceptInsecureCerts: false, browserName: chrome, browserVersion: 126.0.6478.127, chrome: {chromedriverVersion: 126.0.6478.126 (d36ace6122e..., userDataDir: C:\Users\swapnili\AppData\L...}, fedcm:accounts: true, goog:chromeOptions: {debuggerAddress: localhost:51877}, javascriptEnabled: true, networkConnectionEnabled: false, pageLoadStrategy: normal, platform: WINDOWS, platformName: WINDOWS, proxy: Proxy(), setWindowRect: true, strictFileInteractability: false, timeouts: {implicit: 0, pageLoad: 300000, script: 30000}, unhandledPromptBehavior: dismiss and notify, webauthn:extension:credBlob: true, webauthn:extension:largeBlob: true, webauthn:extension:minPinLength: true, webauthn:extension:prf: true, webauthn:virtualAuthenticators: true}
Session ID: 52a79003ad90fbe7bf608bbfeee01d2c
*** Element info: {Using=xpath, value=//div[contains(@class,'imc-gallery imc-gallery--justify-left imc-gallery')]}
	at sun.reflect.NativeConstructorAccessorImpl.newInstance0(Native Method)
	at sun.reflect.NativeConstructorAccessorImpl.newInstance(Unknown Source)
	at sun.reflect.DelegatingConstructorAccessorImpl.newInstance(Unknown Source)
	at java.lang.reflect.Constructor.newInstance(Unknown Source)
	at org.openqa.selenium.remote.http.W3CHttpResponseCodec.createException(W3CHttpResponseCodec.java:187)
	at org.openqa.selenium.remote.http.W3CHttpResponseCodec.decode(W3CHttpResponseCodec.java:122)
	at org.openqa.selenium.remote.http.W3CHttpResponseCodec.decode(W3CHttpResponseCodec.java:49)
	at org.openqa.selenium.remote.HttpCommandExecutor.execute(HttpCommandExecutor.java:158)
	at org.openqa.selenium.remote.service.DriverCommandExecutor.execute(DriverCommandExecutor.java:83)
	at org.openqa.selenium.remote.RemoteWebDriver.execute(RemoteWebDriver.java:552)
	at org.openqa.selenium.remote.RemoteWebDriver.findElement(RemoteWebDriver.java:323)
	at org.openqa.selenium.remote.RemoteWebDriver.findElementByXPath(RemoteWebDriver.java:428)
	at org.openqa.selenium.By$ByXPath.findElement(By.java:353)
	at org.openqa.selenium.remote.RemoteWebDriver.findElement(RemoteWebDriver.java:315)
	at org.openqa.selenium.support.ui.ExpectedConditions$7.apply(ExpectedConditions.java:205)
	at org.openqa.selenium.support.ui.ExpectedConditions$7.apply(ExpectedConditions.java:201)
	at org.openqa.selenium.support.ui.FluentWait.until(FluentWait.java:249)
	... 26 more
]]>
            </full-stacktrace>
          </exception> <!-- org.openqa.selenium.TimeoutException -->
          <reporter-output>
          </reporter-output>
        </test-method> <!-- TS008_VerifySelectionOfGeneralGiftProdCatgFromLeftPaneFiltersTest -->
        <test-method status="PASS" signature="TS009_VerifySelectionOfFashionAccProdCatgFromLeftPaneFiltersTest()[pri:0, instance:lasvegasmarket_PROD.GlobalSearch_LeftPaneFilters@edf4efb]" name="TS009_VerifySelectionOfFashionAccProdCatgFromLeftPaneFiltersTest" duration-ms="33836" started-at="2024-07-04T20:39:00Z" finished-at="2024-07-04T20:39:34Z">
          <reporter-output>
          </reporter-output>
        </test-method> <!-- TS009_VerifySelectionOfFashionAccProdCatgFromLeftPaneFiltersTest -->
        <test-method status="PASS" signature="TS010_VerifySelectionOfFloralBotanicalsProdCatgFromLeftPaneFiltersTest()[pri:0, instance:lasvegasmarket_PROD.GlobalSearch_LeftPaneFilters@edf4efb]" name="TS010_VerifySelectionOfFloralBotanicalsProdCatgFromLeftPaneFiltersTest" duration-ms="46259" started-at="2024-07-04T20:39:34Z" finished-at="2024-07-04T20:40:20Z">
          <reporter-output>
          </reporter-output>
        </test-method> <!-- TS010_VerifySelectionOfFloralBotanicalsProdCatgFromLeftPaneFiltersTest -->
        <test-method status="PASS" signature="TS011_VerifySelectionOfHomeTextilesProdCatgFromLeftPaneFiltersTest()[pri:0, instance:lasvegasmarket_PROD.GlobalSearch_LeftPaneFilters@edf4efb]" name="TS011_VerifySelectionOfHomeTextilesProdCatgFromLeftPaneFiltersTest" duration-ms="43439" started-at="2024-07-04T20:40:20Z" finished-at="2024-07-04T20:41:04Z">
          <reporter-output>
          </reporter-output>
        </test-method> <!-- TS011_VerifySelectionOfHomeTextilesProdCatgFromLeftPaneFiltersTest -->
        <test-method status="PASS" signature="tearDown()[pri:0, instance:lasvegasmarket_PROD.GlobalSearch_LeftPaneFilters@edf4efb]" name="tearDown" is-config="true" duration-ms="973" started-at="2024-07-04T20:41:04Z" finished-at="2024-07-04T20:41:05Z">
          <reporter-output>
          </reporter-output>
        </test-method> <!-- tearDown -->
      </class> <!-- lasvegasmarket_PROD.GlobalSearch_LeftPaneFilters -->
      <class name="lasvegasmarket_PROD.EvenntsAndWebinar">
        <test-method status="PASS" signature="initialize()[pri:0, instance:lasvegasmarket_PROD.EvenntsAndWebinar@6bf256fa]" name="initialize" is-config="true" duration-ms="20449" started-at="2024-07-04T20:56:42Z" finished-at="2024-07-04T20:57:03Z">
          <reporter-output>
          </reporter-output>
        </test-method> <!-- initialize -->
        <test-method status="PASS" signature="TS001_VerifyEventsAndWebinarsOverviewTest()[pri:0, instance:lasvegasmarket_PROD.EvenntsAndWebinar@6bf256fa]" name="TS001_VerifyEventsAndWebinarsOverviewTest" duration-ms="8354" started-at="2024-07-04T20:57:03Z" finished-at="2024-07-04T20:57:11Z">
          <reporter-output>
          </reporter-output>
        </test-method> <!-- TS001_VerifyEventsAndWebinarsOverviewTest -->
        <test-method status="PASS" signature="TS002_VerifyIMCEventsSearchbarTest()[pri:0, instance:lasvegasmarket_PROD.EvenntsAndWebinar@6bf256fa]" name="TS002_VerifyIMCEventsSearchbarTest" duration-ms="13586" started-at="2024-07-04T20:57:11Z" finished-at="2024-07-04T20:57:25Z">
          <reporter-output>
          </reporter-output>
        </test-method> <!-- TS002_VerifyIMCEventsSearchbarTest -->
        <test-method status="PASS" signature="TS003_VerifyIMCEventsCalendarViewTest()[pri:0, instance:lasvegasmarket_PROD.EvenntsAndWebinar@6bf256fa]" name="TS003_VerifyIMCEventsCalendarViewTest" duration-ms="62789" started-at="2024-07-04T20:57:25Z" finished-at="2024-07-04T20:58:28Z">
          <reporter-output>
          </reporter-output>
        </test-method> <!-- TS003_VerifyIMCEventsCalendarViewTest -->
        <test-method status="PASS" signature="TS004_VerifyIMCEventsEventsListTest()[pri:0, instance:lasvegasmarket_PROD.EvenntsAndWebinar@6bf256fa]" name="TS004_VerifyIMCEventsEventsListTest" duration-ms="848499" started-at="2024-07-04T20:58:28Z" finished-at="2024-07-04T21:12:36Z">
          <reporter-output>
          </reporter-output>
        </test-method> <!-- TS004_VerifyIMCEventsEventsListTest -->
        <test-method status="PASS" signature="TS005_VerifyIMCEventsEventDetailstTest()[pri:0, instance:lasvegasmarket_PROD.EvenntsAndWebinar@6bf256fa]" name="TS005_VerifyIMCEventsEventDetailstTest" duration-ms="36750" started-at="2024-07-04T21:12:36Z" finished-at="2024-07-04T21:13:13Z">
          <reporter-output>
          </reporter-output>
        </test-method> <!-- TS005_VerifyIMCEventsEventDetailstTest -->
        <test-method status="PASS" signature="TS006_VerifyExhibitorEventsSearchbarTest()[pri:0, instance:lasvegasmarket_PROD.EvenntsAndWebinar@6bf256fa]" name="TS006_VerifyExhibitorEventsSearchbarTest" duration-ms="17852" started-at="2024-07-04T21:13:13Z" finished-at="2024-07-04T21:13:31Z">
          <reporter-output>
          </reporter-output>
        </test-method> <!-- TS006_VerifyExhibitorEventsSearchbarTest -->
        <test-method status="FAIL" signature="TS007_VerifyExhibitorEventsCalendarViewTest()[pri:0, instance:lasvegasmarket_PROD.EvenntsAndWebinar@6bf256fa]" name="TS007_VerifyExhibitorEventsCalendarViewTest" duration-ms="4162" started-at="2024-07-04T21:13:31Z" finished-at="2024-07-04T21:13:35Z">
          <exception class="org.openqa.selenium.ElementClickInterceptedException">
            <message>
              <![CDATA[element click intercepted: Element <a href="/" class="imc-navigation__tier1Link" aria-expanded="false" aria-controls="navigation-tier2-" data-xpath="navigation.tier1Link" target="_self">...</a> is not clickable at point (621, 87). Other element would receive the click: <div class="imc-header__utilities  imc-breakpoint-display--hide-mobile">...</div>
  (Session info: chrome=126.0.6478.127)
Build info: version: '3.141.59', revision: 'e82be7d358', time: '2018-11-14T08:17:03'
System info: host: 'EON-SWAPNILI', ip: '172.22.90.18', os.name: 'Windows 10', os.arch: 'amd64', os.version: '10.0', java.version: '1.8.0_311'
Driver info: org.openqa.selenium.chrome.ChromeDriver
Capabilities {acceptInsecureCerts: false, browserName: chrome, browserVersion: 126.0.6478.127, chrome: {chromedriverVersion: 126.0.6478.126 (d36ace6122e..., userDataDir: C:\Users\swapnili\AppData\L...}, fedcm:accounts: true, goog:chromeOptions: {debuggerAddress: localhost:53636}, javascriptEnabled: true, networkConnectionEnabled: false, pageLoadStrategy: normal, platform: WINDOWS, platformName: WINDOWS, proxy: Proxy(), setWindowRect: true, strictFileInteractability: false, timeouts: {implicit: 0, pageLoad: 300000, script: 30000}, unhandledPromptBehavior: dismiss and notify, webauthn:extension:credBlob: true, webauthn:extension:largeBlob: true, webauthn:extension:minPinLength: true, webauthn:extension:prf: true, webauthn:virtualAuthenticators: true}
Session ID: d230f9872668ccffbbb29758411ee6b2]]>
            </message>
            <full-stacktrace>
              <![CDATA[org.openqa.selenium.ElementClickInterceptedException: element click intercepted: Element <a href="/" class="imc-navigation__tier1Link" aria-expanded="false" aria-controls="navigation-tier2-" data-xpath="navigation.tier1Link" target="_self">...</a> is not clickable at point (621, 87). Other element would receive the click: <div class="imc-header__utilities  imc-breakpoint-display--hide-mobile">...</div>
  (Session info: chrome=126.0.6478.127)
Build info: version: '3.141.59', revision: 'e82be7d358', time: '2018-11-14T08:17:03'
System info: host: 'EON-SWAPNILI', ip: '172.22.90.18', os.name: 'Windows 10', os.arch: 'amd64', os.version: '10.0', java.version: '1.8.0_311'
Driver info: org.openqa.selenium.chrome.ChromeDriver
Capabilities {acceptInsecureCerts: false, browserName: chrome, browserVersion: 126.0.6478.127, chrome: {chromedriverVersion: 126.0.6478.126 (d36ace6122e..., userDataDir: C:\Users\swapnili\AppData\L...}, fedcm:accounts: true, goog:chromeOptions: {debuggerAddress: localhost:53636}, javascriptEnabled: true, networkConnectionEnabled: false, pageLoadStrategy: normal, platform: WINDOWS, platformName: WINDOWS, proxy: Proxy(), setWindowRect: true, strictFileInteractability: false, timeouts: {implicit: 0, pageLoad: 300000, script: 30000}, unhandledPromptBehavior: dismiss and notify, webauthn:extension:credBlob: true, webauthn:extension:largeBlob: true, webauthn:extension:minPinLength: true, webauthn:extension:prf: true, webauthn:virtualAuthenticators: true}
Session ID: d230f9872668ccffbbb29758411ee6b2
	at sun.reflect.NativeConstructorAccessorImpl.newInstance0(Native Method)
	at sun.reflect.NativeConstructorAccessorImpl.newInstance(Unknown Source)
	at sun.reflect.DelegatingConstructorAccessorImpl.newInstance(Unknown Source)
	at java.lang.reflect.Constructor.newInstance(Unknown Source)
	at org.openqa.selenium.remote.http.W3CHttpResponseCodec.createException(W3CHttpResponseCodec.java:187)
	at org.openqa.selenium.remote.http.W3CHttpResponseCodec.decode(W3CHttpResponseCodec.java:122)
	at org.openqa.selenium.remote.http.W3CHttpResponseCodec.decode(W3CHttpResponseCodec.java:49)
	at org.openqa.selenium.remote.HttpCommandExecutor.execute(HttpCommandExecutor.java:158)
	at org.openqa.selenium.remote.service.DriverCommandExecutor.execute(DriverCommandExecutor.java:83)
	at org.openqa.selenium.remote.RemoteWebDriver.execute(RemoteWebDriver.java:552)
	at org.openqa.selenium.remote.RemoteWebElement.execute(RemoteWebElement.java:285)
	at org.openqa.selenium.remote.RemoteWebElement.click(RemoteWebElement.java:84)
	at resources.Utility.clickOnEventLinkOfChannelLVM(Utility.java:649)
	at lasvegasmarket_PROD.EvenntsAndWebinar.TS007_VerifyExhibitorEventsCalendarViewTest(EvenntsAndWebinar.java:867)
	at sun.reflect.NativeMethodAccessorImpl.invoke0(Native Method)
	at sun.reflect.NativeMethodAccessorImpl.invoke(Unknown Source)
	at sun.reflect.DelegatingMethodAccessorImpl.invoke(Unknown Source)
	at java.lang.reflect.Method.invoke(Unknown Source)
	at org.testng.internal.MethodInvocationHelper.invokeMethod(MethodInvocationHelper.java:85)
	at org.testng.internal.Invoker.invokeMethod(Invoker.java:663)
	at org.testng.internal.Invoker.invokeTestMethod(Invoker.java:849)
	at org.testng.internal.Invoker.invokeTestMethods(Invoker.java:1157)
	at org.testng.internal.TestMethodWorker.invokeTestMethods(TestMethodWorker.java:124)
	at org.testng.internal.TestMethodWorker.run(TestMethodWorker.java:108)
	at org.testng.TestRunner.privateRun(TestRunner.java:771)
	at org.testng.TestRunner.run(TestRunner.java:621)
	at org.testng.SuiteRunner.runTest(SuiteRunner.java:357)
	at org.testng.SuiteRunner.runSequentially(SuiteRunner.java:352)
	at org.testng.SuiteRunner.privateRun(SuiteRunner.java:310)
	at org.testng.SuiteRunner.run(SuiteRunner.java:259)
	at org.testng.SuiteRunnerWorker.runSuite(SuiteRunnerWorker.java:52)
	at org.testng.SuiteRunnerWorker.run(SuiteRunnerWorker.java:86)
	at org.testng.TestNG.runSuitesSequentially(TestNG.java:1200)
	at org.testng.TestNG.runSuitesLocally(TestNG.java:1125)
	at org.testng.TestNG.run(TestNG.java:1033)
	at org.testng.remote.RemoteTestNG.run(RemoteTestNG.java:111)
	at org.testng.remote.RemoteTestNG.initAndRun(RemoteTestNG.java:204)
	at org.testng.remote.RemoteTestNG.main(RemoteTestNG.java:175)
]]>
            </full-stacktrace>
          </exception> <!-- org.openqa.selenium.ElementClickInterceptedException -->
          <reporter-output>
          </reporter-output>
        </test-method> <!-- TS007_VerifyExhibitorEventsCalendarViewTest -->
        <test-method status="PASS" signature="TS008_VerifyExhibitorEventsListTest()[pri:0, instance:lasvegasmarket_PROD.EvenntsAndWebinar@6bf256fa]" name="TS008_VerifyExhibitorEventsListTest" duration-ms="525299" started-at="2024-07-04T21:13:35Z" finished-at="2024-07-04T21:22:20Z">
          <reporter-output>
          </reporter-output>
        </test-method> <!-- TS008_VerifyExhibitorEventsListTest -->
        <test-method status="PASS" signature="TS009_VerifyExhibitorEventsDetailstTest()[pri:0, instance:lasvegasmarket_PROD.EvenntsAndWebinar@6bf256fa]" name="TS009_VerifyExhibitorEventsDetailstTest" duration-ms="21000" started-at="2024-07-04T21:22:20Z" finished-at="2024-07-04T21:22:41Z">
          <reporter-output>
          </reporter-output>
        </test-method> <!-- TS009_VerifyExhibitorEventsDetailstTest -->
        <test-method status="PASS" signature="tearDown()[pri:0, instance:lasvegasmarket_PROD.EvenntsAndWebinar@6bf256fa]" name="tearDown" is-config="true" duration-ms="0" started-at="2024-07-04T21:22:41Z" finished-at="2024-07-04T21:22:41Z">
          <reporter-output>
          </reporter-output>
        </test-method> <!-- tearDown -->
      </class> <!-- lasvegasmarket_PROD.EvenntsAndWebinar -->
      <class name="lasvegasmarket_PROD.GlobalSearch_SuggestionList">
        <test-method status="PASS" signature="initialize()[pri:0, instance:lasvegasmarket_PROD.GlobalSearch_SuggestionList@1554909b]" name="initialize" is-config="true" duration-ms="23315" started-at="2024-07-04T20:55:32Z" finished-at="2024-07-04T20:55:55Z">
          <reporter-output>
          </reporter-output>
        </test-method> <!-- initialize -->
        <test-method status="PASS" signature="TS001_VerifySelectionOfExhibitorFromAutoSuggestionListTest()[pri:0, instance:lasvegasmarket_PROD.GlobalSearch_SuggestionList@1554909b]" name="TS001_VerifySelectionOfExhibitorFromAutoSuggestionListTest" duration-ms="15781" started-at="2024-07-04T20:55:55Z" finished-at="2024-07-04T20:56:11Z">
          <reporter-output>
          </reporter-output>
        </test-method> <!-- TS001_VerifySelectionOfExhibitorFromAutoSuggestionListTest -->
        <test-method status="PASS" signature="TS002_VerifySelectionOfLineFromAutoSuggestionListTest()[pri:0, instance:lasvegasmarket_PROD.GlobalSearch_SuggestionList@1554909b]" name="TS002_VerifySelectionOfLineFromAutoSuggestionListTest" duration-ms="13892" started-at="2024-07-04T20:56:11Z" finished-at="2024-07-04T20:56:25Z">
          <reporter-output>
          </reporter-output>
        </test-method> <!-- TS002_VerifySelectionOfLineFromAutoSuggestionListTest -->
        <test-method status="PASS" signature="TS003_VerifySelectionOfProductFromAutoSuggestionListTest()[pri:0, instance:lasvegasmarket_PROD.GlobalSearch_SuggestionList@1554909b]" name="TS003_VerifySelectionOfProductFromAutoSuggestionListTest" duration-ms="16555" started-at="2024-07-04T20:56:25Z" finished-at="2024-07-04T20:56:41Z">
          <reporter-output>
          </reporter-output>
        </test-method> <!-- TS003_VerifySelectionOfProductFromAutoSuggestionListTest -->
        <test-method status="PASS" signature="tearDown()[pri:0, instance:lasvegasmarket_PROD.GlobalSearch_SuggestionList@1554909b]" name="tearDown" is-config="true" duration-ms="913" started-at="2024-07-04T20:56:41Z" finished-at="2024-07-04T20:56:42Z">
          <reporter-output>
          </reporter-output>
        </test-method> <!-- tearDown -->
      </class> <!-- lasvegasmarket_PROD.GlobalSearch_SuggestionList -->
      <class name="lasvegasmarket_PROD.ShowSpecials">
        <test-method status="PASS" signature="initialize()[pri:0, instance:lasvegasmarket_PROD.ShowSpecials@13969fbe]" name="initialize" is-config="true" duration-ms="67231" started-at="2024-07-04T21:40:23Z" finished-at="2024-07-04T21:41:30Z">
          <reporter-output>
          </reporter-output>
        </test-method> <!-- initialize -->
        <test-method status="PASS" signature="TS001_VerifyViewBrandDetailsLinkForShowSpecialsTest()[pri:0, instance:lasvegasmarket_PROD.ShowSpecials@13969fbe]" name="TS001_VerifyViewBrandDetailsLinkForShowSpecialsTest" duration-ms="12520" started-at="2024-07-04T21:41:30Z" finished-at="2024-07-04T21:41:43Z">
          <reporter-output>
          </reporter-output>
        </test-method> <!-- TS001_VerifyViewBrandDetailsLinkForShowSpecialsTest -->
        <test-method status="FAIL" signature="TS002_VerifyShowroomLinkForShowSpecialsTest()[pri:0, instance:lasvegasmarket_PROD.ShowSpecials@13969fbe]" name="TS002_VerifyShowroomLinkForShowSpecialsTest" duration-ms="67348" started-at="2024-07-04T21:41:43Z" finished-at="2024-07-04T21:42:50Z">
          <exception class="org.openqa.selenium.TimeoutException">
            <message>
              <![CDATA[Expected condition failed: waiting for element to be clickable: By.xpath: //a[contains(text(),'Show Specials')] (tried for 40 second(s) with 500 milliseconds interval)]]>
            </message>
            <full-stacktrace>
              <![CDATA[org.openqa.selenium.TimeoutException: Expected condition failed: waiting for element to be clickable: By.xpath: //a[contains(text(),'Show Specials')] (tried for 40 second(s) with 500 milliseconds interval)
	at org.openqa.selenium.support.ui.WebDriverWait.timeoutException(WebDriverWait.java:95)
	at org.openqa.selenium.support.ui.FluentWait.until(FluentWait.java:272)
	at pageObjects.LasVegasMarket.LVMGlobalSearchPage.getlvmShowSpecialsLink(LVMGlobalSearchPage.java:242)
	at lasvegasmarket_PROD.ShowSpecials.TS002_VerifyShowroomLinkForShowSpecialsTest(ShowSpecials.java:134)
	at sun.reflect.NativeMethodAccessorImpl.invoke0(Native Method)
	at sun.reflect.NativeMethodAccessorImpl.invoke(Unknown Source)
	at sun.reflect.DelegatingMethodAccessorImpl.invoke(Unknown Source)
	at java.lang.reflect.Method.invoke(Unknown Source)
	at org.testng.internal.MethodInvocationHelper.invokeMethod(MethodInvocationHelper.java:85)
	at org.testng.internal.Invoker.invokeMethod(Invoker.java:663)
	at org.testng.internal.Invoker.invokeTestMethod(Invoker.java:849)
	at org.testng.internal.Invoker.invokeTestMethods(Invoker.java:1157)
	at org.testng.internal.TestMethodWorker.invokeTestMethods(TestMethodWorker.java:124)
	at org.testng.internal.TestMethodWorker.run(TestMethodWorker.java:108)
	at org.testng.TestRunner.privateRun(TestRunner.java:771)
	at org.testng.TestRunner.run(TestRunner.java:621)
	at org.testng.SuiteRunner.runTest(SuiteRunner.java:357)
	at org.testng.SuiteRunner.runSequentially(SuiteRunner.java:352)
	at org.testng.SuiteRunner.privateRun(SuiteRunner.java:310)
	at org.testng.SuiteRunner.run(SuiteRunner.java:259)
	at org.testng.SuiteRunnerWorker.runSuite(SuiteRunnerWorker.java:52)
	at org.testng.SuiteRunnerWorker.run(SuiteRunnerWorker.java:86)
	at org.testng.TestNG.runSuitesSequentially(TestNG.java:1200)
	at org.testng.TestNG.runSuitesLocally(TestNG.java:1125)
	at org.testng.TestNG.run(TestNG.java:1033)
	at org.testng.remote.RemoteTestNG.run(RemoteTestNG.java:111)
	at org.testng.remote.RemoteTestNG.initAndRun(RemoteTestNG.java:204)
	at org.testng.remote.RemoteTestNG.main(RemoteTestNG.java:175)
Caused by: org.openqa.selenium.NoSuchElementException: no such element: Unable to locate element: {"method":"xpath","selector":"//a[contains(text(),'Show Specials')]"}
  (Session info: chrome=126.0.6478.127)
For documentation on this error, please visit: https://www.seleniumhq.org/exceptions/no_such_element.html
Build info: version: '3.141.59', revision: 'e82be7d358', time: '2018-11-14T08:17:03'
System info: host: 'EON-SWAPNILI', ip: '172.22.90.18', os.name: 'Windows 10', os.arch: 'amd64', os.version: '10.0', java.version: '1.8.0_311'
Driver info: org.openqa.selenium.chrome.ChromeDriver
Capabilities {acceptInsecureCerts: false, browserName: chrome, browserVersion: 126.0.6478.127, chrome: {chromedriverVersion: 126.0.6478.126 (d36ace6122e..., userDataDir: C:\Users\swapnili\AppData\L...}, fedcm:accounts: true, goog:chromeOptions: {debuggerAddress: localhost:56253}, javascriptEnabled: true, networkConnectionEnabled: false, pageLoadStrategy: normal, platform: WINDOWS, platformName: WINDOWS, proxy: Proxy(), setWindowRect: true, strictFileInteractability: false, timeouts: {implicit: 0, pageLoad: 300000, script: 30000}, unhandledPromptBehavior: dismiss and notify, webauthn:extension:credBlob: true, webauthn:extension:largeBlob: true, webauthn:extension:minPinLength: true, webauthn:extension:prf: true, webauthn:virtualAuthenticators: true}
Session ID: 905838c265216368e6c8450bbe6e4859
*** Element info: {Using=xpath, value=//a[contains(text(),'Show Specials')]}
	at sun.reflect.GeneratedConstructorAccessor19.newInstance(Unknown Source)
	at sun.reflect.DelegatingConstructorAccessorImpl.newInstance(Unknown Source)
	at java.lang.reflect.Constructor.newInstance(Unknown Source)
	at org.openqa.selenium.remote.http.W3CHttpResponseCodec.createException(W3CHttpResponseCodec.java:187)
	at org.openqa.selenium.remote.http.W3CHttpResponseCodec.decode(W3CHttpResponseCodec.java:122)
	at org.openqa.selenium.remote.http.W3CHttpResponseCodec.decode(W3CHttpResponseCodec.java:49)
	at org.openqa.selenium.remote.HttpCommandExecutor.execute(HttpCommandExecutor.java:158)
	at org.openqa.selenium.remote.service.DriverCommandExecutor.execute(DriverCommandExecutor.java:83)
	at org.openqa.selenium.remote.RemoteWebDriver.execute(RemoteWebDriver.java:552)
	at org.openqa.selenium.remote.RemoteWebDriver.findElement(RemoteWebDriver.java:323)
	at org.openqa.selenium.remote.RemoteWebDriver.findElementByXPath(RemoteWebDriver.java:428)
	at org.openqa.selenium.By$ByXPath.findElement(By.java:353)
	at org.openqa.selenium.remote.RemoteWebDriver.findElement(RemoteWebDriver.java:315)
	at org.openqa.selenium.support.ui.ExpectedConditions$7.apply(ExpectedConditions.java:205)
	at org.openqa.selenium.support.ui.ExpectedConditions$7.apply(ExpectedConditions.java:201)
	at org.openqa.selenium.support.ui.ExpectedConditions$22.apply(ExpectedConditions.java:641)
	at org.openqa.selenium.support.ui.ExpectedConditions$22.apply(ExpectedConditions.java:638)
	at org.openqa.selenium.support.ui.FluentWait.until(FluentWait.java:249)
	... 26 more
]]>
            </full-stacktrace>
          </exception> <!-- org.openqa.selenium.TimeoutException -->
          <reporter-output>
          </reporter-output>
        </test-method> <!-- TS002_VerifyShowroomLinkForShowSpecialsTest -->
        <test-method status="PASS" signature="tearDown()[pri:0, instance:lasvegasmarket_PROD.ShowSpecials@13969fbe]" name="tearDown" is-config="true" duration-ms="877" started-at="2024-07-04T21:42:50Z" finished-at="2024-07-04T21:42:51Z">
          <reporter-output>
          </reporter-output>
        </test-method> <!-- tearDown -->
      </class> <!-- lasvegasmarket_PROD.ShowSpecials -->
      <class name="lasvegasmarket_PROD.GlobalSearch_SearchFor">
        <test-method status="PASS" signature="initialize()[pri:0, instance:lasvegasmarket_PROD.GlobalSearch_SearchFor@6cd8737]" name="initialize" is-config="true" duration-ms="24418" started-at="2024-07-04T21:22:41Z" finished-at="2024-07-04T21:23:06Z">
          <reporter-output>
          </reporter-output>
        </test-method> <!-- initialize -->
        <test-method status="PASS" signature="TS001_VerifyInformationTabInGlobalSearchTest()[pri:0, instance:lasvegasmarket_PROD.GlobalSearch_SearchFor@6cd8737]" name="TS001_VerifyInformationTabInGlobalSearchTest" duration-ms="27790" started-at="2024-07-04T21:23:06Z" finished-at="2024-07-04T21:23:34Z">
          <reporter-output>
          </reporter-output>
        </test-method> <!-- TS001_VerifyInformationTabInGlobalSearchTest -->
        <test-method status="PASS" signature="TS002_VerifyInformationSearchFunctionalityInGlobalSearchTest()[pri:0, instance:lasvegasmarket_PROD.GlobalSearch_SearchFor@6cd8737]" name="TS002_VerifyInformationSearchFunctionalityInGlobalSearchTest" duration-ms="41026" started-at="2024-07-04T21:23:34Z" finished-at="2024-07-04T21:24:15Z">
          <reporter-output>
          </reporter-output>
        </test-method> <!-- TS002_VerifyInformationSearchFunctionalityInGlobalSearchTest -->
        <test-method status="PASS" signature="TS004_VerifyCatalogsOverviewInGlobalSearchTest()[pri:0, instance:lasvegasmarket_PROD.GlobalSearch_SearchFor@6cd8737]" name="TS004_VerifyCatalogsOverviewInGlobalSearchTest" duration-ms="49505" started-at="2024-07-04T21:24:15Z" finished-at="2024-07-04T21:25:04Z">
          <reporter-output>
          </reporter-output>
        </test-method> <!-- TS004_VerifyCatalogsOverviewInGlobalSearchTest -->
        <test-method status="PASS" signature="TS005_VerifyArticlesOverviewInGlobalSearchTest()[pri:0, instance:lasvegasmarket_PROD.GlobalSearch_SearchFor@6cd8737]" name="TS005_VerifyArticlesOverviewInGlobalSearchTest" duration-ms="95593" started-at="2024-07-04T21:25:04Z" finished-at="2024-07-04T21:26:40Z">
          <reporter-output>
          </reporter-output>
        </test-method> <!-- TS005_VerifyArticlesOverviewInGlobalSearchTest -->
        <test-method status="PASS" signature="TS006_VerifyArticlesFiltersFunctionalityInGlobalSearchTest()[pri:0, instance:lasvegasmarket_PROD.GlobalSearch_SearchFor@6cd8737]" name="TS006_VerifyArticlesFiltersFunctionalityInGlobalSearchTest" duration-ms="72115" started-at="2024-07-04T21:26:40Z" finished-at="2024-07-04T21:27:52Z">
          <reporter-output>
          </reporter-output>
        </test-method> <!-- TS006_VerifyArticlesFiltersFunctionalityInGlobalSearchTest -->
        <test-method status="PASS" signature="TS007_VerifyArticlesSearchFunctionalityInGlobalSearchTest()[pri:0, instance:lasvegasmarket_PROD.GlobalSearch_SearchFor@6cd8737]" name="TS007_VerifyArticlesSearchFunctionalityInGlobalSearchTest" duration-ms="55410" started-at="2024-07-04T21:27:52Z" finished-at="2024-07-04T21:28:47Z">
          <reporter-output>
          </reporter-output>
        </test-method> <!-- TS007_VerifyArticlesSearchFunctionalityInGlobalSearchTest -->
        <test-method status="PASS" signature="TS008_VerifyEventsSearchFunctionalityInGlobalSearchTest()[pri:0, instance:lasvegasmarket_PROD.GlobalSearch_SearchFor@6cd8737]" name="TS008_VerifyEventsSearchFunctionalityInGlobalSearchTest" duration-ms="115567" started-at="2024-07-04T21:28:47Z" finished-at="2024-07-04T21:30:43Z">
          <reporter-output>
          </reporter-output>
        </test-method> <!-- TS008_VerifyEventsSearchFunctionalityInGlobalSearchTest -->
        <test-method status="PASS" signature="TS009_VerifyEventsFiltersFunctionalityInGlobalSearchTest()[pri:0, instance:lasvegasmarket_PROD.GlobalSearch_SearchFor@6cd8737]" name="TS009_VerifyEventsFiltersFunctionalityInGlobalSearchTest" duration-ms="114724" started-at="2024-07-04T21:30:43Z" finished-at="2024-07-04T21:32:37Z">
          <reporter-output>
          </reporter-output>
        </test-method> <!-- TS009_VerifyEventsFiltersFunctionalityInGlobalSearchTest -->
        <test-method status="PASS" signature="TS010_VerifyShowSpecialsOverviewInGlobalSearchTest()[pri:0, instance:lasvegasmarket_PROD.GlobalSearch_SearchFor@6cd8737]" name="TS010_VerifyShowSpecialsOverviewInGlobalSearchTest" duration-ms="33631" started-at="2024-07-04T21:32:37Z" finished-at="2024-07-04T21:33:11Z">
          <reporter-output>
          </reporter-output>
        </test-method> <!-- TS010_VerifyShowSpecialsOverviewInGlobalSearchTest -->
        <test-method status="PASS" signature="TS011_VerifyEventsOverviewInGlobalSearchTest()[pri:0, instance:lasvegasmarket_PROD.GlobalSearch_SearchFor@6cd8737]" name="TS011_VerifyEventsOverviewInGlobalSearchTest" duration-ms="99712" started-at="2024-07-04T21:33:11Z" finished-at="2024-07-04T21:34:51Z">
          <reporter-output>
          </reporter-output>
        </test-method> <!-- TS011_VerifyEventsOverviewInGlobalSearchTest -->
        <test-method status="PASS" signature="TS003_VerifyInformationFiltersFunctionalityInGlobalSearchTest()[pri:0, instance:lasvegasmarket_PROD.GlobalSearch_SearchFor@6cd8737]" name="TS003_VerifyInformationFiltersFunctionalityInGlobalSearchTest" duration-ms="131186" started-at="2024-07-04T21:34:51Z" finished-at="2024-07-04T21:37:02Z">
          <reporter-output>
          </reporter-output>
        </test-method> <!-- TS003_VerifyInformationFiltersFunctionalityInGlobalSearchTest -->
        <test-method status="PASS" signature="tearDown()[pri:0, instance:lasvegasmarket_PROD.GlobalSearch_SearchFor@6cd8737]" name="tearDown" is-config="true" duration-ms="1169" started-at="2024-07-04T21:37:02Z" finished-at="2024-07-04T21:37:03Z">
          <reporter-output>
          </reporter-output>
        </test-method> <!-- tearDown -->
      </class> <!-- lasvegasmarket_PROD.GlobalSearch_SearchFor -->
      <class name="lasvegasmarket_PROD.GlobalSearch_ProductActions">
        <test-method status="PASS" signature="initialize()[pri:0, instance:lasvegasmarket_PROD.GlobalSearch_ProductActions@6108b2d7]" name="initialize" is-config="true" duration-ms="218056" started-at="2024-07-04T20:50:35Z" finished-at="2024-07-04T20:54:13Z">
          <reporter-output>
          </reporter-output>
        </test-method> <!-- initialize -->
        <test-method status="PASS" signature="TS001_VerifyClickOnProductSeeDetailsBtnOnSearchResultsGridTest()[pri:0, instance:lasvegasmarket_PROD.GlobalSearch_ProductActions@6108b2d7]" name="TS001_VerifyClickOnProductSeeDetailsBtnOnSearchResultsGridTest" duration-ms="40069" started-at="2024-07-04T20:54:13Z" finished-at="2024-07-04T20:54:53Z">
          <reporter-output>
          </reporter-output>
        </test-method> <!-- TS001_VerifyClickOnProductSeeDetailsBtnOnSearchResultsGridTest -->
        <test-method status="PASS" signature="TS002_VerifyFullScreenViewerOnProductDetailsPageTest()[pri:0, instance:lasvegasmarket_PROD.GlobalSearch_ProductActions@6108b2d7]" name="TS002_VerifyFullScreenViewerOnProductDetailsPageTest" duration-ms="37669" started-at="2024-07-04T20:54:53Z" finished-at="2024-07-04T20:55:31Z">
          <reporter-output>
          </reporter-output>
        </test-method> <!-- TS002_VerifyFullScreenViewerOnProductDetailsPageTest -->
        <test-method status="PASS" signature="tearDown()[pri:0, instance:lasvegasmarket_PROD.GlobalSearch_ProductActions@6108b2d7]" name="tearDown" is-config="true" duration-ms="1248" started-at="2024-07-04T20:55:31Z" finished-at="2024-07-04T20:55:32Z">
          <reporter-output>
          </reporter-output>
        </test-method> <!-- tearDown -->
      </class> <!-- lasvegasmarket_PROD.GlobalSearch_ProductActions -->
      <class name="lasvegasmarket_PROD.GlobalSearch_LineActions">
        <test-method status="PASS" signature="initialize()[pri:0, instance:lasvegasmarket_PROD.GlobalSearch_LineActions@2f7a2457]" name="initialize" is-config="true" duration-ms="25354" started-at="2024-07-04T20:41:05Z" finished-at="2024-07-04T20:41:30Z">
          <reporter-output>
          </reporter-output>
        </test-method> <!-- initialize -->
[...]
	at org.testng.internal.Invoker.invokeTestMethod(Invoker.java:849)
	at org.testng.internal.Invoker.invokeTestMethods(Invoker.java:1157)
	at org.testng.internal.TestMethodWorker.invokeTestMethods(TestMethodWorker.java:124)
	at org.testng.internal.TestMethodWorker.run(TestMethodWorker.java:108)
	at org.testng.TestRunner.privateRun(TestRunner.java:771)
	at org.testng.TestRunner.run(TestRunner.java:621)
	at org.testng.SuiteRunner.runTest(SuiteRunner.java:357)
	at org.testng.SuiteRunner.runSequentially(SuiteRunner.java:352)
	at org.testng.SuiteRunner.privateRun(SuiteRunner.java:310)
	at org.testng.SuiteRunner.run(SuiteRunner.java:259)
	at org.testng.SuiteRunnerWorker.runSuite(SuiteRunnerWorker.java:52)
	at org.testng.SuiteRunnerWorker.run(SuiteRunnerWorker.java:86)
	at org.testng.TestNG.runSuitesSequentially(TestNG.java:1200)
	at org.testng.TestNG.runSuitesLocally(TestNG.java:1125)
	at org.testng.TestNG.run(TestNG.java:1033)
	at org.testng.remote.RemoteTestNG.run(RemoteTestNG.java:111)
	at org.testng.remote.RemoteTestNG.initAndRun(RemoteTestNG.java:204)
	at org.testng.remote.RemoteTestNG.main(RemoteTestNG.java:175)
Caused by: org.openqa.selenium.NoSuchElementException: no such element: Unable to locate element: {"method":"xpath","selector":"(//div[@class='imc-manufacturing-line-title-wrapper']/a)[1]"}
  (Session info: chrome=126.0.6478.127)
For documentation on this error, please visit: https://www.seleniumhq.org/exceptions/no_such_element.html
Build info: version: '3.141.59', revision: 'e82be7d358', time: '2018-11-14T08:17:03'
System info: host: 'EON-SWAPNILI', ip: '172.22.90.18', os.name: 'Windows 10', os.arch: 'amd64', os.version: '10.0', java.version: '1.8.0_311'
Driver info: org.openqa.selenium.chrome.ChromeDriver
Capabilities {acceptInsecureCerts: false, browserName: chrome, browserVersion: 126.0.6478.127, chrome: {chromedriverVersion: 126.0.6478.126 (d36ace6122e..., userDataDir: C:\Users\swapnili\AppData\L...}, fedcm:accounts: true, goog:chromeOptions: {debuggerAddress: localhost:51173}, javascriptEnabled: true, networkConnectionEnabled: false, pageLoadStrategy: normal, platform: WINDOWS, platformName: WINDOWS, proxy: Proxy(), setWindowRect: true, strictFileInteractability: false, timeouts: {implicit: 0, pageLoad: 300000, script: 30000}, unhandledPromptBehavior: dismiss and notify, webauthn:extension:credBlob: true, webauthn:extension:largeBlob: true, webauthn:extension:minPinLength: true, webauthn:extension:prf: true, webauthn:virtualAuthenticators: true}
Session ID: b98d4d973c7557fdd7cf8a4442f6e4b7
*** Element info: {Using=xpath, value=(//div[@class='imc-manufacturing-line-title-wrapper']/a)[1]}
	at sun.reflect.NativeConstructorAccessorImpl.newInstance0(Native Method)
	at sun.reflect.NativeConstructorAccessorImpl.newInstance(Unknown Source)
	at sun.reflect.DelegatingConstructorAccessorImpl.newInstance(Unknown Source)
	at java.lang.reflect.Constructor.newInstance(Unknown Source)
	at org.openqa.selenium.remote.http.W3CHttpResponseCodec.createException(W3CHttpResponseCodec.java:187)
	at org.openqa.selenium.remote.http.W3CHttpResponseCodec.decode(W3CHttpResponseCodec.java:122)
	at org.openqa.selenium.remote.http.W3CHttpResponseCodec.decode(W3CHttpResponseCodec.java:49)
	at org.openqa.selenium.remote.HttpCommandExecutor.execute(HttpCommandExecutor.java:158)
	at org.openqa.selenium.remote.service.DriverCommandExecutor.execute(DriverCommandExecutor.java:83)
	at org.openqa.selenium.remote.RemoteWebDriver.execute(RemoteWebDriver.java:552)
	at org.openqa.selenium.remote.RemoteWebDriver.findElement(RemoteWebDriver.java:323)
	at org.openqa.selenium.remote.RemoteWebDriver.findElementByXPath(RemoteWebDriver.java:428)
	at org.openqa.selenium.By$ByXPath.findElement(By.java:353)
	at org.openqa.selenium.remote.RemoteWebDriver.findElement(RemoteWebDriver.java:315)
	at org.openqa.selenium.support.ui.ExpectedConditions$7.apply(ExpectedConditions.java:205)
	at org.openqa.selenium.support.ui.ExpectedConditions$7.apply(ExpectedConditions.java:201)
	at org.openqa.selenium.support.ui.FluentWait.until(FluentWait.java:249)
	... 26 more
]]>
            </full-stacktrace>
          </exception> <!-- org.openqa.selenium.TimeoutException -->
          <reporter-output>
          </reporter-output>
        </test-method> <!-- TS007_VerifySelectionOfExhibitorOnFloorPlansPageTest -->
        <test-method status="PASS" signature="TS008_VerifyClickOnReturnToBuildingListBtnTest()[pri:0, instance:lasvegasmarket_PROD.FloorPlans@6442b0a6]" name="TS008_VerifyClickOnReturnToBuildingListBtnTest" duration-ms="11033" started-at="2024-07-04T20:28:14Z" finished-at="2024-07-04T20:28:25Z">
          <reporter-output>
          </reporter-output>
        </test-method> <!-- TS008_VerifyClickOnReturnToBuildingListBtnTest -->
        <test-method status="FAIL" signature="TS009_VerifySearchFunctionalityForExhListOnFloorPlansPageTest()[pri:0, instance:lasvegasmarket_PROD.FloorPlans@6442b0a6]" name="TS009_VerifySearchFunctionalityForExhListOnFloorPlansPageTest" duration-ms="48955" started-at="2024-07-04T20:28:25Z" finished-at="2024-07-04T20:29:14Z">
          <exception class="org.openqa.selenium.NoSuchElementException">
            <message>
              <![CDATA[no such element: Unable to locate element: {"method":"xpath","selector":"//div[@class = 'imc-content--padded-top-bottom']/div[1]"}
  (Session info: chrome=126.0.6478.127)
For documentation on this error, please visit: https://www.seleniumhq.org/exceptions/no_such_element.html
Build info: version: '3.141.59', revision: 'e82be7d358', time: '2018-11-14T08:17:03'
System info: host: 'EON-SWAPNILI', ip: '172.22.90.18', os.name: 'Windows 10', os.arch: 'amd64', os.version: '10.0', java.version: '1.8.0_311'
Driver info: org.openqa.selenium.chrome.ChromeDriver
Capabilities {acceptInsecureCerts: false, browserName: chrome, browserVersion: 126.0.6478.127, chrome: {chromedriverVersion: 126.0.6478.126 (d36ace6122e..., userDataDir: C:\Users\swapnili\AppData\L...}, fedcm:accounts: true, goog:chromeOptions: {debuggerAddress: localhost:51173}, javascriptEnabled: true, networkConnectionEnabled: false, pageLoadStrategy: normal, platform: WINDOWS, platformName: WINDOWS, proxy: Proxy(), setWindowRect: true, strictFileInteractability: false, timeouts: {implicit: 0, pageLoad: 300000, script: 30000}, unhandledPromptBehavior: dismiss and notify, webauthn:extension:credBlob: true, webauthn:extension:largeBlob: true, webauthn:extension:minPinLength: true, webauthn:extension:prf: true, webauthn:virtualAuthenticators: true}
Session ID: b98d4d973c7557fdd7cf8a4442f6e4b7
*** Element info: {Using=xpath, value=//div[@class = 'imc-content--padded-top-bottom']/div[1]}]]>
            </message>
            <full-stacktrace>
              <![CDATA[org.openqa.selenium.NoSuchElementException: no such element: Unable to locate element: {"method":"xpath","selector":"//div[@class = 'imc-content--padded-top-bottom']/div[1]"}
  (Session info: chrome=126.0.6478.127)
For documentation on this error, please visit: https://www.seleniumhq.org/exceptions/no_such_element.html
Build info: version: '3.141.59', revision: 'e82be7d358', time: '2018-11-14T08:17:03'
System info: host: 'EON-SWAPNILI', ip: '172.22.90.18', os.name: 'Windows 10', os.arch: 'amd64', os.version: '10.0', java.version: '1.8.0_311'
Driver info: org.openqa.selenium.chrome.ChromeDriver
Capabilities {acceptInsecureCerts: false, browserName: chrome, browserVersion: 126.0.6478.127, chrome: {chromedriverVersion: 126.0.6478.126 (d36ace6122e..., userDataDir: C:\Users\swapnili\AppData\L...}, fedcm:accounts: true, goog:chromeOptions: {debuggerAddress: localhost:51173}, javascriptEnabled: true, networkConnectionEnabled: false, pageLoadStrategy: normal, platform: WINDOWS, platformName: WINDOWS, proxy: Proxy(), setWindowRect: true, strictFileInteractability: false, timeouts: {implicit: 0, pageLoad: 300000, script: 30000}, unhandledPromptBehavior: dismiss and notify, webauthn:extension:credBlob: true, webauthn:extension:largeBlob: true, webauthn:extension:minPinLength: true, webauthn:extension:prf: true, webauthn:virtualAuthenticators: true}
Session ID: b98d4d973c7557fdd7cf8a4442f6e4b7
*** Element info: {Using=xpath, value=//div[@class = 'imc-content--padded-top-bottom']/div[1]}
	at sun.reflect.NativeConstructorAccessorImpl.newInstance0(Native Method)
	at sun.reflect.NativeConstructorAccessorImpl.newInstance(Unknown Source)
	at sun.reflect.DelegatingConstructorAccessorImpl.newInstance(Unknown Source)
	at java.lang.reflect.Constructor.newInstance(Unknown Source)
	at org.openqa.selenium.remote.http.W3CHttpResponseCodec.createException(W3CHttpResponseCodec.java:187)
	at org.openqa.selenium.remote.http.W3CHttpResponseCodec.decode(W3CHttpResponseCodec.java:122)
	at org.openqa.selenium.remote.http.W3CHttpResponseCodec.decode(W3CHttpResponseCodec.java:49)
	at org.openqa.selenium.remote.HttpCommandExecutor.execute(HttpCommandExecutor.java:158)
	at org.openqa.selenium.remote.service.DriverCommandExecutor.execute(DriverCommandExecutor.java:83)
	at org.openqa.selenium.remote.RemoteWebDriver.execute(RemoteWebDriver.java:552)
	at org.openqa.selenium.remote.RemoteWebDriver.findElement(RemoteWebDriver.java:323)
	at org.openqa.selenium.remote.RemoteWebDriver.findElementByXPath(RemoteWebDriver.java:428)
	at org.openqa.selenium.By$ByXPath.findElement(By.java:353)
	at org.openqa.selenium.remote.RemoteWebDriver.findElement(RemoteWebDriver.java:315)
	at pageObjects.LasVegasMarket.LVMFloorPlansPage.getlvmexhibitorsection(LVMFloorPlansPage.java:237)
	at lasvegasmarket_PROD.FloorPlans.TS009_VerifySearchFunctionalityForExhListOnFloorPlansPageTest(FloorPlans.java:472)
	at sun.reflect.NativeMethodAccessorImpl.invoke0(Native Method)
	at sun.reflect.NativeMethodAccessorImpl.invoke(Unknown Source)
	at sun.reflect.DelegatingMethodAccessorImpl.invoke(Unknown Source)
	at java.lang.reflect.Method.invoke(Unknown Source)
	at org.testng.internal.MethodInvocationHelper.invokeMethod(MethodInvocationHelper.java:85)
	at org.testng.internal.Invoker.invokeMethod(Invoker.java:663)
	at org.testng.internal.Invoker.invokeTestMethod(Invoker.java:849)
	at org.testng.internal.Invoker.invokeTestMethods(Invoker.java:1157)
	at org.testng.internal.TestMethodWorker.invokeTestMethods(TestMethodWorker.java:124)
	at org.testng.internal.TestMethodWorker.run(TestMethodWorker.java:108)
	at org.testng.TestRunner.privateRun(TestRunner.java:771)
	at org.testng.TestRunner.run(TestRunner.java:621)
	at org.testng.SuiteRunner.runTest(SuiteRunner.java:357)
	at org.testng.SuiteRunner.runSequentially(SuiteRunner.java:352)
	at org.testng.SuiteRunner.privateRun(SuiteRunner.java:310)
	at org.testng.SuiteRunner.run(SuiteRunner.java:259)
	at org.testng.SuiteRunnerWorker.runSuite(SuiteRunnerWorker.java:52)
	at org.testng.SuiteRunnerWorker.run(SuiteRunnerWorker.java:86)
	at org.testng.TestNG.runSuitesSequentially(TestNG.java:1200)
	at org.testng.TestNG.runSuitesLocally(TestNG.java:1125)
	at org.testng.TestNG.run(TestNG.java:1033)
	at org.testng.remote.RemoteTestNG.run(RemoteTestNG.java:111)
	at org.testng.remote.RemoteTestNG.initAndRun(RemoteTestNG.java:204)
	at org.testng.remote.RemoteTestNG.main(RemoteTestNG.java:175)
]]>
            </full-stacktrace>
          </exception> <!-- org.openqa.selenium.NoSuchElementException -->
          <reporter-output>
          </reporter-output>
        </test-method> <!-- TS009_VerifySearchFunctionalityForExhListOnFloorPlansPageTest -->
        <test-method status="PASS" signature="tearDown()[pri:0, instance:lasvegasmarket_PROD.FloorPlans@6442b0a6]" name="tearDown" is-config="true" duration-ms="0" started-at="2024-07-04T20:29:15Z" finished-at="2024-07-04T20:29:15Z">
          <reporter-output>
          </reporter-output>
        </test-method> <!-- tearDown -->
      </class> <!-- lasvegasmarket_PROD.FloorPlans -->
      <class name="lasvegasmarket_PROD.ExhibitorDigitalShowroom">
        <test-method status="PASS" signature="initialize()[pri:0, instance:lasvegasmarket_PROD.ExhibitorDigitalShowroom@19dfb72a]" name="initialize" is-config="true" duration-ms="61038" started-at="2024-07-04T20:12:57Z" finished-at="2024-07-04T20:13:58Z">
          <reporter-output>
          </reporter-output>
        </test-method> <!-- initialize -->
        <test-method status="PASS" signature="TS001_VerifyClickOnLocationLinksForExhibitorDigitalShowroomTest()[pri:0, instance:lasvegasmarket_PROD.ExhibitorDigitalShowroom@19dfb72a]" name="TS001_VerifyClickOnLocationLinksForExhibitorDigitalShowroomTest" duration-ms="36254" started-at="2024-07-04T20:13:58Z" finished-at="2024-07-04T20:14:34Z">
          <reporter-output>
          </reporter-output>
        </test-method> <!-- TS001_VerifyClickOnLocationLinksForExhibitorDigitalShowroomTest -->
        <test-method status="PASS" signature="TS002_VerifyClickOnTotalLinesSeeAllLinesForExhibitorTest()[pri:0, instance:lasvegasmarket_PROD.ExhibitorDigitalShowroom@19dfb72a]" name="TS002_VerifyClickOnTotalLinesSeeAllLinesForExhibitorTest" duration-ms="72782" started-at="2024-07-04T20:14:34Z" finished-at="2024-07-04T20:15:47Z">
          <reporter-output>
          </reporter-output>
        </test-method> <!-- TS002_VerifyClickOnTotalLinesSeeAllLinesForExhibitorTest -->
        <test-method status="PASS" signature="TS003_VerifyClickOnProductShownLinkForExhibitorTest()[pri:0, instance:lasvegasmarket_PROD.ExhibitorDigitalShowroom@19dfb72a]" name="TS003_VerifyClickOnProductShownLinkForExhibitorTest" duration-ms="54356" started-at="2024-07-04T20:15:47Z" finished-at="2024-07-04T20:16:41Z">
          <reporter-output>
          </reporter-output>
        </test-method> <!-- TS003_VerifyClickOnProductShownLinkForExhibitorTest -->
        <test-method status="PASS" signature="TS004_VerifyClickOnLineFiltersForExhibitorTest()[pri:0, instance:lasvegasmarket_PROD.ExhibitorDigitalShowroom@19dfb72a]" name="TS004_VerifyClickOnLineFiltersForExhibitorTest" duration-ms="33956" started-at="2024-07-04T20:16:41Z" finished-at="2024-07-04T20:17:15Z">
          <reporter-output>
          </reporter-output>
        </test-method> <!-- TS004_VerifyClickOnLineFiltersForExhibitorTest -->
        <test-method status="PASS" signature="TS005_VerifyClickOnLineSearchForExhibitorTest()[pri:0, instance:lasvegasmarket_PROD.ExhibitorDigitalShowroom@19dfb72a]" name="TS005_VerifyClickOnLineSearchForExhibitorTest" duration-ms="37591" started-at="2024-07-04T20:17:15Z" finished-at="2024-07-04T20:17:53Z">
          <reporter-output>
          </reporter-output>
        </test-method> <!-- TS005_VerifyClickOnLineSearchForExhibitorTest -->
        <test-method status="PASS" signature="TS006_VerifyExhibitorDigitalShowroomLinesComponentSeeAllLinesTest()[pri:0, instance:lasvegasmarket_PROD.ExhibitorDigitalShowroom@19dfb72a]" name="TS006_VerifyExhibitorDigitalShowroomLinesComponentSeeAllLinesTest" duration-ms="30912" started-at="2024-07-04T20:17:53Z" finished-at="2024-07-04T20:18:24Z">
          <reporter-output>
          </reporter-output>
        </test-method> <!-- TS006_VerifyExhibitorDigitalShowroomLinesComponentSeeAllLinesTest -->
        <test-method status="PASS" signature="TS007_VerifyExhibitorDigitalShowroomProductsComponentSeeAllProductsTest()[pri:0, instance:lasvegasmarket_PROD.ExhibitorDigitalShowroom@19dfb72a]" name="TS007_VerifyExhibitorDigitalShowroomProductsComponentSeeAllProductsTest" duration-ms="33260" started-at="2024-07-04T20:18:24Z" finished-at="2024-07-04T20:18:57Z">
          <reporter-output>
          </reporter-output>
        </test-method> <!-- TS007_VerifyExhibitorDigitalShowroomProductsComponentSeeAllProductsTest -->
        <test-method status="PASS" signature="TS008_VerifySeeInOtherMarketsForExhibitorTest()[pri:0, instance:lasvegasmarket_PROD.ExhibitorDigitalShowroom@19dfb72a]" name="TS008_VerifySeeInOtherMarketsForExhibitorTest" duration-ms="46703" started-at="2024-07-04T20:18:57Z" finished-at="2024-07-04T20:19:44Z">
          <reporter-output>
          </reporter-output>
        </test-method> <!-- TS008_VerifySeeInOtherMarketsForExhibitorTest -->
        <test-method status="PASS" signature="TS009_VerifyExhibitorDigitalShowroomCatalogsComponentSeeAllCatalogsTest()[pri:0, instance:lasvegasmarket_PROD.ExhibitorDigitalShowroom@19dfb72a]" name="TS009_VerifyExhibitorDigitalShowroomCatalogsComponentSeeAllCatalogsTest" duration-ms="35343" started-at="2024-07-04T20:19:44Z" finished-at="2024-07-04T20:20:19Z">
          <reporter-output>
          </reporter-output>
        </test-method> <!-- TS009_VerifyExhibitorDigitalShowroomCatalogsComponentSeeAllCatalogsTest -->
        <test-method status="PASS" signature="TS010_VerifyExhibitorDigitalShowroomHeroComponentVisitExhibitorsiteTest()[pri:0, instance:lasvegasmarket_PROD.ExhibitorDigitalShowroom@19dfb72a]" name="TS010_VerifyExhibitorDigitalShowroomHeroComponentVisitExhibitorsiteTest" duration-ms="34431" started-at="2024-07-04T20:20:19Z" finished-at="2024-07-04T20:20:53Z">
          <reporter-output>
          </reporter-output>
        </test-method> <!-- TS010_VerifyExhibitorDigitalShowroomHeroComponentVisitExhibitorsiteTest -->
        <test-method status="PASS" signature="TS011_VerifyExhibitorDigitalShowroomHeroComponentView3DShowroomTest()[pri:0, instance:lasvegasmarket_PROD.ExhibitorDigitalShowroom@19dfb72a]" name="TS011_VerifyExhibitorDigitalShowroomHeroComponentView3DShowroomTest" duration-ms="35071" started-at="2024-07-04T20:20:53Z" finished-at="2024-07-04T20:21:28Z">
          <reporter-output>
          </reporter-output>
        </test-method> <!-- TS011_VerifyExhibitorDigitalShowroomHeroComponentView3DShowroomTest -->
        <test-method status="PASS" signature="TS012_VerifyExhibitorDigitalEventsComponentTest()[pri:0, instance:lasvegasmarket_PROD.ExhibitorDigitalShowroom@19dfb72a]" name="TS012_VerifyExhibitorDigitalEventsComponentTest" duration-ms="39031" started-at="2024-07-04T20:21:28Z" finished-at="2024-07-04T20:22:07Z">
          <reporter-output>
          </reporter-output>
        </test-method> <!-- TS012_VerifyExhibitorDigitalEventsComponentTest -->
        <test-method status="PASS" signature="TS013_VerifyCatalogsSectionForExhibitorTest()[pri:0, instance:lasvegasmarket_PROD.ExhibitorDigitalShowroom@19dfb72a]" name="TS013_VerifyCatalogsSectionForExhibitorTest" duration-ms="38888" started-at="2024-07-04T20:22:07Z" finished-at="2024-07-04T20:22:46Z">
          <reporter-output>
          </reporter-output>
        </test-method> <!-- TS013_VerifyCatalogsSectionForExhibitorTest -->
        <test-method status="PASS" signature="TS014_VerifyExhibitorDigitalShowroomShowSpecialsTest()[pri:0, instance:lasvegasmarket_PROD.ExhibitorDigitalShowroom@19dfb72a]" name="TS014_VerifyExhibitorDigitalShowroomShowSpecialsTest" duration-ms="44094" started-at="2024-07-04T20:22:46Z" finished-at="2024-07-04T20:23:30Z">
          <reporter-output>
          </reporter-output>
        </test-method> <!-- TS014_VerifyExhibitorDigitalShowroomShowSpecialsTest -->
        <test-method status="PASS" signature="TS015_VerifyExhibitorDigitalShowroomHeroComponentContactExhibitorTest()[pri:0, instance:lasvegasmarket_PROD.ExhibitorDigitalShowroom@19dfb72a]" name="TS015_VerifyExhibitorDigitalShowroomHeroComponentContactExhibitorTest" duration-ms="21155" started-at="2024-07-04T20:23:30Z" finished-at="2024-07-04T20:23:52Z">
          <reporter-output>
          </reporter-output>
        </test-method> <!-- TS015_VerifyExhibitorDigitalShowroomHeroComponentContactExhibitorTest -->
        <test-method status="PASS" signature="tearDown()[pri:0, instance:lasvegasmarket_PROD.ExhibitorDigitalShowroom@19dfb72a]" name="tearDown" is-config="true" duration-ms="3213" started-at="2024-07-04T20:23:52Z" finished-at="2024-07-04T20:23:55Z">
          <reporter-output>
          </reporter-output>
        </test-method> <!-- tearDown -->
      </class> <!-- lasvegasmarket_PROD.ExhibitorDigitalShowroom -->
    </test> <!-- Test -->
  </suite> <!-- Suite -->
</testng-results>
