<?xml version="1.0" encoding="UTF-8"?>
<testng-results skipped="0" failed="0" total="2" passed="2">
  <reporter-output>
  </reporter-output>
  <suite name="ATLMrkt_RegressionTestSuite" duration-ms="131140" started-at="2022-07-28T07:10:49Z" finished-at="2022-07-28T07:13:00Z">
    <groups>
    </groups>
    <test name="RegressionTest" duration-ms="131140" started-at="2022-07-28T07:10:49Z" finished-at="2022-07-28T07:13:00Z">
      <class name="atlantamarket_PROD.GlobalSearch_LeftPaneFilters">
        <test-method status="PASS" signature="initialize()[pri:0, instance:atlantamarket_PROD.GlobalSearch_LeftPaneFilters@548e7350]" name="initialize" is-config="true" duration-ms="32873" started-at="2022-07-28T12:40:49Z" finished-at="2022-07-28T12:41:22Z">
          <reporter-output>
          </reporter-output>
        </test-method> <!-- initialize -->
        <test-method status="PASS" signature="TS001_VerifySelectionOfApparelVintageProdCatgFromLeftPaneFiltersTest()[pri:0, instance:atlantamarket_PROD.GlobalSearch_LeftPaneFilters@548e7350]" name="TS001_VerifySelectionOfApparelVintageProdCatgFromLeftPaneFiltersTest" duration-ms="33798" started-at="2022-07-28T12:41:22Z" finished-at="2022-07-28T12:41:56Z">
          <reporter-output>
          </reporter-output>
        </test-method> <!-- TS001_VerifySelectionOfApparelVintageProdCatgFromLeftPaneFiltersTest -->
        <test-method status="PASS" signature="TS002_VerifySelectionOfAntiqueVintageProdCatgFromLeftPaneFiltersTest()[pri:0, instance:atlantamarket_PROD.GlobalSearch_LeftPaneFilters@548e7350]" name="TS002_VerifySelectionOfAntiqueVintageProdCatgFromLeftPaneFiltersTest" duration-ms="64412" started-at="2022-07-28T12:41:56Z" finished-at="2022-07-28T12:43:00Z">
          <reporter-output>
          </reporter-output>
        </test-method> <!-- TS002_VerifySelectionOfAntiqueVintageProdCatgFromLeftPaneFiltersTest -->
      </class> <!-- atlantamarket_PROD.GlobalSearch_LeftPaneFilters -->
    </test> <!-- RegressionTest -->
  </suite> <!-- ATLMrkt_RegressionTestSuite -->
</testng-results>
