<?xml version="1.0" encoding="UTF-8"?>
<testng-results skipped="0" failed="0" total="1" passed="1">
  <reporter-output>
  </reporter-output>
  <suite name="LVM_RegressionTestSuite" duration-ms="52400" started-at="2022-12-13T13:04:57Z" finished-at="2022-12-13T13:05:49Z">
    <groups>
    </groups>
    <test name="RegressionTest" duration-ms="52400" started-at="2022-12-13T13:04:57Z" finished-at="2022-12-13T13:05:49Z">
      <class name="atlantamarket_PROD.GlobalSearch_SearchFor">
        <test-method status="PASS" signature="initialize()[pri:0, instance:atlantamarket_PROD.GlobalSearch_SearchFor@14bf9759]" name="initialize" is-config="true" duration-ms="20113" started-at="2022-12-13T18:34:57Z" finished-at="2022-12-13T18:35:17Z">
          <reporter-output>
          </reporter-output>
        </test-method> <!-- initialize -->
        <test-method status="PASS" signature="TS004_VerifyCatalogsOverviewInGlobalSearchTest()[pri:0, instance:atlantamarket_PROD.GlobalSearch_SearchFor@14bf9759]" name="TS004_VerifyCatalogsOverviewInGlobalSearchTest" duration-ms="32281" started-at="2022-12-13T18:35:17Z" finished-at="2022-12-13T18:35:49Z">
          <reporter-output>
          </reporter-output>
        </test-method> <!-- TS004_VerifyCatalogsOverviewInGlobalSearchTest -->
      </class> <!-- atlantamarket_PROD.GlobalSearch_SearchFor -->
    </test> <!-- RegressionTest -->
  </suite> <!-- LVM_RegressionTestSuite -->
</testng-results>
