<?xml version="1.0" encoding="UTF-8"?>
<testng-results skipped="0" failed="0" total="1" passed="1">
  <reporter-output>
  </reporter-output>
  <suite name="ATLMrkt_RegressionTestSuite" duration-ms="105768" started-at="2023-03-10T04:31:19Z" finished-at="2023-03-10T04:33:05Z">
    <groups>
    </groups>
    <test name="RegressionTest" duration-ms="105768" started-at="2023-03-10T04:31:19Z" finished-at="2023-03-10T04:33:05Z">
      <class name="atlantamarket_PROD.GlobalSearch_ExhibitorActions">
        <test-method status="PASS" signature="initialize()[pri:0, instance:atlantamarket_PROD.GlobalSearch_ExhibitorActions@e25b2fe]" name="initialize" is-config="true" duration-ms="70024" started-at="2023-03-10T10:01:19Z" finished-at="2023-03-10T10:02:29Z">
          <reporter-output>
          </reporter-output>
        </test-method> <!-- initialize -->
        <test-method status="PASS" signature="TS001_VerifyAddToFavoriteForExhibitorTest()[pri:0, instance:atlantamarket_PROD.GlobalSearch_ExhibitorActions@e25b2fe]" name="TS001_VerifyAddToFavoriteForExhibitorTest" duration-ms="35710" started-at="2023-03-10T10:02:29Z" finished-at="2023-03-10T10:03:05Z">
          <reporter-output>
          </reporter-output>
        </test-method> <!-- TS001_VerifyAddToFavoriteForExhibitorTest -->
      </class> <!-- atlantamarket_PROD.GlobalSearch_ExhibitorActions -->
    </test> <!-- RegressionTest -->
  </suite> <!-- ATLMrkt_RegressionTestSuite -->
</testng-results>
