<?xml version="1.0" encoding="UTF-8"?>
<testng-results skipped="0" failed="16" total="82" passed="66">
  <reporter-output>
  </reporter-output>
  <suite name="Suite" duration-ms="3798928" started-at="2024-07-04T12:12:31Z" finished-at="2024-07-04T13:15:50Z">
    <groups>
    </groups>
    <test name="Test" duration-ms="3798928" started-at="2024-07-04T12:12:31Z" finished-at="2024-07-04T13:15:50Z">
      <class name="lasvegasmarket_PROD.GlobalSearch_ExhibitorActions">
        <test-method status="PASS" signature="initialize()[pri:0, instance:lasvegasmarket_PROD.GlobalSearch_ExhibitorActions@79b4d0f]" name="initialize" is-config="true" duration-ms="37298" started-at="2024-07-04T17:57:19Z" finished-at="2024-07-04T17:57:56Z">
          <reporter-output>
          </reporter-output>
        </test-method> <!-- initialize -->
        <test-method status="PASS" signature="TS001_VerifyClickOnContactExhIconForExhibitorTest()[pri:0, instance:lasvegasmarket_PROD.GlobalSearch_ExhibitorActions@79b4d0f]" name="TS001_VerifyClickOnContactExhIconForExhibitorTest" duration-ms="9752" started-at="2024-07-04T17:57:56Z" finished-at="2024-07-04T17:58:06Z">
          <reporter-output>
          </reporter-output>
        </test-method> <!-- TS001_VerifyClickOnContactExhIconForExhibitorTest -->
        <test-method status="PASS" signature="TS002_VerifyClickOnLocationLinksForExhibitorTest()[pri:0, instance:lasvegasmarket_PROD.GlobalSearch_ExhibitorActions@79b4d0f]" name="TS002_VerifyClickOnLocationLinksForExhibitorTest" duration-ms="29535" started-at="2024-07-04T17:58:06Z" finished-at="2024-07-04T17:58:36Z">
          <reporter-output>
          </reporter-output>
        </test-method> <!-- TS002_VerifyClickOnLocationLinksForExhibitorTest -->
        <test-method status="PASS" signature="TS003_VerifyClickOnLinesShownLinkForExhibitorTest()[pri:0, instance:lasvegasmarket_PROD.GlobalSearch_ExhibitorActions@79b4d0f]" name="TS003_VerifyClickOnLinesShownLinkForExhibitorTest" duration-ms="39111" started-at="2024-07-04T17:58:36Z" finished-at="2024-07-04T17:59:15Z">
          <reporter-output>
          </reporter-output>
        </test-method> <!-- TS003_VerifyClickOnLinesShownLinkForExhibitorTest -->
        <test-method status="FAIL" signature="TS004_VerifyClickOnTotalProductsSeeAllLinkForExhibitorTest()[pri:0, instance:lasvegasmarket_PROD.GlobalSearch_ExhibitorActions@79b4d0f]" name="TS004_VerifyClickOnTotalProductsSeeAllLinkForExhibitorTest" duration-ms="55437" started-at="2024-07-04T17:59:15Z" finished-at="2024-07-04T18:00:10Z">
          <exception class="org.openqa.selenium.TimeoutException">
            <message>
              <![CDATA[Expected condition failed: waiting for visibility of element located by By.xpath: //div[@class='imc-gallery__item imc-exhibitorcard imc-line'][1]/div[2]/div[2]/div/div[2]/p[1] (tried for 30 second(s) with 500 milliseconds interval)]]>
            </message>
            <full-stacktrace>
              <![CDATA[org.openqa.selenium.TimeoutException: Expected condition failed: waiting for visibility of element located by By.xpath: //div[@class='imc-gallery__item imc-exhibitorcard imc-line'][1]/div[2]/div[2]/div/div[2]/p[1] (tried for 30 second(s) with 500 milliseconds interval)
	at org.openqa.selenium.support.ui.WebDriverWait.timeoutException(WebDriverWait.java:95)
	at org.openqa.selenium.support.ui.FluentWait.until(FluentWait.java:272)
	at pageObjects.AtlantaMarket.ATLExhLineProdActionsPage.getTotalProdCountOnSearchGrid(ATLExhLineProdActionsPage.java:247)
	at lasvegasmarket_PROD.GlobalSearch_ExhibitorActions.TS004_VerifyClickOnTotalProductsSeeAllLinkForExhibitorTest(GlobalSearch_ExhibitorActions.java:204)
	at sun.reflect.NativeMethodAccessorImpl.invoke0(Native Method)
	at sun.reflect.NativeMethodAccessorImpl.invoke(Unknown Source)
	at sun.reflect.DelegatingMethodAccessorImpl.invoke(Unknown Source)
	at java.lang.reflect.Method.invoke(Unknown Source)
	at org.testng.internal.MethodInvocationHelper.invokeMethod(MethodInvocationHelper.java:85)
	at org.testng.internal.Invoker.invokeMethod(Invoker.java:663)
	at org.testng.internal.Invoker.invokeTestMethod(Invoker.java:849)
	at org.testng.internal.Invoker.invokeTestMethods(Invoker.java:1157)
	at org.testng.internal.TestMethodWorker.invokeTestMethods(TestMethodWorker.java:124)
	at org.testng.internal.TestMethodWorker.run(TestMethodWorker.java:108)
	at org.testng.TestRunner.privateRun(TestRunner.java:771)
	at org.testng.TestRunner.run(TestRunner.java:621)
	at org.testng.SuiteRunner.runTest(SuiteRunner.java:357)
	at org.testng.SuiteRunner.runSequentially(SuiteRunner.java:352)
	at org.testng.SuiteRunner.privateRun(SuiteRunner.java:310)
	at org.testng.SuiteRunner.run(SuiteRunner.java:259)
	at org.testng.SuiteRunnerWorker.runSuite(SuiteRunnerWorker.java:52)
	at org.testng.SuiteRunnerWorker.run(SuiteRunnerWorker.java:86)
	at org.testng.TestNG.runSuitesSequentially(TestNG.java:1200)
	at org.testng.TestNG.runSuitesLocally(TestNG.java:1125)
	at org.testng.TestNG.run(TestNG.java:1033)
	at org.testng.remote.RemoteTestNG.run(RemoteTestNG.java:111)
	at org.testng.remote.RemoteTestNG.initAndRun(RemoteTestNG.java:204)
	at org.testng.remote.RemoteTestNG.main(RemoteTestNG.java:175)
Caused by: org.openqa.selenium.NoSuchElementException: no such element: Unable to locate element: {"method":"xpath","selector":"//div[@class='imc-gallery__item imc-exhibitorcard imc-line'][1]/div[2]/div[2]/div/div[2]/p[1]"}
  (Session info: chrome=126.0.6478.127)
For documentation on this error, please visit: https://www.seleniumhq.org/exceptions/no_such_element.html
Build info: version: '3.141.59', revision: 'e82be7d358', time: '2018-11-14T08:25:48'
System info: host: 'EON-SWAPNILI', ip: '172.22.90.18', os.name: 'Windows 10', os.arch: 'amd64', os.version: '10.0', java.version: '1.8.0_311'
Driver info: org.openqa.selenium.chrome.ChromeDriver
Capabilities {acceptInsecureCerts: false, browserName: chrome, browserVersion: 126.0.6478.127, chrome: {chromedriverVersion: 126.0.6478.126 (d36ace6122e..., userDataDir: C:\Users\swapnili\AppData\L...}, fedcm:accounts: true, goog:chromeOptions: {debuggerAddress: localhost:56374}, javascriptEnabled: true, networkConnectionEnabled: false, pageLoadStrategy: normal, platform: WINDOWS, platformName: WINDOWS, proxy: Proxy(), setWindowRect: true, strictFileInteractability: false, timeouts: {implicit: 0, pageLoad: 300000, script: 30000}, unhandledPromptBehavior: dismiss and notify, webauthn:extension:credBlob: true, webauthn:extension:largeBlob: true, webauthn:extension:minPinLength: true, webauthn:extension:prf: true, webauthn:virtualAuthenticators: true}
Session ID: ca3049a250b1031a38fdd14dbe2bc76f
*** Element info: {Using=xpath, value=//div[@class='imc-gallery__item imc-exhibitorcard imc-line'][1]/div[2]/div[2]/div/div[2]/p[1]}
	at sun.reflect.NativeConstructorAccessorImpl.newInstance0(Native Method)
	at sun.reflect.NativeConstructorAccessorImpl.newInstance(Unknown Source)
	at sun.reflect.DelegatingConstructorAccessorImpl.newInstance(Unknown Source)
	at java.lang.reflect.Constructor.newInstance(Unknown Source)
	at org.openqa.selenium.remote.http.W3CHttpResponseCodec.createException(W3CHttpResponseCodec.java:187)
	at org.openqa.selenium.remote.http.W3CHttpResponseCodec.decode(W3CHttpResponseCodec.java:122)
	at org.openqa.selenium.remote.http.W3CHttpResponseCodec.decode(W3CHttpResponseCodec.java:49)
	at org.openqa.selenium.remote.HttpCommandExecutor.execute(HttpCommandExecutor.java:158)
	at org.openqa.selenium.remote.service.DriverCommandExecutor.execute(DriverCommandExecutor.java:83)
	at org.openqa.selenium.remote.RemoteWebDriver.execute(RemoteWebDriver.java:552)
	at org.openqa.selenium.remote.RemoteWebDriver.findElement(RemoteWebDriver.java:323)
	at org.openqa.selenium.remote.RemoteWebDriver.findElementByXPath(RemoteWebDriver.java:428)
	at org.openqa.selenium.By$ByXPath.findElement(By.java:353)
	at org.openqa.selenium.remote.RemoteWebDriver.findElement(RemoteWebDriver.java:315)
	at org.openqa.selenium.support.ui.ExpectedConditions$7.apply(ExpectedConditions.java:205)
	at org.openqa.selenium.support.ui.ExpectedConditions$7.apply(ExpectedConditions.java:201)
	at org.openqa.selenium.support.ui.FluentWait.until(FluentWait.java:249)
	... 26 more
]]>
            </full-stacktrace>
          </exception> <!-- org.openqa.selenium.TimeoutException -->
          <reporter-output>
          </reporter-output>
        </test-method> <!-- TS004_VerifyClickOnTotalProductsSeeAllLinkForExhibitorTest -->
        <test-method status="FAIL" signature="TS005_VerifyClickOnMatchingProductsSeeAllLinkForExhibitorTest()[pri:0, instance:lasvegasmarket_PROD.GlobalSearch_ExhibitorActions@79b4d0f]" name="TS005_VerifyClickOnMatchingProductsSeeAllLinkForExhibitorTest" duration-ms="33767" started-at="2024-07-04T18:00:11Z" finished-at="2024-07-04T18:00:44Z">
          <exception class="java.lang.AssertionError">
            <message>
              <![CDATA[expected [true] but found [false]]]>
            </message>
            <full-stacktrace>
              <![CDATA[java.lang.AssertionError: expected [true] but found [false]
	at org.testng.Assert.fail(Assert.java:94)
	at org.testng.Assert.failNotEquals(Assert.java:496)
	at org.testng.Assert.assertTrue(Assert.java:42)
	at org.testng.Assert.assertTrue(Assert.java:52)
	at lasvegasmarket_PROD.GlobalSearch_ExhibitorActions.TS005_VerifyClickOnMatchingProductsSeeAllLinkForExhibitorTest(GlobalSearch_ExhibitorActions.java:263)
	at sun.reflect.NativeMethodAccessorImpl.invoke0(Native Method)
	at sun.reflect.NativeMethodAccessorImpl.invoke(Unknown Source)
	at sun.reflect.DelegatingMethodAccessorImpl.invoke(Unknown Source)
	at java.lang.reflect.Method.invoke(Unknown Source)
	at org.testng.internal.MethodInvocationHelper.invokeMethod(MethodInvocationHelper.java:85)
	at org.testng.internal.Invoker.invokeMethod(Invoker.java:663)
	at org.testng.internal.Invoker.invokeTestMethod(Invoker.java:849)
	at org.testng.internal.Invoker.invokeTestMethods(Invoker.java:1157)
	at org.testng.internal.TestMethodWorker.invokeTestMethods(TestMethodWorker.java:124)
	at org.testng.internal.TestMethodWorker.run(TestMethodWorker.java:108)
	at org.testng.TestRunner.privateRun(TestRunner.java:771)
	at org.testng.TestRunner.run(TestRunner.java:621)
	at org.testng.SuiteRunner.runTest(SuiteRunner.java:357)
	at org.testng.SuiteRunner.runSequentially(SuiteRunner.java:352)
	at org.testng.SuiteRunner.privateRun(SuiteRunner.java:310)
	at org.testng.SuiteRunner.run(SuiteRunner.java:259)
	at org.testng.SuiteRunnerWorker.runSuite(SuiteRunnerWorker.java:52)
	at org.testng.SuiteRunnerWorker.run(SuiteRunnerWorker.java:86)
	at org.testng.TestNG.runSuitesSequentially(TestNG.java:1200)
	at org.testng.TestNG.runSuitesLocally(TestNG.java:1125)
	at org.testng.TestNG.run(TestNG.java:1033)
	at org.testng.remote.RemoteTestNG.run(RemoteTestNG.java:111)
	at org.testng.remote.RemoteTestNG.initAndRun(RemoteTestNG.java:204)
	at org.testng.remote.RemoteTestNG.main(RemoteTestNG.java:175)
]]>
            </full-stacktrace>
          </exception> <!-- java.lang.AssertionError -->
          <reporter-output>
          </reporter-output>
        </test-method> <!-- TS005_VerifyClickOnMatchingProductsSeeAllLinkForExhibitorTest -->
        <test-method status="PASS" signature="TS006_VerifySelectionOfExhibitorFromSearchResultsTest()[pri:0, instance:lasvegasmarket_PROD.GlobalSearch_ExhibitorActions@79b4d0f]" name="TS006_VerifySelectionOfExhibitorFromSearchResultsTest" duration-ms="65348" started-at="2024-07-04T18:00:44Z" finished-at="2024-07-04T18:01:50Z">
          <reporter-output>
          </reporter-output>
        </test-method> <!-- TS006_VerifySelectionOfExhibitorFromSearchResultsTest -->
        <test-method status="PASS" signature="tearDown()[pri:0, instance:lasvegasmarket_PROD.GlobalSearch_ExhibitorActions@79b4d0f]" name="tearDown" is-config="true" duration-ms="1063" started-at="2024-07-04T18:01:50Z" finished-at="2024-07-04T18:01:51Z">
          <reporter-output>
          </reporter-output>
        </test-method> <!-- tearDown -->
      </class> <!-- lasvegasmarket_PROD.GlobalSearch_ExhibitorActions -->
      <class name="lasvegasmarket_PROD.LineDigitalShowroom">
        <test-method status="PASS" signature="initialize()[pri:0, instance:lasvegasmarket_PROD.LineDigitalShowroom@3b81a1bc]" name="initialize" is-config="true" duration-ms="63453" started-at="2024-07-04T18:40:02Z" finished-at="2024-07-04T18:41:05Z">
          <reporter-output>
          </reporter-output>
        </test-method> <!-- initialize -->
        <test-method status="PASS" signature="TS001_VerifyLineDigitalShowroomHeroComponentShownByExhibitorNamaeTest()[pri:0, instance:lasvegasmarket_PROD.LineDigitalShowroom@3b81a1bc]" name="TS001_VerifyLineDigitalShowroomHeroComponentShownByExhibitorNamaeTest" duration-ms="11763" started-at="2024-07-04T18:41:05Z" finished-at="2024-07-04T18:41:17Z">
          <reporter-output>
          </reporter-output>
        </test-method> <!-- TS001_VerifyLineDigitalShowroomHeroComponentShownByExhibitorNamaeTest -->
        <test-method status="PASS" signature="TS002_VerifyLineDigitalShowroomHeroComponentLocationLinksTest()[pri:0, instance:lasvegasmarket_PROD.LineDigitalShowroom@3b81a1bc]" name="TS002_VerifyLineDigitalShowroomHeroComponentLocationLinksTest" duration-ms="16186" started-at="2024-07-04T18:41:17Z" finished-at="2024-07-04T18:41:33Z">
          <reporter-output>
          </reporter-output>
        </test-method> <!-- TS002_VerifyLineDigitalShowroomHeroComponentLocationLinksTest -->
        <test-method status="PASS" signature="TS007_VerifyLineDigitalShowroomHeroComponentProductsComponentCountTest()[pri:0, instance:lasvegasmarket_PROD.LineDigitalShowroom@3b81a1bc]" name="TS007_VerifyLineDigitalShowroomHeroComponentProductsComponentCountTest" duration-ms="23055" started-at="2024-07-04T18:41:33Z" finished-at="2024-07-04T18:41:56Z">
          <reporter-output>
          </reporter-output>
        </test-method> <!-- TS007_VerifyLineDigitalShowroomHeroComponentProductsComponentCountTest -->
        <test-method status="PASS" signature="TS008_VerifyLineDigitalShowroomProductscomponentTest()[pri:0, instance:lasvegasmarket_PROD.LineDigitalShowroom@3b81a1bc]" name="TS008_VerifyLineDigitalShowroomProductscomponentTest" duration-ms="25037" started-at="2024-07-04T18:41:56Z" finished-at="2024-07-04T18:42:21Z">
          <reporter-output>
          </reporter-output>
        </test-method> <!-- TS008_VerifyLineDigitalShowroomProductscomponentTest -->
        <test-method status="PASS" signature="TS010_VerifyLineDigitalShowroomProductscomponentSeeAllProductsTest()[pri:0, instance:lasvegasmarket_PROD.LineDigitalShowroom@3b81a1bc]" name="TS010_VerifyLineDigitalShowroomProductscomponentSeeAllProductsTest" duration-ms="17460" started-at="2024-07-04T18:42:21Z" finished-at="2024-07-04T18:42:39Z">
          <reporter-output>
          </reporter-output>
        </test-method> <!-- TS010_VerifyLineDigitalShowroomProductscomponentSeeAllProductsTest -->
        <test-method status="PASS" signature="TS011_VerifyLineDigitalShowroomProductscomponentSelectProductTest()[pri:0, instance:lasvegasmarket_PROD.LineDigitalShowroom@3b81a1bc]" name="TS011_VerifyLineDigitalShowroomProductscomponentSelectProductTest" duration-ms="46054" started-at="2024-07-04T18:42:39Z" finished-at="2024-07-04T18:43:25Z">
          <reporter-output>
          </reporter-output>
        </test-method> <!-- TS011_VerifyLineDigitalShowroomProductscomponentSelectProductTest -->
        <test-method status="PASS" signature="tearDown()[pri:0, instance:lasvegasmarket_PROD.LineDigitalShowroom@3b81a1bc]" name="tearDown" is-config="true" duration-ms="876" started-at="2024-07-04T18:43:25Z" finished-at="2024-07-04T18:43:26Z">
          <reporter-output>
          </reporter-output>
        </test-method> <!-- tearDown -->
      </class> <!-- lasvegasmarket_PROD.LineDigitalShowroom -->
      <class name="lasvegasmarket_PROD.GlobalSearch_MatchingResults">
        <test-method status="PASS" signature="initialize()[pri:0, instance:lasvegasmarket_PROD.GlobalSearch_MatchingResults@38082d64]" name="initialize" is-config="true" duration-ms="65505" started-at="2024-07-04T18:12:07Z" finished-at="2024-07-04T18:13:13Z">
          <reporter-output>
          </reporter-output>
        </test-method> <!-- initialize -->
        <test-method status="PASS" signature="TS001_VerifyGlobalSearchContainsAndStartsWithTest()[pri:0, instance:lasvegasmarket_PROD.GlobalSearch_MatchingResults@38082d64]" name="TS001_VerifyGlobalSearchContainsAndStartsWithTest" duration-ms="8434" started-at="2024-07-04T18:13:13Z" finished-at="2024-07-04T18:13:21Z">
          <reporter-output>
          </reporter-output>
        </test-method> <!-- TS001_VerifyGlobalSearchContainsAndStartsWithTest -->
        <test-method status="FAIL" signature="TS002_VerifyGlobalSearchMatchingResultsSortWithinTest()[pri:0, instance:lasvegasmarket_PROD.GlobalSearch_MatchingResults@38082d64]" name="TS002_VerifyGlobalSearchMatchingResultsSortWithinTest" duration-ms="80090" started-at="2024-07-04T18:13:21Z" finished-at="2024-07-04T18:14:41Z">
          <exception class="org.openqa.selenium.TimeoutException">
            <message>
              <![CDATA[Expected condition failed: waiting for visibility of element located by By.xpath: //div[@class='imc-exhibitorcard-title-row '] (tried for 40 second(s) with 500 milliseconds interval)]]>
            </message>
            <full-stacktrace>
              <![CDATA[org.openqa.selenium.TimeoutException: Expected condition failed: waiting for visibility of element located by By.xpath: //div[@class='imc-exhibitorcard-title-row '] (tried for 40 second(s) with 500 milliseconds interval)
	at org.openqa.selenium.support.ui.WebDriverWait.timeoutException(WebDriverWait.java:95)
	at org.openqa.selenium.support.ui.FluentWait.until(FluentWait.java:272)
	at pageObjects.LasVegasMarket.LVMGlobalSearchPage.getlvmListOfAllExh(LVMGlobalSearchPage.java:380)
	at lasvegasmarket_PROD.GlobalSearch_MatchingResults.TS002_VerifyGlobalSearchMatchingResultsSortWithinTest(GlobalSearch_MatchingResults.java:110)
	at sun.reflect.NativeMethodAccessorImpl.invoke0(Native Method)
	at sun.reflect.NativeMethodAccessorImpl.invoke(Unknown Source)
	at sun.reflect.DelegatingMethodAccessorImpl.invoke(Unknown Source)
	at java.lang.reflect.Method.invoke(Unknown Source)
	at org.testng.internal.MethodInvocationHelper.invokeMethod(MethodInvocationHelper.java:85)
	at org.testng.internal.Invoker.invokeMethod(Invoker.java:663)
	at org.testng.internal.Invoker.invokeTestMethod(Invoker.java:849)
	at org.testng.internal.Invoker.invokeTestMethods(Invoker.java:1157)
	at org.testng.internal.TestMethodWorker.invokeTestMethods(TestMethodWorker.java:124)
	at org.testng.internal.TestMethodWorker.run(TestMethodWorker.java:108)
	at org.testng.TestRunner.privateRun(TestRunner.java:771)
	at org.testng.TestRunner.run(TestRunner.java:621)
	at org.testng.SuiteRunner.runTest(SuiteRunner.java:357)
	at org.testng.SuiteRunner.runSequentially(SuiteRunner.java:352)
	at org.testng.SuiteRunner.privateRun(SuiteRunner.java:310)
	at org.testng.SuiteRunner.run(SuiteRunner.java:259)
	at org.testng.SuiteRunnerWorker.runSuite(SuiteRunnerWorker.java:52)
	at org.testng.SuiteRunnerWorker.run(SuiteRunnerWorker.java:86)
	at org.testng.TestNG.runSuitesSequentially(TestNG.java:1200)
	at org.testng.TestNG.runSuitesLocally(TestNG.java:1125)
	at org.testng.TestNG.run(TestNG.java:1033)
	at org.testng.remote.RemoteTestNG.run(RemoteTestNG.java:111)
	at org.testng.remote.RemoteTestNG.initAndRun(RemoteTestNG.java:204)
	at org.testng.remote.RemoteTestNG.main(RemoteTestNG.java:175)
Caused by: org.openqa.selenium.NoSuchElementException: no such element: Unable to locate element: {"method":"xpath","selector":"//div[@class='imc-exhibitorcard-title-row ']"}
  (Session info: chrome=126.0.6478.127)
For documentation on this error, please visit: https://www.seleniumhq.org/exceptions/no_such_element.html
Build info: version: '3.141.59', revision: 'e82be7d358', time: '2018-11-14T08:25:48'
System info: host: 'EON-SWAPNILI', ip: '172.22.90.18', os.name: 'Windows 10', os.arch: 'amd64', os.version: '10.0', java.version: '1.8.0_311'
Driver info: org.openqa.selenium.chrome.ChromeDriver
Capabilities {acceptInsecureCerts: false, browserName: chrome, browserVersion: 126.0.6478.127, chrome: {chromedriverVersion: 126.0.6478.126 (d36ace6122e..., userDataDir: C:\Users\swapnili\AppData\L...}, fedcm:accounts: true, goog:chromeOptions: {debuggerAddress: localhost:57703}, javascriptEnabled: true, networkConnectionEnabled: false, pageLoadStrategy: normal, platform: WINDOWS, platformName: WINDOWS, proxy: Proxy(), setWindowRect: true, strictFileInteractability: false, timeouts: {implicit: 0, pageLoad: 300000, script: 30000}, unhandledPromptBehavior: dismiss and notify, webauthn:extension:credBlob: true, webauthn:extension:largeBlob: true, webauthn:extension:minPinLength: true, webauthn:extension:prf: true, webauthn:virtualAuthenticators: true}
Session ID: d255ecc4a8ea89d60e33c774564b1158
*** Element info: {Using=xpath, value=//div[@class='imc-exhibitorcard-title-row ']}
	at sun.reflect.NativeConstructorAccessorImpl.newInstance0(Native Method)
	at sun.reflect.NativeConstructorAccessorImpl.newInstance(Unknown Source)
	at sun.reflect.DelegatingConstructorAccessorImpl.newInstance(Unknown Source)
	at java.lang.reflect.Constructor.newInstance(Unknown Source)
	at org.openqa.selenium.remote.http.W3CHttpResponseCodec.createException(W3CHttpResponseCodec.java:187)
	at org.openqa.selenium.remote.http.W3CHttpResponseCodec.decode(W3CHttpResponseCodec.java:122)
	at org.openqa.selenium.remote.http.W3CHttpResponseCodec.decode(W3CHttpResponseCodec.java:49)
	at org.openqa.selenium.remote.HttpCommandExecutor.execute(HttpCommandExecutor.java:158)
	at org.openqa.selenium.remote.service.DriverCommandExecutor.execute(DriverCommandExecutor.java:83)
	at org.openqa.selenium.remote.RemoteWebDriver.execute(RemoteWebDriver.java:552)
	at org.openqa.selenium.remote.RemoteWebDriver.findElement(RemoteWebDriver.java:323)
	at org.openqa.selenium.remote.RemoteWebDriver.findElementByXPath(RemoteWebDriver.java:428)
	at org.openqa.selenium.By$ByXPath.findElement(By.java:353)
	at org.openqa.selenium.remote.RemoteWebDriver.findElement(RemoteWebDriver.java:315)
	at org.openqa.selenium.support.ui.ExpectedConditions$7.apply(ExpectedConditions.java:205)
	at org.openqa.selenium.support.ui.ExpectedConditions$7.apply(ExpectedConditions.java:201)
	at org.openqa.selenium.support.ui.FluentWait.until(FluentWait.java:249)
	... 26 more
]]>
            </full-stacktrace>
          </exception> <!-- org.openqa.selenium.TimeoutException -->
          <reporter-output>
          </reporter-output>
        </test-method> <!-- TS002_VerifyGlobalSearchMatchingResultsSortWithinTest -->
        <test-method status="FAIL" signature="TS003_VerifyGlobalSearchMatchingResultsSortSortByTest()[pri:0, instance:lasvegasmarket_PROD.GlobalSearch_MatchingResults@38082d64]" name="TS003_VerifyGlobalSearchMatchingResultsSortSortByTest" duration-ms="110999" started-at="2024-07-04T18:14:41Z" finished-at="2024-07-04T18:16:32Z">
          <exception class="org.openqa.selenium.TimeoutException">
            <message>
              <![CDATA[Expected condition failed: waiting for visibility of element located by By.xpath: //div[@class='imc-exhibitorcard--prod-item-container imc-exhibitorcard--prod-item-container--divider']/p[1] (tried for 40 second(s) with 500 milliseconds interval)]]>
            </message>
            <full-stacktrace>
              <![CDATA[org.openqa.selenium.TimeoutException: Expected condition failed: waiting for visibility of element located by By.xpath: //div[@class='imc-exhibitorcard--prod-item-container imc-exhibitorcard--prod-item-container--divider']/p[1] (tried for 40 second(s) with 500 milliseconds interval)
	at org.openqa.selenium.support.ui.WebDriverWait.timeoutException(WebDriverWait.java:95)
	at org.openqa.selenium.support.ui.FluentWait.until(FluentWait.java:272)
	at pageObjects.LasVegasMarket.LVMGlobalSearchPage.getlvmMachingProductCount(LVMGlobalSearchPage.java:335)
	at lasvegasmarket_PROD.GlobalSearch_MatchingResults.TS003_VerifyGlobalSearchMatchingResultsSortSortByTest(GlobalSearch_MatchingResults.java:240)
	at sun.reflect.NativeMethodAccessorImpl.invoke0(Native Method)
	at sun.reflect.NativeMethodAccessorImpl.invoke(Unknown Source)
	at sun.reflect.DelegatingMethodAccessorImpl.invoke(Unknown Source)
	at java.lang.reflect.Method.invoke(Unknown Source)
	at org.testng.internal.MethodInvocationHelper.invokeMethod(MethodInvocationHelper.java:85)
	at org.testng.internal.Invoker.invokeMethod(Invoker.java:663)
	at org.testng.internal.Invoker.invokeTestMethod(Invoker.java:849)
	at org.testng.internal.Invoker.invokeTestMethods(Invoker.java:1157)
	at org.testng.internal.TestMethodWorker.invokeTestMethods(TestMethodWorker.java:124)
	at org.testng.internal.TestMethodWorker.run(TestMethodWorker.java:108)
	at org.testng.TestRunner.privateRun(TestRunner.java:771)
	at org.testng.TestRunner.run(TestRunner.java:621)
	at org.testng.SuiteRunner.runTest(SuiteRunner.java:357)
	at org.testng.SuiteRunner.runSequentially(SuiteRunner.java:352)
	at org.testng.SuiteRunner.privateRun(SuiteRunner.java:310)
	at org.testng.SuiteRunner.run(SuiteRunner.java:259)
	at org.testng.SuiteRunnerWorker.runSuite(SuiteRunnerWorker.java:52)
	at org.testng.SuiteRunnerWorker.run(SuiteRunnerWorker.java:86)
	at org.testng.TestNG.runSuitesSequentially(TestNG.java:1200)
	at org.testng.TestNG.runSuitesLocally(TestNG.java:1125)
	at org.testng.TestNG.run(TestNG.java:1033)
	at org.testng.remote.RemoteTestNG.run(RemoteTestNG.java:111)
	at org.testng.remote.RemoteTestNG.initAndRun(RemoteTestNG.java:204)
	at org.testng.remote.RemoteTestNG.main(RemoteTestNG.java:175)
Caused by: org.openqa.selenium.NoSuchElementException: no such element: Unable to locate element: {"method":"xpath","selector":"//div[@class='imc-exhibitorcard--prod-item-container imc-exhibitorcard--prod-item-container--divider']/p[1]"}
  (Session info: chrome=126.0.6478.127)
For documentation on this error, please visit: https://www.seleniumhq.org/exceptions/no_such_element.html
Build info: version: '3.141.59', revision: 'e82be7d358', time: '2018-11-14T08:25:48'
System info: host: 'EON-SWAPNILI', ip: '172.22.90.18', os.name: 'Windows 10', os.arch: 'amd64', os.version: '10.0', java.version: '1.8.0_311'
Driver info: org.openqa.selenium.chrome.ChromeDriver
Capabilities {acceptInsecureCerts: false, browserName: chrome, browserVersion: 126.0.6478.127, chrome: {chromedriverVersion: 126.0.6478.126 (d36ace6122e..., userDataDir: C:\Users\swapnili\AppData\L...}, fedcm:accounts: true, goog:chromeOptions: {debuggerAddress: localhost:57703}, javascriptEnabled: true, networkConnectionEnabled: false, pageLoadStrategy: normal, platform: WINDOWS, platformName: WINDOWS, proxy: Proxy(), setWindowRect: true, strictFileInteractability: false, timeouts: {implicit: 0, pageLoad: 300000, script: 30000}, unhandledPromptBehavior: dismiss and notify, webauthn:extension:credBlob: true, webauthn:extension:largeBlob: true, webauthn:extension:minPinLength: true, webauthn:extension:prf: true, webauthn:virtualAuthenticators: true}
Session ID: d255ecc4a8ea89d60e33c774564b1158
*** Element info: {Using=xpath, value=//div[@class='imc-exhibitorcard--prod-item-container imc-exhibitorcard--prod-item-container--divider']/p[1]}
	at sun.reflect.NativeConstructorAccessorImpl.newInstance0(Native Method)
	at sun.reflect.NativeConstructorAccessorImpl.newInstance(Unknown Source)
	at sun.reflect.DelegatingConstructorAccessorImpl.newInstance(Unknown Source)
	at java.lang.reflect.Constructor.newInstance(Unknown Source)
	at org.openqa.selenium.remote.http.W3CHttpResponseCodec.createException(W3CHttpResponseCodec.java:187)
	at org.openqa.selenium.remote.http.W3CHttpResponseCodec.decode(W3CHttpResponseCodec.java:122)
	at org.openqa.selenium.remote.http.W3CHttpResponseCodec.decode(W3CHttpResponseCodec.java:49)
	at org.openqa.selenium.remote.HttpCommandExecutor.execute(HttpCommandExecutor.java:158)
	at org.openqa.selenium.remote.service.DriverCommandExecutor.execute(DriverCommandExecutor.java:83)
	at org.openqa.selenium.remote.RemoteWebDriver.execute(RemoteWebDriver.java:552)
	at org.openqa.selenium.remote.RemoteWebDriver.findElement(RemoteWebDriver.java:323)
	at org.openqa.selenium.remote.RemoteWebDriver.findElementByXPath(RemoteWebDriver.java:428)
	at org.openqa.selenium.By$ByXPath.findElement(By.java:353)
	at org.openqa.selenium.remote.RemoteWebDriver.findElement(RemoteWebDriver.java:315)
	at org.openqa.selenium.support.ui.ExpectedConditions$7.apply(ExpectedConditions.java:205)
	at org.openqa.selenium.support.ui.ExpectedConditions$7.apply(ExpectedConditions.java:201)
	at org.openqa.selenium.support.ui.FluentWait.until(FluentWait.java:249)
	... 26 more
]]>
            </full-stacktrace>
          </exception> <!-- org.openqa.selenium.TimeoutException -->
          <reporter-output>
          </reporter-output>
        </test-method> <!-- TS003_VerifyGlobalSearchMatchingResultsSortSortByTest -->
        <test-method status="PASS" signature="TS004_VerifyGlobalSearchMatchingResultsSortFilterByNameTest()[pri:0, instance:lasvegasmarket_PROD.GlobalSearch_MatchingResults@38082d64]" name="TS004_VerifyGlobalSearchMatchingResultsSortFilterByNameTest" duration-ms="16547" started-at="2024-07-04T18:16:33Z" finished-at="2024-07-04T18:16:49Z">
          <reporter-output>
          </reporter-output>
        </test-method> <!-- TS004_VerifyGlobalSearchMatchingResultsSortFilterByNameTest -->
        <test-method status="PASS" signature="quit()[pri:0, instance:lasvegasmarket_PROD.GlobalSearch_MatchingResults@38082d64]" name="quit" is-config="true" duration-ms="1903" started-at="2024-07-04T18:16:49Z" finished-at="2024-07-04T18:16:51Z">
          <reporter-output>
          </reporter-output>
        </test-method> <!-- quit -->
      </class> <!-- lasvegasmarket_PROD.GlobalSearch_MatchingResults -->
      <class name="lasvegasmarket_PROD.GlobalSearch_LeftPaneFilters">
        <test-method status="PASS" signature="initialize()[pri:0, instance:lasvegasmarket_PROD.GlobalSearch_LeftPaneFilters@73f792cf]" name="initialize" is-config="true" duration-ms="67369" started-at="2024-07-04T18:01:51Z" finished-at="2024-07-04T18:02:58Z">
          <reporter-output>
          </reporter-output>
        </test-method> <!-- initialize -->
        <test-method status="PASS" signature="TS001_VerifySelectionOfApparelVintageProdCatgFromLeftPaneFiltersTest()[pri:0, instance:lasvegasmarket_PROD.GlobalSearch_LeftPaneFilters@73f792cf]" name="TS001_VerifySelectionOfApparelVintageProdCatgFromLeftPaneFiltersTest" duration-ms="23740" started-at="2024-07-04T18:02:58Z" finished-at="2024-07-04T18:03:22Z">
          <reporter-output>
          </reporter-output>
        </test-method> <!-- TS001_VerifySelectionOfApparelVintageProdCatgFromLeftPaneFiltersTest -->
        <test-method status="PASS" signature="TS002_VerifySelectionOfAntiqueVintageProdCatgFromLeftPaneFiltersTest()[pri:0, instance:lasvegasmarket_PROD.GlobalSearch_LeftPaneFilters@73f792cf]" name="TS002_VerifySelectionOfAntiqueVintageProdCatgFromLeftPaneFiltersTest" duration-ms="43727" started-at="2024-07-04T18:03:22Z" finished-at="2024-07-04T18:04:06Z">
          <reporter-output>
          </reporter-output>
        </test-method> <!-- TS002_VerifySelectionOfAntiqueVintageProdCatgFromLeftPaneFiltersTest -->
        <test-method status="PASS" signature="TS003_VerifyCombinationWithinProdCatgFromLeftPaneFiltersTest()[pri:0, instance:lasvegasmarket_PROD.GlobalSearch_LeftPaneFilters@73f792cf]" name="TS003_VerifyCombinationWithinProdCatgFromLeftPaneFiltersTest" duration-ms="32644" started-at="2024-07-04T18:04:06Z" finished-at="2024-07-04T18:04:38Z">
          <reporter-output>
          </reporter-output>
        </test-method> <!-- TS003_VerifyCombinationWithinProdCatgFromLeftPaneFiltersTest -->
        <test-method status="PASS" signature="TS004_VerifyCombinationOfProdCatgWithStylesFromLeftPaneFiltersTest()[pri:0, instance:lasvegasmarket_PROD.GlobalSearch_LeftPaneFilters@73f792cf]" name="TS004_VerifyCombinationOfProdCatgWithStylesFromLeftPaneFiltersTest" duration-ms="42908" started-at="2024-07-04T18:04:38Z" finished-at="2024-07-04T18:05:21Z">
          <reporter-output>
          </reporter-output>
        </test-method> <!-- TS004_VerifyCombinationOfProdCatgWithStylesFromLeftPaneFiltersTest -->
        <test-method status="PASS" signature="TS005_VerifySelectionOfAccentFurnitureProdCatgFromLeftPaneFiltersTest()[pri:0, instance:lasvegasmarket_PROD.GlobalSearch_LeftPaneFilters@73f792cf]" name="TS005_VerifySelectionOfAccentFurnitureProdCatgFromLeftPaneFiltersTest" duration-ms="20132" started-at="2024-07-04T18:05:21Z" finished-at="2024-07-04T18:05:41Z">
          <reporter-output>
          </reporter-output>
        </test-method> <!-- TS005_VerifySelectionOfAccentFurnitureProdCatgFromLeftPaneFiltersTest -->
        <test-method status="PASS" signature="TS006_VerifySelectionOfHolidayProdCatgFromLeftPaneFiltersTest()[pri:0, instance:lasvegasmarket_PROD.GlobalSearch_LeftPaneFilters@73f792cf]" name="TS006_VerifySelectionOfHolidayProdCatgFromLeftPaneFiltersTest" duration-ms="32705" started-at="2024-07-04T18:05:41Z" finished-at="2024-07-04T18:06:14Z">
          <reporter-output>
          </reporter-output>
        </test-method> <!-- TS006_VerifySelectionOfHolidayProdCatgFromLeftPaneFiltersTest -->
        <test-method status="PASS" signature="TS007_VerifySelectionOfDecorativeAccessProdCatgFromLeftPaneFiltersTest()[pri:0, instance:lasvegasmarket_PROD.GlobalSearch_LeftPaneFilters@73f792cf]" name="TS007_VerifySelectionOfDecorativeAccessProdCatgFromLeftPaneFiltersTest" duration-ms="19102" started-at="2024-07-04T18:06:14Z" finished-at="2024-07-04T18:06:33Z">
          <reporter-output>
          </reporter-output>
        </test-method> <!-- TS007_VerifySelectionOfDecorativeAccessProdCatgFromLeftPaneFiltersTest -->
        <test-method status="FAIL" signature="TS008_VerifySelectionOfGeneralGiftProdCatgFromLeftPaneFiltersTest()[pri:0, instance:lasvegasmarket_PROD.GlobalSearch_LeftPaneFilters@73f792cf]" name="TS008_VerifySelectionOfGeneralGiftProdCatgFromLeftPaneFiltersTest" duration-ms="12412" started-at="2024-07-04T18:06:33Z" finished-at="2024-07-04T18:06:46Z">
          <exception class="java.lang.AssertionError">
            <message>
              <![CDATA[expected [true] but found [false]]]>
            </message>
            <full-stacktrace>
              <![CDATA[java.lang.AssertionError: expected [true] but found [false]
	at org.testng.Assert.fail(Assert.java:94)
	at org.testng.Assert.failNotEquals(Assert.java:496)
	at org.testng.Assert.assertTrue(Assert.java:42)
	at org.testng.Assert.assertTrue(Assert.java:52)
	at lasvegasmarket_PROD.GlobalSearch_LeftPaneFilters.TS008_VerifySelectionOfGeneralGiftProdCatgFromLeftPaneFiltersTest(GlobalSearch_LeftPaneFilters.java:600)
	at sun.reflect.NativeMethodAccessorImpl.invoke0(Native Method)
	at sun.reflect.NativeMethodAccessorImpl.invoke(Unknown Source)
	at sun.reflect.DelegatingMethodAccessorImpl.invoke(Unknown Source)
	at java.lang.reflect.Method.invoke(Unknown Source)
	at org.testng.internal.MethodInvocationHelper.invokeMethod(MethodInvocationHelper.java:85)
	at org.testng.internal.Invoker.invokeMethod(Invoker.java:663)
	at org.testng.internal.Invoker.invokeTestMethod(Invoker.java:849)
	at org.testng.internal.Invoker.invokeTestMethods(Invoker.java:1157)
	at org.testng.internal.TestMethodWorker.invokeTestMethods(TestMethodWorker.java:124)
	at org.testng.internal.TestMethodWorker.run(TestMethodWorker.java:108)
	at org.testng.TestRunner.privateRun(TestRunner.java:771)
	at org.testng.TestRunner.run(TestRunner.java:621)
	at org.testng.SuiteRunner.runTest(SuiteRunner.java:357)
	at org.testng.SuiteRunner.runSequentially(SuiteRunner.java:352)
	at org.testng.SuiteRunner.privateRun(SuiteRunner.java:310)
	at org.testng.SuiteRunner.run(SuiteRunner.java:259)
	at org.testng.SuiteRunnerWorker.runSuite(SuiteRunnerWorker.java:52)
	at org.testng.SuiteRunnerWorker.run(SuiteRunnerWorker.java:86)
	at org.testng.TestNG.runSuitesSequentially(TestNG.java:1200)
	at org.testng.TestNG.runSuitesLocally(TestNG.java:1125)
	at org.testng.TestNG.run(TestNG.java:1033)
	at org.testng.remote.RemoteTestNG.run(RemoteTestNG.java:111)
	at org.testng.remote.RemoteTestNG.initAndRun(RemoteTestNG.java:204)
	at org.testng.remote.RemoteTestNG.main(RemoteTestNG.java:175)
]]>
            </full-stacktrace>
          </exception> <!-- java.lang.AssertionError -->
          <reporter-output>
          </reporter-output>
        </test-method> <!-- TS008_VerifySelectionOfGeneralGiftProdCatgFromLeftPaneFiltersTest -->
        <test-method status="PASS" signature="TS009_VerifySelectionOfFashionAccProdCatgFromLeftPaneFiltersTest()[pri:0, instance:lasvegasmarket_PROD.GlobalSearch_LeftPaneFilters@73f792cf]" name="TS009_VerifySelectionOfFashionAccProdCatgFromLeftPaneFiltersTest" duration-ms="32183" started-at="2024-07-04T18:06:46Z" finished-at="2024-07-04T18:07:18Z">
          <reporter-output>
          </reporter-output>
        </test-method> <!-- TS009_VerifySelectionOfFashionAccProdCatgFromLeftPaneFiltersTest -->
        <test-method status="PASS" signature="TS010_VerifySelectionOfFloralBotanicalsProdCatgFromLeftPaneFiltersTest()[pri:0, instance:lasvegasmarket_PROD.GlobalSearch_LeftPaneFilters@73f792cf]" name="TS010_VerifySelectionOfFloralBotanicalsProdCatgFromLeftPaneFiltersTest" duration-ms="46050" started-at="2024-07-04T18:07:18Z" finished-at="2024-07-04T18:08:04Z">
          <reporter-output>
          </reporter-output>
        </test-method> <!-- TS010_VerifySelectionOfFloralBotanicalsProdCatgFromLeftPaneFiltersTest -->
        <test-method status="PASS" signature="TS011_VerifySelectionOfHomeTextilesProdCatgFromLeftPaneFiltersTest()[pri:0, instance:lasvegasmarket_PROD.GlobalSearch_LeftPaneFilters@73f792cf]" name="TS011_VerifySelectionOfHomeTextilesProdCatgFromLeftPaneFiltersTest" duration-ms="42513" started-at="2024-07-04T18:08:04Z" finished-at="2024-07-04T18:08:47Z">
          <reporter-output>
          </reporter-output>
        </test-method> <!-- TS011_VerifySelectionOfHomeTextilesProdCatgFromLeftPaneFiltersTest -->
        <test-method status="PASS" signature="tearDown()[pri:0, instance:lasvegasmarket_PROD.GlobalSearch_LeftPaneFilters@73f792cf]" name="tearDown" is-config="true" duration-ms="1093" started-at="2024-07-04T18:08:47Z" finished-at="2024-07-04T18:08:48Z">
          <reporter-output>
          </reporter-output>
        </test-method> <!-- tearDown -->
      </class> <!-- lasvegasmarket_PROD.GlobalSearch_LeftPaneFilters -->
      <class name="lasvegasmarket_PROD.EvenntsAndWebinar">
        <test-method status="PASS" signature="initialize()[pri:0, instance:lasvegasmarket_PROD.EvenntsAndWebinar@26ba2a48]" name="initialize" is-config="true" duration-ms="29852" started-at="2024-07-04T18:19:57Z" finished-at="2024-07-04T18:20:27Z">
          <reporter-output>
          </reporter-output>
        </test-method> <!-- initialize -->
        <test-method status="PASS" signature="TS001_VerifyEventsAndWebinarsOverviewTest()[pri:0, instance:lasvegasmarket_PROD.EvenntsAndWebinar@26ba2a48]" name="TS001_VerifyEventsAndWebinarsOverviewTest" duration-ms="8385" started-at="2024-07-04T18:20:27Z" finished-at="2024-07-04T18:20:36Z">
          <reporter-output>
          </reporter-output>
        </test-method> <!-- TS001_VerifyEventsAndWebinarsOverviewTest -->
        <test-method status="PASS" signature="TS002_VerifyIMCEventsSearchbarTest()[pri:0, instance:lasvegasmarket_PROD.EvenntsAndWebinar@26ba2a48]" name="TS002_VerifyIMCEventsSearchbarTest" duration-ms="13447" started-at="2024-07-04T18:20:36Z" finished-at="2024-07-04T18:20:49Z">
          <reporter-output>
          </reporter-output>
        </test-method> <!-- TS002_VerifyIMCEventsSearchbarTest -->
        <test-method status="PASS" signature="TS003_VerifyIMCEventsCalendarViewTest()[pri:0, instance:lasvegasmarket_PROD.EvenntsAndWebinar@26ba2a48]" name="TS003_VerifyIMCEventsCalendarViewTest" duration-ms="62858" started-at="2024-07-04T18:20:49Z" finished-at="2024-07-04T18:21:52Z">
          <reporter-output>
          </reporter-output>
        </test-method> <!-- TS003_VerifyIMCEventsCalendarViewTest -->
        <test-method status="FAIL" signature="TS004_VerifyIMCEventsEventsListTest()[pri:0, instance:lasvegasmarket_PROD.EvenntsAndWebinar@26ba2a48]" name="TS004_VerifyIMCEventsEventsListTest" duration-ms="65732" started-at="2024-07-04T18:21:52Z" finished-at="2024-07-04T18:22:58Z">
          <exception class="org.openqa.selenium.ElementClickInterceptedException">
            <message>
              <![CDATA[element click intercepted: Element <p class="event-card--title">...</p> is not clickable at point (895, 10). Other element would receive the click: <div class="imc-header__utilities  imc-breakpoint-display--hide-mobile">...</div>
  (Session info: chrome=126.0.6478.127)
Build info: version: '3.141.59', revision: 'e82be7d358', time: '2018-11-14T08:25:48'
System info: host: 'EON-SWAPNILI', ip: '172.22.90.18', os.name: 'Windows 10', os.arch: 'amd64', os.version: '10.0', java.version: '1.8.0_311'
Driver info: org.openqa.selenium.chrome.ChromeDriver
Capabilities {acceptInsecureCerts: false, browserName: chrome, browserVersion: 126.0.6478.127, chrome: {chromedriverVersion: 126.0.6478.126 (d36ace6122e..., userDataDir: C:\Users\swapnili\AppData\L...}, fedcm:accounts: true, goog:chromeOptions: {debuggerAddress: localhost:58506}, javascriptEnabled: true, networkConnectionEnabled: false, pageLoadStrategy: normal, platform: WINDOWS, platformName: WINDOWS, proxy: Proxy(), setWindowRect: true, strictFileInteractability: false, timeouts: {implicit: 0, pageLoad: 300000, script: 30000}, unhandledPromptBehavior: dismiss and notify, webauthn:extension:credBlob: true, webauthn:extension:largeBlob: true, webauthn:extension:minPinLength: true, webauthn:extension:prf: true, webauthn:virtualAuthenticators: true}
Session ID: 62cb4a5d663d5b7fffd7850dfe034897]]>
            </message>
            <full-stacktrace>
              <![CDATA[org.openqa.selenium.ElementClickInterceptedException: element click intercepted: Element <p class="event-card--title">...</p> is not clickable at point (895, 10). Other element would receive the click: <div class="imc-header__utilities  imc-breakpoint-display--hide-mobile">...</div>
  (Session info: chrome=126.0.6478.127)
Build info: version: '3.141.59', revision: 'e82be7d358', time: '2018-11-14T08:25:48'
System info: host: 'EON-SWAPNILI', ip: '172.22.90.18', os.name: 'Windows 10', os.arch: 'amd64', os.version: '10.0', java.version: '1.8.0_311'
Driver info: org.openqa.selenium.chrome.ChromeDriver
Capabilities {acceptInsecureCerts: false, browserName: chrome, browserVersion: 126.0.6478.127, chrome: {chromedriverVersion: 126.0.6478.126 (d36ace6122e..., userDataDir: C:\Users\swapnili\AppData\L...}, fedcm:accounts: true, goog:chromeOptions: {debuggerAddress: localhost:58506}, javascriptEnabled: true, networkConnectionEnabled: false, pageLoadStrategy: normal, platform: WINDOWS, platformName: WINDOWS, proxy: Proxy(), setWindowRect: true, strictFileInteractability: false, timeouts: {implicit: 0, pageLoad: 300000, script: 30000}, unhandledPromptBehavior: dismiss and notify, webauthn:extension:credBlob: true, webauthn:extension:largeBlob: true, webauthn:extension:minPinLength: true, webauthn:extension:prf: true, webauthn:virtualAuthenticators: true}
Session ID: 62cb4a5d663d5b7fffd7850dfe034897
	at sun.reflect.NativeConstructorAccessorImpl.newInstance0(Native Method)
	at sun.reflect.NativeConstructorAccessorImpl.newInstance(Unknown Source)
	at sun.reflect.DelegatingConstructorAccessorImpl.newInstance(Unknown Source)
	at java.lang.reflect.Constructor.newInstance(Unknown Source)
	at org.openqa.selenium.remote.http.W3CHttpResponseCodec.createException(W3CHttpResponseCodec.java:187)
	at org.openqa.selenium.remote.http.W3CHttpResponseCodec.decode(W3CHttpResponseCodec.java:122)
	at org.openqa.selenium.remote.http.W3CHttpResponseCodec.decode(W3CHttpResponseCodec.java:49)
	at org.openqa.selenium.remote.HttpCommandExecutor.execute(HttpCommandExecutor.java:158)
	at org.openqa.selenium.remote.service.DriverCommandExecutor.execute(DriverCommandExecutor.java:83)
	at org.openqa.selenium.remote.RemoteWebDriver.execute(RemoteWebDriver.java:552)
	at org.openqa.selenium.remote.RemoteWebElement.execute(RemoteWebElement.java:285)
	at org.openqa.selenium.remote.RemoteWebElement.click(RemoteWebElement.java:84)
	at lasvegasmarket_PROD.EvenntsAndWebinar.TS004_VerifyIMCEventsEventsListTest(EvenntsAndWebinar.java:477)
	at sun.reflect.NativeMethodAccessorImpl.invoke0(Native Method)
	at sun.reflect.NativeMethodAccessorImpl.invoke(Unknown Source)
	at sun.reflect.DelegatingMethodAccessorImpl.invoke(Unknown Source)
	at java.lang.reflect.Method.invoke(Unknown Source)
	at org.testng.internal.MethodInvocationHelper.invokeMethod(MethodInvocationHelper.java:85)
	at org.testng.internal.Invoker.invokeMethod(Invoker.java:663)
	at org.testng.internal.Invoker.invokeTestMethod(Invoker.java:849)
	at org.testng.internal.Invoker.invokeTestMethods(Invoker.java:1157)
	at org.testng.internal.TestMethodWorker.invokeTestMethods(TestMethodWorker.java:124)
	at org.testng.internal.TestMethodWorker.run(TestMethodWorker.java:108)
	at org.testng.TestRunner.privateRun(TestRunner.java:771)
	at org.testng.TestRunner.run(TestRunner.java:621)
	at org.testng.SuiteRunner.runTest(SuiteRunner.java:357)
	at org.testng.SuiteRunner.runSequentially(SuiteRunner.java:352)
	at org.testng.SuiteRunner.privateRun(SuiteRunner.java:310)
	at org.testng.SuiteRunner.run(SuiteRunner.java:259)
	at org.testng.SuiteRunnerWorker.runSuite(SuiteRunnerWorker.java:52)
	at org.testng.SuiteRunnerWorker.run(SuiteRunnerWorker.java:86)
	at org.testng.TestNG.runSuitesSequentially(TestNG.java:1200)
	at org.testng.TestNG.runSuitesLocally(TestNG.java:1125)
	at org.testng.TestNG.run(TestNG.java:1033)
	at org.testng.remote.RemoteTestNG.run(RemoteTestNG.java:111)
	at org.testng.remote.RemoteTestNG.initAndRun(RemoteTestNG.java:204)
	at org.testng.remote.RemoteTestNG.main(RemoteTestNG.java:175)
]]>
            </full-stacktrace>
          </exception> <!-- org.openqa.selenium.ElementClickInterceptedException -->
          <reporter-output>
          </reporter-output>
        </test-method> <!-- TS004_VerifyIMCEventsEventsListTest -->
        <test-method status="PASS" signature="TS005_VerifyIMCEventsEventDetailstTest()[pri:0, instance:lasvegasmarket_PROD.EvenntsAndWebinar@26ba2a48]" name="TS005_VerifyIMCEventsEventDetailstTest" duration-ms="37013" started-at="2024-07-04T18:22:58Z" finished-at="2024-07-04T18:23:35Z">
          <reporter-output>
          </reporter-output>
        </test-method> <!-- TS005_VerifyIMCEventsEventDetailstTest -->
        <test-method status="PASS" signature="TS006_VerifyExhibitorEventsSearchbarTest()[pri:0, instance:lasvegasmarket_PROD.EvenntsAndWebinar@26ba2a48]" name="TS006_VerifyExhibitorEventsSearchbarTest" duration-ms="17005" started-at="2024-07-04T18:23:35Z" finished-at="2024-07-04T18:23:52Z">
          <reporter-output>
          </reporter-output>
        </test-method> <!-- TS006_VerifyExhibitorEventsSearchbarTest -->
        <test-method status="FAIL" signature="TS007_VerifyExhibitorEventsCalendarViewTest()[pri:0, instance:lasvegasmarket_PROD.EvenntsAndWebinar@26ba2a48]" name="TS007_VerifyExhibitorEventsCalendarViewTest" duration-ms="4181" started-at="2024-07-04T18:23:52Z" finished-at="2024-07-04T18:23:56Z">
          <exception class="org.openqa.selenium.ElementClickInterceptedException">
            <message>
              <![CDATA[element click intercepted: Element <a href="/" class="imc-navigation__tier1Link" aria-expanded="false" aria-controls="navigation-tier2-" data-xpath="navigation.tier1Link" target="_self">...</a> is not clickable at point (621, 87). Other element would receive the click: <div class="imc-header__utilities  imc-breakpoint-display--hide-mobile">...</div>
  (Session info: chrome=126.0.6478.127)
Build info: version: '3.141.59', revision: 'e82be7d358', time: '2018-11-14T08:25:48'
System info: host: 'EON-SWAPNILI', ip: '172.22.90.18', os.name: 'Windows 10', os.arch: 'amd64', os.version: '10.0', java.version: '1.8.0_311'
Driver info: org.openqa.selenium.chrome.ChromeDriver
Capabilities {acceptInsecureCerts: false, browserName: chrome, browserVersion: 126.0.6478.127, chrome: {chromedriverVersion: 126.0.6478.126 (d36ace6122e..., userDataDir: C:\Users\swapnili\AppData\L...}, fedcm:accounts: true, goog:chromeOptions: {debuggerAddress: localhost:58506}, javascriptEnabled: true, networkConnectionEnabled: false, pageLoadStrategy: normal, platform: WINDOWS, platformName: WINDOWS, proxy: Proxy(), setWindowRect: true, strictFileInteractability: false, timeouts: {implicit: 0, pageLoad: 300000, script: 30000}, unhandledPromptBehavior: dismiss and notify, webauthn:extension:credBlob: true, webauthn:extension:largeBlob: true, webauthn:extension:minPinLength: true, webauthn:extension:prf: true, webauthn:virtualAuthenticators: true}
Session ID: 62cb4a5d663d5b7fffd7850dfe034897]]>
            </message>
            <full-stacktrace>
              <![CDATA[org.openqa.selenium.ElementClickInterceptedException: element click intercepted: Element <a href="/" class="imc-navigation__tier1Link" aria-expanded="false" aria-controls="navigation-tier2-" data-xpath="navigation.tier1Link" target="_self">...</a> is not clickable at point (621, 87). Other element would receive the click: <div class="imc-header__utilities  imc-breakpoint-display--hide-mobile">...</div>
  (Session info: chrome=126.0.6478.127)
Build info: version: '3.141.59', revision: 'e82be7d358', time: '2018-11-14T08:25:48'
System info: host: 'EON-SWAPNILI', ip: '172.22.90.18', os.name: 'Windows 10', os.arch: 'amd64', os.version: '10.0', java.version: '1.8.0_311'
Driver info: org.openqa.selenium.chrome.ChromeDriver
Capabilities {acceptInsecureCerts: false, browserName: chrome, browserVersion: 126.0.6478.127, chrome: {chromedriverVersion: 126.0.6478.126 (d36ace6122e..., userDataDir: C:\Users\swapnili\AppData\L...}, fedcm:accounts: true, goog:chromeOptions: {debuggerAddress: localhost:58506}, javascriptEnabled: true, networkConnectionEnabled: false, pageLoadStrategy: normal, platform: WINDOWS, platformName: WINDOWS, proxy: Proxy(), setWindowRect: true, strictFileInteractability: false, timeouts: {implicit: 0, pageLoad: 300000, script: 30000}, unhandledPromptBehavior: dismiss and notify, webauthn:extension:credBlob: true, webauthn:extension:largeBlob: true, webauthn:extension:minPinLength: true, webauthn:extension:prf: true, webauthn:virtualAuthenticators: true}
Session ID: 62cb4a5d663d5b7fffd7850dfe034897
	at sun.reflect.NativeConstructorAccessorImpl.newInstance0(Native Method)
	at sun.reflect.NativeConstructorAccessorImpl.newInstance(Unknown Source)
	at sun.reflect.DelegatingConstructorAccessorImpl.newInstance(Unknown Source)
	at java.lang.reflect.Constructor.newInstance(Unknown Source)
	at org.openqa.selenium.remote.http.W3CHttpResponseCodec.createException(W3CHttpResponseCodec.java:187)
	at org.openqa.selenium.remote.http.W3CHttpResponseCodec.decode(W3CHttpResponseCodec.java:122)
	at org.openqa.selenium.remote.http.W3CHttpResponseCodec.decode(W3CHttpResponseCodec.java:49)
	at org.openqa.selenium.remote.HttpCommandExecutor.execute(HttpCommandExecutor.java:158)
	at org.openqa.selenium.remote.service.DriverCommandExecutor.execute(DriverCommandExecutor.java:83)
	at org.openqa.selenium.remote.RemoteWebDriver.execute(RemoteWebDriver.java:552)
	at org.openqa.selenium.remote.RemoteWebElement.execute(RemoteWebElement.java:285)
	at org.openqa.selenium.remote.RemoteWebElement.click(RemoteWebElement.java:84)
	at resources.Utility.clickOnEventLinkOfChannelLVM(Utility.java:636)
	at lasvegasmarket_PROD.EvenntsAndWebinar.TS007_VerifyExhibitorEventsCalendarViewTest(EvenntsAndWebinar.java:765)
	at sun.reflect.NativeMethodAccessorImpl.invoke0(Native Method)
	at sun.reflect.NativeMethodAccessorImpl.invoke(Unknown Source)
	at sun.reflect.DelegatingMethodAccessorImpl.invoke(Unknown Source)
	at java.lang.reflect.Method.invoke(Unknown Source)
	at org.testng.internal.MethodInvocationHelper.invokeMethod(MethodInvocationHelper.java:85)
	at org.testng.internal.Invoker.invokeMethod(Invoker.java:663)
	at org.testng.internal.Invoker.invokeTestMethod(Invoker.java:849)
	at org.testng.internal.Invoker.invokeTestMethods(Invoker.java:1157)
	at org.testng.internal.TestMethodWorker.invokeTestMethods(TestMethodWorker.java:124)
	at org.testng.internal.TestMethodWorker.run(TestMethodWorker.java:108)
	at org.testng.TestRunner.privateRun(TestRunner.java:771)
	at org.testng.TestRunner.run(TestRunner.java:621)
	at org.testng.SuiteRunner.runTest(SuiteRunner.java:357)
	at org.testng.SuiteRunner.runSequentially(SuiteRunner.java:352)
	at org.testng.SuiteRunner.privateRun(SuiteRunner.java:310)
	at org.testng.SuiteRunner.run(SuiteRunner.java:259)
	at org.testng.SuiteRunnerWorker.runSuite(SuiteRunnerWorker.java:52)
	at org.testng.SuiteRunnerWorker.run(SuiteRunnerWorker.java:86)
	at org.testng.TestNG.runSuitesSequentially(TestNG.java:1200)
	at org.testng.TestNG.runSuitesLocally(TestNG.java:1125)
	at org.testng.TestNG.run(TestNG.java:1033)
	at org.testng.remote.RemoteTestNG.run(RemoteTestNG.java:111)
	at org.testng.remote.RemoteTestNG.initAndRun(RemoteTestNG.java:204)
	at org.testng.remote.RemoteTestNG.main(RemoteTestNG.java:175)
]]>
            </full-stacktrace>
          </exception> <!-- org.openqa.selenium.ElementClickInterceptedException -->
          <reporter-output>
          </reporter-output>
        </test-method> <!-- TS007_VerifyExhibitorEventsCalendarViewTest -->
        <test-method status="FAIL" signature="TS008_VerifyExhibitorEventsListTest()[pri:0, instance:lasvegasmarket_PROD.EvenntsAndWebinar@26ba2a48]" name="TS008_VerifyExhibitorEventsListTest" duration-ms="99455" started-at="2024-07-04T18:23:57Z" finished-at="2024-07-04T18:25:36Z">
          <exception class="org.openqa.selenium.ElementClickInterceptedException">
            <message>
              <![CDATA[element click intercepted: Element <p class="event-card--title">...</p> is not clickable at point (868, 20). Other element would receive the click: <div class="imc-header__utilities  imc-breakpoint-display--hide-mobile">...</div>
  (Session info: chrome=126.0.6478.127)
Build info: version: '3.141.59', revision: 'e82be7d358', time: '2018-11-14T08:25:48'
System info: host: 'EON-SWAPNILI', ip: '172.22.90.18', os.name: 'Windows 10', os.arch: 'amd64', os.version: '10.0', java.version: '1.8.0_311'
Driver info: org.openqa.selenium.chrome.ChromeDriver
Capabilities {acceptInsecureCerts: false, browserName: chrome, browserVersion: 126.0.6478.127, chrome: {chromedriverVersion: 126.0.6478.126 (d36ace6122e..., userDataDir: C:\Users\swapnili\AppData\L...}, fedcm:accounts: true, goog:chromeOptions: {debuggerAddress: localhost:58506}, javascriptEnabled: true, networkConnectionEnabled: false, pageLoadStrategy: normal, platform: WINDOWS, platformName: WINDOWS, proxy: Proxy(), setWindowRect: true, strictFileInteractability: false, timeouts: {implicit: 0, pageLoad: 300000, script: 30000}, unhandledPromptBehavior: dismiss and notify, webauthn:extension:credBlob: true, webauthn:extension:largeBlob: true, webauthn:extension:minPinLength: true, webauthn:extension:prf: true, webauthn:virtualAuthenticators: true}
Session ID: 62cb4a5d663d5b7fffd7850dfe034897]]>
            </message>
            <full-stacktrace>
              <![CDATA[org.openqa.selenium.ElementClickInterceptedException: element click intercepted: Element <p class="event-card--title">...</p> is not clickable at point (868, 20). Other element would receive the click: <div class="imc-header__utilities  imc-breakpoint-display--hide-mobile">...</div>
  (Session info: chrome=126.0.6478.127)
Build info: version: '3.141.59', revision: 'e82be7d358', time: '2018-11-14T08:25:48'
System info: host: 'EON-SWAPNILI', ip: '172.22.90.18', os.name: 'Windows 10', os.arch: 'amd64', os.version: '10.0', java.version: '1.8.0_311'
Driver info: org.openqa.selenium.chrome.ChromeDriver
Capabilities {acceptInsecureCerts: false, browserName: chrome, browserVersion: 126.0.6478.127, chrome: {chromedriverVersion: 126.0.6478.126 (d36ace6122e..., userDataDir: C:\Users\swapnili\AppData\L...}, fedcm:accounts: true, goog:chromeOptions: {debuggerAddress: localhost:58506}, javascriptEnabled: true, networkConnectionEnabled: false, pageLoadStrategy: normal, platform: WINDOWS, platformName: WINDOWS, proxy: Proxy(), setWindowRect: true, strictFileInteractability: false, timeouts: {implicit: 0, pageLoad: 300000, script: 30000}, unhandledPromptBehavior: dismiss and notify, webauthn:extension:credBlob: true, webauthn:extension:largeBlob: true, webauthn:extension:minPinLength: true, webauthn:extension:prf: true, webauthn:virtualAuthenticators: true}
Session ID: 62cb4a5d663d5b7fffd7850dfe034897
	at sun.reflect.NativeConstructorAccessorImpl.newInstance0(Native Method)
	at sun.reflect.NativeConstructorAccessorImpl.newInstance(Unknown Source)
	at sun.reflect.DelegatingConstructorAccessorImpl.newInstance(Unknown Source)
	at java.lang.reflect.Constructor.newInstance(Unknown Source)
	at org.openqa.selenium.remote.http.W3CHttpResponseCodec.createException(W3CHttpResponseCodec.java:187)
	at org.openqa.selenium.remote.http.W3CHttpResponseCodec.decode(W3CHttpResponseCodec.java:122)
	at org.openqa.selenium.remote.http.W3CHttpResponseCodec.decode(W3CHttpResponseCodec.java:49)
	at org.openqa.selenium.remote.HttpCommandExecutor.execute(HttpCommandExecutor.java:158)
	at org.openqa.selenium.remote.service.DriverCommandExecutor.execute(DriverCommandExecutor.java:83)
	at org.openqa.selenium.remote.RemoteWebDriver.execute(RemoteWebDriver.java:552)
	at org.openqa.selenium.remote.RemoteWebElement.execute(RemoteWebElement.java:285)
	at org.openqa.selenium.remote.RemoteWebElement.click(RemoteWebElement.java:84)
	at lasvegasmarket_PROD.EvenntsAndWebinar.TS008_VerifyExhibitorEventsListTest(EvenntsAndWebinar.java:987)
	at sun.reflect.NativeMethodAccessorImpl.invoke0(Native Method)
	at sun.reflect.NativeMethodAccessorImpl.invoke(Unknown Source)
	at sun.reflect.DelegatingMethodAccessorImpl.invoke(Unknown Source)
	at java.lang.reflect.Method.invoke(Unknown Source)
	at org.testng.internal.MethodInvocationHelper.invokeMethod(MethodInvocationHelper.java:85)
	at org.testng.internal.Invoker.invokeMethod(Invoker.java:663)
	at org.testng.internal.Invoker.invokeTestMethod(Invoker.java:849)
	at org.testng.internal.Invoker.invokeTestMethods(Invoker.java:1157)
	at org.testng.internal.TestMethodWorker.invokeTestMethods(TestMethodWorker.java:124)
	at org.testng.internal.TestMethodWorker.run(TestMethodWorker.java:108)
	at org.testng.TestRunner.privateRun(TestRunner.java:771)
	at org.testng.TestRunner.run(TestRunner.java:621)
	at org.testng.SuiteRunner.runTest(SuiteRunner.java:357)
	at org.testng.SuiteRunner.runSequentially(SuiteRunner.java:352)
	at org.testng.SuiteRunner.privateRun(SuiteRunner.java:310)
	at org.testng.SuiteRunner.run(SuiteRunner.java:259)
	at org.testng.SuiteRunnerWorker.runSuite(SuiteRunnerWorker.java:52)
	at org.testng.SuiteRunnerWorker.run(SuiteRunnerWorker.java:86)
	at org.testng.TestNG.runSuitesSequentially(TestNG.java:1200)
	at org.testng.TestNG.runSuitesLocally(TestNG.java:1125)
	at org.testng.TestNG.run(TestNG.java:1033)
	at org.testng.remote.RemoteTestNG.run(RemoteTestNG.java:111)
	at org.testng.remote.RemoteTestNG.initAndRun(RemoteTestNG.java:204)
	at org.testng.remote.RemoteTestNG.main(RemoteTestNG.java:175)
]]>
            </full-stacktrace>
          </exception> <!-- org.openqa.selenium.ElementClickInterceptedException -->
          <reporter-output>
          </reporter-output>
        </test-method> <!-- TS008_VerifyExhibitorEventsListTest -->
        <test-method status="PASS" signature="TS009_VerifyExhibitorEventsDetailstTest()[pri:0, instance:lasvegasmarket_PROD.EvenntsAndWebinar@26ba2a48]" name="TS009_VerifyExhibitorEventsDetailstTest" duration-ms="18150" started-at="2024-07-04T18:25:36Z" finished-at="2024-07-04T18:25:54Z">
          <reporter-output>
          </reporter-output>
        </test-method> <!-- TS009_VerifyExhibitorEventsDetailstTest -->
        <test-method status="PASS" signature="tearDown()[pri:0, instance:lasvegasmarket_PROD.EvenntsAndWebinar@26ba2a48]" name="tearDown" is-config="true" duration-ms="1145" started-at="2024-07-04T18:25:54Z" finished-at="2024-07-04T18:25:56Z">
          <reporter-output>
          </reporter-output>
        </test-method> <!-- tearDown -->
      </class> <!-- lasvegasmarket_PROD.EvenntsAndWebinar -->
      <class name="lasvegasmarket_PROD.GlobalSearch_SuggestionList">
        <test-method status="PASS" signature="initialize()[pri:0, instance:lasvegasmarket_PROD.GlobalSearch_SuggestionList@42d3bd8b]" name="initialize" is-config="true" duration-ms="20801" started-at="2024-07-04T18:18:45Z" finished-at="2024-07-04T18:19:06Z">
          <reporter-output>
          </reporter-output>
        </test-method> <!-- initialize -->
        <test-method status="PASS" signature="TS001_VerifySelectionOfExhibitorFromAutoSuggestionListTest()[pri:0, instance:lasvegasmarket_PROD.GlobalSearch_SuggestionList@42d3bd8b]" name="TS001_VerifySelectionOfExhibitorFromAutoSuggestionListTest" duration-ms="17735" started-at="2024-07-04T18:19:06Z" finished-at="2024-07-04T18:19:24Z">
          <reporter-output>
          </reporter-output>
        </test-method> <!-- TS001_VerifySelectionOfExhibitorFromAutoSuggestionListTest -->
        <test-method status="PASS" signature="TS002_VerifySelectionOfLineFromAutoSuggestionListTest()[pri:0, instance:lasvegasmarket_PROD.GlobalSearch_SuggestionList@42d3bd8b]" name="TS002_VerifySelectionOfLineFromAutoSuggestionListTest" duration-ms="15975" started-at="2024-07-04T18:19:24Z" finished-at="2024-07-04T18:19:40Z">
          <reporter-output>
          </reporter-output>
        </test-method> <!-- TS002_VerifySelectionOfLineFromAutoSuggestionListTest -->
        <test-method status="PASS" signature="TS003_VerifySelectionOfProductFromAutoSuggestionListTest()[pri:0, instance:lasvegasmarket_PROD.GlobalSearch_SuggestionList@42d3bd8b]" name="TS003_VerifySelectionOfProductFromAutoSuggestionListTest" duration-ms="16822" started-at="2024-07-04T18:19:40Z" finished-at="2024-07-04T18:19:56Z">
          <reporter-output>
          </reporter-output>
        </test-method> <!-- TS003_VerifySelectionOfProductFromAutoSuggestionListTest -->
        <test-method status="PASS" signature="tearDown()[pri:0, instance:lasvegasmarket_PROD.GlobalSearch_SuggestionList@42d3bd8b]" name="tearDown" is-config="true" duration-ms="1025" started-at="2024-07-04T18:19:56Z" finished-at="2024-07-04T18:19:57Z">
          <reporter-output>
          </reporter-output>
        </test-method> <!-- tearDown -->
      </class> <!-- lasvegasmarket_PROD.GlobalSearch_SuggestionList -->
      <class name="lasvegasmarket_PROD.ShowSpecials">
        <test-method status="PASS" signature="initialize()[pri:0, instance:lasvegasmarket_PROD.ShowSpecials@64616ca2]" name="initialize" is-config="true" duration-ms="67385" started-at="2024-07-04T18:43:26Z" finished-at="2024-07-04T18:44:33Z">
          <reporter-output>
          </reporter-output>
        </test-method> <!-- initialize -->
        <test-method status="PASS" signature="TS001_VerifyViewBrandDetailsLinkForShowSpecialsTest()[pri:0, instance:lasvegasmarket_PROD.ShowSpecials@64616ca2]" name="TS001_VerifyViewBrandDetailsLinkForShowSpecialsTest" duration-ms="12809" started-at="2024-07-04T18:44:33Z" finished-at="2024-07-04T18:44:46Z">
          <reporter-output>
          </reporter-output>
        </test-method> <!-- TS001_VerifyViewBrandDetailsLinkForShowSpecialsTest -->
        <test-method status="FAIL" signature="TS002_VerifyShowroomLinkForShowSpecialsTest()[pri:0, instance:lasvegasmarket_PROD.ShowSpecials@64616ca2]" name="TS002_VerifyShowroomLinkForShowSpecialsTest" duration-ms="62273" started-at="2024-07-04T18:44:46Z" finished-at="2024-07-04T18:45:48Z">
          <exception class="org.openqa.selenium.TimeoutException">
            <message>
              <![CDATA[Expected condition failed: waiting for element to be clickable: By.xpath: //a[contains(text(),'Show Specials')] (tried for 40 second(s) with 500 milliseconds interval)]]>
            </message>
            <full-stacktrace>
              <![CDATA[org.openqa.selenium.TimeoutException: Expected condition failed: waiting for element to be clickable: By.xpath: //a[contains(text(),'Show Specials')] (tried for 40 second(s) with 500 milliseconds interval)
	at org.openqa.selenium.support.ui.WebDriverWait.timeoutException(WebDriverWait.java:95)
	at org.openqa.selenium.support.ui.FluentWait.until(FluentWait.java:272)
	at pageObjects.LasVegasMarket.LVMGlobalSearchPage.getlvmShowSpecialsLink(LVMGlobalSearchPage.java:242)
	at lasvegasmarket_PROD.ShowSpecials.TS002_VerifyShowroomLinkForShowSpecialsTest(ShowSpecials.java:133)
	at sun.reflect.NativeMethodAccessorImpl.invoke0(Native Method)
	at sun.reflect.NativeMethodAccessorImpl.invoke(Unknown Source)
	at sun.reflect.DelegatingMethodAccessorImpl.invoke(Unknown Source)
	at java.lang.reflect.Method.invoke(Unknown Source)
	at org.testng.internal.MethodInvocationHelper.invokeMethod(MethodInvocationHelper.java:85)
	at org.testng.internal.Invoker.invokeMethod(Invoker.java:663)
	at org.testng.internal.Invoker.invokeTestMethod(Invoker.java:849)
	at org.testng.internal.Invoker.invokeTestMethods(Invoker.java:1157)
	at org.testng.internal.TestMethodWorker.invokeTestMethods(TestMethodWorker.java:124)
	at org.testng.internal.TestMethodWorker.run(TestMethodWorker.java:108)
	at org.testng.TestRunner.privateRun(TestRunner.java:771)
	at org.testng.TestRunner.run(TestRunner.java:621)
	at org.testng.SuiteRunner.runTest(SuiteRunner.java:357)
	at org.testng.SuiteRunner.runSequentially(SuiteRunner.java:352)
	at org.testng.SuiteRunner.privateRun(SuiteRunner.java:310)
	at org.testng.SuiteRunner.run(SuiteRunner.java:259)
	at org.testng.SuiteRunnerWorker.runSuite(SuiteRunnerWorker.java:52)
	at org.testng.SuiteRunnerWorker.run(SuiteRunnerWorker.java:86)
	at org.testng.TestNG.runSuitesSequentially(TestNG.java:1200)
	at org.testng.TestNG.runSuitesLocally(TestNG.java:1125)
	at org.testng.TestNG.run(TestNG.java:1033)
	at org.testng.remote.RemoteTestNG.run(RemoteTestNG.java:111)
	at org.testng.remote.RemoteTestNG.initAndRun(RemoteTestNG.java:204)
	at org.testng.remote.RemoteTestNG.main(RemoteTestNG.java:175)
Caused by: org.openqa.selenium.NoSuchElementException: no such element: Unable to locate element: {"method":"xpath","selector":"//a[contains(text(),'Show Specials')]"}
  (Session info: chrome=126.0.6478.127)
For documentation on this error, please visit: https://www.seleniumhq.org/exceptions/no_such_element.html
Build info: version: '3.141.59', revision: 'e82be7d358', time: '2018-11-14T08:25:48'
System info: host: 'EON-SWAPNILI', ip: '172.22.90.18', os.name: 'Windows 10', os.arch: 'amd64', os.version: '10.0', java.version: '1.8.0_311'
Driver info: org.openqa.selenium.chrome.ChromeDriver
Capabilities {acceptInsecureCerts: false, browserName: chrome, browserVersion: 126.0.6478.127, chrome: {chromedriverVersion: 126.0.6478.126 (d36ace6122e..., userDataDir: C:\Users\swapnili\AppData\L...}, fedcm:accounts: true, goog:chromeOptions: {debuggerAddress: localhost:60416}, javascriptEnabled: true, networkConnectionEnabled: false, pageLoadStrategy: normal, platform: WINDOWS, platformName: WINDOWS, proxy: Proxy(), setWindowRect: true, strictFileInteractability: false, timeouts: {implicit: 0, pageLoad: 300000, script: 30000}, unhandledPromptBehavior: dismiss and notify, webauthn:extension:credBlob: true, webauthn:extension:largeBlob: true, webauthn:extension:minPinLength: true, webauthn:extension:prf: true, webauthn:virtualAuthenticators: true}
Session ID: 22f1a362cd7c66b7eca0af13bcae5db2
*** Element info: {Using=xpath, value=//a[contains(text(),'Show Specials')]}
	at sun.reflect.GeneratedConstructorAccessor19.newInstance(Unknown Source)
	at sun.reflect.DelegatingConstructorAccessorImpl.newInstance(Unknown Source)
	at java.lang.reflect.Constructor.newInstance(Unknown Source)
	at org.openqa.selenium.remote.http.W3CHttpResponseCodec.createException(W3CHttpResponseCodec.java:187)
	at org.openqa.selenium.remote.http.W3CHttpResponseCodec.decode(W3CHttpResponseCodec.java:122)
	at org.openqa.selenium.remote.http.W3CHttpResponseCodec.decode(W3CHttpResponseCodec.java:49)
	at org.openqa.selenium.remote.HttpCommandExecutor.execute(HttpCommandExecutor.java:158)
	at org.openqa.selenium.remote.service.DriverCommandExecutor.execute(DriverCommandExecutor.java:83)
	at org.openqa.selenium.remote.RemoteWebDriver.execute(RemoteWebDriver.java:552)
	at org.openqa.selenium.remote.RemoteWebDriver.findElement(RemoteWebDriver.java:323)
	at org.openqa.selenium.remote.RemoteWebDriver.findElementByXPath(RemoteWebDriver.java:428)
	at org.openqa.selenium.By$ByXPath.findElement(By.java:353)
	at org.openqa.selenium.remote.RemoteWebDriver.findElement(RemoteWebDriver.java:315)
	at org.openqa.selenium.support.ui.ExpectedConditions$7.apply(ExpectedConditions.java:205)
	at org.openqa.selenium.support.ui.ExpectedConditions$7.apply(ExpectedConditions.java:201)
	at org.openqa.selenium.support.ui.ExpectedConditions$22.apply(ExpectedConditions.java:641)
	at org.openqa.selenium.support.ui.ExpectedConditions$22.apply(ExpectedConditions.java:638)
	at org.openqa.selenium.support.ui.FluentWait.until(FluentWait.java:249)
	... 26 more
]]>
            </full-stacktrace>
          </exception> <!-- org.openqa.selenium.TimeoutException -->
          <reporter-output>
          </reporter-output>
        </test-method> <!-- TS002_VerifyShowroomLinkForShowSpecialsTest -->
        <test-method status="PASS" signature="tearDown()[pri:0, instance:lasvegasmarket_PROD.ShowSpecials@64616ca2]" name="tearDown" is-config="true" duration-ms="896" started-at="2024-07-04T18:45:49Z" finished-at="2024-07-04T18:45:50Z">
          <reporter-output>
          </reporter-output>
        </test-method> <!-- tearDown -->
      </class> <!-- lasvegasmarket_PROD.ShowSpecials -->
      <class name="lasvegasmarket_PROD.GlobalSearch_SearchFor">
        <test-method status="PASS" signature="initialize()[pri:0, instance:lasvegasmarket_PROD.GlobalSearch_SearchFor@5f2050f6]" name="initialize" is-config="true" duration-ms="32181" started-at="2024-07-04T18:25:56Z" finished-at="2024-07-04T18:26:28Z">
          <reporter-output>
          </reporter-output>
        </test-method> <!-- initialize -->
        <test-method status="PASS" signature="TS001_VerifyInformationTabInGlobalSearchTest()[pri:0, instance:lasvegasmarket_PROD.GlobalSearch_SearchFor@5f2050f6]" name="TS001_VerifyInformationTabInGlobalSearchTest" duration-ms="27649" started-at="2024-07-04T18:26:28Z" finished-at="2024-07-04T18:26:55Z">
          <reporter-output>
          </reporter-output>
        </test-method> <!-- TS001_VerifyInformationTabInGlobalSearchTest -->
        <test-method status="PASS" signature="TS002_VerifyInformationSearchFunctionalityInGlobalSearchTest()[pri:0, instance:lasvegasmarket_PROD.GlobalSearch_SearchFor@5f2050f6]" name="TS002_VerifyInformationSearchFunctionalityInGlobalSearchTest" duration-ms="40136" started-at="2024-07-04T18:26:55Z" finished-at="2024-07-04T18:27:35Z">
          <reporter-output>
          </reporter-output>
        </test-method> <!-- TS002_VerifyInformationSearchFunctionalityInGlobalSearchTest -->
        <test-method status="PASS" signature="TS004_VerifyCatalogsOverviewInGlobalSearchTest()[pri:0, instance:lasvegasmarket_PROD.GlobalSearch_SearchFor@5f2050f6]" name="TS004_VerifyCatalogsOverviewInGlobalSearchTest" duration-ms="47122" started-at="2024-07-04T18:27:35Z" finished-at="2024-07-04T18:28:23Z">
          <reporter-output>
          </reporter-output>
        </test-method> <!-- TS004_VerifyCatalogsOverviewInGlobalSearchTest -->
        <test-method status="PASS" signature="TS005_VerifyArticlesOverviewInGlobalSearchTest()[pri:0, instance:lasvegasmarket_PROD.GlobalSearch_SearchFor@5f2050f6]" name="TS005_VerifyArticlesOverviewInGlobalSearchTest" duration-ms="59100" started-at="2024-07-04T18:28:23Z" finished-at="2024-07-04T18:29:22Z">
          <reporter-output>
          </reporter-output>
        </test-method> <!-- TS005_VerifyArticlesOverviewInGlobalSearchTest -->
        <test-method status="FAIL" signature="TS006_VerifyArticlesFiltersFunctionalityInGlobalSearchTest()[pri:0, instance:lasvegasmarket_PROD.GlobalSearch_SearchFor@5f2050f6]" name="TS006_VerifyArticlesFiltersFunctionalityInGlobalSearchTest" duration-ms="89161" started-at="2024-07-04T18:29:22Z" finished-at="2024-07-04T18:30:51Z">
          <exception class="org.openqa.selenium.ElementClickInterceptedException">
            <message>
              <![CDATA[element click intercepted: Element <a class="imc-button--primary-inverted" href="/Market-Info/articles/ANDMORE-Embraces-Industry-Partnerships-at-Summer-2024-Markets">...</a> is not clickable at point (473, 26). Other element would receive the click: <div class="imc-header__utilities  imc-breakpoint-display--hide-mobile">...</div>
  (Session info: chrome=126.0.6478.127)
Build info: version: '3.141.59', revision: 'e82be7d358', time: '2018-11-14T08:25:48'
System info: host: 'EON-SWAPNILI', ip: '172.22.90.18', os.name: 'Windows 10', os.arch: 'amd64', os.version: '10.0', java.version: '1.8.0_311'
Driver info: org.openqa.selenium.chrome.ChromeDriver
Capabilities {acceptInsecureCerts: false, browserName: chrome, browserVersion: 126.0.6478.127, chrome: {chromedriverVersion: 126.0.6478.126 (d36ace6122e..., userDataDir: C:\Users\swapnili\AppData\L...}, fedcm:accounts: true, goog:chromeOptions: {debuggerAddress: localhost:59003}, javascriptEnabled: true, networkConnectionEnabled: false, pageLoadStrategy: normal, platform: WINDOWS, platformName: WINDOWS, proxy: Proxy(), setWindowRect: true, strictFileInteractability: false, timeouts: {implicit: 0, pageLoad: 300000, script: 30000}, unhandledPromptBehavior: dismiss and notify, webauthn:extension:credBlob: true, webauthn:extension:largeBlob: true, webauthn:extension:minPinLength: true, webauthn:extension:prf: true, webauthn:virtualAuthenticators: true}
Session ID: 7899ea921b590aae56ef0b6f1ac6a362]]>
            </message>
            <full-stacktrace>
              <![CDATA[org.openqa.selenium.ElementClickInterceptedException: element click intercepted: Element <a class="imc-button--primary-inverted" href="/Market-Info/articles/ANDMORE-Embraces-Industry-Partnerships-at-Summer-2024-Markets">...</a> is not clickable at point (473, 26). Other element would receive the click: <div class="imc-header__utilities  imc-breakpoint-display--hide-mobile">...</div>
  (Session info: chrome=126.0.6478.127)
Build info: version: '3.141.59', revision: 'e82be7d358', time: '2018-11-14T08:25:48'
System info: host: 'EON-SWAPNILI', ip: '172.22.90.18', os.name: 'Windows 10', os.arch: 'amd64', os.version: '10.0', java.version: '1.8.0_311'
Driver info: org.openqa.selenium.chrome.ChromeDriver
Capabilities {acceptInsecureCerts: false, browserName: chrome, browserVersion: 126.0.6478.127, chrome: {chromedriverVersion: 126.0.6478.126 (d36ace6122e..., userDataDir: C:\Users\swapnili\AppData\L...}, fedcm:accounts: true, goog:chromeOptions: {debuggerAddress: localhost:59003}, javascriptEnabled: true, networkConnectionEnabled: false, pageLoadStrategy: normal, platform: WINDOWS, platformName: WINDOWS, proxy: Proxy(), setWindowRect: true, strictFileInteractability: false, timeouts: {implicit: 0, pageLoad: 300000, script: 30000}, unhandledPromptBehavior: dismiss and notify, webauthn:extension:credBlob: true, webauthn:extension:largeBlob: true, webauthn:extension:minPinLength: true, webauthn:extension:prf: true, webauthn:virtualAuthenticators: true}
Session ID: 7899ea921b590aae56ef0b6f1ac6a362
	at sun.reflect.NativeConstructorAccessorImpl.newInstance0(Native Method)
	at sun.reflect.NativeConstructorAccessorImpl.newInstance(Unknown Source)
	at sun.reflect.DelegatingConstructorAccessorImpl.newInstance(Unknown Source)
	at java.lang.reflect.Constructor.newInstance(Unknown Source)
	at org.openqa.selenium.remote.http.W3CHttpResponseCodec.createException(W3CHttpResponseCodec.java:187)
	at org.openqa.selenium.remote.http.W3CHttpResponseCodec.decode(W3CHttpResponseCodec.java:122)
	at org.openqa.selenium.remote.http.W3CHttpResponseCodec.decode(W3CHttpResponseCodec.java:49)
	at org.openqa.selenium.remote.HttpCommandExecutor.execute(HttpCommandExecutor.java:158)
	at org.openqa.selenium.remote.service.DriverCommandExecutor.execute(DriverCommandExecutor.java:83)
	at org.openqa.selenium.remote.RemoteWebDriver.execute(RemoteWebDriver.java:552)
	at org.openqa.selenium.remote.RemoteWebElement.execute(RemoteWebElement.java:285)
	at org.openqa.selenium.remote.RemoteWebElement.click(RemoteWebElement.java:84)
	at lasvegasmarket_PROD.GlobalSearch_SearchFor.TS006_VerifyArticlesFiltersFunctionalityInGlobalSearchTest(GlobalSearch_SearchFor.java:699)
	at sun.reflect.NativeMethodAccessorImpl.invoke0(Native Method)
	at sun.reflect.NativeMethodAccessorImpl.invoke(Unknown Source)
	at sun.reflect.DelegatingMethodAccessorImpl.invoke(Unknown Source)
	at java.lang.reflect.Method.invoke(Unknown Source)
	at org.testng.internal.MethodInvocationHelper.invokeMethod(MethodInvocationHelper.java:85)
	at org.testng.internal.Invoker.invokeMethod(Invoker.java:663)
	at org.testng.internal.Invoker.invokeTestMethod(Invoker.java:849)
	at org.testng.internal.Invoker.invokeTestMethods(Invoker.java:1157)
	at org.testng.internal.TestMethodWorker.invokeTestMethods(TestMethodWorker.java:124)
	at org.testng.internal.TestMethodWorker.run(TestMethodWorker.java:108)
	at org.testng.TestRunner.privateRun(TestRunner.java:771)
	at org.testng.TestRunner.run(TestRunner.java:621)
	at org.testng.SuiteRunner.runTest(SuiteRunner.java:357)
	at org.testng.SuiteRunner.runSequentially(SuiteRunner.java:352)
	at org.testng.SuiteRunner.privateRun(SuiteRunner.java:310)
	at org.testng.SuiteRunner.run(SuiteRunner.java:259)
	at org.testng.SuiteRunnerWorker.runSuite(SuiteRunnerWorker.java:52)
	at org.testng.SuiteRunnerWorker.run(SuiteRunnerWorker.java:86)
	at org.testng.TestNG.runSuitesSequentially(TestNG.java:1200)
	at org.testng.TestNG.runSuitesLocally(TestNG.java:1125)
	at org.testng.TestNG.run(TestNG.java:1033)
	at org.testng.remote.RemoteTestNG.run(RemoteTestNG.java:111)
	at org.testng.remote.RemoteTestNG.initAndRun(RemoteTestNG.java:204)
	at org.testng.remote.RemoteTestNG.main(RemoteTestNG.java:175)
]]>
            </full-stacktrace>
          </exception> <!-- org.openqa.selenium.ElementClickInterceptedException -->
          <reporter-output>
          </reporter-output>
        </test-method> <!-- TS006_VerifyArticlesFiltersFunctionalityInGlobalSearchTest -->
        <test-method status="PASS" signature="TS007_VerifyArticlesSearchFunctionalityInGlobalSearchTest()[pri:0, instance:lasvegasmarket_PROD.GlobalSearch_SearchFor@5f2050f6]" name="TS007_VerifyArticlesSearchFunctionalityInGlobalSearchTest" duration-ms="55596" started-at="2024-07-04T18:30:51Z" finished-at="2024-07-04T18:31:47Z">
          <reporter-output>
          </reporter-output>
        </test-method> <!-- TS007_VerifyArticlesSearchFunctionalityInGlobalSearchTest -->
        <test-method status="PASS" signature="TS008_VerifyEventsSearchFunctionalityInGlobalSearchTest()[pri:0, instance:lasvegasmarket_PROD.GlobalSearch_SearchFor@5f2050f6]" name="TS008_VerifyEventsSearchFunctionalityInGlobalSearchTest" duration-ms="114843" started-at="2024-07-04T18:31:47Z" finished-at="2024-07-04T18:33:42Z">
          <reporter-output>
          </reporter-output>
[...]
	at org.testng.internal.Invoker.invokeTestMethod(Invoker.java:849)
	at org.testng.internal.Invoker.invokeTestMethods(Invoker.java:1157)
	at org.testng.internal.TestMethodWorker.invokeTestMethods(TestMethodWorker.java:124)
	at org.testng.internal.TestMethodWorker.run(TestMethodWorker.java:108)
	at org.testng.TestRunner.privateRun(TestRunner.java:771)
	at org.testng.TestRunner.run(TestRunner.java:621)
	at org.testng.SuiteRunner.runTest(SuiteRunner.java:357)
	at org.testng.SuiteRunner.runSequentially(SuiteRunner.java:352)
	at org.testng.SuiteRunner.privateRun(SuiteRunner.java:310)
	at org.testng.SuiteRunner.run(SuiteRunner.java:259)
	at org.testng.SuiteRunnerWorker.runSuite(SuiteRunnerWorker.java:52)
	at org.testng.SuiteRunnerWorker.run(SuiteRunnerWorker.java:86)
	at org.testng.TestNG.runSuitesSequentially(TestNG.java:1200)
	at org.testng.TestNG.runSuitesLocally(TestNG.java:1125)
	at org.testng.TestNG.run(TestNG.java:1033)
	at org.testng.remote.RemoteTestNG.run(RemoteTestNG.java:111)
	at org.testng.remote.RemoteTestNG.initAndRun(RemoteTestNG.java:204)
	at org.testng.remote.RemoteTestNG.main(RemoteTestNG.java:175)
Caused by: org.openqa.selenium.NoSuchElementException: no such element: Unable to locate element: {"method":"xpath","selector":"(//div[@class='imc-manufacturing-line-title-wrapper']/a)[1]"}
  (Session info: chrome=126.0.6478.127)
For documentation on this error, please visit: https://www.seleniumhq.org/exceptions/no_such_element.html
Build info: version: '3.141.59', revision: 'e82be7d358', time: '2018-11-14T08:25:48'
System info: host: 'EON-SWAPNILI', ip: '172.22.90.18', os.name: 'Windows 10', os.arch: 'amd64', os.version: '10.0', java.version: '1.8.0_311'
Driver info: org.openqa.selenium.chrome.ChromeDriver
Capabilities {acceptInsecureCerts: false, browserName: chrome, browserVersion: 126.0.6478.127, chrome: {chromedriverVersion: 126.0.6478.126 (d36ace6122e..., userDataDir: C:\Users\swapnili\AppData\L...}, fedcm:accounts: true, goog:chromeOptions: {debuggerAddress: localhost:55771}, javascriptEnabled: true, networkConnectionEnabled: false, pageLoadStrategy: normal, platform: WINDOWS, platformName: WINDOWS, proxy: Proxy(), setWindowRect: true, strictFileInteractability: false, timeouts: {implicit: 0, pageLoad: 300000, script: 30000}, unhandledPromptBehavior: dismiss and notify, webauthn:extension:credBlob: true, webauthn:extension:largeBlob: true, webauthn:extension:minPinLength: true, webauthn:extension:prf: true, webauthn:virtualAuthenticators: true}
Session ID: d53860f83f398e1fa5a66cd63b70dd86
*** Element info: {Using=xpath, value=(//div[@class='imc-manufacturing-line-title-wrapper']/a)[1]}
	at sun.reflect.NativeConstructorAccessorImpl.newInstance0(Native Method)
	at sun.reflect.NativeConstructorAccessorImpl.newInstance(Unknown Source)
	at sun.reflect.DelegatingConstructorAccessorImpl.newInstance(Unknown Source)
	at java.lang.reflect.Constructor.newInstance(Unknown Source)
	at org.openqa.selenium.remote.http.W3CHttpResponseCodec.createException(W3CHttpResponseCodec.java:187)
	at org.openqa.selenium.remote.http.W3CHttpResponseCodec.decode(W3CHttpResponseCodec.java:122)
	at org.openqa.selenium.remote.http.W3CHttpResponseCodec.decode(W3CHttpResponseCodec.java:49)
	at org.openqa.selenium.remote.HttpCommandExecutor.execute(HttpCommandExecutor.java:158)
	at org.openqa.selenium.remote.service.DriverCommandExecutor.execute(DriverCommandExecutor.java:83)
	at org.openqa.selenium.remote.RemoteWebDriver.execute(RemoteWebDriver.java:552)
	at org.openqa.selenium.remote.RemoteWebDriver.findElement(RemoteWebDriver.java:323)
	at org.openqa.selenium.remote.RemoteWebDriver.findElementByXPath(RemoteWebDriver.java:428)
	at org.openqa.selenium.By$ByXPath.findElement(By.java:353)
	at org.openqa.selenium.remote.RemoteWebDriver.findElement(RemoteWebDriver.java:315)
	at org.openqa.selenium.support.ui.ExpectedConditions$7.apply(ExpectedConditions.java:205)
	at org.openqa.selenium.support.ui.ExpectedConditions$7.apply(ExpectedConditions.java:201)
	at org.openqa.selenium.support.ui.FluentWait.until(FluentWait.java:249)
	... 26 more
]]>
            </full-stacktrace>
          </exception> <!-- org.openqa.selenium.TimeoutException -->
          <reporter-output>
          </reporter-output>
        </test-method> <!-- TS007_VerifySelectionOfExhibitorOnFloorPlansPageTest -->
        <test-method status="PASS" signature="TS008_VerifyClickOnReturnToBuildingListBtnTest()[pri:0, instance:lasvegasmarket_PROD.FloorPlans@3fb6a447]" name="TS008_VerifyClickOnReturnToBuildingListBtnTest" duration-ms="8394" started-at="2024-07-04T17:56:22Z" finished-at="2024-07-04T17:56:30Z">
          <reporter-output>
          </reporter-output>
        </test-method> <!-- TS008_VerifyClickOnReturnToBuildingListBtnTest -->
        <test-method status="FAIL" signature="TS009_VerifySearchFunctionalityForExhListOnFloorPlansPageTest()[pri:0, instance:lasvegasmarket_PROD.FloorPlans@3fb6a447]" name="TS009_VerifySearchFunctionalityForExhListOnFloorPlansPageTest" duration-ms="48830" started-at="2024-07-04T17:56:30Z" finished-at="2024-07-04T17:57:19Z">
          <exception class="org.openqa.selenium.NoSuchElementException">
            <message>
              <![CDATA[no such element: Unable to locate element: {"method":"xpath","selector":"//div[@class = 'imc-content--padded-top-bottom']/div[1]"}
  (Session info: chrome=126.0.6478.127)
For documentation on this error, please visit: https://www.seleniumhq.org/exceptions/no_such_element.html
Build info: version: '3.141.59', revision: 'e82be7d358', time: '2018-11-14T08:25:48'
System info: host: 'EON-SWAPNILI', ip: '172.22.90.18', os.name: 'Windows 10', os.arch: 'amd64', os.version: '10.0', java.version: '1.8.0_311'
Driver info: org.openqa.selenium.chrome.ChromeDriver
Capabilities {acceptInsecureCerts: false, browserName: chrome, browserVersion: 126.0.6478.127, chrome: {chromedriverVersion: 126.0.6478.126 (d36ace6122e..., userDataDir: C:\Users\swapnili\AppData\L...}, fedcm:accounts: true, goog:chromeOptions: {debuggerAddress: localhost:55771}, javascriptEnabled: true, networkConnectionEnabled: false, pageLoadStrategy: normal, platform: WINDOWS, platformName: WINDOWS, proxy: Proxy(), setWindowRect: true, strictFileInteractability: false, timeouts: {implicit: 0, pageLoad: 300000, script: 30000}, unhandledPromptBehavior: dismiss and notify, webauthn:extension:credBlob: true, webauthn:extension:largeBlob: true, webauthn:extension:minPinLength: true, webauthn:extension:prf: true, webauthn:virtualAuthenticators: true}
Session ID: d53860f83f398e1fa5a66cd63b70dd86
*** Element info: {Using=xpath, value=//div[@class = 'imc-content--padded-top-bottom']/div[1]}]]>
            </message>
            <full-stacktrace>
              <![CDATA[org.openqa.selenium.NoSuchElementException: no such element: Unable to locate element: {"method":"xpath","selector":"//div[@class = 'imc-content--padded-top-bottom']/div[1]"}
  (Session info: chrome=126.0.6478.127)
For documentation on this error, please visit: https://www.seleniumhq.org/exceptions/no_such_element.html
Build info: version: '3.141.59', revision: 'e82be7d358', time: '2018-11-14T08:25:48'
System info: host: 'EON-SWAPNILI', ip: '172.22.90.18', os.name: 'Windows 10', os.arch: 'amd64', os.version: '10.0', java.version: '1.8.0_311'
Driver info: org.openqa.selenium.chrome.ChromeDriver
Capabilities {acceptInsecureCerts: false, browserName: chrome, browserVersion: 126.0.6478.127, chrome: {chromedriverVersion: 126.0.6478.126 (d36ace6122e..., userDataDir: C:\Users\swapnili\AppData\L...}, fedcm:accounts: true, goog:chromeOptions: {debuggerAddress: localhost:55771}, javascriptEnabled: true, networkConnectionEnabled: false, pageLoadStrategy: normal, platform: WINDOWS, platformName: WINDOWS, proxy: Proxy(), setWindowRect: true, strictFileInteractability: false, timeouts: {implicit: 0, pageLoad: 300000, script: 30000}, unhandledPromptBehavior: dismiss and notify, webauthn:extension:credBlob: true, webauthn:extension:largeBlob: true, webauthn:extension:minPinLength: true, webauthn:extension:prf: true, webauthn:virtualAuthenticators: true}
Session ID: d53860f83f398e1fa5a66cd63b70dd86
*** Element info: {Using=xpath, value=//div[@class = 'imc-content--padded-top-bottom']/div[1]}
	at sun.reflect.NativeConstructorAccessorImpl.newInstance0(Native Method)
	at sun.reflect.NativeConstructorAccessorImpl.newInstance(Unknown Source)
	at sun.reflect.DelegatingConstructorAccessorImpl.newInstance(Unknown Source)
	at java.lang.reflect.Constructor.newInstance(Unknown Source)
	at org.openqa.selenium.remote.http.W3CHttpResponseCodec.createException(W3CHttpResponseCodec.java:187)
	at org.openqa.selenium.remote.http.W3CHttpResponseCodec.decode(W3CHttpResponseCodec.java:122)
	at org.openqa.selenium.remote.http.W3CHttpResponseCodec.decode(W3CHttpResponseCodec.java:49)
	at org.openqa.selenium.remote.HttpCommandExecutor.execute(HttpCommandExecutor.java:158)
	at org.openqa.selenium.remote.service.DriverCommandExecutor.execute(DriverCommandExecutor.java:83)
	at org.openqa.selenium.remote.RemoteWebDriver.execute(RemoteWebDriver.java:552)
	at org.openqa.selenium.remote.RemoteWebDriver.findElement(RemoteWebDriver.java:323)
	at org.openqa.selenium.remote.RemoteWebDriver.findElementByXPath(RemoteWebDriver.java:428)
	at org.openqa.selenium.By$ByXPath.findElement(By.java:353)
	at org.openqa.selenium.remote.RemoteWebDriver.findElement(RemoteWebDriver.java:315)
	at pageObjects.LasVegasMarket.LVMFloorPlansPage.getlvmexhibitorsection(LVMFloorPlansPage.java:237)
	at lasvegasmarket_PROD.FloorPlans.TS009_VerifySearchFunctionalityForExhListOnFloorPlansPageTest(FloorPlans.java:472)
	at sun.reflect.NativeMethodAccessorImpl.invoke0(Native Method)
	at sun.reflect.NativeMethodAccessorImpl.invoke(Unknown Source)
	at sun.reflect.DelegatingMethodAccessorImpl.invoke(Unknown Source)
	at java.lang.reflect.Method.invoke(Unknown Source)
	at org.testng.internal.MethodInvocationHelper.invokeMethod(MethodInvocationHelper.java:85)
	at org.testng.internal.Invoker.invokeMethod(Invoker.java:663)
	at org.testng.internal.Invoker.invokeTestMethod(Invoker.java:849)
	at org.testng.internal.Invoker.invokeTestMethods(Invoker.java:1157)
	at org.testng.internal.TestMethodWorker.invokeTestMethods(TestMethodWorker.java:124)
	at org.testng.internal.TestMethodWorker.run(TestMethodWorker.java:108)
	at org.testng.TestRunner.privateRun(TestRunner.java:771)
	at org.testng.TestRunner.run(TestRunner.java:621)
	at org.testng.SuiteRunner.runTest(SuiteRunner.java:357)
	at org.testng.SuiteRunner.runSequentially(SuiteRunner.java:352)
	at org.testng.SuiteRunner.privateRun(SuiteRunner.java:310)
	at org.testng.SuiteRunner.run(SuiteRunner.java:259)
	at org.testng.SuiteRunnerWorker.runSuite(SuiteRunnerWorker.java:52)
	at org.testng.SuiteRunnerWorker.run(SuiteRunnerWorker.java:86)
	at org.testng.TestNG.runSuitesSequentially(TestNG.java:1200)
	at org.testng.TestNG.runSuitesLocally(TestNG.java:1125)
	at org.testng.TestNG.run(TestNG.java:1033)
	at org.testng.remote.RemoteTestNG.run(RemoteTestNG.java:111)
	at org.testng.remote.RemoteTestNG.initAndRun(RemoteTestNG.java:204)
	at org.testng.remote.RemoteTestNG.main(RemoteTestNG.java:175)
]]>
            </full-stacktrace>
          </exception> <!-- org.openqa.selenium.NoSuchElementException -->
          <reporter-output>
          </reporter-output>
        </test-method> <!-- TS009_VerifySearchFunctionalityForExhListOnFloorPlansPageTest -->
        <test-method status="PASS" signature="tearDown()[pri:0, instance:lasvegasmarket_PROD.FloorPlans@3fb6a447]" name="tearDown" is-config="true" duration-ms="0" started-at="2024-07-04T17:57:19Z" finished-at="2024-07-04T17:57:19Z">
          <reporter-output>
          </reporter-output>
        </test-method> <!-- tearDown -->
      </class> <!-- lasvegasmarket_PROD.FloorPlans -->
      <class name="lasvegasmarket_PROD.ExhibitorDigitalShowroom">
        <test-method status="PASS" signature="initialize()[pri:0, instance:lasvegasmarket_PROD.ExhibitorDigitalShowroom@566776ad]" name="initialize" is-config="true" duration-ms="22535" started-at="2024-07-04T17:42:31Z" finished-at="2024-07-04T17:42:53Z">
          <reporter-output>
          </reporter-output>
        </test-method> <!-- initialize -->
        <test-method status="PASS" signature="TS001_VerifyClickOnLocationLinksForExhibitorDigitalShowroomTest()[pri:0, instance:lasvegasmarket_PROD.ExhibitorDigitalShowroom@566776ad]" name="TS001_VerifyClickOnLocationLinksForExhibitorDigitalShowroomTest" duration-ms="36602" started-at="2024-07-04T17:42:53Z" finished-at="2024-07-04T17:43:30Z">
          <reporter-output>
          </reporter-output>
        </test-method> <!-- TS001_VerifyClickOnLocationLinksForExhibitorDigitalShowroomTest -->
        <test-method status="PASS" signature="TS002_VerifyClickOnTotalLinesSeeAllLinesForExhibitorTest()[pri:0, instance:lasvegasmarket_PROD.ExhibitorDigitalShowroom@566776ad]" name="TS002_VerifyClickOnTotalLinesSeeAllLinesForExhibitorTest" duration-ms="72299" started-at="2024-07-04T17:43:30Z" finished-at="2024-07-04T17:44:42Z">
          <reporter-output>
          </reporter-output>
        </test-method> <!-- TS002_VerifyClickOnTotalLinesSeeAllLinesForExhibitorTest -->
        <test-method status="PASS" signature="TS003_VerifyClickOnProductShownLinkForExhibitorTest()[pri:0, instance:lasvegasmarket_PROD.ExhibitorDigitalShowroom@566776ad]" name="TS003_VerifyClickOnProductShownLinkForExhibitorTest" duration-ms="57062" started-at="2024-07-04T17:44:42Z" finished-at="2024-07-04T17:45:39Z">
          <reporter-output>
          </reporter-output>
        </test-method> <!-- TS003_VerifyClickOnProductShownLinkForExhibitorTest -->
        <test-method status="PASS" signature="TS004_VerifyClickOnLineFiltersForExhibitorTest()[pri:0, instance:lasvegasmarket_PROD.ExhibitorDigitalShowroom@566776ad]" name="TS004_VerifyClickOnLineFiltersForExhibitorTest" duration-ms="33909" started-at="2024-07-04T17:45:39Z" finished-at="2024-07-04T17:46:13Z">
          <reporter-output>
          </reporter-output>
        </test-method> <!-- TS004_VerifyClickOnLineFiltersForExhibitorTest -->
        <test-method status="PASS" signature="TS005_VerifyClickOnLineSearchForExhibitorTest()[pri:0, instance:lasvegasmarket_PROD.ExhibitorDigitalShowroom@566776ad]" name="TS005_VerifyClickOnLineSearchForExhibitorTest" duration-ms="32478" started-at="2024-07-04T17:46:13Z" finished-at="2024-07-04T17:46:46Z">
          <reporter-output>
          </reporter-output>
        </test-method> <!-- TS005_VerifyClickOnLineSearchForExhibitorTest -->
        <test-method status="PASS" signature="TS006_VerifyExhibitorDigitalShowroomLinesComponentSeeAllLinesTest()[pri:0, instance:lasvegasmarket_PROD.ExhibitorDigitalShowroom@566776ad]" name="TS006_VerifyExhibitorDigitalShowroomLinesComponentSeeAllLinesTest" duration-ms="31216" started-at="2024-07-04T17:46:46Z" finished-at="2024-07-04T17:47:17Z">
          <reporter-output>
          </reporter-output>
        </test-method> <!-- TS006_VerifyExhibitorDigitalShowroomLinesComponentSeeAllLinesTest -->
        <test-method status="PASS" signature="TS007_VerifyExhibitorDigitalShowroomProductsComponentSeeAllProductsTest()[pri:0, instance:lasvegasmarket_PROD.ExhibitorDigitalShowroom@566776ad]" name="TS007_VerifyExhibitorDigitalShowroomProductsComponentSeeAllProductsTest" duration-ms="32942" started-at="2024-07-04T17:47:17Z" finished-at="2024-07-04T17:47:50Z">
          <reporter-output>
          </reporter-output>
        </test-method> <!-- TS007_VerifyExhibitorDigitalShowroomProductsComponentSeeAllProductsTest -->
        <test-method status="PASS" signature="TS008_VerifySeeInOtherMarketsForExhibitorTest()[pri:0, instance:lasvegasmarket_PROD.ExhibitorDigitalShowroom@566776ad]" name="TS008_VerifySeeInOtherMarketsForExhibitorTest" duration-ms="46630" started-at="2024-07-04T17:47:50Z" finished-at="2024-07-04T17:48:37Z">
          <reporter-output>
          </reporter-output>
        </test-method> <!-- TS008_VerifySeeInOtherMarketsForExhibitorTest -->
        <test-method status="PASS" signature="TS009_VerifyExhibitorDigitalShowroomCatalogsComponentSeeAllCatalogsTest()[pri:0, instance:lasvegasmarket_PROD.ExhibitorDigitalShowroom@566776ad]" name="TS009_VerifyExhibitorDigitalShowroomCatalogsComponentSeeAllCatalogsTest" duration-ms="35209" started-at="2024-07-04T17:48:37Z" finished-at="2024-07-04T17:49:12Z">
          <reporter-output>
          </reporter-output>
        </test-method> <!-- TS009_VerifyExhibitorDigitalShowroomCatalogsComponentSeeAllCatalogsTest -->
        <test-method status="PASS" signature="TS010_VerifyExhibitorDigitalShowroomHeroComponentVisitExhibitorsiteTest()[pri:0, instance:lasvegasmarket_PROD.ExhibitorDigitalShowroom@566776ad]" name="TS010_VerifyExhibitorDigitalShowroomHeroComponentVisitExhibitorsiteTest" duration-ms="34939" started-at="2024-07-04T17:49:12Z" finished-at="2024-07-04T17:49:47Z">
          <reporter-output>
          </reporter-output>
        </test-method> <!-- TS010_VerifyExhibitorDigitalShowroomHeroComponentVisitExhibitorsiteTest -->
        <test-method status="PASS" signature="TS011_VerifyExhibitorDigitalShowroomHeroComponentView3DShowroomTest()[pri:0, instance:lasvegasmarket_PROD.ExhibitorDigitalShowroom@566776ad]" name="TS011_VerifyExhibitorDigitalShowroomHeroComponentView3DShowroomTest" duration-ms="34915" started-at="2024-07-04T17:49:47Z" finished-at="2024-07-04T17:50:22Z">
          <reporter-output>
          </reporter-output>
        </test-method> <!-- TS011_VerifyExhibitorDigitalShowroomHeroComponentView3DShowroomTest -->
        <test-method status="PASS" signature="TS012_VerifyExhibitorDigitalEventsComponentTest()[pri:0, instance:lasvegasmarket_PROD.ExhibitorDigitalShowroom@566776ad]" name="TS012_VerifyExhibitorDigitalEventsComponentTest" duration-ms="37347" started-at="2024-07-04T17:50:22Z" finished-at="2024-07-04T17:50:59Z">
          <reporter-output>
          </reporter-output>
        </test-method> <!-- TS012_VerifyExhibitorDigitalEventsComponentTest -->
        <test-method status="PASS" signature="TS013_VerifyCatalogsSectionForExhibitorTest()[pri:0, instance:lasvegasmarket_PROD.ExhibitorDigitalShowroom@566776ad]" name="TS013_VerifyCatalogsSectionForExhibitorTest" duration-ms="39200" started-at="2024-07-04T17:50:59Z" finished-at="2024-07-04T17:51:38Z">
          <reporter-output>
          </reporter-output>
        </test-method> <!-- TS013_VerifyCatalogsSectionForExhibitorTest -->
        <test-method status="PASS" signature="TS014_VerifyExhibitorDigitalShowroomShowSpecialsTest()[pri:0, instance:lasvegasmarket_PROD.ExhibitorDigitalShowroom@566776ad]" name="TS014_VerifyExhibitorDigitalShowroomShowSpecialsTest" duration-ms="44215" started-at="2024-07-04T17:51:38Z" finished-at="2024-07-04T17:52:22Z">
          <reporter-output>
          </reporter-output>
        </test-method> <!-- TS014_VerifyExhibitorDigitalShowroomShowSpecialsTest -->
        <test-method status="PASS" signature="TS015_VerifyExhibitorDigitalShowroomHeroComponentContactExhibitorTest()[pri:0, instance:lasvegasmarket_PROD.ExhibitorDigitalShowroom@566776ad]" name="TS015_VerifyExhibitorDigitalShowroomHeroComponentContactExhibitorTest" duration-ms="21552" started-at="2024-07-04T17:52:22Z" finished-at="2024-07-04T17:52:44Z">
          <reporter-output>
          </reporter-output>
        </test-method> <!-- TS015_VerifyExhibitorDigitalShowroomHeroComponentContactExhibitorTest -->
        <test-method status="PASS" signature="tearDown()[pri:0, instance:lasvegasmarket_PROD.ExhibitorDigitalShowroom@566776ad]" name="tearDown" is-config="true" duration-ms="3130" started-at="2024-07-04T17:52:44Z" finished-at="2024-07-04T17:52:47Z">
          <reporter-output>
          </reporter-output>
        </test-method> <!-- tearDown -->
      </class> <!-- lasvegasmarket_PROD.ExhibitorDigitalShowroom -->
    </test> <!-- Test -->
  </suite> <!-- Suite -->
</testng-results>
