<?xml version="1.0" encoding="UTF-8"?>
<testng-results ignored="3" total="12" passed="8" failed="1" skipped="0">
  <reporter-output>
  </reporter-output>
  <suite started-at="2025-04-21T16:58:10 IST" name="Default suite" finished-at="2025-04-21T17:04:08 IST" duration-ms="358203">
    <groups>
    </groups>
    <test started-at="2025-04-21T16:58:10 IST" name="Default test" finished-at="2025-04-21T17:04:08 IST" duration-ms="358203">
      <class name="lasvegasmarket_PROD.FloorPlans">
        <test-method is-config="true" signature="initialize()[pri:0, instance:lasvegasmarket_PROD.FloorPlans@5d534f5d]" started-at="2025-04-21T16:58:10 IST" name="initialize" finished-at="2025-04-21T16:58:41 IST" duration-ms="31305" status="PASS">
          <reporter-output>
          </reporter-output>
        </test-method> <!-- initialize -->
        <test-method signature="TS001_VerifyNavigationToDifferentFloorBuildingsTest()[pri:1, instance:lasvegasmarket_PROD.FloorPlans@5d534f5d]" started-at="2025-04-21T16:58:41 IST" name="TS001_VerifyNavigationToDifferentFloorBuildingsTest" finished-at="2025-04-21T16:59:09 IST" duration-ms="27421" status="PASS">
          <reporter-output>
          </reporter-output>
        </test-method> <!-- TS001_VerifyNavigationToDifferentFloorBuildingsTest -->
        <test-method signature="TS002_VerifyNoExhibitorsOnThisFloorMessageTest()[pri:2, instance:lasvegasmarket_PROD.FloorPlans@5d534f5d]" started-at="2025-04-21T16:59:09 IST" name="TS002_VerifyNoExhibitorsOnThisFloorMessageTest" finished-at="2025-04-21T16:59:30 IST" duration-ms="21748" status="PASS">
          <reporter-output>
          </reporter-output>
        </test-method> <!-- TS002_VerifyNoExhibitorsOnThisFloorMessageTest -->
        <test-method signature="TS003_VerifyZoomInOutLevelOnFloorPlansPageTest()[pri:3, instance:lasvegasmarket_PROD.FloorPlans@5d534f5d]" started-at="2025-04-21T16:59:30 IST" name="TS003_VerifyZoomInOutLevelOnFloorPlansPageTest" finished-at="2025-04-21T17:00:33 IST" duration-ms="62431" status="FAIL">
          <exception class="org.openqa.selenium.TimeoutException">
            <message>
              <![CDATA[Expected condition failed: waiting for visibility of element located by By.xpath: //div[@class='imc-content--top-0 imc-content--absolute imc-navigation--wrapper-menu active']/div[1]/div/a[contains(text(),'Floor Plans')] (tried for 40 second(s) with 500 milliseconds interval)
Build info: version: '4.25.0', revision: '8a8aea2337'
System info: os.name: 'Windows 11', os.arch: 'amd64', os.version: '10.0', java.version: '21.0.3'
Driver info: org.openqa.selenium.chrome.ChromeDriver
Capabilities {acceptInsecureCerts: false, browserName: chrome, browserVersion: 135.0.7049.96, chrome: {chromedriverVersion: 135.0.7049.95 (de2eb485a195..., userDataDir: C:\Users\swapnili\AppData\L...}, fedcm:accounts: true, goog:chromeOptions: {debuggerAddress: localhost:51879}, networkConnectionEnabled: false, pageLoadStrategy: normal, platformName: windows, proxy: Proxy(), se:cdp: ws://localhost:51879/devtoo..., se:cdpVersion: 135.0.7049.96, setWindowRect: true, strictFileInteractability: false, timeouts: {implicit: 0, pageLoad: 300000, script: 30000}, unhandledPromptBehavior: dismiss and notify, webauthn:extension:credBlob: true, webauthn:extension:largeBlob: true, webauthn:extension:minPinLength: true, webauthn:extension:prf: true, webauthn:virtualAuthenticators: true}
Session ID: 251f5797276e1df6c5dbc8a7bcf0b3d6]]>
            </message>
            <full-stacktrace>
              <![CDATA[org.openqa.selenium.TimeoutException: Expected condition failed: waiting for visibility of element located by By.xpath: //div[@class='imc-content--top-0 imc-content--absolute imc-navigation--wrapper-menu active']/div[1]/div/a[contains(text(),'Floor Plans')] (tried for 40 second(s) with 500 milliseconds interval)
Build info: version: '4.25.0', revision: '8a8aea2337'
System info: os.name: 'Windows 11', os.arch: 'amd64', os.version: '10.0', java.version: '21.0.3'
Driver info: org.openqa.selenium.chrome.ChromeDriver
Capabilities {acceptInsecureCerts: false, browserName: chrome, browserVersion: 135.0.7049.96, chrome: {chromedriverVersion: 135.0.7049.95 (de2eb485a195..., userDataDir: C:\Users\swapnili\AppData\L...}, fedcm:accounts: true, goog:chromeOptions: {debuggerAddress: localhost:51879}, networkConnectionEnabled: false, pageLoadStrategy: normal, platformName: windows, proxy: Proxy(), se:cdp: ws://localhost:51879/devtoo..., se:cdpVersion: 135.0.7049.96, setWindowRect: true, strictFileInteractability: false, timeouts: {implicit: 0, pageLoad: 300000, script: 30000}, unhandledPromptBehavior: dismiss and notify, webauthn:extension:credBlob: true, webauthn:extension:largeBlob: true, webauthn:extension:minPinLength: true, webauthn:extension:prf: true, webauthn:virtualAuthenticators: true}
Session ID: 251f5797276e1df6c5dbc8a7bcf0b3d6
at org.openqa.selenium.support.ui.WebDriverWait.timeoutException(WebDriverWait.java:84)
at org.openqa.selenium.support.ui.FluentWait.until(FluentWait.java:228)
at pageObjects.LasVegasMarket.LVMFloorPlansPage.getElement(LVMFloorPlansPage.java:86)
at pageObjects.LasVegasMarket.LVMFloorPlansPage.getlvmFloorPlansLinkPROD(LVMFloorPlansPage.java:109)
at lasvegasmarket_PROD.FloorPlans.TS003_VerifyZoomInOutLevelOnFloorPlansPageTest(FloorPlans.java:175)
at java.base/jdk.internal.reflect.DirectMethodHandleAccessor.invoke(DirectMethodHandleAccessor.java:103)
at java.base/java.lang.reflect.Method.invoke(Method.java:580)
at org.testng.internal.MethodInvocationHelper.invokeMethod(MethodInvocationHelper.java:133)
at org.testng.internal.TestInvoker.invokeMethod(TestInvoker.java:598)
at org.testng.internal.TestInvoker.invokeTestMethod(TestInvoker.java:173)
at org.testng.internal.MethodRunner.runInSequence(MethodRunner.java:46)
at org.testng.internal.TestInvoker$MethodInvocationAgent.invoke(TestInvoker.java:824)
at org.testng.internal.TestInvoker.invokeTestMethods(TestInvoker.java:146)
at org.testng.internal.TestMethodWorker.invokeTestMethods(TestMethodWorker.java:146)
at org.testng.internal.TestMethodWorker.run(TestMethodWorker.java:128)
at java.base/java.util.ArrayList.forEach(ArrayList.java:1596)
at org.testng.TestRunner.privateRun(TestRunner.java:794)
at org.testng.TestRunner.run(TestRunner.java:596)
at org.testng.SuiteRunner.runTest(SuiteRunner.java:377)
at org.testng.SuiteRunner.runSequentially(SuiteRunner.java:371)
at org.testng.SuiteRunner.privateRun(SuiteRunner.java:332)
at org.testng.SuiteRunner.run(SuiteRunner.java:276)
at org.testng.SuiteRunnerWorker.runSuite(SuiteRunnerWorker.java:53)
at org.testng.SuiteRunnerWorker.run(SuiteRunnerWorker.java:96)
at org.testng.TestNG.runSuitesSequentially(TestNG.java:1212)
at org.testng.TestNG.runSuitesLocally(TestNG.java:1134)
at org.testng.TestNG.runSuites(TestNG.java:1063)
at org.testng.TestNG.run(TestNG.java:1031)
at org.testng.remote.AbstractRemoteTestNG.run(AbstractRemoteTestNG.java:115)
at org.testng.remote.RemoteTestNG.initAndRun(RemoteTestNG.java:293)
at org.testng.remote.RemoteTestNG.main(RemoteTestNG.java:91)
]]>
            </full-stacktrace>
          </exception> <!-- org.openqa.selenium.TimeoutException -->
          <reporter-output>
          </reporter-output>
        </test-method> <!-- TS003_VerifyZoomInOutLevelOnFloorPlansPageTest -->
        <test-method signature="TS004_VerifyIconsOnFloorPlansPageTest()[pri:4, instance:lasvegasmarket_PROD.FloorPlans@5d534f5d]" started-at="2025-04-21T17:00:33 IST" name="TS004_VerifyIconsOnFloorPlansPageTest" finished-at="2025-04-21T17:00:53 IST" duration-ms="19870" status="PASS">
          <reporter-output>
          </reporter-output>
        </test-method> <!-- TS004_VerifyIconsOnFloorPlansPageTest -->
        <test-method signature="TS005_VerifyFunctionalityOfFiltersOFloorPlansPageTest()[pri:5, instance:lasvegasmarket_PROD.FloorPlans@5d534f5d]" started-at="2025-04-21T17:00:53 IST" name="TS005_VerifyFunctionalityOfFiltersOFloorPlansPageTest" finished-at="2025-04-21T17:01:43 IST" duration-ms="50132" status="PASS">
          <reporter-output>
          </reporter-output>
        </test-method> <!-- TS005_VerifyFunctionalityOfFiltersOFloorPlansPageTest -->
        <test-method signature="TS006_VerifyPaginationOnFloorPlansPageTest()[pri:6, instance:lasvegasmarket_PROD.FloorPlans@5d534f5d]" started-at="2025-04-21T17:01:43 IST" name="TS006_VerifyPaginationOnFloorPlansPageTest" finished-at="2025-04-21T17:02:13 IST" duration-ms="29627" status="PASS">
          <reporter-output>
          </reporter-output>
        </test-method> <!-- TS006_VerifyPaginationOnFloorPlansPageTest -->
        <test-method signature="TS007_VerifySelectionOfExhibitorOnFloorPlansPageTest()[pri:7, instance:lasvegasmarket_PROD.FloorPlans@5d534f5d]" started-at="2025-04-21T17:02:13 IST" name="TS007_VerifySelectionOfExhibitorOnFloorPlansPageTest" finished-at="2025-04-21T17:02:55 IST" duration-ms="41647" status="PASS">
          <reporter-output>
          </reporter-output>
        </test-method> <!-- TS007_VerifySelectionOfExhibitorOnFloorPlansPageTest -->
        <test-method signature="TS008_VerifyClickOnReturnToBuildingListBtnTest()[pri:8, instance:lasvegasmarket_PROD.FloorPlans@5d534f5d]" started-at="2025-04-21T17:02:55 IST" name="TS008_VerifyClickOnReturnToBuildingListBtnTest" finished-at="2025-04-21T17:03:12 IST" duration-ms="17790" status="PASS">
          <reporter-output>
          </reporter-output>
        </test-method> <!-- TS008_VerifyClickOnReturnToBuildingListBtnTest -->
        <test-method signature="TS009_VerifySearchFunctionalityForExhListOnFloorPlansPageTest()[pri:9, instance:lasvegasmarket_PROD.FloorPlans@5d534f5d]" started-at="2025-04-21T17:03:12 IST" name="TS009_VerifySearchFunctionalityForExhListOnFloorPlansPageTest" finished-at="2025-04-21T17:04:08 IST" duration-ms="55651" status="PASS">
          <reporter-output>
          </reporter-output>
        </test-method> <!-- TS009_VerifySearchFunctionalityForExhListOnFloorPlansPageTest -->
        <test-method is-config="true" signature="tearDown()[pri:0, instance:lasvegasmarket_PROD.FloorPlans@5d534f5d]" started-at="2025-04-21T17:04:08 IST" name="tearDown" finished-at="2025-04-21T17:04:08 IST" duration-ms="1" status="PASS">
          <reporter-output>
          </reporter-output>
        </test-method> <!-- tearDown -->
      </class> <!-- lasvegasmarket_PROD.FloorPlans -->
    </test> <!-- Default test -->
  </suite> <!-- Default suite -->
</testng-results>
