<?xml version="1.0" encoding="UTF-8"?>
<testng-results skipped="0" failed="0" total="1" passed="1">
  <reporter-output>
  </reporter-output>
  <suite name="ATLMrkt_RegressionTestSuite" duration-ms="31670" started-at="2022-08-31T20:29:11Z" finished-at="2022-08-31T20:29:42Z">
    <groups>
    </groups>
    <test name="RegressionTest" duration-ms="31670" started-at="2022-08-31T20:29:11Z" finished-at="2022-08-31T20:29:42Z">
      <class name="atlantamarket_UAT.MarketPlanner">
        <test-method status="PASS" signature="initialize()[pri:0, instance:atlantamarket_UAT.MarketPlanner@4dfa3a9d]" name="initialize" is-config="true" duration-ms="20219" started-at="2022-09-01T01:59:11Z" finished-at="2022-09-01T01:59:31Z">
          <reporter-output>
          </reporter-output>
        </test-method> <!-- initialize -->
        <test-method status="PASS" signature="CheckBoxTest()[pri:0, instance:atlantamarket_UAT.MarketPlanner@4dfa3a9d]" name="CheckBoxTest" duration-ms="11379" started-at="2022-09-01T01:59:31Z" finished-at="2022-09-01T01:59:42Z">
          <reporter-output>
          </reporter-output>
        </test-method> <!-- CheckBoxTest -->
        <test-method status="PASS" signature="tearDown()[pri:0, instance:atlantamarket_UAT.MarketPlanner@4dfa3a9d]" name="tearDown" is-config="true" duration-ms="0" started-at="2022-09-01T01:59:42Z" finished-at="2022-09-01T01:59:42Z">
          <reporter-output>
          </reporter-output>
        </test-method> <!-- tearDown -->
      </class> <!-- atlantamarket_UAT.MarketPlanner -->
    </test> <!-- RegressionTest -->
  </suite> <!-- ATLMrkt_RegressionTestSuite -->
</testng-results>
