<?xml version="1.0" encoding="UTF-8"?>
<testng-results skipped="0" failed="0" total="1" passed="1">
  <reporter-output>
  </reporter-output>
  <suite name="Suite" duration-ms="42315" started-at="2022-12-12T11:30:41Z" finished-at="2022-12-12T11:31:23Z">
    <groups>
    </groups>
    <test name="Test" duration-ms="42315" started-at="2022-12-12T11:30:41Z" finished-at="2022-12-12T11:31:23Z">
      <class name="atlantamarket_UAT.ATL_LoginPage">
        <test-method status="PASS" signature="driverInitialize()[pri:0, instance:atlantamarket_UAT.ATL_LoginPage@53b32d7]" name="driverInitialize" is-config="true" duration-ms="3523" started-at="2022-12-12T17:00:41Z" finished-at="2022-12-12T17:00:45Z">
          <reporter-output>
          </reporter-output>
        </test-method> <!-- driverInitialize -->
        <test-method status="PASS" signature="loginTest()[pri:0, instance:atlantamarket_UAT.ATL_LoginPage@53b32d7]" name="loginTest" duration-ms="37112" started-at="2022-12-12T17:00:45Z" finished-at="2022-12-12T17:01:22Z">
          <reporter-output>
          </reporter-output>
        </test-method> <!-- loginTest -->
        <test-method status="PASS" signature="quitTest()[pri:0, instance:atlantamarket_UAT.ATL_LoginPage@53b32d7]" name="quitTest" is-config="true" duration-ms="1652" started-at="2022-12-12T17:01:22Z" finished-at="2022-12-12T17:01:23Z">
          <reporter-output>
          </reporter-output>
        </test-method> <!-- quitTest -->
      </class> <!-- atlantamarket_UAT.ATL_LoginPage -->
    </test> <!-- Test -->
  </suite> <!-- Suite -->
</testng-results>
