<?xml version="1.0" encoding="UTF-8"?>
<testng-results skipped="0" failed="0" total="1" passed="1">
  <reporter-output>
  </reporter-output>
  <suite name="ATLMrkt_RegressionTestSuite" duration-ms="58759" started-at="2022-06-21T13:01:34Z" finished-at="2022-06-21T13:02:33Z">
    <groups>
    </groups>
    <test name="RegressionTest" duration-ms="58759" started-at="2022-06-21T13:01:34Z" finished-at="2022-06-21T13:02:33Z">
      <class name="atlantamarket.FloorPlans">
        <test-method status="PASS" signature="initialize()[pri:0, instance:atlantamarket.FloorPlans@59f99ea]" name="initialize" is-config="true" duration-ms="48582" started-at="2022-06-21T18:31:34Z" finished-at="2022-06-21T18:32:23Z">
          <reporter-output>
          </reporter-output>
        </test-method> <!-- initialize -->
        <test-method status="PASS" signature="TS002_VerifyFloorPlansNavigationToDifferentFloorBuildingsTest()[pri:0, instance:atlantamarket.FloorPlans@59f99ea]" name="TS002_VerifyFloorPlansNavigationToDifferentFloorBuildingsTest" duration-ms="8534" started-at="2022-06-21T18:32:23Z" finished-at="2022-06-21T18:32:31Z">
          <reporter-output>
          </reporter-output>
        </test-method> <!-- TS002_VerifyFloorPlansNavigationToDifferentFloorBuildingsTest -->
        <test-method status="PASS" signature="tearDown()[pri:0, instance:atlantamarket.FloorPlans@59f99ea]" name="tearDown" is-config="true" duration-ms="1611" started-at="2022-06-21T18:32:31Z" finished-at="2022-06-21T18:32:33Z">
          <reporter-output>
          </reporter-output>
        </test-method> <!-- tearDown -->
      </class> <!-- atlantamarket.FloorPlans -->
    </test> <!-- RegressionTest -->
  </suite> <!-- ATLMrkt_RegressionTestSuite -->
</testng-results>
