<?xml version="1.0" encoding="UTF-8"?>
<testng-results skipped="0" failed="0" total="1" passed="1">
  <reporter-output>
  </reporter-output>
  <suite name="ATLMrkt_RegressionTestSuite" duration-ms="83177" started-at="2023-03-17T05:07:29Z" finished-at="2023-03-17T05:08:53Z">
    <groups>
    </groups>
    <test name="RegressionTest" duration-ms="83177" started-at="2023-03-17T05:07:29Z" finished-at="2023-03-17T05:08:53Z">
      <class name="atlantamarket_PROD.ExhibitorDigitalShowroom">
        <test-method status="PASS" signature="initialize()[pri:0, instance:atlantamarket_PROD.ExhibitorDigitalShowroom@e25b2fe]" name="initialize" is-config="true" duration-ms="53369" started-at="2023-03-17T10:37:29Z" finished-at="2023-03-17T10:38:23Z">
          <reporter-output>
          </reporter-output>
        </test-method> <!-- initialize -->
        <test-method status="PASS" signature="TS001_VerifyAddToFavoritesTest()[pri:0, instance:atlantamarket_PROD.ExhibitorDigitalShowroom@e25b2fe]" name="TS001_VerifyAddToFavoritesTest" duration-ms="29786" started-at="2023-03-17T10:38:23Z" finished-at="2023-03-17T10:38:52Z">
          <reporter-output>
          </reporter-output>
        </test-method> <!-- TS001_VerifyAddToFavoritesTest -->
      </class> <!-- atlantamarket_PROD.ExhibitorDigitalShowroom -->
    </test> <!-- RegressionTest -->
  </suite> <!-- ATLMrkt_RegressionTestSuite -->
</testng-results>
