<?xml version="1.0" encoding="UTF-8"?>
<testng-results skipped="0" failed="0" total="1" passed="1">
  <reporter-output>
  </reporter-output>
  <suite name="LVM_RegressionTestSuite" duration-ms="42613" started-at="2023-03-29T06:20:46Z" finished-at="2023-03-29T06:21:29Z">
    <groups>
    </groups>
    <test name="RegressionTest" duration-ms="42613" started-at="2023-03-29T06:20:46Z" finished-at="2023-03-29T06:21:29Z">
      <class name="atlantamarket_PROD.EvenntsAndWebinar">
        <test-method status="PASS" signature="initialize()[pri:0, instance:atlantamarket_PROD.EvenntsAndWebinar@6eebc39e]" name="initialize" is-config="true" duration-ms="25214" started-at="2023-03-29T11:50:46Z" finished-at="2023-03-29T11:51:11Z">
          <reporter-output>
          </reporter-output>
        </test-method> <!-- initialize -->
        <test-method status="PASS" signature="TS012_VerifyExhibitorEventsDetailstTest()[pri:0, instance:atlantamarket_PROD.EvenntsAndWebinar@6eebc39e]" name="TS012_VerifyExhibitorEventsDetailstTest" duration-ms="17375" started-at="2023-03-29T11:51:11Z" finished-at="2023-03-29T11:51:29Z">
          <reporter-output>
          </reporter-output>
        </test-method> <!-- TS012_VerifyExhibitorEventsDetailstTest -->
      </class> <!-- atlantamarket_PROD.EvenntsAndWebinar -->
    </test> <!-- RegressionTest -->
  </suite> <!-- LVM_RegressionTestSuite -->
</testng-results>
