<?xml version="1.0" encoding="UTF-8"?>
<testng-results skipped="0" failed="1" total="15" passed="14">
  <reporter-output>
  </reporter-output>
  <suite name="Suite" duration-ms="681690" started-at="2024-07-16T06:21:37Z" finished-at="2024-07-16T06:32:59Z">
    <groups>
    </groups>
    <test name="Test" duration-ms="681690" started-at="2024-07-16T06:21:37Z" finished-at="2024-07-16T06:32:59Z">
      <class name="lasvegasmarket_PROD.ExhibitorDigitalShowroom">
        <test-method status="PASS" signature="initialize()[pri:0, instance:lasvegasmarket_PROD.ExhibitorDigitalShowroom@1e643faf]" name="initialize" is-config="true" duration-ms="23067" started-at="2024-07-16T11:51:37Z" finished-at="2024-07-16T11:52:00Z">
          <reporter-output>
          </reporter-output>
        </test-method> <!-- initialize -->
        <test-method status="PASS" signature="TS001_VerifyClickOnLocationLinksForExhibitorDigitalShowroomTest()[pri:0, instance:lasvegasmarket_PROD.ExhibitorDigitalShowroom@1e643faf]" name="TS001_VerifyClickOnLocationLinksForExhibitorDigitalShowroomTest" duration-ms="34924" started-at="2024-07-16T11:52:00Z" finished-at="2024-07-16T11:52:35Z">
          <reporter-output>
          </reporter-output>
        </test-method> <!-- TS001_VerifyClickOnLocationLinksForExhibitorDigitalShowroomTest -->
        <test-method status="PASS" signature="TS002_VerifyClickOnTotalLinesSeeAllLinesForExhibitorTest()[pri:0, instance:lasvegasmarket_PROD.ExhibitorDigitalShowroom@1e643faf]" name="TS002_VerifyClickOnTotalLinesSeeAllLinesForExhibitorTest" duration-ms="74468" started-at="2024-07-16T11:52:35Z" finished-at="2024-07-16T11:53:50Z">
          <reporter-output>
          </reporter-output>
        </test-method> <!-- TS002_VerifyClickOnTotalLinesSeeAllLinesForExhibitorTest -->
        <test-method status="PASS" signature="TS003_VerifyClickOnProductShownLinkForExhibitorTest()[pri:0, instance:lasvegasmarket_PROD.ExhibitorDigitalShowroom@1e643faf]" name="TS003_VerifyClickOnProductShownLinkForExhibitorTest" duration-ms="55917" started-at="2024-07-16T11:53:50Z" finished-at="2024-07-16T11:54:46Z">
          <reporter-output>
          </reporter-output>
        </test-method> <!-- TS003_VerifyClickOnProductShownLinkForExhibitorTest -->
        <test-method status="PASS" signature="TS004_VerifyClickOnLineFiltersForExhibitorTest()[pri:0, instance:lasvegasmarket_PROD.ExhibitorDigitalShowroom@1e643faf]" name="TS004_VerifyClickOnLineFiltersForExhibitorTest" duration-ms="33931" started-at="2024-07-16T11:54:46Z" finished-at="2024-07-16T11:55:20Z">
          <reporter-output>
          </reporter-output>
        </test-method> <!-- TS004_VerifyClickOnLineFiltersForExhibitorTest -->
        <test-method status="PASS" signature="TS005_VerifyClickOnLineSearchForExhibitorTest()[pri:0, instance:lasvegasmarket_PROD.ExhibitorDigitalShowroom@1e643faf]" name="TS005_VerifyClickOnLineSearchForExhibitorTest" duration-ms="37342" started-at="2024-07-16T11:55:20Z" finished-at="2024-07-16T11:55:57Z">
          <reporter-output>
          </reporter-output>
        </test-method> <!-- TS005_VerifyClickOnLineSearchForExhibitorTest -->
        <test-method status="PASS" signature="TS006_VerifyExhibitorDigitalShowroomLinesComponentSeeAllLinesTest()[pri:0, instance:lasvegasmarket_PROD.ExhibitorDigitalShowroom@1e643faf]" name="TS006_VerifyExhibitorDigitalShowroomLinesComponentSeeAllLinesTest" duration-ms="32303" started-at="2024-07-16T11:55:57Z" finished-at="2024-07-16T11:56:29Z">
          <reporter-output>
          </reporter-output>
        </test-method> <!-- TS006_VerifyExhibitorDigitalShowroomLinesComponentSeeAllLinesTest -->
        <test-method status="PASS" signature="TS007_VerifyExhibitorDigitalShowroomProductsComponentSeeAllProductsTest()[pri:0, instance:lasvegasmarket_PROD.ExhibitorDigitalShowroom@1e643faf]" name="TS007_VerifyExhibitorDigitalShowroomProductsComponentSeeAllProductsTest" duration-ms="39167" started-at="2024-07-16T11:56:29Z" finished-at="2024-07-16T11:57:08Z">
          <reporter-output>
          </reporter-output>
        </test-method> <!-- TS007_VerifyExhibitorDigitalShowroomProductsComponentSeeAllProductsTest -->
        <test-method status="PASS" signature="TS008_VerifySeeInOtherMarketsForExhibitorTest()[pri:0, instance:lasvegasmarket_PROD.ExhibitorDigitalShowroom@1e643faf]" name="TS008_VerifySeeInOtherMarketsForExhibitorTest" duration-ms="48334" started-at="2024-07-16T11:57:08Z" finished-at="2024-07-16T11:57:57Z">
          <reporter-output>
          </reporter-output>
        </test-method> <!-- TS008_VerifySeeInOtherMarketsForExhibitorTest -->
        <test-method status="PASS" signature="TS009_VerifyExhibitorDigitalShowroomCatalogsComponentSeeAllCatalogsTest()[pri:0, instance:lasvegasmarket_PROD.ExhibitorDigitalShowroom@1e643faf]" name="TS009_VerifyExhibitorDigitalShowroomCatalogsComponentSeeAllCatalogsTest" duration-ms="35088" started-at="2024-07-16T11:57:57Z" finished-at="2024-07-16T11:58:32Z">
          <reporter-output>
          </reporter-output>
        </test-method> <!-- TS009_VerifyExhibitorDigitalShowroomCatalogsComponentSeeAllCatalogsTest -->
        <test-method status="PASS" signature="TS010_VerifyExhibitorDigitalShowroomHeroComponentVisitExhibitorsiteTest()[pri:0, instance:lasvegasmarket_PROD.ExhibitorDigitalShowroom@1e643faf]" name="TS010_VerifyExhibitorDigitalShowroomHeroComponentVisitExhibitorsiteTest" duration-ms="34396" started-at="2024-07-16T11:58:32Z" finished-at="2024-07-16T11:59:06Z">
          <reporter-output>
          </reporter-output>
        </test-method> <!-- TS010_VerifyExhibitorDigitalShowroomHeroComponentVisitExhibitorsiteTest -->
        <test-method status="PASS" signature="TS011_VerifyExhibitorDigitalShowroomHeroComponentView3DShowroomTest()[pri:0, instance:lasvegasmarket_PROD.ExhibitorDigitalShowroom@1e643faf]" name="TS011_VerifyExhibitorDigitalShowroomHeroComponentView3DShowroomTest" duration-ms="35196" started-at="2024-07-16T11:59:06Z" finished-at="2024-07-16T11:59:41Z">
          <reporter-output>
          </reporter-output>
        </test-method> <!-- TS011_VerifyExhibitorDigitalShowroomHeroComponentView3DShowroomTest -->
        <test-method status="PASS" signature="TS012_VerifyExhibitorDigitalEventsComponentTest()[pri:0, instance:lasvegasmarket_PROD.ExhibitorDigitalShowroom@1e643faf]" name="TS012_VerifyExhibitorDigitalEventsComponentTest" duration-ms="54364" started-at="2024-07-16T11:59:41Z" finished-at="2024-07-16T12:00:36Z">
          <reporter-output>
          </reporter-output>
        </test-method> <!-- TS012_VerifyExhibitorDigitalEventsComponentTest -->
        <test-method status="PASS" signature="TS013_VerifyCatalogsSectionForExhibitorTest()[pri:0, instance:lasvegasmarket_PROD.ExhibitorDigitalShowroom@1e643faf]" name="TS013_VerifyCatalogsSectionForExhibitorTest" duration-ms="76798" started-at="2024-07-16T12:00:36Z" finished-at="2024-07-16T12:01:53Z">
          <reporter-output>
          </reporter-output>
        </test-method> <!-- TS013_VerifyCatalogsSectionForExhibitorTest -->
        <test-method status="FAIL" signature="TS014_VerifyExhibitorDigitalShowroomShowSpecialsTest()[pri:0, instance:lasvegasmarket_PROD.ExhibitorDigitalShowroom@1e643faf]" name="TS014_VerifyExhibitorDigitalShowroomShowSpecialsTest" duration-ms="39486" started-at="2024-07-16T12:01:53Z" finished-at="2024-07-16T12:02:32Z">
          <exception class="java.lang.AssertionError">
            <message>
              <![CDATA[expected [true] but found [false]]]>
            </message>
            <full-stacktrace>
              <![CDATA[java.lang.AssertionError: expected [true] but found [false]
	at org.testng.Assert.fail(Assert.java:94)
	at org.testng.Assert.failNotEquals(Assert.java:496)
	at org.testng.Assert.assertTrue(Assert.java:42)
	at org.testng.Assert.assertTrue(Assert.java:52)
	at lasvegasmarket_PROD.ExhibitorDigitalShowroom.TS014_VerifyExhibitorDigitalShowroomShowSpecialsTest(ExhibitorDigitalShowroom.java:694)
	at sun.reflect.NativeMethodAccessorImpl.invoke0(Native Method)
	at sun.reflect.NativeMethodAccessorImpl.invoke(Unknown Source)
	at sun.reflect.DelegatingMethodAccessorImpl.invoke(Unknown Source)
	at java.lang.reflect.Method.invoke(Unknown Source)
	at org.testng.internal.MethodInvocationHelper.invokeMethod(MethodInvocationHelper.java:85)
	at org.testng.internal.Invoker.invokeMethod(Invoker.java:663)
	at org.testng.internal.Invoker.invokeTestMethod(Invoker.java:849)
	at org.testng.internal.Invoker.invokeTestMethods(Invoker.java:1157)
	at org.testng.internal.TestMethodWorker.invokeTestMethods(TestMethodWorker.java:124)
	at org.testng.internal.TestMethodWorker.run(TestMethodWorker.java:108)
	at org.testng.TestRunner.privateRun(TestRunner.java:771)
	at org.testng.TestRunner.run(TestRunner.java:621)
	at org.testng.SuiteRunner.runTest(SuiteRunner.java:357)
	at org.testng.SuiteRunner.runSequentially(SuiteRunner.java:352)
	at org.testng.SuiteRunner.privateRun(SuiteRunner.java:310)
	at org.testng.SuiteRunner.run(SuiteRunner.java:259)
	at org.testng.SuiteRunnerWorker.runSuite(SuiteRunnerWorker.java:52)
	at org.testng.SuiteRunnerWorker.run(SuiteRunnerWorker.java:86)
	at org.testng.TestNG.runSuitesSequentially(TestNG.java:1200)
	at org.testng.TestNG.runSuitesLocally(TestNG.java:1125)
	at org.testng.TestNG.run(TestNG.java:1033)
	at org.testng.remote.RemoteTestNG.run(RemoteTestNG.java:111)
	at org.testng.remote.RemoteTestNG.initAndRun(RemoteTestNG.java:204)
	at org.testng.remote.RemoteTestNG.main(RemoteTestNG.java:175)
]]>
            </full-stacktrace>
          </exception> <!-- java.lang.AssertionError -->
          <reporter-output>
          </reporter-output>
        </test-method> <!-- TS014_VerifyExhibitorDigitalShowroomShowSpecialsTest -->
        <test-method status="PASS" signature="TS015_VerifyExhibitorDigitalShowroomHeroComponentContactExhibitorTest()[pri:0, instance:lasvegasmarket_PROD.ExhibitorDigitalShowroom@1e643faf]" name="TS015_VerifyExhibitorDigitalShowroomHeroComponentContactExhibitorTest" duration-ms="24779" started-at="2024-07-16T12:02:32Z" finished-at="2024-07-16T12:02:57Z">
          <reporter-output>
          </reporter-output>
        </test-method> <!-- TS015_VerifyExhibitorDigitalShowroomHeroComponentContactExhibitorTest -->
        <test-method status="PASS" signature="tearDown()[pri:0, instance:lasvegasmarket_PROD.ExhibitorDigitalShowroom@1e643faf]" name="tearDown" is-config="true" duration-ms="2000" started-at="2024-07-16T12:02:57Z" finished-at="2024-07-16T12:02:59Z">
          <reporter-output>
          </reporter-output>
        </test-method> <!-- tearDown -->
      </class> <!-- lasvegasmarket_PROD.ExhibitorDigitalShowroom -->
    </test> <!-- Test -->
  </suite> <!-- Suite -->
</testng-results>
