<?xml version="1.0" encoding="UTF-8"?>
<testng-results skipped="0" failed="2" total="10" passed="8">
  <reporter-output>
  </reporter-output>
  <suite name="ATLMrkt_RegressionTestSuite" duration-ms="626069" started-at="2022-06-10T12:48:15Z" finished-at="2022-06-10T12:58:41Z">
    <groups>
    </groups>
    <test name="RegressionTest" duration-ms="626069" started-at="2022-06-10T12:48:15Z" finished-at="2022-06-10T12:58:41Z">
      <class name="atlantamarket.GlobalSearch_LineActions">
        <test-method status="PASS" signature="initialize()[pri:0, instance:atlantamarket.GlobalSearch_LineActions@26653222]" name="initialize" is-config="true" duration-ms="67654" started-at="2022-06-10T18:18:15Z" finished-at="2022-06-10T18:19:22Z">
          <reporter-output>
          </reporter-output>
        </test-method> <!-- initialize -->
        <test-method status="PASS" signature="TS001_VerifyMarketPlannerLoginTest()[pri:0, instance:atlantamarket.GlobalSearch_LineActions@26653222]" name="TS001_VerifyMarketPlannerLoginTest" duration-ms="40959" started-at="2022-06-10T18:19:22Z" finished-at="2022-06-10T18:20:03Z">
          <reporter-output>
          </reporter-output>
        </test-method> <!-- TS001_VerifyMarketPlannerLoginTest -->
        <test-method status="PASS" signature="TS002_VerifyClickOnContactExhIconForLineTest()[pri:0, instance:atlantamarket.GlobalSearch_LineActions@26653222]" name="TS002_VerifyClickOnContactExhIconForLineTest" duration-ms="44056" started-at="2022-06-10T18:20:03Z" finished-at="2022-06-10T18:20:47Z">
          <reporter-output>
          </reporter-output>
        </test-method> <!-- TS002_VerifyClickOnContactExhIconForLineTest -->
        <test-method status="PASS" signature="TS003_VerifyAddToFavoriteForLineTest()[pri:0, instance:atlantamarket.GlobalSearch_LineActions@26653222]" name="TS003_VerifyAddToFavoriteForLineTest" duration-ms="63006" started-at="2022-06-10T18:20:47Z" finished-at="2022-06-10T18:21:51Z">
          <reporter-output>
          </reporter-output>
        </test-method> <!-- TS003_VerifyAddToFavoriteForLineTest -->
        <test-method status="PASS" signature="TS004_VerifyClickOnOrderOnJuniperMarketBtnForLineTest()[pri:0, instance:atlantamarket.GlobalSearch_LineActions@26653222]" name="TS004_VerifyClickOnOrderOnJuniperMarketBtnForLineTest" duration-ms="48833" started-at="2022-06-10T18:21:51Z" finished-at="2022-06-10T18:22:39Z">
          <reporter-output>
          </reporter-output>
        </test-method> <!-- TS004_VerifyClickOnOrderOnJuniperMarketBtnForLineTest -->
        <test-method status="PASS" signature="TS005_VerifyAddToNewListForLineTest()[pri:0, instance:atlantamarket.GlobalSearch_LineActions@26653222]" name="TS005_VerifyAddToNewListForLineTest" duration-ms="85405" started-at="2022-06-10T18:22:39Z" finished-at="2022-06-10T18:24:05Z">
          <reporter-output>
          </reporter-output>
        </test-method> <!-- TS005_VerifyAddToNewListForLineTest -->
        <test-method status="PASS" signature="TS006_VerifyAddToExistingListForLineTest()[pri:0, instance:atlantamarket.GlobalSearch_LineActions@26653222]" name="TS006_VerifyAddToExistingListForLineTest" duration-ms="100613" started-at="2022-06-10T18:24:05Z" finished-at="2022-06-10T18:25:45Z">
          <reporter-output>
          </reporter-output>
        </test-method> <!-- TS006_VerifyAddToExistingListForLineTest -->
        <test-method status="PASS" signature="TS007_VerifyClickOnShownByExhibitorNameLinkForLineTest()[pri:0, instance:atlantamarket.GlobalSearch_LineActions@26653222]" name="TS007_VerifyClickOnShownByExhibitorNameLinkForLineTest" duration-ms="45499" started-at="2022-06-10T18:25:45Z" finished-at="2022-06-10T18:26:31Z">
          <reporter-output>
          </reporter-output>
        </test-method> <!-- TS007_VerifyClickOnShownByExhibitorNameLinkForLineTest -->
        <test-method status="PASS" signature="TS008_VerifyClickOnLocationLinkForLineTest()[pri:0, instance:atlantamarket.GlobalSearch_LineActions@26653222]" name="TS008_VerifyClickOnLocationLinkForLineTest" duration-ms="47232" started-at="2022-06-10T18:26:31Z" finished-at="2022-06-10T18:27:18Z">
          <reporter-output>
          </reporter-output>
        </test-method> <!-- TS008_VerifyClickOnLocationLinkForLineTest -->
        <test-method status="FAIL" signature="TS009_VerifyClickOnMatchingProductsSeeAllLinkForLineTest()[pri:0, instance:atlantamarket.GlobalSearch_LineActions@26653222]" name="TS009_VerifyClickOnMatchingProductsSeeAllLinkForLineTest" duration-ms="36454" started-at="2022-06-10T18:27:18Z" finished-at="2022-06-10T18:27:55Z">
          <exception class="java.lang.AssertionError">
            <message>
              <![CDATA[expected [true] but found [false]]]>
            </message>
            <full-stacktrace>
              <![CDATA[java.lang.AssertionError: expected [true] but found [false]
	at org.testng.Assert.fail(Assert.java:94)
	at org.testng.Assert.failNotEquals(Assert.java:494)
	at org.testng.Assert.assertTrue(Assert.java:42)
	at org.testng.Assert.assertTrue(Assert.java:52)
	at atlantamarket.GlobalSearch_LineActions.TS009_VerifyClickOnMatchingProductsSeeAllLinkForLineTest(GlobalSearch_LineActions.java:425)
	at sun.reflect.NativeMethodAccessorImpl.invoke0(Native Method)
	at sun.reflect.NativeMethodAccessorImpl.invoke(Unknown Source)
	at sun.reflect.DelegatingMethodAccessorImpl.invoke(Unknown Source)
	at java.lang.reflect.Method.invoke(Unknown Source)
	at org.testng.internal.MethodInvocationHelper.invokeMethod(MethodInvocationHelper.java:80)
	at org.testng.internal.Invoker.invokeMethod(Invoker.java:714)
	at org.testng.internal.Invoker.invokeTestMethod(Invoker.java:901)
	at org.testng.internal.Invoker.invokeTestMethods(Invoker.java:1231)
	at org.testng.internal.TestMethodWorker.invokeTestMethods(TestMethodWorker.java:127)
	at org.testng.internal.TestMethodWorker.run(TestMethodWorker.java:111)
	at org.testng.TestRunner.privateRun(TestRunner.java:767)
	at org.testng.TestRunner.run(TestRunner.java:617)
	at org.testng.SuiteRunner.runTest(SuiteRunner.java:334)
	at org.testng.SuiteRunner.runSequentially(SuiteRunner.java:329)
	at org.testng.SuiteRunner.privateRun(SuiteRunner.java:291)
	at org.testng.SuiteRunner.run(SuiteRunner.java:240)
	at org.testng.SuiteRunnerWorker.runSuite(SuiteRunnerWorker.java:52)
	at org.testng.SuiteRunnerWorker.run(SuiteRunnerWorker.java:86)
	at org.testng.TestNG.runSuitesSequentially(TestNG.java:1198)
	at org.testng.TestNG.runSuitesLocally(TestNG.java:1123)
	at org.testng.TestNG.run(TestNG.java:1031)
	at org.testng.remote.AbstractRemoteTestNG.run(AbstractRemoteTestNG.java:132)
	at org.testng.remote.RemoteTestNG.initAndRun(RemoteTestNG.java:236)
	at org.testng.remote.RemoteTestNG.main(RemoteTestNG.java:81)
]]>
            </full-stacktrace>
          </exception> <!-- java.lang.AssertionError -->
          <reporter-output>
          </reporter-output>
        </test-method> <!-- TS009_VerifyClickOnMatchingProductsSeeAllLinkForLineTest -->
        <test-method status="FAIL" signature="TS010_VerifyClickOnTotalProductsSeeAllLinkForLineTest()[pri:0, instance:atlantamarket.GlobalSearch_LineActions@26653222]" name="TS010_VerifyClickOnTotalProductsSeeAllLinkForLineTest" duration-ms="36123" started-at="2022-06-10T18:27:56Z" finished-at="2022-06-10T18:28:32Z">
          <exception class="java.lang.AssertionError">
            <message>
              <![CDATA[expected [true] but found [false]]]>
            </message>
            <full-stacktrace>
              <![CDATA[java.lang.AssertionError: expected [true] but found [false]
	at org.testng.Assert.fail(Assert.java:94)
	at org.testng.Assert.failNotEquals(Assert.java:494)
	at org.testng.Assert.assertTrue(Assert.java:42)
	at org.testng.Assert.assertTrue(Assert.java:52)
	at atlantamarket.GlobalSearch_LineActions.TS010_VerifyClickOnTotalProductsSeeAllLinkForLineTest(GlobalSearch_LineActions.java:472)
	at sun.reflect.NativeMethodAccessorImpl.invoke0(Native Method)
	at sun.reflect.NativeMethodAccessorImpl.invoke(Unknown Source)
	at sun.reflect.DelegatingMethodAccessorImpl.invoke(Unknown Source)
	at java.lang.reflect.Method.invoke(Unknown Source)
	at org.testng.internal.MethodInvocationHelper.invokeMethod(MethodInvocationHelper.java:80)
	at org.testng.internal.Invoker.invokeMethod(Invoker.java:714)
	at org.testng.internal.Invoker.invokeTestMethod(Invoker.java:901)
	at org.testng.internal.Invoker.invokeTestMethods(Invoker.java:1231)
	at org.testng.internal.TestMethodWorker.invokeTestMethods(TestMethodWorker.java:127)
	at org.testng.internal.TestMethodWorker.run(TestMethodWorker.java:111)
	at org.testng.TestRunner.privateRun(TestRunner.java:767)
	at org.testng.TestRunner.run(TestRunner.java:617)
	at org.testng.SuiteRunner.runTest(SuiteRunner.java:334)
	at org.testng.SuiteRunner.runSequentially(SuiteRunner.java:329)
	at org.testng.SuiteRunner.privateRun(SuiteRunner.java:291)
	at org.testng.SuiteRunner.run(SuiteRunner.java:240)
	at org.testng.SuiteRunnerWorker.runSuite(SuiteRunnerWorker.java:52)
	at org.testng.SuiteRunnerWorker.run(SuiteRunnerWorker.java:86)
	at org.testng.TestNG.runSuitesSequentially(TestNG.java:1198)
	at org.testng.TestNG.runSuitesLocally(TestNG.java:1123)
	at org.testng.TestNG.run(TestNG.java:1031)
	at org.testng.remote.AbstractRemoteTestNG.run(AbstractRemoteTestNG.java:132)
	at org.testng.remote.RemoteTestNG.initAndRun(RemoteTestNG.java:236)
	at org.testng.remote.RemoteTestNG.main(RemoteTestNG.java:81)
]]>
            </full-stacktrace>
          </exception> <!-- java.lang.AssertionError -->
          <reporter-output>
          </reporter-output>
        </test-method> <!-- TS010_VerifyClickOnTotalProductsSeeAllLinkForLineTest -->
        <test-method status="PASS" signature="tearDown()[pri:0, instance:atlantamarket.GlobalSearch_LineActions@26653222]" name="tearDown" is-config="true" duration-ms="8777" started-at="2022-06-10T18:28:32Z" finished-at="2022-06-10T18:28:41Z">
          <reporter-output>
          </reporter-output>
        </test-method> <!-- tearDown -->
      </class> <!-- atlantamarket.GlobalSearch_LineActions -->
    </test> <!-- RegressionTest -->
  </suite> <!-- ATLMrkt_RegressionTestSuite -->
</testng-results>
