<?xml version="1.0" encoding="UTF-8"?>
<testng-results skipped="0" failed="0" total="1" passed="1">
  <reporter-output>
  </reporter-output>
  <suite name="LVM_RegressionTestSuite" duration-ms="100889" started-at="2023-03-17T13:12:15Z" finished-at="2023-03-17T13:13:56Z">
    <groups>
    </groups>
    <test name="RegressionTest" duration-ms="100889" started-at="2023-03-17T13:12:15Z" finished-at="2023-03-17T13:13:56Z">
      <class name="lasvegasmarket_UAT.GlobalSearch_ExhibitorActions">
        <test-method status="PASS" signature="initialize()[pri:0, instance:lasvegasmarket_UAT.GlobalSearch_ExhibitorActions@146ba0ac]" name="initialize" is-config="true" duration-ms="70826" started-at="2023-03-17T18:42:15Z" finished-at="2023-03-17T18:43:26Z">
          <reporter-output>
          </reporter-output>
        </test-method> <!-- initialize -->
        <test-method status="PASS" signature="TS001_VerifyAddToFavoriteForExhibitorTest()[pri:0, instance:lasvegasmarket_UAT.GlobalSearch_ExhibitorActions@146ba0ac]" name="TS001_VerifyAddToFavoriteForExhibitorTest" duration-ms="30039" started-at="2023-03-17T18:43:26Z" finished-at="2023-03-17T18:43:56Z">
          <reporter-output>
          </reporter-output>
        </test-method> <!-- TS001_VerifyAddToFavoriteForExhibitorTest -->
        <test-method status="PASS" signature="tearDown()[pri:0, instance:lasvegasmarket_UAT.GlobalSearch_ExhibitorActions@146ba0ac]" name="tearDown" is-config="true" duration-ms="0" started-at="2023-03-17T18:43:56Z" finished-at="2023-03-17T18:43:56Z">
          <reporter-output>
          </reporter-output>
        </test-method> <!-- tearDown -->
      </class> <!-- lasvegasmarket_UAT.GlobalSearch_ExhibitorActions -->
    </test> <!-- RegressionTest -->
  </suite> <!-- LVM_RegressionTestSuite -->
</testng-results>
