<?xml version="1.0" encoding="UTF-8"?>
<testng-results skipped="0" failed="0" total="1" passed="1">
  <reporter-output>
  </reporter-output>
  <suite name="ATLMrkt_RegressionTestSuite" duration-ms="102993" started-at="2022-11-24T06:32:27Z" finished-at="2022-11-24T06:34:10Z">
    <groups>
    </groups>
    <test name="RegressionTest" duration-ms="102993" started-at="2022-11-24T06:32:27Z" finished-at="2022-11-24T06:34:10Z">
      <class name="atlantamarket_PROD.ExhibitorDigitalShowroom">
        <test-method status="PASS" signature="initialize()[pri:0, instance:atlantamarket_PROD.ExhibitorDigitalShowroom@204f30ec]" name="initialize" is-config="true" duration-ms="58177" started-at="2022-11-24T12:02:27Z" finished-at="2022-11-24T12:03:25Z">
          <reporter-output>
          </reporter-output>
        </test-method> <!-- initialize -->
        <test-method status="PASS" signature="TS013_VerifySeeInOtherMarketsForExhibitorTest()[pri:0, instance:atlantamarket_PROD.ExhibitorDigitalShowroom@204f30ec]" name="TS013_VerifySeeInOtherMarketsForExhibitorTest" duration-ms="44779" started-at="2022-11-24T12:03:25Z" finished-at="2022-11-24T12:04:10Z">
          <reporter-output>
          </reporter-output>
        </test-method> <!-- TS013_VerifySeeInOtherMarketsForExhibitorTest -->
      </class> <!-- atlantamarket_PROD.ExhibitorDigitalShowroom -->
    </test> <!-- RegressionTest -->
  </suite> <!-- ATLMrkt_RegressionTestSuite -->
</testng-results>
