<?xml version="1.0" encoding="UTF-8"?>
<testng-results skipped="0" failed="0" total="1" passed="1">
  <reporter-output>
  </reporter-output>
  <suite name="LVM_RegressionTestSuite" duration-ms="189164" started-at="2023-03-29T10:36:46Z" finished-at="2023-03-29T10:39:55Z">
    <groups>
    </groups>
    <test name="RegressionTest" duration-ms="189164" started-at="2023-03-29T10:36:46Z" finished-at="2023-03-29T10:39:55Z">
      <class name="lasvegasmarket_PROD.EvenntsAndWebinar">
        <test-method status="PASS" signature="initialize()[pri:0, instance:lasvegasmarket_PROD.EvenntsAndWebinar@f6c48ac]" name="initialize" is-config="true" duration-ms="81864" started-at="2023-03-29T16:06:46Z" finished-at="2023-03-29T16:08:08Z">
          <reporter-output>
          </reporter-output>
        </test-method> <!-- initialize -->
        <test-method status="PASS" signature="TS010_VerifyExhibitorEventsCalendarViewTest()[pri:0, instance:lasvegasmarket_PROD.EvenntsAndWebinar@f6c48ac]" name="TS010_VerifyExhibitorEventsCalendarViewTest" duration-ms="107289" started-at="2023-03-29T16:08:08Z" finished-at="2023-03-29T16:09:55Z">
          <reporter-output>
          </reporter-output>
        </test-method> <!-- TS010_VerifyExhibitorEventsCalendarViewTest -->
        <test-method status="PASS" signature="tearDown()[pri:0, instance:lasvegasmarket_PROD.EvenntsAndWebinar@f6c48ac]" name="tearDown" is-config="true" duration-ms="0" started-at="2023-03-29T16:09:55Z" finished-at="2023-03-29T16:09:55Z">
          <reporter-output>
          </reporter-output>
        </test-method> <!-- tearDown -->
      </class> <!-- lasvegasmarket_PROD.EvenntsAndWebinar -->
    </test> <!-- RegressionTest -->
  </suite> <!-- LVM_RegressionTestSuite -->
</testng-results>
