<?xml version="1.0" encoding="UTF-8"?>
<testng-results skipped="0" failed="7" total="39" passed="32">
  <reporter-output>
  </reporter-output>
  <suite name="LVM_RegressionTestSuite" duration-ms="1672307" started-at="2023-10-13T07:34:41Z" finished-at="2023-10-13T08:02:34Z">
    <groups>
    </groups>
    <test name="RegressionTest" duration-ms="1672307" started-at="2023-10-13T07:34:41Z" finished-at="2023-10-13T08:02:34Z">
      <class name="lasvegasmarket_PROD.GlobalSearch_ExhibitorActions">
        <test-method status="PASS" signature="initialize()[pri:0, instance:lasvegasmarket_PROD.GlobalSearch_ExhibitorActions@754ba872]" name="initialize" is-config="true" duration-ms="33406" started-at="2023-10-13T13:28:45Z" finished-at="2023-10-13T13:29:19Z">
          <reporter-output>
          </reporter-output>
        </test-method> <!-- initialize -->
        <test-method status="PASS" signature="TS004_VerifyClickOnContactExhIconForExhibitorTest()[pri:0, instance:lasvegasmarket_PROD.GlobalSearch_ExhibitorActions@754ba872]" name="TS004_VerifyClickOnContactExhIconForExhibitorTest" duration-ms="13911" started-at="2023-10-13T13:29:19Z" finished-at="2023-10-13T13:29:33Z">
          <reporter-output>
          </reporter-output>
        </test-method> <!-- TS004_VerifyClickOnContactExhIconForExhibitorTest -->
        <test-method status="PASS" signature="TS005_VerifyClickOnLocationLinksForExhibitorTest()[pri:0, instance:lasvegasmarket_PROD.GlobalSearch_ExhibitorActions@754ba872]" name="TS005_VerifyClickOnLocationLinksForExhibitorTest" duration-ms="30832" started-at="2023-10-13T13:29:33Z" finished-at="2023-10-13T13:30:03Z">
          <reporter-output>
          </reporter-output>
        </test-method> <!-- TS005_VerifyClickOnLocationLinksForExhibitorTest -->
        <test-method status="PASS" signature="TS006_VerifyClickOnLinesShownLinkForExhibitorTest()[pri:0, instance:lasvegasmarket_PROD.GlobalSearch_ExhibitorActions@754ba872]" name="TS006_VerifyClickOnLinesShownLinkForExhibitorTest" duration-ms="40960" started-at="2023-10-13T13:30:03Z" finished-at="2023-10-13T13:30:44Z">
          <reporter-output>
          </reporter-output>
        </test-method> <!-- TS006_VerifyClickOnLinesShownLinkForExhibitorTest -->
        <test-method status="FAIL" signature="TS007_VerifyClickOnTotalProductsSeeAllLinkForExhibitorTest()[pri:0, instance:lasvegasmarket_PROD.GlobalSearch_ExhibitorActions@754ba872]" name="TS007_VerifyClickOnTotalProductsSeeAllLinkForExhibitorTest" duration-ms="38275" started-at="2023-10-13T13:30:44Z" finished-at="2023-10-13T13:31:23Z">
          <exception class="java.lang.AssertionError">
            <message>
              <![CDATA[expected [224567] but found [331735]]]>
            </message>
            <full-stacktrace>
              <![CDATA[java.lang.AssertionError: expected [224567] but found [331735]
	at org.testng.Assert.fail(Assert.java:94)
	at org.testng.Assert.failNotEquals(Assert.java:494)
	at org.testng.Assert.assertEquals(Assert.java:123)
	at org.testng.Assert.assertEquals(Assert.java:176)
	at org.testng.Assert.assertEquals(Assert.java:186)
	at lasvegasmarket_PROD.GlobalSearch_ExhibitorActions.TS007_VerifyClickOnTotalProductsSeeAllLinkForExhibitorTest(GlobalSearch_ExhibitorActions.java:407)
	at sun.reflect.NativeMethodAccessorImpl.invoke0(Native Method)
	at sun.reflect.NativeMethodAccessorImpl.invoke(Unknown Source)
	at sun.reflect.DelegatingMethodAccessorImpl.invoke(Unknown Source)
	at java.lang.reflect.Method.invoke(Unknown Source)
	at org.testng.internal.MethodInvocationHelper.invokeMethod(MethodInvocationHelper.java:80)
	at org.testng.internal.Invoker.invokeMethod(Invoker.java:714)
	at org.testng.internal.Invoker.invokeTestMethod(Invoker.java:901)
	at org.testng.internal.Invoker.invokeTestMethods(Invoker.java:1231)
	at org.testng.internal.TestMethodWorker.invokeTestMethods(TestMethodWorker.java:127)
	at org.testng.internal.TestMethodWorker.run(TestMethodWorker.java:111)
	at java.util.concurrent.ThreadPoolExecutor.runWorker(Unknown Source)
	at java.util.concurrent.ThreadPoolExecutor$Worker.run(Unknown Source)
	at java.lang.Thread.run(Unknown Source)
]]>
            </full-stacktrace>
          </exception> <!-- java.lang.AssertionError -->
          <reporter-output>
          </reporter-output>
        </test-method> <!-- TS007_VerifyClickOnTotalProductsSeeAllLinkForExhibitorTest -->
        <test-method status="FAIL" signature="TS008_VerifyClickOnMatchingProductsSeeAllLinkForExhibitorTest()[pri:0, instance:lasvegasmarket_PROD.GlobalSearch_ExhibitorActions@754ba872]" name="TS008_VerifyClickOnMatchingProductsSeeAllLinkForExhibitorTest" duration-ms="34166" started-at="2023-10-13T13:31:23Z" finished-at="2023-10-13T13:31:57Z">
          <exception class="java.lang.AssertionError">
            <message>
              <![CDATA[expected [371] but found [373]]]>
            </message>
            <full-stacktrace>
              <![CDATA[java.lang.AssertionError: expected [371] but found [373]
	at org.testng.Assert.fail(Assert.java:94)
	at org.testng.Assert.failNotEquals(Assert.java:494)
	at org.testng.Assert.assertEquals(Assert.java:123)
	at org.testng.Assert.assertEquals(Assert.java:176)
	at org.testng.Assert.assertEquals(Assert.java:186)
	at lasvegasmarket_PROD.GlobalSearch_ExhibitorActions.TS008_VerifyClickOnMatchingProductsSeeAllLinkForExhibitorTest(GlobalSearch_ExhibitorActions.java:452)
	at sun.reflect.NativeMethodAccessorImpl.invoke0(Native Method)
	at sun.reflect.NativeMethodAccessorImpl.invoke(Unknown Source)
	at sun.reflect.DelegatingMethodAccessorImpl.invoke(Unknown Source)
	at java.lang.reflect.Method.invoke(Unknown Source)
	at org.testng.internal.MethodInvocationHelper.invokeMethod(MethodInvocationHelper.java:80)
	at org.testng.internal.Invoker.invokeMethod(Invoker.java:714)
	at org.testng.internal.Invoker.invokeTestMethod(Invoker.java:901)
	at org.testng.internal.Invoker.invokeTestMethods(Invoker.java:1231)
	at org.testng.internal.TestMethodWorker.invokeTestMethods(TestMethodWorker.java:127)
	at org.testng.internal.TestMethodWorker.run(TestMethodWorker.java:111)
	at java.util.concurrent.ThreadPoolExecutor.runWorker(Unknown Source)
	at java.util.concurrent.ThreadPoolExecutor$Worker.run(Unknown Source)
	at java.lang.Thread.run(Unknown Source)
]]>
            </full-stacktrace>
          </exception> <!-- java.lang.AssertionError -->
          <reporter-output>
          </reporter-output>
        </test-method> <!-- TS008_VerifyClickOnMatchingProductsSeeAllLinkForExhibitorTest -->
        <test-method status="PASS" signature="TS010_VerifySelectionOfExhibitorFromSearchResultsTest()[pri:0, instance:lasvegasmarket_PROD.GlobalSearch_ExhibitorActions@754ba872]" name="TS010_VerifySelectionOfExhibitorFromSearchResultsTest" duration-ms="36242" started-at="2023-10-13T13:31:57Z" finished-at="2023-10-13T13:32:34Z">
          <reporter-output>
          </reporter-output>
        </test-method> <!-- TS010_VerifySelectionOfExhibitorFromSearchResultsTest -->
        <test-method status="PASS" signature="tearDown()[pri:0, instance:lasvegasmarket_PROD.GlobalSearch_ExhibitorActions@754ba872]" name="tearDown" is-config="true" duration-ms="0" started-at="2023-10-13T13:32:34Z" finished-at="2023-10-13T13:32:34Z">
          <reporter-output>
          </reporter-output>
        </test-method> <!-- tearDown -->
      </class> <!-- lasvegasmarket_PROD.GlobalSearch_ExhibitorActions -->
      <class name="lasvegasmarket_PROD.LineDigitalShowroom">
        <test-method status="PASS" signature="initialize()[pri:0, instance:lasvegasmarket_PROD.LineDigitalShowroom@e25b2fe]" name="initialize" is-config="true" duration-ms="64765" started-at="2023-10-13T13:24:06Z" finished-at="2023-10-13T13:25:11Z">
          <reporter-output>
          </reporter-output>
        </test-method> <!-- initialize -->
        <test-method status="PASS" signature="TS001_VerifyLineDigitalShowroomHeroComponentShownByExhibitorNamaeTest()[pri:0, instance:lasvegasmarket_PROD.LineDigitalShowroom@e25b2fe]" name="TS001_VerifyLineDigitalShowroomHeroComponentShownByExhibitorNamaeTest" duration-ms="10550" started-at="2023-10-13T13:25:11Z" finished-at="2023-10-13T13:25:22Z">
          <reporter-output>
          </reporter-output>
        </test-method> <!-- TS001_VerifyLineDigitalShowroomHeroComponentShownByExhibitorNamaeTest -->
        <test-method status="FAIL" signature="TS002_VerifyLineDigitalShowroomHeroComponentLocationLinksTest()[pri:0, instance:lasvegasmarket_PROD.LineDigitalShowroom@e25b2fe]" name="TS002_VerifyLineDigitalShowroomHeroComponentLocationLinksTest" duration-ms="37646" started-at="2023-10-13T13:25:22Z" finished-at="2023-10-13T13:25:59Z">
          <exception class="org.openqa.selenium.TimeoutException">
            <message>
              <![CDATA[Expected condition failed: waiting for visibility of element located by By.xpath: (//div[@ID='react-autowhatever-input-1']/ul/li)[1] (tried for 30 second(s) with 500 milliseconds interval)]]>
            </message>
            <full-stacktrace>
              <![CDATA[org.openqa.selenium.TimeoutException: Expected condition failed: waiting for visibility of element located by By.xpath: (//div[@ID='react-autowhatever-input-1']/ul/li)[1] (tried for 30 second(s) with 500 milliseconds interval)
	at org.openqa.selenium.support.ui.WebDriverWait.timeoutException(WebDriverWait.java:95)
	at org.openqa.selenium.support.ui.FluentWait.until(FluentWait.java:272)
	at pageObjects.LasVegasMarket.LVMLineDigitalShowroomPage.getsuggetionList(LVMLineDigitalShowroomPage.java:140)
	at lasvegasmarket_PROD.LineDigitalShowroom.TS002_VerifyLineDigitalShowroomHeroComponentLocationLinksTest(LineDigitalShowroom.java:125)
	at sun.reflect.NativeMethodAccessorImpl.invoke0(Native Method)
	at sun.reflect.NativeMethodAccessorImpl.invoke(Unknown Source)
	at sun.reflect.DelegatingMethodAccessorImpl.invoke(Unknown Source)
	at java.lang.reflect.Method.invoke(Unknown Source)
	at org.testng.internal.MethodInvocationHelper.invokeMethod(MethodInvocationHelper.java:80)
	at org.testng.internal.Invoker.invokeMethod(Invoker.java:714)
	at org.testng.internal.Invoker.invokeTestMethod(Invoker.java:901)
	at org.testng.internal.Invoker.invokeTestMethods(Invoker.java:1231)
	at org.testng.internal.TestMethodWorker.invokeTestMethods(TestMethodWorker.java:127)
	at org.testng.internal.TestMethodWorker.run(TestMethodWorker.java:111)
	at java.util.concurrent.ThreadPoolExecutor.runWorker(Unknown Source)
	at java.util.concurrent.ThreadPoolExecutor$Worker.run(Unknown Source)
	at java.lang.Thread.run(Unknown Source)
Caused by: org.openqa.selenium.NoSuchElementException: no such element: Unable to locate element: {"method":"xpath","selector":"(//div[@ID='react-autowhatever-input-1']/ul/li)[1]"}
  (Session info: chrome=117.0.5938.132)
For documentation on this error, please visit: https://www.seleniumhq.org/exceptions/no_such_element.html
Build info: version: '3.141.59', revision: 'e82be7d358', time: '2018-11-14T08:25:48'
System info: host: 'EON-SWAPNILI', ip: '172.22.22.78', os.name: 'Windows 10', os.arch: 'amd64', os.version: '10.0', java.version: '1.8.0_311'
Driver info: org.openqa.selenium.chrome.ChromeDriver
Capabilities {acceptInsecureCerts: false, browserName: chrome, browserVersion: 117.0.5938.132, chrome: {chromedriverVersion: 117.0.5938.149 (e3344ddefa1..., userDataDir: C:\Users\swapnili\AppData\L...}, fedcm:accounts: true, goog:chromeOptions: {debuggerAddress: localhost:51951}, javascriptEnabled: true, networkConnectionEnabled: false, pageLoadStrategy: normal, platform: WINDOWS, platformName: WINDOWS, proxy: Proxy(), setWindowRect: true, strictFileInteractability: false, timeouts: {implicit: 0, pageLoad: 300000, script: 30000}, unhandledPromptBehavior: dismiss and notify, webauthn:extension:credBlob: true, webauthn:extension:largeBlob: true, webauthn:extension:minPinLength: true, webauthn:extension:prf: true, webauthn:virtualAuthenticators: true}
Session ID: f8ad0700e073f668e38c85ef05ebd7c6
*** Element info: {Using=xpath, value=(//div[@ID='react-autowhatever-input-1']/ul/li)[1]}
	at sun.reflect.NativeConstructorAccessorImpl.newInstance0(Native Method)
	at sun.reflect.NativeConstructorAccessorImpl.newInstance(Unknown Source)
	at sun.reflect.DelegatingConstructorAccessorImpl.newInstance(Unknown Source)
	at java.lang.reflect.Constructor.newInstance(Unknown Source)
	at org.openqa.selenium.remote.http.W3CHttpResponseCodec.createException(W3CHttpResponseCodec.java:187)
	at org.openqa.selenium.remote.http.W3CHttpResponseCodec.decode(W3CHttpResponseCodec.java:122)
	at org.openqa.selenium.remote.http.W3CHttpResponseCodec.decode(W3CHttpResponseCodec.java:49)
	at org.openqa.selenium.remote.HttpCommandExecutor.execute(HttpCommandExecutor.java:158)
	at org.openqa.selenium.remote.service.DriverCommandExecutor.execute(DriverCommandExecutor.java:83)
	at org.openqa.selenium.remote.RemoteWebDriver.execute(RemoteWebDriver.java:552)
	at org.openqa.selenium.remote.RemoteWebDriver.findElement(RemoteWebDriver.java:323)
	at org.openqa.selenium.remote.RemoteWebDriver.findElementByXPath(RemoteWebDriver.java:428)
	at org.openqa.selenium.By$ByXPath.findElement(By.java:353)
	at org.openqa.selenium.remote.RemoteWebDriver.findElement(RemoteWebDriver.java:315)
	at org.openqa.selenium.support.ui.ExpectedConditions$7.apply(ExpectedConditions.java:205)
	at org.openqa.selenium.support.ui.ExpectedConditions$7.apply(ExpectedConditions.java:201)
	at org.openqa.selenium.support.ui.FluentWait.until(FluentWait.java:249)
	... 15 more
]]>
            </full-stacktrace>
          </exception> <!-- org.openqa.selenium.TimeoutException -->
          <reporter-output>
          </reporter-output>
        </test-method> <!-- TS002_VerifyLineDigitalShowroomHeroComponentLocationLinksTest -->
        <test-method status="PASS" signature="TS007_VerifyLineDigitalShowroomHeroComponentProductsComponentCountTest()[pri:0, instance:lasvegasmarket_PROD.LineDigitalShowroom@e25b2fe]" name="TS007_VerifyLineDigitalShowroomHeroComponentProductsComponentCountTest" duration-ms="20858" started-at="2023-10-13T13:26:00Z" finished-at="2023-10-13T13:26:21Z">
          <reporter-output>
          </reporter-output>
        </test-method> <!-- TS007_VerifyLineDigitalShowroomHeroComponentProductsComponentCountTest -->
        <test-method status="PASS" signature="TS008_VerifyLineDigitalShowroomProductscomponentTest()[pri:0, instance:lasvegasmarket_PROD.LineDigitalShowroom@e25b2fe]" name="TS008_VerifyLineDigitalShowroomProductscomponentTest" duration-ms="23073" started-at="2023-10-13T13:26:21Z" finished-at="2023-10-13T13:26:44Z">
          <reporter-output>
          </reporter-output>
        </test-method> <!-- TS008_VerifyLineDigitalShowroomProductscomponentTest -->
        <test-method status="PASS" signature="TS010_VerifyLineDigitalShowroomProductscomponentSeeAllProductsTest()[pri:0, instance:lasvegasmarket_PROD.LineDigitalShowroom@e25b2fe]" name="TS010_VerifyLineDigitalShowroomProductscomponentSeeAllProductsTest" duration-ms="17550" started-at="2023-10-13T13:26:44Z" finished-at="2023-10-13T13:27:01Z">
          <reporter-output>
          </reporter-output>
        </test-method> <!-- TS010_VerifyLineDigitalShowroomProductscomponentSeeAllProductsTest -->
        <test-method status="PASS" signature="TS011_VerifyLineDigitalShowroomProductscomponentSelectProductTest()[pri:0, instance:lasvegasmarket_PROD.LineDigitalShowroom@e25b2fe]" name="TS011_VerifyLineDigitalShowroomProductscomponentSelectProductTest" duration-ms="46173" started-at="2023-10-13T13:27:01Z" finished-at="2023-10-13T13:27:47Z">
          <reporter-output>
          </reporter-output>
        </test-method> <!-- TS011_VerifyLineDigitalShowroomProductscomponentSelectProductTest -->
        <test-method status="PASS" signature="tearDown()[pri:0, instance:lasvegasmarket_PROD.LineDigitalShowroom@e25b2fe]" name="tearDown" is-config="true" duration-ms="0" started-at="2023-10-13T13:27:47Z" finished-at="2023-10-13T13:27:47Z">
          <reporter-output>
          </reporter-output>
        </test-method> <!-- tearDown -->
      </class> <!-- lasvegasmarket_PROD.LineDigitalShowroom -->
      <class name="lasvegasmarket_PROD.EvenntsAndWebinar">
        <test-method status="PASS" signature="initialize()[pri:0, instance:lasvegasmarket_PROD.EvenntsAndWebinar@146ba0ac]" name="initialize" is-config="true" duration-ms="25220" started-at="2023-10-13T13:04:41Z" finished-at="2023-10-13T13:05:07Z">
          <reporter-output>
          </reporter-output>
        </test-method> <!-- initialize -->
        <test-method status="PASS" signature="TS011_VerifyExhibitorEventsListTest()[pri:0, instance:lasvegasmarket_PROD.EvenntsAndWebinar@146ba0ac]" name="TS011_VerifyExhibitorEventsListTest" duration-ms="33526" started-at="2023-10-13T13:05:07Z" finished-at="2023-10-13T13:05:40Z">
          <reporter-output>
          </reporter-output>
        </test-method> <!-- TS011_VerifyExhibitorEventsListTest -->
        <test-method status="PASS" signature="TS001_VerifyEventsAndWebinarsOverviewTest()[pri:0, instance:lasvegasmarket_PROD.EvenntsAndWebinar@146ba0ac]" name="TS001_VerifyEventsAndWebinarsOverviewTest" duration-ms="7819" started-at="2023-10-13T13:05:40Z" finished-at="2023-10-13T13:05:48Z">
          <reporter-output>
          </reporter-output>
        </test-method> <!-- TS001_VerifyEventsAndWebinarsOverviewTest -->
        <test-method status="PASS" signature="TS002_VerifyIMCEventsSearchbarTest()[pri:0, instance:lasvegasmarket_PROD.EvenntsAndWebinar@146ba0ac]" name="TS002_VerifyIMCEventsSearchbarTest" duration-ms="13417" started-at="2023-10-13T13:05:48Z" finished-at="2023-10-13T13:06:01Z">
          <reporter-output>
          </reporter-output>
        </test-method> <!-- TS002_VerifyIMCEventsSearchbarTest -->
        <test-method status="PASS" signature="TS003_VerifyIMCEventsCalendarViewTest()[pri:0, instance:lasvegasmarket_PROD.EvenntsAndWebinar@146ba0ac]" name="TS003_VerifyIMCEventsCalendarViewTest" duration-ms="17679" started-at="2023-10-13T13:06:01Z" finished-at="2023-10-13T13:06:19Z">
          <reporter-output>
          </reporter-output>
        </test-method> <!-- TS003_VerifyIMCEventsCalendarViewTest -->
        <test-method status="PASS" signature="TS004_VerifyIMCEventsEventsListTest()[pri:0, instance:lasvegasmarket_PROD.EvenntsAndWebinar@146ba0ac]" name="TS004_VerifyIMCEventsEventsListTest" duration-ms="17702" started-at="2023-10-13T13:06:19Z" finished-at="2023-10-13T13:06:37Z">
          <reporter-output>
          </reporter-output>
        </test-method> <!-- TS004_VerifyIMCEventsEventsListTest -->
        <test-method status="PASS" signature="TS005_VerifyIMCEventsEventDetailstTest()[pri:0, instance:lasvegasmarket_PROD.EvenntsAndWebinar@146ba0ac]" name="TS005_VerifyIMCEventsEventDetailstTest" duration-ms="20634" started-at="2023-10-13T13:06:37Z" finished-at="2023-10-13T13:06:57Z">
          <reporter-output>
          </reporter-output>
        </test-method> <!-- TS005_VerifyIMCEventsEventDetailstTest -->
        <test-method status="PASS" signature="TS009_VerifyExhibitorEventsSearchbarTest()[pri:0, instance:lasvegasmarket_PROD.EvenntsAndWebinar@146ba0ac]" name="TS009_VerifyExhibitorEventsSearchbarTest" duration-ms="13450" started-at="2023-10-13T13:06:57Z" finished-at="2023-10-13T13:07:11Z">
          <reporter-output>
          </reporter-output>
        </test-method> <!-- TS009_VerifyExhibitorEventsSearchbarTest -->
        <test-method status="PASS" signature="TS010_VerifyExhibitorEventsCalendarViewTest()[pri:0, instance:lasvegasmarket_PROD.EvenntsAndWebinar@146ba0ac]" name="TS010_VerifyExhibitorEventsCalendarViewTest" duration-ms="17450" started-at="2023-10-13T13:07:11Z" finished-at="2023-10-13T13:07:28Z">
          <reporter-output>
          </reporter-output>
        </test-method> <!-- TS010_VerifyExhibitorEventsCalendarViewTest -->
        <test-method status="PASS" signature="TS012_VerifyExhibitorEventsDetailstTest()[pri:0, instance:lasvegasmarket_PROD.EvenntsAndWebinar@146ba0ac]" name="TS012_VerifyExhibitorEventsDetailstTest" duration-ms="10201" started-at="2023-10-13T13:07:28Z" finished-at="2023-10-13T13:07:38Z">
          <reporter-output>
          </reporter-output>
        </test-method> <!-- TS012_VerifyExhibitorEventsDetailstTest -->
        <test-method status="PASS" signature="tearDown()[pri:0, instance:lasvegasmarket_PROD.EvenntsAndWebinar@146ba0ac]" name="tearDown" is-config="true" duration-ms="0" started-at="2023-10-13T13:07:38Z" finished-at="2023-10-13T13:07:38Z">
          <reporter-output>
          </reporter-output>
        </test-method> <!-- tearDown -->
      </class> <!-- lasvegasmarket_PROD.EvenntsAndWebinar -->
      <class name="lasvegasmarket_PROD.GlobalSearch_SuggestionList">
        <test-method status="PASS" signature="initialize()[pri:0, instance:lasvegasmarket_PROD.GlobalSearch_SuggestionList@204f30ec]" name="initialize" is-config="true" duration-ms="16680" started-at="2023-10-13T13:27:47Z" finished-at="2023-10-13T13:28:04Z">
          <reporter-output>
          </reporter-output>
        </test-method> <!-- initialize -->
        <test-method status="PASS" signature="TS001_VerifySelectionOfExhibitorFromAutoSuggestionListTest()[pri:0, instance:lasvegasmarket_PROD.GlobalSearch_SuggestionList@204f30ec]" name="TS001_VerifySelectionOfExhibitorFromAutoSuggestionListTest" duration-ms="19923" started-at="2023-10-13T13:28:04Z" finished-at="2023-10-13T13:28:24Z">
          <reporter-output>
          </reporter-output>
        </test-method> <!-- TS001_VerifySelectionOfExhibitorFromAutoSuggestionListTest -->
        <test-method status="PASS" signature="TS002_VerifySelectionOfLineFromAutoSuggestionListTest()[pri:0, instance:lasvegasmarket_PROD.GlobalSearch_SuggestionList@204f30ec]" name="TS002_VerifySelectionOfLineFromAutoSuggestionListTest" duration-ms="13624" started-at="2023-10-13T13:28:24Z" finished-at="2023-10-13T13:28:38Z">
          <reporter-output>
          </reporter-output>
        </test-method> <!-- TS002_VerifySelectionOfLineFromAutoSuggestionListTest -->
        <test-method status="FAIL" signature="TS003_VerifySelectionOfProductFromAutoSuggestionListTest()[pri:0, instance:lasvegasmarket_PROD.GlobalSearch_SuggestionList@204f30ec]" name="TS003_VerifySelectionOfProductFromAutoSuggestionListTest" duration-ms="6503" started-at="2023-10-13T13:28:38Z" finished-at="2023-10-13T13:28:44Z">
          <exception class="org.openqa.selenium.StaleElementReferenceException">
            <message>
              <![CDATA[stale element reference: stale element not found
  (Session info: chrome=117.0.5938.132)
For documentation on this error, please visit: https://www.seleniumhq.org/exceptions/stale_element_reference.html
Build info: version: '3.141.59', revision: 'e82be7d358', time: '2018-11-14T08:25:48'
System info: host: 'EON-SWAPNILI', ip: '172.22.22.78', os.name: 'Windows 10', os.arch: 'amd64', os.version: '10.0', java.version: '1.8.0_311'
Driver info: org.openqa.selenium.chrome.ChromeDriver
Capabilities {acceptInsecureCerts: false, browserName: chrome, browserVersion: 117.0.5938.132, chrome: {chromedriverVersion: 117.0.5938.149 (e3344ddefa1..., userDataDir: C:\Users\swapnili\AppData\L...}, fedcm:accounts: true, goog:chromeOptions: {debuggerAddress: localhost:52144}, javascriptEnabled: true, networkConnectionEnabled: false, pageLoadStrategy: normal, platform: WINDOWS, platformName: WINDOWS, proxy: Proxy(), setWindowRect: true, strictFileInteractability: false, timeouts: {implicit: 0, pageLoad: 300000, script: 30000}, unhandledPromptBehavior: dismiss and notify, webauthn:extension:credBlob: true, webauthn:extension:largeBlob: true, webauthn:extension:minPinLength: true, webauthn:extension:prf: true, webauthn:virtualAuthenticators: true}
Session ID: 2764d9fc2ba19d6db4cdf07148b8ae6b]]>
            </message>
            <full-stacktrace>
              <![CDATA[org.openqa.selenium.StaleElementReferenceException: stale element reference: stale element not found
  (Session info: chrome=117.0.5938.132)
For documentation on this error, please visit: https://www.seleniumhq.org/exceptions/stale_element_reference.html
Build info: version: '3.141.59', revision: 'e82be7d358', time: '2018-11-14T08:25:48'
System info: host: 'EON-SWAPNILI', ip: '172.22.22.78', os.name: 'Windows 10', os.arch: 'amd64', os.version: '10.0', java.version: '1.8.0_311'
Driver info: org.openqa.selenium.chrome.ChromeDriver
Capabilities {acceptInsecureCerts: false, browserName: chrome, browserVersion: 117.0.5938.132, chrome: {chromedriverVersion: 117.0.5938.149 (e3344ddefa1..., userDataDir: C:\Users\swapnili\AppData\L...}, fedcm:accounts: true, goog:chromeOptions: {debuggerAddress: localhost:52144}, javascriptEnabled: true, networkConnectionEnabled: false, pageLoadStrategy: normal, platform: WINDOWS, platformName: WINDOWS, proxy: Proxy(), setWindowRect: true, strictFileInteractability: false, timeouts: {implicit: 0, pageLoad: 300000, script: 30000}, unhandledPromptBehavior: dismiss and notify, webauthn:extension:credBlob: true, webauthn:extension:largeBlob: true, webauthn:extension:minPinLength: true, webauthn:extension:prf: true, webauthn:virtualAuthenticators: true}
Session ID: 2764d9fc2ba19d6db4cdf07148b8ae6b
	at sun.reflect.NativeConstructorAccessorImpl.newInstance0(Native Method)
	at sun.reflect.NativeConstructorAccessorImpl.newInstance(Unknown Source)
	at sun.reflect.DelegatingConstructorAccessorImpl.newInstance(Unknown Source)
	at java.lang.reflect.Constructor.newInstance(Unknown Source)
	at org.openqa.selenium.remote.http.W3CHttpResponseCodec.createException(W3CHttpResponseCodec.java:187)
	at org.openqa.selenium.remote.http.W3CHttpResponseCodec.decode(W3CHttpResponseCodec.java:122)
	at org.openqa.selenium.remote.http.W3CHttpResponseCodec.decode(W3CHttpResponseCodec.java:49)
	at org.openqa.selenium.remote.HttpCommandExecutor.execute(HttpCommandExecutor.java:158)
	at org.openqa.selenium.remote.service.DriverCommandExecutor.execute(DriverCommandExecutor.java:83)
	at org.openqa.selenium.remote.RemoteWebDriver.execute(RemoteWebDriver.java:552)
	at org.openqa.selenium.remote.RemoteWebElement.execute(RemoteWebElement.java:285)
	at org.openqa.selenium.remote.RemoteWebElement.getText(RemoteWebElement.java:166)
	at lasvegasmarket_PROD.GlobalSearch_SuggestionList.TS003_VerifySelectionOfProductFromAutoSuggestionListTest(GlobalSearch_SuggestionList.java:147)
	at sun.reflect.NativeMethodAccessorImpl.invoke0(Native Method)
	at sun.reflect.NativeMethodAccessorImpl.invoke(Unknown Source)
	at sun.reflect.DelegatingMethodAccessorImpl.invoke(Unknown Source)
	at java.lang.reflect.Method.invoke(Unknown Source)
	at org.testng.internal.MethodInvocationHelper.invokeMethod(MethodInvocationHelper.java:80)
	at org.testng.internal.Invoker.invokeMethod(Invoker.java:714)
	at org.testng.internal.Invoker.invokeTestMethod(Invoker.java:901)
	at org.testng.internal.Invoker.invokeTestMethods(Invoker.java:1231)
	at org.testng.internal.TestMethodWorker.invokeTestMethods(TestMethodWorker.java:127)
	at org.testng.internal.TestMethodWorker.run(TestMethodWorker.java:111)
	at java.util.concurrent.ThreadPoolExecutor.runWorker(Unknown Source)
	at java.util.concurrent.ThreadPoolExecutor$Worker.run(Unknown Source)
	at java.lang.Thread.run(Unknown Source)
]]>
            </full-stacktrace>
          </exception> <!-- org.openqa.selenium.StaleElementReferenceException -->
          <reporter-output>
          </reporter-output>
        </test-method> <!-- TS003_VerifySelectionOfProductFromAutoSuggestionListTest -->
        <test-method status="PASS" signature="tearDown()[pri:0, instance:lasvegasmarket_PROD.GlobalSearch_SuggestionList@204f30ec]" name="tearDown" is-config="true" duration-ms="837" started-at="2023-10-13T13:28:44Z" finished-at="2023-10-13T13:28:45Z">
          <reporter-output>
          </reporter-output>
        </test-method> <!-- tearDown -->
      </class> <!-- lasvegasmarket_PROD.GlobalSearch_SuggestionList -->
      <class name="lasvegasmarket_PROD.ShowSpecials">
        <test-method status="PASS" signature="initialize()[pri:0, instance:lasvegasmarket_PROD.ShowSpecials@77cd7a0]" name="initialize" is-config="true" duration-ms="45314" started-at="2023-10-13T13:22:05Z" finished-at="2023-10-13T13:22:51Z">
          <reporter-output>
          </reporter-output>
        </test-method> <!-- initialize -->
        <test-method status="FAIL" signature="TS001_VerifyViewBrandDetailsLinkForShowSpecialsTest()[pri:0, instance:lasvegasmarket_PROD.ShowSpecials@77cd7a0]" name="TS001_VerifyViewBrandDetailsLinkForShowSpecialsTest" duration-ms="35663" started-at="2023-10-13T13:22:51Z" finished-at="2023-10-13T13:23:26Z">
          <exception class="org.openqa.selenium.TimeoutException">
            <message>
              <![CDATA[Expected condition failed: waiting for visibility of element located by By.xpath: (//div[@class='imc-showSpecial--tableContainer']/p[1])[1] (tried for 30 second(s) with 500 milliseconds interval)]]>
            </message>
            <full-stacktrace>
              <![CDATA[org.openqa.selenium.TimeoutException: Expected condition failed: waiting for visibility of element located by By.xpath: (//div[@class='imc-showSpecial--tableContainer']/p[1])[1] (tried for 30 second(s) with 500 milliseconds interval)
	at org.openqa.selenium.support.ui.WebDriverWait.timeoutException(WebDriverWait.java:95)
	at org.openqa.selenium.support.ui.FluentWait.until(FluentWait.java:272)
	at pageObjects.LasVegasMarket.LVMGlobalSearchPage.getFirstShowSpecialName(LVMGlobalSearchPage.java:614)
	at lasvegasmarket_PROD.ShowSpecials.TS001_VerifyViewBrandDetailsLinkForShowSpecialsTest(ShowSpecials.java:101)
	at sun.reflect.NativeMethodAccessorImpl.invoke0(Native Method)
	at sun.reflect.NativeMethodAccessorImpl.invoke(Unknown Source)
	at sun.reflect.DelegatingMethodAccessorImpl.invoke(Unknown Source)
	at java.lang.reflect.Method.invoke(Unknown Source)
	at org.testng.internal.MethodInvocationHelper.invokeMethod(MethodInvocationHelper.java:80)
	at org.testng.internal.Invoker.invokeMethod(Invoker.java:714)
	at org.testng.internal.Invoker.invokeTestMethod(Invoker.java:901)
	at org.testng.internal.Invoker.invokeTestMethods(Invoker.java:1231)
	at org.testng.internal.TestMethodWorker.invokeTestMethods(TestMethodWorker.java:127)
	at org.testng.internal.TestMethodWorker.run(TestMethodWorker.java:111)
	at java.util.concurrent.ThreadPoolExecutor.runWorker(Unknown Source)
	at java.util.concurrent.ThreadPoolExecutor$Worker.run(Unknown Source)
	at java.lang.Thread.run(Unknown Source)
Caused by: org.openqa.selenium.NoSuchElementException: no such element: Unable to locate element: {"method":"xpath","selector":"(//div[@class='imc-showSpecial--tableContainer']/p[1])[1]"}
  (Session info: chrome=117.0.5938.132)
For documentation on this error, please visit: https://www.seleniumhq.org/exceptions/no_such_element.html
Build info: version: '3.141.59', revision: 'e82be7d358', time: '2018-11-14T08:25:48'
System info: host: 'EON-SWAPNILI', ip: '172.22.22.78', os.name: 'Windows 10', os.arch: 'amd64', os.version: '10.0', java.version: '1.8.0_311'
Driver info: org.openqa.selenium.chrome.ChromeDriver
Capabilities {acceptInsecureCerts: false, browserName: chrome, browserVersion: 117.0.5938.132, chrome: {chromedriverVersion: 117.0.5938.149 (e3344ddefa1..., userDataDir: C:\Users\swapnili\AppData\L...}, fedcm:accounts: true, goog:chromeOptions: {debuggerAddress: localhost:51838}, javascriptEnabled: true, networkConnectionEnabled: false, pageLoadStrategy: normal, platform: WINDOWS, platformName: WINDOWS, proxy: Proxy(), setWindowRect: true, strictFileInteractability: false, timeouts: {implicit: 0, pageLoad: 300000, script: 30000}, unhandledPromptBehavior: dismiss and notify, webauthn:extension:credBlob: true, webauthn:extension:largeBlob: true, webauthn:extension:minPinLength: true, webauthn:extension:prf: true, webauthn:virtualAuthenticators: true}
Session ID: 6ffdd3e19330bea0bcff970495d4612f
*** Element info: {Using=xpath, value=(//div[@class='imc-showSpecial--tableContainer']/p[1])[1]}
	at sun.reflect.NativeConstructorAccessorImpl.newInstance0(Native Method)
	at sun.reflect.NativeConstructorAccessorImpl.newInstance(Unknown Source)
	at sun.reflect.DelegatingConstructorAccessorImpl.newInstance(Unknown Source)
	at java.lang.reflect.Constructor.newInstance(Unknown Source)
	at org.openqa.selenium.remote.http.W3CHttpResponseCodec.createException(W3CHttpResponseCodec.java:187)
	at org.openqa.selenium.remote.http.W3CHttpResponseCodec.decode(W3CHttpResponseCodec.java:122)
	at org.openqa.selenium.remote.http.W3CHttpResponseCodec.decode(W3CHttpResponseCodec.java:49)
	at org.openqa.selenium.remote.HttpCommandExecutor.execute(HttpCommandExecutor.java:158)
	at org.openqa.selenium.remote.service.DriverCommandExecutor.execute(DriverCommandExecutor.java:83)
	at org.openqa.selenium.remote.RemoteWebDriver.execute(RemoteWebDriver.java:552)
	at org.openqa.selenium.remote.RemoteWebDriver.findElement(RemoteWebDriver.java:323)
	at org.openqa.selenium.remote.RemoteWebDriver.findElementByXPath(RemoteWebDriver.java:428)
	at org.openqa.selenium.By$ByXPath.findElement(By.java:353)
	at org.openqa.selenium.remote.RemoteWebDriver.findElement(RemoteWebDriver.java:315)
	at org.openqa.selenium.support.ui.ExpectedConditions$7.apply(ExpectedConditions.java:205)
	at org.openqa.selenium.support.ui.ExpectedConditions$7.apply(ExpectedConditions.java:201)
	at org.openqa.selenium.support.ui.FluentWait.until(FluentWait.java:249)
	... 15 more
]]>
            </full-stacktrace>
          </exception> <!-- org.openqa.selenium.TimeoutException -->
          <reporter-output>
          </reporter-output>
        </test-method> <!-- TS001_VerifyViewBrandDetailsLinkForShowSpecialsTest -->
        <test-method status="FAIL" signature="TS002_VerifyShowroomLinkForShowSpecialsTest()[pri:0, instance:lasvegasmarket_PROD.ShowSpecials@77cd7a0]" name="TS002_VerifyShowroomLinkForShowSpecialsTest" duration-ms="39637" started-at="2023-10-13T13:23:27Z" finished-at="2023-10-13T13:24:06Z">
          <exception class="org.openqa.selenium.TimeoutException">
            <message>
              <![CDATA[Expected condition failed: waiting for element to be clickable: By.xpath: //div[@class='ag-center-cols-container']/div[1]/div[2]/a (tried for 30 second(s) with 500 milliseconds interval)]]>
            </message>
            <full-stacktrace>
              <![CDATA[org.openqa.selenium.TimeoutException: Expected condition failed: waiting for element to be clickable: By.xpath: //div[@class='ag-center-cols-container']/div[1]/div[2]/a (tried for 30 second(s) with 500 milliseconds interval)
	at org.openqa.selenium.support.ui.WebDriverWait.timeoutException(WebDriverWait.java:95)
	at org.openqa.selenium.support.ui.FluentWait.until(FluentWait.java:272)
	at pageObjects.LasVegasMarket.LVMGlobalSearchPage.getlvmShowroomLink(LVMGlobalSearchPage.java:201)
	at lasvegasmarket_PROD.ShowSpecials.TS002_VerifyShowroomLinkForShowSpecialsTest(ShowSpecials.java:139)
	at sun.reflect.NativeMethodAccessorImpl.invoke0(Native Method)
	at sun.reflect.NativeMethodAccessorImpl.invoke(Unknown Source)
	at sun.reflect.DelegatingMethodAccessorImpl.invoke(Unknown Source)
	at java.lang.reflect.Method.invoke(Unknown Source)
	at org.testng.internal.MethodInvocationHelper.invokeMethod(MethodInvocationHelper.java:80)
	at org.testng.internal.Invoker.invokeMethod(Invoker.java:714)
	at org.testng.internal.Invoker.invokeTestMethod(Invoker.java:901)
	at org.testng.internal.Invoker.invokeTestMethods(Invoker.java:1231)
	at org.testng.internal.TestMethodWorker.invokeTestMethods(TestMethodWorker.java:127)
	at org.testng.internal.TestMethodWorker.run(TestMethodWorker.java:111)
	at java.util.concurrent.ThreadPoolExecutor.runWorker(Unknown Source)
	at java.util.concurrent.ThreadPoolExecutor$Worker.run(Unknown Source)
	at java.lang.Thread.run(Unknown Source)
Caused by: org.openqa.selenium.NoSuchElementException: no such element: Unable to locate element: {"method":"xpath","selector":"//div[@class='ag-center-cols-container']/div[1]/div[2]/a"}
  (Session info: chrome=117.0.5938.132)
For documentation on this error, please visit: https://www.seleniumhq.org/exceptions/no_such_element.html
Build info: version: '3.141.59', revision: 'e82be7d358', time: '2018-11-14T08:25:48'
System info: host: 'EON-SWAPNILI', ip: '172.22.22.78', os.name: 'Windows 10', os.arch: 'amd64', os.version: '10.0', java.version: '1.8.0_311'
Driver info: org.openqa.selenium.chrome.ChromeDriver
Capabilities {acceptInsecureCerts: false, browserName: chrome, browserVersion: 117.0.5938.132, chrome: {chromedriverVersion: 117.0.5938.149 (e3344ddefa1..., userDataDir: C:\Users\swapnili\AppData\L...}, fedcm:accounts: true, goog:chromeOptions: {debuggerAddress: localhost:51838}, javascriptEnabled: true, networkConnectionEnabled: false, pageLoadStrategy: normal, platform: WINDOWS, platformName: WINDOWS, proxy: Proxy(), setWindowRect: true, strictFileInteractability: false, timeouts: {implicit: 0, pageLoad: 300000, script: 30000}, unhandledPromptBehavior: dismiss and notify, webauthn:extension:credBlob: true, webauthn:extension:largeBlob: true, webauthn:extension:minPinLength: true, webauthn:extension:prf: true, webauthn:virtualAuthenticators: true}
Session ID: 6ffdd3e19330bea0bcff970495d4612f
*** Element info: {Using=xpath, value=//div[@class='ag-center-cols-container']/div[1]/div[2]/a}
	at sun.reflect.NativeConstructorAccessorImpl.newInstance0(Native Method)
	at sun.reflect.NativeConstructorAccessorImpl.newInstance(Unknown Source)
	at sun.reflect.DelegatingConstructorAccessorImpl.newInstance(Unknown Source)
	at java.lang.reflect.Constructor.newInstance(Unknown Source)
	at org.openqa.selenium.remote.http.W3CHttpResponseCodec.createException(W3CHttpResponseCodec.java:187)
	at org.openqa.selenium.remote.http.W3CHttpResponseCodec.decode(W3CHttpResponseCodec.java:122)
	at org.openqa.selenium.remote.http.W3CHttpResponseCodec.decode(W3CHttpResponseCodec.java:49)
	at org.openqa.selenium.remote.HttpCommandExecutor.execute(HttpCommandExecutor.java:158)
	at org.openqa.selenium.remote.service.DriverCommandExecutor.execute(DriverCommandExecutor.java:83)
	at org.openqa.selenium.remote.RemoteWebDriver.execute(RemoteWebDriver.java:552)
	at org.openqa.selenium.remote.RemoteWebDriver.findElement(RemoteWebDriver.java:323)
	at org.openqa.selenium.remote.RemoteWebDriver.findElementByXPath(RemoteWebDriver.java:428)
	at org.openqa.selenium.By$ByXPath.findElement(By.java:353)
	at org.openqa.selenium.remote.RemoteWebDriver.findElement(RemoteWebDriver.java:315)
	at org.openqa.selenium.support.ui.ExpectedConditions$7.apply(ExpectedConditions.java:205)
	at org.openqa.selenium.support.ui.ExpectedConditions$7.apply(ExpectedConditions.java:201)
	at org.openqa.selenium.support.ui.ExpectedConditions$22.apply(ExpectedConditions.java:641)
	at org.openqa.selenium.support.ui.ExpectedConditions$22.apply(ExpectedConditions.java:638)
	at org.openqa.selenium.support.ui.FluentWait.until(FluentWait.java:249)
	... 15 more
]]>
            </full-stacktrace>
          </exception> <!-- org.openqa.selenium.TimeoutException -->
          <reporter-output>
          </reporter-output>
        </test-method> <!-- TS002_VerifyShowroomLinkForShowSpecialsTest -->
        <test-method status="PASS" signature="tearDown()[pri:0, instance:lasvegasmarket_PROD.ShowSpecials@77cd7a0]" name="tearDown" is-config="true" duration-ms="0" started-at="2023-10-13T13:24:06Z" finished-at="2023-10-13T13:24:06Z">
          <reporter-output>
          </reporter-output>
        </test-method> <!-- tearDown -->
      </class> <!-- lasvegasmarket_PROD.ShowSpecials -->
      <class name="lasvegasmarket_PROD.GlobalSearch_SearchFor">
        <test-method status="PASS" signature="initialize()[pri:0, instance:lasvegasmarket_PROD.GlobalSearch_SearchFor@4dfa3a9d]" name="initialize" is-config="true" duration-ms="22672" started-at="2023-10-13T13:09:30Z" finished-at="2023-10-13T13:09:53Z">
          <reporter-output>
          </reporter-output>
        </test-method> <!-- initialize -->
        <test-method status="PASS" signature="TS001_VerifyInformationTabInGlobalSearchTest()[pri:0, instance:lasvegasmarket_PROD.GlobalSearch_SearchFor@4dfa3a9d]" name="TS001_VerifyInformationTabInGlobalSearchTest" duration-ms="23136" started-at="2023-10-13T13:09:53Z" finished-at="2023-10-13T13:10:16Z">
          <reporter-output>
          </reporter-output>
        </test-method> <!-- TS001_VerifyInformationTabInGlobalSearchTest -->
        <test-method status="PASS" signature="TS002_VerifyInformationSearchFunctionalityInGlobalSearchTest()[pri:0, instance:lasvegasmarket_PROD.GlobalSearch_SearchFor@4dfa3a9d]" name="TS002_VerifyInformationSearchFunctionalityInGlobalSearchTest" duration-ms="28174" started-at="2023-10-13T13:10:16Z" finished-at="2023-10-13T13:10:44Z">
          <reporter-output>
          </reporter-output>
        </test-method> <!-- TS002_VerifyInformationSearchFunctionalityInGlobalSearchTest -->
        <test-method status="PASS" signature="TS004_VerifyCatalogsOverviewInGlobalSearchTest()[pri:0, instance:lasvegasmarket_PROD.GlobalSearch_SearchFor@4dfa3a9d]" name="TS004_VerifyCatalogsOverviewInGlobalSearchTest" duration-ms="39131" started-at="2023-10-13T13:10:44Z" finished-at="2023-10-13T13:11:23Z">
          <reporter-output>
          </reporter-output>
        </test-method> <!-- TS004_VerifyCatalogsOverviewInGlobalSearchTest -->
        <test-method status="PASS" signature="TS005_VerifyArticlesOverviewInGlobalSearchTest()[pri:0, instance:lasvegasmarket_PROD.GlobalSearch_SearchFor@4dfa3a9d]" name="TS005_VerifyArticlesOverviewInGlobalSearchTest" duration-ms="56898" started-at="2023-10-13T13:11:23Z" finished-at="2023-10-13T13:12:20Z">
          <reporter-output>
          </reporter-output>
        </test-method> <!-- TS005_VerifyArticlesOverviewInGlobalSearchTest -->
        <test-method status="PASS" signature="TS006_VerifyArticlesFiltersFunctionalityInGlobalSearchTest()[pri:0, instance:lasvegasmarket_PROD.GlobalSearch_SearchFor@4dfa3a9d]" name="TS006_VerifyArticlesFiltersFunctionalityInGlobalSearchTest" duration-ms="184474" started-at="2023-10-13T13:12:20Z" finished-at="2023-10-13T13:15:25Z">
          <reporter-output>
          </reporter-output>
        </test-method> <!-- TS006_VerifyArticlesFiltersFunctionalityInGlobalSearchTest -->
        <test-method status="PASS" signature="TS007_VerifyArticlesSearchFunctionalityInGlobalSearchTest()[pri:0, instance:lasvegasmarket_PROD.GlobalSearch_SearchFor@4dfa3a9d]" name="TS007_VerifyArticlesSearchFunctionalityInGlobalSearchTest" duration-ms="62085" started-at="2023-10-13T13:15:25Z" finished-at="2023-10-13T13:16:27Z">
          <reporter-output>
          </reporter-output>
        </test-method> <!-- TS007_VerifyArticlesSearchFunctionalityInGlobalSearchTest -->
        <test-method status="PASS" signature="TS008_VerifyEventsSearchFunctionalityInGlobalSearchTest()[pri:0, instance:lasvegasmarket_PROD.GlobalSearch_SearchFor@4dfa3a9d]" name="TS008_VerifyEventsSearchFunctionalityInGlobalSearchTest" duration-ms="78446" started-at="2023-10-13T13:16:27Z" finished-at="2023-10-13T13:17:45Z">
          <reporter-output>
          </reporter-output>
        </test-method> <!-- TS008_VerifyEventsSearchFunctionalityInGlobalSearchTest -->
        <test-method status="PASS" signature="TS009_VerifyEventsFiltersFunctionalityInGlobalSearchTest()[pri:0, instance:lasvegasmarket_PROD.GlobalSearch_SearchFor@4dfa3a9d]" name="TS009_VerifyEventsFiltersFunctionalityInGlobalSearchTest" duration-ms="64874" started-at="2023-10-13T13:17:45Z" finished-at="2023-10-13T13:18:50Z">
          <reporter-output>
          </reporter-output>
        </test-method> <!-- TS009_VerifyEventsFiltersFunctionalityInGlobalSearchTest -->
        <test-method status="FAIL" signature="TS010_VerifyShowSpecialsOverviewInGlobalSearchTest()[pri:0, instance:lasvegasmarket_PROD.GlobalSearch_SearchFor@4dfa3a9d]" name="TS010_VerifyShowSpecialsOverviewInGlobalSearchTest" duration-ms="37500" started-at="2023-10-13T13:18:50Z" finished-at="2023-10-13T13:19:28Z">
          <exception class="java.lang.ArrayIndexOutOfBoundsException">
            <message>
              <![CDATA[2]]>
            </message>
            <full-stacktrace>
              <![CDATA[java.lang.ArrayIndexOutOfBoundsException: 2
	at lasvegasmarket_PROD.GlobalSearch_SearchFor.TS010_VerifyShowSpecialsOverviewInGlobalSearchTest(GlobalSearch_SearchFor.java:876)
	at sun.reflect.NativeMethodAccessorImpl.invoke0(Native Method)
	at sun.reflect.NativeMethodAccessorImpl.invoke(Unknown Source)
	at sun.reflect.DelegatingMethodAccessorImpl.invoke(Unknown Source)
	at java.lang.reflect.Method.invoke(Unknown Source)
	at org.testng.internal.MethodInvocationHelper.invokeMethod(MethodInvocationHelper.java:80)
	at org.testng.internal.Invoker.invokeMethod(Invoker.java:714)
	at org.testng.internal.Invoker.invokeTestMethod(Invoker.java:901)
	at org.testng.internal.Invoker.invokeTestMethods(Invoker.java:1231)
	at org.testng.internal.TestMethodWorker.invokeTestMethods(TestMethodWorker.java:127)
	at org.testng.internal.TestMethodWorker.run(TestMethodWorker.java:111)
	at java.util.concurrent.ThreadPoolExecutor.runWorker(Unknown Source)
	at java.util.concurrent.ThreadPoolExecutor$Worker.run(Unknown Source)
	at java.lang.Thread.run(Unknown Source)
]]>
            </full-stacktrace>
          </exception> <!-- java.lang.ArrayIndexOutOfBoundsException -->
          <reporter-output>
          </reporter-output>
        </test-method> <!-- TS010_VerifyShowSpecialsOverviewInGlobalSearchTest -->
        <test-method status="PASS" signature="TS011_VerifyEventsOverviewInGlobalSearchTest()[pri:0, instance:lasvegasmarket_PROD.GlobalSearch_SearchFor@4dfa3a9d]" name="TS011_VerifyEventsOverviewInGlobalSearchTest" duration-ms="62118" started-at="2023-10-13T13:19:28Z" finished-at="2023-10-13T13:20:30Z">
          <reporter-output>
          </reporter-output>
        </test-method> <!-- TS011_VerifyEventsOverviewInGlobalSearchTest -->
        <test-method status="PASS" signature="TS003_VerifyInformationFiltersFunctionalityInGlobalSearchTest()[pri:0, instance:lasvegasmarket_PROD.GlobalSearch_SearchFor@4dfa3a9d]" name="TS003_VerifyInformationFiltersFunctionalityInGlobalSearchTest" duration-ms="95451" started-at="2023-10-13T13:20:30Z" finished-at="2023-10-13T13:22:05Z">
          <reporter-output>
          </reporter-output>
        </test-method> <!-- TS003_VerifyInformationFiltersFunctionalityInGlobalSearchTest -->
        <test-method status="PASS" signature="tearDown()[pri:0, instance:lasvegasmarket_PROD.GlobalSearch_SearchFor@4dfa3a9d]" name="tearDown" is-config="true" duration-ms="0" started-at="2023-10-13T13:22:05Z" finished-at="2023-10-13T13:22:05Z">
          <reporter-output>
          </reporter-output>
        </test-method> <!-- tearDown -->
      </class> <!-- lasvegasmarket_PROD.GlobalSearch_SearchFor -->
      <class name="lasvegasmarket_PROD.GlobalSearch_ProductActions">
        <test-method status="PASS" signature="initialize()[pri:0, instance:lasvegasmarket_PROD.GlobalSearch_ProductActions@6a41eaa2]" name="initialize" is-config="true" duration-ms="22270" started-at="2023-10-13T13:07:38Z" finished-at="2023-10-13T13:08:01Z">
          <reporter-output>
          </reporter-output>
        </test-method> <!-- initialize -->
        <test-method status="PASS" signature="TS001_VerifyClickOnProductSeeDetailsBtnOnSearchResultsGridTest()[pri:0, instance:lasvegasmarket_PROD.GlobalSearch_ProductActions@6a41eaa2]" name="TS001_VerifyClickOnProductSeeDetailsBtnOnSearchResultsGridTest" duration-ms="48902" started-at="2023-10-13T13:08:01Z" finished-at="2023-10-13T13:08:50Z">
          <reporter-output>
          </reporter-output>
        </test-method> <!-- TS001_VerifyClickOnProductSeeDetailsBtnOnSearchResultsGridTest -->
        <test-method status="PASS" signature="TS007_VerifyFullScreenViewerOnProductDetailsPageTest()[pri:0, instance:lasvegasmarket_PROD.GlobalSearch_ProductActions@6a41eaa2]" name="TS007_VerifyFullScreenViewerOnProductDetailsPageTest" duration-ms="40454" started-at="2023-10-13T13:08:50Z" finished-at="2023-10-13T13:09:30Z">
          <reporter-output>
          </reporter-output>
        </test-method> <!-- TS007_VerifyFullScreenViewerOnProductDetailsPageTest -->
        <test-method status="PASS" signature="tearDown()[pri:0, instance:lasvegasmarket_PROD.GlobalSearch_ProductActions@6a41eaa2]" name="tearDown" is-config="true" duration-ms="0" started-at="2023-10-13T13:09:30Z" finished-at="2023-10-13T13:09:30Z">
          <reporter-output>
          </reporter-output>
        </test-method> <!-- tearDown -->
      </class> <!-- lasvegasmarket_PROD.GlobalSearch_ProductActions -->
    </test> <!-- RegressionTest -->
  </suite> <!-- LVM_RegressionTestSuite -->
</testng-results>
