<?xml version="1.0" encoding="UTF-8"?>
<testng-results skipped="0" failed="0" total="1" passed="1">
  <reporter-output>
  </reporter-output>
  <suite name="ATLMrkt_RegressionTestSuite" duration-ms="105332" started-at="2022-09-08T11:11:47Z" finished-at="2022-09-08T11:13:33Z">
    <groups>
    </groups>
    <test name="RegressionTest" duration-ms="105332" started-at="2022-09-08T11:11:47Z" finished-at="2022-09-08T11:13:33Z">
      <class name="atlantamarket_UAT.MarketPlanner">
        <test-method status="PASS" signature="initialize()[pri:0, instance:atlantamarket_UAT.MarketPlanner@4dfa3a9d]" name="initialize" is-config="true" duration-ms="66761" started-at="2022-09-08T16:41:47Z" finished-at="2022-09-08T16:42:54Z">
          <reporter-output>
          </reporter-output>
        </test-method> <!-- initialize -->
        <test-method status="PASS" signature="TS028_VerifyListDisplayControlsFunctionalityTest()[pri:0, instance:atlantamarket_UAT.MarketPlanner@4dfa3a9d]" name="TS028_VerifyListDisplayControlsFunctionalityTest" duration-ms="38531" started-at="2022-09-08T16:42:54Z" finished-at="2022-09-08T16:43:33Z">
          <reporter-output>
          </reporter-output>
        </test-method> <!-- TS028_VerifyListDisplayControlsFunctionalityTest -->
        <test-method status="PASS" signature="tearDown()[pri:0, instance:atlantamarket_UAT.MarketPlanner@4dfa3a9d]" name="tearDown" is-config="true" duration-ms="1" started-at="2022-09-08T16:43:33Z" finished-at="2022-09-08T16:43:33Z">
          <reporter-output>
          </reporter-output>
        </test-method> <!-- tearDown -->
      </class> <!-- atlantamarket_UAT.MarketPlanner -->
    </test> <!-- RegressionTest -->
  </suite> <!-- ATLMrkt_RegressionTestSuite -->
</testng-results>
