<?xml version="1.0" encoding="UTF-8"?>

<testng-results skipped="0" failed="0" total="1" passed="1">


<testng-results skipped="0" failed="1" total="3" passed="2">


<testng-results skipped="0" failed="1" total="1" passed="0">

  <reporter-output>
  </reporter-output>
  <suite name="ATLMrkt_RegressionTestSuite" duration-ms="191867" started-at="2022-08-23T11:06:59Z" finished-at="2022-08-23T11:10:11Z">
    <groups>
    </groups>
    <test name="RegressionTest" duration-ms="191867" started-at="2022-08-23T11:06:59Z" finished-at="2022-08-23T11:10:11Z">
      <class name="atlantamarket_UAT.MarketPlanner">
        <test-method status="PASS" signature="initialize()[pri:0, instance:atlantamarket_UAT.MarketPlanner@464bee09]" name="initialize" is-config="true" duration-ms="54602" started-at="2022-08-23T16:36:59Z" finished-at="2022-08-23T16:37:54Z">
          <reporter-output>
          </reporter-output>
        </test-method> <!-- initialize -->
        <test-method status="PASS" signature="TS025_VerifyMarketPlannerListsManagementFilterOptionsFunctionalityTest()[pri:0, instance:atlantamarket_UAT.MarketPlanner@464bee09]" name="TS025_VerifyMarketPlannerListsManagementFilterOptionsFunctionalityTest" duration-ms="135737" started-at="2022-08-23T16:37:54Z" finished-at="2022-08-23T16:40:10Z">
          <reporter-output>
          </reporter-output>

        </test-method> <!-- TS025_VerifyMarketPlannerListsManagementFilterOptionsFunctionalityTest -->
        <test-method status="PASS" signature="tearDown()[pri:0, instance:atlantamarket_UAT.MarketPlanner@464bee09]" name="tearDown" is-config="true" duration-ms="1459" started-at="2022-08-23T16:40:10Z" finished-at="2022-08-23T16:40:11Z">

        </test-method> <!-- TS016_VerifyMarketPlannerListManageListEditOptTest -->
        <test-method status="PASS" signature="tearDown()[pri:0, instance:atlantamarket_UAT.MarketPlanner@464bee09]" name="tearDown" is-config="true" duration-ms="19" started-at="2022-08-22T17:24:03Z" finished-at="2022-08-22T17:24:03Z">

<testng-results skipped="0" failed="0" total="2" passed="2">

  <reporter-output>
  </reporter-output>
  <suite name="ATLMrkt_RegressionTestSuite" duration-ms="443407" started-at="2022-08-23T08:19:18Z" finished-at="2022-08-23T08:26:42Z">
    <groups>
    </groups>
    <test name="RegressionTest" duration-ms="443407" started-at="2022-08-23T08:19:18Z" finished-at="2022-08-23T08:26:42Z">
      <class name="atlantamarket_PROD.GlobalSearch_SearchFor">
        <test-method status="PASS" signature="initialize()[pri:0, instance:atlantamarket_PROD.GlobalSearch_SearchFor@6eebc39e]" name="initialize" is-config="true" duration-ms="37913" started-at="2022-08-23T13:49:18Z" finished-at="2022-08-23T13:49:56Z">
          <reporter-output>
          </reporter-output>
        </test-method> <!-- initialize -->
        <test-method status="PASS" signature="TS005_VerifyArticlesOverviewInGlobalSearchTest()[pri:0, instance:atlantamarket_PROD.GlobalSearch_SearchFor@6eebc39e]" name="TS005_VerifyArticlesOverviewInGlobalSearchTest" duration-ms="72183" started-at="2022-08-23T13:49:56Z" finished-at="2022-08-23T13:51:09Z">
          <reporter-output>
          </reporter-output>
        </test-method> <!-- TS005_VerifyArticlesOverviewInGlobalSearchTest -->
        <test-method status="FAIL" signature="TS006_VerifyArticlesFiltersFunctionalityInGlobalSearchTest()[pri:0, instance:atlantamarket_PROD.GlobalSearch_SearchFor@6eebc39e]" name="TS006_VerifyArticlesFiltersFunctionalityInGlobalSearchTest" duration-ms="278631" started-at="2022-08-23T13:51:09Z" finished-at="2022-08-23T13:55:47Z">
          <exception class="java.lang.AssertionError">
            <message>
              <![CDATA[expected [true] but found [false]]]>
            </message>
            <full-stacktrace>
              <![CDATA[java.lang.AssertionError: expected [true] but found [false]
	at org.testng.Assert.fail(Assert.java:94)
	at org.testng.Assert.failNotEquals(Assert.java:494)
	at org.testng.Assert.assertTrue(Assert.java:42)
	at org.testng.Assert.assertTrue(Assert.java:52)
	at atlantamarket_PROD.GlobalSearch_SearchFor.TS006_VerifyArticlesFiltersFunctionalityInGlobalSearchTest(GlobalSearch_SearchFor.java:447)
	at sun.reflect.NativeMethodAccessorImpl.invoke0(Native Method)
	at sun.reflect.NativeMethodAccessorImpl.invoke(Unknown Source)
	at sun.reflect.DelegatingMethodAccessorImpl.invoke(Unknown Source)
	at java.lang.reflect.Method.invoke(Unknown Source)
	at org.testng.internal.MethodInvocationHelper.invokeMethod(MethodInvocationHelper.java:80)
	at org.testng.internal.Invoker.invokeMethod(Invoker.java:714)
	at org.testng.internal.Invoker.invokeTestMethod(Invoker.java:901)
	at org.testng.internal.Invoker.invokeTestMethods(Invoker.java:1231)
	at org.testng.internal.TestMethodWorker.invokeTestMethods(TestMethodWorker.java:127)
	at org.testng.internal.TestMethodWorker.run(TestMethodWorker.java:111)
	at org.testng.TestRunner.privateRun(TestRunner.java:767)
	at org.testng.TestRunner.run(TestRunner.java:617)
	at org.testng.SuiteRunner.runTest(SuiteRunner.java:334)
	at org.testng.SuiteRunner.runSequentially(SuiteRunner.java:329)
	at org.testng.SuiteRunner.privateRun(SuiteRunner.java:291)
	at org.testng.SuiteRunner.run(SuiteRunner.java:240)
	at org.testng.SuiteRunnerWorker.runSuite(SuiteRunnerWorker.java:52)
	at org.testng.SuiteRunnerWorker.run(SuiteRunnerWorker.java:86)
	at org.testng.TestNG.runSuitesSequentially(TestNG.java:1198)
	at org.testng.TestNG.runSuitesLocally(TestNG.java:1123)
	at org.testng.TestNG.run(TestNG.java:1031)
	at org.testng.remote.AbstractRemoteTestNG.run(AbstractRemoteTestNG.java:132)
	at org.testng.remote.RemoteTestNG.initAndRun(RemoteTestNG.java:236)
	at org.testng.remote.RemoteTestNG.main(RemoteTestNG.java:81)
]]>
            </full-stacktrace>
          </exception> <!-- java.lang.AssertionError -->
          <reporter-output>
          </reporter-output>

        </test-method> <!-- TS006_VerifyArticlesFiltersFunctionalityInGlobalSearchTest -->
        <test-method status="PASS" signature="TS007_VerifyArticlesSearchFunctionalityInGlobalSearchTest()[pri:0, instance:atlantamarket_PROD.GlobalSearch_SearchFor@6eebc39e]" name="TS007_VerifyArticlesSearchFunctionalityInGlobalSearchTest" duration-ms="54363" started-at="2022-08-23T13:55:47Z" finished-at="2022-08-23T13:56:42Z">

        </test-method> <!-- TS020_VerifyMPActivitiesCardOverviewTest -->
        <test-method status="PASS" signature="tearDown()[pri:0, instance:atlantamarket_UAT.MarketPlanner@754ba872]" name="tearDown" is-config="true" duration-ms="0" started-at="2022-08-19T11:29:17Z" finished-at="2022-08-19T11:29:17Z">



          <reporter-output>
          </reporter-output>
        </test-method> <!-- TS007_VerifyArticlesSearchFunctionalityInGlobalSearchTest -->
      </class> <!-- atlantamarket_PROD.GlobalSearch_SearchFor -->
    </test> <!-- RegressionTest -->
  </suite> <!-- ATLMrkt_RegressionTestSuite -->
</testng-results>
