<?xml version="1.0" encoding="UTF-8"?>
<testng-results skipped="0" failed="0" total="1" passed="1">
  <reporter-output>
  </reporter-output>
  <suite name="ATLMrkt_RegressionTestSuite" duration-ms="304108" started-at="2022-12-23T06:40:42Z" finished-at="2022-12-23T06:45:46Z">
    <groups>
    </groups>
    <test name="RegressionTest" duration-ms="304108" started-at="2022-12-23T06:40:42Z" finished-at="2022-12-23T06:45:46Z">
      <class name="atlantamarket_PROD.GlobalSearch_ExhibitorActions">
        <test-method status="PASS" signature="initialize()[pri:0, instance:atlantamarket_PROD.GlobalSearch_ExhibitorActions@e25b2fe]" name="initialize" is-config="true" duration-ms="120392" started-at="2022-12-23T12:10:42Z" finished-at="2022-12-23T12:12:43Z">
          <reporter-output>
          </reporter-output>
        </test-method> <!-- initialize -->
        <test-method status="PASS" signature="TS003_VerifyAddToExistingListForExhibitorTest()[pri:0, instance:atlantamarket_PROD.GlobalSearch_ExhibitorActions@e25b2fe]" name="TS003_VerifyAddToExistingListForExhibitorTest" duration-ms="183647" started-at="2022-12-23T12:12:43Z" finished-at="2022-12-23T12:15:46Z">
          <reporter-output>
          </reporter-output>
        </test-method> <!-- TS003_VerifyAddToExistingListForExhibitorTest -->
      </class> <!-- atlantamarket_PROD.GlobalSearch_ExhibitorActions -->
    </test> <!-- RegressionTest -->
  </suite> <!-- ATLMrkt_RegressionTestSuite -->
</testng-results>
