<?xml version="1.0" encoding="UTF-8"?>
<testng-results skipped="0" failed="1" total="11" passed="10">
  <reporter-output>
  </reporter-output>
  <suite name="ATLMrkt_RegressionTestSuite" duration-ms="461166" started-at="2022-10-19T08:56:21Z" finished-at="2022-10-19T09:04:02Z">
    <groups>
    </groups>
    <test name="RegressionTest" duration-ms="461166" started-at="2022-10-19T08:56:21Z" finished-at="2022-10-19T09:04:02Z">
      <class name="atlantamarket_UAT.GlobalSearch_MatchingResults">
        <test-method status="PASS" signature="initialize()[pri:0, instance:atlantamarket_UAT.GlobalSearch_MatchingResults@204f30ec]" name="initialize" is-config="true" duration-ms="31101" started-at="2022-10-19T14:26:21Z" finished-at="2022-10-19T14:26:52Z">
          <reporter-output>
          </reporter-output>
        </test-method> <!-- initialize -->
        <test-method status="PASS" signature="TS001_VerifyGlobalSearchContainsAndStartsWithTest()[pri:0, instance:atlantamarket_UAT.GlobalSearch_MatchingResults@204f30ec]" name="TS001_VerifyGlobalSearchContainsAndStartsWithTest" duration-ms="9140" started-at="2022-10-19T14:26:52Z" finished-at="2022-10-19T14:27:01Z">
          <reporter-output>
          </reporter-output>
        </test-method> <!-- TS001_VerifyGlobalSearchContainsAndStartsWithTest -->
        <test-method status="PASS" signature="TS002_VerifyGlobalSearchMatchingResultsSortWithinTest()[pri:0, instance:atlantamarket_UAT.GlobalSearch_MatchingResults@204f30ec]" name="TS002_VerifyGlobalSearchMatchingResultsSortWithinTest" duration-ms="34562" started-at="2022-10-19T14:27:01Z" finished-at="2022-10-19T14:27:36Z">
          <reporter-output>
          </reporter-output>
        </test-method> <!-- TS002_VerifyGlobalSearchMatchingResultsSortWithinTest -->
        <test-method status="PASS" signature="TS003_VerifyGlobalSearchMatchingResultsSortSortByTest()[pri:0, instance:atlantamarket_UAT.GlobalSearch_MatchingResults@204f30ec]" name="TS003_VerifyGlobalSearchMatchingResultsSortSortByTest" duration-ms="40653" started-at="2022-10-19T14:27:36Z" finished-at="2022-10-19T14:28:16Z">
          <reporter-output>
          </reporter-output>
        </test-method> <!-- TS003_VerifyGlobalSearchMatchingResultsSortSortByTest -->
        <test-method status="PASS" signature="TS004_VerifyGlobalSearchMatchingResultsSortFilterByNameTest()[pri:0, instance:atlantamarket_UAT.GlobalSearch_MatchingResults@204f30ec]" name="TS004_VerifyGlobalSearchMatchingResultsSortFilterByNameTest" duration-ms="15387" started-at="2022-10-19T14:28:16Z" finished-at="2022-10-19T14:28:32Z">
          <reporter-output>
          </reporter-output>
        </test-method> <!-- TS004_VerifyGlobalSearchMatchingResultsSortFilterByNameTest -->
        <test-method status="PASS" signature="TS005_VerifyGlobalSearchMatchingResultsSelectAddToFavoritesTest()[pri:0, instance:atlantamarket_UAT.GlobalSearch_MatchingResults@204f30ec]" name="TS005_VerifyGlobalSearchMatchingResultsSelectAddToFavoritesTest" duration-ms="60395" started-at="2022-10-19T14:28:32Z" finished-at="2022-10-19T14:29:32Z">
          <reporter-output>
          </reporter-output>
        </test-method> <!-- TS005_VerifyGlobalSearchMatchingResultsSelectAddToFavoritesTest -->
        <test-method status="PASS" signature="TS006_VerifyGlobalSearchMatchingResultsSelectAddToExistingListTest()[pri:0, instance:atlantamarket_UAT.GlobalSearch_MatchingResults@204f30ec]" name="TS006_VerifyGlobalSearchMatchingResultsSelectAddToExistingListTest" duration-ms="105123" started-at="2022-10-19T14:29:32Z" finished-at="2022-10-19T14:31:17Z">
          <reporter-output>
          </reporter-output>
        </test-method> <!-- TS006_VerifyGlobalSearchMatchingResultsSelectAddToExistingListTest -->
        <test-method status="PASS" signature="TS007_VerifyGlobalSearchMatchingResultsSelectAddToNewlyCreatedListTest()[pri:0, instance:atlantamarket_UAT.GlobalSearch_MatchingResults@204f30ec]" name="TS007_VerifyGlobalSearchMatchingResultsSelectAddToNewlyCreatedListTest" duration-ms="114781" started-at="2022-10-19T14:31:17Z" finished-at="2022-10-19T14:33:12Z">
          <reporter-output>
          </reporter-output>
        </test-method> <!-- TS007_VerifyGlobalSearchMatchingResultsSelectAddToNewlyCreatedListTest -->
        <test-method status="FAIL" signature="TS008_VerifyGlobalSearchMatchingResultsUsePreviousSavedSearchTest()[pri:0, instance:atlantamarket_UAT.GlobalSearch_MatchingResults@204f30ec]" name="TS008_VerifyGlobalSearchMatchingResultsUsePreviousSavedSearchTest" duration-ms="11517" started-at="2022-10-19T14:33:12Z" finished-at="2022-10-19T14:33:24Z">
          <exception class="java.lang.AssertionError">
            <message>
              <![CDATA[expected [true] but found [false]]]>
            </message>
            <full-stacktrace>
              <![CDATA[java.lang.AssertionError: expected [true] but found [false]
	at org.testng.Assert.fail(Assert.java:94)
	at org.testng.Assert.failNotEquals(Assert.java:494)
	at org.testng.Assert.assertTrue(Assert.java:42)
	at org.testng.Assert.assertTrue(Assert.java:52)
	at atlantamarket_UAT.GlobalSearch_MatchingResults.TS008_VerifyGlobalSearchMatchingResultsUsePreviousSavedSearchTest(GlobalSearch_MatchingResults.java:479)
	at sun.reflect.NativeMethodAccessorImpl.invoke0(Native Method)
	at sun.reflect.NativeMethodAccessorImpl.invoke(NativeMethodAccessorImpl.java:62)
	at sun.reflect.DelegatingMethodAccessorImpl.invoke(DelegatingMethodAccessorImpl.java:43)
	at java.lang.reflect.Method.invoke(Method.java:498)
	at org.testng.internal.MethodInvocationHelper.invokeMethod(MethodInvocationHelper.java:80)
	at org.testng.internal.Invoker.invokeMethod(Invoker.java:714)
	at org.testng.internal.Invoker.invokeTestMethod(Invoker.java:901)
	at org.testng.internal.Invoker.invokeTestMethods(Invoker.java:1231)
	at org.testng.internal.TestMethodWorker.invokeTestMethods(TestMethodWorker.java:127)
	at org.testng.internal.TestMethodWorker.run(TestMethodWorker.java:111)
	at org.testng.TestRunner.privateRun(TestRunner.java:767)
	at org.testng.TestRunner.run(TestRunner.java:617)
	at org.testng.SuiteRunner.runTest(SuiteRunner.java:334)
	at org.testng.SuiteRunner.runSequentially(SuiteRunner.java:329)
	at org.testng.SuiteRunner.privateRun(SuiteRunner.java:291)
	at org.testng.SuiteRunner.run(SuiteRunner.java:240)
	at org.testng.SuiteRunnerWorker.runSuite(SuiteRunnerWorker.java:52)
	at org.testng.SuiteRunnerWorker.run(SuiteRunnerWorker.java:86)
	at org.testng.TestNG.runSuitesSequentially(TestNG.java:1198)
	at org.testng.TestNG.runSuitesLocally(TestNG.java:1123)
	at org.testng.TestNG.run(TestNG.java:1031)
	at org.testng.remote.AbstractRemoteTestNG.run(AbstractRemoteTestNG.java:114)
	at org.testng.remote.RemoteTestNG.initAndRun(RemoteTestNG.java:251)
	at org.testng.remote.RemoteTestNG.main(RemoteTestNG.java:77)
]]>
            </full-stacktrace>
          </exception> <!-- java.lang.AssertionError -->
          <reporter-output>
          </reporter-output>
        </test-method> <!-- TS008_VerifyGlobalSearchMatchingResultsUsePreviousSavedSearchTest -->
        <test-method status="PASS" signature="TS009_VerifyGlobalSearchMatchingResultsSavedSearchesTest()[pri:0, instance:atlantamarket_UAT.GlobalSearch_MatchingResults@204f30ec]" name="TS009_VerifyGlobalSearchMatchingResultsSavedSearchesTest" duration-ms="13436" started-at="2022-10-19T14:33:24Z" finished-at="2022-10-19T14:33:37Z">
          <reporter-output>
          </reporter-output>
        </test-method> <!-- TS009_VerifyGlobalSearchMatchingResultsSavedSearchesTest -->
        <test-method status="PASS" signature="TS010_VerifyShowSpecialsLinksExhibitorNameTest()[pri:0, instance:atlantamarket_UAT.GlobalSearch_MatchingResults@204f30ec]" name="TS010_VerifyShowSpecialsLinksExhibitorNameTest" duration-ms="13431" started-at="2022-10-19T14:33:37Z" finished-at="2022-10-19T14:33:51Z">
          <reporter-output>
          </reporter-output>
        </test-method> <!-- TS010_VerifyShowSpecialsLinksExhibitorNameTest -->
        <test-method status="PASS" signature="TS011_VerifyShowSpecialsLinksShowroomTest()[pri:0, instance:atlantamarket_UAT.GlobalSearch_MatchingResults@204f30ec]" name="TS011_VerifyShowSpecialsLinksShowroomTest" duration-ms="11322" started-at="2022-10-19T14:33:51Z" finished-at="2022-10-19T14:34:02Z">
          <reporter-output>
          </reporter-output>
        </test-method> <!-- TS011_VerifyShowSpecialsLinksShowroomTest -->
        <test-method status="PASS" signature="tearDown()[pri:0, instance:atlantamarket_UAT.GlobalSearch_MatchingResults@204f30ec]" name="tearDown" is-config="true" duration-ms="0" started-at="2022-10-19T14:34:02Z" finished-at="2022-10-19T14:34:02Z">
          <reporter-output>
          </reporter-output>
        </test-method> <!-- tearDown -->
      </class> <!-- atlantamarket_UAT.GlobalSearch_MatchingResults -->
    </test> <!-- RegressionTest -->
  </suite> <!-- ATLMrkt_RegressionTestSuite -->
</testng-results>
