<?xml version="1.0" encoding="UTF-8"?>
<testng-results skipped="0" failed="0" total="2" passed="2">
  <reporter-output>
  </reporter-output>
  <suite name="ATLMrkt_RegressionTestSuite" duration-ms="92703" started-at="2022-08-19T05:57:45Z" finished-at="2022-08-19T05:59:17Z">
    <groups>
    </groups>
    <test name="RegressionTest" duration-ms="92703" started-at="2022-08-19T05:57:45Z" finished-at="2022-08-19T05:59:17Z">
      <class name="atlantamarket_UAT.MarketPlanner">
        <test-method status="PASS" signature="initialize()[pri:0, instance:atlantamarket_UAT.MarketPlanner@754ba872]" name="initialize" is-config="true" duration-ms="20734" started-at="2022-08-19T11:27:45Z" finished-at="2022-08-19T11:28:05Z">
          <reporter-output>
          </reporter-output>
        </test-method> <!-- initialize -->
        <test-method status="PASS" signature="TS001_VerifyMarketPlannerLoginTest()[pri:0, instance:atlantamarket_UAT.MarketPlanner@754ba872]" name="TS001_VerifyMarketPlannerLoginTest" duration-ms="32849" started-at="2022-08-19T11:28:05Z" finished-at="2022-08-19T11:28:38Z">
          <reporter-output>
          </reporter-output>
        </test-method> <!-- TS001_VerifyMarketPlannerLoginTest -->
        <test-method status="PASS" signature="TS020_VerifyMPActivitiesCardOverviewTest()[pri:0, instance:atlantamarket_UAT.MarketPlanner@754ba872]" name="TS020_VerifyMPActivitiesCardOverviewTest" duration-ms="39088" started-at="2022-08-19T11:28:38Z" finished-at="2022-08-19T11:29:17Z">
          <reporter-output>
          </reporter-output>
        </test-method> <!-- TS020_VerifyMPActivitiesCardOverviewTest -->
        <test-method status="PASS" signature="tearDown()[pri:0, instance:atlantamarket_UAT.MarketPlanner@754ba872]" name="tearDown" is-config="true" duration-ms="0" started-at="2022-08-19T11:29:17Z" finished-at="2022-08-19T11:29:17Z">
          <reporter-output>
          </reporter-output>
        </test-method> <!-- tearDown -->
      </class> <!-- atlantamarket_UAT.MarketPlanner -->
    </test> <!-- RegressionTest -->
  </suite> <!-- ATLMrkt_RegressionTestSuite -->
</testng-results>
