<?xml version="1.0" encoding="UTF-8"?>
<testng-results skipped="0" failed="0" total="1" passed="1">
  <reporter-output>
  </reporter-output>
  <suite name="ATLMrkt_RegressionTestSuite" duration-ms="191867" started-at="2022-08-23T11:06:59Z" finished-at="2022-08-23T11:10:11Z">
    <groups>
    </groups>
    <test name="RegressionTest" duration-ms="191867" started-at="2022-08-23T11:06:59Z" finished-at="2022-08-23T11:10:11Z">
      <class name="atlantamarket_UAT.MarketPlanner">
        <test-method status="PASS" signature="initialize()[pri:0, instance:atlantamarket_UAT.MarketPlanner@464bee09]" name="initialize" is-config="true" duration-ms="54602" started-at="2022-08-23T16:36:59Z" finished-at="2022-08-23T16:37:54Z">
          <reporter-output>
          </reporter-output>
        </test-method> <!-- initialize -->
        <test-method status="PASS" signature="TS025_VerifyMarketPlannerListsManagementFilterOptionsFunctionalityTest()[pri:0, instance:atlantamarket_UAT.MarketPlanner@464bee09]" name="TS025_VerifyMarketPlannerListsManagementFilterOptionsFunctionalityTest" duration-ms="135737" started-at="2022-08-23T16:37:54Z" finished-at="2022-08-23T16:40:10Z">
          <reporter-output>
          </reporter-output>
        </test-method> <!-- TS025_VerifyMarketPlannerListsManagementFilterOptionsFunctionalityTest -->
        <test-method status="PASS" signature="tearDown()[pri:0, instance:atlantamarket_UAT.MarketPlanner@464bee09]" name="tearDown" is-config="true" duration-ms="1459" started-at="2022-08-23T16:40:10Z" finished-at="2022-08-23T16:40:11Z">
          <reporter-output>
          </reporter-output>
        </test-method> <!-- tearDown -->
      </class> <!-- atlantamarket_UAT.MarketPlanner -->
    </test> <!-- RegressionTest -->
  </suite> <!-- ATLMrkt_RegressionTestSuite -->
</testng-results>
