<?xml version="1.0" encoding="UTF-8"?>

<testng-results skipped="0" failed="0" total="1" passed="1">


<testng-results skipped="0" failed="0" total="1" passed="1">
  <reporter-output>
  </reporter-output>
  <suite name="LVM_RegressionTestSuite" duration-ms="166272" started-at="2022-07-20T09:13:39Z" finished-at="2022-07-20T09:16:26Z">
    <groups>
    </groups>
    <test name="RegressionTest" duration-ms="166272" started-at="2022-07-20T09:13:39Z" finished-at="2022-07-20T09:16:26Z">
      <class name="lasvegasmarket_UAT.GlobalSearch_ProductActions">
        <test-method status="PASS" signature="initialize()[pri:0, instance:lasvegasmarket_UAT.GlobalSearch_ProductActions@e25b2fe]" name="initialize" is-config="true" duration-ms="91631" started-at="2022-07-20T14:43:39Z" finished-at="2022-07-20T14:45:11Z">
          <reporter-output>
          </reporter-output>
        </test-method> <!-- initialize -->
        <test-method status="PASS" signature="TS009_VerifyProductAddToNewlyCreatedListOnSearchResultsGridTest()[pri:0, instance:lasvegasmarket_UAT.GlobalSearch_ProductActions@e25b2fe]" name="TS009_VerifyProductAddToNewlyCreatedListOnSearchResultsGridTest" duration-ms="74594" started-at="2022-07-20T14:45:11Z" finished-at="2022-07-20T14:46:26Z">
          <reporter-output>
          </reporter-output>
        </test-method> <!-- TS009_VerifyProductAddToNewlyCreatedListOnSearchResultsGridTest -->
      </class> <!-- lasvegasmarket_UAT.GlobalSearch_ProductActions -->

<testng-results skipped="0" failed="4" total="10" passed="6">

  <reporter-output>
  </reporter-output>
  <suite name="ATLMrkt_RegressionTestSuite" duration-ms="88051" started-at="2022-07-21T09:29:39Z" finished-at="2022-07-21T09:31:07Z">
    <groups>
    </groups>
    <test name="RegressionTest" duration-ms="88051" started-at="2022-07-21T09:29:39Z" finished-at="2022-07-21T09:31:07Z">
      <class name="lasvegasmarket_UAT.FloorPlans">
        <test-method status="PASS" signature="initialize()[pri:0, instance:lasvegasmarket_UAT.FloorPlans@4dfa3a9d]" name="initialize" is-config="true" duration-ms="55584" started-at="2022-07-21T14:59:39Z" finished-at="2022-07-21T15:00:35Z">
          <reporter-output>
          </reporter-output>
        </test-method> <!-- initialize -->
        <test-method status="PASS" signature="TS004_VerifyIconsOnFloorPlansPageTest()[pri:0, instance:lasvegasmarket_UAT.FloorPlans@4dfa3a9d]" name="TS004_VerifyIconsOnFloorPlansPageTest" duration-ms="32321" started-at="2022-07-21T15:00:35Z" finished-at="2022-07-21T15:01:07Z">
          <reporter-output>
          </reporter-output>
        </test-method> <!-- TS004_VerifyIconsOnFloorPlansPageTest -->
        <test-method status="PASS" signature="tearDown()[pri:0, instance:lasvegasmarket_UAT.FloorPlans@4dfa3a9d]" name="tearDown" is-config="true" duration-ms="1" started-at="2022-07-21T15:01:07Z" finished-at="2022-07-21T15:01:07Z">
          <reporter-output>
          </reporter-output>
        </test-method> <!-- tearDown -->
      </class> <!-- lasvegasmarket_UAT.FloorPlans -->
    </test> <!-- RegressionTest -->
  </suite> <!-- ATLMrkt_RegressionTestSuite -->
</testng-results>
