<?xml version="1.0" encoding="UTF-8"?>
<testng-results skipped="0" failed="0" total="2" passed="2">
  <reporter-output>
  </reporter-output>
  <suite name="LVM_RegressionTestSuite" duration-ms="59076" started-at="2022-11-02T10:45:58Z" finished-at="2022-11-02T10:46:57Z">
    <groups>
    </groups>
    <test name="RegressionTest" duration-ms="59076" started-at="2022-11-02T10:45:58Z" finished-at="2022-11-02T10:46:57Z">
      <class name="atlantamarket_PROD.GlobalSearch_ShowSpecials">
        <test-method status="PASS" signature="initialize()[pri:0, instance:atlantamarket_PROD.GlobalSearch_ShowSpecials@548e7350]" name="initialize" is-config="true" duration-ms="34768" started-at="2022-11-02T16:15:58Z" finished-at="2022-11-02T16:16:33Z">
          <reporter-output>
          </reporter-output>
        </test-method> <!-- initialize -->
        <test-method status="PASS" signature="TS010_VerifyShowSpecialsLinksExhibitorNameTest()[pri:0, instance:atlantamarket_PROD.GlobalSearch_ShowSpecials@548e7350]" name="TS010_VerifyShowSpecialsLinksExhibitorNameTest" duration-ms="12560" started-at="2022-11-02T16:16:33Z" finished-at="2022-11-02T16:16:45Z">
          <reporter-output>
          </reporter-output>
        </test-method> <!-- TS010_VerifyShowSpecialsLinksExhibitorNameTest -->
        <test-method status="PASS" signature="TS011_VerifyShowSpecialsLinksShowroomTest()[pri:0, instance:atlantamarket_PROD.GlobalSearch_ShowSpecials@548e7350]" name="TS011_VerifyShowSpecialsLinksShowroomTest" duration-ms="11714" started-at="2022-11-02T16:16:45Z" finished-at="2022-11-02T16:16:57Z">
          <reporter-output>
          </reporter-output>
        </test-method> <!-- TS011_VerifyShowSpecialsLinksShowroomTest -->
        <test-method status="PASS" signature="tearDown()[pri:0, instance:atlantamarket_PROD.GlobalSearch_ShowSpecials@548e7350]" name="tearDown" is-config="true" duration-ms="1" started-at="2022-11-02T16:16:57Z" finished-at="2022-11-02T16:16:57Z">
          <reporter-output>
          </reporter-output>
        </test-method> <!-- tearDown -->
      </class> <!-- atlantamarket_PROD.GlobalSearch_ShowSpecials -->
    </test> <!-- RegressionTest -->
  </suite> <!-- LVM_RegressionTestSuite -->
</testng-results>
