<?xml version="1.0" encoding="UTF-8"?>
<testng-results skipped="0" failed="0" total="1" passed="1">
  <reporter-output>
  </reporter-output>
  <suite name="MPGroupTestSuite" duration-ms="127016" started-at="2023-04-27T11:00:32Z" finished-at="2023-04-27T11:02:39Z">
    <groups>
    </groups>
    <test name="RegressionTest" duration-ms="127016" started-at="2023-04-27T11:00:32Z" finished-at="2023-04-27T11:02:39Z">
      <class name="lasvegasmarket_PROD.FloorPlans">
        <test-method status="PASS" signature="initialize()[pri:0, instance:lasvegasmarket_PROD.FloorPlans@146ba0ac]" name="initialize" is-config="true" duration-ms="61583" started-at="2023-04-27T16:30:32Z" finished-at="2023-04-27T16:31:34Z">
          <reporter-output>
          </reporter-output>
        </test-method> <!-- initialize -->
        <test-method status="PASS" signature="TS005_VerifyFunctionalityOfFiltersOFloorPlansPageTest()[pri:0, instance:lasvegasmarket_PROD.FloorPlans@146ba0ac]" name="TS005_VerifyFunctionalityOfFiltersOFloorPlansPageTest" duration-ms="65406" started-at="2023-04-27T16:31:34Z" finished-at="2023-04-27T16:32:39Z">
          <reporter-output>
          </reporter-output>
        </test-method> <!-- TS005_VerifyFunctionalityOfFiltersOFloorPlansPageTest -->
        <test-method status="PASS" signature="tearDown()[pri:0, instance:lasvegasmarket_PROD.FloorPlans@146ba0ac]" name="tearDown" is-config="true" duration-ms="0" started-at="2023-04-27T16:32:39Z" finished-at="2023-04-27T16:32:39Z">
          <reporter-output>
          </reporter-output>
        </test-method> <!-- tearDown -->
      </class> <!-- lasvegasmarket_PROD.FloorPlans -->
    </test> <!-- RegressionTest -->
  </suite> <!-- MPGroupTestSuite -->
</testng-results>
