<?xml version="1.0" encoding="UTF-8"?>
<testng-results skipped="0" failed="0" total="1" passed="1">
  <reporter-output>
  </reporter-output>
  <suite name="ATLMrkt_RegressionTestSuite" duration-ms="113920" started-at="2022-07-01T08:09:23Z" finished-at="2022-07-01T08:11:17Z">
    <groups>
    </groups>
    <test name="RegressionTest" duration-ms="113920" started-at="2022-07-01T08:09:23Z" finished-at="2022-07-01T08:11:17Z">
      <class name="atlantamarket.FloorPlans">
        <test-method status="PASS" signature="initialize()[pri:0, instance:atlantamarket.FloorPlans@59f99ea]" name="initialize" is-config="true" duration-ms="37103" started-at="2022-07-01T13:39:23Z" finished-at="2022-07-01T13:40:00Z">
          <reporter-output>
          </reporter-output>
        </test-method> <!-- initialize -->
        <test-method status="PASS" signature="TS005_VerifyFunctionalityOfFiltersOFloorPlansPageTest()[pri:0, instance:atlantamarket.FloorPlans@59f99ea]" name="TS005_VerifyFunctionalityOfFiltersOFloorPlansPageTest" duration-ms="73869" started-at="2022-07-01T13:40:00Z" finished-at="2022-07-01T13:41:14Z">
          <reporter-output>
          </reporter-output>
        </test-method> <!-- TS005_VerifyFunctionalityOfFiltersOFloorPlansPageTest -->
        <test-method status="PASS" signature="tearDown()[pri:0, instance:atlantamarket.FloorPlans@59f99ea]" name="tearDown" is-config="true" duration-ms="2896" started-at="2022-07-01T13:41:14Z" finished-at="2022-07-01T13:41:17Z">
          <reporter-output>
          </reporter-output>
        </test-method> <!-- tearDown -->
      </class> <!-- atlantamarket.FloorPlans -->
    </test> <!-- RegressionTest -->
  </suite> <!-- ATLMrkt_RegressionTestSuite -->
</testng-results>
