<?xml version="1.0" encoding="UTF-8"?>
<testng-results skipped="0" failed="0" total="11" passed="11">
  <reporter-output>
  </reporter-output>
  <suite name="LVM_RegressionTestSuite" duration-ms="693764" started-at="2023-03-20T09:49:05Z" finished-at="2023-03-20T10:00:39Z">
    <groups>
    </groups>
    <test name="RegressionTest" duration-ms="693764" started-at="2023-03-20T09:49:05Z" finished-at="2023-03-20T10:00:39Z">
      <class name="lasvegasmarket_UAT.GlobalSearch_SearchFor">
        <test-method status="PASS" signature="initialize()[pri:0, instance:lasvegasmarket_UAT.GlobalSearch_SearchFor@3abbfa04]" name="initialize" is-config="true" duration-ms="31225" started-at="2023-03-20T15:19:05Z" finished-at="2023-03-20T15:19:37Z">
          <reporter-output>
          </reporter-output>
        </test-method> <!-- initialize -->
        <test-method status="PASS" signature="TS001_VerifyInformationTabInGlobalSearchTest()[pri:0, instance:lasvegasmarket_UAT.GlobalSearch_SearchFor@3abbfa04]" name="TS001_VerifyInformationTabInGlobalSearchTest" duration-ms="26163" started-at="2023-03-20T15:19:37Z" finished-at="2023-03-20T15:20:03Z">
          <reporter-output>
          </reporter-output>
        </test-method> <!-- TS001_VerifyInformationTabInGlobalSearchTest -->
        <test-method status="PASS" signature="TS002_VerifyInformationSearchFunctionalityInGlobalSearchTest()[pri:0, instance:lasvegasmarket_UAT.GlobalSearch_SearchFor@3abbfa04]" name="TS002_VerifyInformationSearchFunctionalityInGlobalSearchTest" duration-ms="43971" started-at="2023-03-20T15:20:03Z" finished-at="2023-03-20T15:20:47Z">
          <reporter-output>
          </reporter-output>
        </test-method> <!-- TS002_VerifyInformationSearchFunctionalityInGlobalSearchTest -->
        <test-method status="PASS" signature="TS004_VerifyCatalogsOverviewInGlobalSearchTest()[pri:0, instance:lasvegasmarket_UAT.GlobalSearch_SearchFor@3abbfa04]" name="TS004_VerifyCatalogsOverviewInGlobalSearchTest" duration-ms="40722" started-at="2023-03-20T15:20:47Z" finished-at="2023-03-20T15:21:27Z">
          <reporter-output>
          </reporter-output>
        </test-method> <!-- TS004_VerifyCatalogsOverviewInGlobalSearchTest -->
        <test-method status="PASS" signature="TS005_VerifyArticlesOverviewInGlobalSearchTest()[pri:0, instance:lasvegasmarket_UAT.GlobalSearch_SearchFor@3abbfa04]" name="TS005_VerifyArticlesOverviewInGlobalSearchTest" duration-ms="51307" started-at="2023-03-20T15:21:27Z" finished-at="2023-03-20T15:22:19Z">
          <reporter-output>
          </reporter-output>
        </test-method> <!-- TS005_VerifyArticlesOverviewInGlobalSearchTest -->
        <test-method status="PASS" signature="TS006_VerifyArticlesFiltersFunctionalityInGlobalSearchTest()[pri:0, instance:lasvegasmarket_UAT.GlobalSearch_SearchFor@3abbfa04]" name="TS006_VerifyArticlesFiltersFunctionalityInGlobalSearchTest" duration-ms="137395" started-at="2023-03-20T15:22:19Z" finished-at="2023-03-20T15:24:36Z">
          <reporter-output>
          </reporter-output>
        </test-method> <!-- TS006_VerifyArticlesFiltersFunctionalityInGlobalSearchTest -->
        <test-method status="PASS" signature="TS007_VerifyArticlesSearchFunctionalityInGlobalSearchTest()[pri:0, instance:lasvegasmarket_UAT.GlobalSearch_SearchFor@3abbfa04]" name="TS007_VerifyArticlesSearchFunctionalityInGlobalSearchTest" duration-ms="57674" started-at="2023-03-20T15:24:36Z" finished-at="2023-03-20T15:25:34Z">
          <reporter-output>
          </reporter-output>
        </test-method> <!-- TS007_VerifyArticlesSearchFunctionalityInGlobalSearchTest -->
        <test-method status="PASS" signature="TS008_VerifyEventsSearchFunctionalityInGlobalSearchTest()[pri:0, instance:lasvegasmarket_UAT.GlobalSearch_SearchFor@3abbfa04]" name="TS008_VerifyEventsSearchFunctionalityInGlobalSearchTest" duration-ms="82955" started-at="2023-03-20T15:25:34Z" finished-at="2023-03-20T15:26:57Z">
          <reporter-output>
          </reporter-output>
        </test-method> <!-- TS008_VerifyEventsSearchFunctionalityInGlobalSearchTest -->
        <test-method status="PASS" signature="TS009_VerifyEventsFiltersFunctionalityInGlobalSearchTest()[pri:0, instance:lasvegasmarket_UAT.GlobalSearch_SearchFor@3abbfa04]" name="TS009_VerifyEventsFiltersFunctionalityInGlobalSearchTest" duration-ms="72939" started-at="2023-03-20T15:26:57Z" finished-at="2023-03-20T15:28:10Z">
          <reporter-output>
          </reporter-output>
        </test-method> <!-- TS009_VerifyEventsFiltersFunctionalityInGlobalSearchTest -->
        <test-method status="PASS" signature="TS010_VerifyShowSpecialsOverviewInGlobalSearchTest()[pri:0, instance:lasvegasmarket_UAT.GlobalSearch_SearchFor@3abbfa04]" name="TS010_VerifyShowSpecialsOverviewInGlobalSearchTest" duration-ms="31822" started-at="2023-03-20T15:28:10Z" finished-at="2023-03-20T15:28:42Z">
          <reporter-output>
          </reporter-output>
        </test-method> <!-- TS010_VerifyShowSpecialsOverviewInGlobalSearchTest -->
        <test-method status="PASS" signature="TS011_VerifyEventsOverviewInGlobalSearchTest()[pri:0, instance:lasvegasmarket_UAT.GlobalSearch_SearchFor@3abbfa04]" name="TS011_VerifyEventsOverviewInGlobalSearchTest" duration-ms="68198" started-at="2023-03-20T15:28:42Z" finished-at="2023-03-20T15:29:50Z">
          <reporter-output>
          </reporter-output>
        </test-method> <!-- TS011_VerifyEventsOverviewInGlobalSearchTest -->
        <test-method status="PASS" signature="TS003_VerifyInformationFiltersFunctionalityInGlobalSearchTest()[pri:0, instance:lasvegasmarket_UAT.GlobalSearch_SearchFor@3abbfa04]" name="TS003_VerifyInformationFiltersFunctionalityInGlobalSearchTest" duration-ms="49347" started-at="2023-03-20T15:29:50Z" finished-at="2023-03-20T15:30:39Z">
          <reporter-output>
          </reporter-output>
        </test-method> <!-- TS003_VerifyInformationFiltersFunctionalityInGlobalSearchTest -->
        <test-method status="PASS" signature="tearDown()[pri:0, instance:lasvegasmarket_UAT.GlobalSearch_SearchFor@3abbfa04]" name="tearDown" is-config="true" duration-ms="0" started-at="2023-03-20T15:30:39Z" finished-at="2023-03-20T15:30:39Z">
          <reporter-output>
          </reporter-output>
        </test-method> <!-- tearDown -->
      </class> <!-- lasvegasmarket_UAT.GlobalSearch_SearchFor -->
    </test> <!-- RegressionTest -->
  </suite> <!-- LVM_RegressionTestSuite -->
</testng-results>
