<?xml version="1.0" encoding="UTF-8"?>
<testng-results skipped="0" failed="0" total="1" passed="1">
  <reporter-output>
  </reporter-output>
  <suite name="sitecore_PROD_Suite" duration-ms="25768" started-at="2024-02-20T12:39:35Z" finished-at="2024-02-20T12:40:01Z">
    <groups>
    </groups>
    <test name="sitecore_PROD" duration-ms="25768" started-at="2024-02-20T12:39:35Z" finished-at="2024-02-20T12:40:01Z">
      <class name="sitecore_PROD.DigitalAdminPanel">
        <test-method status="PASS" signature="initialize()[pri:0, instance:sitecore_PROD.DigitalAdminPanel@3d8314f0]" name="initialize" is-config="true" duration-ms="18211" started-at="2024-02-20T18:09:35Z" finished-at="2024-02-20T18:09:53Z">
          <reporter-output>
          </reporter-output>
        </test-method> <!-- initialize -->
        <test-method status="PASS" signature="TS001_VerifyDigitalAdminPanelTest()[pri:1, instance:sitecore_PROD.DigitalAdminPanel@3d8314f0]" name="TS001_VerifyDigitalAdminPanelTest" duration-ms="7541" started-at="2024-02-20T18:09:53Z" finished-at="2024-02-20T18:10:01Z">
          <reporter-output>
          </reporter-output>
        </test-method> <!-- TS001_VerifyDigitalAdminPanelTest -->
      </class> <!-- sitecore_PROD.DigitalAdminPanel -->
    </test> <!-- sitecore_PROD -->
  </suite> <!-- sitecore_PROD_Suite -->
</testng-results>
