<?xml version="1.0" encoding="UTF-8"?>
<testng-results skipped="0" failed="0" total="1" passed="1">
  <reporter-output>
  </reporter-output>
  <suite name="ATLMrkt_RegressionTestSuite" duration-ms="57054" started-at="2022-10-12T08:21:43Z" finished-at="2022-10-12T08:22:40Z">
    <groups>
    </groups>
    <test name="RegressionTest" duration-ms="57054" started-at="2022-10-12T08:21:43Z" finished-at="2022-10-12T08:22:40Z">
      <class name="atlantamarket_UAT.GlobalSearch_SearchFor">
        <test-method status="PASS" signature="initialize()[pri:0, instance:atlantamarket_UAT.GlobalSearch_SearchFor@464bee09]" name="initialize" is-config="true" duration-ms="26859" started-at="2022-10-12T13:51:43Z" finished-at="2022-10-12T13:52:10Z">
          <reporter-output>
          </reporter-output>
        </test-method> <!-- initialize -->
        <test-method status="PASS" signature="TS011_VerifyShowSpecialsOverviewInGlobalSearchTest()[pri:0, instance:atlantamarket_UAT.GlobalSearch_SearchFor@464bee09]" name="TS011_VerifyShowSpecialsOverviewInGlobalSearchTest" duration-ms="30129" started-at="2022-10-12T13:52:10Z" finished-at="2022-10-12T13:52:40Z">
          <reporter-output>
          </reporter-output>
        </test-method> <!-- TS011_VerifyShowSpecialsOverviewInGlobalSearchTest -->
      </class> <!-- atlantamarket_UAT.GlobalSearch_SearchFor -->
    </test> <!-- RegressionTest -->
  </suite> <!-- ATLMrkt_RegressionTestSuite -->
</testng-results>
