<?xml version="1.0" encoding="UTF-8"?>
<testng-results skipped="0" failed="0" total="2" passed="2">
  <reporter-output>
  </reporter-output>
  <suite name="ATLMrkt_RegressionTestSuite" duration-ms="101004" started-at="2022-06-06T08:35:21Z" finished-at="2022-06-06T08:37:02Z">
    <groups>
    </groups>
    <test name="Test" duration-ms="101004" started-at="2022-06-06T08:35:21Z" finished-at="2022-06-06T08:37:02Z">
      <class name="atlantamarket.AtlantaMarketRegressTest_UAT">
        <test-method status="PASS" signature="initialize()[pri:0, instance:atlantamarket.AtlantaMarketRegressTest_UAT@5e5792a0]" name="initialize" is-config="true" duration-ms="44360" started-at="2022-06-06T14:05:21Z" finished-at="2022-06-06T14:06:05Z">
          <reporter-output>
          </reporter-output>
        </test-method> <!-- initialize -->
        <test-method status="PASS" signature="TS001_VerifyMarketPlannerLoginTest()[pri:0, instance:atlantamarket.AtlantaMarketRegressTest_UAT@5e5792a0]" name="TS001_VerifyMarketPlannerLoginTest" duration-ms="29833" started-at="2022-06-06T14:06:05Z" finished-at="2022-06-06T14:06:35Z">
          <reporter-output>
          </reporter-output>
        </test-method> <!-- TS001_VerifyMarketPlannerLoginTest -->
        <test-method status="PASS" signature="TS025_VerifyProductsActionsProductDetailsIcoToAddToNewlyCreatedListTest()[pri:0, instance:atlantamarket.AtlantaMarketRegressTest_UAT@5e5792a0]" name="TS025_VerifyProductsActionsProductDetailsIcoToAddToNewlyCreatedListTest" duration-ms="26782" started-at="2022-06-06T14:06:35Z" finished-at="2022-06-06T14:07:02Z">
          <reporter-output>
          </reporter-output>
        </test-method> <!-- TS025_VerifyProductsActionsProductDetailsIcoToAddToNewlyCreatedListTest -->
      </class> <!-- atlantamarket.AtlantaMarketRegressTest_UAT -->
    </test> <!-- Test -->
  </suite> <!-- ATLMrkt_RegressionTestSuite -->
</testng-results>
