<?xml version="1.0" encoding="UTF-8"?>
<testng-results skipped="0" failed="7" total="28" passed="21">
  <reporter-output>
  </reporter-output>
  <suite name="ATLMrkt_RegressionTestSuite" duration-ms="1802160" started-at="2022-06-13T08:46:23Z" finished-at="2022-06-13T09:16:25Z">
    <groups>
    </groups>
    <test name="RegressionTest" duration-ms="1802160" started-at="2022-06-13T08:46:23Z" finished-at="2022-06-13T09:16:25Z">
      <class name="atlantamarket.GlobalSearch_LineActions">
        <test-method status="PASS" signature="initialize()[pri:0, instance:atlantamarket.GlobalSearch_LineActions@7cd62f43]" name="initialize" is-config="true" duration-ms="54343" started-at="2022-06-13T14:30:35Z" finished-at="2022-06-13T14:31:30Z">
          <reporter-output>
          </reporter-output>
        </test-method> <!-- initialize -->
        <test-method status="PASS" signature="TS001_VerifyMarketPlannerLoginTest()[pri:0, instance:atlantamarket.GlobalSearch_LineActions@7cd62f43]" name="TS001_VerifyMarketPlannerLoginTest" duration-ms="56527" started-at="2022-06-13T14:31:30Z" finished-at="2022-06-13T14:32:26Z">
          <reporter-output>
          </reporter-output>
        </test-method> <!-- TS001_VerifyMarketPlannerLoginTest -->
        <test-method status="PASS" signature="TS002_VerifyClickOnContactExhIconForLineTest()[pri:0, instance:atlantamarket.GlobalSearch_LineActions@7cd62f43]" name="TS002_VerifyClickOnContactExhIconForLineTest" duration-ms="22929" started-at="2022-06-13T14:32:26Z" finished-at="2022-06-13T14:32:49Z">
          <reporter-output>
          </reporter-output>
        </test-method> <!-- TS002_VerifyClickOnContactExhIconForLineTest -->
        <test-method status="PASS" signature="TS003_VerifyAddToFavoriteForLineTest()[pri:0, instance:atlantamarket.GlobalSearch_LineActions@7cd62f43]" name="TS003_VerifyAddToFavoriteForLineTest" duration-ms="52277" started-at="2022-06-13T14:32:49Z" finished-at="2022-06-13T14:33:41Z">
          <reporter-output>
          </reporter-output>
        </test-method> <!-- TS003_VerifyAddToFavoriteForLineTest -->
        <test-method status="PASS" signature="TS004_VerifyClickOnOrderOnJuniperMarketBtnForLineTest()[pri:0, instance:atlantamarket.GlobalSearch_LineActions@7cd62f43]" name="TS004_VerifyClickOnOrderOnJuniperMarketBtnForLineTest" duration-ms="36313" started-at="2022-06-13T14:33:41Z" finished-at="2022-06-13T14:34:18Z">
          <reporter-output>
          </reporter-output>
        </test-method> <!-- TS004_VerifyClickOnOrderOnJuniperMarketBtnForLineTest -->
        <test-method status="PASS" signature="TS005_VerifyAddToNewListForLineTest()[pri:0, instance:atlantamarket.GlobalSearch_LineActions@7cd62f43]" name="TS005_VerifyAddToNewListForLineTest" duration-ms="76880" started-at="2022-06-13T14:34:18Z" finished-at="2022-06-13T14:35:35Z">
          <reporter-output>
          </reporter-output>
        </test-method> <!-- TS005_VerifyAddToNewListForLineTest -->
        <test-method status="PASS" signature="TS006_VerifyAddToExistingListForLineTest()[pri:0, instance:atlantamarket.GlobalSearch_LineActions@7cd62f43]" name="TS006_VerifyAddToExistingListForLineTest" duration-ms="76822" started-at="2022-06-13T14:35:35Z" finished-at="2022-06-13T14:36:51Z">
          <reporter-output>
          </reporter-output>
        </test-method> <!-- TS006_VerifyAddToExistingListForLineTest -->
        <test-method status="PASS" signature="TS007_VerifyClickOnShownByExhibitorNameLinkForLineTest()[pri:0, instance:atlantamarket.GlobalSearch_LineActions@7cd62f43]" name="TS007_VerifyClickOnShownByExhibitorNameLinkForLineTest" duration-ms="37225" started-at="2022-06-13T14:36:51Z" finished-at="2022-06-13T14:37:29Z">
          <reporter-output>
          </reporter-output>
        </test-method> <!-- TS007_VerifyClickOnShownByExhibitorNameLinkForLineTest -->
        <test-method status="PASS" signature="TS008_VerifyClickOnLocationLinkForLineTest()[pri:0, instance:atlantamarket.GlobalSearch_LineActions@7cd62f43]" name="TS008_VerifyClickOnLocationLinkForLineTest" duration-ms="34627" started-at="2022-06-13T14:37:29Z" finished-at="2022-06-13T14:38:03Z">
          <reporter-output>
          </reporter-output>
        </test-method> <!-- TS008_VerifyClickOnLocationLinkForLineTest -->
        <test-method status="FAIL" signature="TS009_VerifyClickOnMatchingProductsSeeAllLinkForLineTest()[pri:0, instance:atlantamarket.GlobalSearch_LineActions@7cd62f43]" name="TS009_VerifyClickOnMatchingProductsSeeAllLinkForLineTest" duration-ms="47068" started-at="2022-06-13T14:38:03Z" finished-at="2022-06-13T14:38:50Z">
          <exception class="java.lang.AssertionError">
            <message>
              <![CDATA[expected [59727] but found [59730]]]>
            </message>
            <full-stacktrace>
              <![CDATA[java.lang.AssertionError: expected [59727] but found [59730]
	at org.testng.Assert.fail(Assert.java:94)
	at org.testng.Assert.failNotEquals(Assert.java:494)
	at org.testng.Assert.assertEquals(Assert.java:123)
	at org.testng.Assert.assertEquals(Assert.java:176)
	at org.testng.Assert.assertEquals(Assert.java:186)
	at atlantamarket.GlobalSearch_LineActions.TS009_VerifyClickOnMatchingProductsSeeAllLinkForLineTest(GlobalSearch_LineActions.java:436)
	at sun.reflect.NativeMethodAccessorImpl.invoke0(Native Method)
	at sun.reflect.NativeMethodAccessorImpl.invoke(Unknown Source)
	at sun.reflect.DelegatingMethodAccessorImpl.invoke(Unknown Source)
	at java.lang.reflect.Method.invoke(Unknown Source)
	at org.testng.internal.MethodInvocationHelper.invokeMethod(MethodInvocationHelper.java:80)
	at org.testng.internal.Invoker.invokeMethod(Invoker.java:714)
	at org.testng.internal.Invoker.invokeTestMethod(Invoker.java:901)
	at org.testng.internal.Invoker.invokeTestMethods(Invoker.java:1231)
	at org.testng.internal.TestMethodWorker.invokeTestMethods(TestMethodWorker.java:127)
	at org.testng.internal.TestMethodWorker.run(TestMethodWorker.java:111)
	at org.testng.TestRunner.privateRun(TestRunner.java:767)
	at org.testng.TestRunner.run(TestRunner.java:617)
	at org.testng.SuiteRunner.runTest(SuiteRunner.java:334)
	at org.testng.SuiteRunner.runSequentially(SuiteRunner.java:329)
	at org.testng.SuiteRunner.privateRun(SuiteRunner.java:291)
	at org.testng.SuiteRunner.run(SuiteRunner.java:240)
	at org.testng.SuiteRunnerWorker.runSuite(SuiteRunnerWorker.java:52)
	at org.testng.SuiteRunnerWorker.run(SuiteRunnerWorker.java:86)
	at org.testng.TestNG.runSuitesSequentially(TestNG.java:1198)
	at org.testng.TestNG.runSuitesLocally(TestNG.java:1123)
	at org.testng.TestNG.run(TestNG.java:1031)
	at org.testng.remote.AbstractRemoteTestNG.run(AbstractRemoteTestNG.java:132)
	at org.testng.remote.RemoteTestNG.initAndRun(RemoteTestNG.java:236)
	at org.testng.remote.RemoteTestNG.main(RemoteTestNG.java:81)
]]>
            </full-stacktrace>
          </exception> <!-- java.lang.AssertionError -->
          <reporter-output>
          </reporter-output>
        </test-method> <!-- TS009_VerifyClickOnMatchingProductsSeeAllLinkForLineTest -->
        <test-method status="PASS" signature="TS010_VerifyClickOnTotalProductsSeeAllLinkForLineTest()[pri:0, instance:atlantamarket.GlobalSearch_LineActions@7cd62f43]" name="TS010_VerifyClickOnTotalProductsSeeAllLinkForLineTest" duration-ms="76538" started-at="2022-06-13T14:38:51Z" finished-at="2022-06-13T14:40:07Z">
          <reporter-output>
          </reporter-output>
        </test-method> <!-- TS010_VerifyClickOnTotalProductsSeeAllLinkForLineTest -->
        <test-method status="PASS" signature="tearDown()[pri:0, instance:atlantamarket.GlobalSearch_LineActions@7cd62f43]" name="tearDown" is-config="true" duration-ms="5572" started-at="2022-06-13T14:40:07Z" finished-at="2022-06-13T14:40:13Z">
          <reporter-output>
          </reporter-output>
        </test-method> <!-- tearDown -->
      </class> <!-- atlantamarket.GlobalSearch_LineActions -->
      <class name="atlantamarket.GlobalSearch_ProductActions">
        <test-method status="PASS" signature="initialize()[pri:0, instance:atlantamarket.GlobalSearch_ProductActions@685cb137]" name="initialize" is-config="true" duration-ms="66958" started-at="2022-06-13T14:40:13Z" finished-at="2022-06-13T14:41:20Z">
          <reporter-output>
          </reporter-output>
        </test-method> <!-- initialize -->
        <test-method status="PASS" signature="TS001_VerifyMarketPlannerLoginTest()[pri:0, instance:atlantamarket.GlobalSearch_ProductActions@685cb137]" name="TS001_VerifyMarketPlannerLoginTest" duration-ms="84468" started-at="2022-06-13T14:41:20Z" finished-at="2022-06-13T14:42:44Z">
          <reporter-output>
          </reporter-output>
        </test-method> <!-- TS001_VerifyMarketPlannerLoginTest -->
        <test-method status="PASS" signature="TS002_VerifyClickOnSeeDetailsBtnForProductTest()[pri:0, instance:atlantamarket.GlobalSearch_ProductActions@685cb137]" name="TS002_VerifyClickOnSeeDetailsBtnForProductTest" duration-ms="20376" started-at="2022-06-13T14:42:44Z" finished-at="2022-06-13T14:43:05Z">
          <reporter-output>
          </reporter-output>
        </test-method> <!-- TS002_VerifyClickOnSeeDetailsBtnForProductTest -->
        <test-method status="FAIL" signature="TS003_VerifyAddToNewListForProductDetailsTest()[pri:0, instance:atlantamarket.GlobalSearch_ProductActions@685cb137]" name="TS003_VerifyAddToNewListForProductDetailsTest" duration-ms="72984" started-at="2022-06-13T14:43:05Z" finished-at="2022-06-13T14:44:18Z">
          <exception class="org.openqa.selenium.TimeoutException">
            <message>
              <![CDATA[Expected condition failed: waiting for visibility of element located by By.xpath: //input[@value='Create'] (tried for 20 second(s) with 500 MILLISECONDS interval)]]>
            </message>
            <full-stacktrace>
              <![CDATA[org.openqa.selenium.TimeoutException: Expected condition failed: waiting for visibility of element located by By.xpath: //input[@value='Create'] (tried for 20 second(s) with 500 MILLISECONDS interval)
	at org.openqa.selenium.support.ui.WebDriverWait.timeoutException(WebDriverWait.java:80)
	at org.openqa.selenium.support.ui.FluentWait.until(FluentWait.java:232)
	at pageObjects.AtlantaMarket.ATLMarketPlannerPage.getAddListCreateBtn(ATLMarketPlannerPage.java:108)
	at atlantamarket.GlobalSearch_ProductActions.TS003_VerifyAddToNewListForProductDetailsTest(GlobalSearch_ProductActions.java:168)
	at sun.reflect.NativeMethodAccessorImpl.invoke0(Native Method)
	at sun.reflect.NativeMethodAccessorImpl.invoke(Unknown Source)
	at sun.reflect.DelegatingMethodAccessorImpl.invoke(Unknown Source)
	at java.lang.reflect.Method.invoke(Unknown Source)
	at org.testng.internal.MethodInvocationHelper.invokeMethod(MethodInvocationHelper.java:80)
	at org.testng.internal.Invoker.invokeMethod(Invoker.java:714)
	at org.testng.internal.Invoker.invokeTestMethod(Invoker.java:901)
	at org.testng.internal.Invoker.invokeTestMethods(Invoker.java:1231)
	at org.testng.internal.TestMethodWorker.invokeTestMethods(TestMethodWorker.java:127)
	at org.testng.internal.TestMethodWorker.run(TestMethodWorker.java:111)
	at org.testng.TestRunner.privateRun(TestRunner.java:767)
	at org.testng.TestRunner.run(TestRunner.java:617)
	at org.testng.SuiteRunner.runTest(SuiteRunner.java:334)
	at org.testng.SuiteRunner.runSequentially(SuiteRunner.java:329)
	at org.testng.SuiteRunner.privateRun(SuiteRunner.java:291)
	at org.testng.SuiteRunner.run(SuiteRunner.java:240)
	at org.testng.SuiteRunnerWorker.runSuite(SuiteRunnerWorker.java:52)
	at org.testng.SuiteRunnerWorker.run(SuiteRunnerWorker.java:86)
	at org.testng.TestNG.runSuitesSequentially(TestNG.java:1198)
	at org.testng.TestNG.runSuitesLocally(TestNG.java:1123)
	at org.testng.TestNG.run(TestNG.java:1031)
	at org.testng.remote.AbstractRemoteTestNG.run(AbstractRemoteTestNG.java:132)
	at org.testng.remote.RemoteTestNG.initAndRun(RemoteTestNG.java:236)
	at org.testng.remote.RemoteTestNG.main(RemoteTestNG.java:81)
Caused by: org.openqa.selenium.NoSuchElementException: Cannot locate an element using By.xpath: //input[@value='Create']
For documentation on this error, please visit: http://seleniumhq.org/exceptions/no_such_element.html
Build info: version: '3.4.0', revision: 'unknown', time: 'unknown'
System info: host: 'NILAMMA-W10', ip: '192.168.68.2', os.name: 'Windows 10', os.arch: 'amd64', os.version: '10.0', java.version: '1.8.0_161'
Driver info: driver.version: unknown
	at org.openqa.selenium.support.ui.ExpectedConditions.lambda$findElement$0(ExpectedConditions.java:883)
	at java.util.Optional.orElseThrow(Unknown Source)
	at org.openqa.selenium.support.ui.ExpectedConditions.findElement(ExpectedConditions.java:882)
	at org.openqa.selenium.support.ui.ExpectedConditions.access$000(ExpectedConditions.java:44)
	at org.openqa.selenium.support.ui.ExpectedConditions$7.apply(ExpectedConditions.java:206)
	at org.openqa.selenium.support.ui.ExpectedConditions$7.apply(ExpectedConditions.java:202)
	at org.openqa.selenium.support.ui.FluentWait.until(FluentWait.java:209)
	... 26 more
]]>
            </full-stacktrace>
          </exception> <!-- org.openqa.selenium.TimeoutException -->
          <reporter-output>
          </reporter-output>
        </test-method> <!-- TS003_VerifyAddToNewListForProductDetailsTest -->
        <test-method status="PASS" signature="TS004_VerifyAddToExistingListForProductDetailsTest()[pri:0, instance:atlantamarket.GlobalSearch_ProductActions@685cb137]" name="TS004_VerifyAddToExistingListForProductDetailsTest" duration-ms="122147" started-at="2022-06-13T14:44:18Z" finished-at="2022-06-13T14:46:20Z">
          <reporter-output>
          </reporter-output>
        </test-method> <!-- TS004_VerifyAddToExistingListForProductDetailsTest -->
        <test-method status="PASS" signature="tearDown()[pri:0, instance:atlantamarket.GlobalSearch_ProductActions@685cb137]" name="tearDown" is-config="true" duration-ms="5368" started-at="2022-06-13T14:46:20Z" finished-at="2022-06-13T14:46:25Z">
          <reporter-output>
          </reporter-output>
        </test-method> <!-- tearDown -->
      </class> <!-- atlantamarket.GlobalSearch_ProductActions -->
      <class name="atlantamarket.GlobalSearch_ExhibitorActions">
        <test-method status="PASS" signature="initialize()[pri:0, instance:atlantamarket.GlobalSearch_ExhibitorActions@ae45eb6]" name="initialize" is-config="true" duration-ms="67873" started-at="2022-06-13T14:19:54Z" finished-at="2022-06-13T14:21:02Z">
          <reporter-output>
          </reporter-output>
        </test-method> <!-- initialize -->
        <test-method status="PASS" signature="TS001_VerifyMarketPlannerLoginTest()[pri:0, instance:atlantamarket.GlobalSearch_ExhibitorActions@ae45eb6]" name="TS001_VerifyMarketPlannerLoginTest" duration-ms="52136" started-at="2022-06-13T14:21:02Z" finished-at="2022-06-13T14:21:54Z">
          <reporter-output>
          </reporter-output>
        </test-method> <!-- TS001_VerifyMarketPlannerLoginTest -->
        <test-method status="PASS" signature="TS002_VerifyAddToFavoriteForExhibitorTest()[pri:0, instance:atlantamarket.GlobalSearch_ExhibitorActions@ae45eb6]" name="TS002_VerifyAddToFavoriteForExhibitorTest" duration-ms="40284" started-at="2022-06-13T14:21:54Z" finished-at="2022-06-13T14:22:35Z">
          <reporter-output>
          </reporter-output>
        </test-method> <!-- TS002_VerifyAddToFavoriteForExhibitorTest -->
        <test-method status="PASS" signature="TS003_VerifyAddToNewListForExhibitorTest()[pri:0, instance:atlantamarket.GlobalSearch_ExhibitorActions@ae45eb6]" name="TS003_VerifyAddToNewListForExhibitorTest" duration-ms="72384" started-at="2022-06-13T14:22:35Z" finished-at="2022-06-13T14:23:47Z">
          <reporter-output>
          </reporter-output>
        </test-method> <!-- TS003_VerifyAddToNewListForExhibitorTest -->
        <test-method status="PASS" signature="TS004_VerifyAddToExistingListForExhibitorTest()[pri:0, instance:atlantamarket.GlobalSearch_ExhibitorActions@ae45eb6]" name="TS004_VerifyAddToExistingListForExhibitorTest" duration-ms="102934" started-at="2022-06-13T14:23:47Z" finished-at="2022-06-13T14:25:30Z">
          <reporter-output>
          </reporter-output>
        </test-method> <!-- TS004_VerifyAddToExistingListForExhibitorTest -->
        <test-method status="PASS" signature="TS005_VerifyClickOnContactExhIconForExhibitorTest()[pri:0, instance:atlantamarket.GlobalSearch_ExhibitorActions@ae45eb6]" name="TS005_VerifyClickOnContactExhIconForExhibitorTest" duration-ms="31464" started-at="2022-06-13T14:25:30Z" finished-at="2022-06-13T14:26:01Z">
          <reporter-output>
          </reporter-output>
        </test-method> <!-- TS005_VerifyClickOnContactExhIconForExhibitorTest -->
        <test-method status="PASS" signature="TS006_VerifyClickOnLocationLinksForExhibitorTest()[pri:0, instance:atlantamarket.GlobalSearch_ExhibitorActions@ae45eb6]" name="TS006_VerifyClickOnLocationLinksForExhibitorTest" duration-ms="37718" started-at="2022-06-13T14:26:01Z" finished-at="2022-06-13T14:26:39Z">
          <reporter-output>
          </reporter-output>
        </test-method> <!-- TS006_VerifyClickOnLocationLinksForExhibitorTest -->
        <test-method status="FAIL" signature="TS007_VerifyClickOnLinesShownLinkForExhibitorTest()[pri:0, instance:atlantamarket.GlobalSearch_ExhibitorActions@ae45eb6]" name="TS007_VerifyClickOnLinesShownLinkForExhibitorTest" duration-ms="42588" started-at="2022-06-13T14:26:39Z" finished-at="2022-06-13T14:27:22Z">
          <exception class="java.lang.AssertionError">
            <message>
              <![CDATA[expected [true] but found [false]]]>
            </message>
            <full-stacktrace>
              <![CDATA[java.lang.AssertionError: expected [true] but found [false]
	at org.testng.Assert.fail(Assert.java:94)
	at org.testng.Assert.failNotEquals(Assert.java:494)
	at org.testng.Assert.assertTrue(Assert.java:42)
	at org.testng.Assert.assertTrue(Assert.java:52)
	at atlantamarket.GlobalSearch_ExhibitorActions.TS007_VerifyClickOnLinesShownLinkForExhibitorTest(GlobalSearch_ExhibitorActions.java:357)
	at sun.reflect.NativeMethodAccessorImpl.invoke0(Native Method)
	at sun.reflect.NativeMethodAccessorImpl.invoke(Unknown Source)
	at sun.reflect.DelegatingMethodAccessorImpl.invoke(Unknown Source)
	at java.lang.reflect.Method.invoke(Unknown Source)
	at org.testng.internal.MethodInvocationHelper.invokeMethod(MethodInvocationHelper.java:80)
	at org.testng.internal.Invoker.invokeMethod(Invoker.java:714)
	at org.testng.internal.Invoker.invokeTestMethod(Invoker.java:901)
	at org.testng.internal.Invoker.invokeTestMethods(Invoker.java:1231)
	at org.testng.internal.TestMethodWorker.invokeTestMethods(TestMethodWorker.java:127)
	at org.testng.internal.TestMethodWorker.run(TestMethodWorker.java:111)
	at org.testng.TestRunner.privateRun(TestRunner.java:767)
	at org.testng.TestRunner.run(TestRunner.java:617)
	at org.testng.SuiteRunner.runTest(SuiteRunner.java:334)
	at org.testng.SuiteRunner.runSequentially(SuiteRunner.java:329)
	at org.testng.SuiteRunner.privateRun(SuiteRunner.java:291)
	at org.testng.SuiteRunner.run(SuiteRunner.java:240)
	at org.testng.SuiteRunnerWorker.runSuite(SuiteRunnerWorker.java:52)
	at org.testng.SuiteRunnerWorker.run(SuiteRunnerWorker.java:86)
	at org.testng.TestNG.runSuitesSequentially(TestNG.java:1198)
	at org.testng.TestNG.runSuitesLocally(TestNG.java:1123)
	at org.testng.TestNG.run(TestNG.java:1031)
	at org.testng.remote.AbstractRemoteTestNG.run(AbstractRemoteTestNG.java:132)
	at org.testng.remote.RemoteTestNG.initAndRun(RemoteTestNG.java:236)
	at org.testng.remote.RemoteTestNG.main(RemoteTestNG.java:81)
]]>
            </full-stacktrace>
          </exception> <!-- java.lang.AssertionError -->
          <reporter-output>
          </reporter-output>
        </test-method> <!-- TS007_VerifyClickOnLinesShownLinkForExhibitorTest -->
        <test-method status="FAIL" signature="TS008_VerifyClickOnTotalProductsSeeAllLinkForExhibitorTest()[pri:0, instance:atlantamarket.GlobalSearch_ExhibitorActions@ae45eb6]" name="TS008_VerifyClickOnTotalProductsSeeAllLinkForExhibitorTest" duration-ms="43410" started-at="2022-06-13T14:27:23Z" finished-at="2022-06-13T14:28:06Z">
          <exception class="java.lang.AssertionError">
            <message>
              <![CDATA[expected [539857] but found [544354]]]>
            </message>
            <full-stacktrace>
              <![CDATA[java.lang.AssertionError: expected [539857] but found [544354]
	at org.testng.Assert.fail(Assert.java:94)
	at org.testng.Assert.failNotEquals(Assert.java:494)
	at org.testng.Assert.assertEquals(Assert.java:123)
	at org.testng.Assert.assertEquals(Assert.java:176)
	at org.testng.Assert.assertEquals(Assert.java:186)
	at atlantamarket.GlobalSearch_ExhibitorActions.TS008_VerifyClickOnTotalProductsSeeAllLinkForExhibitorTest(GlobalSearch_ExhibitorActions.java:402)
	at sun.reflect.NativeMethodAccessorImpl.invoke0(Native Method)
	at sun.reflect.NativeMethodAccessorImpl.invoke(Unknown Source)
	at sun.reflect.DelegatingMethodAccessorImpl.invoke(Unknown Source)
	at java.lang.reflect.Method.invoke(Unknown Source)
	at org.testng.internal.MethodInvocationHelper.invokeMethod(MethodInvocationHelper.java:80)
	at org.testng.internal.Invoker.invokeMethod(Invoker.java:714)
	at org.testng.internal.Invoker.invokeTestMethod(Invoker.java:901)
	at org.testng.internal.Invoker.invokeTestMethods(Invoker.java:1231)
	at org.testng.internal.TestMethodWorker.invokeTestMethods(TestMethodWorker.java:127)
	at org.testng.internal.TestMethodWorker.run(TestMethodWorker.java:111)
	at org.testng.TestRunner.privateRun(TestRunner.java:767)
	at org.testng.TestRunner.run(TestRunner.java:617)
	at org.testng.SuiteRunner.runTest(SuiteRunner.java:334)
	at org.testng.SuiteRunner.runSequentially(SuiteRunner.java:329)
	at org.testng.SuiteRunner.privateRun(SuiteRunner.java:291)
	at org.testng.SuiteRunner.run(SuiteRunner.java:240)
	at org.testng.SuiteRunnerWorker.runSuite(SuiteRunnerWorker.java:52)
	at org.testng.SuiteRunnerWorker.run(SuiteRunnerWorker.java:86)
	at org.testng.TestNG.runSuitesSequentially(TestNG.java:1198)
	at org.testng.TestNG.runSuitesLocally(TestNG.java:1123)
	at org.testng.TestNG.run(TestNG.java:1031)
	at org.testng.remote.AbstractRemoteTestNG.run(AbstractRemoteTestNG.java:132)
	at org.testng.remote.RemoteTestNG.initAndRun(RemoteTestNG.java:236)
	at org.testng.remote.RemoteTestNG.main(RemoteTestNG.java:81)
]]>
            </full-stacktrace>
          </exception> <!-- java.lang.AssertionError -->
          <reporter-output>
          </reporter-output>
        </test-method> <!-- TS008_VerifyClickOnTotalProductsSeeAllLinkForExhibitorTest -->
        <test-method status="FAIL" signature="TS009_VerifyClickOnMatchingProductsSeeAllLinkForExhibitorTest()[pri:0, instance:atlantamarket.GlobalSearch_ExhibitorActions@ae45eb6]" name="TS009_VerifyClickOnMatchingProductsSeeAllLinkForExhibitorTest" duration-ms="40595" started-at="2022-06-13T14:28:07Z" finished-at="2022-06-13T14:28:47Z">
          <exception class="java.lang.AssertionError">
            <message>
              <![CDATA[expected [3393] but found [539857]]]>
            </message>
            <full-stacktrace>
              <![CDATA[java.lang.AssertionError: expected [3393] but found [539857]
	at org.testng.Assert.fail(Assert.java:94)
	at org.testng.Assert.failNotEquals(Assert.java:494)
	at org.testng.Assert.assertEquals(Assert.java:123)
	at org.testng.Assert.assertEquals(Assert.java:176)
	at org.testng.Assert.assertEquals(Assert.java:186)
	at atlantamarket.GlobalSearch_ExhibitorActions.TS009_VerifyClickOnMatchingProductsSeeAllLinkForExhibitorTest(GlobalSearch_ExhibitorActions.java:445)
	at sun.reflect.NativeMethodAccessorImpl.invoke0(Native Method)
	at sun.reflect.NativeMethodAccessorImpl.invoke(Unknown Source)
	at sun.reflect.DelegatingMethodAccessorImpl.invoke(Unknown Source)
	at java.lang.reflect.Method.invoke(Unknown Source)
	at org.testng.internal.MethodInvocationHelper.invokeMethod(MethodInvocationHelper.java:80)
	at org.testng.internal.Invoker.invokeMethod(Invoker.java:714)
	at org.testng.internal.Invoker.invokeTestMethod(Invoker.java:901)
	at org.testng.internal.Invoker.invokeTestMethods(Invoker.java:1231)
	at org.testng.internal.TestMethodWorker.invokeTestMethods(TestMethodWorker.java:127)
	at org.testng.internal.TestMethodWorker.run(TestMethodWorker.java:111)
	at org.testng.TestRunner.privateRun(TestRunner.java:767)
	at org.testng.TestRunner.run(TestRunner.java:617)
	at org.testng.SuiteRunner.runTest(SuiteRunner.java:334)
	at org.testng.SuiteRunner.runSequentially(SuiteRunner.java:329)
	at org.testng.SuiteRunner.privateRun(SuiteRunner.java:291)
	at org.testng.SuiteRunner.run(SuiteRunner.java:240)
	at org.testng.SuiteRunnerWorker.runSuite(SuiteRunnerWorker.java:52)
	at org.testng.SuiteRunnerWorker.run(SuiteRunnerWorker.java:86)
	at org.testng.TestNG.runSuitesSequentially(TestNG.java:1198)
	at org.testng.TestNG.runSuitesLocally(TestNG.java:1123)
	at org.testng.TestNG.run(TestNG.java:1031)
	at org.testng.remote.AbstractRemoteTestNG.run(AbstractRemoteTestNG.java:132)
	at org.testng.remote.RemoteTestNG.initAndRun(RemoteTestNG.java:236)
	at org.testng.remote.RemoteTestNG.main(RemoteTestNG.java:81)
]]>
            </full-stacktrace>
          </exception> <!-- java.lang.AssertionError -->
          <reporter-output>
          </reporter-output>
        </test-method> <!-- TS009_VerifyClickOnMatchingProductsSeeAllLinkForExhibitorTest -->
        <test-method status="FAIL" signature="TS010_VerifyMatchingProductsAddNoteFunctionalityForExhibitorTest()[pri:0, instance:atlantamarket.GlobalSearch_ExhibitorActions@ae45eb6]" name="TS010_VerifyMatchingProductsAddNoteFunctionalityForExhibitorTest" duration-ms="44751" started-at="2022-06-13T14:28:47Z" finished-at="2022-06-13T14:29:32Z">
          <exception class="org.openqa.selenium.WebDriverException">
            <message>
              <![CDATA[element click intercepted: Element <button id="" class="imc-addnote__openModal imc-addnote__openModal--hideafter imc-link--alt-darkred imc-content imc-content--delta imc-expand-collapse__heading">...</button> is not clickable at point (1314, 254). Other element would receive the click: <div class="ReactModal__Overlay ReactModal__Overlay--after-open imc-modal--overlay">...</div>
  (Session info: chrome=102.0.5005.63)
Build info: version: '3.4.0', revision: 'unknown', time: 'unknown'
System info: host: 'NILAMMA-W10', ip: '192.168.68.2', os.name: 'Windows 10', os.arch: 'amd64', os.version: '10.0', java.version: '1.8.0_161'
Driver info: org.openqa.selenium.chrome.ChromeDriver
Capabilities [{networkConnectionEnabled=false, chrome={chromedriverVersion=102.0.5005.61 (0e59bcc00cc4985ce39ad31c150065f159d95ad3-refs/branch-heads/5005@{#819}), userDataDir=C:\Users\nilamma\AppData\Local\Temp\scoped_dir25528_195963905}, timeouts={implicit=0.0, pageLoad=300000.0, script=30000.0}, pageLoadStrategy=normal, unhandledPromptBehavior=dismiss and notify, strictFileInteractability=false, platform=ANY, proxy=Proxy(), goog:chromeOptions={debuggerAddress=localhost:49223}, webauthn:extension:credBlob=true, acceptInsecureCerts=false, browserVersion=102.0.5005.63, browserName=chrome, javascriptEnabled=true, platformName=windows, setWindowRect=true, webauthn:extension:largeBlob=true, webauthn:virtualAuthenticators=true}]
Session ID: de4a26d26234163992905c53cb40819f]]>
            </message>
            <full-stacktrace>
              <![CDATA[org.openqa.selenium.WebDriverException: element click intercepted: Element <button id="" class="imc-addnote__openModal imc-addnote__openModal--hideafter imc-link--alt-darkred imc-content imc-content--delta imc-expand-collapse__heading">...</button> is not clickable at point (1314, 254). Other element would receive the click: <div class="ReactModal__Overlay ReactModal__Overlay--after-open imc-modal--overlay">...</div>
  (Session info: chrome=102.0.5005.63)
Build info: version: '3.4.0', revision: 'unknown', time: 'unknown'
System info: host: 'NILAMMA-W10', ip: '192.168.68.2', os.name: 'Windows 10', os.arch: 'amd64', os.version: '10.0', java.version: '1.8.0_161'
Driver info: org.openqa.selenium.chrome.ChromeDriver
Capabilities [{networkConnectionEnabled=false, chrome={chromedriverVersion=102.0.5005.61 (0e59bcc00cc4985ce39ad31c150065f159d95ad3-refs/branch-heads/5005@{#819}), userDataDir=C:\Users\nilamma\AppData\Local\Temp\scoped_dir25528_195963905}, timeouts={implicit=0.0, pageLoad=300000.0, script=30000.0}, pageLoadStrategy=normal, unhandledPromptBehavior=dismiss and notify, strictFileInteractability=false, platform=ANY, proxy=Proxy(), goog:chromeOptions={debuggerAddress=localhost:49223}, webauthn:extension:credBlob=true, acceptInsecureCerts=false, browserVersion=102.0.5005.63, browserName=chrome, javascriptEnabled=true, platformName=windows, setWindowRect=true, webauthn:extension:largeBlob=true, webauthn:virtualAuthenticators=true}]
Session ID: de4a26d26234163992905c53cb40819f
	at sun.reflect.NativeConstructorAccessorImpl.newInstance0(Native Method)
	at sun.reflect.NativeConstructorAccessorImpl.newInstance(Unknown Source)
	at sun.reflect.DelegatingConstructorAccessorImpl.newInstance(Unknown Source)
	at java.lang.reflect.Constructor.newInstance(Unknown Source)
	at org.openqa.selenium.remote.http.W3CHttpResponseCodec.createException(W3CHttpResponseCodec.java:150)
	at org.openqa.selenium.remote.http.W3CHttpResponseCodec.decode(W3CHttpResponseCodec.java:115)
	at org.openqa.selenium.remote.http.W3CHttpResponseCodec.decode(W3CHttpResponseCodec.java:45)
	at org.openqa.selenium.remote.HttpCommandExecutor.execute(HttpCommandExecutor.java:164)
	at org.openqa.selenium.remote.service.DriverCommandExecutor.execute(DriverCommandExecutor.java:82)
	at org.openqa.selenium.remote.RemoteWebDriver.execute(RemoteWebDriver.java:637)
	at org.openqa.selenium.remote.RemoteWebElement.execute(RemoteWebElement.java:272)
	at org.openqa.selenium.remote.RemoteWebElement.click(RemoteWebElement.java:82)
	at atlantamarket.GlobalSearch_ExhibitorActions.TS010_VerifyMatchingProductsAddNoteFunctionalityForExhibitorTest(GlobalSearch_ExhibitorActions.java:495)
	at sun.reflect.NativeMethodAccessorImpl.invoke0(Native Method)
	at sun.reflect.NativeMethodAccessorImpl.invoke(Unknown Source)
	at sun.reflect.DelegatingMethodAccessorImpl.invoke(Unknown Source)
	at java.lang.reflect.Method.invoke(Unknown Source)
	at org.testng.internal.MethodInvocationHelper.invokeMethod(MethodInvocationHelper.java:80)
	at org.testng.internal.Invoker.invokeMethod(Invoker.java:714)
	at org.testng.internal.Invoker.invokeTestMethod(Invoker.java:901)
	at org.testng.internal.Invoker.invokeTestMethods(Invoker.java:1231)
	at org.testng.internal.TestMethodWorker.invokeTestMethods(TestMethodWorker.java:127)
	at org.testng.internal.TestMethodWorker.run(TestMethodWorker.java:111)
	at org.testng.TestRunner.privateRun(TestRunner.java:767)
	at org.testng.TestRunner.run(TestRunner.java:617)
	at org.testng.SuiteRunner.runTest(SuiteRunner.java:334)
	at org.testng.SuiteRunner.runSequentially(SuiteRunner.java:329)
	at org.testng.SuiteRunner.privateRun(SuiteRunner.java:291)
	at org.testng.SuiteRunner.run(SuiteRunner.java:240)
	at org.testng.SuiteRunnerWorker.runSuite(SuiteRunnerWorker.java:52)
	at org.testng.SuiteRunnerWorker.run(SuiteRunnerWorker.java:86)
	at org.testng.TestNG.runSuitesSequentially(TestNG.java:1198)
	at org.testng.TestNG.runSuitesLocally(TestNG.java:1123)
	at org.testng.TestNG.run(TestNG.java:1031)
	at org.testng.remote.AbstractRemoteTestNG.run(AbstractRemoteTestNG.java:132)
	at org.testng.remote.RemoteTestNG.initAndRun(RemoteTestNG.java:236)
	at org.testng.remote.RemoteTestNG.main(RemoteTestNG.java:81)
]]>
            </full-stacktrace>
          </exception> <!-- org.openqa.selenium.WebDriverException -->
          <reporter-output>
          </reporter-output>
        </test-method> <!-- TS010_VerifyMatchingProductsAddNoteFunctionalityForExhibitorTest -->
        <test-method status="FAIL" signature="TS011_VerifySelectionOfExhibitorFromSearchResultsTest()[pri:0, instance:atlantamarket.GlobalSearch_ExhibitorActions@ae45eb6]" name="TS011_VerifySelectionOfExhibitorFromSearchResultsTest" duration-ms="52183" started-at="2022-06-13T14:29:32Z" finished-at="2022-06-13T14:30:25Z">
          <exception class="java.lang.AssertionError">
            <message>
              <![CDATA[expected [true] but found [false]]]>
            </message>
            <full-stacktrace>
              <![CDATA[java.lang.AssertionError: expected [true] but found [false]
	at org.testng.Assert.fail(Assert.java:94)
	at org.testng.Assert.failNotEquals(Assert.java:494)
	at org.testng.Assert.assertTrue(Assert.java:42)
	at org.testng.Assert.assertTrue(Assert.java:52)
	at atlantamarket.GlobalSearch_ExhibitorActions.TS011_VerifySelectionOfExhibitorFromSearchResultsTest(GlobalSearch_ExhibitorActions.java:552)
	at sun.reflect.NativeMethodAccessorImpl.invoke0(Native Method)
	at sun.reflect.NativeMethodAccessorImpl.invoke(Unknown Source)
	at sun.reflect.DelegatingMethodAccessorImpl.invoke(Unknown Source)
	at java.lang.reflect.Method.invoke(Unknown Source)
	at org.testng.internal.MethodInvocationHelper.invokeMethod(MethodInvocationHelper.java:80)
	at org.testng.internal.Invoker.invokeMethod(Invoker.java:714)
	at org.testng.internal.Invoker.invokeTestMethod(Invoker.java:901)
	at org.testng.internal.Invoker.invokeTestMethods(Invoker.java:1231)
	at org.testng.internal.TestMethodWorker.invokeTestMethods(TestMethodWorker.java:127)
	at org.testng.internal.TestMethodWorker.run(TestMethodWorker.java:111)
	at org.testng.TestRunner.privateRun(TestRunner.java:767)
	at org.testng.TestRunner.run(TestRunner.java:617)
	at org.testng.SuiteRunner.runTest(SuiteRunner.java:334)
	at org.testng.SuiteRunner.runSequentially(SuiteRunner.java:329)
	at org.testng.SuiteRunner.privateRun(SuiteRunner.java:291)
	at org.testng.SuiteRunner.run(SuiteRunner.java:240)
	at org.testng.SuiteRunnerWorker.runSuite(SuiteRunnerWorker.java:52)
	at org.testng.SuiteRunnerWorker.run(SuiteRunnerWorker.java:86)
	at org.testng.TestNG.runSuitesSequentially(TestNG.java:1198)
	at org.testng.TestNG.runSuitesLocally(TestNG.java:1123)
	at org.testng.TestNG.run(TestNG.java:1031)
	at org.testng.remote.AbstractRemoteTestNG.run(AbstractRemoteTestNG.java:132)
	at org.testng.remote.RemoteTestNG.initAndRun(RemoteTestNG.java:236)
	at org.testng.remote.RemoteTestNG.main(RemoteTestNG.java:81)
]]>
            </full-stacktrace>
          </exception> <!-- java.lang.AssertionError -->
          <reporter-output>
          </reporter-output>
        </test-method> <!-- TS011_VerifySelectionOfExhibitorFromSearchResultsTest -->
        <test-method status="PASS" signature="tearDown()[pri:0, instance:atlantamarket.GlobalSearch_ExhibitorActions@ae45eb6]" name="tearDown" is-config="true" duration-ms="9563" started-at="2022-06-13T14:30:26Z" finished-at="2022-06-13T14:30:35Z">
          <reporter-output>
          </reporter-output>
        </test-method> <!-- tearDown -->
      </class> <!-- atlantamarket.GlobalSearch_ExhibitorActions -->
      <class name="atlantamarket.GlobalSearch_SuggestionList">
        <test-method status="PASS" signature="initialize()[pri:0, instance:atlantamarket.GlobalSearch_SuggestionList@6a41eaa2]" name="initialize" is-config="true" duration-ms="67564" started-at="2022-06-13T14:16:23Z" finished-at="2022-06-13T14:17:31Z">
          <reporter-output>
          </reporter-output>
        </test-method> <!-- initialize -->
        <test-method status="PASS" signature="TS001_VerifySelectionOfExhibitorFromAutoSuggestionListTest()[pri:0, instance:atlantamarket.GlobalSearch_SuggestionList@6a41eaa2]" name="TS001_VerifySelectionOfExhibitorFromAutoSuggestionListTest" duration-ms="14134" started-at="2022-06-13T14:17:31Z" finished-at="2022-06-13T14:17:45Z">
          <reporter-output>
          </reporter-output>
        </test-method> <!-- TS001_VerifySelectionOfExhibitorFromAutoSuggestionListTest -->
        <test-method status="PASS" signature="TS002_VerifySelectionOfLineFromAutoSuggestionListTest()[pri:0, instance:atlantamarket.GlobalSearch_SuggestionList@6a41eaa2]" name="TS002_VerifySelectionOfLineFromAutoSuggestionListTest" duration-ms="37926" started-at="2022-06-13T14:17:45Z" finished-at="2022-06-13T14:18:23Z">
          <reporter-output>
          </reporter-output>
        </test-method> <!-- TS002_VerifySelectionOfLineFromAutoSuggestionListTest -->
        <test-method status="PASS" signature="TS003_VerifySelectionOfProductFromAutoSuggestionListTest()[pri:0, instance:atlantamarket.GlobalSearch_SuggestionList@6a41eaa2]" name="TS003_VerifySelectionOfProductFromAutoSuggestionListTest" duration-ms="80415" started-at="2022-06-13T14:18:23Z" finished-at="2022-06-13T14:19:44Z">
          <reporter-output>
          </reporter-output>
        </test-method> <!-- TS003_VerifySelectionOfProductFromAutoSuggestionListTest -->
        <test-method status="PASS" signature="tearDown()[pri:0, instance:atlantamarket.GlobalSearch_SuggestionList@6a41eaa2]" name="tearDown" is-config="true" duration-ms="10684" started-at="2022-06-13T14:19:44Z" finished-at="2022-06-13T14:19:54Z">
          <reporter-output>
          </reporter-output>
        </test-method> <!-- tearDown -->
      </class> <!-- atlantamarket.GlobalSearch_SuggestionList -->
    </test> <!-- RegressionTest -->
  </suite> <!-- ATLMrkt_RegressionTestSuite -->
</testng-results>
