<?xml version="1.0" encoding="UTF-8"?>
<testng-results skipped="0" failed="0" total="1" passed="1">
  <reporter-output>
  </reporter-output>
  <suite name="LVM_RegressionTestSuite" duration-ms="123514" started-at="2023-03-01T12:51:50Z" finished-at="2023-03-01T12:53:54Z">
    <groups>
    </groups>
    <test name="RegressionTest" duration-ms="123514" started-at="2023-03-01T12:51:50Z" finished-at="2023-03-01T12:53:54Z">
      <class name="lasvegasmarket_UAT.FloorPlans">
        <test-method status="PASS" signature="initialize()[pri:0, instance:lasvegasmarket_UAT.FloorPlans@1554909b]" name="initialize" is-config="true" duration-ms="84262" started-at="2023-03-01T18:21:50Z" finished-at="2023-03-01T18:23:14Z">
          <reporter-output>
          </reporter-output>
        </test-method> <!-- initialize -->
        <test-method status="PASS" signature="TS004_VerifyIconsOnFloorPlansPageTest()[pri:0, instance:lasvegasmarket_UAT.FloorPlans@1554909b]" name="TS004_VerifyIconsOnFloorPlansPageTest" duration-ms="37371" started-at="2023-03-01T18:23:14Z" finished-at="2023-03-01T18:23:52Z">
          <reporter-output>
          </reporter-output>
        </test-method> <!-- TS004_VerifyIconsOnFloorPlansPageTest -->
        <test-method status="PASS" signature="tearDown()[pri:0, instance:lasvegasmarket_UAT.FloorPlans@1554909b]" name="tearDown" is-config="true" duration-ms="1866" started-at="2023-03-01T18:23:52Z" finished-at="2023-03-01T18:23:54Z">
          <reporter-output>
          </reporter-output>
        </test-method> <!-- tearDown -->
      </class> <!-- lasvegasmarket_UAT.FloorPlans -->
    </test> <!-- RegressionTest -->
  </suite> <!-- LVM_RegressionTestSuite -->
</testng-results>
