<?xml version="1.0" encoding="UTF-8"?>
<testng-results total="1" passed="0" failed="1" skipped="0">
  <reporter-output>
  </reporter-output>
  <suite started-at="2024-01-31T12:31:34Z" name="Default suite" finished-at="2024-01-31T12:33:35Z" duration-ms="121130">
    <groups>
    </groups>
    <test started-at="2024-01-31T12:31:34Z" name="Default test" finished-at="2024-01-31T12:33:35Z" duration-ms="121130">
      <class name="atlantamarket_UAT.GlobalSearch_MatchingResults">
        <test-method is-config="true" signature="initialize()[pri:0, instance:atlantamarket_UAT.GlobalSearch_MatchingResults@31add175]" started-at="2024-01-31T18:01:34Z" name="initialize" finished-at="2024-01-31T18:02:47Z" duration-ms="72937" status="PASS">
          <reporter-output>
          </reporter-output>
        </test-method> <!-- initialize -->
        <test-method signature="TS004_VerifyGlobalSearchMatchingResultsSortFilterByNameTest()[pri:0, instance:atlantamarket_UAT.GlobalSearch_MatchingResults@31add175]" started-at="2024-01-31T18:02:47Z" name="TS004_VerifyGlobalSearchMatchingResultsSortFilterByNameTest" finished-at="2024-01-31T18:03:35Z" duration-ms="47649" status="FAIL">
          <exception class="org.openqa.selenium.NoSuchElementException">
            <message>
              <![CDATA[Cannot locate element with text: P
For documentation on this error, please visit: https://www.seleniumhq.org/exceptions/no_such_element.html
Build info: version: '3.141.59', revision: 'e82be7d358', time: '2018-11-14T08:17:03'
System info: host: 'EON-PRASANNSHEE', ip: '172.22.90.19', os.name: 'Windows 11', os.arch: 'amd64', os.version: '10.0', java.version: '17.0.7'
Driver info: driver.version: unknown]]>
            </message>
            <full-stacktrace>
              <![CDATA[org.openqa.selenium.NoSuchElementException: Cannot locate element with text: P
For documentation on this error, please visit: https://www.seleniumhq.org/exceptions/no_such_element.html
Build info: version: '3.141.59', revision: 'e82be7d358', time: '2018-11-14T08:17:03'
System info: host: 'EON-PRASANNSHEE', ip: '172.22.90.19', os.name: 'Windows 11', os.arch: 'amd64', os.version: '10.0', java.version: '17.0.7'
Driver info: driver.version: unknown
	at org.openqa.selenium.support.ui.Select.selectByVisibleText(Select.java:147)
	at atlantamarket_UAT.GlobalSearch_MatchingResults.TS004_VerifyGlobalSearchMatchingResultsSortFilterByNameTest(GlobalSearch_MatchingResults.java:277)
	at java.base/jdk.internal.reflect.NativeMethodAccessorImpl.invoke0(Native Method)
	at java.base/jdk.internal.reflect.NativeMethodAccessorImpl.invoke(NativeMethodAccessorImpl.java:77)
	at java.base/jdk.internal.reflect.DelegatingMethodAccessorImpl.invoke(DelegatingMethodAccessorImpl.java:43)
	at java.base/java.lang.reflect.Method.invoke(Method.java:568)
	at org.testng.internal.MethodInvocationHelper.invokeMethod(MethodInvocationHelper.java:80)
	at org.testng.internal.Invoker.invokeMethod(Invoker.java:714)
	at org.testng.internal.Invoker.invokeTestMethod(Invoker.java:901)
	at org.testng.internal.Invoker.invokeTestMethods(Invoker.java:1231)
	at org.testng.internal.TestMethodWorker.invokeTestMethods(TestMethodWorker.java:127)
	at org.testng.internal.TestMethodWorker.run(TestMethodWorker.java:111)
	at org.testng.TestRunner.privateRun(TestRunner.java:767)
	at org.testng.TestRunner.run(TestRunner.java:617)
	at org.testng.SuiteRunner.runTest(SuiteRunner.java:334)
	at org.testng.SuiteRunner.runSequentially(SuiteRunner.java:329)
	at org.testng.SuiteRunner.privateRun(SuiteRunner.java:291)
	at org.testng.SuiteRunner.run(SuiteRunner.java:240)
	at org.testng.SuiteRunnerWorker.runSuite(SuiteRunnerWorker.java:52)
	at org.testng.SuiteRunnerWorker.run(SuiteRunnerWorker.java:86)
	at org.testng.TestNG.runSuitesSequentially(TestNG.java:1198)
	at org.testng.TestNG.runSuitesLocally(TestNG.java:1123)
	at org.testng.TestNG.run(TestNG.java:1031)
	at org.testng.remote.AbstractRemoteTestNG.run(AbstractRemoteTestNG.java:115)
	at org.testng.remote.RemoteTestNG.initAndRun(RemoteTestNG.java:251)
	at org.testng.remote.RemoteTestNG.main(RemoteTestNG.java:77)
]]>
            </full-stacktrace>
          </exception> <!-- org.openqa.selenium.NoSuchElementException -->
          <reporter-output>
          </reporter-output>
        </test-method> <!-- TS004_VerifyGlobalSearchMatchingResultsSortFilterByNameTest -->
        <test-method is-config="true" signature="tearDown()[pri:0, instance:atlantamarket_UAT.GlobalSearch_MatchingResults@31add175]" started-at="2024-01-31T18:03:35Z" name="tearDown" finished-at="2024-01-31T18:03:35Z" duration-ms="310" status="PASS">
          <reporter-output>
          </reporter-output>
        </test-method> <!-- tearDown -->
      </class> <!-- atlantamarket_UAT.GlobalSearch_MatchingResults -->
    </test> <!-- Default test -->
  </suite> <!-- Default suite -->
</testng-results>
