<?xml version="1.0" encoding="UTF-8"?>
<testng-results skipped="9" failed="5" total="31" passed="17">
  <reporter-output>
  </reporter-output>
  <suite name="ATLMrkt_RegressionTestSuite" duration-ms="1488924" started-at="2022-06-22T06:19:54Z" finished-at="2022-06-22T06:44:43Z">
    <groups>
    </groups>
    <test name="RegressionTest" duration-ms="1488924" started-at="2022-06-22T06:19:54Z" finished-at="2022-06-22T06:44:43Z">
      <class name="atlantamarket.GlobalSearch_LineActions">
        <test-method status="PASS" signature="initialize()[pri:0, instance:atlantamarket.GlobalSearch_LineActions@7cd62f43]" name="initialize" is-config="true" duration-ms="97282" started-at="2022-06-22T12:03:20Z" finished-at="2022-06-22T12:04:57Z">
          <reporter-output>
          </reporter-output>
        </test-method> <!-- initialize -->
        <test-method status="PASS" signature="TS002_VerifyClickOnContactExhIconForLineTest()[pri:0, instance:atlantamarket.GlobalSearch_LineActions@7cd62f43]" name="TS002_VerifyClickOnContactExhIconForLineTest" duration-ms="29008" started-at="2022-06-22T12:04:57Z" finished-at="2022-06-22T12:05:26Z">
          <reporter-output>
          </reporter-output>
        </test-method> <!-- TS002_VerifyClickOnContactExhIconForLineTest -->
        <test-method status="FAIL" signature="TS003_VerifyAddToFavoriteForLineTest()[pri:0, instance:atlantamarket.GlobalSearch_LineActions@7cd62f43]" name="TS003_VerifyAddToFavoriteForLineTest" duration-ms="66029" started-at="2022-06-22T12:05:26Z" finished-at="2022-06-22T12:06:32Z">
          <exception class="java.lang.AssertionError">
            <message>
              <![CDATA[expected [false] but found [true]]]>
            </message>
            <full-stacktrace>
              <![CDATA[java.lang.AssertionError: expected [false] but found [true]
	at org.testng.Assert.fail(Assert.java:94)
	at org.testng.Assert.failNotEquals(Assert.java:494)
	at org.testng.Assert.assertFalse(Assert.java:63)
	at org.testng.Assert.assertFalse(Assert.java:73)
	at atlantamarket.GlobalSearch_LineActions.TS003_VerifyAddToFavoriteForLineTest(GlobalSearch_LineActions.java:168)
	at sun.reflect.NativeMethodAccessorImpl.invoke0(Native Method)
	at sun.reflect.NativeMethodAccessorImpl.invoke(Unknown Source)
	at sun.reflect.DelegatingMethodAccessorImpl.invoke(Unknown Source)
	at java.lang.reflect.Method.invoke(Unknown Source)
	at org.testng.internal.MethodInvocationHelper.invokeMethod(MethodInvocationHelper.java:80)
	at org.testng.internal.Invoker.invokeMethod(Invoker.java:714)
	at org.testng.internal.Invoker.invokeTestMethod(Invoker.java:901)
	at org.testng.internal.Invoker.invokeTestMethods(Invoker.java:1231)
	at org.testng.internal.TestMethodWorker.invokeTestMethods(TestMethodWorker.java:127)
	at org.testng.internal.TestMethodWorker.run(TestMethodWorker.java:111)
	at org.testng.TestRunner.privateRun(TestRunner.java:767)
	at org.testng.TestRunner.run(TestRunner.java:617)
	at org.testng.SuiteRunner.runTest(SuiteRunner.java:334)
	at org.testng.SuiteRunner.runSequentially(SuiteRunner.java:329)
	at org.testng.SuiteRunner.privateRun(SuiteRunner.java:291)
	at org.testng.SuiteRunner.run(SuiteRunner.java:240)
	at org.testng.SuiteRunnerWorker.runSuite(SuiteRunnerWorker.java:52)
	at org.testng.SuiteRunnerWorker.run(SuiteRunnerWorker.java:86)
	at org.testng.TestNG.runSuitesSequentially(TestNG.java:1198)
	at org.testng.TestNG.runSuitesLocally(TestNG.java:1123)
	at org.testng.TestNG.run(TestNG.java:1031)
	at org.testng.remote.AbstractRemoteTestNG.run(AbstractRemoteTestNG.java:132)
	at org.testng.remote.RemoteTestNG.initAndRun(RemoteTestNG.java:236)
	at org.testng.remote.RemoteTestNG.main(RemoteTestNG.java:81)
]]>
            </full-stacktrace>
          </exception> <!-- java.lang.AssertionError -->
          <reporter-output>
          </reporter-output>
        </test-method> <!-- TS003_VerifyAddToFavoriteForLineTest -->
        <test-method status="PASS" signature="TS004_VerifyClickOnOrderOnJuniperMarketBtnForLineTest()[pri:0, instance:atlantamarket.GlobalSearch_LineActions@7cd62f43]" name="TS004_VerifyClickOnOrderOnJuniperMarketBtnForLineTest" duration-ms="37592" started-at="2022-06-22T12:06:33Z" finished-at="2022-06-22T12:07:10Z">
          <reporter-output>
          </reporter-output>
        </test-method> <!-- TS004_VerifyClickOnOrderOnJuniperMarketBtnForLineTest -->
        <test-method status="PASS" signature="TS005_VerifyAddToNewListForLineTest()[pri:0, instance:atlantamarket.GlobalSearch_LineActions@7cd62f43]" name="TS005_VerifyAddToNewListForLineTest" duration-ms="77338" started-at="2022-06-22T12:07:10Z" finished-at="2022-06-22T12:08:27Z">
          <reporter-output>
          </reporter-output>
        </test-method> <!-- TS005_VerifyAddToNewListForLineTest -->
        <test-method status="PASS" signature="TS006_VerifyAddToExistingListForLineTest()[pri:0, instance:atlantamarket.GlobalSearch_LineActions@7cd62f43]" name="TS006_VerifyAddToExistingListForLineTest" duration-ms="83232" started-at="2022-06-22T12:08:27Z" finished-at="2022-06-22T12:09:51Z">
          <reporter-output>
          </reporter-output>
        </test-method> <!-- TS006_VerifyAddToExistingListForLineTest -->
        <test-method status="PASS" signature="TS007_VerifyClickOnShownByExhibitorNameLinkForLineTest()[pri:0, instance:atlantamarket.GlobalSearch_LineActions@7cd62f43]" name="TS007_VerifyClickOnShownByExhibitorNameLinkForLineTest" duration-ms="34792" started-at="2022-06-22T12:09:51Z" finished-at="2022-06-22T12:10:25Z">
          <reporter-output>
          </reporter-output>
        </test-method> <!-- TS007_VerifyClickOnShownByExhibitorNameLinkForLineTest -->
        <test-method status="PASS" signature="TS008_VerifyClickOnLocationLinkForLineTest()[pri:0, instance:atlantamarket.GlobalSearch_LineActions@7cd62f43]" name="TS008_VerifyClickOnLocationLinkForLineTest" duration-ms="35291" started-at="2022-06-22T12:10:25Z" finished-at="2022-06-22T12:11:01Z">
          <reporter-output>
          </reporter-output>
        </test-method> <!-- TS008_VerifyClickOnLocationLinkForLineTest -->
        <test-method status="FAIL" signature="TS009_VerifyClickOnMatchingProductsSeeAllLinkForLineTest()[pri:0, instance:atlantamarket.GlobalSearch_LineActions@7cd62f43]" name="TS009_VerifyClickOnMatchingProductsSeeAllLinkForLineTest" duration-ms="48442" started-at="2022-06-22T12:11:01Z" finished-at="2022-06-22T12:11:49Z">
          <exception class="java.lang.AssertionError">
            <message>
              <![CDATA[expected [59727] but found [59730]]]>
            </message>
            <full-stacktrace>
              <![CDATA[java.lang.AssertionError: expected [59727] but found [59730]
	at org.testng.Assert.fail(Assert.java:94)
	at org.testng.Assert.failNotEquals(Assert.java:494)
	at org.testng.Assert.assertEquals(Assert.java:123)
	at org.testng.Assert.assertEquals(Assert.java:176)
	at org.testng.Assert.assertEquals(Assert.java:186)
	at atlantamarket.GlobalSearch_LineActions.TS009_VerifyClickOnMatchingProductsSeeAllLinkForLineTest(GlobalSearch_LineActions.java:442)
	at sun.reflect.NativeMethodAccessorImpl.invoke0(Native Method)
	at sun.reflect.NativeMethodAccessorImpl.invoke(Unknown Source)
	at sun.reflect.DelegatingMethodAccessorImpl.invoke(Unknown Source)
	at java.lang.reflect.Method.invoke(Unknown Source)
	at org.testng.internal.MethodInvocationHelper.invokeMethod(MethodInvocationHelper.java:80)
	at org.testng.internal.Invoker.invokeMethod(Invoker.java:714)
	at org.testng.internal.Invoker.invokeTestMethod(Invoker.java:901)
	at org.testng.internal.Invoker.invokeTestMethods(Invoker.java:1231)
	at org.testng.internal.TestMethodWorker.invokeTestMethods(TestMethodWorker.java:127)
	at org.testng.internal.TestMethodWorker.run(TestMethodWorker.java:111)
	at org.testng.TestRunner.privateRun(TestRunner.java:767)
	at org.testng.TestRunner.run(TestRunner.java:617)
	at org.testng.SuiteRunner.runTest(SuiteRunner.java:334)
	at org.testng.SuiteRunner.runSequentially(SuiteRunner.java:329)
	at org.testng.SuiteRunner.privateRun(SuiteRunner.java:291)
	at org.testng.SuiteRunner.run(SuiteRunner.java:240)
	at org.testng.SuiteRunnerWorker.runSuite(SuiteRunnerWorker.java:52)
	at org.testng.SuiteRunnerWorker.run(SuiteRunnerWorker.java:86)
	at org.testng.TestNG.runSuitesSequentially(TestNG.java:1198)
	at org.testng.TestNG.runSuitesLocally(TestNG.java:1123)
	at org.testng.TestNG.run(TestNG.java:1031)
	at org.testng.remote.AbstractRemoteTestNG.run(AbstractRemoteTestNG.java:132)
	at org.testng.remote.RemoteTestNG.initAndRun(RemoteTestNG.java:236)
	at org.testng.remote.RemoteTestNG.main(RemoteTestNG.java:81)
]]>
            </full-stacktrace>
          </exception> <!-- java.lang.AssertionError -->
          <reporter-output>
          </reporter-output>
        </test-method> <!-- TS009_VerifyClickOnMatchingProductsSeeAllLinkForLineTest -->
        <test-method status="PASS" signature="TS010_VerifyClickOnTotalProductsSeeAllLinkForLineTest()[pri:0, instance:atlantamarket.GlobalSearch_LineActions@7cd62f43]" name="TS010_VerifyClickOnTotalProductsSeeAllLinkForLineTest" duration-ms="63353" started-at="2022-06-22T12:11:49Z" finished-at="2022-06-22T12:12:53Z">
          <reporter-output>
          </reporter-output>
        </test-method> <!-- TS010_VerifyClickOnTotalProductsSeeAllLinkForLineTest -->
        <test-method status="PASS" signature="tearDown()[pri:0, instance:atlantamarket.GlobalSearch_LineActions@7cd62f43]" name="tearDown" is-config="true" duration-ms="4595" started-at="2022-06-22T12:12:53Z" finished-at="2022-06-22T12:12:57Z">
          <reporter-output>
          </reporter-output>
        </test-method> <!-- tearDown -->
      </class> <!-- atlantamarket.GlobalSearch_LineActions -->
      <class name="atlantamarket.GlobalSearch_ProductActions">
        <test-method status="FAIL" signature="initialize()[pri:0, instance:atlantamarket.GlobalSearch_ProductActions@685cb137]" name="initialize" is-config="true" duration-ms="0" started-at="2022-06-22T12:12:57Z" finished-at="2022-06-22T12:12:57Z">
          <exception class="org.openqa.selenium.ElementNotInteractableException">
            <message>
              <![CDATA[element not interactable
  (Session info: chrome=102.0.5005.115)
Build info: version: '3.4.0', revision: 'unknown', time: 'unknown'
System info: host: 'NILAMMA-W10', ip: '192.168.68.2', os.name: 'Windows 10', os.arch: 'amd64', os.version: '10.0', java.version: '1.8.0_161'
Driver info: org.openqa.selenium.chrome.ChromeDriver
Capabilities [{networkConnectionEnabled=false, chrome={chromedriverVersion=102.0.5005.61 (0e59bcc00cc4985ce39ad31c150065f159d95ad3-refs/branch-heads/5005@{#819}), userDataDir=C:\Users\nilamma\AppData\Local\Temp\scoped_dir7436_101769248}, timeouts={implicit=0.0, pageLoad=300000.0, script=30000.0}, pageLoadStrategy=normal, unhandledPromptBehavior=dismiss and notify, strictFileInteractability=false, platform=ANY, proxy=Proxy(), goog:chromeOptions={debuggerAddress=localhost:54541}, webauthn:extension:credBlob=true, acceptInsecureCerts=false, browserVersion=102.0.5005.115, browserName=chrome, javascriptEnabled=true, platformName=windows, setWindowRect=true, webauthn:extension:largeBlob=true, webauthn:virtualAuthenticators=true}]
Session ID: ac1ac6e1048ff857009b603995877eb0]]>
            </message>
            <full-stacktrace>
              <![CDATA[org.openqa.selenium.ElementNotInteractableException: element not interactable
  (Session info: chrome=102.0.5005.115)
Build info: version: '3.4.0', revision: 'unknown', time: 'unknown'
System info: host: 'NILAMMA-W10', ip: '192.168.68.2', os.name: 'Windows 10', os.arch: 'amd64', os.version: '10.0', java.version: '1.8.0_161'
Driver info: org.openqa.selenium.chrome.ChromeDriver
Capabilities [{networkConnectionEnabled=false, chrome={chromedriverVersion=102.0.5005.61 (0e59bcc00cc4985ce39ad31c150065f159d95ad3-refs/branch-heads/5005@{#819}), userDataDir=C:\Users\nilamma\AppData\Local\Temp\scoped_dir7436_101769248}, timeouts={implicit=0.0, pageLoad=300000.0, script=30000.0}, pageLoadStrategy=normal, unhandledPromptBehavior=dismiss and notify, strictFileInteractability=false, platform=ANY, proxy=Proxy(), goog:chromeOptions={debuggerAddress=localhost:54541}, webauthn:extension:credBlob=true, acceptInsecureCerts=false, browserVersion=102.0.5005.115, browserName=chrome, javascriptEnabled=true, platformName=windows, setWindowRect=true, webauthn:extension:largeBlob=true, webauthn:virtualAuthenticators=true}]
Session ID: ac1ac6e1048ff857009b603995877eb0
	at sun.reflect.NativeConstructorAccessorImpl.newInstance0(Native Method)
	at sun.reflect.NativeConstructorAccessorImpl.newInstance(Unknown Source)
	at sun.reflect.DelegatingConstructorAccessorImpl.newInstance(Unknown Source)
	at java.lang.reflect.Constructor.newInstance(Unknown Source)
	at org.openqa.selenium.remote.http.W3CHttpResponseCodec.createException(W3CHttpResponseCodec.java:150)
	at org.openqa.selenium.remote.http.W3CHttpResponseCodec.decode(W3CHttpResponseCodec.java:115)
	at org.openqa.selenium.remote.http.W3CHttpResponseCodec.decode(W3CHttpResponseCodec.java:45)
	at org.openqa.selenium.remote.HttpCommandExecutor.execute(HttpCommandExecutor.java:164)
	at org.openqa.selenium.remote.service.DriverCommandExecutor.execute(DriverCommandExecutor.java:82)
	at org.openqa.selenium.remote.RemoteWebDriver.execute(RemoteWebDriver.java:637)
	at org.openqa.selenium.remote.RemoteWebElement.execute(RemoteWebElement.java:272)
	at org.openqa.selenium.remote.RemoteWebElement.click(RemoteWebElement.java:82)
	at atlantamarket.GlobalSearch_ProductActions.initialize(GlobalSearch_ProductActions.java:66)
	at sun.reflect.NativeMethodAccessorImpl.invoke0(Native Method)
	at sun.reflect.NativeMethodAccessorImpl.invoke(Unknown Source)
	at sun.reflect.DelegatingMethodAccessorImpl.invoke(Unknown Source)
	at java.lang.reflect.Method.invoke(Unknown Source)
	at org.testng.internal.MethodInvocationHelper.invokeMethod(MethodInvocationHelper.java:80)
	at org.testng.internal.Invoker.invokeConfigurationMethod(Invoker.java:564)
	at org.testng.internal.Invoker.invokeConfigurations(Invoker.java:213)
	at org.testng.internal.Invoker.invokeConfigurations(Invoker.java:138)
	at org.testng.internal.TestMethodWorker.invokeBeforeClassMethods(TestMethodWorker.java:175)
	at org.testng.internal.TestMethodWorker.run(TestMethodWorker.java:107)
	at org.testng.TestRunner.privateRun(TestRunner.java:767)
	at org.testng.TestRunner.run(TestRunner.java:617)
	at org.testng.SuiteRunner.runTest(SuiteRunner.java:334)
	at org.testng.SuiteRunner.runSequentially(SuiteRunner.java:329)
	at org.testng.SuiteRunner.privateRun(SuiteRunner.java:291)
	at org.testng.SuiteRunner.run(SuiteRunner.java:240)
	at org.testng.SuiteRunnerWorker.runSuite(SuiteRunnerWorker.java:52)
	at org.testng.SuiteRunnerWorker.run(SuiteRunnerWorker.java:86)
	at org.testng.TestNG.runSuitesSequentially(TestNG.java:1198)
	at org.testng.TestNG.runSuitesLocally(TestNG.java:1123)
	at org.testng.TestNG.run(TestNG.java:1031)
	at org.testng.remote.AbstractRemoteTestNG.run(AbstractRemoteTestNG.java:132)
	at org.testng.remote.RemoteTestNG.initAndRun(RemoteTestNG.java:236)
	at org.testng.remote.RemoteTestNG.main(RemoteTestNG.java:81)
]]>
            </full-stacktrace>
          </exception> <!-- org.openqa.selenium.ElementNotInteractableException -->
          <reporter-output>
          </reporter-output>
        </test-method> <!-- initialize -->
        <test-method status="SKIP" signature="TS002_VerifyClickOnProductSeeDetailsBtnOnSearchResultsGridTest()[pri:0, instance:atlantamarket.GlobalSearch_ProductActions@685cb137]" name="TS002_VerifyClickOnProductSeeDetailsBtnOnSearchResultsGridTest" duration-ms="2" started-at="2022-06-22T12:14:43Z" finished-at="2022-06-22T12:14:43Z">
          <reporter-output>
          </reporter-output>
        </test-method> <!-- TS002_VerifyClickOnProductSeeDetailsBtnOnSearchResultsGridTest -->
        <test-method status="SKIP" signature="TS003_VerifyProductAddToNewListOnProductDetailsPageTest()[pri:0, instance:atlantamarket.GlobalSearch_ProductActions@685cb137]" name="TS003_VerifyProductAddToNewListOnProductDetailsPageTest" duration-ms="2" started-at="2022-06-22T12:14:43Z" finished-at="2022-06-22T12:14:43Z">
          <reporter-output>
          </reporter-output>
        </test-method> <!-- TS003_VerifyProductAddToNewListOnProductDetailsPageTest -->
        <test-method status="SKIP" signature="TS004_VerifyProductAddToExistingListOnProductDetailsPageTest()[pri:0, instance:atlantamarket.GlobalSearch_ProductActions@685cb137]" name="TS004_VerifyProductAddToExistingListOnProductDetailsPageTest" duration-ms="3" started-at="2022-06-22T12:14:43Z" finished-at="2022-06-22T12:14:43Z">
          <reporter-output>
          </reporter-output>
        </test-method> <!-- TS004_VerifyProductAddToExistingListOnProductDetailsPageTest -->
        <test-method status="SKIP" signature="TS005_VerifyAddToFavoriteOnProductDetailsPageTest()[pri:0, instance:atlantamarket.GlobalSearch_ProductActions@685cb137]" name="TS005_VerifyAddToFavoriteOnProductDetailsPageTest" duration-ms="3" started-at="2022-06-22T12:14:43Z" finished-at="2022-06-22T12:14:43Z">
          <reporter-output>
          </reporter-output>
        </test-method> <!-- TS005_VerifyAddToFavoriteOnProductDetailsPageTest -->
        <test-method status="SKIP" signature="TS006_VerifyAddNoteOnProductDetailsPageTest()[pri:0, instance:atlantamarket.GlobalSearch_ProductActions@685cb137]" name="TS006_VerifyAddNoteOnProductDetailsPageTest" duration-ms="1" started-at="2022-06-22T12:14:43Z" finished-at="2022-06-22T12:14:43Z">
          <reporter-output>
          </reporter-output>
        </test-method> <!-- TS006_VerifyAddNoteOnProductDetailsPageTest -->
        <test-method status="SKIP" signature="TS007_VerifyFullScreenViewerOnProductDetailsPageTest()[pri:0, instance:atlantamarket.GlobalSearch_ProductActions@685cb137]" name="TS007_VerifyFullScreenViewerOnProductDetailsPageTest" duration-ms="1" started-at="2022-06-22T12:14:43Z" finished-at="2022-06-22T12:14:43Z">
          <reporter-output>
          </reporter-output>
        </test-method> <!-- TS007_VerifyFullScreenViewerOnProductDetailsPageTest -->
        <test-method status="SKIP" signature="TS008_VerifyProductAddToExistingListOnSearchResultsGridTest()[pri:0, instance:atlantamarket.GlobalSearch_ProductActions@685cb137]" name="TS008_VerifyProductAddToExistingListOnSearchResultsGridTest" duration-ms="1" started-at="2022-06-22T12:14:43Z" finished-at="2022-06-22T12:14:43Z">
          <reporter-output>
          </reporter-output>
        </test-method> <!-- TS008_VerifyProductAddToExistingListOnSearchResultsGridTest -->
        <test-method status="SKIP" signature="TS009_VerifyAddToFavoriteOnSearchResultsGridTest()[pri:0, instance:atlantamarket.GlobalSearch_ProductActions@685cb137]" name="TS009_VerifyAddToFavoriteOnSearchResultsGridTest" duration-ms="1" started-at="2022-06-22T12:14:43Z" finished-at="2022-06-22T12:14:43Z">
          <reporter-output>
          </reporter-output>
        </test-method> <!-- TS009_VerifyAddToFavoriteOnSearchResultsGridTest -->
        <test-method status="SKIP" signature="TS010_VerifyProductActionsIconToAddToNewlyCreatedListTest()[pri:0, instance:atlantamarket.GlobalSearch_ProductActions@685cb137]" name="TS010_VerifyProductActionsIconToAddToNewlyCreatedListTest" duration-ms="1" started-at="2022-06-22T12:14:43Z" finished-at="2022-06-22T12:14:43Z">
          <reporter-output>
          </reporter-output>
        </test-method> <!-- TS010_VerifyProductActionsIconToAddToNewlyCreatedListTest -->
        <test-method status="SKIP" signature="tearDown()[pri:0, instance:atlantamarket.GlobalSearch_ProductActions@685cb137]" name="tearDown" is-config="true" duration-ms="0" started-at="2022-06-22T12:14:43Z" finished-at="2022-06-22T12:14:43Z">
          <reporter-output>
          </reporter-output>
        </test-method> <!-- tearDown -->
      </class> <!-- atlantamarket.GlobalSearch_ProductActions -->
      <class name="atlantamarket.GlobalSearch_ExhibitorActions">
        <test-method status="PASS" signature="initialize()[pri:0, instance:atlantamarket.GlobalSearch_ExhibitorActions@ae45eb6]" name="initialize" is-config="true" duration-ms="106419" started-at="2022-06-22T11:52:31Z" finished-at="2022-06-22T11:54:18Z">
          <reporter-output>
          </reporter-output>
        </test-method> <!-- initialize -->
        <test-method status="FAIL" signature="TS002_VerifyAddToFavoriteForExhibitorTest()[pri:0, instance:atlantamarket.GlobalSearch_ExhibitorActions@ae45eb6]" name="TS002_VerifyAddToFavoriteForExhibitorTest" duration-ms="40145" started-at="2022-06-22T11:54:18Z" finished-at="2022-06-22T11:54:58Z">
          <exception class="java.lang.AssertionError">
            <message>
              <![CDATA[expected [true] but found [false]]]>
            </message>
            <full-stacktrace>
              <![CDATA[java.lang.AssertionError: expected [true] but found [false]
	at org.testng.Assert.fail(Assert.java:94)
	at org.testng.Assert.failNotEquals(Assert.java:494)
	at org.testng.Assert.assertTrue(Assert.java:42)
	at org.testng.Assert.assertTrue(Assert.java:52)
	at atlantamarket.GlobalSearch_ExhibitorActions.TS002_VerifyAddToFavoriteForExhibitorTest(GlobalSearch_ExhibitorActions.java:119)
	at sun.reflect.NativeMethodAccessorImpl.invoke0(Native Method)
	at sun.reflect.NativeMethodAccessorImpl.invoke(Unknown Source)
	at sun.reflect.DelegatingMethodAccessorImpl.invoke(Unknown Source)
	at java.lang.reflect.Method.invoke(Unknown Source)
	at org.testng.internal.MethodInvocationHelper.invokeMethod(MethodInvocationHelper.java:80)
	at org.testng.internal.Invoker.invokeMethod(Invoker.java:714)
	at org.testng.internal.Invoker.invokeTestMethod(Invoker.java:901)
	at org.testng.internal.Invoker.invokeTestMethods(Invoker.java:1231)
	at org.testng.internal.TestMethodWorker.invokeTestMethods(TestMethodWorker.java:127)
	at org.testng.internal.TestMethodWorker.run(TestMethodWorker.java:111)
	at org.testng.TestRunner.privateRun(TestRunner.java:767)
	at org.testng.TestRunner.run(TestRunner.java:617)
	at org.testng.SuiteRunner.runTest(SuiteRunner.java:334)
	at org.testng.SuiteRunner.runSequentially(SuiteRunner.java:329)
	at org.testng.SuiteRunner.privateRun(SuiteRunner.java:291)
	at org.testng.SuiteRunner.run(SuiteRunner.java:240)
	at org.testng.SuiteRunnerWorker.runSuite(SuiteRunnerWorker.java:52)
	at org.testng.SuiteRunnerWorker.run(SuiteRunnerWorker.java:86)
	at org.testng.TestNG.runSuitesSequentially(TestNG.java:1198)
	at org.testng.TestNG.runSuitesLocally(TestNG.java:1123)
	at org.testng.TestNG.run(TestNG.java:1031)
	at org.testng.remote.AbstractRemoteTestNG.run(AbstractRemoteTestNG.java:132)
	at org.testng.remote.RemoteTestNG.initAndRun(RemoteTestNG.java:236)
	at org.testng.remote.RemoteTestNG.main(RemoteTestNG.java:81)
]]>
            </full-stacktrace>
          </exception> <!-- java.lang.AssertionError -->
          <reporter-output>
          </reporter-output>
        </test-method> <!-- TS002_VerifyAddToFavoriteForExhibitorTest -->
        <test-method status="PASS" signature="TS003_VerifyAddToNewListForExhibitorTest()[pri:0, instance:atlantamarket.GlobalSearch_ExhibitorActions@ae45eb6]" name="TS003_VerifyAddToNewListForExhibitorTest" duration-ms="69140" started-at="2022-06-22T11:54:58Z" finished-at="2022-06-22T11:56:07Z">
          <reporter-output>
          </reporter-output>
        </test-method> <!-- TS003_VerifyAddToNewListForExhibitorTest -->
        <test-method status="PASS" signature="TS004_VerifyAddToExistingListForExhibitorTest()[pri:0, instance:atlantamarket.GlobalSearch_ExhibitorActions@ae45eb6]" name="TS004_VerifyAddToExistingListForExhibitorTest" duration-ms="110567" started-at="2022-06-22T11:56:07Z" finished-at="2022-06-22T11:57:58Z">
          <reporter-output>
          </reporter-output>
        </test-method> <!-- TS004_VerifyAddToExistingListForExhibitorTest -->
        <test-method status="PASS" signature="TS005_VerifyClickOnContactExhIconForExhibitorTest()[pri:0, instance:atlantamarket.GlobalSearch_ExhibitorActions@ae45eb6]" name="TS005_VerifyClickOnContactExhIconForExhibitorTest" duration-ms="31796" started-at="2022-06-22T11:57:58Z" finished-at="2022-06-22T11:58:30Z">
          <reporter-output>
          </reporter-output>
        </test-method> <!-- TS005_VerifyClickOnContactExhIconForExhibitorTest -->
        <test-method status="PASS" signature="TS006_VerifyClickOnLocationLinksForExhibitorTest()[pri:0, instance:atlantamarket.GlobalSearch_ExhibitorActions@ae45eb6]" name="TS006_VerifyClickOnLocationLinksForExhibitorTest" duration-ms="33297" started-at="2022-06-22T11:58:30Z" finished-at="2022-06-22T11:59:03Z">
          <reporter-output>
          </reporter-output>
        </test-method> <!-- TS006_VerifyClickOnLocationLinksForExhibitorTest -->
        <test-method status="PASS" signature="TS007_VerifyClickOnLinesShownLinkForExhibitorTest()[pri:0, instance:atlantamarket.GlobalSearch_ExhibitorActions@ae45eb6]" name="TS007_VerifyClickOnLinesShownLinkForExhibitorTest" duration-ms="42097" started-at="2022-06-22T11:59:03Z" finished-at="2022-06-22T11:59:45Z">
          <reporter-output>
          </reporter-output>
        </test-method> <!-- TS007_VerifyClickOnLinesShownLinkForExhibitorTest -->
        <test-method status="FAIL" signature="TS008_VerifyClickOnTotalProductsSeeAllLinkForExhibitorTest()[pri:0, instance:atlantamarket.GlobalSearch_ExhibitorActions@ae45eb6]" name="TS008_VerifyClickOnTotalProductsSeeAllLinkForExhibitorTest" duration-ms="45450" started-at="2022-06-22T11:59:45Z" finished-at="2022-06-22T12:00:30Z">
          <exception class="java.lang.AssertionError">
            <message>
              <![CDATA[expected [541709] but found [546206]]]>
            </message>
            <full-stacktrace>
              <![CDATA[java.lang.AssertionError: expected [541709] but found [546206]
	at org.testng.Assert.fail(Assert.java:94)
	at org.testng.Assert.failNotEquals(Assert.java:494)
	at org.testng.Assert.assertEquals(Assert.java:123)
	at org.testng.Assert.assertEquals(Assert.java:176)
	at org.testng.Assert.assertEquals(Assert.java:186)
	at atlantamarket.GlobalSearch_ExhibitorActions.TS008_VerifyClickOnTotalProductsSeeAllLinkForExhibitorTest(GlobalSearch_ExhibitorActions.java:408)
	at sun.reflect.NativeMethodAccessorImpl.invoke0(Native Method)
	at sun.reflect.NativeMethodAccessorImpl.invoke(Unknown Source)
	at sun.reflect.DelegatingMethodAccessorImpl.invoke(Unknown Source)
	at java.lang.reflect.Method.invoke(Unknown Source)
	at org.testng.internal.MethodInvocationHelper.invokeMethod(MethodInvocationHelper.java:80)
	at org.testng.internal.Invoker.invokeMethod(Invoker.java:714)
	at org.testng.internal.Invoker.invokeTestMethod(Invoker.java:901)
	at org.testng.internal.Invoker.invokeTestMethods(Invoker.java:1231)
	at org.testng.internal.TestMethodWorker.invokeTestMethods(TestMethodWorker.java:127)
	at org.testng.internal.TestMethodWorker.run(TestMethodWorker.java:111)
	at org.testng.TestRunner.privateRun(TestRunner.java:767)
	at org.testng.TestRunner.run(TestRunner.java:617)
	at org.testng.SuiteRunner.runTest(SuiteRunner.java:334)
	at org.testng.SuiteRunner.runSequentially(SuiteRunner.java:329)
	at org.testng.SuiteRunner.privateRun(SuiteRunner.java:291)
	at org.testng.SuiteRunner.run(SuiteRunner.java:240)
	at org.testng.SuiteRunnerWorker.runSuite(SuiteRunnerWorker.java:52)
	at org.testng.SuiteRunnerWorker.run(SuiteRunnerWorker.java:86)
	at org.testng.TestNG.runSuitesSequentially(TestNG.java:1198)
	at org.testng.TestNG.runSuitesLocally(TestNG.java:1123)
	at org.testng.TestNG.run(TestNG.java:1031)
	at org.testng.remote.AbstractRemoteTestNG.run(AbstractRemoteTestNG.java:132)
	at org.testng.remote.RemoteTestNG.initAndRun(RemoteTestNG.java:236)
	at org.testng.remote.RemoteTestNG.main(RemoteTestNG.java:81)
]]>
            </full-stacktrace>
          </exception> <!-- java.lang.AssertionError -->
          <reporter-output>
          </reporter-output>
        </test-method> <!-- TS008_VerifyClickOnTotalProductsSeeAllLinkForExhibitorTest -->
        <test-method status="FAIL" signature="TS009_VerifyClickOnMatchingProductsSeeAllLinkForExhibitorTest()[pri:0, instance:atlantamarket.GlobalSearch_ExhibitorActions@ae45eb6]" name="TS009_VerifyClickOnMatchingProductsSeeAllLinkForExhibitorTest" duration-ms="48522" started-at="2022-06-22T12:00:31Z" finished-at="2022-06-22T12:01:20Z">
          <exception class="java.lang.AssertionError">
            <message>
              <![CDATA[expected [3394] but found [541709]]]>
            </message>
            <full-stacktrace>
              <![CDATA[java.lang.AssertionError: expected [3394] but found [541709]
	at org.testng.Assert.fail(Assert.java:94)
	at org.testng.Assert.failNotEquals(Assert.java:494)
	at org.testng.Assert.assertEquals(Assert.java:123)
	at org.testng.Assert.assertEquals(Assert.java:176)
	at org.testng.Assert.assertEquals(Assert.java:186)
	at atlantamarket.GlobalSearch_ExhibitorActions.TS009_VerifyClickOnMatchingProductsSeeAllLinkForExhibitorTest(GlobalSearch_ExhibitorActions.java:451)
	at sun.reflect.NativeMethodAccessorImpl.invoke0(Native Method)
	at sun.reflect.NativeMethodAccessorImpl.invoke(Unknown Source)
	at sun.reflect.DelegatingMethodAccessorImpl.invoke(Unknown Source)
	at java.lang.reflect.Method.invoke(Unknown Source)
	at org.testng.internal.MethodInvocationHelper.invokeMethod(MethodInvocationHelper.java:80)
	at org.testng.internal.Invoker.invokeMethod(Invoker.java:714)
	at org.testng.internal.Invoker.invokeTestMethod(Invoker.java:901)
	at org.testng.internal.Invoker.invokeTestMethods(Invoker.java:1231)
	at org.testng.internal.TestMethodWorker.invokeTestMethods(TestMethodWorker.java:127)
	at org.testng.internal.TestMethodWorker.run(TestMethodWorker.java:111)
	at org.testng.TestRunner.privateRun(TestRunner.java:767)
	at org.testng.TestRunner.run(TestRunner.java:617)
	at org.testng.SuiteRunner.runTest(SuiteRunner.java:334)
	at org.testng.SuiteRunner.runSequentially(SuiteRunner.java:329)
	at org.testng.SuiteRunner.privateRun(SuiteRunner.java:291)
	at org.testng.SuiteRunner.run(SuiteRunner.java:240)
	at org.testng.SuiteRunnerWorker.runSuite(SuiteRunnerWorker.java:52)
	at org.testng.SuiteRunnerWorker.run(SuiteRunnerWorker.java:86)
	at org.testng.TestNG.runSuitesSequentially(TestNG.java:1198)
	at org.testng.TestNG.runSuitesLocally(TestNG.java:1123)
	at org.testng.TestNG.run(TestNG.java:1031)
	at org.testng.remote.AbstractRemoteTestNG.run(AbstractRemoteTestNG.java:132)
	at org.testng.remote.RemoteTestNG.initAndRun(RemoteTestNG.java:236)
	at org.testng.remote.RemoteTestNG.main(RemoteTestNG.java:81)
]]>
            </full-stacktrace>
          </exception> <!-- java.lang.AssertionError -->
          <reporter-output>
          </reporter-output>
        </test-method> <!-- TS009_VerifyClickOnMatchingProductsSeeAllLinkForExhibitorTest -->
        <test-method status="PASS" signature="TS010_VerifyMatchingProductsAddNoteFunctionalityForExhibitorTest()[pri:0, instance:atlantamarket.GlobalSearch_ExhibitorActions@ae45eb6]" name="TS010_VerifyMatchingProductsAddNoteFunctionalityForExhibitorTest" duration-ms="53344" started-at="2022-06-22T12:01:20Z" finished-at="2022-06-22T12:02:13Z">
          <reporter-output>
          </reporter-output>
        </test-method> <!-- TS010_VerifyMatchingProductsAddNoteFunctionalityForExhibitorTest -->
        <test-method status="PASS" signature="TS011_VerifySelectionOfExhibitorFromSearchResultsTest()[pri:0, instance:atlantamarket.GlobalSearch_ExhibitorActions@ae45eb6]" name="TS011_VerifySelectionOfExhibitorFromSearchResultsTest" duration-ms="61738" started-at="2022-06-22T12:02:13Z" finished-at="2022-06-22T12:03:15Z">
          <reporter-output>
          </reporter-output>
        </test-method> <!-- TS011_VerifySelectionOfExhibitorFromSearchResultsTest -->
        <test-method status="PASS" signature="tearDown()[pri:0, instance:atlantamarket.GlobalSearch_ExhibitorActions@ae45eb6]" name="tearDown" is-config="true" duration-ms="5044" started-at="2022-06-22T12:03:15Z" finished-at="2022-06-22T12:03:20Z">
          <reporter-output>
          </reporter-output>
        </test-method> <!-- tearDown -->
      </class> <!-- atlantamarket.GlobalSearch_ExhibitorActions -->
      <class name="atlantamarket.GlobalSearch_SuggestionList">
        <test-method status="PASS" signature="initialize()[pri:0, instance:atlantamarket.GlobalSearch_SuggestionList@6a41eaa2]" name="initialize" is-config="true" duration-ms="67267" started-at="2022-06-22T11:49:54Z" finished-at="2022-06-22T11:51:01Z">
          <reporter-output>
          </reporter-output>
        </test-method> <!-- initialize -->
        <test-method status="PASS" signature="TS001_VerifySelectionOfExhibitorFromAutoSuggestionListTest()[pri:0, instance:atlantamarket.GlobalSearch_SuggestionList@6a41eaa2]" name="TS001_VerifySelectionOfExhibitorFromAutoSuggestionListTest" duration-ms="13056" started-at="2022-06-22T11:51:01Z" finished-at="2022-06-22T11:51:14Z">
          <reporter-output>
          </reporter-output>
        </test-method> <!-- TS001_VerifySelectionOfExhibitorFromAutoSuggestionListTest -->
        <test-method status="PASS" signature="TS002_VerifySelectionOfLineFromAutoSuggestionListTest()[pri:0, instance:atlantamarket.GlobalSearch_SuggestionList@6a41eaa2]" name="TS002_VerifySelectionOfLineFromAutoSuggestionListTest" duration-ms="27217" started-at="2022-06-22T11:51:14Z" finished-at="2022-06-22T11:51:41Z">
          <reporter-output>
          </reporter-output>
        </test-method> <!-- TS002_VerifySelectionOfLineFromAutoSuggestionListTest -->
        <test-method status="PASS" signature="TS003_VerifySelectionOfProductFromAutoSuggestionListTest()[pri:0, instance:atlantamarket.GlobalSearch_SuggestionList@6a41eaa2]" name="TS003_VerifySelectionOfProductFromAutoSuggestionListTest" duration-ms="46155" started-at="2022-06-22T11:51:41Z" finished-at="2022-06-22T11:52:28Z">
          <reporter-output>
          </reporter-output>
        </test-method> <!-- TS003_VerifySelectionOfProductFromAutoSuggestionListTest -->
        <test-method status="PASS" signature="tearDown()[pri:0, instance:atlantamarket.GlobalSearch_SuggestionList@6a41eaa2]" name="tearDown" is-config="true" duration-ms="3590" started-at="2022-06-22T11:52:28Z" finished-at="2022-06-22T11:52:31Z">
          <reporter-output>
          </reporter-output>
        </test-method> <!-- tearDown -->
      </class> <!-- atlantamarket.GlobalSearch_SuggestionList -->
    </test> <!-- RegressionTest -->
  </suite> <!-- ATLMrkt_RegressionTestSuite -->
</testng-results>
