<?xml version="1.0" encoding="UTF-8"?>
<testng-results skipped="0" failed="0" total="2" passed="2">
  <reporter-output>
  </reporter-output>
  <suite name="ATLMrkt_RegressionTestSuite" duration-ms="76424" started-at="2022-08-05T11:22:04Z" finished-at="2022-08-05T11:23:21Z">
    <groups>
    </groups>
    <test name="RegressionTest" duration-ms="76424" started-at="2022-08-05T11:22:04Z" finished-at="2022-08-05T11:23:21Z">
      <class name="atlantamarket_UAT.MarketPlanner">
        <test-method status="PASS" signature="initialize()[pri:0, instance:atlantamarket_UAT.MarketPlanner@e25b2fe]" name="initialize" is-config="true" duration-ms="34022" started-at="2022-08-05T16:52:04Z" finished-at="2022-08-05T16:52:38Z">
          <reporter-output>
          </reporter-output>
        </test-method> <!-- initialize -->
        <test-method status="PASS" signature="TS001_VerifyMarketPlannerLoginTest()[pri:0, instance:atlantamarket_UAT.MarketPlanner@e25b2fe]" name="TS001_VerifyMarketPlannerLoginTest" duration-ms="29101" started-at="2022-08-05T16:52:38Z" finished-at="2022-08-05T16:53:08Z">
          <reporter-output>
          </reporter-output>
        </test-method> <!-- TS001_VerifyMarketPlannerLoginTest -->
        <test-method status="PASS" signature="TS004_VerifyMarketPlannerSignOutTest()[pri:0, instance:atlantamarket_UAT.MarketPlanner@e25b2fe]" name="TS004_VerifyMarketPlannerSignOutTest" duration-ms="13271" started-at="2022-08-05T16:53:08Z" finished-at="2022-08-05T16:53:21Z">
          <reporter-output>
          </reporter-output>
        </test-method> <!-- TS004_VerifyMarketPlannerSignOutTest -->
        <test-method status="PASS" signature="tearDown()[pri:0, instance:atlantamarket_UAT.MarketPlanner@e25b2fe]" name="tearDown" is-config="true" duration-ms="0" started-at="2022-08-05T16:53:21Z" finished-at="2022-08-05T16:53:21Z">
          <reporter-output>
          </reporter-output>
        </test-method> <!-- tearDown -->
      </class> <!-- atlantamarket_UAT.MarketPlanner -->
    </test> <!-- RegressionTest -->
  </suite> <!-- ATLMrkt_RegressionTestSuite -->
</testng-results>
