<?xml version="1.0" encoding="UTF-8"?>
<testng-results skipped="0" failed="2" total="21" passed="19">
  <reporter-output>
  </reporter-output>
  <suite name="LVM_RegressionTestSuite" duration-ms="1115828" started-at="2022-11-29T09:24:47Z" finished-at="2022-11-29T09:43:23Z">
    <groups>
    </groups>
    <test name="RegressionTest" duration-ms="1115828" started-at="2022-11-29T09:24:47Z" finished-at="2022-11-29T09:43:23Z">
      <class name="atlantamarket_PROD.ExhibitorDigitalShowroom">
        <test-method status="PASS" signature="initialize()[pri:0, instance:atlantamarket_PROD.ExhibitorDigitalShowroom@4667ae56]" name="initialize" is-config="true" duration-ms="78234" started-at="2022-11-29T14:54:47Z" finished-at="2022-11-29T14:56:05Z">
          <reporter-output>
          </reporter-output>
        </test-method> <!-- initialize -->
        <test-method status="FAIL" signature="TS001_VerifyAddToFavoritesTest()[pri:0, instance:atlantamarket_PROD.ExhibitorDigitalShowroom@4667ae56]" name="TS001_VerifyAddToFavoritesTest" duration-ms="58828" started-at="2022-11-29T14:56:05Z" finished-at="2022-11-29T14:57:04Z">
          <exception class="org.openqa.selenium.TimeoutException">
            <message>
              <![CDATA[Expected condition failed: waiting for visibility of element located by By.xpath: //div[@class='imc-loading-relative']/div[3]/li/div/div/div/a (tried for 20 second(s) with 500 MILLISECONDS interval)]]>
            </message>
            <full-stacktrace>
              <![CDATA[org.openqa.selenium.TimeoutException: Expected condition failed: waiting for visibility of element located by By.xpath: //div[@class='imc-loading-relative']/div[3]/li/div/div/div/a (tried for 20 second(s) with 500 MILLISECONDS interval)
	at org.openqa.selenium.support.ui.WebDriverWait.timeoutException(WebDriverWait.java:80)
	at org.openqa.selenium.support.ui.FluentWait.until(FluentWait.java:232)
	at pageObjects.AtlantaMarket.ATLMarketPlannerPage.getFavoriteExhibitorNames(ATLMarketPlannerPage.java:1239)
	at atlantamarket_PROD.ExhibitorDigitalShowroom.TS001_VerifyAddToFavoritesTest(ExhibitorDigitalShowroom.java:123)
	at sun.reflect.NativeMethodAccessorImpl.invoke0(Native Method)
	at sun.reflect.NativeMethodAccessorImpl.invoke(NativeMethodAccessorImpl.java:62)
	at sun.reflect.DelegatingMethodAccessorImpl.invoke(DelegatingMethodAccessorImpl.java:43)
	at java.lang.reflect.Method.invoke(Method.java:498)
	at org.testng.internal.MethodInvocationHelper.invokeMethod(MethodInvocationHelper.java:80)
	at org.testng.internal.Invoker.invokeMethod(Invoker.java:714)
	at org.testng.internal.Invoker.invokeTestMethod(Invoker.java:901)
	at org.testng.internal.Invoker.invokeTestMethods(Invoker.java:1231)
	at org.testng.internal.TestMethodWorker.invokeTestMethods(TestMethodWorker.java:127)
	at org.testng.internal.TestMethodWorker.run(TestMethodWorker.java:111)
	at org.testng.TestRunner.privateRun(TestRunner.java:767)
	at org.testng.TestRunner.run(TestRunner.java:617)
	at org.testng.SuiteRunner.runTest(SuiteRunner.java:334)
	at org.testng.SuiteRunner.runSequentially(SuiteRunner.java:329)
	at org.testng.SuiteRunner.privateRun(SuiteRunner.java:291)
	at org.testng.SuiteRunner.run(SuiteRunner.java:240)
	at org.testng.SuiteRunnerWorker.runSuite(SuiteRunnerWorker.java:52)
	at org.testng.SuiteRunnerWorker.run(SuiteRunnerWorker.java:86)
	at org.testng.TestNG.runSuitesSequentially(TestNG.java:1198)
	at org.testng.TestNG.runSuitesLocally(TestNG.java:1123)
	at org.testng.TestNG.run(TestNG.java:1031)
	at org.testng.remote.AbstractRemoteTestNG.run(AbstractRemoteTestNG.java:114)
	at org.testng.remote.RemoteTestNG.initAndRun(RemoteTestNG.java:251)
	at org.testng.remote.RemoteTestNG.main(RemoteTestNG.java:77)
Caused by: org.openqa.selenium.NoSuchElementException: Cannot locate an element using By.xpath: //div[@class='imc-loading-relative']/div[3]/li/div/div/div/a
For documentation on this error, please visit: http://seleniumhq.org/exceptions/no_such_element.html
Build info: version: '3.4.0', revision: 'unknown', time: 'unknown'
System info: host: 'SWAPNILI', ip: '172.27.182.57', os.name: 'Windows 8.1', os.arch: 'amd64', os.version: '6.3', java.version: '1.8.0_161'
Driver info: driver.version: unknown
	at org.openqa.selenium.support.ui.ExpectedConditions.lambda$findElement$0(ExpectedConditions.java:883)
	at java.util.Optional.orElseThrow(Optional.java:290)
	at org.openqa.selenium.support.ui.ExpectedConditions.findElement(ExpectedConditions.java:882)
	at org.openqa.selenium.support.ui.ExpectedConditions.access$000(ExpectedConditions.java:44)
	at org.openqa.selenium.support.ui.ExpectedConditions$7.apply(ExpectedConditions.java:206)
	at org.openqa.selenium.support.ui.ExpectedConditions$7.apply(ExpectedConditions.java:202)
	at org.openqa.selenium.support.ui.FluentWait.until(FluentWait.java:209)
	... 26 more
]]>
            </full-stacktrace>
          </exception> <!-- org.openqa.selenium.TimeoutException -->
          <reporter-output>
          </reporter-output>
        </test-method> <!-- TS001_VerifyAddToFavoritesTest -->
        <test-method status="FAIL" signature="TS002_VerifyAddToExistingListWithPlusIconTest()[pri:0, instance:atlantamarket_PROD.ExhibitorDigitalShowroom@4667ae56]" name="TS002_VerifyAddToExistingListWithPlusIconTest" duration-ms="84975" started-at="2022-11-29T14:57:05Z" finished-at="2022-11-29T14:58:30Z">
          <exception class="org.openqa.selenium.TimeoutException">
            <message>
              <![CDATA[Expected condition failed: waiting for visibility of element located by By.xpath: //li[@class='imc-list-edit--draggable'][1]/div/div[1]/div[1]/a (tried for 20 second(s) with 500 MILLISECONDS interval)]]>
            </message>
            <full-stacktrace>
              <![CDATA[org.openqa.selenium.TimeoutException: Expected condition failed: waiting for visibility of element located by By.xpath: //li[@class='imc-list-edit--draggable'][1]/div/div[1]/div[1]/a (tried for 20 second(s) with 500 MILLISECONDS interval)
	at org.openqa.selenium.support.ui.WebDriverWait.timeoutException(WebDriverWait.java:80)
	at org.openqa.selenium.support.ui.FluentWait.until(FluentWait.java:232)
	at pageObjects.AtlantaMarket.ATLMarketPlannerPage.getATLSavedExhNameInList(ATLMarketPlannerPage.java:480)
	at atlantamarket_PROD.ExhibitorDigitalShowroom.TS002_VerifyAddToExistingListWithPlusIconTest(ExhibitorDigitalShowroom.java:210)
	at sun.reflect.NativeMethodAccessorImpl.invoke0(Native Method)
	at sun.reflect.NativeMethodAccessorImpl.invoke(NativeMethodAccessorImpl.java:62)
	at sun.reflect.DelegatingMethodAccessorImpl.invoke(DelegatingMethodAccessorImpl.java:43)
	at java.lang.reflect.Method.invoke(Method.java:498)
	at org.testng.internal.MethodInvocationHelper.invokeMethod(MethodInvocationHelper.java:80)
	at org.testng.internal.Invoker.invokeMethod(Invoker.java:714)
	at org.testng.internal.Invoker.invokeTestMethod(Invoker.java:901)
	at org.testng.internal.Invoker.invokeTestMethods(Invoker.java:1231)
	at org.testng.internal.TestMethodWorker.invokeTestMethods(TestMethodWorker.java:127)
	at org.testng.internal.TestMethodWorker.run(TestMethodWorker.java:111)
	at org.testng.TestRunner.privateRun(TestRunner.java:767)
	at org.testng.TestRunner.run(TestRunner.java:617)
	at org.testng.SuiteRunner.runTest(SuiteRunner.java:334)
	at org.testng.SuiteRunner.runSequentially(SuiteRunner.java:329)
	at org.testng.SuiteRunner.privateRun(SuiteRunner.java:291)
	at org.testng.SuiteRunner.run(SuiteRunner.java:240)
	at org.testng.SuiteRunnerWorker.runSuite(SuiteRunnerWorker.java:52)
	at org.testng.SuiteRunnerWorker.run(SuiteRunnerWorker.java:86)
	at org.testng.TestNG.runSuitesSequentially(TestNG.java:1198)
	at org.testng.TestNG.runSuitesLocally(TestNG.java:1123)
	at org.testng.TestNG.run(TestNG.java:1031)
	at org.testng.remote.AbstractRemoteTestNG.run(AbstractRemoteTestNG.java:114)
	at org.testng.remote.RemoteTestNG.initAndRun(RemoteTestNG.java:251)
	at org.testng.remote.RemoteTestNG.main(RemoteTestNG.java:77)
Caused by: org.openqa.selenium.NoSuchElementException: Cannot locate an element using By.xpath: //li[@class='imc-list-edit--draggable'][1]/div/div[1]/div[1]/a
For documentation on this error, please visit: http://seleniumhq.org/exceptions/no_such_element.html
Build info: version: '3.4.0', revision: 'unknown', time: 'unknown'
System info: host: 'SWAPNILI', ip: '172.27.182.57', os.name: 'Windows 8.1', os.arch: 'amd64', os.version: '6.3', java.version: '1.8.0_161'
Driver info: driver.version: unknown
	at org.openqa.selenium.support.ui.ExpectedConditions.lambda$findElement$0(ExpectedConditions.java:883)
	at java.util.Optional.orElseThrow(Optional.java:290)
	at org.openqa.selenium.support.ui.ExpectedConditions.findElement(ExpectedConditions.java:882)
	at org.openqa.selenium.support.ui.ExpectedConditions.access$000(ExpectedConditions.java:44)
	at org.openqa.selenium.support.ui.ExpectedConditions$7.apply(ExpectedConditions.java:206)
	at org.openqa.selenium.support.ui.ExpectedConditions$7.apply(ExpectedConditions.java:202)
	at org.openqa.selenium.support.ui.FluentWait.until(FluentWait.java:209)
	... 26 more
]]>
            </full-stacktrace>
          </exception> <!-- org.openqa.selenium.TimeoutException -->
          <reporter-output>
          </reporter-output>
        </test-method> <!-- TS002_VerifyAddToExistingListWithPlusIconTest -->
        <test-method status="PASS" signature="TS003_VerifyAddNoteListWithPlusIconTest()[pri:0, instance:atlantamarket_PROD.ExhibitorDigitalShowroom@4667ae56]" name="TS003_VerifyAddNoteListWithPlusIconTest" duration-ms="61830" started-at="2022-11-29T14:58:30Z" finished-at="2022-11-29T14:59:32Z">
          <reporter-output>
          </reporter-output>
        </test-method> <!-- TS003_VerifyAddNoteListWithPlusIconTest -->
        <test-method status="PASS" signature="TS004_VerifyClickOnLocationLinksForExhibitorDigitalShowroomTest()[pri:0, instance:atlantamarket_PROD.ExhibitorDigitalShowroom@4667ae56]" name="TS004_VerifyClickOnLocationLinksForExhibitorDigitalShowroomTest" duration-ms="46986" started-at="2022-11-29T14:59:32Z" finished-at="2022-11-29T15:00:19Z">
          <reporter-output>
          </reporter-output>
        </test-method> <!-- TS004_VerifyClickOnLocationLinksForExhibitorDigitalShowroomTest -->
        <test-method status="PASS" signature="TS005_VerifyClickOnContactExhIconForExhibitorTest()[pri:0, instance:atlantamarket_PROD.ExhibitorDigitalShowroom@4667ae56]" name="TS005_VerifyClickOnContactExhIconForExhibitorTest" duration-ms="27652" started-at="2022-11-29T15:00:19Z" finished-at="2022-11-29T15:00:46Z">
          <reporter-output>
          </reporter-output>
        </test-method> <!-- TS005_VerifyClickOnContactExhIconForExhibitorTest -->
        <test-method status="PASS" signature="TS006_VerifyClickOnTotalLinesSeeAllLinkForExhibitorTest()[pri:0, instance:atlantamarket_PROD.ExhibitorDigitalShowroom@4667ae56]" name="TS006_VerifyClickOnTotalLinesSeeAllLinkForExhibitorTest" duration-ms="54016" started-at="2022-11-29T15:00:46Z" finished-at="2022-11-29T15:01:40Z">
          <reporter-output>
          </reporter-output>
        </test-method> <!-- TS006_VerifyClickOnTotalLinesSeeAllLinkForExhibitorTest -->
        <test-method status="PASS" signature="TS007_VerifyClickOnProductShownLinkForExhibitorTest()[pri:0, instance:atlantamarket_PROD.ExhibitorDigitalShowroom@4667ae56]" name="TS007_VerifyClickOnProductShownLinkForExhibitorTest" duration-ms="62548" started-at="2022-11-29T15:01:40Z" finished-at="2022-11-29T15:02:43Z">
          <reporter-output>
          </reporter-output>
        </test-method> <!-- TS007_VerifyClickOnProductShownLinkForExhibitorTest -->
        <test-method status="PASS" signature="TS008_VerifyClickOnLineFiltersForExhibitorTest()[pri:0, instance:atlantamarket_PROD.ExhibitorDigitalShowroom@4667ae56]" name="TS008_VerifyClickOnLineFiltersForExhibitorTest" duration-ms="34740" started-at="2022-11-29T15:02:43Z" finished-at="2022-11-29T15:03:18Z">
          <reporter-output>
          </reporter-output>
        </test-method> <!-- TS008_VerifyClickOnLineFiltersForExhibitorTest -->
        <test-method status="PASS" signature="TS009_VerifyClickOnLineSearchForExhibitorTest()[pri:0, instance:atlantamarket_PROD.ExhibitorDigitalShowroom@4667ae56]" name="TS009_VerifyClickOnLineSearchForExhibitorTest" duration-ms="33686" started-at="2022-11-29T15:03:18Z" finished-at="2022-11-29T15:03:51Z">
          <reporter-output>
          </reporter-output>
        </test-method> <!-- TS009_VerifyClickOnLineSearchForExhibitorTest -->
        <test-method status="PASS" signature="TS010_VerifyExhibitorDigitalShowroomLinesComponentSeeAllLinesTest()[pri:0, instance:atlantamarket_PROD.ExhibitorDigitalShowroom@4667ae56]" name="TS010_VerifyExhibitorDigitalShowroomLinesComponentSeeAllLinesTest" duration-ms="42868" started-at="2022-11-29T15:03:51Z" finished-at="2022-11-29T15:04:34Z">
          <reporter-output>
          </reporter-output>
        </test-method> <!-- TS010_VerifyExhibitorDigitalShowroomLinesComponentSeeAllLinesTest -->
        <test-method status="PASS" signature="TS011_VerifyExhibitorDigitalShowroomProductsComponentOrderOnJuniperMarketTest()[pri:0, instance:atlantamarket_PROD.ExhibitorDigitalShowroom@4667ae56]" name="TS011_VerifyExhibitorDigitalShowroomProductsComponentOrderOnJuniperMarketTest" duration-ms="85300" started-at="2022-11-29T15:04:34Z" finished-at="2022-11-29T15:06:00Z">
          <reporter-output>
          </reporter-output>
        </test-method> <!-- TS011_VerifyExhibitorDigitalShowroomProductsComponentOrderOnJuniperMarketTest -->
        <test-method status="PASS" signature="TS012_VerifyExhibitorDigitalShowroomProductsComponentSeeAllProductsTest()[pri:0, instance:atlantamarket_PROD.ExhibitorDigitalShowroom@4667ae56]" name="TS012_VerifyExhibitorDigitalShowroomProductsComponentSeeAllProductsTest" duration-ms="49251" started-at="2022-11-29T15:06:00Z" finished-at="2022-11-29T15:06:49Z">
          <reporter-output>
          </reporter-output>
        </test-method> <!-- TS012_VerifyExhibitorDigitalShowroomProductsComponentSeeAllProductsTest -->
        <test-method status="PASS" signature="TS013_VerifySeeInOtherMarketsForExhibitorTest()[pri:0, instance:atlantamarket_PROD.ExhibitorDigitalShowroom@4667ae56]" name="TS013_VerifySeeInOtherMarketsForExhibitorTest" duration-ms="79658" started-at="2022-11-29T15:06:49Z" finished-at="2022-11-29T15:08:09Z">
          <reporter-output>
          </reporter-output>
        </test-method> <!-- TS013_VerifySeeInOtherMarketsForExhibitorTest -->
        <test-method status="PASS" signature="TS014_VerifyExhibitorDigitalShowroomCatalogsComponentSeeAllCatalogsTest()[pri:0, instance:atlantamarket_PROD.ExhibitorDigitalShowroom@4667ae56]" name="TS014_VerifyExhibitorDigitalShowroomCatalogsComponentSeeAllCatalogsTest" duration-ms="28900" started-at="2022-11-29T15:08:09Z" finished-at="2022-11-29T15:08:37Z">
          <reporter-output>
          </reporter-output>
        </test-method> <!-- TS014_VerifyExhibitorDigitalShowroomCatalogsComponentSeeAllCatalogsTest -->
        <test-method status="PASS" signature="TS015_VerifyExhibitorDigitalShowroomCatalogsComponentOrderOnJuniperMarketTest()[pri:0, instance:atlantamarket_PROD.ExhibitorDigitalShowroom@4667ae56]" name="TS015_VerifyExhibitorDigitalShowroomCatalogsComponentOrderOnJuniperMarketTest" duration-ms="26823" started-at="2022-11-29T15:08:37Z" finished-at="2022-11-29T15:09:04Z">
          <reporter-output>
          </reporter-output>
        </test-method> <!-- TS015_VerifyExhibitorDigitalShowroomCatalogsComponentOrderOnJuniperMarketTest -->
        <test-method status="PASS" signature="TS016_VerifyExhibitorDigitalShowroomHeroComponentVisitExhibitorsiteTest()[pri:0, instance:atlantamarket_PROD.ExhibitorDigitalShowroom@4667ae56]" name="TS016_VerifyExhibitorDigitalShowroomHeroComponentVisitExhibitorsiteTest" duration-ms="31242" started-at="2022-11-29T15:09:04Z" finished-at="2022-11-29T15:09:36Z">
          <reporter-output>
          </reporter-output>
        </test-method> <!-- TS016_VerifyExhibitorDigitalShowroomHeroComponentVisitExhibitorsiteTest -->
        <test-method status="PASS" signature="TS017_VerifyExhibitorDigitalShowroomHeroComponentView3DShowroomTest()[pri:0, instance:atlantamarket_PROD.ExhibitorDigitalShowroom@4667ae56]" name="TS017_VerifyExhibitorDigitalShowroomHeroComponentView3DShowroomTest" duration-ms="32383" started-at="2022-11-29T15:09:36Z" finished-at="2022-11-29T15:10:08Z">
          <reporter-output>
          </reporter-output>
        </test-method> <!-- TS017_VerifyExhibitorDigitalShowroomHeroComponentView3DShowroomTest -->
        <test-method status="PASS" signature="TS018_VerifyExhibitorDigitalEventsComponentTest()[pri:0, instance:atlantamarket_PROD.ExhibitorDigitalShowroom@4667ae56]" name="TS018_VerifyExhibitorDigitalEventsComponentTest" duration-ms="38563" started-at="2022-11-29T15:10:08Z" finished-at="2022-11-29T15:10:46Z">
          <reporter-output>
          </reporter-output>
        </test-method> <!-- TS018_VerifyExhibitorDigitalEventsComponentTest -->
        <test-method status="PASS" signature="TS019_VerifyCatalogsSectionForExhibitorTest()[pri:0, instance:atlantamarket_PROD.ExhibitorDigitalShowroom@4667ae56]" name="TS019_VerifyCatalogsSectionForExhibitorTest" duration-ms="57674" started-at="2022-11-29T15:10:46Z" finished-at="2022-11-29T15:11:44Z">
          <reporter-output>
          </reporter-output>
        </test-method> <!-- TS019_VerifyCatalogsSectionForExhibitorTest -->
        <test-method status="PASS" signature="TS020_VerifyExhibitorDigitalShowroomShowSpecialsTest()[pri:0, instance:atlantamarket_PROD.ExhibitorDigitalShowroom@4667ae56]" name="TS020_VerifyExhibitorDigitalShowroomShowSpecialsTest" duration-ms="53378" started-at="2022-11-29T15:11:44Z" finished-at="2022-11-29T15:12:38Z">
          <reporter-output>
          </reporter-output>
        </test-method> <!-- TS020_VerifyExhibitorDigitalShowroomShowSpecialsTest -->
        <test-method status="PASS" signature="TS021_VerifyExhibitorDigitalShowroomHeroComponentOrderOnJuniperMarketTest()[pri:0, instance:atlantamarket_PROD.ExhibitorDigitalShowroom@4667ae56]" name="TS021_VerifyExhibitorDigitalShowroomHeroComponentOrderOnJuniperMarketTest" duration-ms="45269" started-at="2022-11-29T15:12:38Z" finished-at="2022-11-29T15:13:23Z">
          <reporter-output>
          </reporter-output>
        </test-method> <!-- TS021_VerifyExhibitorDigitalShowroomHeroComponentOrderOnJuniperMarketTest -->
      </class> <!-- atlantamarket_PROD.ExhibitorDigitalShowroom -->
    </test> <!-- RegressionTest -->
  </suite> <!-- LVM_RegressionTestSuite -->
</testng-results>
