<?xml version="1.0" encoding="UTF-8"?>
<testng-results skipped="0" failed="0" total="1" passed="1">
  <reporter-output>
  </reporter-output>
  <suite name="ATLMrkt_RegressionTestSuite" duration-ms="92336" started-at="2022-08-04T11:13:17Z" finished-at="2022-08-04T11:14:49Z">
    <groups>
    </groups>
    <test name="RegressionTest" duration-ms="92336" started-at="2022-08-04T11:13:17Z" finished-at="2022-08-04T11:14:49Z">
      <class name="atlantamarket_UAT.MarketPlanner">
        <test-method status="PASS" signature="initialize()[pri:0, instance:atlantamarket_UAT.MarketPlanner@146ba0ac]" name="initialize" is-config="true" duration-ms="37323" started-at="2022-08-04T16:43:17Z" finished-at="2022-08-04T16:43:54Z">
          <reporter-output>
          </reporter-output>
        </test-method> <!-- initialize -->
        <test-method status="PASS" signature="TS003_VerifyMarketPlannerInvalidLoginCredentialsTest()[pri:0, instance:atlantamarket_UAT.MarketPlanner@146ba0ac]" name="TS003_VerifyMarketPlannerInvalidLoginCredentialsTest" duration-ms="54977" started-at="2022-08-04T16:43:54Z" finished-at="2022-08-04T16:44:49Z">
          <reporter-output>
          </reporter-output>
        </test-method> <!-- TS003_VerifyMarketPlannerInvalidLoginCredentialsTest -->
        <test-method status="PASS" signature="tearDown()[pri:0, instance:atlantamarket_UAT.MarketPlanner@146ba0ac]" name="tearDown" is-config="true" duration-ms="0" started-at="2022-08-04T16:44:49Z" finished-at="2022-08-04T16:44:49Z">
          <reporter-output>
          </reporter-output>
        </test-method> <!-- tearDown -->
      </class> <!-- atlantamarket_UAT.MarketPlanner -->
    </test> <!-- RegressionTest -->
  </suite> <!-- ATLMrkt_RegressionTestSuite -->
</testng-results>
