<?xml version="1.0" encoding="UTF-8"?>
<testng-results skipped="0" failed="0" total="1" passed="1">
  <reporter-output>
  </reporter-output>
  <suite name="LVM_RegressionTestSuite" duration-ms="95380" started-at="2022-12-12T12:56:08Z" finished-at="2022-12-12T12:57:43Z">
    <groups>
    </groups>
    <test name="RegressionTest" duration-ms="95380" started-at="2022-12-12T12:56:08Z" finished-at="2022-12-12T12:57:43Z">
      <class name="atlantamarket_PROD.GlobalSearch_SearchFor">
        <test-method status="PASS" signature="initialize()[pri:0, instance:atlantamarket_PROD.GlobalSearch_SearchFor@14bf9759]" name="initialize" is-config="true" duration-ms="68071" started-at="2022-12-12T18:26:08Z" finished-at="2022-12-12T18:27:16Z">
          <reporter-output>
          </reporter-output>
        </test-method> <!-- initialize -->
        <test-method status="PASS" signature="TS004_VerifyCatalogsOverviewInGlobalSearchTest()[pri:0, instance:atlantamarket_PROD.GlobalSearch_SearchFor@14bf9759]" name="TS004_VerifyCatalogsOverviewInGlobalSearchTest" duration-ms="27301" started-at="2022-12-12T18:27:16Z" finished-at="2022-12-12T18:27:43Z">
          <reporter-output>
          </reporter-output>
        </test-method> <!-- TS004_VerifyCatalogsOverviewInGlobalSearchTest -->
      </class> <!-- atlantamarket_PROD.GlobalSearch_SearchFor -->
    </test> <!-- RegressionTest -->
  </suite> <!-- LVM_RegressionTestSuite -->
</testng-results>
