<?xml version="1.0" encoding="UTF-8"?>
<testng-results total="1" passed="1" failed="0" skipped="0">
  <reporter-output>
  </reporter-output>
  <suite started-at="2023-12-29T03:16:30Z" name="Default suite" finished-at="2023-12-29T03:18:14Z" duration-ms="104540">
    <groups>
    </groups>
    <test started-at="2023-12-29T03:16:30Z" name="Default test" finished-at="2023-12-29T03:18:14Z" duration-ms="104540">
      <class name="atlantamarket_PROD.GlobalSearch_MatchingResults">
        <test-method is-config="true" signature="initialize()[pri:0, instance:atlantamarket_PROD.GlobalSearch_MatchingResults@babafc2]" started-at="2023-12-29T08:46:30Z" name="initialize" finished-at="2023-12-29T08:47:32Z" duration-ms="62576" status="PASS">
          <reporter-output>
          </reporter-output>
        </test-method> <!-- initialize -->
        <test-method signature="TS002_VerifyGlobalSearchMatchingResultsSortWithinTest()[pri:0, instance:atlantamarket_PROD.GlobalSearch_MatchingResults@babafc2]" started-at="2023-12-29T08:47:32Z" name="TS002_VerifyGlobalSearchMatchingResultsSortWithinTest" finished-at="2023-12-29T08:48:14Z" duration-ms="41620" status="PASS">
          <reporter-output>
          </reporter-output>
        </test-method> <!-- TS002_VerifyGlobalSearchMatchingResultsSortWithinTest -->
        <test-method is-config="true" signature="tearDown()[pri:0, instance:atlantamarket_PROD.GlobalSearch_MatchingResults@babafc2]" started-at="2023-12-29T08:48:14Z" name="tearDown" finished-at="2023-12-29T08:48:14Z" duration-ms="335" status="PASS">
          <reporter-output>
          </reporter-output>
        </test-method> <!-- tearDown -->
      </class> <!-- atlantamarket_PROD.GlobalSearch_MatchingResults -->
    </test> <!-- Default test -->
  </suite> <!-- Default suite -->
</testng-results>
