<?xml version="1.0" encoding="UTF-8"?>
<testng-results skipped="0" failed="0" total="1" passed="1">
  <reporter-output>
  </reporter-output>
  <suite name="ATLMrkt_RegressionTestSuite" duration-ms="252171" started-at="2022-08-25T08:56:12Z" finished-at="2022-08-25T09:00:24Z">
    <groups>
    </groups>
    <test name="RegressionTest" duration-ms="252171" started-at="2022-08-25T08:56:12Z" finished-at="2022-08-25T09:00:24Z">
      <class name="atlantamarket_UAT.MarketPlanner">
        <test-method status="PASS" signature="initialize()[pri:0, instance:atlantamarket_UAT.MarketPlanner@464bee09]" name="initialize" is-config="true" duration-ms="52735" started-at="2022-08-25T14:26:12Z" finished-at="2022-08-25T14:27:05Z">
          <reporter-output>
          </reporter-output>
        </test-method> <!-- initialize -->
        <test-method status="PASS" signature="TS025_VerifyMarketPlannerListsManagementFilterOptionsFunctionalityTest()[pri:0, instance:atlantamarket_UAT.MarketPlanner@464bee09]" name="TS025_VerifyMarketPlannerListsManagementFilterOptionsFunctionalityTest" duration-ms="199393" started-at="2022-08-25T14:27:05Z" finished-at="2022-08-25T14:30:24Z">
          <reporter-output>
          </reporter-output>
        </test-method> <!-- TS025_VerifyMarketPlannerListsManagementFilterOptionsFunctionalityTest -->
        <test-method status="PASS" signature="tearDown()[pri:0, instance:atlantamarket_UAT.MarketPlanner@464bee09]" name="tearDown" is-config="true" duration-ms="1" started-at="2022-08-25T14:30:24Z" finished-at="2022-08-25T14:30:24Z">
          <reporter-output>
          </reporter-output>
        </test-method> <!-- tearDown -->
      </class> <!-- atlantamarket_UAT.MarketPlanner -->
    </test> <!-- RegressionTest -->
  </suite> <!-- ATLMrkt_RegressionTestSuite -->
</testng-results>
