<?xml version="1.0" encoding="UTF-8"?>
<testng-results skipped="0" failed="0" ignored="2" total="3" passed="1">
  <reporter-output>
  </reporter-output>
  <suite name="Default suite" duration-ms="71915" started-at="2024-08-21T12:34:29Z" finished-at="2024-08-21T12:35:41Z">
    <groups>
    </groups>
    <test name="Default test" duration-ms="71915" started-at="2024-08-21T12:34:29Z" finished-at="2024-08-21T12:35:41Z">
      <class name="atlantamarket_PROD.ShowSpecials">
        <test-method status="PASS" signature="initialize()[pri:0, instance:atlantamarket_PROD.ShowSpecials@490ab905]" name="initialize" is-config="true" duration-ms="43827" started-at="2024-08-21T12:34:29Z" finished-at="2024-08-21T12:35:13Z">
          <reporter-output>
          </reporter-output>
        </test-method> <!-- initialize -->
        <test-method status="PASS" signature="TS002_VerifyLocationLinksForShowSpecialsTest()[pri:2, instance:atlantamarket_PROD.ShowSpecials@490ab905]" name="TS002_VerifyLocationLinksForShowSpecialsTest" duration-ms="28061" started-at="2024-08-21T12:35:13Z" finished-at="2024-08-21T12:35:41Z">
          <reporter-output>
          </reporter-output>
        </test-method> <!-- TS002_VerifyLocationLinksForShowSpecialsTest -->
        <test-method status="PASS" signature="tearDown()[pri:0, instance:atlantamarket_PROD.ShowSpecials@490ab905]" name="tearDown" is-config="true" duration-ms="0" started-at="2024-08-21T12:35:41Z" finished-at="2024-08-21T12:35:41Z">
          <reporter-output>
          </reporter-output>
        </test-method> <!-- tearDown -->
      </class> <!-- atlantamarket_PROD.ShowSpecials -->
    </test> <!-- Default test -->
  </suite> <!-- Default suite -->
</testng-results>
