<?xml version="1.0" encoding="UTF-8"?>
<testng-results skipped="0" failed="0" total="1" passed="1">
  <reporter-output>
  </reporter-output>
  <suite name="LVM_RegressionTestSuite" duration-ms="82022" started-at="2022-11-22T11:17:29Z" finished-at="2022-11-22T11:18:51Z">
    <groups>
    </groups>
    <test name="RegressionTest" duration-ms="82022" started-at="2022-11-22T11:17:29Z" finished-at="2022-11-22T11:18:51Z">
      <class name="atlantamarket_PROD.ExhibitorDigitalShowroom">
        <test-method status="PASS" signature="initialize()[pri:0, instance:atlantamarket_PROD.ExhibitorDigitalShowroom@754ba872]" name="initialize" is-config="true" duration-ms="52439" started-at="2022-11-22T16:47:29Z" finished-at="2022-11-22T16:48:21Z">
          <reporter-output>
          </reporter-output>
        </test-method> <!-- initialize -->
        <test-method status="PASS" signature="TS012_VerifyExhibitorDigitalShowroomProductsComponentSeeAllProductsTest()[pri:0, instance:atlantamarket_PROD.ExhibitorDigitalShowroom@754ba872]" name="TS012_VerifyExhibitorDigitalShowroomProductsComponentSeeAllProductsTest" duration-ms="29511" started-at="2022-11-22T16:48:21Z" finished-at="2022-11-22T16:48:51Z">
          <reporter-output>
          </reporter-output>
        </test-method> <!-- TS012_VerifyExhibitorDigitalShowroomProductsComponentSeeAllProductsTest -->
      </class> <!-- atlantamarket_PROD.ExhibitorDigitalShowroom -->
    </test> <!-- RegressionTest -->
  </suite> <!-- LVM_RegressionTestSuite -->
</testng-results>
