<?xml version="1.0" encoding="UTF-8"?>
<testng-results skipped="0" failed="0" total="2" passed="2">
  <reporter-output>
  </reporter-output>
  <suite name="ATLMrkt_RegressionTestSuite" duration-ms="125922" started-at="2022-06-21T08:48:05Z" finished-at="2022-06-21T08:50:11Z">
    <groups>
    </groups>
    <test name="RegressionTest" duration-ms="125922" started-at="2022-06-21T08:48:05Z" finished-at="2022-06-21T08:50:11Z">
      <class name="atlantamarket.GlobalSearch_ProductActions">
        <test-method status="PASS" signature="initialize()[pri:0, instance:atlantamarket.GlobalSearch_ProductActions@27efef64]" name="initialize" is-config="true" duration-ms="45139" started-at="2022-06-21T14:18:05Z" finished-at="2022-06-21T14:18:51Z">
          <reporter-output>
          </reporter-output>
        </test-method> <!-- initialize -->
        <test-method status="PASS" signature="TS001_VerifyMarketPlannerLoginTest()[pri:0, instance:atlantamarket.GlobalSearch_ProductActions@27efef64]" name="TS001_VerifyMarketPlannerLoginTest" duration-ms="28168" started-at="2022-06-21T14:18:51Z" finished-at="2022-06-21T14:19:19Z">
          <reporter-output>
          </reporter-output>
        </test-method> <!-- TS001_VerifyMarketPlannerLoginTest -->
        <test-method status="PASS" signature="TS010_VerifyProductActionsIconToAddToNewlyCreatedListTest()[pri:0, instance:atlantamarket.GlobalSearch_ProductActions@27efef64]" name="TS010_VerifyProductActionsIconToAddToNewlyCreatedListTest" duration-ms="51108" started-at="2022-06-21T14:19:19Z" finished-at="2022-06-21T14:20:10Z">
          <reporter-output>
          </reporter-output>
        </test-method> <!-- TS010_VerifyProductActionsIconToAddToNewlyCreatedListTest -->
        <test-method status="PASS" signature="tearDown()[pri:0, instance:atlantamarket.GlobalSearch_ProductActions@27efef64]" name="tearDown" is-config="true" duration-ms="1473" started-at="2022-06-21T14:20:10Z" finished-at="2022-06-21T14:20:11Z">
          <reporter-output>
          </reporter-output>
        </test-method> <!-- tearDown -->
      </class> <!-- atlantamarket.GlobalSearch_ProductActions -->
    </test> <!-- RegressionTest -->
  </suite> <!-- ATLMrkt_RegressionTestSuite -->
</testng-results>
