<?xml version="1.0" encoding="UTF-8"?>
<testng-results skipped="0" failed="0" total="1" passed="1">
  <reporter-output>
  </reporter-output>
  <suite name="ATLMrkt_RegressionTestSuite" duration-ms="48765" started-at="2022-05-31T09:54:51Z" finished-at="2022-05-31T09:55:40Z">
    <groups>
    </groups>
    <test name="Test" duration-ms="48765" started-at="2022-05-31T09:54:51Z" finished-at="2022-05-31T09:55:40Z">
      <class name="atlantamarket.AtlantaMarketRegressTest_UAT">
        <test-method status="PASS" signature="initialize()[pri:0, instance:atlantamarket.AtlantaMarketRegressTest_UAT@5e5792a0]" name="initialize" is-config="true" duration-ms="43135" started-at="2022-05-31T15:24:52Z" finished-at="2022-05-31T15:25:35Z">
          <reporter-output>
          </reporter-output>
        </test-method> <!-- initialize -->
        <test-method status="PASS" signature="TS016_VerifyLineActionsOrderOnJuniperMarketTest()[pri:0, instance:atlantamarket.AtlantaMarketRegressTest_UAT@5e5792a0]" name="TS016_VerifyLineActionsOrderOnJuniperMarketTest" duration-ms="5538" started-at="2022-05-31T15:25:35Z" finished-at="2022-05-31T15:25:40Z">
          <reporter-output>
          </reporter-output>
        </test-method> <!-- TS016_VerifyLineActionsOrderOnJuniperMarketTest -->
      </class> <!-- atlantamarket.AtlantaMarketRegressTest_UAT -->
    </test> <!-- Test -->
  </suite> <!-- ATLMrkt_RegressionTestSuite -->
</testng-results>
