<?xml version="1.0" encoding="UTF-8"?>
<testng-results skipped="0" failed="0" total="1" passed="1">
  <reporter-output>
  </reporter-output>
  <suite name="LVM_RegressionTestSuite" duration-ms="82518" started-at="2022-12-14T05:47:43Z" finished-at="2022-12-14T05:49:05Z">
    <groups>
    </groups>
    <test name="RegressionTest" duration-ms="82518" started-at="2022-12-14T05:47:43Z" finished-at="2022-12-14T05:49:05Z">
      <class name="atlantamarket_PROD.GlobalSearch_ProductActions">
        <test-method status="PASS" signature="initialize()[pri:0, instance:atlantamarket_PROD.GlobalSearch_ProductActions@598067a5]" name="initialize" is-config="true" duration-ms="52202" started-at="2022-12-14T11:17:43Z" finished-at="2022-12-14T11:18:35Z">
          <reporter-output>
          </reporter-output>
        </test-method> <!-- initialize -->
        <test-method status="PASS" signature="TS001_VerifyClickOnProductSeeDetailsBtnOnSearchResultsGridTest()[pri:0, instance:atlantamarket_PROD.GlobalSearch_ProductActions@598067a5]" name="TS001_VerifyClickOnProductSeeDetailsBtnOnSearchResultsGridTest" duration-ms="30288" started-at="2022-12-14T11:18:35Z" finished-at="2022-12-14T11:19:05Z">
          <reporter-output>
          </reporter-output>
        </test-method> <!-- TS001_VerifyClickOnProductSeeDetailsBtnOnSearchResultsGridTest -->
        <test-method status="PASS" signature="tearDown()[pri:0, instance:atlantamarket_PROD.GlobalSearch_ProductActions@598067a5]" name="tearDown" is-config="true" duration-ms="0" started-at="2022-12-14T11:19:05Z" finished-at="2022-12-14T11:19:05Z">
          <reporter-output>
          </reporter-output>
        </test-method> <!-- tearDown -->
      </class> <!-- atlantamarket_PROD.GlobalSearch_ProductActions -->
    </test> <!-- RegressionTest -->
  </suite> <!-- LVM_RegressionTestSuite -->
</testng-results>
