<?xml version="1.0" encoding="UTF-8"?>
<testng-results skipped="0" failed="0" total="1" passed="1">
  <reporter-output>
  </reporter-output>
  <suite name="ATLMrkt_RegressionTestSuite" duration-ms="109869" started-at="2022-10-06T10:37:04Z" finished-at="2022-10-06T10:38:54Z">
    <groups>
    </groups>
    <test name="RegressionTest" duration-ms="109869" started-at="2022-10-06T10:37:04Z" finished-at="2022-10-06T10:38:54Z">
      <class name="atlantamarket_UAT.MarketPlanner">
        <test-method status="PASS" signature="initialize()[pri:0, instance:atlantamarket_UAT.MarketPlanner@13deb50e]" name="initialize" is-config="true" duration-ms="64465" started-at="2022-10-06T16:07:04Z" finished-at="2022-10-06T16:08:08Z">
          <reporter-output>
          </reporter-output>
        </test-method> <!-- initialize -->
        <test-method status="PASS" signature="TS047_VerifyMarketPlanneMyInfoEditProfile()[pri:0, instance:atlantamarket_UAT.MarketPlanner@13deb50e]" name="TS047_VerifyMarketPlanneMyInfoEditProfile" duration-ms="45348" started-at="2022-10-06T16:08:08Z" finished-at="2022-10-06T16:08:54Z">
          <reporter-output>
          </reporter-output>
        </test-method> <!-- TS047_VerifyMarketPlanneMyInfoEditProfile -->
        <test-method status="PASS" signature="tearDown()[pri:0, instance:atlantamarket_UAT.MarketPlanner@13deb50e]" name="tearDown" is-config="true" duration-ms="0" started-at="2022-10-06T16:08:54Z" finished-at="2022-10-06T16:08:54Z">
          <reporter-output>
          </reporter-output>
        </test-method> <!-- tearDown -->
      </class> <!-- atlantamarket_UAT.MarketPlanner -->
    </test> <!-- RegressionTest -->
  </suite> <!-- ATLMrkt_RegressionTestSuite -->
</testng-results>
