<?xml version="1.0" encoding="UTF-8"?>
<testng-results skipped="0" failed="0" total="3" passed="3">
  <reporter-output>
  </reporter-output>
  <suite name="LVM_RegressionTestSuite" duration-ms="97492" started-at="2023-02-16T04:10:04Z" finished-at="2023-02-16T04:11:41Z">
    <groups>
    </groups>
    <test name="RegressionTest" duration-ms="97492" started-at="2023-02-16T04:10:04Z" finished-at="2023-02-16T04:11:41Z">
      <class name="lasvegasmarket_UAT.GlobalSearch_SuggestionList">
        <test-method status="PASS" signature="initialize()[pri:0, instance:lasvegasmarket_UAT.GlobalSearch_SuggestionList@6eebc39e]" name="initialize" is-config="true" duration-ms="41452" started-at="2023-02-16T09:40:04Z" finished-at="2023-02-16T09:40:45Z">
          <reporter-output>
          </reporter-output>
        </test-method> <!-- initialize -->
        <test-method status="PASS" signature="TS001_VerifySelectionOfExhibitorFromAutoSuggestionListTest()[pri:0, instance:lasvegasmarket_UAT.GlobalSearch_SuggestionList@6eebc39e]" name="TS001_VerifySelectionOfExhibitorFromAutoSuggestionListTest" duration-ms="17799" started-at="2023-02-16T09:40:45Z" finished-at="2023-02-16T09:41:03Z">
          <reporter-output>
          </reporter-output>
        </test-method> <!-- TS001_VerifySelectionOfExhibitorFromAutoSuggestionListTest -->
        <test-method status="PASS" signature="TS002_VerifySelectionOfLineFromAutoSuggestionListTest()[pri:0, instance:lasvegasmarket_UAT.GlobalSearch_SuggestionList@6eebc39e]" name="TS002_VerifySelectionOfLineFromAutoSuggestionListTest" duration-ms="16212" started-at="2023-02-16T09:41:03Z" finished-at="2023-02-16T09:41:19Z">
          <reporter-output>
          </reporter-output>
        </test-method> <!-- TS002_VerifySelectionOfLineFromAutoSuggestionListTest -->
        <test-method status="PASS" signature="TS003_VerifySelectionOfProductFromAutoSuggestionListTest()[pri:0, instance:lasvegasmarket_UAT.GlobalSearch_SuggestionList@6eebc39e]" name="TS003_VerifySelectionOfProductFromAutoSuggestionListTest" duration-ms="21131" started-at="2023-02-16T09:41:19Z" finished-at="2023-02-16T09:41:40Z">
          <reporter-output>
          </reporter-output>
        </test-method> <!-- TS003_VerifySelectionOfProductFromAutoSuggestionListTest -->
        <test-method status="PASS" signature="tearDown()[pri:0, instance:lasvegasmarket_UAT.GlobalSearch_SuggestionList@6eebc39e]" name="tearDown" is-config="true" duration-ms="888" started-at="2023-02-16T09:41:40Z" finished-at="2023-02-16T09:41:41Z">
          <reporter-output>
          </reporter-output>
        </test-method> <!-- tearDown -->
      </class> <!-- lasvegasmarket_UAT.GlobalSearch_SuggestionList -->
    </test> <!-- RegressionTest -->
  </suite> <!-- LVM_RegressionTestSuite -->
</testng-results>
