<?xml version="1.0" encoding="UTF-8"?>
<testng-results ignored="19" total="20" passed="1" failed="0" skipped="0">
  <reporter-output>
  </reporter-output>
  <suite started-at="2025-07-04T17:03:20 IST" name="Default suite" finished-at="2025-07-04T17:04:04 IST" duration-ms="44503">
    <groups>
    </groups>
    <test started-at="2025-07-04T17:03:20 IST" name="Default test" finished-at="2025-07-04T17:04:04 IST" duration-ms="44503">
      <class name="lasvegasmarket_PROD.EvenntsAndWebinar">
        <test-method is-config="true" signature="initialize()[pri:0, instance:lasvegasmarket_PROD.EvenntsAndWebinar@229c6181]" started-at="2025-07-04T17:03:20 IST" name="initialize" finished-at="2025-07-04T17:03:49 IST" duration-ms="28848" status="PASS">
          <reporter-output>
          </reporter-output>
        </test-method> <!-- initialize -->
        <test-method signature="TS001_VerifyEventsAndWebinarsOverviewTest()[pri:1, instance:lasvegasmarket_PROD.EvenntsAndWebinar@229c6181]" started-at="2025-07-04T17:03:49 IST" name="TS001_VerifyEventsAndWebinarsOverviewTest" finished-at="2025-07-04T17:04:04 IST" duration-ms="15564" status="PASS">
          <reporter-output>
          </reporter-output>
        </test-method> <!-- TS001_VerifyEventsAndWebinarsOverviewTest -->
        <test-method is-config="true" signature="tearDown()[pri:0, instance:lasvegasmarket_PROD.EvenntsAndWebinar@229c6181]" started-at="2025-07-04T17:04:04 IST" name="tearDown" finished-at="2025-07-04T17:04:04 IST" duration-ms="1" status="PASS">
          <reporter-output>
          </reporter-output>
        </test-method> <!-- tearDown -->
      </class> <!-- lasvegasmarket_PROD.EvenntsAndWebinar -->
    </test> <!-- Default test -->
  </suite> <!-- Default suite -->
</testng-results>
