<?xml version="1.0" encoding="UTF-8"?>
<testng-results skipped="0" failed="0" total="1" passed="1">
  <reporter-output>
  </reporter-output>
  <suite name="ATLMrkt_RegressionTestSuite" duration-ms="87790" started-at="2022-09-06T04:44:14Z" finished-at="2022-09-06T04:45:42Z">
    <groups>
    </groups>
    <test name="RegressionTest" duration-ms="87790" started-at="2022-09-06T04:44:14Z" finished-at="2022-09-06T04:45:42Z">
      <class name="atlantamarket_UAT.MarketPlanner">
        <test-method status="PASS" signature="initialize()[pri:0, instance:atlantamarket_UAT.MarketPlanner@754ba872]" name="initialize" is-config="true" duration-ms="61066" started-at="2022-09-06T10:14:14Z" finished-at="2022-09-06T10:15:15Z">
          <reporter-output>
          </reporter-output>
        </test-method> <!-- initialize -->
        <test-method status="PASS" signature="TS044_VerifyMarketPlanneMyInfoEditProfile()[pri:0, instance:atlantamarket_UAT.MarketPlanner@754ba872]" name="TS044_VerifyMarketPlanneMyInfoEditProfile" duration-ms="26695" started-at="2022-09-06T10:15:15Z" finished-at="2022-09-06T10:15:42Z">
          <reporter-output>
          </reporter-output>
        </test-method> <!-- TS044_VerifyMarketPlanneMyInfoEditProfile -->
        <test-method status="PASS" signature="tearDown()[pri:0, instance:atlantamarket_UAT.MarketPlanner@754ba872]" name="tearDown" is-config="true" duration-ms="0" started-at="2022-09-06T10:15:42Z" finished-at="2022-09-06T10:15:42Z">
          <reporter-output>
          </reporter-output>
        </test-method> <!-- tearDown -->
      </class> <!-- atlantamarket_UAT.MarketPlanner -->
    </test> <!-- RegressionTest -->
  </suite> <!-- ATLMrkt_RegressionTestSuite -->
</testng-results>
