<?xml version="1.0" encoding="UTF-8"?>
<testng-results skipped="0" failed="8" total="31" passed="23">
  <reporter-output>
  </reporter-output>
  <suite name="ATLMrkt_RegressionTestSuite" duration-ms="1888053" started-at="2022-08-30T18:27:48Z" finished-at="2022-08-30T18:59:16Z">
    <groups>
    </groups>
    <test name="RegressionTest" duration-ms="1888053" started-at="2022-08-30T18:27:48Z" finished-at="2022-08-30T18:59:16Z">
      <class name="atlantamarket_UAT.MarketPlanner">
        <test-method status="PASS" signature="initialize()[pri:0, instance:atlantamarket_UAT.MarketPlanner@204f30ec]" name="initialize" is-config="true" duration-ms="59985" started-at="2022-08-30T23:57:48Z" finished-at="2022-08-30T23:58:48Z">
          <reporter-output>
          </reporter-output>
        </test-method> <!-- initialize -->
        <test-method status="PASS" signature="TS003_VerifyMarketPlannerInvalidLoginCredentialsTest()[pri:0, instance:atlantamarket_UAT.MarketPlanner@204f30ec]" name="TS003_VerifyMarketPlannerInvalidLoginCredentialsTest" duration-ms="48081" started-at="2022-08-30T23:58:48Z" finished-at="2022-08-30T23:59:36Z">
          <reporter-output>
          </reporter-output>
        </test-method> <!-- TS003_VerifyMarketPlannerInvalidLoginCredentialsTest -->
        <test-method status="PASS" signature="TS001_VerifyMarketPlannerLoginTest()[pri:0, instance:atlantamarket_UAT.MarketPlanner@204f30ec]" name="TS001_VerifyMarketPlannerLoginTest" duration-ms="35308" started-at="2022-08-30T23:59:36Z" finished-at="2022-08-31T00:00:12Z">
          <reporter-output>
          </reporter-output>
        </test-method> <!-- TS001_VerifyMarketPlannerLoginTest -->
        <test-method status="PASS" signature="TS002_VerifyMarketPlannerChannelSelectorTest()[pri:0, instance:atlantamarket_UAT.MarketPlanner@204f30ec]" name="TS002_VerifyMarketPlannerChannelSelectorTest" duration-ms="268984" started-at="2022-08-31T00:00:12Z" finished-at="2022-08-31T00:04:41Z">
          <reporter-output>
          </reporter-output>
        </test-method> <!-- TS002_VerifyMarketPlannerChannelSelectorTest -->
        <test-method status="PASS" signature="TS004_VerifyAddToFavoriteFunctionalityUsingQuickAddForExhibitorTest()[pri:0, instance:atlantamarket_UAT.MarketPlanner@204f30ec]" name="TS004_VerifyAddToFavoriteFunctionalityUsingQuickAddForExhibitorTest" duration-ms="40898" started-at="2022-08-31T00:04:41Z" finished-at="2022-08-31T00:05:22Z">
          <reporter-output>
          </reporter-output>
        </test-method> <!-- TS004_VerifyAddToFavoriteFunctionalityUsingQuickAddForExhibitorTest -->
        <test-method status="PASS" signature="TS006_VerifyArrangeBtnFunctionalityForListsTest()[pri:0, instance:atlantamarket_UAT.MarketPlanner@204f30ec]" name="TS006_VerifyArrangeBtnFunctionalityForListsTest" duration-ms="29890" started-at="2022-08-31T00:05:22Z" finished-at="2022-08-31T00:05:51Z">
          <reporter-output>
          </reporter-output>
        </test-method> <!-- TS006_VerifyArrangeBtnFunctionalityForListsTest -->
        <test-method status="FAIL" signature="TS007_VerifyNewGroupBtnFunctionalityForListsTest()[pri:0, instance:atlantamarket_UAT.MarketPlanner@204f30ec]" name="TS007_VerifyNewGroupBtnFunctionalityForListsTest" duration-ms="14059" started-at="2022-08-31T00:05:51Z" finished-at="2022-08-31T00:06:06Z">
          <exception class="java.lang.AssertionError">
            <message>
              <![CDATA[expected [true] but found [false]]]>
            </message>
            <full-stacktrace>
              <![CDATA[java.lang.AssertionError: expected [true] but found [false]
	at org.testng.Assert.fail(Assert.java:94)
	at org.testng.Assert.failNotEquals(Assert.java:494)
	at org.testng.Assert.assertTrue(Assert.java:42)
	at org.testng.Assert.assertTrue(Assert.java:52)
	at resources.Utility.checkItemPresentInListorNot(Utility.java:142)
	at atlantamarket_UAT.MarketPlanner.TS007_VerifyNewGroupBtnFunctionalityForListsTest(MarketPlanner.java:359)
	at sun.reflect.NativeMethodAccessorImpl.invoke0(Native Method)
	at sun.reflect.NativeMethodAccessorImpl.invoke(NativeMethodAccessorImpl.java:62)
	at sun.reflect.DelegatingMethodAccessorImpl.invoke(DelegatingMethodAccessorImpl.java:43)
	at java.lang.reflect.Method.invoke(Method.java:498)
	at org.testng.internal.MethodInvocationHelper.invokeMethod(MethodInvocationHelper.java:80)
	at org.testng.internal.Invoker.invokeMethod(Invoker.java:714)
	at org.testng.internal.Invoker.invokeTestMethod(Invoker.java:901)
	at org.testng.internal.Invoker.invokeTestMethods(Invoker.java:1231)
	at org.testng.internal.TestMethodWorker.invokeTestMethods(TestMethodWorker.java:127)
	at org.testng.internal.TestMethodWorker.run(TestMethodWorker.java:111)
	at org.testng.TestRunner.privateRun(TestRunner.java:767)
	at org.testng.TestRunner.run(TestRunner.java:617)
	at org.testng.SuiteRunner.runTest(SuiteRunner.java:334)
	at org.testng.SuiteRunner.runSequentially(SuiteRunner.java:329)
	at org.testng.SuiteRunner.privateRun(SuiteRunner.java:291)
	at org.testng.SuiteRunner.run(SuiteRunner.java:240)
	at org.testng.SuiteRunnerWorker.runSuite(SuiteRunnerWorker.java:52)
	at org.testng.SuiteRunnerWorker.run(SuiteRunnerWorker.java:86)
	at org.testng.TestNG.runSuitesSequentially(TestNG.java:1198)
	at org.testng.TestNG.runSuitesLocally(TestNG.java:1123)
	at org.testng.TestNG.run(TestNG.java:1031)
	at org.testng.remote.AbstractRemoteTestNG.run(AbstractRemoteTestNG.java:114)
	at org.testng.remote.RemoteTestNG.initAndRun(RemoteTestNG.java:251)
	at org.testng.remote.RemoteTestNG.main(RemoteTestNG.java:77)
]]>
            </full-stacktrace>
          </exception> <!-- java.lang.AssertionError -->
          <reporter-output>
          </reporter-output>
        </test-method> <!-- TS007_VerifyNewGroupBtnFunctionalityForListsTest -->
        <test-method status="PASS" signature="TS008_VerifyNewListBtnFunctionalityForListsTest1()[pri:0, instance:atlantamarket_UAT.MarketPlanner@204f30ec]" name="TS008_VerifyNewListBtnFunctionalityForListsTest1" duration-ms="28183" started-at="2022-08-31T00:06:06Z" finished-at="2022-08-31T00:06:34Z">
          <reporter-output>
          </reporter-output>
        </test-method> <!-- TS008_VerifyNewListBtnFunctionalityForListsTest1 -->
        <test-method status="PASS" signature="TS009_VerifyCreateNewGroupFormValidationForListsTest()[pri:0, instance:atlantamarket_UAT.MarketPlanner@204f30ec]" name="TS009_VerifyCreateNewGroupFormValidationForListsTest" duration-ms="8633" started-at="2022-08-31T00:06:34Z" finished-at="2022-08-31T00:06:43Z">
          <reporter-output>
          </reporter-output>
        </test-method> <!-- TS009_VerifyCreateNewGroupFormValidationForListsTest -->
        <test-method status="PASS" signature="TS010_VerifyCreateNewListFormValidationTest()[pri:0, instance:atlantamarket_UAT.MarketPlanner@204f30ec]" name="TS010_VerifyCreateNewListFormValidationTest" duration-ms="23968" started-at="2022-08-31T00:06:43Z" finished-at="2022-08-31T00:07:07Z">
          <reporter-output>
          </reporter-output>
        </test-method> <!-- TS010_VerifyCreateNewListFormValidationTest -->
        <test-method status="PASS" signature="TS011_VerifyMPDashboardOverviewTest()[pri:0, instance:atlantamarket_UAT.MarketPlanner@204f30ec]" name="TS011_VerifyMPDashboardOverviewTest" duration-ms="6190" started-at="2022-08-31T00:07:07Z" finished-at="2022-08-31T00:07:13Z">
          <reporter-output>
          </reporter-output>
        </test-method> <!-- TS011_VerifyMPDashboardOverviewTest -->
        <test-method status="PASS" signature="TS012_VerifyMPRegistrationCardOverviewTest()[pri:0, instance:atlantamarket_UAT.MarketPlanner@204f30ec]" name="TS012_VerifyMPRegistrationCardOverviewTest" duration-ms="5204" started-at="2022-08-31T00:07:13Z" finished-at="2022-08-31T00:07:18Z">
          <reporter-output>
          </reporter-output>
        </test-method> <!-- TS012_VerifyMPRegistrationCardOverviewTest -->
        <test-method status="FAIL" signature="TS013_VerifyAddToFavoriteFunctionalityForProductTest()[pri:0, instance:atlantamarket_UAT.MarketPlanner@204f30ec]" name="TS013_VerifyAddToFavoriteFunctionalityForProductTest" duration-ms="64841" started-at="2022-08-31T00:07:18Z" finished-at="2022-08-31T00:08:23Z">
          <exception class="java.lang.AssertionError">
            <message>
              <![CDATA[expected [true] but found [false]]]>
            </message>
            <full-stacktrace>
              <![CDATA[java.lang.AssertionError: expected [true] but found [false]
	at org.testng.Assert.fail(Assert.java:94)
	at org.testng.Assert.failNotEquals(Assert.java:494)
	at org.testng.Assert.assertTrue(Assert.java:42)
	at org.testng.Assert.assertTrue(Assert.java:52)
	at atlantamarket_UAT.MarketPlanner.TS013_VerifyAddToFavoriteFunctionalityForProductTest(MarketPlanner.java:637)
	at sun.reflect.NativeMethodAccessorImpl.invoke0(Native Method)
	at sun.reflect.NativeMethodAccessorImpl.invoke(NativeMethodAccessorImpl.java:62)
	at sun.reflect.DelegatingMethodAccessorImpl.invoke(DelegatingMethodAccessorImpl.java:43)
	at java.lang.reflect.Method.invoke(Method.java:498)
	at org.testng.internal.MethodInvocationHelper.invokeMethod(MethodInvocationHelper.java:80)
	at org.testng.internal.Invoker.invokeMethod(Invoker.java:714)
	at org.testng.internal.Invoker.invokeTestMethod(Invoker.java:901)
	at org.testng.internal.Invoker.invokeTestMethods(Invoker.java:1231)
	at org.testng.internal.TestMethodWorker.invokeTestMethods(TestMethodWorker.java:127)
	at org.testng.internal.TestMethodWorker.run(TestMethodWorker.java:111)
	at org.testng.TestRunner.privateRun(TestRunner.java:767)
	at org.testng.TestRunner.run(TestRunner.java:617)
	at org.testng.SuiteRunner.runTest(SuiteRunner.java:334)
	at org.testng.SuiteRunner.runSequentially(SuiteRunner.java:329)
	at org.testng.SuiteRunner.privateRun(SuiteRunner.java:291)
	at org.testng.SuiteRunner.run(SuiteRunner.java:240)
	at org.testng.SuiteRunnerWorker.runSuite(SuiteRunnerWorker.java:52)
	at org.testng.SuiteRunnerWorker.run(SuiteRunnerWorker.java:86)
	at org.testng.TestNG.runSuitesSequentially(TestNG.java:1198)
	at org.testng.TestNG.runSuitesLocally(TestNG.java:1123)
	at org.testng.TestNG.run(TestNG.java:1031)
	at org.testng.remote.AbstractRemoteTestNG.run(AbstractRemoteTestNG.java:114)
	at org.testng.remote.RemoteTestNG.initAndRun(RemoteTestNG.java:251)
	at org.testng.remote.RemoteTestNG.main(RemoteTestNG.java:77)
]]>
            </full-stacktrace>
          </exception> <!-- java.lang.AssertionError -->
          <reporter-output>
          </reporter-output>
        </test-method> <!-- TS013_VerifyAddToFavoriteFunctionalityForProductTest -->
        <test-method status="FAIL" signature="TS014_VerifyAddExhibitorToFavInFavListsTest()[pri:0, instance:atlantamarket_UAT.MarketPlanner@204f30ec]" name="TS014_VerifyAddExhibitorToFavInFavListsTest" duration-ms="29899" started-at="2022-08-31T00:08:23Z" finished-at="2022-08-31T00:08:53Z">
          <exception class="java.lang.AssertionError">
            <message>
              <![CDATA[expected [true] but found [false]]]>
            </message>
            <full-stacktrace>
              <![CDATA[java.lang.AssertionError: expected [true] but found [false]
	at org.testng.Assert.fail(Assert.java:94)
	at org.testng.Assert.failNotEquals(Assert.java:494)
	at org.testng.Assert.assertTrue(Assert.java:42)
	at org.testng.Assert.assertTrue(Assert.java:52)
	at atlantamarket_UAT.MarketPlanner.TS014_VerifyAddExhibitorToFavInFavListsTest(MarketPlanner.java:695)
	at sun.reflect.NativeMethodAccessorImpl.invoke0(Native Method)
	at sun.reflect.NativeMethodAccessorImpl.invoke(NativeMethodAccessorImpl.java:62)
	at sun.reflect.DelegatingMethodAccessorImpl.invoke(DelegatingMethodAccessorImpl.java:43)
	at java.lang.reflect.Method.invoke(Method.java:498)
	at org.testng.internal.MethodInvocationHelper.invokeMethod(MethodInvocationHelper.java:80)
	at org.testng.internal.Invoker.invokeMethod(Invoker.java:714)
	at org.testng.internal.Invoker.invokeTestMethod(Invoker.java:901)
	at org.testng.internal.Invoker.invokeTestMethods(Invoker.java:1231)
	at org.testng.internal.TestMethodWorker.invokeTestMethods(TestMethodWorker.java:127)
	at org.testng.internal.TestMethodWorker.run(TestMethodWorker.java:111)
	at org.testng.TestRunner.privateRun(TestRunner.java:767)
	at org.testng.TestRunner.run(TestRunner.java:617)
	at org.testng.SuiteRunner.runTest(SuiteRunner.java:334)
	at org.testng.SuiteRunner.runSequentially(SuiteRunner.java:329)
	at org.testng.SuiteRunner.privateRun(SuiteRunner.java:291)
	at org.testng.SuiteRunner.run(SuiteRunner.java:240)
	at org.testng.SuiteRunnerWorker.runSuite(SuiteRunnerWorker.java:52)
	at org.testng.SuiteRunnerWorker.run(SuiteRunnerWorker.java:86)
	at org.testng.TestNG.runSuitesSequentially(TestNG.java:1198)
	at org.testng.TestNG.runSuitesLocally(TestNG.java:1123)
	at org.testng.TestNG.run(TestNG.java:1031)
	at org.testng.remote.AbstractRemoteTestNG.run(AbstractRemoteTestNG.java:114)
	at org.testng.remote.RemoteTestNG.initAndRun(RemoteTestNG.java:251)
	at org.testng.remote.RemoteTestNG.main(RemoteTestNG.java:77)
]]>
            </full-stacktrace>
          </exception> <!-- java.lang.AssertionError -->
          <reporter-output>
          </reporter-output>
        </test-method> <!-- TS014_VerifyAddExhibitorToFavInFavListsTest -->
        <test-method status="PASS" signature="TS015_VerifyManageListOptionsOverviewTest()[pri:0, instance:atlantamarket_UAT.MarketPlanner@204f30ec]" name="TS015_VerifyManageListOptionsOverviewTest" duration-ms="13247" started-at="2022-08-31T00:08:53Z" finished-at="2022-08-31T00:09:06Z">
          <reporter-output>
          </reporter-output>
        </test-method> <!-- TS015_VerifyManageListOptionsOverviewTest -->
        <test-method status="FAIL" signature="TS016_VerifyEditListFunctionalityForManageListTest()[pri:0, instance:atlantamarket_UAT.MarketPlanner@204f30ec]" name="TS016_VerifyEditListFunctionalityForManageListTest" duration-ms="276745" started-at="2022-08-31T00:09:06Z" finished-at="2022-08-31T00:13:43Z">
          <exception class="org.openqa.selenium.TimeoutException">
            <message>
              <![CDATA[Expected condition failed: waiting for visibility of element located by By.xpath: //a[@class='imc-link--alt-darkred'] (tried for 20 second(s) with 500 MILLISECONDS interval)]]>
            </message>
            <full-stacktrace>
              <![CDATA[org.openqa.selenium.TimeoutException: Expected condition failed: waiting for visibility of element located by By.xpath: //a[@class='imc-link--alt-darkred'] (tried for 20 second(s) with 500 MILLISECONDS interval)
	at org.openqa.selenium.support.ui.WebDriverWait.timeoutException(WebDriverWait.java:80)
	at org.openqa.selenium.support.ui.FluentWait.until(FluentWait.java:232)
	at pageObjects.AtlantaMarket.ATLMarketPlannerPage.getlistOfAllExh(ATLMarketPlannerPage.java:689)
	at atlantamarket_UAT.MarketPlanner.TS016_VerifyEditListFunctionalityForManageListTest(MarketPlanner.java:880)
	at sun.reflect.NativeMethodAccessorImpl.invoke0(Native Method)
	at sun.reflect.NativeMethodAccessorImpl.invoke(NativeMethodAccessorImpl.java:62)
	at sun.reflect.DelegatingMethodAccessorImpl.invoke(DelegatingMethodAccessorImpl.java:43)
	at java.lang.reflect.Method.invoke(Method.java:498)
	at org.testng.internal.MethodInvocationHelper.invokeMethod(MethodInvocationHelper.java:80)
	at org.testng.internal.Invoker.invokeMethod(Invoker.java:714)
	at org.testng.internal.Invoker.invokeTestMethod(Invoker.java:901)
	at org.testng.internal.Invoker.invokeTestMethods(Invoker.java:1231)
	at org.testng.internal.TestMethodWorker.invokeTestMethods(TestMethodWorker.java:127)
	at org.testng.internal.TestMethodWorker.run(TestMethodWorker.java:111)
	at org.testng.TestRunner.privateRun(TestRunner.java:767)
	at org.testng.TestRunner.run(TestRunner.java:617)
	at org.testng.SuiteRunner.runTest(SuiteRunner.java:334)
	at org.testng.SuiteRunner.runSequentially(SuiteRunner.java:329)
	at org.testng.SuiteRunner.privateRun(SuiteRunner.java:291)
	at org.testng.SuiteRunner.run(SuiteRunner.java:240)
	at org.testng.SuiteRunnerWorker.runSuite(SuiteRunnerWorker.java:52)
	at org.testng.SuiteRunnerWorker.run(SuiteRunnerWorker.java:86)
	at org.testng.TestNG.runSuitesSequentially(TestNG.java:1198)
	at org.testng.TestNG.runSuitesLocally(TestNG.java:1123)
	at org.testng.TestNG.run(TestNG.java:1031)
	at org.testng.remote.AbstractRemoteTestNG.run(AbstractRemoteTestNG.java:114)
	at org.testng.remote.RemoteTestNG.initAndRun(RemoteTestNG.java:251)
	at org.testng.remote.RemoteTestNG.main(RemoteTestNG.java:77)
Caused by: org.openqa.selenium.NoSuchElementException: Cannot locate an element using By.xpath: //a[@class='imc-link--alt-darkred']
For documentation on this error, please visit: http://seleniumhq.org/exceptions/no_such_element.html
Build info: version: '3.4.0', revision: 'unknown', time: 'unknown'
System info: host: 'SWAPNILI', ip: '172.27.182.57', os.name: 'Windows 8.1', os.arch: 'amd64', os.version: '6.3', java.version: '1.8.0_161'
Driver info: driver.version: unknown
	at org.openqa.selenium.support.ui.ExpectedConditions.lambda$findElement$0(ExpectedConditions.java:883)
	at java.util.Optional.orElseThrow(Optional.java:290)
	at org.openqa.selenium.support.ui.ExpectedConditions.findElement(ExpectedConditions.java:882)
	at org.openqa.selenium.support.ui.ExpectedConditions.access$000(ExpectedConditions.java:44)
	at org.openqa.selenium.support.ui.ExpectedConditions$7.apply(ExpectedConditions.java:206)
	at org.openqa.selenium.support.ui.ExpectedConditions$7.apply(ExpectedConditions.java:202)
	at org.openqa.selenium.support.ui.FluentWait.until(FluentWait.java:209)
	... 26 more
]]>
            </full-stacktrace>
          </exception> <!-- org.openqa.selenium.TimeoutException -->
          <reporter-output>
          </reporter-output>
        </test-method> <!-- TS016_VerifyEditListFunctionalityForManageListTest -->
        <test-method status="PASS" signature="TS018_VerifyRenameFunctionalityForListTest()[pri:0, instance:atlantamarket_UAT.MarketPlanner@204f30ec]" name="TS018_VerifyRenameFunctionalityForListTest" duration-ms="70480" started-at="2022-08-31T00:13:43Z" finished-at="2022-08-31T00:14:54Z">
          <reporter-output>
          </reporter-output>
        </test-method> <!-- TS018_VerifyRenameFunctionalityForListTest -->
        <test-method status="PASS" signature="TS019_VerifyAddToFavoriteFunctionalityForLineTest()[pri:0, instance:atlantamarket_UAT.MarketPlanner@204f30ec]" name="TS019_VerifyAddToFavoriteFunctionalityForLineTest" duration-ms="30728" started-at="2022-08-31T00:14:54Z" finished-at="2022-08-31T00:15:25Z">
          <reporter-output>
          </reporter-output>
        </test-method> <!-- TS019_VerifyAddToFavoriteFunctionalityForLineTest -->
        <test-method status="PASS" signature="TS021_VerifyAddToFavoriteFunctionalityForExhibitorTest()[pri:0, instance:atlantamarket_UAT.MarketPlanner@204f30ec]" name="TS021_VerifyAddToFavoriteFunctionalityForExhibitorTest" duration-ms="29270" started-at="2022-08-31T00:15:25Z" finished-at="2022-08-31T00:15:54Z">
          <reporter-output>
          </reporter-output>
        </test-method> <!-- TS021_VerifyAddToFavoriteFunctionalityForExhibitorTest -->
        <test-method status="FAIL" signature="TS022_VerifyMPListsCardOverviewTest()[pri:0, instance:atlantamarket_UAT.MarketPlanner@204f30ec]" name="TS022_VerifyMPListsCardOverviewTest" duration-ms="25780" started-at="2022-08-31T00:15:54Z" finished-at="2022-08-31T00:16:20Z">
          <exception class="org.openqa.selenium.WebDriverException">
            <message>
              <![CDATA[element click intercepted: Element <a target="" class="imc-button imc-button--rectangle-small imc-button--only-text" href="/Market-Planner">...</a> is not clickable at point (380, 210). Other element would receive the click: <input id="textfield-2" name="listName" type="text" placeholder="" required="" class="" data-xpath="form.textfield" value="GGdnJGnslh">
  (Session info: chrome=104.0.5112.102)
Build info: version: '3.4.0', revision: 'unknown', time: 'unknown'
System info: host: 'SWAPNILI', ip: '172.27.182.57', os.name: 'Windows 8.1', os.arch: 'amd64', os.version: '6.3', java.version: '1.8.0_161'
Driver info: org.openqa.selenium.chrome.ChromeDriver
Capabilities [{networkConnectionEnabled=false, chrome={chromedriverVersion=104.0.5112.79 (3cf3e8c8a07d104b9e1260c910efb8f383285dc5-refs/branch-heads/5112@{#1307}), userDataDir=C:\Users\swapnili\AppData\Local\Temp\scoped_dir16400_1205882369}, timeouts={implicit=0.0, pageLoad=300000.0, script=30000.0}, pageLoadStrategy=normal, unhandledPromptBehavior=dismiss and notify, strictFileInteractability=false, platform=ANY, proxy=Proxy(), goog:chromeOptions={debuggerAddress=localhost:51578}, webauthn:extension:credBlob=true, acceptInsecureCerts=false, browserVersion=104.0.5112.102, browserName=chrome, javascriptEnabled=true, platformName=windows, setWindowRect=true, webauthn:extension:largeBlob=true, webauthn:virtualAuthenticators=true}]
Session ID: bc5fb06d231bbedf2b4c6cf0695e5677]]>
            </message>
            <full-stacktrace>
              <![CDATA[org.openqa.selenium.WebDriverException: element click intercepted: Element <a target="" class="imc-button imc-button--rectangle-small imc-button--only-text" href="/Market-Planner">...</a> is not clickable at point (380, 210). Other element would receive the click: <input id="textfield-2" name="listName" type="text" placeholder="" required="" class="" data-xpath="form.textfield" value="GGdnJGnslh">
  (Session info: chrome=104.0.5112.102)
Build info: version: '3.4.0', revision: 'unknown', time: 'unknown'
System info: host: 'SWAPNILI', ip: '172.27.182.57', os.name: 'Windows 8.1', os.arch: 'amd64', os.version: '6.3', java.version: '1.8.0_161'
Driver info: org.openqa.selenium.chrome.ChromeDriver
Capabilities [{networkConnectionEnabled=false, chrome={chromedriverVersion=104.0.5112.79 (3cf3e8c8a07d104b9e1260c910efb8f383285dc5-refs/branch-heads/5112@{#1307}), userDataDir=C:\Users\swapnili\AppData\Local\Temp\scoped_dir16400_1205882369}, timeouts={implicit=0.0, pageLoad=300000.0, script=30000.0}, pageLoadStrategy=normal, unhandledPromptBehavior=dismiss and notify, strictFileInteractability=false, platform=ANY, proxy=Proxy(), goog:chromeOptions={debuggerAddress=localhost:51578}, webauthn:extension:credBlob=true, acceptInsecureCerts=false, browserVersion=104.0.5112.102, browserName=chrome, javascriptEnabled=true, platformName=windows, setWindowRect=true, webauthn:extension:largeBlob=true, webauthn:virtualAuthenticators=true}]
Session ID: bc5fb06d231bbedf2b4c6cf0695e5677
	at sun.reflect.NativeConstructorAccessorImpl.newInstance0(Native Method)
	at sun.reflect.NativeConstructorAccessorImpl.newInstance(NativeConstructorAccessorImpl.java:62)
	at sun.reflect.DelegatingConstructorAccessorImpl.newInstance(DelegatingConstructorAccessorImpl.java:45)
	at java.lang.reflect.Constructor.newInstance(Constructor.java:423)
	at org.openqa.selenium.remote.http.W3CHttpResponseCodec.createException(W3CHttpResponseCodec.java:150)
	at org.openqa.selenium.remote.http.W3CHttpResponseCodec.decode(W3CHttpResponseCodec.java:115)
	at org.openqa.selenium.remote.http.W3CHttpResponseCodec.decode(W3CHttpResponseCodec.java:45)
	at org.openqa.selenium.remote.HttpCommandExecutor.execute(HttpCommandExecutor.java:164)
	at org.openqa.selenium.remote.service.DriverCommandExecutor.execute(DriverCommandExecutor.java:82)
	at org.openqa.selenium.remote.RemoteWebDriver.execute(RemoteWebDriver.java:637)
	at org.openqa.selenium.remote.RemoteWebElement.execute(RemoteWebElement.java:272)
	at org.openqa.selenium.remote.RemoteWebElement.click(RemoteWebElement.java:82)
	at atlantamarket_UAT.MarketPlanner.TS022_VerifyMPListsCardOverviewTest(MarketPlanner.java:1223)
	at sun.reflect.NativeMethodAccessorImpl.invoke0(Native Method)
	at sun.reflect.NativeMethodAccessorImpl.invoke(NativeMethodAccessorImpl.java:62)
	at sun.reflect.DelegatingMethodAccessorImpl.invoke(DelegatingMethodAccessorImpl.java:43)
	at java.lang.reflect.Method.invoke(Method.java:498)
	at org.testng.internal.MethodInvocationHelper.invokeMethod(MethodInvocationHelper.java:80)
	at org.testng.internal.Invoker.invokeMethod(Invoker.java:714)
	at org.testng.internal.Invoker.invokeTestMethod(Invoker.java:901)
	at org.testng.internal.Invoker.invokeTestMethods(Invoker.java:1231)
	at org.testng.internal.TestMethodWorker.invokeTestMethods(TestMethodWorker.java:127)
	at org.testng.internal.TestMethodWorker.run(TestMethodWorker.java:111)
	at org.testng.TestRunner.privateRun(TestRunner.java:767)
	at org.testng.TestRunner.run(TestRunner.java:617)
	at org.testng.SuiteRunner.runTest(SuiteRunner.java:334)
	at org.testng.SuiteRunner.runSequentially(SuiteRunner.java:329)
	at org.testng.SuiteRunner.privateRun(SuiteRunner.java:291)
	at org.testng.SuiteRunner.run(SuiteRunner.java:240)
	at org.testng.SuiteRunnerWorker.runSuite(SuiteRunnerWorker.java:52)
	at org.testng.SuiteRunnerWorker.run(SuiteRunnerWorker.java:86)
	at org.testng.TestNG.runSuitesSequentially(TestNG.java:1198)
	at org.testng.TestNG.runSuitesLocally(TestNG.java:1123)
	at org.testng.TestNG.run(TestNG.java:1031)
	at org.testng.remote.AbstractRemoteTestNG.run(AbstractRemoteTestNG.java:114)
	at org.testng.remote.RemoteTestNG.initAndRun(RemoteTestNG.java:251)
	at org.testng.remote.RemoteTestNG.main(RemoteTestNG.java:77)
]]>
            </full-stacktrace>
          </exception> <!-- org.openqa.selenium.WebDriverException -->
          <reporter-output>
          </reporter-output>
        </test-method> <!-- TS022_VerifyMPListsCardOverviewTest -->
        <test-method status="PASS" signature="TS023_VerifyMPActivitiesCardOverviewTest()[pri:0, instance:atlantamarket_UAT.MarketPlanner@204f30ec]" name="TS023_VerifyMPActivitiesCardOverviewTest" duration-ms="29878" started-at="2022-08-31T00:16:20Z" finished-at="2022-08-31T00:16:50Z">
          <reporter-output>
          </reporter-output>
        </test-method> <!-- TS023_VerifyMPActivitiesCardOverviewTest -->
        <test-method status="PASS" signature="TS024_VerifyFilterByOptionsOverviewForListTest()[pri:0, instance:atlantamarket_UAT.MarketPlanner@204f30ec]" name="TS024_VerifyFilterByOptionsOverviewForListTest" duration-ms="31624" started-at="2022-08-31T00:16:50Z" finished-at="2022-08-31T00:17:21Z">
          <reporter-output>
          </reporter-output>
        </test-method> <!-- TS024_VerifyFilterByOptionsOverviewForListTest -->
        <test-method status="FAIL" signature="TS025_VerifyVerifyFilterByOptionsFunctionalityForListTest()[pri:0, instance:atlantamarket_UAT.MarketPlanner@204f30ec]" name="TS025_VerifyVerifyFilterByOptionsFunctionalityForListTest" duration-ms="212582" started-at="2022-08-31T00:17:21Z" finished-at="2022-08-31T00:20:54Z">
          <exception class="org.openqa.selenium.TimeoutException">
            <message>
              <![CDATA[Expected condition failed: waiting for visibility of element located by By.xpath: //div[@class='react-select__menu-list css-11unzgr']/div (tried for 20 second(s) with 500 MILLISECONDS interval)]]>
            </message>
            <full-stacktrace>
              <![CDATA[org.openqa.selenium.TimeoutException: Expected condition failed: waiting for visibility of element located by By.xpath: //div[@class='react-select__menu-list css-11unzgr']/div (tried for 20 second(s) with 500 MILLISECONDS interval)
	at org.openqa.selenium.support.ui.WebDriverWait.timeoutException(WebDriverWait.java:80)
	at org.openqa.selenium.support.ui.FluentWait.until(FluentWait.java:232)
	at pageObjects.AtlantaMarket.ATLMarketPlannerPage.getfilterByList(ATLMarketPlannerPage.java:684)
	at atlantamarket_UAT.MarketPlanner.TS025_VerifyVerifyFilterByOptionsFunctionalityForListTest(MarketPlanner.java:1434)
	at sun.reflect.NativeMethodAccessorImpl.invoke0(Native Method)
	at sun.reflect.NativeMethodAccessorImpl.invoke(NativeMethodAccessorImpl.java:62)
	at sun.reflect.DelegatingMethodAccessorImpl.invoke(DelegatingMethodAccessorImpl.java:43)
	at java.lang.reflect.Method.invoke(Method.java:498)
	at org.testng.internal.MethodInvocationHelper.invokeMethod(MethodInvocationHelper.java:80)
	at org.testng.internal.Invoker.invokeMethod(Invoker.java:714)
	at org.testng.internal.Invoker.invokeTestMethod(Invoker.java:901)
	at org.testng.internal.Invoker.invokeTestMethods(Invoker.java:1231)
	at org.testng.internal.TestMethodWorker.invokeTestMethods(TestMethodWorker.java:127)
	at org.testng.internal.TestMethodWorker.run(TestMethodWorker.java:111)
	at org.testng.TestRunner.privateRun(TestRunner.java:767)
	at org.testng.TestRunner.run(TestRunner.java:617)
	at org.testng.SuiteRunner.runTest(SuiteRunner.java:334)
	at org.testng.SuiteRunner.runSequentially(SuiteRunner.java:329)
	at org.testng.SuiteRunner.privateRun(SuiteRunner.java:291)
	at org.testng.SuiteRunner.run(SuiteRunner.java:240)
	at org.testng.SuiteRunnerWorker.runSuite(SuiteRunnerWorker.java:52)
	at org.testng.SuiteRunnerWorker.run(SuiteRunnerWorker.java:86)
	at org.testng.TestNG.runSuitesSequentially(TestNG.java:1198)
	at org.testng.TestNG.runSuitesLocally(TestNG.java:1123)
	at org.testng.TestNG.run(TestNG.java:1031)
	at org.testng.remote.AbstractRemoteTestNG.run(AbstractRemoteTestNG.java:114)
	at org.testng.remote.RemoteTestNG.initAndRun(RemoteTestNG.java:251)
	at org.testng.remote.RemoteTestNG.main(RemoteTestNG.java:77)
Caused by: org.openqa.selenium.NoSuchElementException: Cannot locate an element using By.xpath: //div[@class='react-select__menu-list css-11unzgr']/div
For documentation on this error, please visit: http://seleniumhq.org/exceptions/no_such_element.html
Build info: version: '3.4.0', revision: 'unknown', time: 'unknown'
System info: host: 'SWAPNILI', ip: '172.27.182.57', os.name: 'Windows 8.1', os.arch: 'amd64', os.version: '6.3', java.version: '1.8.0_161'
Driver info: driver.version: unknown
	at org.openqa.selenium.support.ui.ExpectedConditions.lambda$findElement$0(ExpectedConditions.java:883)
	at java.util.Optional.orElseThrow(Optional.java:290)
	at org.openqa.selenium.support.ui.ExpectedConditions.findElement(ExpectedConditions.java:882)
	at org.openqa.selenium.support.ui.ExpectedConditions.access$000(ExpectedConditions.java:44)
	at org.openqa.selenium.support.ui.ExpectedConditions$7.apply(ExpectedConditions.java:206)
	at org.openqa.selenium.support.ui.ExpectedConditions$7.apply(ExpectedConditions.java:202)
	at org.openqa.selenium.support.ui.FluentWait.until(FluentWait.java:209)
	... 26 more
]]>
            </full-stacktrace>
          </exception> <!-- org.openqa.selenium.TimeoutException -->
          <reporter-output>
          </reporter-output>
        </test-method> <!-- TS025_VerifyVerifyFilterByOptionsFunctionalityForListTest -->
        <test-method status="PASS" signature="TS026_VerifyMarketPlannerListSortByTest()[pri:0, instance:atlantamarket_UAT.MarketPlanner@204f30ec]" name="TS026_VerifyMarketPlannerListSortByTest" duration-ms="53640" started-at="2022-08-31T00:20:54Z" finished-at="2022-08-31T00:21:48Z">
          <reporter-output>
          </reporter-output>
        </test-method> <!-- TS026_VerifyMarketPlannerListSortByTest -->
        <test-method status="PASS" signature="TS028_VerifyListDisplayControlsTest()[pri:0, instance:atlantamarket_UAT.MarketPlanner@204f30ec]" name="TS028_VerifyListDisplayControlsTest" duration-ms="12791" started-at="2022-08-31T00:21:48Z" finished-at="2022-08-31T00:22:01Z">
          <reporter-output>
          </reporter-output>
        </test-method> <!-- TS028_VerifyListDisplayControlsTest -->
        <test-method status="FAIL" signature="TS029_VerifyListDisplayControlsFunctionalityTest()[pri:0, instance:atlantamarket_UAT.MarketPlanner@204f30ec]" name="TS029_VerifyListDisplayControlsFunctionalityTest" duration-ms="21774" started-at="2022-08-31T00:22:01Z" finished-at="2022-08-31T00:22:22Z">
          <exception class="java.lang.AssertionError">
            <message>
              <![CDATA[expected [true] but found [false]]]>
            </message>
            <full-stacktrace>
              <![CDATA[java.lang.AssertionError: expected [true] but found [false]
	at org.testng.Assert.fail(Assert.java:94)
	at org.testng.Assert.failNotEquals(Assert.java:494)
	at org.testng.Assert.assertTrue(Assert.java:42)
	at org.testng.Assert.assertTrue(Assert.java:52)
	at resources.Utility.ClickOnEditBtnOfAnyList(Utility.java:248)
	at atlantamarket_UAT.MarketPlanner.TS029_VerifyListDisplayControlsFunctionalityTest(MarketPlanner.java:1603)
	at sun.reflect.NativeMethodAccessorImpl.invoke0(Native Method)
	at sun.reflect.NativeMethodAccessorImpl.invoke(NativeMethodAccessorImpl.java:62)
	at sun.reflect.DelegatingMethodAccessorImpl.invoke(DelegatingMethodAccessorImpl.java:43)
	at java.lang.reflect.Method.invoke(Method.java:498)
	at org.testng.internal.MethodInvocationHelper.invokeMethod(MethodInvocationHelper.java:80)
	at org.testng.internal.Invoker.invokeMethod(Invoker.java:714)
	at org.testng.internal.Invoker.invokeTestMethod(Invoker.java:901)
	at org.testng.internal.Invoker.invokeTestMethods(Invoker.java:1231)
	at org.testng.internal.TestMethodWorker.invokeTestMethods(TestMethodWorker.java:127)
	at org.testng.internal.TestMethodWorker.run(TestMethodWorker.java:111)
	at org.testng.TestRunner.privateRun(TestRunner.java:767)
	at org.testng.TestRunner.run(TestRunner.java:617)
	at org.testng.SuiteRunner.runTest(SuiteRunner.java:334)
	at org.testng.SuiteRunner.runSequentially(SuiteRunner.java:329)
	at org.testng.SuiteRunner.privateRun(SuiteRunner.java:291)
	at org.testng.SuiteRunner.run(SuiteRunner.java:240)
	at org.testng.SuiteRunnerWorker.runSuite(SuiteRunnerWorker.java:52)
	at org.testng.SuiteRunnerWorker.run(SuiteRunnerWorker.java:86)
	at org.testng.TestNG.runSuitesSequentially(TestNG.java:1198)
	at org.testng.TestNG.runSuitesLocally(TestNG.java:1123)
	at org.testng.TestNG.run(TestNG.java:1031)
	at org.testng.remote.AbstractRemoteTestNG.run(AbstractRemoteTestNG.java:114)
	at org.testng.remote.RemoteTestNG.initAndRun(RemoteTestNG.java:251)
	at org.testng.remote.RemoteTestNG.main(RemoteTestNG.java:77)
]]>
            </full-stacktrace>
          </exception> <!-- java.lang.AssertionError -->
          <reporter-output>
          </reporter-output>
        </test-method> <!-- TS029_VerifyListDisplayControlsFunctionalityTest -->
        <test-method status="PASS" signature="TS030_VerifyMarketPlannerListElementLocationLinkTest()[pri:0, instance:atlantamarket_UAT.MarketPlanner@204f30ec]" name="TS030_VerifyMarketPlannerListElementLocationLinkTest" duration-ms="31298" started-at="2022-08-31T00:22:23Z" finished-at="2022-08-31T00:22:54Z">
          <reporter-output>
          </reporter-output>
        </test-method> <!-- TS030_VerifyMarketPlannerListElementLocationLinkTest -->
        <test-method status="PASS" signature="TS031_VerifyMarketPlannerListsElementMoreOoptionsOverviewTest()[pri:0, instance:atlantamarket_UAT.MarketPlanner@204f30ec]" name="TS031_VerifyMarketPlannerListsElementMoreOoptionsOverviewTest" duration-ms="30467" started-at="2022-08-31T00:22:54Z" finished-at="2022-08-31T00:23:24Z">
          <reporter-output>
          </reporter-output>
        </test-method> <!-- TS031_VerifyMarketPlannerListsElementMoreOoptionsOverviewTest -->
        <test-method status="PASS" signature="TS032_VerifyMarketPlannerListsElementMoreOoptionsCopyeTest()[pri:0, instance:atlantamarket_UAT.MarketPlanner@204f30ec]" name="TS032_VerifyMarketPlannerListsElementMoreOoptionsCopyeTest" duration-ms="109958" started-at="2022-08-31T00:23:24Z" finished-at="2022-08-31T00:25:14Z">
          <reporter-output>
          </reporter-output>
        </test-method> <!-- TS032_VerifyMarketPlannerListsElementMoreOoptionsCopyeTest -->
        <test-method status="FAIL" signature="TS033_VerifyMarketPlannerListsElementMoreOoptionsMoveTest()[pri:0, instance:atlantamarket_UAT.MarketPlanner@204f30ec]" name="TS033_VerifyMarketPlannerListsElementMoreOoptionsMoveTest" duration-ms="88002" started-at="2022-08-31T00:25:14Z" finished-at="2022-08-31T00:26:42Z">
          <exception class="org.openqa.selenium.NoSuchElementException">
            <message>
              <![CDATA[no such element: Unable to locate element: {"method":"xpath","selector":"//a[text()='IMC test company']/../../../div[1]/div[4]"}
  (Session info: chrome=104.0.5112.102)
For documentation on this error, please visit: http://seleniumhq.org/exceptions/no_such_element.html
Build info: version: '3.4.0', revision: 'unknown', time: 'unknown'
System info: host: 'SWAPNILI', ip: '172.27.182.57', os.name: 'Windows 8.1', os.arch: 'amd64', os.version: '6.3', java.version: '1.8.0_161'
Driver info: org.openqa.selenium.chrome.ChromeDriver
Capabilities [{networkConnectionEnabled=false, chrome={chromedriverVersion=104.0.5112.79 (3cf3e8c8a07d104b9e1260c910efb8f383285dc5-refs/branch-heads/5112@{#1307}), userDataDir=C:\Users\swapnili\AppData\Local\Temp\scoped_dir16400_1205882369}, timeouts={implicit=0.0, pageLoad=300000.0, script=30000.0}, pageLoadStrategy=normal, unhandledPromptBehavior=dismiss and notify, strictFileInteractability=false, platform=ANY, proxy=Proxy(), goog:chromeOptions={debuggerAddress=localhost:51578}, webauthn:extension:credBlob=true, acceptInsecureCerts=false, browserVersion=104.0.5112.102, browserName=chrome, javascriptEnabled=true, platformName=windows, setWindowRect=true, webauthn:extension:largeBlob=true, webauthn:virtualAuthenticators=true}]
Session ID: bc5fb06d231bbedf2b4c6cf0695e5677
*** Element info: {Using=xpath, value=//a[text()='IMC test company']/../../../div[1]/div[4]}]]>
            </message>
            <full-stacktrace>
              <![CDATA[org.openqa.selenium.NoSuchElementException: no such element: Unable to locate element: {"method":"xpath","selector":"//a[text()='IMC test company']/../../../div[1]/div[4]"}
  (Session info: chrome=104.0.5112.102)
For documentation on this error, please visit: http://seleniumhq.org/exceptions/no_such_element.html
Build info: version: '3.4.0', revision: 'unknown', time: 'unknown'
System info: host: 'SWAPNILI', ip: '172.27.182.57', os.name: 'Windows 8.1', os.arch: 'amd64', os.version: '6.3', java.version: '1.8.0_161'
Driver info: org.openqa.selenium.chrome.ChromeDriver
Capabilities [{networkConnectionEnabled=false, chrome={chromedriverVersion=104.0.5112.79 (3cf3e8c8a07d104b9e1260c910efb8f383285dc5-refs/branch-heads/5112@{#1307}), userDataDir=C:\Users\swapnili\AppData\Local\Temp\scoped_dir16400_1205882369}, timeouts={implicit=0.0, pageLoad=300000.0, script=30000.0}, pageLoadStrategy=normal, unhandledPromptBehavior=dismiss and notify, strictFileInteractability=false, platform=ANY, proxy=Proxy(), goog:chromeOptions={debuggerAddress=localhost:51578}, webauthn:extension:credBlob=true, acceptInsecureCerts=false, browserVersion=104.0.5112.102, browserName=chrome, javascriptEnabled=true, platformName=windows, setWindowRect=true, webauthn:extension:largeBlob=true, webauthn:virtualAuthenticators=true}]
Session ID: bc5fb06d231bbedf2b4c6cf0695e5677
*** Element info: {Using=xpath, value=//a[text()='IMC test company']/../../../div[1]/div[4]}
	at sun.reflect.NativeConstructorAccessorImpl.newInstance0(Native Method)
	at sun.reflect.NativeConstructorAccessorImpl.newInstance(NativeConstructorAccessorImpl.java:62)
	at sun.reflect.DelegatingConstructorAccessorImpl.newInstance(DelegatingConstructorAccessorImpl.java:45)
	at java.lang.reflect.Constructor.newInstance(Constructor.java:423)
	at org.openqa.selenium.remote.http.W3CHttpResponseCodec.createException(W3CHttpResponseCodec.java:150)
	at org.openqa.selenium.remote.http.W3CHttpResponseCodec.decode(W3CHttpResponseCodec.java:115)
	at org.openqa.selenium.remote.http.W3CHttpResponseCodec.decode(W3CHttpResponseCodec.java:45)
	at org.openqa.selenium.remote.HttpCommandExecutor.execute(HttpCommandExecutor.java:164)
	at org.openqa.selenium.remote.service.DriverCommandExecutor.execute(DriverCommandExecutor.java:82)
	at org.openqa.selenium.remote.RemoteWebDriver.execute(RemoteWebDriver.java:637)
	at org.openqa.selenium.remote.RemoteWebDriver.findElement(RemoteWebDriver.java:410)
	at org.openqa.selenium.remote.RemoteWebDriver.findElementByXPath(RemoteWebDriver.java:509)
	at org.openqa.selenium.By$ByXPath.findElement(By.java:361)
	at org.openqa.selenium.remote.RemoteWebDriver.findElement(RemoteWebDriver.java:402)
	at atlantamarket_UAT.MarketPlanner.TS033_VerifyMarketPlannerListsElementMoreOoptionsMoveTest(MarketPlanner.java:1810)
	at sun.reflect.NativeMethodAccessorImpl.invoke0(Native Method)
	at sun.reflect.NativeMethodAccessorImpl.invoke(NativeMethodAccessorImpl.java:62)
	at sun.reflect.DelegatingMethodAccessorImpl.invoke(DelegatingMethodAccessorImpl.java:43)
	at java.lang.reflect.Method.invoke(Method.java:498)
	at org.testng.internal.MethodInvocationHelper.invokeMethod(MethodInvocationHelper.java:80)
	at org.testng.internal.Invoker.invokeMethod(Invoker.java:714)
	at org.testng.internal.Invoker.invokeTestMethod(Invoker.java:901)
	at org.testng.internal.Invoker.invokeTestMethods(Invoker.java:1231)
	at org.testng.internal.TestMethodWorker.invokeTestMethods(TestMethodWorker.java:127)
	at org.testng.internal.TestMethodWorker.run(TestMethodWorker.java:111)
	at org.testng.TestRunner.privateRun(TestRunner.java:767)
	at org.testng.TestRunner.run(TestRunner.java:617)
	at org.testng.SuiteRunner.runTest(SuiteRunner.java:334)
	at org.testng.SuiteRunner.runSequentially(SuiteRunner.java:329)
	at org.testng.SuiteRunner.privateRun(SuiteRunner.java:291)
	at org.testng.SuiteRunner.run(SuiteRunner.java:240)
	at org.testng.SuiteRunnerWorker.runSuite(SuiteRunnerWorker.java:52)
	at org.testng.SuiteRunnerWorker.run(SuiteRunnerWorker.java:86)
	at org.testng.TestNG.runSuitesSequentially(TestNG.java:1198)
	at org.testng.TestNG.runSuitesLocally(TestNG.java:1123)
	at org.testng.TestNG.run(TestNG.java:1031)
	at org.testng.remote.AbstractRemoteTestNG.run(AbstractRemoteTestNG.java:114)
	at org.testng.remote.RemoteTestNG.initAndRun(RemoteTestNG.java:251)
	at org.testng.remote.RemoteTestNG.main(RemoteTestNG.java:77)
]]>
            </full-stacktrace>
          </exception> <!-- org.openqa.selenium.NoSuchElementException -->
          <reporter-output>
          </reporter-output>
        </test-method> <!-- TS033_VerifyMarketPlannerListsElementMoreOoptionsMoveTest -->
        <test-method status="PASS" signature="TS034_VerifyMarketPlannerListsElementMoreOoptionsDeleteTest()[pri:0, instance:atlantamarket_UAT.MarketPlanner@204f30ec]" name="TS034_VerifyMarketPlannerListsElementMoreOoptionsDeleteTest" duration-ms="73010" started-at="2022-08-31T00:26:43Z" finished-at="2022-08-31T00:27:56Z">
          <reporter-output>
          </reporter-output>
        </test-method> <!-- TS034_VerifyMarketPlannerListsElementMoreOoptionsDeleteTest -->
        <test-method status="PASS" signature="TS035_VerifyMarketPlannerListManagementAddNoteTest()[pri:0, instance:atlantamarket_UAT.MarketPlanner@204f30ec]" name="TS035_VerifyMarketPlannerListManagementAddNoteTest" duration-ms="80797" started-at="2022-08-31T00:27:56Z" finished-at="2022-08-31T00:29:16Z">
          <reporter-output>
          </reporter-output>
        </test-method> <!-- TS035_VerifyMarketPlannerListManagementAddNoteTest -->
        <test-method status="PASS" signature="tearDown()[pri:0, instance:atlantamarket_UAT.MarketPlanner@204f30ec]" name="tearDown" is-config="true" duration-ms="0" started-at="2022-08-31T00:29:16Z" finished-at="2022-08-31T00:29:16Z">
          <reporter-output>
          </reporter-output>
        </test-method> <!-- tearDown -->
      </class> <!-- atlantamarket_UAT.MarketPlanner -->
    </test> <!-- RegressionTest -->
  </suite> <!-- ATLMrkt_RegressionTestSuite -->
</testng-results>
