<?xml version="1.0" encoding="UTF-8"?>
<testng-results skipped="0" failed="0" ignored="1" total="3" passed="2">
  <reporter-output>
  </reporter-output>
  <suite name="LVM_RegressionTestSuite" duration-ms="113100" started-at="2024-07-10T11:10:59Z" finished-at="2024-07-10T11:12:52Z">
    <groups>
    </groups>
    <test name="RegressionTest" duration-ms="113100" started-at="2024-07-10T11:10:59Z" finished-at="2024-07-10T11:12:52Z">
      <class name="atlantamarket_PROD.ShowSpecials">
        <test-method status="PASS" signature="initialize()[pri:0, instance:atlantamarket_PROD.ShowSpecials@6ab7a896]" name="initialize" is-config="true" duration-ms="49993" started-at="2024-07-10T11:10:59Z" finished-at="2024-07-10T11:11:49Z">
          <reporter-output>
          </reporter-output>
        </test-method> <!-- initialize -->
        <test-method status="PASS" signature="TS001_VerifyViewBrandDetailsLinkForShowSpecialsTest()[pri:1, instance:atlantamarket_PROD.ShowSpecials@6ab7a896]" name="TS001_VerifyViewBrandDetailsLinkForShowSpecialsTest" duration-ms="42287" started-at="2024-07-10T11:11:49Z" finished-at="2024-07-10T11:12:31Z">
          <reporter-output>
          </reporter-output>
        </test-method> <!-- TS001_VerifyViewBrandDetailsLinkForShowSpecialsTest -->
        <test-method status="PASS" signature="TS002_VerifyLocationLinksForShowSpecialsTest()[pri:2, instance:atlantamarket_PROD.ShowSpecials@6ab7a896]" name="TS002_VerifyLocationLinksForShowSpecialsTest" duration-ms="20786" started-at="2024-07-10T11:12:31Z" finished-at="2024-07-10T11:12:52Z">
          <reporter-output>
          </reporter-output>
        </test-method> <!-- TS002_VerifyLocationLinksForShowSpecialsTest -->
        <test-method status="PASS" signature="tearDown()[pri:0, instance:atlantamarket_PROD.ShowSpecials@6ab7a896]" name="tearDown" is-config="true" duration-ms="1" started-at="2024-07-10T11:12:52Z" finished-at="2024-07-10T11:12:52Z">
          <reporter-output>
          </reporter-output>
        </test-method> <!-- tearDown -->
      </class> <!-- atlantamarket_PROD.ShowSpecials -->
    </test> <!-- RegressionTest -->
  </suite> <!-- LVM_RegressionTestSuite -->
</testng-results>
