<?xml version="1.0" encoding="UTF-8"?>
<testng-results skipped="0" failed="0" total="1" passed="1">
  <reporter-output>
  </reporter-output>
  <suite name="LVM_RegressionTestSuite" duration-ms="95009" started-at="2023-03-30T11:50:08Z" finished-at="2023-03-30T11:51:43Z">
    <groups>
    </groups>
    <test name="RegressionTest" duration-ms="95009" started-at="2023-03-30T11:50:08Z" finished-at="2023-03-30T11:51:43Z">
      <class name="lasvegasmarket_PROD.FloorPlans">
        <test-method status="PASS" signature="initialize()[pri:0, instance:lasvegasmarket_PROD.FloorPlans@146ba0ac]" name="initialize" is-config="true" duration-ms="55999" started-at="2023-03-30T17:20:08Z" finished-at="2023-03-30T17:21:04Z">
          <reporter-output>
          </reporter-output>
        </test-method> <!-- initialize -->
        <test-method status="PASS" signature="TS012_VerifyAddToFavoriteFunctionalityForExhibitorOnFloorPlansPageTest()[pri:0, instance:lasvegasmarket_PROD.FloorPlans@146ba0ac]" name="TS012_VerifyAddToFavoriteFunctionalityForExhibitorOnFloorPlansPageTest" duration-ms="38987" started-at="2023-03-30T17:21:04Z" finished-at="2023-03-30T17:21:43Z">
          <reporter-output>
          </reporter-output>
        </test-method> <!-- TS012_VerifyAddToFavoriteFunctionalityForExhibitorOnFloorPlansPageTest -->
        <test-method status="PASS" signature="tearDown()[pri:0, instance:lasvegasmarket_PROD.FloorPlans@146ba0ac]" name="tearDown" is-config="true" duration-ms="1" started-at="2023-03-30T17:21:43Z" finished-at="2023-03-30T17:21:43Z">
          <reporter-output>
          </reporter-output>
        </test-method> <!-- tearDown -->
      </class> <!-- lasvegasmarket_PROD.FloorPlans -->
    </test> <!-- RegressionTest -->
  </suite> <!-- LVM_RegressionTestSuite -->
</testng-results>
