<?xml version="1.0" encoding="UTF-8"?>
<testng-results ignored="23" total="83" passed="49" failed="11" skipped="0">
  <reporter-output>
  </reporter-output>
  <suite started-at="2025-02-13T16:33:08 IST" name="LVM_RegressionTestSuite" finished-at="2025-02-13T17:36:06 IST" duration-ms="3777514">
    <groups>
    </groups>
    <test started-at="2025-02-13T16:33:08 IST" name="RegressionTest" finished-at="2025-02-13T17:36:06 IST" duration-ms="3777514">
      <class name="lasvegasmarket_PROD.GlobalSearch_ExhibitorActions">
        <test-method is-config="true" signature="initialize()[pri:0, instance:lasvegasmarket_PROD.GlobalSearch_ExhibitorActions@41709512]" started-at="2025-02-13T17:02:53 IST" name="initialize" finished-at="2025-02-13T17:03:46 IST" duration-ms="53109" status="PASS">
          <reporter-output>
          </reporter-output>
        </test-method> <!-- initialize -->
        <test-method signature="TS001_VerifyClickOnContactExhIconForExhibitorTest()[pri:1, instance:lasvegasmarket_PROD.GlobalSearch_ExhibitorActions@41709512]" started-at="2025-02-13T17:03:46 IST" name="TS001_VerifyClickOnContactExhIconForExhibitorTest" finished-at="2025-02-13T17:04:10 IST" duration-ms="23645" status="PASS">
          <reporter-output>
          </reporter-output>
        </test-method> <!-- TS001_VerifyClickOnContactExhIconForExhibitorTest -->
        <test-method signature="TS002_VerifyClickOnLocationLinksForExhibitorTest()[pri:2, instance:lasvegasmarket_PROD.GlobalSearch_ExhibitorActions@41709512]" started-at="2025-02-13T17:04:10 IST" name="TS002_VerifyClickOnLocationLinksForExhibitorTest" finished-at="2025-02-13T17:04:40 IST" duration-ms="29478" status="PASS">
          <reporter-output>
          </reporter-output>
        </test-method> <!-- TS002_VerifyClickOnLocationLinksForExhibitorTest -->
        <test-method signature="TS003_VerifyClickOnLinesShownLinkForExhibitorTest()[pri:3, instance:lasvegasmarket_PROD.GlobalSearch_ExhibitorActions@41709512]" started-at="2025-02-13T17:04:40 IST" name="TS003_VerifyClickOnLinesShownLinkForExhibitorTest" finished-at="2025-02-13T17:05:17 IST" duration-ms="37485" status="PASS">
          <reporter-output>
          </reporter-output>
        </test-method> <!-- TS003_VerifyClickOnLinesShownLinkForExhibitorTest -->
        <test-method signature="TS004_VerifyClickOnTotalProductsSeeAllLinkForExhibitorTest()[pri:4, instance:lasvegasmarket_PROD.GlobalSearch_ExhibitorActions@41709512]" started-at="2025-02-13T17:05:17 IST" name="TS004_VerifyClickOnTotalProductsSeeAllLinkForExhibitorTest" finished-at="2025-02-13T17:06:23 IST" duration-ms="65685" status="FAIL">
          <exception class="org.openqa.selenium.TimeoutException">
            <message>
              <![CDATA[Expected condition failed: waiting for visibility of element located by By.xpath: //div[@class='imc-gallery__item imc-content--full-width']/div[2]/div[1]/div[1]/div[2]/div/span/a/span (tried for 30 second(s) with 500 milliseconds interval)
Build info: version: '4.25.0', revision: '8a8aea2337'
System info: os.name: 'Windows 11', os.arch: 'amd64', os.version: '10.0', java.version: '21.0.3'
Driver info: org.openqa.selenium.chrome.ChromeDriver
Capabilities {acceptInsecureCerts: false, browserName: chrome, browserVersion: 132.0.6834.196, chrome: {chromedriverVersion: 132.0.6834.159 (2d77d3fc445..., userDataDir: C:\Users\swapnili\AppData\L...}, fedcm:accounts: true, goog:chromeOptions: {debuggerAddress: localhost:56600}, networkConnectionEnabled: false, pageLoadStrategy: normal, platformName: windows, proxy: Proxy(), se:cdp: ws://localhost:56600/devtoo..., se:cdpVersion: 132.0.6834.196, setWindowRect: true, strictFileInteractability: false, timeouts: {implicit: 0, pageLoad: 300000, script: 30000}, unhandledPromptBehavior: dismiss and notify, webauthn:extension:credBlob: true, webauthn:extension:largeBlob: true, webauthn:extension:minPinLength: true, webauthn:extension:prf: true, webauthn:virtualAuthenticators: true}
Session ID: 38df4db793079202a3a2140a45b668be]]>
            </message>
            <full-stacktrace>
              <![CDATA[org.openqa.selenium.TimeoutException: Expected condition failed: waiting for visibility of element located by By.xpath: //div[@class='imc-gallery__item imc-content--full-width']/div[2]/div[1]/div[1]/div[2]/div/span/a/span (tried for 30 second(s) with 500 milliseconds interval)
Build info: version: '4.25.0', revision: '8a8aea2337'
System info: os.name: 'Windows 11', os.arch: 'amd64', os.version: '10.0', java.version: '21.0.3'
Driver info: org.openqa.selenium.chrome.ChromeDriver
Capabilities {acceptInsecureCerts: false, browserName: chrome, browserVersion: 132.0.6834.196, chrome: {chromedriverVersion: 132.0.6834.159 (2d77d3fc445..., userDataDir: C:\Users\swapnili\AppData\L...}, fedcm:accounts: true, goog:chromeOptions: {debuggerAddress: localhost:56600}, networkConnectionEnabled: false, pageLoadStrategy: normal, platformName: windows, proxy: Proxy(), se:cdp: ws://localhost:56600/devtoo..., se:cdpVersion: 132.0.6834.196, setWindowRect: true, strictFileInteractability: false, timeouts: {implicit: 0, pageLoad: 300000, script: 30000}, unhandledPromptBehavior: dismiss and notify, webauthn:extension:credBlob: true, webauthn:extension:largeBlob: true, webauthn:extension:minPinLength: true, webauthn:extension:prf: true, webauthn:virtualAuthenticators: true}
Session ID: 38df4db793079202a3a2140a45b668be
at org.openqa.selenium.support.ui.WebDriverWait.timeoutException(WebDriverWait.java:84)
at org.openqa.selenium.support.ui.FluentWait.until(FluentWait.java:228)
at pageObjects.AtlantaMarket.ATLExhLineProdActionsPage.getlvmTotalProductBtn(ATLExhLineProdActionsPage.java:149)
at lasvegasmarket_PROD.GlobalSearch_ExhibitorActions.TS004_VerifyClickOnTotalProductsSeeAllLinkForExhibitorTest(GlobalSearch_ExhibitorActions.java:238)
at java.base/jdk.internal.reflect.DirectMethodHandleAccessor.invoke(DirectMethodHandleAccessor.java:103)
at java.base/java.lang.reflect.Method.invoke(Method.java:580)
at org.testng.internal.MethodInvocationHelper.invokeMethod(MethodInvocationHelper.java:133)
at org.testng.internal.TestInvoker.invokeMethod(TestInvoker.java:598)
at org.testng.internal.TestInvoker.invokeTestMethod(TestInvoker.java:173)
at org.testng.internal.MethodRunner.runInSequence(MethodRunner.java:46)
at org.testng.internal.TestInvoker$MethodInvocationAgent.invoke(TestInvoker.java:824)
at org.testng.internal.TestInvoker.invokeTestMethods(TestInvoker.java:146)
at org.testng.internal.TestMethodWorker.invokeTestMethods(TestMethodWorker.java:146)
at org.testng.internal.TestMethodWorker.run(TestMethodWorker.java:128)
at java.base/java.util.ArrayList.forEach(ArrayList.java:1596)
at org.testng.TestRunner.privateRun(TestRunner.java:794)
at org.testng.TestRunner.run(TestRunner.java:596)
at org.testng.SuiteRunner.runTest(SuiteRunner.java:377)
at org.testng.SuiteRunner.runSequentially(SuiteRunner.java:371)
at org.testng.SuiteRunner.privateRun(SuiteRunner.java:332)
at org.testng.SuiteRunner.run(SuiteRunner.java:276)
at org.testng.SuiteRunnerWorker.runSuite(SuiteRunnerWorker.java:53)
at org.testng.SuiteRunnerWorker.run(SuiteRunnerWorker.java:96)
at org.testng.TestNG.runSuitesSequentially(TestNG.java:1212)
at org.testng.TestNG.runSuitesLocally(TestNG.java:1134)
at org.testng.TestNG.runSuites(TestNG.java:1063)
at org.testng.TestNG.run(TestNG.java:1031)
at org.testng.remote.AbstractRemoteTestNG.run(AbstractRemoteTestNG.java:115)
at org.testng.remote.RemoteTestNG.initAndRun(RemoteTestNG.java:293)
at org.testng.remote.RemoteTestNG.main(RemoteTestNG.java:91)
]]>
            </full-stacktrace>
          </exception> <!-- org.openqa.selenium.TimeoutException -->
          <reporter-output>
          </reporter-output>
        </test-method> <!-- TS004_VerifyClickOnTotalProductsSeeAllLinkForExhibitorTest -->
        <test-method signature="TS005_VerifyClickOnMatchingProductsSeeAllLinkForExhibitorTest()[pri:5, instance:lasvegasmarket_PROD.GlobalSearch_ExhibitorActions@41709512]" started-at="2025-02-13T17:06:23 IST" name="TS005_VerifyClickOnMatchingProductsSeeAllLinkForExhibitorTest" finished-at="2025-02-13T17:06:57 IST" duration-ms="33273" status="FAIL">
          <exception class="java.lang.AssertionError">
            <message>
              <![CDATA[expected [true] but found [false]]]>
            </message>
            <full-stacktrace>
              <![CDATA[java.lang.AssertionError: expected [true] but found [false]
at org.testng.Assert.fail(Assert.java:99)
at org.testng.Assert.failNotEquals(Assert.java:1037)
at org.testng.Assert.assertTrue(Assert.java:45)
at org.testng.Assert.assertTrue(Assert.java:55)
at lasvegasmarket_PROD.GlobalSearch_ExhibitorActions.TS005_VerifyClickOnMatchingProductsSeeAllLinkForExhibitorTest(GlobalSearch_ExhibitorActions.java:306)
at java.base/jdk.internal.reflect.DirectMethodHandleAccessor.invoke(DirectMethodHandleAccessor.java:103)
at java.base/java.lang.reflect.Method.invoke(Method.java:580)
at org.testng.internal.MethodInvocationHelper.invokeMethod(MethodInvocationHelper.java:133)
at org.testng.internal.TestInvoker.invokeMethod(TestInvoker.java:598)
at org.testng.internal.TestInvoker.invokeTestMethod(TestInvoker.java:173)
at org.testng.internal.MethodRunner.runInSequence(MethodRunner.java:46)
at org.testng.internal.TestInvoker$MethodInvocationAgent.invoke(TestInvoker.java:824)
at org.testng.internal.TestInvoker.invokeTestMethods(TestInvoker.java:146)
at org.testng.internal.TestMethodWorker.invokeTestMethods(TestMethodWorker.java:146)
at org.testng.internal.TestMethodWorker.run(TestMethodWorker.java:128)
at java.base/java.util.ArrayList.forEach(ArrayList.java:1596)
at org.testng.TestRunner.privateRun(TestRunner.java:794)
at org.testng.TestRunner.run(TestRunner.java:596)
at org.testng.SuiteRunner.runTest(SuiteRunner.java:377)
at org.testng.SuiteRunner.runSequentially(SuiteRunner.java:371)
at org.testng.SuiteRunner.privateRun(SuiteRunner.java:332)
at org.testng.SuiteRunner.run(SuiteRunner.java:276)
at org.testng.SuiteRunnerWorker.runSuite(SuiteRunnerWorker.java:53)
at org.testng.SuiteRunnerWorker.run(SuiteRunnerWorker.java:96)
at org.testng.TestNG.runSuitesSequentially(TestNG.java:1212)
at org.testng.TestNG.runSuitesLocally(TestNG.java:1134)
at org.testng.TestNG.runSuites(TestNG.java:1063)
at org.testng.TestNG.run(TestNG.java:1031)
at org.testng.remote.AbstractRemoteTestNG.run(AbstractRemoteTestNG.java:115)
at org.testng.remote.RemoteTestNG.initAndRun(RemoteTestNG.java:293)
at org.testng.remote.RemoteTestNG.main(RemoteTestNG.java:91)
]]>
            </full-stacktrace>
          </exception> <!-- java.lang.AssertionError -->
          <reporter-output>
          </reporter-output>
        </test-method> <!-- TS005_VerifyClickOnMatchingProductsSeeAllLinkForExhibitorTest -->
        <test-method signature="TS006_VerifySelectionOfExhibitorFromSearchResultsTest()[pri:6, instance:lasvegasmarket_PROD.GlobalSearch_ExhibitorActions@41709512]" started-at="2025-02-13T17:06:57 IST" name="TS006_VerifySelectionOfExhibitorFromSearchResultsTest" finished-at="2025-02-13T17:07:45 IST" duration-ms="47614" status="PASS">
          <reporter-output>
          </reporter-output>
        </test-method> <!-- TS006_VerifySelectionOfExhibitorFromSearchResultsTest -->
        <test-method is-config="true" signature="tearDown()[pri:0, instance:lasvegasmarket_PROD.GlobalSearch_ExhibitorActions@41709512]" started-at="2025-02-13T17:07:45 IST" name="tearDown" finished-at="2025-02-13T17:07:45 IST" duration-ms="0" status="PASS">
          <reporter-output>
          </reporter-output>
        </test-method> <!-- tearDown -->
      </class> <!-- lasvegasmarket_PROD.GlobalSearch_ExhibitorActions -->
      <class name="lasvegasmarket_PROD.GlobalSearch_MatchingResults">
        <test-method is-config="true" signature="initialize()[pri:0, instance:lasvegasmarket_PROD.GlobalSearch_MatchingResults@33308786]" started-at="2025-02-13T17:11:03 IST" name="initialize" finished-at="2025-02-13T17:12:10 IST" duration-ms="66976" status="PASS">
          <reporter-output>
          </reporter-output>
        </test-method> <!-- initialize -->
        <test-method signature="TS001_VerifyGlobalSearchContainsAndStartsWithTest()[pri:1, instance:lasvegasmarket_PROD.GlobalSearch_MatchingResults@33308786]" started-at="2025-02-13T17:12:10 IST" name="TS001_VerifyGlobalSearchContainsAndStartsWithTest" finished-at="2025-02-13T17:12:17 IST" duration-ms="7460" status="PASS">
          <reporter-output>
          </reporter-output>
        </test-method> <!-- TS001_VerifyGlobalSearchContainsAndStartsWithTest -->
        <test-method signature="TS002_VerifyGlobalSearchMatchingResultsSortWithinTest()[pri:2, instance:lasvegasmarket_PROD.GlobalSearch_MatchingResults@33308786]" started-at="2025-02-13T17:12:17 IST" name="TS002_VerifyGlobalSearchMatchingResultsSortWithinTest" finished-at="2025-02-13T17:12:55 IST" duration-ms="37991" status="PASS">
          <reporter-output>
          </reporter-output>
        </test-method> <!-- TS002_VerifyGlobalSearchMatchingResultsSortWithinTest -->
        <test-method signature="TS003_VerifyGlobalSearchMatchingResultsSortSortByTest()[pri:3, instance:lasvegasmarket_PROD.GlobalSearch_MatchingResults@33308786]" started-at="2025-02-13T17:12:55 IST" name="TS003_VerifyGlobalSearchMatchingResultsSortSortByTest" finished-at="2025-02-13T17:14:19 IST" duration-ms="83706" status="FAIL">
          <exception class="org.openqa.selenium.TimeoutException">
            <message>
              <![CDATA[Expected condition failed: waiting for visibility of element located by By.xpath: //div[@class='imc-exhibitorcard-title-row ']/div[1]/a[1]/h2 (tried for 40 second(s) with 500 milliseconds interval)
Build info: version: '4.25.0', revision: '8a8aea2337'
System info: os.name: 'Windows 11', os.arch: 'amd64', os.version: '10.0', java.version: '21.0.3'
Driver info: org.openqa.selenium.chrome.ChromeDriver
Capabilities {acceptInsecureCerts: false, browserName: chrome, browserVersion: 132.0.6834.196, chrome: {chromedriverVersion: 132.0.6834.159 (2d77d3fc445..., userDataDir: C:\Users\swapnili\AppData\L...}, fedcm:accounts: true, goog:chromeOptions: {debuggerAddress: localhost:57468}, networkConnectionEnabled: false, pageLoadStrategy: normal, platformName: windows, proxy: Proxy(), se:cdp: ws://localhost:57468/devtoo..., se:cdpVersion: 132.0.6834.196, setWindowRect: true, strictFileInteractability: false, timeouts: {implicit: 0, pageLoad: 300000, script: 30000}, unhandledPromptBehavior: dismiss and notify, webauthn:extension:credBlob: true, webauthn:extension:largeBlob: true, webauthn:extension:minPinLength: true, webauthn:extension:prf: true, webauthn:virtualAuthenticators: true}
Session ID: a8af943ddf1e51108d0a796d7722f5b9]]>
            </message>
            <full-stacktrace>
              <![CDATA[org.openqa.selenium.TimeoutException: Expected condition failed: waiting for visibility of element located by By.xpath: //div[@class='imc-exhibitorcard-title-row ']/div[1]/a[1]/h2 (tried for 40 second(s) with 500 milliseconds interval)
Build info: version: '4.25.0', revision: '8a8aea2337'
System info: os.name: 'Windows 11', os.arch: 'amd64', os.version: '10.0', java.version: '21.0.3'
Driver info: org.openqa.selenium.chrome.ChromeDriver
Capabilities {acceptInsecureCerts: false, browserName: chrome, browserVersion: 132.0.6834.196, chrome: {chromedriverVersion: 132.0.6834.159 (2d77d3fc445..., userDataDir: C:\Users\swapnili\AppData\L...}, fedcm:accounts: true, goog:chromeOptions: {debuggerAddress: localhost:57468}, networkConnectionEnabled: false, pageLoadStrategy: normal, platformName: windows, proxy: Proxy(), se:cdp: ws://localhost:57468/devtoo..., se:cdpVersion: 132.0.6834.196, setWindowRect: true, strictFileInteractability: false, timeouts: {implicit: 0, pageLoad: 300000, script: 30000}, unhandledPromptBehavior: dismiss and notify, webauthn:extension:credBlob: true, webauthn:extension:largeBlob: true, webauthn:extension:minPinLength: true, webauthn:extension:prf: true, webauthn:virtualAuthenticators: true}
Session ID: a8af943ddf1e51108d0a796d7722f5b9
at org.openqa.selenium.support.ui.WebDriverWait.timeoutException(WebDriverWait.java:84)
at org.openqa.selenium.support.ui.FluentWait.until(FluentWait.java:228)
at pageObjects.LasVegasMarket.LVMGlobalSearchPage.getlvmExhNames(LVMGlobalSearchPage.java:556)
at lasvegasmarket_PROD.GlobalSearch_MatchingResults.TS003_VerifyGlobalSearchMatchingResultsSortSortByTest(GlobalSearch_MatchingResults.java:290)
at java.base/jdk.internal.reflect.DirectMethodHandleAccessor.invoke(DirectMethodHandleAccessor.java:103)
at java.base/java.lang.reflect.Method.invoke(Method.java:580)
at org.testng.internal.MethodInvocationHelper.invokeMethod(MethodInvocationHelper.java:133)
at org.testng.internal.TestInvoker.invokeMethod(TestInvoker.java:598)
at org.testng.internal.TestInvoker.invokeTestMethod(TestInvoker.java:173)
at org.testng.internal.MethodRunner.runInSequence(MethodRunner.java:46)
at org.testng.internal.TestInvoker$MethodInvocationAgent.invoke(TestInvoker.java:824)
at org.testng.internal.TestInvoker.invokeTestMethods(TestInvoker.java:146)
at org.testng.internal.TestMethodWorker.invokeTestMethods(TestMethodWorker.java:146)
at org.testng.internal.TestMethodWorker.run(TestMethodWorker.java:128)
at java.base/java.util.ArrayList.forEach(ArrayList.java:1596)
at org.testng.TestRunner.privateRun(TestRunner.java:794)
at org.testng.TestRunner.run(TestRunner.java:596)
at org.testng.SuiteRunner.runTest(SuiteRunner.java:377)
at org.testng.SuiteRunner.runSequentially(SuiteRunner.java:371)
at org.testng.SuiteRunner.privateRun(SuiteRunner.java:332)
at org.testng.SuiteRunner.run(SuiteRunner.java:276)
at org.testng.SuiteRunnerWorker.runSuite(SuiteRunnerWorker.java:53)
at org.testng.SuiteRunnerWorker.run(SuiteRunnerWorker.java:96)
at org.testng.TestNG.runSuitesSequentially(TestNG.java:1212)
at org.testng.TestNG.runSuitesLocally(TestNG.java:1134)
at org.testng.TestNG.runSuites(TestNG.java:1063)
at org.testng.TestNG.run(TestNG.java:1031)
at org.testng.remote.AbstractRemoteTestNG.run(AbstractRemoteTestNG.java:115)
at org.testng.remote.RemoteTestNG.initAndRun(RemoteTestNG.java:293)
at org.testng.remote.RemoteTestNG.main(RemoteTestNG.java:91)
]]>
            </full-stacktrace>
          </exception> <!-- org.openqa.selenium.TimeoutException -->
          <reporter-output>
          </reporter-output>
        </test-method> <!-- TS003_VerifyGlobalSearchMatchingResultsSortSortByTest -->
        <test-method signature="TS004_VerifyGlobalSearchMatchingResultsSortFilterByNameTest()[pri:4, instance:lasvegasmarket_PROD.GlobalSearch_MatchingResults@33308786]" started-at="2025-02-13T17:14:20 IST" name="TS004_VerifyGlobalSearchMatchingResultsSortFilterByNameTest" finished-at="2025-02-13T17:14:49 IST" duration-ms="29654" status="PASS">
          <reporter-output>
          </reporter-output>
        </test-method> <!-- TS004_VerifyGlobalSearchMatchingResultsSortFilterByNameTest -->
        <test-method is-config="true" signature="quit()[pri:0, instance:lasvegasmarket_PROD.GlobalSearch_MatchingResults@33308786]" started-at="2025-02-13T17:14:49 IST" name="quit" finished-at="2025-02-13T17:14:49 IST" duration-ms="1" status="PASS">
          <reporter-output>
          </reporter-output>
        </test-method> <!-- quit -->
      </class> <!-- lasvegasmarket_PROD.GlobalSearch_MatchingResults -->
      <class name="lasvegasmarket_PROD.LineDigitalShowroom">
        <test-method is-config="true" signature="initialize()[pri:0, instance:lasvegasmarket_PROD.LineDigitalShowroom@7d1cfb8b]" started-at="2025-02-13T17:31:14 IST" name="initialize" finished-at="2025-02-13T17:32:21 IST" duration-ms="67393" status="PASS">
          <reporter-output>
          </reporter-output>
        </test-method> <!-- initialize -->
        <test-method signature="TS001_VerifyLineDigitalShowroomHeroComponentShownByExhibitorNamaeTest()[pri:1, instance:lasvegasmarket_PROD.LineDigitalShowroom@7d1cfb8b]" started-at="2025-02-13T17:32:21 IST" name="TS001_VerifyLineDigitalShowroomHeroComponentShownByExhibitorNamaeTest" finished-at="2025-02-13T17:32:33 IST" duration-ms="12193" status="PASS">
          <reporter-output>
          </reporter-output>
        </test-method> <!-- TS001_VerifyLineDigitalShowroomHeroComponentShownByExhibitorNamaeTest -->
        <test-method signature="TS002_VerifyLineDigitalShowroomHeroComponentLocationLinksTest()[pri:2, instance:lasvegasmarket_PROD.LineDigitalShowroom@7d1cfb8b]" started-at="2025-02-13T17:32:33 IST" name="TS002_VerifyLineDigitalShowroomHeroComponentLocationLinksTest" finished-at="2025-02-13T17:32:56 IST" duration-ms="22684" status="PASS">
          <reporter-output>
          </reporter-output>
        </test-method> <!-- TS002_VerifyLineDigitalShowroomHeroComponentLocationLinksTest -->
        <test-method signature="TS007_VerifyLineDigitalShowroomHeroComponentProductsComponentCountTest()[pri:7, instance:lasvegasmarket_PROD.LineDigitalShowroom@7d1cfb8b]" started-at="2025-02-13T17:32:56 IST" name="TS007_VerifyLineDigitalShowroomHeroComponentProductsComponentCountTest" finished-at="2025-02-13T17:33:28 IST" duration-ms="31887" status="PASS">
          <reporter-output>
          </reporter-output>
        </test-method> <!-- TS007_VerifyLineDigitalShowroomHeroComponentProductsComponentCountTest -->
        <test-method signature="TS008_VerifyLineDigitalShowroomProductscomponentTest()[pri:8, instance:lasvegasmarket_PROD.LineDigitalShowroom@7d1cfb8b]" started-at="2025-02-13T17:33:28 IST" name="TS008_VerifyLineDigitalShowroomProductscomponentTest" finished-at="2025-02-13T17:34:01 IST" duration-ms="32790" status="PASS">
          <reporter-output>
          </reporter-output>
        </test-method> <!-- TS008_VerifyLineDigitalShowroomProductscomponentTest -->
        <test-method signature="TS010_VerifyLineDigitalShowroomProductscomponentSeeAllProductsTest()[pri:10, instance:lasvegasmarket_PROD.LineDigitalShowroom@7d1cfb8b]" started-at="2025-02-13T17:34:01 IST" name="TS010_VerifyLineDigitalShowroomProductscomponentSeeAllProductsTest" finished-at="2025-02-13T17:34:29 IST" duration-ms="28826" status="PASS">
          <reporter-output>
          </reporter-output>
        </test-method> <!-- TS010_VerifyLineDigitalShowroomProductscomponentSeeAllProductsTest -->
        <test-method signature="TS011_VerifyLineDigitalShowroomProductscomponentSelectProductTest()[pri:11, instance:lasvegasmarket_PROD.LineDigitalShowroom@7d1cfb8b]" started-at="2025-02-13T17:34:29 IST" name="TS011_VerifyLineDigitalShowroomProductscomponentSelectProductTest" finished-at="2025-02-13T17:36:06 IST" duration-ms="96435" status="PASS">
          <reporter-output>
          </reporter-output>
        </test-method> <!-- TS011_VerifyLineDigitalShowroomProductscomponentSelectProductTest -->
        <test-method is-config="true" signature="tearDown()[pri:0, instance:lasvegasmarket_PROD.LineDigitalShowroom@7d1cfb8b]" started-at="2025-02-13T17:36:06 IST" name="tearDown" finished-at="2025-02-13T17:36:06 IST" duration-ms="0" status="PASS">
          <reporter-output>
          </reporter-output>
        </test-method> <!-- tearDown -->
      </class> <!-- lasvegasmarket_PROD.LineDigitalShowroom -->
      <class name="lasvegasmarket_PROD.GlobalSearch_SuggestionList">
        <test-method is-config="true" signature="initialize()[pri:0, instance:lasvegasmarket_PROD.GlobalSearch_SuggestionList@63787180]" started-at="2025-02-13T17:29:16 IST" name="initialize" finished-at="2025-02-13T17:29:50 IST" duration-ms="34802" status="PASS">
          <reporter-output>
          </reporter-output>
        </test-method> <!-- initialize -->
        <test-method signature="TS001_VerifySelectionOfExhibitorFromAutoSuggestionListTest()[pri:1, instance:lasvegasmarket_PROD.GlobalSearch_SuggestionList@63787180]" started-at="2025-02-13T17:29:50 IST" name="TS001_VerifySelectionOfExhibitorFromAutoSuggestionListTest" finished-at="2025-02-13T17:30:19 IST" duration-ms="28729" status="PASS">
          <reporter-output>
          </reporter-output>
        </test-method> <!-- TS001_VerifySelectionOfExhibitorFromAutoSuggestionListTest -->
        <test-method signature="TS002_VerifySelectionOfLineFromAutoSuggestionListTest()[pri:2, instance:lasvegasmarket_PROD.GlobalSearch_SuggestionList@63787180]" started-at="2025-02-13T17:30:19 IST" name="TS002_VerifySelectionOfLineFromAutoSuggestionListTest" finished-at="2025-02-13T17:30:47 IST" duration-ms="27965" status="PASS">
          <reporter-output>
          </reporter-output>
        </test-method> <!-- TS002_VerifySelectionOfLineFromAutoSuggestionListTest -->
        <test-method signature="TS003_VerifySelectionOfProductFromAutoSuggestionListTest()[pri:3, instance:lasvegasmarket_PROD.GlobalSearch_SuggestionList@63787180]" started-at="2025-02-13T17:30:47 IST" name="TS003_VerifySelectionOfProductFromAutoSuggestionListTest" finished-at="2025-02-13T17:31:14 IST" duration-ms="26510" status="PASS">
          <reporter-output>
          </reporter-output>
        </test-method> <!-- TS003_VerifySelectionOfProductFromAutoSuggestionListTest -->
        <test-method is-config="true" signature="tearDown()[pri:0, instance:lasvegasmarket_PROD.GlobalSearch_SuggestionList@63787180]" started-at="2025-02-13T17:31:14 IST" name="tearDown" finished-at="2025-02-13T17:31:14 IST" duration-ms="0" status="PASS">
          <reporter-output>
          </reporter-output>
        </test-method> <!-- tearDown -->
      </class> <!-- lasvegasmarket_PROD.GlobalSearch_SuggestionList -->
      <class name="lasvegasmarket_PROD.GlobalSearch_SearchFor">
        <test-method is-config="true" signature="initialize()[pri:0, instance:lasvegasmarket_PROD.GlobalSearch_SearchFor@5443d039]" started-at="2025-02-13T17:16:34 IST" name="initialize" finished-at="2025-02-13T17:17:07 IST" duration-ms="33119" status="PASS">
          <reporter-output>
          </reporter-output>
        </test-method> <!-- initialize -->
        <test-method signature="TS001_VerifyInformationTabInGlobalSearchTest()[pri:1, instance:lasvegasmarket_PROD.GlobalSearch_SearchFor@5443d039]" started-at="2025-02-13T17:17:07 IST" name="TS001_VerifyInformationTabInGlobalSearchTest" finished-at="2025-02-13T17:17:30 IST" duration-ms="23751" status="PASS">
          <reporter-output>
          </reporter-output>
        </test-method> <!-- TS001_VerifyInformationTabInGlobalSearchTest -->
        <test-method signature="TS002_VerifyInformationSearchFunctionalityInGlobalSearchTest()[pri:2, instance:lasvegasmarket_PROD.GlobalSearch_SearchFor@5443d039]" started-at="2025-02-13T17:17:30 IST" name="TS002_VerifyInformationSearchFunctionalityInGlobalSearchTest" finished-at="2025-02-13T17:18:06 IST" duration-ms="35619" status="PASS">
          <reporter-output>
          </reporter-output>
        </test-method> <!-- TS002_VerifyInformationSearchFunctionalityInGlobalSearchTest -->
        <test-method signature="TS004_VerifyCatalogsOverviewInGlobalSearchTest()[pri:4, instance:lasvegasmarket_PROD.GlobalSearch_SearchFor@5443d039]" started-at="2025-02-13T17:18:06 IST" name="TS004_VerifyCatalogsOverviewInGlobalSearchTest" finished-at="2025-02-13T17:19:29 IST" duration-ms="83248" status="PASS">
          <reporter-output>
          </reporter-output>
        </test-method> <!-- TS004_VerifyCatalogsOverviewInGlobalSearchTest -->
        <test-method signature="TS005_VerifyArticlesOverviewInGlobalSearchTest()[pri:5, instance:lasvegasmarket_PROD.GlobalSearch_SearchFor@5443d039]" started-at="2025-02-13T17:19:29 IST" name="TS005_VerifyArticlesOverviewInGlobalSearchTest" finished-at="2025-02-13T17:20:20 IST" duration-ms="50336" status="PASS">
          <reporter-output>
          </reporter-output>
        </test-method> <!-- TS005_VerifyArticlesOverviewInGlobalSearchTest -->
        <test-method signature="TS005_VerifyArticlesFiltersGlobalSearchTest()[pri:6, instance:lasvegasmarket_PROD.GlobalSearch_SearchFor@5443d039]" started-at="2025-02-13T17:20:20 IST" name="TS005_VerifyArticlesFiltersGlobalSearchTest" finished-at="2025-02-13T17:22:40 IST" duration-ms="140116" status="PASS">
          <reporter-output>
          </reporter-output>
        </test-method> <!-- TS005_VerifyArticlesFiltersGlobalSearchTest -->
        <test-method signature="TS007_VerifyArticlesSearchFunctionalityInGlobalSearchTest()[pri:7, instance:lasvegasmarket_PROD.GlobalSearch_SearchFor@5443d039]" started-at="2025-02-13T17:22:40 IST" name="TS007_VerifyArticlesSearchFunctionalityInGlobalSearchTest" finished-at="2025-02-13T17:23:33 IST" duration-ms="53649" status="PASS">
          <reporter-output>
          </reporter-output>
        </test-method> <!-- TS007_VerifyArticlesSearchFunctionalityInGlobalSearchTest -->
        <test-method signature="TS008_VerifyEventsSearchFunctionalityInGlobalSearchTest()[pri:8, instance:lasvegasmarket_PROD.GlobalSearch_SearchFor@5443d039]" started-at="2025-02-13T17:23:33 IST" name="TS008_VerifyEventsSearchFunctionalityInGlobalSearchTest" finished-at="2025-02-13T17:25:03 IST" duration-ms="89767" status="FAIL">
          <exception class="org.openqa.selenium.TimeoutException">
            <message>
              <![CDATA[Expected condition failed: waiting for visibility of element located by By.xpath: //div[@class='imc-vr--xxlarge imc-margin--top--large--mobile']/div[1]/div[1]/span[1] (tried for 40 second(s) with 500 milliseconds interval)
Build info: version: '4.25.0', revision: '8a8aea2337'
System info: os.name: 'Windows 11', os.arch: 'amd64', os.version: '10.0', java.version: '21.0.3'
Driver info: org.openqa.selenium.chrome.ChromeDriver
Capabilities {acceptInsecureCerts: false, browserName: chrome, browserVersion: 132.0.6834.196, chrome: {chromedriverVersion: 132.0.6834.159 (2d77d3fc445..., userDataDir: C:\Users\swapnili\AppData\L...}, fedcm:accounts: true, goog:chromeOptions: {debuggerAddress: localhost:49514}, networkConnectionEnabled: false, pageLoadStrategy: normal, platformName: windows, proxy: Proxy(), se:cdp: ws://localhost:49514/devtoo..., se:cdpVersion: 132.0.6834.196, setWindowRect: true, strictFileInteractability: false, timeouts: {implicit: 0, pageLoad: 300000, script: 30000}, unhandledPromptBehavior: dismiss and notify, webauthn:extension:credBlob: true, webauthn:extension:largeBlob: true, webauthn:extension:minPinLength: true, webauthn:extension:prf: true, webauthn:virtualAuthenticators: true}
Session ID: bf82cbd8eb78e6a2bf18868cb4f15ea8]]>
            </message>
            <full-stacktrace>
              <![CDATA[org.openqa.selenium.TimeoutException: Expected condition failed: waiting for visibility of element located by By.xpath: //div[@class='imc-vr--xxlarge imc-margin--top--large--mobile']/div[1]/div[1]/span[1] (tried for 40 second(s) with 500 milliseconds interval)
Build info: version: '4.25.0', revision: '8a8aea2337'
System info: os.name: 'Windows 11', os.arch: 'amd64', os.version: '10.0', java.version: '21.0.3'
Driver info: org.openqa.selenium.chrome.ChromeDriver
Capabilities {acceptInsecureCerts: false, browserName: chrome, browserVersion: 132.0.6834.196, chrome: {chromedriverVersion: 132.0.6834.159 (2d77d3fc445..., userDataDir: C:\Users\swapnili\AppData\L...}, fedcm:accounts: true, goog:chromeOptions: {debuggerAddress: localhost:49514}, networkConnectionEnabled: false, pageLoadStrategy: normal, platformName: windows, proxy: Proxy(), se:cdp: ws://localhost:49514/devtoo..., se:cdpVersion: 132.0.6834.196, setWindowRect: true, strictFileInteractability: false, timeouts: {implicit: 0, pageLoad: 300000, script: 30000}, unhandledPromptBehavior: dismiss and notify, webauthn:extension:credBlob: true, webauthn:extension:largeBlob: true, webauthn:extension:minPinLength: true, webauthn:extension:prf: true, webauthn:virtualAuthenticators: true}
Session ID: bf82cbd8eb78e6a2bf18868cb4f15ea8
at org.openqa.selenium.support.ui.WebDriverWait.timeoutException(WebDriverWait.java:84)
at org.openqa.selenium.support.ui.FluentWait.until(FluentWait.java:228)
at pageObjects.LasVegasMarket.LVMGlobalSearchPage.getLVMFirstEventName(LVMGlobalSearchPage.java:408)
at lasvegasmarket_PROD.GlobalSearch_SearchFor.TS008_VerifyEventsSearchFunctionalityInGlobalSearchTest(GlobalSearch_SearchFor.java:687)
at java.base/jdk.internal.reflect.DirectMethodHandleAccessor.invoke(DirectMethodHandleAccessor.java:103)
at java.base/java.lang.reflect.Method.invoke(Method.java:580)
at org.testng.internal.MethodInvocationHelper.invokeMethod(MethodInvocationHelper.java:133)
at org.testng.internal.TestInvoker.invokeMethod(TestInvoker.java:598)
at org.testng.internal.TestInvoker.invokeTestMethod(TestInvoker.java:173)
at org.testng.internal.MethodRunner.runInSequence(MethodRunner.java:46)
at org.testng.internal.TestInvoker$MethodInvocationAgent.invoke(TestInvoker.java:824)
at org.testng.internal.TestInvoker.invokeTestMethods(TestInvoker.java:146)
at org.testng.internal.TestMethodWorker.invokeTestMethods(TestMethodWorker.java:146)
at org.testng.internal.TestMethodWorker.run(TestMethodWorker.java:128)
at java.base/java.util.ArrayList.forEach(ArrayList.java:1596)
at org.testng.TestRunner.privateRun(TestRunner.java:794)
at org.testng.TestRunner.run(TestRunner.java:596)
at org.testng.SuiteRunner.runTest(SuiteRunner.java:377)
at org.testng.SuiteRunner.runSequentially(SuiteRunner.java:371)
at org.testng.SuiteRunner.privateRun(SuiteRunner.java:332)
at org.testng.SuiteRunner.run(SuiteRunner.java:276)
at org.testng.SuiteRunnerWorker.runSuite(SuiteRunnerWorker.java:53)
at org.testng.SuiteRunnerWorker.run(SuiteRunnerWorker.java:96)
at org.testng.TestNG.runSuitesSequentially(TestNG.java:1212)
at org.testng.TestNG.runSuitesLocally(TestNG.java:1134)
at org.testng.TestNG.runSuites(TestNG.java:1063)
at org.testng.TestNG.run(TestNG.java:1031)
at org.testng.remote.AbstractRemoteTestNG.run(AbstractRemoteTestNG.java:115)
at org.testng.remote.RemoteTestNG.initAndRun(RemoteTestNG.java:293)
at org.testng.remote.RemoteTestNG.main(RemoteTestNG.java:91)
]]>
            </full-stacktrace>
          </exception> <!-- org.openqa.selenium.TimeoutException -->
          <reporter-output>
          </reporter-output>
        </test-method> <!-- TS008_VerifyEventsSearchFunctionalityInGlobalSearchTest -->
        <test-method signature="TS009_VerifyEventsFiltersFunctionalityInGlobalSearchTest()[pri:9, instance:lasvegasmarket_PROD.GlobalSearch_SearchFor@5443d039]" started-at="2025-02-13T17:25:04 IST" name="TS009_VerifyEventsFiltersFunctionalityInGlobalSearchTest" finished-at="2025-02-13T17:25:50 IST" duration-ms="46365" status="FAIL">
          <exception class="org.openqa.selenium.TimeoutException">
            <message>
              <![CDATA[Expected condition failed: waiting for element to be clickable: By.xpath: //input[@id='input-1'] (tried for 40 second(s) with 500 milliseconds interval)
Build info: version: '4.25.0', revision: '8a8aea2337'
System info: os.name: 'Windows 11', os.arch: 'amd64', os.version: '10.0', java.version: '21.0.3'
Driver info: org.openqa.selenium.chrome.ChromeDriver
Capabilities {acceptInsecureCerts: false, browserName: chrome, browserVersion: 132.0.6834.196, chrome: {chromedriverVersion: 132.0.6834.159 (2d77d3fc445..., userDataDir: C:\Users\swapnili\AppData\L...}, fedcm:accounts: true, goog:chromeOptions: {debuggerAddress: localhost:49514}, networkConnectionEnabled: false, pageLoadStrategy: normal, platformName: windows, proxy: Proxy(), se:cdp: ws://localhost:49514/devtoo..., se:cdpVersion: 132.0.6834.196, setWindowRect: true, strictFileInteractability: false, timeouts: {implicit: 0, pageLoad: 300000, script: 30000}, unhandledPromptBehavior: dismiss and notify, webauthn:extension:credBlob: true, webauthn:extension:largeBlob: true, webauthn:extension:minPinLength: true, webauthn:extension:prf: true, webauthn:virtualAuthenticators: true}
Session ID: bf82cbd8eb78e6a2bf18868cb4f15ea8]]>
            </message>
            <full-stacktrace>
              <![CDATA[org.openqa.selenium.TimeoutException: Expected condition failed: waiting for element to be clickable: By.xpath: //input[@id='input-1'] (tried for 40 second(s) with 500 milliseconds interval)
Build info: version: '4.25.0', revision: '8a8aea2337'
System info: os.name: 'Windows 11', os.arch: 'amd64', os.version: '10.0', java.version: '21.0.3'
Driver info: org.openqa.selenium.chrome.ChromeDriver
Capabilities {acceptInsecureCerts: false, browserName: chrome, browserVersion: 132.0.6834.196, chrome: {chromedriverVersion: 132.0.6834.159 (2d77d3fc445..., userDataDir: C:\Users\swapnili\AppData\L...}, fedcm:accounts: true, goog:chromeOptions: {debuggerAddress: localhost:49514}, networkConnectionEnabled: false, pageLoadStrategy: normal, platformName: windows, proxy: Proxy(), se:cdp: ws://localhost:49514/devtoo..., se:cdpVersion: 132.0.6834.196, setWindowRect: true, strictFileInteractability: false, timeouts: {implicit: 0, pageLoad: 300000, script: 30000}, unhandledPromptBehavior: dismiss and notify, webauthn:extension:credBlob: true, webauthn:extension:largeBlob: true, webauthn:extension:minPinLength: true, webauthn:extension:prf: true, webauthn:virtualAuthenticators: true}
Session ID: bf82cbd8eb78e6a2bf18868cb4f15ea8
at org.openqa.selenium.support.ui.WebDriverWait.timeoutException(WebDriverWait.java:84)
at org.openqa.selenium.support.ui.FluentWait.until(FluentWait.java:228)
at pageObjects.LasVegasMarket.LVMGlobalSearchPage.getLVMGlobalSearchTextBox(LVMGlobalSearchPage.java:636)
at lasvegasmarket_PROD.GlobalSearch_SearchFor.TS009_VerifyEventsFiltersFunctionalityInGlobalSearchTest(GlobalSearch_SearchFor.java:720)
at java.base/jdk.internal.reflect.DirectMethodHandleAccessor.invoke(DirectMethodHandleAccessor.java:103)
at java.base/java.lang.reflect.Method.invoke(Method.java:580)
at org.testng.internal.MethodInvocationHelper.invokeMethod(MethodInvocationHelper.java:133)
at org.testng.internal.TestInvoker.invokeMethod(TestInvoker.java:598)
at org.testng.internal.TestInvoker.invokeTestMethod(TestInvoker.java:173)
at org.testng.internal.MethodRunner.runInSequence(MethodRunner.java:46)
at org.testng.internal.TestInvoker$MethodInvocationAgent.invoke(TestInvoker.java:824)
at org.testng.internal.TestInvoker.invokeTestMethods(TestInvoker.java:146)
at org.testng.internal.TestMethodWorker.invokeTestMethods(TestMethodWorker.java:146)
at org.testng.internal.TestMethodWorker.run(TestMethodWorker.java:128)
at java.base/java.util.ArrayList.forEach(ArrayList.java:1596)
at org.testng.TestRunner.privateRun(TestRunner.java:794)
at org.testng.TestRunner.run(TestRunner.java:596)
at org.testng.SuiteRunner.runTest(SuiteRunner.java:377)
at org.testng.SuiteRunner.runSequentially(SuiteRunner.java:371)
at org.testng.SuiteRunner.privateRun(SuiteRunner.java:332)
at org.testng.SuiteRunner.run(SuiteRunner.java:276)
at org.testng.SuiteRunnerWorker.runSuite(SuiteRunnerWorker.java:53)
at org.testng.SuiteRunnerWorker.run(SuiteRunnerWorker.java:96)
at org.testng.TestNG.runSuitesSequentially(TestNG.java:1212)
at org.testng.TestNG.runSuitesLocally(TestNG.java:1134)
at org.testng.TestNG.runSuites(TestNG.java:1063)
at org.testng.TestNG.run(TestNG.java:1031)
at org.testng.remote.AbstractRemoteTestNG.run(AbstractRemoteTestNG.java:115)
at org.testng.remote.RemoteTestNG.initAndRun(RemoteTestNG.java:293)
at org.testng.remote.RemoteTestNG.main(RemoteTestNG.java:91)
]]>
            </full-stacktrace>
          </exception> <!-- org.openqa.selenium.TimeoutException -->
          <reporter-output>
          </reporter-output>
        </test-method> <!-- TS009_VerifyEventsFiltersFunctionalityInGlobalSearchTest -->
        <test-method signature="TS010_VerifyShowSpecialsOverviewInGlobalSearchTest()[pri:10, instance:lasvegasmarket_PROD.GlobalSearch_SearchFor@5443d039]" started-at="2025-02-13T17:25:51 IST" name="TS010_VerifyShowSpecialsOverviewInGlobalSearchTest" finished-at="2025-02-13T17:26:42 IST" duration-ms="50496" status="PASS">
          <reporter-output>
          </reporter-output>
        </test-method> <!-- TS010_VerifyShowSpecialsOverviewInGlobalSearchTest -->
        <test-method signature="TS011_VerifyEventsOverviewInGlobalSearchTest()[pri:11, instance:lasvegasmarket_PROD.GlobalSearch_SearchFor@5443d039]" started-at="2025-02-13T17:26:42 IST" name="TS011_VerifyEventsOverviewInGlobalSearchTest" finished-at="2025-02-13T17:27:20 IST" duration-ms="38343" status="FAIL">
          <exception class="org.openqa.selenium.TimeoutException">
            <message>
              <![CDATA[Expected condition failed: waiting for element to be clickable: By.xpath: //input[@id='input-1'] (tried for 30 second(s) with 500 milliseconds interval)
Build info: version: '4.25.0', revision: '8a8aea2337'
System info: os.name: 'Windows 11', os.arch: 'amd64', os.version: '10.0', java.version: '21.0.3'
Driver info: org.openqa.selenium.chrome.ChromeDriver
Capabilities {acceptInsecureCerts: false, browserName: chrome, browserVersion: 132.0.6834.196, chrome: {chromedriverVersion: 132.0.6834.159 (2d77d3fc445..., userDataDir: C:\Users\swapnili\AppData\L...}, fedcm:accounts: true, goog:chromeOptions: {debuggerAddress: localhost:49514}, networkConnectionEnabled: false, pageLoadStrategy: normal, platformName: windows, proxy: Proxy(), se:cdp: ws://localhost:49514/devtoo..., se:cdpVersion: 132.0.6834.196, setWindowRect: true, strictFileInteractability: false, timeouts: {implicit: 0, pageLoad: 300000, script: 30000}, unhandledPromptBehavior: dismiss and notify, webauthn:extension:credBlob: true, webauthn:extension:largeBlob: true, webauthn:extension:minPinLength: true, webauthn:extension:prf: true, webauthn:virtualAuthenticators: true}
Session ID: bf82cbd8eb78e6a2bf18868cb4f15ea8]]>
            </message>
            <full-stacktrace>
              <![CDATA[org.openqa.selenium.TimeoutException: Expected condition failed: waiting for element to be clickable: By.xpath: //input[@id='input-1'] (tried for 30 second(s) with 500 milliseconds interval)
Build info: version: '4.25.0', revision: '8a8aea2337'
System info: os.name: 'Windows 11', os.arch: 'amd64', os.version: '10.0', java.version: '21.0.3'
Driver info: org.openqa.selenium.chrome.ChromeDriver
Capabilities {acceptInsecureCerts: false, browserName: chrome, browserVersion: 132.0.6834.196, chrome: {chromedriverVersion: 132.0.6834.159 (2d77d3fc445..., userDataDir: C:\Users\swapnili\AppData\L...}, fedcm:accounts: true, goog:chromeOptions: {debuggerAddress: localhost:49514}, networkConnectionEnabled: false, pageLoadStrategy: normal, platformName: windows, proxy: Proxy(), se:cdp: ws://localhost:49514/devtoo..., se:cdpVersion: 132.0.6834.196, setWindowRect: true, strictFileInteractability: false, timeouts: {implicit: 0, pageLoad: 300000, script: 30000}, unhandledPromptBehavior: dismiss and notify, webauthn:extension:credBlob: true, webauthn:extension:largeBlob: true, webauthn:extension:minPinLength: true, webauthn:extension:prf: true, webauthn:virtualAuthenticators: true}
Session ID: bf82cbd8eb78e6a2bf18868cb4f15ea8
at org.openqa.selenium.support.ui.WebDriverWait.timeoutException(WebDriverWait.java:84)
at org.openqa.selenium.support.ui.FluentWait.until(FluentWait.java:228)
at pageObjects.AtlantaMarket.ATLGlobalSearchPage.getATLGlobalSearchTextBox(ATLGlobalSearchPage.java:435)
at resources.Utility.ClearGlobalSearch(Utility.java:595)
at lasvegasmarket_PROD.GlobalSearch_SearchFor.TS011_VerifyEventsOverviewInGlobalSearchTest(GlobalSearch_SearchFor.java:868)
at java.base/jdk.internal.reflect.DirectMethodHandleAccessor.invoke(DirectMethodHandleAccessor.java:103)
at java.base/java.lang.reflect.Method.invoke(Method.java:580)
at org.testng.internal.MethodInvocationHelper.invokeMethod(MethodInvocationHelper.java:133)
at org.testng.internal.TestInvoker.invokeMethod(TestInvoker.java:598)
at org.testng.internal.TestInvoker.invokeTestMethod(TestInvoker.java:173)
at org.testng.internal.MethodRunner.runInSequence(MethodRunner.java:46)
at org.testng.internal.TestInvoker$MethodInvocationAgent.invoke(TestInvoker.java:824)
at org.testng.internal.TestInvoker.invokeTestMethods(TestInvoker.java:146)
at org.testng.internal.TestMethodWorker.invokeTestMethods(TestMethodWorker.java:146)
at org.testng.internal.TestMethodWorker.run(TestMethodWorker.java:128)
at java.base/java.util.ArrayList.forEach(ArrayList.java:1596)
at org.testng.TestRunner.privateRun(TestRunner.java:794)
at org.testng.TestRunner.run(TestRunner.java:596)
at org.testng.SuiteRunner.runTest(SuiteRunner.java:377)
at org.testng.SuiteRunner.runSequentially(SuiteRunner.java:371)
at org.testng.SuiteRunner.privateRun(SuiteRunner.java:332)
at org.testng.SuiteRunner.run(SuiteRunner.java:276)
at org.testng.SuiteRunnerWorker.runSuite(SuiteRunnerWorker.java:53)
at org.testng.SuiteRunnerWorker.run(SuiteRunnerWorker.java:96)
at org.testng.TestNG.runSuitesSequentially(TestNG.java:1212)
at org.testng.TestNG.runSuitesLocally(TestNG.java:1134)
at org.testng.TestNG.runSuites(TestNG.java:1063)
at org.testng.TestNG.run(TestNG.java:1031)
at org.testng.remote.AbstractRemoteTestNG.run(AbstractRemoteTestNG.java:115)
at org.testng.remote.RemoteTestNG.initAndRun(RemoteTestNG.java:293)
at org.testng.remote.RemoteTestNG.main(RemoteTestNG.java:91)
]]>
            </full-stacktrace>
          </exception> <!-- org.openqa.selenium.TimeoutException -->
          <reporter-output>
          </reporter-output>
        </test-method> <!-- TS011_VerifyEventsOverviewInGlobalSearchTest -->
        <test-method signature="TS003_VerifyInformationFiltersFunctionalityInGlobalSearchTest()[pri:12, instance:lasvegasmarket_PROD.GlobalSearch_SearchFor@5443d039]" started-at="2025-02-13T17:27:20 IST" name="TS003_VerifyInformationFiltersFunctionalityInGlobalSearchTest" finished-at="2025-02-13T17:29:16 IST" duration-ms="115066" status="PASS">
          <reporter-output>
          </reporter-output>
        </test-method> <!-- TS003_VerifyInformationFiltersFunctionalityInGlobalSearchTest -->
        <test-method is-config="true" signature="tearDown()[pri:0, instance:lasvegasmarket_PROD.GlobalSearch_SearchFor@5443d039]" started-at="2025-02-13T17:29:16 IST" name="tearDown" finished-at="2025-02-13T17:29:16 IST" duration-ms="0" status="PASS">
          <reporter-output>
          </reporter-output>
        </test-method> <!-- tearDown -->
      </class> <!-- lasvegasmarket_PROD.GlobalSearch_SearchFor -->
      <class name="lasvegasmarket_PROD.GlobalSearch_ProductActions">
        <test-method is-config="true" signature="initialize()[pri:0, instance:lasvegasmarket_PROD.GlobalSearch_ProductActions@4f9a2c08]" started-at="2025-02-13T17:14:49 IST" name="initialize" finished-at="2025-02-13T17:15:27 IST" duration-ms="38091" status="PASS">
          <reporter-output>
          </reporter-output>
        </test-method> <!-- initialize -->
        <test-method signature="TS001_VerifyClickOnProductSeeDetailsBtnOnSearchResultsGridTest()[pri:1, instance:lasvegasmarket_PROD.GlobalSearch_ProductActions@4f9a2c08]" started-at="2025-02-13T17:15:27 IST" name="TS001_VerifyClickOnProductSeeDetailsBtnOnSearchResultsGridTest" finished-at="2025-02-13T17:16:00 IST" duration-ms="32784" status="PASS">
          <reporter-output>
          </reporter-output>
        </test-method> <!-- TS001_VerifyClickOnProductSeeDetailsBtnOnSearchResultsGridTest -->
        <test-method signature="TS002_VerifyFullScreenViewerOnProductDetailsPageTest()[pri:2, instance:lasvegasmarket_PROD.GlobalSearch_ProductActions@4f9a2c08]" started-at="2025-02-13T17:16:00 IST" name="TS002_VerifyFullScreenViewerOnProductDetailsPageTest" finished-at="2025-02-13T17:16:34 IST" duration-ms="33468" status="PASS">
          <reporter-output>
          </reporter-output>
        </test-method> <!-- TS002_VerifyFullScreenViewerOnProductDetailsPageTest -->
        <test-method is-config="true" signature="tearDown()[pri:0, instance:lasvegasmarket_PROD.GlobalSearch_ProductActions@4f9a2c08]" started-at="2025-02-13T17:16:34 IST" name="tearDown" finished-at="2025-02-13T17:16:34 IST" duration-ms="1" status="PASS">
          <reporter-output>
          </reporter-output>
        </test-method> <!-- tearDown -->
      </class> <!-- lasvegasmarket_PROD.GlobalSearch_ProductActions -->
      <class name="lasvegasmarket_PROD.GlobalSearch_LineActions">
        <test-method is-config="true" signature="initialize()[pri:0, instance:lasvegasmarket_PROD.GlobalSearch_LineActions@42039326]" started-at="2025-02-13T17:07:45 IST" name="initialize" finished-at="2025-02-13T17:08:21 IST" duration-ms="35995" status="PASS">
          <reporter-output>
          </reporter-output>
        </test-method> <!-- initialize -->
        <test-method signature="TS001_VerifyClickOnShownByExhibitorNameLinkForLineTest()[pri:1, instance:lasvegasmarket_PROD.GlobalSearch_LineActions@42039326]" started-at="2025-02-13T17:08:21 IST" name="TS001_VerifyClickOnShownByExhibitorNameLinkForLineTest" finished-at="2025-02-13T17:08:52 IST" duration-ms="31147" status="PASS">
          <reporter-output>
          </reporter-output>
        </test-method> <!-- TS001_VerifyClickOnShownByExhibitorNameLinkForLineTest -->
        <test-method signature="TS002_VerifyClickOnLocationLinkForLineTest()[pri:2, instance:lasvegasmarket_PROD.GlobalSearch_LineActions@42039326]" started-at="2025-02-13T17:08:52 IST" name="TS002_VerifyClickOnLocationLinkForLineTest" finished-at="2025-02-13T17:09:21 IST" duration-ms="28818" status="PASS">
          <reporter-output>
          </reporter-output>
        </test-method> <!-- TS002_VerifyClickOnLocationLinkForLineTest -->
        <test-method signature="TS003_VerifyClickOnMatchingProductsSeeAllLinkForLineTest()[pri:3, instance:lasvegasmarket_PROD.GlobalSearch_LineActions@42039326]" started-at="2025-02-13T17:09:21 IST" name="TS003_VerifyClickOnMatchingProductsSeeAllLinkForLineTest" finished-at="2025-02-13T17:10:13 IST" duration-ms="52756" status="FAIL">
          <exception class="java.lang.AssertionError">
            <message>
              <![CDATA[expected [] but found [3]]]>
            </message>
            <full-stacktrace>
              <![CDATA[java.lang.AssertionError: expected [] but found [3]
at org.testng.Assert.fail(Assert.java:99)
at org.testng.Assert.failNotEquals(Assert.java:1037)
at org.testng.Assert.assertEqualsImpl(Assert.java:140)
at org.testng.Assert.assertEquals(Assert.java:122)
at org.testng.Assert.assertEquals(Assert.java:629)
at org.testng.Assert.assertEquals(Assert.java:639)
at lasvegasmarket_PROD.GlobalSearch_LineActions.TS003_VerifyClickOnMatchingProductsSeeAllLinkForLineTest(GlobalSearch_LineActions.java:214)
at java.base/jdk.internal.reflect.DirectMethodHandleAccessor.invoke(DirectMethodHandleAccessor.java:103)
at java.base/java.lang.reflect.Method.invoke(Method.java:580)
at org.testng.internal.MethodInvocationHelper.invokeMethod(MethodInvocationHelper.java:133)
at org.testng.internal.TestInvoker.invokeMethod(TestInvoker.java:598)
at org.testng.internal.TestInvoker.invokeTestMethod(TestInvoker.java:173)
at org.testng.internal.MethodRunner.runInSequence(MethodRunner.java:46)
at org.testng.internal.TestInvoker$MethodInvocationAgent.invoke(TestInvoker.java:824)
at org.testng.internal.TestInvoker.invokeTestMethods(TestInvoker.java:146)
at org.testng.internal.TestMethodWorker.invokeTestMethods(TestMethodWorker.java:146)
at org.testng.internal.TestMethodWorker.run(TestMethodWorker.java:128)
at java.base/java.util.ArrayList.forEach(ArrayList.java:1596)
at org.testng.TestRunner.privateRun(TestRunner.java:794)
at org.testng.TestRunner.run(TestRunner.java:596)
at org.testng.SuiteRunner.runTest(SuiteRunner.java:377)
at org.testng.SuiteRunner.runSequentially(SuiteRunner.java:371)
at org.testng.SuiteRunner.privateRun(SuiteRunner.java:332)
at org.testng.SuiteRunner.run(SuiteRunner.java:276)
at org.testng.SuiteRunnerWorker.runSuite(SuiteRunnerWorker.java:53)
at org.testng.SuiteRunnerWorker.run(SuiteRunnerWorker.java:96)
at org.testng.TestNG.runSuitesSequentially(TestNG.java:1212)
at org.testng.TestNG.runSuitesLocally(TestNG.java:1134)
at org.testng.TestNG.runSuites(TestNG.java:1063)
at org.testng.TestNG.run(TestNG.java:1031)
at org.testng.remote.AbstractRemoteTestNG.run(AbstractRemoteTestNG.java:115)
at org.testng.remote.RemoteTestNG.initAndRun(RemoteTestNG.java:293)
at org.testng.remote.RemoteTestNG.main(RemoteTestNG.java:91)
]]>
            </full-stacktrace>
          </exception> <!-- java.lang.AssertionError -->
          <reporter-output>
          </reporter-output>
        </test-method> <!-- TS003_VerifyClickOnMatchingProductsSeeAllLinkForLineTest -->
        <test-method signature="TS004_VerifyClickOnTotalProductsSeeAllLinkForLineTest()[pri:4, instance:lasvegasmarket_PROD.GlobalSearch_LineActions@42039326]" started-at="2025-02-13T17:10:14 IST" name="TS004_VerifyClickOnTotalProductsSeeAllLinkForLineTest" finished-at="2025-02-13T17:11:02 IST" duration-ms="48131" status="FAIL">
          <exception class="java.lang.AssertionError">
            <message>
              <![CDATA[expected [11] but found [3]]]>
            </message>
            <full-stacktrace>
              <![CDATA[java.lang.AssertionError: expected [11] but found [3]
at org.testng.Assert.fail(Assert.java:99)
at org.testng.Assert.failNotEquals(Assert.java:1037)
at org.testng.Assert.assertEqualsImpl(Assert.java:140)
at org.testng.Assert.assertEquals(Assert.java:122)
at org.testng.Assert.assertEquals(Assert.java:629)
at org.testng.Assert.assertEquals(Assert.java:639)
at lasvegasmarket_PROD.GlobalSearch_LineActions.TS004_VerifyClickOnTotalProductsSeeAllLinkForLineTest(GlobalSearch_LineActions.java:282)
at java.base/jdk.internal.reflect.DirectMethodHandleAccessor.invoke(DirectMethodHandleAccessor.java:103)
at java.base/java.lang.reflect.Method.invoke(Method.java:580)
at org.testng.internal.MethodInvocationHelper.invokeMethod(MethodInvocationHelper.java:133)
at org.testng.internal.TestInvoker.invokeMethod(TestInvoker.java:598)
at org.testng.internal.TestInvoker.invokeTestMethod(TestInvoker.java:173)
at org.testng.internal.MethodRunner.runInSequence(MethodRunner.java:46)
at org.testng.internal.TestInvoker$MethodInvocationAgent.invoke(TestInvoker.java:824)
at org.testng.internal.TestInvoker.invokeTestMethods(TestInvoker.java:146)
at org.testng.internal.TestMethodWorker.invokeTestMethods(TestMethodWorker.java:146)
at org.testng.internal.TestMethodWorker.run(TestMethodWorker.java:128)
at java.base/java.util.ArrayList.forEach(ArrayList.java:1596)
at org.testng.TestRunner.privateRun(TestRunner.java:794)
at org.testng.TestRunner.run(TestRunner.java:596)
at org.testng.SuiteRunner.runTest(SuiteRunner.java:377)
at org.testng.SuiteRunner.runSequentially(SuiteRunner.java:371)
at org.testng.SuiteRunner.privateRun(SuiteRunner.java:332)
at org.testng.SuiteRunner.run(SuiteRunner.java:276)
at org.testng.SuiteRunnerWorker.runSuite(SuiteRunnerWorker.java:53)
at org.testng.SuiteRunnerWorker.run(SuiteRunnerWorker.java:96)
at org.testng.TestNG.runSuitesSequentially(TestNG.java:1212)
at org.testng.TestNG.runSuitesLocally(TestNG.java:1134)
at org.testng.TestNG.runSuites(TestNG.java:1063)
at org.testng.TestNG.run(TestNG.java:1031)
at org.testng.remote.AbstractRemoteTestNG.run(AbstractRemoteTestNG.java:115)
at org.testng.remote.RemoteTestNG.initAndRun(RemoteTestNG.java:293)
at org.testng.remote.RemoteTestNG.main(RemoteTestNG.java:91)
]]>
            </full-stacktrace>
          </exception> <!-- java.lang.AssertionError -->
          <reporter-output>
          </reporter-output>
        </test-method> <!-- TS004_VerifyClickOnTotalProductsSeeAllLinkForLineTest -->
        <test-method is-config="true" signature="tearDown()[pri:0, instance:lasvegasmarket_PROD.GlobalSearch_LineActions@42039326]" started-at="2025-02-13T17:11:03 IST" name="tearDown" finished-at="2025-02-13T17:11:03 IST" duration-ms="1" status="PASS">
          <reporter-output>
          </reporter-output>
        </test-method> <!-- tearDown -->
      </class> <!-- lasvegasmarket_PROD.GlobalSearch_LineActions -->
      <class name="lasvegasmarket_PROD.FloorPlans">
        <test-method is-config="true" signature="initialize()[pri:0, instance:lasvegasmarket_PROD.FloorPlans@bcef303]" started-at="2025-02-13T16:57:28 IST" name="initialize" finished-at="2025-02-13T16:58:02 IST" duration-ms="33328" status="PASS">
          <reporter-output>
          </reporter-output>
        </test-method> <!-- initialize -->
        <test-method signature="TS001_VerifyNavigationToDifferentFloorBuildingsTest()[pri:1, instance:lasvegasmarket_PROD.FloorPlans@bcef303]" started-at="2025-02-13T16:58:02 IST" name="TS001_VerifyNavigationToDifferentFloorBuildingsTest" finished-at="2025-02-13T16:58:25 IST" duration-ms="23139" status="PASS">
          <reporter-output>
          </reporter-output>
        </test-method> <!-- TS001_VerifyNavigationToDifferentFloorBuildingsTest -->
        <test-method signature="TS002_VerifyNoExhibitorsOnThisFloorMessageTest()[pri:2, instance:lasvegasmarket_PROD.FloorPlans@bcef303]" started-at="2025-02-13T16:58:25 IST" name="TS002_VerifyNoExhibitorsOnThisFloorMessageTest" finished-at="2025-02-13T16:58:42 IST" duration-ms="17123" status="PASS">
          <reporter-output>
          </reporter-output>
        </test-method> <!-- TS002_VerifyNoExhibitorsOnThisFloorMessageTest -->
        <test-method signature="TS003_VerifyZoomInOutLevelOnFloorPlansPageTest()[pri:3, instance:lasvegasmarket_PROD.FloorPlans@bcef303]" started-at="2025-02-13T16:58:42 IST" name="TS003_VerifyZoomInOutLevelOnFloorPlansPageTest" finished-at="2025-02-13T16:59:12 IST" duration-ms="30285" status="PASS">
          <reporter-output>
          </reporter-output>
        </test-method> <!-- TS003_VerifyZoomInOutLevelOnFloorPlansPageTest -->
        <test-method signature="TS004_VerifyIconsOnFloorPlansPageTest()[pri:4, instance:lasvegasmarket_PROD.FloorPlans@bcef303]" started-at="2025-02-13T16:59:12 IST" name="TS004_VerifyIconsOnFloorPlansPageTest" finished-at="2025-02-13T16:59:33 IST" duration-ms="21008" status="PASS">
          <reporter-output>
          </reporter-output>
        </test-method> <!-- TS004_VerifyIconsOnFloorPlansPageTest -->
        <test-method signature="TS005_VerifyFunctionalityOfFiltersOFloorPlansPageTest()[pri:5, instance:lasvegasmarket_PROD.FloorPlans@bcef303]" started-at="2025-02-13T16:59:33 IST" name="TS005_VerifyFunctionalityOfFiltersOFloorPlansPageTest" finished-at="2025-02-13T17:00:24 IST" duration-ms="51064" status="PASS">
          <reporter-output>
          </reporter-output>
        </test-method> <!-- TS005_VerifyFunctionalityOfFiltersOFloorPlansPageTest -->
        <test-method signature="TS006_VerifyPaginationOnFloorPlansPageTest()[pri:6, instance:lasvegasmarket_PROD.FloorPlans@bcef303]" started-at="2025-02-13T17:00:24 IST" name="TS006_VerifyPaginationOnFloorPlansPageTest" finished-at="2025-02-13T17:00:54 IST" duration-ms="29926" status="PASS">
          <reporter-output>
          </reporter-output>
        </test-method> <!-- TS006_VerifyPaginationOnFloorPlansPageTest -->
        <test-method signature="TS007_VerifySelectionOfExhibitorOnFloorPlansPageTest()[pri:7, instance:lasvegasmarket_PROD.FloorPlans@bcef303]" started-at="2025-02-13T17:00:54 IST" name="TS007_VerifySelectionOfExhibitorOnFloorPlansPageTest" finished-at="2025-02-13T17:01:38 IST" duration-ms="43340" status="PASS">
          <reporter-output>
          </reporter-output>
        </test-method> <!-- TS007_VerifySelectionOfExhibitorOnFloorPlansPageTest -->
        <test-method signature="TS008_VerifyClickOnReturnToBuildingListBtnTest()[pri:8, instance:lasvegasmarket_PROD.FloorPlans@bcef303]" started-at="2025-02-13T17:01:38 IST" name="TS008_VerifyClickOnReturnToBuildingListBtnTest" finished-at="2025-02-13T17:01:56 IST" duration-ms="18043" status="PASS">
          <reporter-output>
          </reporter-output>
        </test-method> <!-- TS008_VerifyClickOnReturnToBuildingListBtnTest -->
        <test-method signature="TS009_VerifySearchFunctionalityForExhListOnFloorPlansPageTest()[pri:9, instance:lasvegasmarket_PROD.FloorPlans@bcef303]" started-at="2025-02-13T17:01:56 IST" name="TS009_VerifySearchFunctionalityForExhListOnFloorPlansPageTest" finished-at="2025-02-13T17:02:53 IST" duration-ms="57693" status="PASS">
          <reporter-output>
          </reporter-output>
        </test-method> <!-- TS009_VerifySearchFunctionalityForExhListOnFloorPlansPageTest -->
        <test-method is-config="true" signature="tearDown()[pri:0, instance:lasvegasmarket_PROD.FloorPlans@bcef303]" started-at="2025-02-13T17:02:53 IST" name="tearDown" finished-at="2025-02-13T17:02:53 IST" duration-ms="0" status="PASS">
          <reporter-output>
          </reporter-output>
        </test-method> <!-- tearDown -->
      </class> <!-- lasvegasmarket_PROD.FloorPlans -->
      <class name="lasvegasmarket_PROD.ExhibitorDigitalShowroom">
        <test-method is-config="true" signature="initialize()[pri:0, instance:lasvegasmarket_PROD.ExhibitorDigitalShowroom@177bea38]" started-at="2025-02-13T16:33:08 IST" name="initialize" finished-at="2025-02-13T16:33:37 IST" duration-ms="28479" status="PASS">
          <reporter-output>
          </reporter-output>
        </test-method> <!-- initialize -->
        <test-method signature="TS001_VerifyClickOnLocationLinksForExhibitorDigitalShowroomTest()[pri:1, instance:lasvegasmarket_PROD.ExhibitorDigitalShowroom@177bea38]" started-at="2025-02-13T16:33:37 IST" name="TS001_VerifyClickOnLocationLinksForExhibitorDigitalShowroomTest" finished-at="2025-02-13T16:34:11 IST" duration-ms="34236" status="PASS">
          <reporter-output>
          </reporter-output>
        </test-method> <!-- TS001_VerifyClickOnLocationLinksForExhibitorDigitalShowroomTest -->
        <test-method signature="TS002_VerifyClickOnTotalLinesSeeAllLinesForExhibitorTest()[pri:2, instance:lasvegasmarket_PROD.ExhibitorDigitalShowroom@177bea38]" started-at="2025-02-13T16:34:11 IST" name="TS002_VerifyClickOnTotalLinesSeeAllLinesForExhibitorTest" finished-at="2025-02-13T16:36:12 IST" duration-ms="120542" status="PASS">
          <reporter-output>
          </reporter-output>
        </test-method> <!-- TS002_VerifyClickOnTotalLinesSeeAllLinesForExhibitorTest -->
        <test-method signature="TS003_VerifyClickOnProductShownLinkForExhibitorTest()[pri:3, instance:lasvegasmarket_PROD.ExhibitorDigitalShowroom@177bea38]" started-at="2025-02-13T16:36:12 IST" name="TS003_VerifyClickOnProductShownLinkForExhibitorTest" finished-at="2025-02-13T16:37:51 IST" duration-ms="99127" status="PASS">
          <reporter-output>
          </reporter-output>
        </test-method> <!-- TS003_VerifyClickOnProductShownLinkForExhibitorTest -->
        <test-method signature="TS004_VerifyClickOnLineFiltersForExhibitorTest()[pri:4, instance:lasvegasmarket_PROD.ExhibitorDigitalShowroom@177bea38]" started-at="2025-02-13T16:37:51 IST" name="TS004_VerifyClickOnLineFiltersForExhibitorTest" finished-at="2025-02-13T16:39:23 IST" duration-ms="92600" status="PASS">
          <reporter-output>
          </reporter-output>
        </test-method> <!-- TS004_VerifyClickOnLineFiltersForExhibitorTest -->
        <test-method signature="TS005_VerifyClickOnLineSearchForExhibitorTest()[pri:5, instance:lasvegasmarket_PROD.ExhibitorDigitalShowroom@177bea38]" started-at="2025-02-13T16:39:23 IST" name="TS005_VerifyClickOnLineSearchForExhibitorTest" finished-at="2025-02-13T16:40:55 IST" duration-ms="91799" status="PASS">
          <reporter-output>
          </reporter-output>
        </test-method> <!-- TS005_VerifyClickOnLineSearchForExhibitorTest -->
        <test-method signature="TS008_VerifySeeInOtherMarketsForExhibitorTest()[pri:6, instance:lasvegasmarket_PROD.ExhibitorDigitalShowroom@177bea38]" started-at="2025-02-13T16:40:55 IST" name="TS008_VerifySeeInOtherMarketsForExhibitorTest" finished-at="2025-02-13T16:43:10 IST" duration-ms="134526" status="FAIL">
          <exception class="org.openqa.selenium.TimeoutException">
            <message>
              <![CDATA[Expected condition failed: waiting for visibility of element located by By.xpath: //button[@class = 'imc-button imc-button--full-bleed-mobile imc-button--primary-inverted imc-margin--all--none'] (tried for 40 second(s) with 500 milliseconds interval)
Build info: version: '4.25.0', revision: '8a8aea2337'
System info: os.name: 'Windows 11', os.arch: 'amd64', os.version: '10.0', java.version: '21.0.3'
Driver info: org.openqa.selenium.chrome.ChromeDriver
Capabilities {acceptInsecureCerts: false, browserName: chrome, browserVersion: 132.0.6834.196, chrome: {chromedriverVersion: 132.0.6834.159 (2d77d3fc445..., userDataDir: C:\Users\swapnili\AppData\L...}, fedcm:accounts: true, goog:chromeOptions: {debuggerAddress: localhost:54345}, networkConnectionEnabled: false, pageLoadStrategy: normal, platformName: windows, proxy: Proxy(), se:cdp: ws://localhost:54345/devtoo..., se:cdpVersion: 132.0.6834.196, setWindowRect: true, strictFileInteractability: false, timeouts: {implicit: 0, pageLoad: 300000, script: 30000}, unhandledPromptBehavior: dismiss and notify, webauthn:extension:credBlob: true, webauthn:extension:largeBlob: true, webauthn:extension:minPinLength: true, webauthn:extension:prf: true, webauthn:virtualAuthenticators: true}
Session ID: c34929fad80a1971a8b7570c2790d35f]]>
            </message>
            <full-stacktrace>
              <![CDATA[org.openqa.selenium.TimeoutException: Expected condition failed: waiting for visibility of element located by By.xpath: //button[@class = 'imc-button imc-button--full-bleed-mobile imc-button--primary-inverted imc-margin--all--none'] (tried for 40 second(s) with 500 milliseconds interval)
Build info: version: '4.25.0', revision: '8a8aea2337'
System info: os.name: 'Windows 11', os.arch: 'amd64', os.version: '10.0', java.version: '21.0.3'
Driver info: org.openqa.selenium.chrome.ChromeDriver
Capabilities {acceptInsecureCerts: false, browserName: chrome, browserVersion: 132.0.6834.196, chrome: {chromedriverVersion: 132.0.6834.159 (2d77d3fc445..., userDataDir: C:\Users\swapnili\AppData\L...}, fedcm:accounts: true, goog:chromeOptions: {debuggerAddress: localhost:54345}, networkConnectionEnabled: false, pageLoadStrategy: normal, platformName: windows, proxy: Proxy(), se:cdp: ws://localhost:54345/devtoo..., se:cdpVersion: 132.0.6834.196, setWindowRect: true, strictFileInteractability: false, timeouts: {implicit: 0, pageLoad: 300000, script: 30000}, unhandledPromptBehavior: dismiss and notify, webauthn:extension:credBlob: true, webauthn:extension:largeBlob: true, webauthn:extension:minPinLength: true, webauthn:extension:prf: true, webauthn:virtualAuthenticators: true}
Session ID: c34929fad80a1971a8b7570c2790d35f
at org.openqa.selenium.support.ui.WebDriverWait.timeoutException(WebDriverWait.java:84)
at org.openqa.selenium.support.ui.FluentWait.until(FluentWait.java:228)
at pageObjects.LasVegasMarket.LVMExhDigiShowroomPage.getSeeInOtherMarket(LVMExhDigiShowroomPage.java:592)
at lasvegasmarket_PROD.ExhibitorDigitalShowroom.TS008_VerifySeeInOtherMarketsForExhibitorTest(ExhibitorDigitalShowroom.java:510)
at java.base/jdk.internal.reflect.DirectMethodHandleAccessor.invoke(DirectMethodHandleAccessor.java:103)
at java.base/java.lang.reflect.Method.invoke(Method.java:580)
at org.testng.internal.MethodInvocationHelper.invokeMethod(MethodInvocationHelper.java:133)
at org.testng.internal.TestInvoker.invokeMethod(TestInvoker.java:598)
at org.testng.internal.TestInvoker.invokeTestMethod(TestInvoker.java:173)
at org.testng.internal.MethodRunner.runInSequence(MethodRunner.java:46)
at org.testng.internal.TestInvoker$MethodInvocationAgent.invoke(TestInvoker.java:824)
at org.testng.internal.TestInvoker.invokeTestMethods(TestInvoker.java:146)
at org.testng.internal.TestMethodWorker.invokeTestMethods(TestMethodWorker.java:146)
at org.testng.internal.TestMethodWorker.run(TestMethodWorker.java:128)
at java.base/java.util.ArrayList.forEach(ArrayList.java:1596)
at org.testng.TestRunner.privateRun(TestRunner.java:794)
at org.testng.TestRunner.run(TestRunner.java:596)
at org.testng.SuiteRunner.runTest(SuiteRunner.java:377)
at org.testng.SuiteRunner.runSequentially(SuiteRunner.java:371)
at org.testng.SuiteRunner.privateRun(SuiteRunner.java:332)
at org.testng.SuiteRunner.run(SuiteRunner.java:276)
at org.testng.SuiteRunnerWorker.runSuite(SuiteRunnerWorker.java:53)
at org.testng.SuiteRunnerWorker.run(SuiteRunnerWorker.java:96)
at org.testng.TestNG.runSuitesSequentially(TestNG.java:1212)
at org.testng.TestNG.runSuitesLocally(TestNG.java:1134)
at org.testng.TestNG.runSuites(TestNG.java:1063)
at org.testng.TestNG.run(TestNG.java:1031)
at org.testng.remote.AbstractRemoteTestNG.run(AbstractRemoteTestNG.java:115)
at org.testng.remote.RemoteTestNG.initAndRun(RemoteTestNG.java:293)
at org.testng.remote.RemoteTestNG.main(RemoteTestNG.java:91)
]]>
            </full-stacktrace>
          </exception> <!-- org.openqa.selenium.TimeoutException -->
          <reporter-output>
          </reporter-output>
        </test-method> <!-- TS008_VerifySeeInOtherMarketsForExhibitorTest -->
        <test-method signature="TS007_VerifyExhibitorDigitalShowroomProductsComponentSeeAllProductsTest()[pri:7, instance:lasvegasmarket_PROD.ExhibitorDigitalShowroom@177bea38]" started-at="2025-02-13T16:43:10 IST" name="TS007_VerifyExhibitorDigitalShowroomProductsComponentSeeAllProductsTest" finished-at="2025-02-13T16:44:24 IST" duration-ms="73386" status="PASS">
          <reporter-output>
          </reporter-output>
        </test-method> <!-- TS007_VerifyExhibitorDigitalShowroomProductsComponentSeeAllProductsTest -->
        <test-method signature="TS006_VerifyExhibitorDigitalShowroomLinesComponentSeeAllLinesTest()[pri:8, instance:lasvegasmarket_PROD.ExhibitorDigitalShowroom@177bea38]" started-at="2025-02-13T16:44:24 IST" name="TS006_VerifyExhibitorDigitalShowroomLinesComponentSeeAllLinesTest" finished-at="2025-02-13T16:45:46 IST" duration-ms="82488" status="PASS">
          <reporter-output>
          </reporter-output>
        </test-method> <!-- TS006_VerifyExhibitorDigitalShowroomLinesComponentSeeAllLinesTest -->
        <test-method signature="TS009_VerifyExhibitorDigitalShowroomCatalogsComponentSeeAllCatalogsTest()[pri:9, instance:lasvegasmarket_PROD.ExhibitorDigitalShowroom@177bea38]" started-at="2025-02-13T16:45:46 IST" name="TS009_VerifyExhibitorDigitalShowroomCatalogsComponentSeeAllCatalogsTest" finished-at="2025-02-13T16:47:37 IST" duration-ms="110847" status="PASS">
          <reporter-output>
          </reporter-output>
        </test-method> <!-- TS009_VerifyExhibitorDigitalShowroomCatalogsComponentSeeAllCatalogsTest -->
        <test-method signature="TS012_VerifyExhibitorDigitalEventsComponentTest()[pri:10, instance:lasvegasmarket_PROD.ExhibitorDigitalShowroom@177bea38]" started-at="2025-02-13T16:47:37 IST" name="TS012_VerifyExhibitorDigitalEventsComponentTest" finished-at="2025-02-13T16:50:09 IST" duration-ms="151786" status="FAIL">
          <exception class="org.openqa.selenium.TimeoutException">
            <message>
              <![CDATA[Expected condition failed: waiting for element to be clickable: By.xpath: //div[@class='event-card--tab']/p[3] (tried for 60 second(s) with 500 milliseconds interval)
Build info: version: '4.25.0', revision: '8a8aea2337'
System info: os.name: 'Windows 11', os.arch: 'amd64', os.version: '10.0', java.version: '21.0.3'
Driver info: org.openqa.selenium.chrome.ChromeDriver
Capabilities {acceptInsecureCerts: false, browserName: chrome, browserVersion: 132.0.6834.196, chrome: {chromedriverVersion: 132.0.6834.159 (2d77d3fc445..., userDataDir: C:\Users\swapnili\AppData\L...}, fedcm:accounts: true, goog:chromeOptions: {debuggerAddress: localhost:54345}, networkConnectionEnabled: false, pageLoadStrategy: normal, platformName: windows, proxy: Proxy(), se:cdp: ws://localhost:54345/devtoo..., se:cdpVersion: 132.0.6834.196, setWindowRect: true, strictFileInteractability: false, timeouts: {implicit: 0, pageLoad: 300000, script: 30000}, unhandledPromptBehavior: dismiss and notify, webauthn:extension:credBlob: true, webauthn:extension:largeBlob: true, webauthn:extension:minPinLength: true, webauthn:extension:prf: true, webauthn:virtualAuthenticators: true}
Session ID: c34929fad80a1971a8b7570c2790d35f]]>
            </message>
            <full-stacktrace>
              <![CDATA[org.openqa.selenium.TimeoutException: Expected condition failed: waiting for element to be clickable: By.xpath: //div[@class='event-card--tab']/p[3] (tried for 60 second(s) with 500 milliseconds interval)
Build info: version: '4.25.0', revision: '8a8aea2337'
System info: os.name: 'Windows 11', os.arch: 'amd64', os.version: '10.0', java.version: '21.0.3'
Driver info: org.openqa.selenium.chrome.ChromeDriver
Capabilities {acceptInsecureCerts: false, browserName: chrome, browserVersion: 132.0.6834.196, chrome: {chromedriverVersion: 132.0.6834.159 (2d77d3fc445..., userDataDir: C:\Users\swapnili\AppData\L...}, fedcm:accounts: true, goog:chromeOptions: {debuggerAddress: localhost:54345}, networkConnectionEnabled: false, pageLoadStrategy: normal, platformName: windows, proxy: Proxy(), se:cdp: ws://localhost:54345/devtoo..., se:cdpVersion: 132.0.6834.196, setWindowRect: true, strictFileInteractability: false, timeouts: {implicit: 0, pageLoad: 300000, script: 30000}, unhandledPromptBehavior: dismiss and notify, webauthn:extension:credBlob: true, webauthn:extension:largeBlob: true, webauthn:extension:minPinLength: true, webauthn:extension:prf: true, webauthn:virtualAuthenticators: true}
Session ID: c34929fad80a1971a8b7570c2790d35f
at org.openqa.selenium.support.ui.WebDriverWait.timeoutException(WebDriverWait.java:84)
at org.openqa.selenium.support.ui.FluentWait.until(FluentWait.java:228)
at pageObjects.LasVegasMarket.LVMGlobalSearchPage.getLvmExhibitorEvents(LVMGlobalSearchPage.java:301)
at lasvegasmarket_PROD.ExhibitorDigitalShowroom.TS012_VerifyExhibitorDigitalEventsComponentTest(ExhibitorDigitalShowroom.java:739)
at java.base/jdk.internal.reflect.DirectMethodHandleAccessor.invoke(DirectMethodHandleAccessor.java:103)
at java.base/java.lang.reflect.Method.invoke(Method.java:580)
at org.testng.internal.MethodInvocationHelper.invokeMethod(MethodInvocationHelper.java:133)
at org.testng.internal.TestInvoker.invokeMethod(TestInvoker.java:598)
at org.testng.internal.TestInvoker.invokeTestMethod(TestInvoker.java:173)
at org.testng.internal.MethodRunner.runInSequence(MethodRunner.java:46)
at org.testng.internal.TestInvoker$MethodInvocationAgent.invoke(TestInvoker.java:824)
at org.testng.internal.TestInvoker.invokeTestMethods(TestInvoker.java:146)
at org.testng.internal.TestMethodWorker.invokeTestMethods(TestMethodWorker.java:146)
at org.testng.internal.TestMethodWorker.run(TestMethodWorker.java:128)
at java.base/java.util.ArrayList.forEach(ArrayList.java:1596)
at org.testng.TestRunner.privateRun(TestRunner.java:794)
at org.testng.TestRunner.run(TestRunner.java:596)
at org.testng.SuiteRunner.runTest(SuiteRunner.java:377)
at org.testng.SuiteRunner.runSequentially(SuiteRunner.java:371)
at org.testng.SuiteRunner.privateRun(SuiteRunner.java:332)
at org.testng.SuiteRunner.run(SuiteRunner.java:276)
at org.testng.SuiteRunnerWorker.runSuite(SuiteRunnerWorker.java:53)
at org.testng.SuiteRunnerWorker.run(SuiteRunnerWorker.java:96)
at org.testng.TestNG.runSuitesSequentially(TestNG.java:1212)
at org.testng.TestNG.runSuitesLocally(TestNG.java:1134)
at org.testng.TestNG.runSuites(TestNG.java:1063)
at org.testng.TestNG.run(TestNG.java:1031)
at org.testng.remote.AbstractRemoteTestNG.run(AbstractRemoteTestNG.java:115)
at org.testng.remote.RemoteTestNG.initAndRun(RemoteTestNG.java:293)
at org.testng.remote.RemoteTestNG.main(RemoteTestNG.java:91)
]]>
            </full-stacktrace>
          </exception> <!-- org.openqa.selenium.TimeoutException -->
          <reporter-output>
          </reporter-output>
        </test-method> <!-- TS012_VerifyExhibitorDigitalEventsComponentTest -->
        <test-method signature="TS011_VerifyExhibitorDigitalShowroomHeroComponentView3DShowroomTest()[pri:11, instance:lasvegasmarket_PROD.ExhibitorDigitalShowroom@177bea38]" started-at="2025-02-13T16:50:09 IST" name="TS011_VerifyExhibitorDigitalShowroomHeroComponentView3DShowroomTest" finished-at="2025-02-13T16:51:27 IST" duration-ms="77565" status="PASS">
          <reporter-output>
          </reporter-output>
        </test-method> <!-- TS011_VerifyExhibitorDigitalShowroomHeroComponentView3DShowroomTest -->
        <test-method signature="TS010_VerifyExhibitorDigitalShowroomHeroComponentVisitExhibitorsiteTest()[pri:12, instance:lasvegasmarket_PROD.ExhibitorDigitalShowroom@177bea38]" started-at="2025-02-13T16:51:27 IST" name="TS010_VerifyExhibitorDigitalShowroomHeroComponentVisitExhibitorsiteTest" finished-at="2025-02-13T16:52:56 IST" duration-ms="88827" status="PASS">
          <reporter-output>
          </reporter-output>
        </test-method> <!-- TS010_VerifyExhibitorDigitalShowroomHeroComponentVisitExhibitorsiteTest -->
        <test-method signature="TS014_VerifyExhibitorDigitalShowroomShowSpecialsTest()[pri:13, instance:lasvegasmarket_PROD.ExhibitorDigitalShowroom@177bea38]" started-at="2025-02-13T16:52:56 IST" name="TS014_VerifyExhibitorDigitalShowroomShowSpecialsTest" finished-at="2025-02-13T16:54:40 IST" duration-ms="103815" status="PASS">
          <reporter-output>
          </reporter-output>
        </test-method> <!-- TS014_VerifyExhibitorDigitalShowroomShowSpecialsTest -->
        <test-method signature="TS013_VerifyCatalogsSectionForExhibitorTest()[pri:14, instance:lasvegasmarket_PROD.ExhibitorDigitalShowroom@177bea38]" started-at="2025-02-13T16:54:40 IST" name="TS013_VerifyCatalogsSectionForExhibitorTest" finished-at="2025-02-13T16:56:07 IST" duration-ms="86969" status="FAIL">
          <exception class="org.openqa.selenium.ElementClickInterceptedException">
            <message>
              <![CDATA[element click intercepted: Element is not clickable at point (233, 1050)
  (Session info: chrome=132.0.6834.196)
Build info: version: '4.25.0', revision: '8a8aea2337'
System info: os.name: 'Windows 11', os.arch: 'amd64', os.version: '10.0', java.version: '21.0.3'
Driver info: org.openqa.selenium.chrome.ChromeDriver
Command: [c34929fad80a1971a8b7570c2790d35f, clickElement {id=f.F394D1DF2279236F68083AAD0DE3DB49.d.CC15FDB877E1539AE40E6DCB2A4C6EE4.e.6829}]
Capabilities {acceptInsecureCerts: false, browserName: chrome, browserVersion: 132.0.6834.196, chrome: {chromedriverVersion: 132.0.6834.159 (2d77d3fc445..., userDataDir: C:\Users\swapnili\AppData\L...}, fedcm:accounts: true, goog:chromeOptions: {debuggerAddress: localhost:54345}, networkConnectionEnabled: false, pageLoadStrategy: normal, platformName: windows, proxy: Proxy(), se:cdp: ws://localhost:54345/devtoo..., se:cdpVersion: 132.0.6834.196, setWindowRect: true, strictFileInteractability: false, timeouts: {implicit: 0, pageLoad: 300000, script: 30000}, unhandledPromptBehavior: dismiss and notify, webauthn:extension:credBlob: true, webauthn:extension:largeBlob: true, webauthn:extension:minPinLength: true, webauthn:extension:prf: true, webauthn:virtualAuthenticators: true}
Element: [[ChromeDriver: chrome on windows (c34929fad80a1971a8b7570c2790d35f)] -> xpath: //h4[contains(text(),'Digital Showroom')]]
Session ID: c34929fad80a1971a8b7570c2790d35f]]>
            </message>
            <full-stacktrace>
              <![CDATA[org.openqa.selenium.ElementClickInterceptedException: element click intercepted: Element is not clickable at point (233, 1050)
  (Session info: chrome=132.0.6834.196)
Build info: version: '4.25.0', revision: '8a8aea2337'
System info: os.name: 'Windows 11', os.arch: 'amd64', os.version: '10.0', java.version: '21.0.3'
Driver info: org.openqa.selenium.chrome.ChromeDriver
Command: [c34929fad80a1971a8b7570c2790d35f, clickElement {id=f.F394D1DF2279236F68083AAD0DE3DB49.d.CC15FDB877E1539AE40E6DCB2A4C6EE4.e.6829}]
Capabilities {acceptInsecureCerts: false, browserName: chrome, browserVersion: 132.0.6834.196, chrome: {chromedriverVersion: 132.0.6834.159 (2d77d3fc445..., userDataDir: C:\Users\swapnili\AppData\L...}, fedcm:accounts: true, goog:chromeOptions: {debuggerAddress: localhost:54345}, networkConnectionEnabled: false, pageLoadStrategy: normal, platformName: windows, proxy: Proxy(), se:cdp: ws://localhost:54345/devtoo..., se:cdpVersion: 132.0.6834.196, setWindowRect: true, strictFileInteractability: false, timeouts: {implicit: 0, pageLoad: 300000, script: 30000}, unhandledPromptBehavior: dismiss and notify, webauthn:extension:credBlob: true, webauthn:extension:largeBlob: true, webauthn:extension:minPinLength: true, webauthn:extension:prf: true, webauthn:virtualAuthenticators: true}
Element: [[ChromeDriver: chrome on windows (c34929fad80a1971a8b7570c2790d35f)] -> xpath: //h4[contains(text(),'Digital Showroom')]]
Session ID: c34929fad80a1971a8b7570c2790d35f
at java.base/jdk.internal.reflect.DirectConstructorHandleAccessor.newInstance(DirectConstructorHandleAccessor.java:62)
at java.base/java.lang.reflect.Constructor.newInstanceWithCaller(Constructor.java:502)
at java.base/java.lang.reflect.Constructor.newInstance(Constructor.java:486)
at org.openqa.selenium.remote.ErrorCodec.decode(ErrorCodec.java:167)
at org.openqa.selenium.remote.codec.w3c.W3CHttpResponseCodec.decode(W3CHttpResponseCodec.java:138)
at org.openqa.selenium.remote.codec.w3c.W3CHttpResponseCodec.decode(W3CHttpResponseCodec.java:50)
at org.openqa.selenium.remote.HttpCommandExecutor.execute(HttpCommandExecutor.java:190)
at org.openqa.selenium.remote.service.DriverCommandExecutor.invokeExecute(DriverCommandExecutor.java:216)
at org.openqa.selenium.remote.service.DriverCommandExecutor.execute(DriverCommandExecutor.java:174)
at org.openqa.selenium.remote.RemoteWebDriver.execute(RemoteWebDriver.java:545)
at org.openqa.selenium.remote.RemoteWebElement.execute(RemoteWebElement.java:223)
at org.openqa.selenium.remote.RemoteWebElement.click(RemoteWebElement.java:76)
at lasvegasmarket_PROD.ExhibitorDigitalShowroom.TS013_VerifyCatalogsSectionForExhibitorTest(ExhibitorDigitalShowroom.java:798)
at java.base/jdk.internal.reflect.DirectMethodHandleAccessor.invoke(DirectMethodHandleAccessor.java:103)
at java.base/java.lang.reflect.Method.invoke(Method.java:580)
at org.testng.internal.MethodInvocationHelper.invokeMethod(MethodInvocationHelper.java:133)
at org.testng.internal.TestInvoker.invokeMethod(TestInvoker.java:598)
at org.testng.internal.TestInvoker.invokeTestMethod(TestInvoker.java:173)
at org.testng.internal.MethodRunner.runInSequence(MethodRunner.java:46)
at org.testng.internal.TestInvoker$MethodInvocationAgent.invoke(TestInvoker.java:824)
at org.testng.internal.TestInvoker.invokeTestMethods(TestInvoker.java:146)
at org.testng.internal.TestMethodWorker.invokeTestMethods(TestMethodWorker.java:146)
at org.testng.internal.TestMethodWorker.run(TestMethodWorker.java:128)
at java.base/java.util.ArrayList.forEach(ArrayList.java:1596)
at org.testng.TestRunner.privateRun(TestRunner.java:794)
at org.testng.TestRunner.run(TestRunner.java:596)
at org.testng.SuiteRunner.runTest(SuiteRunner.java:377)
at org.testng.SuiteRunner.runSequentially(SuiteRunner.java:371)
at org.testng.SuiteRunner.privateRun(SuiteRunner.java:332)
at org.testng.SuiteRunner.run(SuiteRunner.java:276)
at org.testng.SuiteRunnerWorker.runSuite(SuiteRunnerWorker.java:53)
at org.testng.SuiteRunnerWorker.run(SuiteRunnerWorker.java:96)
at org.testng.TestNG.runSuitesSequentially(TestNG.java:1212)
at org.testng.TestNG.runSuitesLocally(TestNG.java:1134)
at org.testng.TestNG.runSuites(TestNG.java:1063)
at org.testng.TestNG.run(TestNG.java:1031)
at org.testng.remote.AbstractRemoteTestNG.run(AbstractRemoteTestNG.java:115)
at org.testng.remote.RemoteTestNG.initAndRun(RemoteTestNG.java:293)
at org.testng.remote.RemoteTestNG.main(RemoteTestNG.java:91)
]]>
            </full-stacktrace>
          </exception> <!-- org.openqa.selenium.ElementClickInterceptedException -->
          <reporter-output>
          </reporter-output>
        </test-method> <!-- TS013_VerifyCatalogsSectionForExhibitorTest -->
        <test-method signature="TS015_VerifyExhibitorDigitalShowroomHeroComponentContactExhibitorTest()[pri:15, instance:lasvegasmarket_PROD.ExhibitorDigitalShowroom@177bea38]" started-at="2025-02-13T16:56:07 IST" name="TS015_VerifyExhibitorDigitalShowroomHeroComponentContactExhibitorTest" finished-at="2025-02-13T16:57:26 IST" duration-ms="79156" status="PASS">
          <reporter-output>
          </reporter-output>
        </test-method> <!-- TS015_VerifyExhibitorDigitalShowroomHeroComponentContactExhibitorTest -->
        <test-method is-config="true" signature="tearDown()[pri:0, instance:lasvegasmarket_PROD.ExhibitorDigitalShowroom@177bea38]" started-at="2025-02-13T16:57:26 IST" name="tearDown" finished-at="2025-02-13T16:57:28 IST" duration-ms="2007" status="PASS">
          <reporter-output>
          </reporter-output>
        </test-method> <!-- tearDown -->
      </class> <!-- lasvegasmarket_PROD.ExhibitorDigitalShowroom -->
    </test> <!-- RegressionTest -->
  </suite> <!-- LVM_RegressionTestSuite -->
</testng-results>
