<?xml version="1.0" encoding="UTF-8"?>
<testng-results skipped="0" failed="0" total="2" passed="2">
  <reporter-output>
  </reporter-output>
  <suite name="ATLMrkt_RegressionTestSuite" duration-ms="88312" started-at="2022-08-16T09:57:38Z" finished-at="2022-08-16T09:59:07Z">
    <groups>
    </groups>
    <test name="RegressionTest" duration-ms="88312" started-at="2022-08-16T09:57:38Z" finished-at="2022-08-16T09:59:07Z">
      <class name="atlantamarket_UAT.MarketPlanner">
        <test-method status="PASS" signature="initialize()[pri:0, instance:atlantamarket_UAT.MarketPlanner@754ba872]" name="initialize" is-config="true" duration-ms="34308" started-at="2022-08-16T15:27:38Z" finished-at="2022-08-16T15:28:13Z">
          <reporter-output>
          </reporter-output>
        </test-method> <!-- initialize -->
        <test-method status="PASS" signature="TS001_VerifyMarketPlannerLoginTest()[pri:0, instance:atlantamarket_UAT.MarketPlanner@754ba872]" name="TS001_VerifyMarketPlannerLoginTest" duration-ms="28589" started-at="2022-08-16T15:28:13Z" finished-at="2022-08-16T15:28:41Z">
          <reporter-output>
          </reporter-output>
        </test-method> <!-- TS001_VerifyMarketPlannerLoginTest -->
        <test-method status="PASS" signature="TS017_VerifyMPListsCardOverviewTest()[pri:0, instance:atlantamarket_UAT.MarketPlanner@754ba872]" name="TS017_VerifyMPListsCardOverviewTest" duration-ms="25389" started-at="2022-08-16T15:28:41Z" finished-at="2022-08-16T15:29:07Z">
          <reporter-output>
          </reporter-output>
        </test-method> <!-- TS017_VerifyMPListsCardOverviewTest -->
        <test-method status="PASS" signature="tearDown()[pri:0, instance:atlantamarket_UAT.MarketPlanner@754ba872]" name="tearDown" is-config="true" duration-ms="1" started-at="2022-08-16T15:29:07Z" finished-at="2022-08-16T15:29:07Z">
          <reporter-output>
          </reporter-output>
        </test-method> <!-- tearDown -->
      </class> <!-- atlantamarket_UAT.MarketPlanner -->
    </test> <!-- RegressionTest -->
  </suite> <!-- ATLMrkt_RegressionTestSuite -->
</testng-results>
