<?xml version="1.0" encoding="UTF-8"?>
<testng-results skipped="0" failed="0" total="1" passed="1">
  <reporter-output>
  </reporter-output>
  <suite name="ATLMrkt_RegressionTestSuite" duration-ms="185225" started-at="2022-11-22T09:18:02Z" finished-at="2022-11-22T09:21:07Z">
    <groups>
    </groups>
    <test name="RegressionParallelest" duration-ms="185225" started-at="2022-11-22T09:18:02Z" finished-at="2022-11-22T09:21:07Z">
      <class name="atlantamarket_PROD.ExhibitorDigitalShowroom">
        <test-method status="PASS" signature="initialize()[pri:0, instance:atlantamarket_PROD.ExhibitorDigitalShowroom@e25b2fe]" name="initialize" is-config="true" duration-ms="124080" started-at="2022-11-22T14:48:02Z" finished-at="2022-11-22T14:50:06Z">
          <reporter-output>
          </reporter-output>
        </test-method> <!-- initialize -->
        <test-method status="PASS" signature="TS009_VerifyClickOnLineSearchForExhibitorTest()[pri:0, instance:atlantamarket_PROD.ExhibitorDigitalShowroom@e25b2fe]" name="TS009_VerifyClickOnLineSearchForExhibitorTest" duration-ms="61049" started-at="2022-11-22T14:50:06Z" finished-at="2022-11-22T14:51:07Z">
          <reporter-output>
          </reporter-output>
        </test-method> <!-- TS009_VerifyClickOnLineSearchForExhibitorTest -->
      </class> <!-- atlantamarket_PROD.ExhibitorDigitalShowroom -->
    </test> <!-- RegressionParallelest -->
  </suite> <!-- ATLMrkt_RegressionTestSuite -->
</testng-results>
