<?xml version="1.0" encoding="UTF-8"?>
<testng-results skipped="0" failed="0" total="1" passed="1">
  <reporter-output>
  </reporter-output>
  <suite name="ATLMrkt_RegressionTestSuite" duration-ms="120223" started-at="2023-03-22T09:46:37Z" finished-at="2023-03-22T09:48:38Z">
    <groups>
    </groups>
    <test name="RegressionTest" duration-ms="120223" started-at="2023-03-22T09:46:37Z" finished-at="2023-03-22T09:48:38Z">
      <class name="atlantamarket_PROD.GlobalSearch_ProductActions">
        <test-method status="PASS" signature="initialize()[pri:0, instance:atlantamarket_PROD.GlobalSearch_ProductActions@146ba0ac]" name="initialize" is-config="true" duration-ms="65478" started-at="2023-03-22T15:16:37Z" finished-at="2023-03-22T15:17:43Z">
          <reporter-output>
          </reporter-output>
        </test-method> <!-- initialize -->
        <test-method status="PASS" signature="TS009_VerifyProductAddToNewlyCreatedListOnSearchResultsGridTest()[pri:0, instance:atlantamarket_PROD.GlobalSearch_ProductActions@146ba0ac]" name="TS009_VerifyProductAddToNewlyCreatedListOnSearchResultsGridTest" duration-ms="54711" started-at="2023-03-22T15:17:43Z" finished-at="2023-03-22T15:18:38Z">
          <reporter-output>
          </reporter-output>
        </test-method> <!-- TS009_VerifyProductAddToNewlyCreatedListOnSearchResultsGridTest -->
        <test-method status="PASS" signature="tearDown()[pri:0, instance:atlantamarket_PROD.GlobalSearch_ProductActions@146ba0ac]" name="tearDown" is-config="true" duration-ms="1" started-at="2023-03-22T15:18:38Z" finished-at="2023-03-22T15:18:38Z">
          <reporter-output>
          </reporter-output>
        </test-method> <!-- tearDown -->
      </class> <!-- atlantamarket_PROD.GlobalSearch_ProductActions -->
    </test> <!-- RegressionTest -->
  </suite> <!-- ATLMrkt_RegressionTestSuite -->
</testng-results>
