<?xml version="1.0" encoding="UTF-8"?>
<testng-results skipped="0" failed="2" total="15" passed="13">
  <reporter-output>
  </reporter-output>
  <suite name="LVM_RegressionTestSuite" duration-ms="715850" started-at="2023-03-29T11:58:06Z" finished-at="2023-03-29T12:10:02Z">
    <groups>
    </groups>
    <test name="RegressionTest" duration-ms="715850" started-at="2023-03-29T11:58:06Z" finished-at="2023-03-29T12:10:02Z">
      <class name="lasvegasmarket_PROD.EvenntsAndWebinar">
        <test-method status="PASS" signature="initialize()[pri:0, instance:lasvegasmarket_PROD.EvenntsAndWebinar@146ba0ac]" name="initialize" is-config="true" duration-ms="55393" started-at="2023-03-29T17:28:06Z" finished-at="2023-03-29T17:29:02Z">
          <reporter-output>
          </reporter-output>
        </test-method> <!-- initialize -->
        <test-method status="PASS" signature="TS011_VerifyExhibitorEventsListTest()[pri:0, instance:lasvegasmarket_PROD.EvenntsAndWebinar@146ba0ac]" name="TS011_VerifyExhibitorEventsListTest" duration-ms="26757" started-at="2023-03-29T17:29:02Z" finished-at="2023-03-29T17:29:29Z">
          <reporter-output>
          </reporter-output>
        </test-method> <!-- TS011_VerifyExhibitorEventsListTest -->
        <test-method status="PASS" signature="TS001_VerifyEventsAndWebinarsOverviewTest()[pri:0, instance:lasvegasmarket_PROD.EvenntsAndWebinar@146ba0ac]" name="TS001_VerifyEventsAndWebinarsOverviewTest" duration-ms="7735" started-at="2023-03-29T17:29:29Z" finished-at="2023-03-29T17:29:36Z">
          <reporter-output>
          </reporter-output>
        </test-method> <!-- TS001_VerifyEventsAndWebinarsOverviewTest -->
        <test-method status="PASS" signature="TS002_VerifyIMCEventsSearchbarTest()[pri:0, instance:lasvegasmarket_PROD.EvenntsAndWebinar@146ba0ac]" name="TS002_VerifyIMCEventsSearchbarTest" duration-ms="13429" started-at="2023-03-29T17:29:36Z" finished-at="2023-03-29T17:29:50Z">
          <reporter-output>
          </reporter-output>
        </test-method> <!-- TS002_VerifyIMCEventsSearchbarTest -->
        <test-method status="PASS" signature="TS003_VerifyIMCEventsCalendarViewTest()[pri:0, instance:lasvegasmarket_PROD.EvenntsAndWebinar@146ba0ac]" name="TS003_VerifyIMCEventsCalendarViewTest" duration-ms="12909" started-at="2023-03-29T17:29:50Z" finished-at="2023-03-29T17:30:03Z">
          <reporter-output>
          </reporter-output>
        </test-method> <!-- TS003_VerifyIMCEventsCalendarViewTest -->
        <test-method status="PASS" signature="TS004_VerifyIMCEventsEventsListTest()[pri:0, instance:lasvegasmarket_PROD.EvenntsAndWebinar@146ba0ac]" name="TS004_VerifyIMCEventsEventsListTest" duration-ms="18778" started-at="2023-03-29T17:30:03Z" finished-at="2023-03-29T17:30:21Z">
          <reporter-output>
          </reporter-output>
        </test-method> <!-- TS004_VerifyIMCEventsEventsListTest -->
        <test-method status="FAIL" signature="TS005_VerifyIMCEventsEventDetailstTest()[pri:0, instance:lasvegasmarket_PROD.EvenntsAndWebinar@146ba0ac]" name="TS005_VerifyIMCEventsEventDetailstTest" duration-ms="62136" started-at="2023-03-29T17:30:21Z" finished-at="2023-03-29T17:31:24Z">
          <exception class="java.lang.AssertionError">
            <message>
              <![CDATA[expected [true] but found [false]]]>
            </message>
            <full-stacktrace>
              <![CDATA[java.lang.AssertionError: expected [true] but found [false]
	at org.testng.Assert.fail(Assert.java:94)
	at org.testng.Assert.failNotEquals(Assert.java:494)
	at org.testng.Assert.assertTrue(Assert.java:42)
	at org.testng.Assert.assertTrue(Assert.java:52)
	at lasvegasmarket_PROD.EvenntsAndWebinar.TS005_VerifyIMCEventsEventDetailstTest(EvenntsAndWebinar.java:449)
	at sun.reflect.NativeMethodAccessorImpl.invoke0(Native Method)
	at sun.reflect.NativeMethodAccessorImpl.invoke(Unknown Source)
	at sun.reflect.DelegatingMethodAccessorImpl.invoke(Unknown Source)
	at java.lang.reflect.Method.invoke(Unknown Source)
	at org.testng.internal.MethodInvocationHelper.invokeMethod(MethodInvocationHelper.java:80)
	at org.testng.internal.Invoker.invokeMethod(Invoker.java:714)
	at org.testng.internal.Invoker.invokeTestMethod(Invoker.java:901)
	at org.testng.internal.Invoker.invokeTestMethods(Invoker.java:1231)
	at org.testng.internal.TestMethodWorker.invokeTestMethods(TestMethodWorker.java:127)
	at org.testng.internal.TestMethodWorker.run(TestMethodWorker.java:111)
	at org.testng.TestRunner.privateRun(TestRunner.java:767)
	at org.testng.TestRunner.run(TestRunner.java:617)
	at org.testng.SuiteRunner.runTest(SuiteRunner.java:334)
	at org.testng.SuiteRunner.runSequentially(SuiteRunner.java:329)
	at org.testng.SuiteRunner.privateRun(SuiteRunner.java:291)
	at org.testng.SuiteRunner.run(SuiteRunner.java:240)
	at org.testng.SuiteRunnerWorker.runSuite(SuiteRunnerWorker.java:52)
	at org.testng.SuiteRunnerWorker.run(SuiteRunnerWorker.java:86)
	at org.testng.TestNG.runSuitesSequentially(TestNG.java:1198)
	at org.testng.TestNG.runSuitesLocally(TestNG.java:1123)
	at org.testng.TestNG.run(TestNG.java:1031)
	at org.testng.remote.AbstractRemoteTestNG.run(AbstractRemoteTestNG.java:126)
	at org.testng.remote.RemoteTestNG.initAndRun(RemoteTestNG.java:137)
	at org.testng.remote.RemoteTestNG.main(RemoteTestNG.java:58)
]]>
            </full-stacktrace>
          </exception> <!-- java.lang.AssertionError -->
          <reporter-output>
          </reporter-output>
        </test-method> <!-- TS005_VerifyIMCEventsEventDetailstTest -->
        <test-method status="PASS" signature="TS006_VerifyIMCEventsAddToFavoriteTest()[pri:0, instance:lasvegasmarket_PROD.EvenntsAndWebinar@146ba0ac]" name="TS006_VerifyIMCEventsAddToFavoriteTest" duration-ms="35453" started-at="2023-03-29T17:31:24Z" finished-at="2023-03-29T17:31:59Z">
          <reporter-output>
          </reporter-output>
        </test-method> <!-- TS006_VerifyIMCEventsAddToFavoriteTest -->
        <test-method status="PASS" signature="TS008_VerifyIMCEventsAddNoteTest()[pri:0, instance:lasvegasmarket_PROD.EvenntsAndWebinar@146ba0ac]" name="TS008_VerifyIMCEventsAddNoteTest" duration-ms="47586" started-at="2023-03-29T17:31:59Z" finished-at="2023-03-29T17:32:47Z">
          <reporter-output>
          </reporter-output>
        </test-method> <!-- TS008_VerifyIMCEventsAddNoteTest -->
        <test-method status="PASS" signature="TS009_VerifyExhibitorEventsSearchbarTest()[pri:0, instance:lasvegasmarket_PROD.EvenntsAndWebinar@146ba0ac]" name="TS009_VerifyExhibitorEventsSearchbarTest" duration-ms="13154" started-at="2023-03-29T17:32:47Z" finished-at="2023-03-29T17:33:00Z">
          <reporter-output>
          </reporter-output>
        </test-method> <!-- TS009_VerifyExhibitorEventsSearchbarTest -->
        <test-method status="PASS" signature="TS010_VerifyExhibitorEventsCalendarViewTest()[pri:0, instance:lasvegasmarket_PROD.EvenntsAndWebinar@146ba0ac]" name="TS010_VerifyExhibitorEventsCalendarViewTest" duration-ms="167223" started-at="2023-03-29T17:33:00Z" finished-at="2023-03-29T17:35:47Z">
          <reporter-output>
          </reporter-output>
        </test-method> <!-- TS010_VerifyExhibitorEventsCalendarViewTest -->
        <test-method status="FAIL" signature="TS012_VerifyExhibitorEventsDetailstTest()[pri:0, instance:lasvegasmarket_PROD.EvenntsAndWebinar@146ba0ac]" name="TS012_VerifyExhibitorEventsDetailstTest" duration-ms="41862" started-at="2023-03-29T17:35:47Z" finished-at="2023-03-29T17:36:29Z">
          <exception class="org.openqa.selenium.TimeoutException">
            <message>
              <![CDATA[Expected condition failed: waiting for visibility of element located by By.xpath: //div[@class='imc-section--alt-gray-light imc-eventdetail__box imc-eventdetail__box--eventpadding imc-content--primary-desktop']/../../section[3]/div[1]/div[1]/span[1] (tried for 20 second(s) with 500 milliseconds interval)]]>
            </message>
            <full-stacktrace>
              <![CDATA[org.openqa.selenium.TimeoutException: Expected condition failed: waiting for visibility of element located by By.xpath: //div[@class='imc-section--alt-gray-light imc-eventdetail__box imc-eventdetail__box--eventpadding imc-content--primary-desktop']/../../section[3]/div[1]/div[1]/span[1] (tried for 20 second(s) with 500 milliseconds interval)
	at org.openqa.selenium.support.ui.WebDriverWait.timeoutException(WebDriverWait.java:95)
	at org.openqa.selenium.support.ui.FluentWait.until(FluentWait.java:272)
	at pageObjects.LasVegasMarket.LVMEventsAndWebinarPage.getlvmTagIcon(LVMEventsAndWebinarPage.java:143)
	at lasvegasmarket_PROD.EvenntsAndWebinar.TS012_VerifyExhibitorEventsDetailstTest(EvenntsAndWebinar.java:1108)
	at sun.reflect.NativeMethodAccessorImpl.invoke0(Native Method)
	at sun.reflect.NativeMethodAccessorImpl.invoke(Unknown Source)
	at sun.reflect.DelegatingMethodAccessorImpl.invoke(Unknown Source)
	at java.lang.reflect.Method.invoke(Unknown Source)
	at org.testng.internal.MethodInvocationHelper.invokeMethod(MethodInvocationHelper.java:80)
	at org.testng.internal.Invoker.invokeMethod(Invoker.java:714)
	at org.testng.internal.Invoker.invokeTestMethod(Invoker.java:901)
	at org.testng.internal.Invoker.invokeTestMethods(Invoker.java:1231)
	at org.testng.internal.TestMethodWorker.invokeTestMethods(TestMethodWorker.java:127)
	at org.testng.internal.TestMethodWorker.run(TestMethodWorker.java:111)
	at org.testng.TestRunner.privateRun(TestRunner.java:767)
	at org.testng.TestRunner.run(TestRunner.java:617)
	at org.testng.SuiteRunner.runTest(SuiteRunner.java:334)
	at org.testng.SuiteRunner.runSequentially(SuiteRunner.java:329)
	at org.testng.SuiteRunner.privateRun(SuiteRunner.java:291)
	at org.testng.SuiteRunner.run(SuiteRunner.java:240)
	at org.testng.SuiteRunnerWorker.runSuite(SuiteRunnerWorker.java:52)
	at org.testng.SuiteRunnerWorker.run(SuiteRunnerWorker.java:86)
	at org.testng.TestNG.runSuitesSequentially(TestNG.java:1198)
	at org.testng.TestNG.runSuitesLocally(TestNG.java:1123)
	at org.testng.TestNG.run(TestNG.java:1031)
	at org.testng.remote.AbstractRemoteTestNG.run(AbstractRemoteTestNG.java:126)
	at org.testng.remote.RemoteTestNG.initAndRun(RemoteTestNG.java:137)
	at org.testng.remote.RemoteTestNG.main(RemoteTestNG.java:58)
Caused by: org.openqa.selenium.NoSuchElementException: no such element: Unable to locate element: {"method":"xpath","selector":"//div[@class='imc-section--alt-gray-light imc-eventdetail__box imc-eventdetail__box--eventpadding imc-content--primary-desktop']/../../section[3]/div[1]/div[1]/span[1]"}
  (Session info: chrome=111.0.5563.66)
For documentation on this error, please visit: https://www.seleniumhq.org/exceptions/no_such_element.html
Build info: version: '3.141.59', revision: 'e82be7d358', time: '2018-11-14T08:25:48'
System info: host: 'EON-SWAPNILI', ip: '172.22.22.78', os.name: 'Windows 10', os.arch: 'amd64', os.version: '10.0', java.version: '1.8.0_311'
Driver info: org.openqa.selenium.chrome.ChromeDriver
Capabilities {acceptInsecureCerts: false, browserName: chrome, browserVersion: 111.0.5563.66, chrome: {chromedriverVersion: 111.0.5563.64 (c710e93d5b63..., userDataDir: C:\Users\swapnili\AppData\L...}, goog:chromeOptions: {debuggerAddress: localhost:56655}, javascriptEnabled: true, networkConnectionEnabled: false, pageLoadStrategy: normal, platform: WINDOWS, platformName: WINDOWS, proxy: Proxy(), setWindowRect: true, strictFileInteractability: false, timeouts: {implicit: 0, pageLoad: 300000, script: 30000}, unhandledPromptBehavior: dismiss and notify, webauthn:extension:credBlob: true, webauthn:extension:largeBlob: true, webauthn:extension:minPinLength: true, webauthn:extension:prf: true, webauthn:virtualAuthenticators: true}
Session ID: e1ea68df8e958fd29b3aebfe16b07af1
*** Element info: {Using=xpath, value=//div[@class='imc-section--alt-gray-light imc-eventdetail__box imc-eventdetail__box--eventpadding imc-content--primary-desktop']/../../section[3]/div[1]/div[1]/span[1]}
	at sun.reflect.NativeConstructorAccessorImpl.newInstance0(Native Method)
	at sun.reflect.NativeConstructorAccessorImpl.newInstance(Unknown Source)
	at sun.reflect.DelegatingConstructorAccessorImpl.newInstance(Unknown Source)
	at java.lang.reflect.Constructor.newInstance(Unknown Source)
	at org.openqa.selenium.remote.http.W3CHttpResponseCodec.createException(W3CHttpResponseCodec.java:187)
	at org.openqa.selenium.remote.http.W3CHttpResponseCodec.decode(W3CHttpResponseCodec.java:122)
	at org.openqa.selenium.remote.http.W3CHttpResponseCodec.decode(W3CHttpResponseCodec.java:49)
	at org.openqa.selenium.remote.HttpCommandExecutor.execute(HttpCommandExecutor.java:158)
	at org.openqa.selenium.remote.service.DriverCommandExecutor.execute(DriverCommandExecutor.java:83)
	at org.openqa.selenium.remote.RemoteWebDriver.execute(RemoteWebDriver.java:552)
	at org.openqa.selenium.remote.RemoteWebDriver.findElement(RemoteWebDriver.java:323)
	at org.openqa.selenium.remote.RemoteWebDriver.findElementByXPath(RemoteWebDriver.java:428)
	at org.openqa.selenium.By$ByXPath.findElement(By.java:353)
	at org.openqa.selenium.remote.RemoteWebDriver.findElement(RemoteWebDriver.java:315)
	at org.openqa.selenium.support.ui.ExpectedConditions$7.apply(ExpectedConditions.java:205)
	at org.openqa.selenium.support.ui.ExpectedConditions$7.apply(ExpectedConditions.java:201)
	at org.openqa.selenium.support.ui.FluentWait.until(FluentWait.java:249)
	... 26 more
]]>
            </full-stacktrace>
          </exception> <!-- org.openqa.selenium.TimeoutException -->
          <reporter-output>
          </reporter-output>
        </test-method> <!-- TS012_VerifyExhibitorEventsDetailstTest -->
        <test-method status="PASS" signature="TS013_VerifyExhibitorEventsAddToFavoriteTest()[pri:0, instance:lasvegasmarket_PROD.EvenntsAndWebinar@146ba0ac]" name="TS013_VerifyExhibitorEventsAddToFavoriteTest" duration-ms="64018" started-at="2023-03-29T17:36:29Z" finished-at="2023-03-29T17:37:33Z">
          <reporter-output>
          </reporter-output>
        </test-method> <!-- TS013_VerifyExhibitorEventsAddToFavoriteTest -->
        <test-method status="PASS" signature="TS014_VerifyExhibitorEventsAddToListTest()[pri:0, instance:lasvegasmarket_PROD.EvenntsAndWebinar@146ba0ac]" name="TS014_VerifyExhibitorEventsAddToListTest" duration-ms="40515" started-at="2023-03-29T17:37:33Z" finished-at="2023-03-29T17:38:13Z">
          <reporter-output>
          </reporter-output>
        </test-method> <!-- TS014_VerifyExhibitorEventsAddToListTest -->
        <test-method status="PASS" signature="TS015_VerifyExhibitorEventsAddNoteTest()[pri:0, instance:lasvegasmarket_PROD.EvenntsAndWebinar@146ba0ac]" name="TS015_VerifyExhibitorEventsAddNoteTest" duration-ms="45280" started-at="2023-03-29T17:38:13Z" finished-at="2023-03-29T17:38:59Z">
          <reporter-output>
          </reporter-output>
        </test-method> <!-- TS015_VerifyExhibitorEventsAddNoteTest -->
        <test-method status="PASS" signature="TS007_VerifyIMCEventsAddToListTest()[pri:0, instance:lasvegasmarket_PROD.EvenntsAndWebinar@146ba0ac]" name="TS007_VerifyIMCEventsAddToListTest" duration-ms="63580" started-at="2023-03-29T17:38:59Z" finished-at="2023-03-29T17:40:02Z">
          <reporter-output>
          </reporter-output>
        </test-method> <!-- TS007_VerifyIMCEventsAddToListTest -->
        <test-method status="PASS" signature="tearDown()[pri:0, instance:lasvegasmarket_PROD.EvenntsAndWebinar@146ba0ac]" name="tearDown" is-config="true" duration-ms="0" started-at="2023-03-29T17:40:02Z" finished-at="2023-03-29T17:40:02Z">
          <reporter-output>
          </reporter-output>
        </test-method> <!-- tearDown -->
      </class> <!-- lasvegasmarket_PROD.EvenntsAndWebinar -->
    </test> <!-- RegressionTest -->
  </suite> <!-- LVM_RegressionTestSuite -->
</testng-results>
