<?xml version="1.0" encoding="UTF-8"?>

<testng-results skipped="0" failed="0" total="1" passed="1">
  <reporter-output>
  </reporter-output>
  <suite name="ATLMrkt_RegressionTestSuite" duration-ms="72123" started-at="2022-07-12T13:56:00Z" finished-at="2022-07-12T13:57:12Z">
    <groups>
    </groups>
    <test name="RegressionTest" duration-ms="72123" started-at="2022-07-12T13:56:00Z" finished-at="2022-07-12T13:57:12Z">
      <class name="atlantamarket_UAT.GlobalSearch_LeftPaneFilters">
        <test-method status="PASS" signature="initialize()[pri:0, instance:atlantamarket_UAT.GlobalSearch_LeftPaneFilters@68c4039c]" name="initialize" is-config="true" duration-ms="30571" started-at="2022-07-12T19:26:00Z" finished-at="2022-07-12T19:26:31Z">
          <reporter-output>
          </reporter-output>
        </test-method> <!-- initialize -->
        <test-method status="PASS" signature="TS003_VerifySelectionOfProductCategoriesFilterCombinationWithStyleFromLeftPaneFiltersTest()[pri:0, instance:atlantamarket_UAT.GlobalSearch_LeftPaneFilters@68c4039c]" name="TS003_VerifySelectionOfProductCategoriesFilterCombinationWithStyleFromLeftPaneFiltersTest" duration-ms="41520" started-at="2022-07-12T19:26:31Z" finished-at="2022-07-12T19:27:12Z">
          <reporter-output>
          </reporter-output>
        </test-method> <!-- TS003_VerifySelectionOfProductCategoriesFilterCombinationWithStyleFromLeftPaneFiltersTest -->
      </class> <!-- atlantamarket_UAT.GlobalSearch_LeftPaneFilters -->

<testng-results skipped="1" failed="0" total="1" passed="0">
  <reporter-output>
  </reporter-output>
  <suite name="ATLMrkt_RegressionTestSuite" duration-ms="64072" started-at="2022-07-13T06:00:11Z" finished-at="2022-07-13T06:01:15Z">
    <groups>
    </groups>
    <test name="RegressionTest" duration-ms="64072" started-at="2022-07-13T06:00:11Z" finished-at="2022-07-13T06:01:15Z">
      <class name="atlantamarket_PROD.GlobalSearch_ProductActions">
        <test-method status="FAIL" signature="initialize()[pri:0, instance:atlantamarket_PROD.GlobalSearch_ProductActions@59f99ea]" name="initialize" is-config="true" duration-ms="0" started-at="2022-07-13T11:30:11Z" finished-at="2022-07-13T11:30:11Z">
          <exception class="org.openqa.selenium.WebDriverException">
            <message>
              <![CDATA[unknown error: DevToolsActivePort file doesn't exist
Build info: version: '3.4.0', revision: 'unknown', time: 'unknown'
System info: host: 'NILAMMA-W10', ip: '192.168.68.2', os.name: 'Windows 10', os.arch: 'amd64', os.version: '10.0', java.version: '1.8.0_161'
Driver info: driver.version: ChromeDriver
remote stacktrace: Backtrace:
	Ordinal0 [0x0027D953+2414931]
	Ordinal0 [0x0020F5E1+1963489]
	Ordinal0 [0x000FC6B8+837304]
	Ordinal0 [0x0011BED2+966354]
	Ordinal0 [0x0011851C+951580]
	Ordinal0 [0x00115FB1+942001]
	Ordinal0 [0x00149100+1151232]
	Ordinal0 [0x00148D5A+1150298]
	Ordinal0 [0x001442B6+1131190]
	Ordinal0 [0x0011E860+976992]
	Ordinal0 [0x0011F756+980822]
	GetHandleVerifier [0x004ECC62+2510274]
	GetHandleVerifier [0x004DF760+2455744]
	GetHandleVerifier [0x0030EABA+551962]
	GetHandleVerifier [0x0030D916+547446]
	Ordinal0 [0x00215F3B+1990459]
	Ordinal0 [0x0021A898+2009240]
	Ordinal0 [0x0021A985+2009477]
	Ordinal0 [0x00223AD1+2046673]
	BaseThreadInitThunk [0x77320419+25]
	RtlGetAppContainerNamedObjectPath [0x778F72ED+237]
	RtlGetAppContainerNamedObjectPath [0x778F72BD+189]
	(No symbol) [0x00000000]
]]>
            </message>
            <full-stacktrace>
              <![CDATA[org.openqa.selenium.WebDriverException: unknown error: DevToolsActivePort file doesn't exist
Build info: version: '3.4.0', revision: 'unknown', time: 'unknown'
System info: host: 'NILAMMA-W10', ip: '192.168.68.2', os.name: 'Windows 10', os.arch: 'amd64', os.version: '10.0', java.version: '1.8.0_161'
Driver info: driver.version: ChromeDriver
remote stacktrace: Backtrace:
	Ordinal0 [0x0027D953+2414931]
	Ordinal0 [0x0020F5E1+1963489]
	Ordinal0 [0x000FC6B8+837304]
	Ordinal0 [0x0011BED2+966354]
	Ordinal0 [0x0011851C+951580]
	Ordinal0 [0x00115FB1+942001]
	Ordinal0 [0x00149100+1151232]
	Ordinal0 [0x00148D5A+1150298]
	Ordinal0 [0x001442B6+1131190]
	Ordinal0 [0x0011E860+976992]
	Ordinal0 [0x0011F756+980822]
	GetHandleVerifier [0x004ECC62+2510274]
	GetHandleVerifier [0x004DF760+2455744]
	GetHandleVerifier [0x0030EABA+551962]
	GetHandleVerifier [0x0030D916+547446]
	Ordinal0 [0x00215F3B+1990459]
	Ordinal0 [0x0021A898+2009240]
	Ordinal0 [0x0021A985+2009477]
	Ordinal0 [0x00223AD1+2046673]
	BaseThreadInitThunk [0x77320419+25]
	RtlGetAppContainerNamedObjectPath [0x778F72ED+237]
	RtlGetAppContainerNamedObjectPath [0x778F72BD+189]
	(No symbol) [0x00000000]

	at sun.reflect.NativeConstructorAccessorImpl.newInstance0(Native Method)
	at sun.reflect.NativeConstructorAccessorImpl.newInstance(Unknown Source)
	at sun.reflect.DelegatingConstructorAccessorImpl.newInstance(Unknown Source)
	at java.lang.reflect.Constructor.newInstance(Unknown Source)
	at org.openqa.selenium.remote.W3CHandshakeResponse.lambda$new$0(W3CHandshakeResponse.java:57)
	at org.openqa.selenium.remote.W3CHandshakeResponse.lambda$getResponseFunction$2(W3CHandshakeResponse.java:104)
	at org.openqa.selenium.remote.ProtocolHandshake.lambda$createSession$22(ProtocolHandshake.java:365)
	at java.util.stream.ReferencePipeline$3$1.accept(Unknown Source)
	at java.util.Spliterators$ArraySpliterator.tryAdvance(Unknown Source)
	at java.util.stream.ReferencePipeline.forEachWithCancel(Unknown Source)
	at java.util.stream.AbstractPipeline.copyIntoWithCancel(Unknown Source)
	at java.util.stream.AbstractPipeline.copyInto(Unknown Source)
	at java.util.stream.AbstractPipeline.wrapAndCopyInto(Unknown Source)
	at java.util.stream.FindOps$FindOp.evaluateSequential(Unknown Source)
	at java.util.stream.AbstractPipeline.evaluate(Unknown Source)
	at java.util.stream.ReferencePipeline.findFirst(Unknown Source)
	at org.openqa.selenium.remote.ProtocolHandshake.createSession(ProtocolHandshake.java:368)
	at org.openqa.selenium.remote.ProtocolHandshake.createSession(ProtocolHandshake.java:159)
	at org.openqa.selenium.remote.HttpCommandExecutor.execute(HttpCommandExecutor.java:142)
	at org.openqa.selenium.remote.service.DriverCommandExecutor.execute(DriverCommandExecutor.java:82)
	at org.openqa.selenium.remote.RemoteWebDriver.execute(RemoteWebDriver.java:637)
	at org.openqa.selenium.remote.RemoteWebDriver.startSession(RemoteWebDriver.java:250)
	at org.openqa.selenium.remote.RemoteWebDriver.startSession(RemoteWebDriver.java:236)
	at org.openqa.selenium.remote.RemoteWebDriver.<init>(RemoteWebDriver.java:137)
	at org.openqa.selenium.chrome.ChromeDriver.<init>(ChromeDriver.java:184)
	at org.openqa.selenium.chrome.ChromeDriver.<init>(ChromeDriver.java:171)
	at org.openqa.selenium.chrome.ChromeDriver.<init>(ChromeDriver.java:124)
	at resources.base.initializeDriver(base.java:41)
	at atlantamarket_PROD.GlobalSearch_ProductActions.initialize(GlobalSearch_ProductActions.java:51)
	at sun.reflect.NativeMethodAccessorImpl.invoke0(Native Method)
	at sun.reflect.NativeMethodAccessorImpl.invoke(Unknown Source)
	at sun.reflect.DelegatingMethodAccessorImpl.invoke(Unknown Source)
	at java.lang.reflect.Method.invoke(Unknown Source)
	at org.testng.internal.MethodInvocationHelper.invokeMethod(MethodInvocationHelper.java:80)
	at org.testng.internal.Invoker.invokeConfigurationMethod(Invoker.java:564)
	at org.testng.internal.Invoker.invokeConfigurations(Invoker.java:213)
	at org.testng.internal.Invoker.invokeConfigurations(Invoker.java:138)
	at org.testng.internal.TestMethodWorker.invokeBeforeClassMethods(TestMethodWorker.java:175)
	at org.testng.internal.TestMethodWorker.run(TestMethodWorker.java:107)
	at org.testng.TestRunner.privateRun(TestRunner.java:767)
	at org.testng.TestRunner.run(TestRunner.java:617)
	at org.testng.SuiteRunner.runTest(SuiteRunner.java:334)
	at org.testng.SuiteRunner.runSequentially(SuiteRunner.java:329)
	at org.testng.SuiteRunner.privateRun(SuiteRunner.java:291)
	at org.testng.SuiteRunner.run(SuiteRunner.java:240)
	at org.testng.SuiteRunnerWorker.runSuite(SuiteRunnerWorker.java:52)
	at org.testng.SuiteRunnerWorker.run(SuiteRunnerWorker.java:86)
	at org.testng.TestNG.runSuitesSequentially(TestNG.java:1198)
	at org.testng.TestNG.runSuitesLocally(TestNG.java:1123)
	at org.testng.TestNG.run(TestNG.java:1031)
	at org.testng.remote.AbstractRemoteTestNG.run(AbstractRemoteTestNG.java:132)
	at org.testng.remote.RemoteTestNG.initAndRun(RemoteTestNG.java:236)
	at org.testng.remote.RemoteTestNG.main(RemoteTestNG.java:81)
]]>
            </full-stacktrace>
          </exception> <!-- org.openqa.selenium.WebDriverException -->
          <reporter-output>
          </reporter-output>
        </test-method> <!-- initialize -->
        <test-method status="SKIP" signature="TS004_VerifyAddToFavoriteOnProductDetailsPageTest()[pri:0, instance:atlantamarket_PROD.GlobalSearch_ProductActions@59f99ea]" name="TS004_VerifyAddToFavoriteOnProductDetailsPageTest" duration-ms="22" started-at="2022-07-13T11:31:15Z" finished-at="2022-07-13T11:31:15Z">
          <reporter-output>
          </reporter-output>
        </test-method> <!-- TS004_VerifyAddToFavoriteOnProductDetailsPageTest -->
        <test-method status="SKIP" signature="tearDown()[pri:0, instance:atlantamarket_PROD.GlobalSearch_ProductActions@59f99ea]" name="tearDown" is-config="true" duration-ms="0" started-at="2022-07-13T11:31:15Z" finished-at="2022-07-13T11:31:15Z">
          <reporter-output>
          </reporter-output>
        </test-method> <!-- tearDown -->
      </class> <!-- atlantamarket_PROD.GlobalSearch_ProductActions -->

    </test> <!-- RegressionTest -->
  </suite> <!-- ATLMrkt_RegressionTestSuite -->
</testng-results>
