<?xml version="1.0" encoding="UTF-8"?>
<testng-results skipped="0" failed="0" total="1" passed="1">
  <reporter-output>
  </reporter-output>
  <suite name="ATLMrkt_RegressionTestSuite" duration-ms="72251" started-at="2022-07-07T08:13:20Z" finished-at="2022-07-07T08:14:32Z">
    <groups>
    </groups>
    <test name="RegressionTest" duration-ms="72251" started-at="2022-07-07T08:13:20Z" finished-at="2022-07-07T08:14:32Z">
      <class name="atlantamarket.FloorPlans">
        <test-method status="PASS" signature="initialize()[pri:0, instance:atlantamarket.FloorPlans@59f99ea]" name="initialize" is-config="true" duration-ms="48276" started-at="2022-07-07T13:43:20Z" finished-at="2022-07-07T13:44:08Z">
          <reporter-output>
          </reporter-output>
        </test-method> <!-- initialize -->
        <test-method status="PASS" signature="TS001_VerifyNavigationToDifferentFloorBuildingsTest()[pri:0, instance:atlantamarket.FloorPlans@59f99ea]" name="TS001_VerifyNavigationToDifferentFloorBuildingsTest" duration-ms="18963" started-at="2022-07-07T13:44:08Z" finished-at="2022-07-07T13:44:27Z">
          <reporter-output>
          </reporter-output>
        </test-method> <!-- TS001_VerifyNavigationToDifferentFloorBuildingsTest -->
        <test-method status="PASS" signature="tearDown()[pri:0, instance:atlantamarket.FloorPlans@59f99ea]" name="tearDown" is-config="true" duration-ms="4933" started-at="2022-07-07T13:44:27Z" finished-at="2022-07-07T13:44:32Z">
          <reporter-output>
          </reporter-output>
        </test-method> <!-- tearDown -->
      </class> <!-- atlantamarket.FloorPlans -->
    </test> <!-- RegressionTest -->
  </suite> <!-- ATLMrkt_RegressionTestSuite -->
</testng-results>
