<?xml version="1.0" encoding="UTF-8"?>
<testng-results skipped="0" failed="0" total="1" passed="1">
  <reporter-output>
  </reporter-output>
  <suite name="LVM_RegressionTestSuite" duration-ms="166272" started-at="2022-07-20T09:13:39Z" finished-at="2022-07-20T09:16:26Z">
    <groups>
    </groups>
    <test name="RegressionTest" duration-ms="166272" started-at="2022-07-20T09:13:39Z" finished-at="2022-07-20T09:16:26Z">
      <class name="lasvegasmarket_UAT.GlobalSearch_ProductActions">
        <test-method status="PASS" signature="initialize()[pri:0, instance:lasvegasmarket_UAT.GlobalSearch_ProductActions@e25b2fe]" name="initialize" is-config="true" duration-ms="91631" started-at="2022-07-20T14:43:39Z" finished-at="2022-07-20T14:45:11Z">
          <reporter-output>
          </reporter-output>
        </test-method> <!-- initialize -->
        <test-method status="PASS" signature="TS009_VerifyProductAddToNewlyCreatedListOnSearchResultsGridTest()[pri:0, instance:lasvegasmarket_UAT.GlobalSearch_ProductActions@e25b2fe]" name="TS009_VerifyProductAddToNewlyCreatedListOnSearchResultsGridTest" duration-ms="74594" started-at="2022-07-20T14:45:11Z" finished-at="2022-07-20T14:46:26Z">
          <reporter-output>
          </reporter-output>
        </test-method> <!-- TS009_VerifyProductAddToNewlyCreatedListOnSearchResultsGridTest -->
      </class> <!-- lasvegasmarket_UAT.GlobalSearch_ProductActions -->
    </test> <!-- RegressionTest -->
  </suite> <!-- LVM_RegressionTestSuite -->
</testng-results>
