<?xml version="1.0" encoding="UTF-8"?>
<testng-results skipped="0" failed="2" total="4" passed="2">
  <reporter-output>
  </reporter-output>
  <suite name="LVM_RegressionTestSuite" duration-ms="336222" started-at="2022-12-26T05:37:51Z" finished-at="2022-12-26T05:43:27Z">
    <groups>
    </groups>
    <test name="RegressionTest" duration-ms="336222" started-at="2022-12-26T05:37:51Z" finished-at="2022-12-26T05:43:27Z">
      <class name="atlantamarket_PROD.EvenntsAndWebinar">
        <test-method status="PASS" signature="initialize()[pri:0, instance:atlantamarket_PROD.EvenntsAndWebinar@71be98f5]" name="initialize" is-config="true" duration-ms="72166" started-at="2022-12-26T11:07:51Z" finished-at="2022-12-26T11:09:03Z">
          <reporter-output>
          </reporter-output>
        </test-method> <!-- initialize -->
        <test-method status="PASS" signature="TS012_VerifyExhibitorEventsDetailstTest()[pri:0, instance:atlantamarket_PROD.EvenntsAndWebinar@71be98f5]" name="TS012_VerifyExhibitorEventsDetailstTest" duration-ms="26362" started-at="2022-12-26T11:09:03Z" finished-at="2022-12-26T11:09:29Z">
          <reporter-output>
          </reporter-output>
        </test-method> <!-- TS012_VerifyExhibitorEventsDetailstTest -->
        <test-method status="FAIL" signature="TS013_VerifyExhibitorEventsAddToFavoriteTest()[pri:0, instance:atlantamarket_PROD.EvenntsAndWebinar@71be98f5]" name="TS013_VerifyExhibitorEventsAddToFavoriteTest" duration-ms="44385" started-at="2022-12-26T11:09:29Z" finished-at="2022-12-26T11:10:14Z">
          <exception class="org.openqa.selenium.TimeoutException">
            <message>
              <![CDATA[Expected condition failed: waiting for visibility of element located by By.xpath: //li[@class='imc-list-edit--draggable'][1]/div/div[1]/div[1]/a (tried for 20 second(s) with 500 MILLISECONDS interval)]]>
            </message>
            <full-stacktrace>
              <![CDATA[org.openqa.selenium.TimeoutException: Expected condition failed: waiting for visibility of element located by By.xpath: //li[@class='imc-list-edit--draggable'][1]/div/div[1]/div[1]/a (tried for 20 second(s) with 500 MILLISECONDS interval)
	at org.openqa.selenium.support.ui.WebDriverWait.timeoutException(WebDriverWait.java:80)
	at org.openqa.selenium.support.ui.FluentWait.until(FluentWait.java:232)
	at pageObjects.AtlantaMarket.ATLMarketPlannerPage.getATLSavedExhNameInList(ATLMarketPlannerPage.java:480)
	at atlantamarket_PROD.EvenntsAndWebinar.TS013_VerifyExhibitorEventsAddToFavoriteTest(EvenntsAndWebinar.java:1089)
	at sun.reflect.NativeMethodAccessorImpl.invoke0(Native Method)
	at sun.reflect.NativeMethodAccessorImpl.invoke(Unknown Source)
	at sun.reflect.DelegatingMethodAccessorImpl.invoke(Unknown Source)
	at java.lang.reflect.Method.invoke(Unknown Source)
	at org.testng.internal.MethodInvocationHelper.invokeMethod(MethodInvocationHelper.java:80)
	at org.testng.internal.Invoker.invokeMethod(Invoker.java:714)
	at org.testng.internal.Invoker.invokeTestMethod(Invoker.java:901)
	at org.testng.internal.Invoker.invokeTestMethods(Invoker.java:1231)
	at org.testng.internal.TestMethodWorker.invokeTestMethods(TestMethodWorker.java:127)
	at org.testng.internal.TestMethodWorker.run(TestMethodWorker.java:111)
	at org.testng.TestRunner.privateRun(TestRunner.java:767)
	at org.testng.TestRunner.run(TestRunner.java:617)
	at org.testng.SuiteRunner.runTest(SuiteRunner.java:334)
	at org.testng.SuiteRunner.runSequentially(SuiteRunner.java:329)
	at org.testng.SuiteRunner.privateRun(SuiteRunner.java:291)
	at org.testng.SuiteRunner.run(SuiteRunner.java:240)
	at org.testng.SuiteRunnerWorker.runSuite(SuiteRunnerWorker.java:52)
	at org.testng.SuiteRunnerWorker.run(SuiteRunnerWorker.java:86)
	at org.testng.TestNG.runSuitesSequentially(TestNG.java:1198)
	at org.testng.TestNG.runSuitesLocally(TestNG.java:1123)
	at org.testng.TestNG.run(TestNG.java:1031)
	at org.testng.remote.RemoteTestNG.run(RemoteTestNG.java:115)
	at org.testng.remote.RemoteTestNG.initAndRun(RemoteTestNG.java:207)
	at org.testng.remote.RemoteTestNG.main(RemoteTestNG.java:178)
Caused by: org.openqa.selenium.NoSuchElementException: Cannot locate an element using By.xpath: //li[@class='imc-list-edit--draggable'][1]/div/div[1]/div[1]/a
For documentation on this error, please visit: http://seleniumhq.org/exceptions/no_such_element.html
Build info: version: '3.4.0', revision: 'unknown', time: 'unknown'
System info: host: 'ANUPPA-VD3', ip: '172.27.182.66', os.name: 'Windows 10', os.arch: 'amd64', os.version: '10.0', java.version: '1.8.0_351'
Driver info: driver.version: unknown
	at org.openqa.selenium.support.ui.ExpectedConditions.lambda$findElement$0(ExpectedConditions.java:883)
	at java.util.Optional.orElseThrow(Unknown Source)
	at org.openqa.selenium.support.ui.ExpectedConditions.findElement(ExpectedConditions.java:882)
	at org.openqa.selenium.support.ui.ExpectedConditions.access$000(ExpectedConditions.java:44)
	at org.openqa.selenium.support.ui.ExpectedConditions$7.apply(ExpectedConditions.java:206)
	at org.openqa.selenium.support.ui.ExpectedConditions$7.apply(ExpectedConditions.java:202)
	at org.openqa.selenium.support.ui.FluentWait.until(FluentWait.java:209)
	... 26 more
]]>
            </full-stacktrace>
          </exception> <!-- org.openqa.selenium.TimeoutException -->
          <reporter-output>
          </reporter-output>
        </test-method> <!-- TS013_VerifyExhibitorEventsAddToFavoriteTest -->
        <test-method status="FAIL" signature="TS014_VerifyExhibitorEventsAddToListTest()[pri:0, instance:atlantamarket_PROD.EvenntsAndWebinar@71be98f5]" name="TS014_VerifyExhibitorEventsAddToListTest" duration-ms="145670" started-at="2022-12-26T11:10:14Z" finished-at="2022-12-26T11:12:39Z">
          <exception class="org.openqa.selenium.TimeoutException">
            <message>
              <![CDATA[Expected condition failed: waiting for visibility of element located by By.xpath: //li[@class='imc-list-edit--draggable'][1]/div/div[1]/div[1]/a (tried for 20 second(s) with 500 MILLISECONDS interval)]]>
            </message>
            <full-stacktrace>
              <![CDATA[org.openqa.selenium.TimeoutException: Expected condition failed: waiting for visibility of element located by By.xpath: //li[@class='imc-list-edit--draggable'][1]/div/div[1]/div[1]/a (tried for 20 second(s) with 500 MILLISECONDS interval)
	at org.openqa.selenium.support.ui.WebDriverWait.timeoutException(WebDriverWait.java:80)
	at org.openqa.selenium.support.ui.FluentWait.until(FluentWait.java:232)
	at pageObjects.AtlantaMarket.ATLMarketPlannerPage.getATLSavedExhNameInList(ATLMarketPlannerPage.java:480)
	at atlantamarket_PROD.EvenntsAndWebinar.TS014_VerifyExhibitorEventsAddToListTest(EvenntsAndWebinar.java:1175)
	at sun.reflect.NativeMethodAccessorImpl.invoke0(Native Method)
	at sun.reflect.NativeMethodAccessorImpl.invoke(Unknown Source)
	at sun.reflect.DelegatingMethodAccessorImpl.invoke(Unknown Source)
	at java.lang.reflect.Method.invoke(Unknown Source)
	at org.testng.internal.MethodInvocationHelper.invokeMethod(MethodInvocationHelper.java:80)
	at org.testng.internal.Invoker.invokeMethod(Invoker.java:714)
	at org.testng.internal.Invoker.invokeTestMethod(Invoker.java:901)
	at org.testng.internal.Invoker.invokeTestMethods(Invoker.java:1231)
	at org.testng.internal.TestMethodWorker.invokeTestMethods(TestMethodWorker.java:127)
	at org.testng.internal.TestMethodWorker.run(TestMethodWorker.java:111)
	at org.testng.TestRunner.privateRun(TestRunner.java:767)
	at org.testng.TestRunner.run(TestRunner.java:617)
	at org.testng.SuiteRunner.runTest(SuiteRunner.java:334)
	at org.testng.SuiteRunner.runSequentially(SuiteRunner.java:329)
	at org.testng.SuiteRunner.privateRun(SuiteRunner.java:291)
	at org.testng.SuiteRunner.run(SuiteRunner.java:240)
	at org.testng.SuiteRunnerWorker.runSuite(SuiteRunnerWorker.java:52)
	at org.testng.SuiteRunnerWorker.run(SuiteRunnerWorker.java:86)
	at org.testng.TestNG.runSuitesSequentially(TestNG.java:1198)
	at org.testng.TestNG.runSuitesLocally(TestNG.java:1123)
	at org.testng.TestNG.run(TestNG.java:1031)
	at org.testng.remote.RemoteTestNG.run(RemoteTestNG.java:115)
	at org.testng.remote.RemoteTestNG.initAndRun(RemoteTestNG.java:207)
	at org.testng.remote.RemoteTestNG.main(RemoteTestNG.java:178)
Caused by: org.openqa.selenium.NoSuchElementException: Cannot locate an element using By.xpath: //li[@class='imc-list-edit--draggable'][1]/div/div[1]/div[1]/a
For documentation on this error, please visit: http://seleniumhq.org/exceptions/no_such_element.html
Build info: version: '3.4.0', revision: 'unknown', time: 'unknown'
System info: host: 'ANUPPA-VD3', ip: '172.27.182.66', os.name: 'Windows 10', os.arch: 'amd64', os.version: '10.0', java.version: '1.8.0_351'
Driver info: driver.version: unknown
	at org.openqa.selenium.support.ui.ExpectedConditions.lambda$findElement$0(ExpectedConditions.java:883)
	at java.util.Optional.orElseThrow(Unknown Source)
	at org.openqa.selenium.support.ui.ExpectedConditions.findElement(ExpectedConditions.java:882)
	at org.openqa.selenium.support.ui.ExpectedConditions.access$000(ExpectedConditions.java:44)
	at org.openqa.selenium.support.ui.ExpectedConditions$7.apply(ExpectedConditions.java:206)
	at org.openqa.selenium.support.ui.ExpectedConditions$7.apply(ExpectedConditions.java:202)
	at org.openqa.selenium.support.ui.FluentWait.until(FluentWait.java:209)
	... 26 more
]]>
            </full-stacktrace>
          </exception> <!-- org.openqa.selenium.TimeoutException -->
          <reporter-output>
          </reporter-output>
        </test-method> <!-- TS014_VerifyExhibitorEventsAddToListTest -->
        <test-method status="PASS" signature="TS015_VerifyExhibitorEventsAddNoteTest()[pri:0, instance:atlantamarket_PROD.EvenntsAndWebinar@71be98f5]" name="TS015_VerifyExhibitorEventsAddNoteTest" duration-ms="47610" started-at="2022-12-26T11:12:39Z" finished-at="2022-12-26T11:13:27Z">
          <reporter-output>
          </reporter-output>
        </test-method> <!-- TS015_VerifyExhibitorEventsAddNoteTest -->
      </class> <!-- atlantamarket_PROD.EvenntsAndWebinar -->
    </test> <!-- RegressionTest -->
  </suite> <!-- LVM_RegressionTestSuite -->
</testng-results>
