<?xml version="1.0" encoding="UTF-8"?>
<testng-results skipped="0" failed="0" total="1" passed="1">
  <reporter-output>
  </reporter-output>
  <suite name="Default suite" duration-ms="50427" started-at="2024-02-27T16:11:51Z" finished-at="2024-02-27T16:12:41Z">
    <groups>
    </groups>
    <test name="Default test" duration-ms="50427" started-at="2024-02-27T16:11:51Z" finished-at="2024-02-27T16:12:41Z">
      <class name="sitecore_PROD.DigitalAdminPanel">
        <test-method status="PASS" signature="initialize()[pri:0, instance:sitecore_PROD.DigitalAdminPanel@3f3afe78]" name="initialize" is-config="true" duration-ms="18603" started-at="2024-02-27T21:41:51Z" finished-at="2024-02-27T21:42:10Z">
          <reporter-output>
          </reporter-output>
        </test-method> <!-- initialize -->
        <test-method status="PASS" signature="TS003_VerifyDigitalAdminPanelSortByOptionsFunctinalityTest()[pri:3, instance:sitecore_PROD.DigitalAdminPanel@3f3afe78]" name="TS003_VerifyDigitalAdminPanelSortByOptionsFunctinalityTest" duration-ms="31807" started-at="2024-02-27T21:42:10Z" finished-at="2024-02-27T21:42:41Z">
          <reporter-output>
          </reporter-output>
        </test-method> <!-- TS003_VerifyDigitalAdminPanelSortByOptionsFunctinalityTest -->
      </class> <!-- sitecore_PROD.DigitalAdminPanel -->
    </test> <!-- Default test -->
  </suite> <!-- Default suite -->
</testng-results>
