<?xml version="1.0" encoding="UTF-8"?>
<testng-results skipped="0" failed="0" total="1" passed="1">
  <reporter-output>
  </reporter-output>
  <suite name="LVM_RegressionTestSuite" duration-ms="60116" started-at="2022-11-10T04:39:19Z" finished-at="2022-11-10T04:40:19Z">
    <groups>
    </groups>
    <test name="RegressionTest" duration-ms="60116" started-at="2022-11-10T04:39:19Z" finished-at="2022-11-10T04:40:19Z">
      <class name="atlantamarket_PROD.EvenntsAndWebinar">
        <test-method status="PASS" signature="initialize()[pri:0, instance:atlantamarket_PROD.EvenntsAndWebinar@4667ae56]" name="initialize" is-config="true" duration-ms="46603" started-at="2022-11-10T10:09:19Z" finished-at="2022-11-10T10:10:06Z">
          <reporter-output>
          </reporter-output>
        </test-method> <!-- initialize -->
        <test-method status="PASS" signature="TS003_VerifyIMCEventsCalendarViewTest()[pri:0, instance:atlantamarket_PROD.EvenntsAndWebinar@4667ae56]" name="TS003_VerifyIMCEventsCalendarViewTest" duration-ms="13472" started-at="2022-11-10T10:10:06Z" finished-at="2022-11-10T10:10:19Z">
          <reporter-output>
          </reporter-output>
        </test-method> <!-- TS003_VerifyIMCEventsCalendarViewTest -->
      </class> <!-- atlantamarket_PROD.EvenntsAndWebinar -->
    </test> <!-- RegressionTest -->
  </suite> <!-- LVM_RegressionTestSuite -->
</testng-results>
