<?xml version="1.0" encoding="UTF-8"?>
<testng-results skipped="0" failed="0" total="1" passed="1">
  <reporter-output>
  </reporter-output>
  <suite name="ATLMrkt_RegressionTestSuite" duration-ms="130408" started-at="2022-08-09T10:45:04Z" finished-at="2022-08-09T10:47:15Z">
    <groups>
    </groups>
    <test name="RegressionTest" duration-ms="130408" started-at="2022-08-09T10:45:04Z" finished-at="2022-08-09T10:47:15Z">
      <class name="atlantamarket_UAT.MarketPlanner">
        <test-method status="PASS" signature="initialize()[pri:0, instance:atlantamarket_UAT.MarketPlanner@4dfa3a9d]" name="initialize" is-config="true" duration-ms="38661" started-at="2022-08-09T16:15:04Z" finished-at="2022-08-09T16:15:43Z">
          <reporter-output>
          </reporter-output>
        </test-method> <!-- initialize -->
        <test-method status="PASS" signature="TS0012_VerifyMarketPlannerAddExhibitorToFevoritesTest()[pri:0, instance:atlantamarket_UAT.MarketPlanner@4dfa3a9d]" name="TS0012_VerifyMarketPlannerAddExhibitorToFevoritesTest" duration-ms="91712" started-at="2022-08-09T16:15:43Z" finished-at="2022-08-09T16:17:15Z">
          <reporter-output>
          </reporter-output>
        </test-method> <!-- TS0012_VerifyMarketPlannerAddExhibitorToFevoritesTest -->
        <test-method status="PASS" signature="tearDown()[pri:0, instance:atlantamarket_UAT.MarketPlanner@4dfa3a9d]" name="tearDown" is-config="true" duration-ms="0" started-at="2022-08-09T16:17:15Z" finished-at="2022-08-09T16:17:15Z">
          <reporter-output>
          </reporter-output>
        </test-method> <!-- tearDown -->
      </class> <!-- atlantamarket_UAT.MarketPlanner -->
    </test> <!-- RegressionTest -->
  </suite> <!-- ATLMrkt_RegressionTestSuite -->
</testng-results>
