<?xml version="1.0" encoding="UTF-8"?>
<testng-results skipped="0" failed="0" ignored="11" total="12" passed="1">
  <reporter-output>
  </reporter-output>
  <suite name="Default suite" duration-ms="117523" started-at="2024-07-23T04:23:16Z" finished-at="2024-07-23T04:25:13Z">
    <groups>
    </groups>
    <test name="Default test" duration-ms="117523" started-at="2024-07-23T04:23:16Z" finished-at="2024-07-23T04:25:13Z">
      <class name="atlantamarket_PROD.GlobalSearch_SearchFor">
        <test-method status="PASS" signature="initialize()[pri:0, instance:atlantamarket_PROD.GlobalSearch_SearchFor@cb644e]" name="initialize" is-config="true" duration-ms="49787" started-at="2024-07-23T04:23:16Z" finished-at="2024-07-23T04:24:06Z">
          <reporter-output>
          </reporter-output>
        </test-method> <!-- initialize -->
        <test-method status="PASS" signature="TS005_VerifyArticlesOverviewInGlobalSearchTest()[pri:5, instance:atlantamarket_PROD.GlobalSearch_SearchFor@cb644e]" name="TS005_VerifyArticlesOverviewInGlobalSearchTest" duration-ms="67707" started-at="2024-07-23T04:24:06Z" finished-at="2024-07-23T04:25:13Z">
          <reporter-output>
          </reporter-output>
        </test-method> <!-- TS005_VerifyArticlesOverviewInGlobalSearchTest -->
        <test-method status="PASS" signature="tearDown()[pri:0, instance:atlantamarket_PROD.GlobalSearch_SearchFor@cb644e]" name="tearDown" is-config="true" duration-ms="1" started-at="2024-07-23T04:25:13Z" finished-at="2024-07-23T04:25:13Z">
          <reporter-output>
          </reporter-output>
        </test-method> <!-- tearDown -->
      </class> <!-- atlantamarket_PROD.GlobalSearch_SearchFor -->
    </test> <!-- Default test -->
  </suite> <!-- Default suite -->
</testng-results>
