<?xml version="1.0" encoding="UTF-8"?>
<testng-results skipped="0" failed="0" total="1" passed="1">
  <reporter-output>
  </reporter-output>
  <suite name="LVM_RegressionTestSuite" duration-ms="140547" started-at="2022-07-25T06:59:23Z" finished-at="2022-07-25T07:01:44Z">
    <groups>
    </groups>
    <test name="RegressionTest" duration-ms="140547" started-at="2022-07-25T06:59:23Z" finished-at="2022-07-25T07:01:44Z">
      <class name="lasvegasmarket_PROD.GlobalSearch_ProductActions">
        <test-method status="PASS" signature="initialize()[pri:0, instance:lasvegasmarket_PROD.GlobalSearch_ProductActions@e25b2fe]" name="initialize" is-config="true" duration-ms="87459" started-at="2022-07-25T12:29:23Z" finished-at="2022-07-25T12:30:51Z">
          <reporter-output>
          </reporter-output>
        </test-method> <!-- initialize -->
        <test-method status="PASS" signature="TS005_VerifyAddNoteOnProductDetailsPageTest()[pri:0, instance:lasvegasmarket_PROD.GlobalSearch_ProductActions@e25b2fe]" name="TS005_VerifyAddNoteOnProductDetailsPageTest" duration-ms="53002" started-at="2022-07-25T12:30:51Z" finished-at="2022-07-25T12:31:44Z">
          <reporter-output>
          </reporter-output>
        </test-method> <!-- TS005_VerifyAddNoteOnProductDetailsPageTest -->
      </class> <!-- lasvegasmarket_PROD.GlobalSearch_ProductActions -->
    </test> <!-- RegressionTest -->
  </suite> <!-- LVM_RegressionTestSuite -->
</testng-results>
