<?xml version="1.0" encoding="UTF-8"?>
<testng-results skipped="0" failed="0" total="2" passed="2">
  <reporter-output>
  </reporter-output>
  <suite name="ATLMrkt_RegressionTestSuite" duration-ms="152347" started-at="2022-06-20T10:49:13Z" finished-at="2022-06-20T10:51:46Z">
    <groups>
    </groups>
    <test name="RegressionTest" duration-ms="152347" started-at="2022-06-20T10:49:13Z" finished-at="2022-06-20T10:51:46Z">
      <class name="atlantamarket.GlobalSearch_ProductActions">
        <test-method status="PASS" signature="initialize()[pri:0, instance:atlantamarket.GlobalSearch_ProductActions@59f99ea]" name="initialize" is-config="true" duration-ms="45961" started-at="2022-06-20T16:19:13Z" finished-at="2022-06-20T16:19:59Z">
          <reporter-output>
          </reporter-output>
        </test-method> <!-- initialize -->
        <test-method status="PASS" signature="TS001_VerifyMarketPlannerLoginTest()[pri:0, instance:atlantamarket.GlobalSearch_ProductActions@59f99ea]" name="TS001_VerifyMarketPlannerLoginTest" duration-ms="31665" started-at="2022-06-20T16:19:59Z" finished-at="2022-06-20T16:20:31Z">
          <reporter-output>
          </reporter-output>
        </test-method> <!-- TS001_VerifyMarketPlannerLoginTest -->
        <test-method status="PASS" signature="TS008_VerifyAddToExistingListForProductActionTest()[pri:0, instance:atlantamarket.GlobalSearch_ProductActions@59f99ea]" name="TS008_VerifyAddToExistingListForProductActionTest" duration-ms="72951" started-at="2022-06-20T16:20:31Z" finished-at="2022-06-20T16:21:44Z">
          <reporter-output>
          </reporter-output>
        </test-method> <!-- TS008_VerifyAddToExistingListForProductActionTest -->
        <test-method status="PASS" signature="tearDown()[pri:0, instance:atlantamarket.GlobalSearch_ProductActions@59f99ea]" name="tearDown" is-config="true" duration-ms="1669" started-at="2022-06-20T16:21:44Z" finished-at="2022-06-20T16:21:46Z">
          <reporter-output>
          </reporter-output>
        </test-method> <!-- tearDown -->
      </class> <!-- atlantamarket.GlobalSearch_ProductActions -->
    </test> <!-- RegressionTest -->
  </suite> <!-- ATLMrkt_RegressionTestSuite -->
</testng-results>
