<?xml version="1.0" encoding="UTF-8"?>
<testng-results skipped="0" failed="0" total="6" passed="6">
  <reporter-output>
  </reporter-output>
  <suite name="Suite" duration-ms="213206" started-at="2024-02-07T12:09:08Z" finished-at="2024-02-07T12:12:41Z">
    <groups>
    </groups>
    <test name="Test" duration-ms="213206" started-at="2024-02-07T12:09:08Z" finished-at="2024-02-07T12:12:41Z">
      <class name="lasvegasmarket_UAT.LineDigitalShowroom">
        <test-method status="PASS" signature="initialize()[pri:0, instance:lasvegasmarket_UAT.LineDigitalShowroom@5b275dab]" name="initialize" is-config="true" duration-ms="68634" started-at="2024-02-07T17:39:08Z" finished-at="2024-02-07T17:40:17Z">
          <reporter-output>
          </reporter-output>
        </test-method> <!-- initialize -->
        <test-method status="PASS" signature="TS001_VerifyLineDigitalShowroomHeroComponentShownByExhibitorNamaeTest()[pri:0, instance:lasvegasmarket_UAT.LineDigitalShowroom@5b275dab]" name="TS001_VerifyLineDigitalShowroomHeroComponentShownByExhibitorNamaeTest" duration-ms="16886" started-at="2024-02-07T17:40:17Z" finished-at="2024-02-07T17:40:34Z">
          <reporter-output>
          </reporter-output>
        </test-method> <!-- TS001_VerifyLineDigitalShowroomHeroComponentShownByExhibitorNamaeTest -->
        <test-method status="PASS" signature="TS002_VerifyLineDigitalShowroomHeroComponentLocationLinksTest()[pri:0, instance:lasvegasmarket_UAT.LineDigitalShowroom@5b275dab]" name="TS002_VerifyLineDigitalShowroomHeroComponentLocationLinksTest" duration-ms="15358" started-at="2024-02-07T17:40:34Z" finished-at="2024-02-07T17:40:49Z">
          <reporter-output>
          </reporter-output>
        </test-method> <!-- TS002_VerifyLineDigitalShowroomHeroComponentLocationLinksTest -->
        <test-method status="PASS" signature="TS007_VerifyLineDigitalShowroomHeroComponentProductsComponentCountTest()[pri:0, instance:lasvegasmarket_UAT.LineDigitalShowroom@5b275dab]" name="TS007_VerifyLineDigitalShowroomHeroComponentProductsComponentCountTest" duration-ms="21671" started-at="2024-02-07T17:40:49Z" finished-at="2024-02-07T17:41:11Z">
          <reporter-output>
          </reporter-output>
        </test-method> <!-- TS007_VerifyLineDigitalShowroomHeroComponentProductsComponentCountTest -->
        <test-method status="PASS" signature="TS008_VerifyLineDigitalShowroomProductscomponentTest()[pri:0, instance:lasvegasmarket_UAT.LineDigitalShowroom@5b275dab]" name="TS008_VerifyLineDigitalShowroomProductscomponentTest" duration-ms="24589" started-at="2024-02-07T17:41:11Z" finished-at="2024-02-07T17:41:35Z">
          <reporter-output>
          </reporter-output>
        </test-method> <!-- TS008_VerifyLineDigitalShowroomProductscomponentTest -->
        <test-method status="PASS" signature="TS010_VerifyLineDigitalShowroomProductscomponentSeeAllProductsTest()[pri:0, instance:lasvegasmarket_UAT.LineDigitalShowroom@5b275dab]" name="TS010_VerifyLineDigitalShowroomProductscomponentSeeAllProductsTest" duration-ms="18212" started-at="2024-02-07T17:41:35Z" finished-at="2024-02-07T17:41:53Z">
          <reporter-output>
          </reporter-output>
        </test-method> <!-- TS010_VerifyLineDigitalShowroomProductscomponentSeeAllProductsTest -->
        <test-method status="PASS" signature="TS011_VerifyLineDigitalShowroomProductscomponentSelectProductTest()[pri:0, instance:lasvegasmarket_UAT.LineDigitalShowroom@5b275dab]" name="TS011_VerifyLineDigitalShowroomProductscomponentSelectProductTest" duration-ms="47027" started-at="2024-02-07T17:41:53Z" finished-at="2024-02-07T17:42:41Z">
          <reporter-output>
          </reporter-output>
        </test-method> <!-- TS011_VerifyLineDigitalShowroomProductscomponentSelectProductTest -->
        <test-method status="PASS" signature="tearDown()[pri:0, instance:lasvegasmarket_UAT.LineDigitalShowroom@5b275dab]" name="tearDown" is-config="true" duration-ms="816" started-at="2024-02-07T17:42:41Z" finished-at="2024-02-07T17:42:41Z">
          <reporter-output>
          </reporter-output>
        </test-method> <!-- tearDown -->
      </class> <!-- lasvegasmarket_UAT.LineDigitalShowroom -->
    </test> <!-- Test -->
  </suite> <!-- Suite -->
</testng-results>
