<?xml version="1.0" encoding="UTF-8"?>
<testng-results skipped="0" failed="0" total="1" passed="1">
  <reporter-output>
  </reporter-output>
  <suite name="ATLMrkt_RegressionTestSuite" duration-ms="65413" started-at="2022-10-17T11:31:33Z" finished-at="2022-10-17T11:32:39Z">
    <groups>
    </groups>
    <test name="RegressionTest" duration-ms="65413" started-at="2022-10-17T11:31:33Z" finished-at="2022-10-17T11:32:39Z">
      <class name="atlantamarket_UAT.GlobalSearch_MatchingResults">
        <test-method status="PASS" signature="initialize()[pri:0, instance:atlantamarket_UAT.GlobalSearch_MatchingResults@4dfa3a9d]" name="initialize" is-config="true" duration-ms="24460" started-at="2022-10-17T17:01:33Z" finished-at="2022-10-17T17:01:58Z">
          <reporter-output>
          </reporter-output>
        </test-method> <!-- initialize -->
        <test-method status="PASS" signature="TS009_VerifyGlobalSearchMatchingResultsSavedSearchesTest()[pri:0, instance:atlantamarket_UAT.GlobalSearch_MatchingResults@4dfa3a9d]" name="TS009_VerifyGlobalSearchMatchingResultsSavedSearchesTest" duration-ms="40911" started-at="2022-10-17T17:01:58Z" finished-at="2022-10-17T17:02:39Z">
          <reporter-output>
          </reporter-output>
        </test-method> <!-- TS009_VerifyGlobalSearchMatchingResultsSavedSearchesTest -->
        <test-method status="PASS" signature="tearDown()[pri:0, instance:atlantamarket_UAT.GlobalSearch_MatchingResults@4dfa3a9d]" name="tearDown" is-config="true" duration-ms="0" started-at="2022-10-17T17:02:39Z" finished-at="2022-10-17T17:02:39Z">
          <reporter-output>
          </reporter-output>
        </test-method> <!-- tearDown -->
      </class> <!-- atlantamarket_UAT.GlobalSearch_MatchingResults -->
    </test> <!-- RegressionTest -->
  </suite> <!-- ATLMrkt_RegressionTestSuite -->
</testng-results>
