<?xml version="1.0" encoding="UTF-8"?>
<testng-results skipped="15" failed="0" total="15" passed="0">
  <reporter-output>
  </reporter-output>
  <suite name="LVM_RegressionTestSuite" duration-ms="68108" started-at="2023-11-17T05:24:29Z" finished-at="2023-11-17T05:25:37Z">
    <groups>
    </groups>
    <test name="RegressionTest" duration-ms="68108" started-at="2023-11-17T05:24:29Z" finished-at="2023-11-17T05:25:37Z">
      <class name="lasvegasmarket_UAT.EvenntsAndWebinar">
        <test-method status="FAIL" signature="initialize()[pri:0, instance:lasvegasmarket_UAT.EvenntsAndWebinar@28d25987]" name="initialize" is-config="true" duration-ms="0" started-at="2023-11-17T10:54:29Z" finished-at="2023-11-17T10:54:29Z">
          <exception class="org.openqa.selenium.TimeoutException">
            <message>
              <![CDATA[Expected condition failed: waiting for element to be clickable: By.xpath: //a[contains(text(),'Login')] (tried for 30 second(s) with 500 milliseconds interval)
Build info: version: '3.141.59', revision: 'e82be7d358', time: '2018-11-14T08:17:03'
System info: host: 'ANUPPA-VD3', ip: '172.27.182.66', os.name: 'Windows 10', os.arch: 'amd64', os.version: '10.0', java.version: '1.8.0_381'
Driver info: org.openqa.selenium.chrome.ChromeDriver
Capabilities {acceptInsecureCerts: false, browserName: chrome, browserVersion: 119.0.6045.160, chrome: {chromedriverVersion: 119.0.6045.105 (38c72552c5e..., userDataDir: C:\Users\anuppa\AppData\Loc...}, fedcm:accounts: true, goog:chromeOptions: {debuggerAddress: localhost:61112}, javascriptEnabled: true, networkConnectionEnabled: false, pageLoadStrategy: normal, platform: WINDOWS, platformName: WINDOWS, proxy: Proxy(), setWindowRect: true, strictFileInteractability: false, timeouts: {implicit: 0, pageLoad: 300000, script: 30000}, unhandledPromptBehavior: dismiss and notify, webauthn:extension:credBlob: true, webauthn:extension:largeBlob: true, webauthn:extension:minPinLength: true, webauthn:extension:prf: true, webauthn:virtualAuthenticators: true}
Session ID: a4215c6612a98bcbdc6a0cb29c7d8dcc]]>
            </message>
            <full-stacktrace>
              <![CDATA[org.openqa.selenium.TimeoutException: Expected condition failed: waiting for element to be clickable: By.xpath: //a[contains(text(),'Login')] (tried for 30 second(s) with 500 milliseconds interval)
Build info: version: '3.141.59', revision: 'e82be7d358', time: '2018-11-14T08:17:03'
System info: host: 'ANUPPA-VD3', ip: '172.27.182.66', os.name: 'Windows 10', os.arch: 'amd64', os.version: '10.0', java.version: '1.8.0_381'
Driver info: org.openqa.selenium.chrome.ChromeDriver
Capabilities {acceptInsecureCerts: false, browserName: chrome, browserVersion: 119.0.6045.160, chrome: {chromedriverVersion: 119.0.6045.105 (38c72552c5e..., userDataDir: C:\Users\anuppa\AppData\Loc...}, fedcm:accounts: true, goog:chromeOptions: {debuggerAddress: localhost:61112}, javascriptEnabled: true, networkConnectionEnabled: false, pageLoadStrategy: normal, platform: WINDOWS, platformName: WINDOWS, proxy: Proxy(), setWindowRect: true, strictFileInteractability: false, timeouts: {implicit: 0, pageLoad: 300000, script: 30000}, unhandledPromptBehavior: dismiss and notify, webauthn:extension:credBlob: true, webauthn:extension:largeBlob: true, webauthn:extension:minPinLength: true, webauthn:extension:prf: true, webauthn:virtualAuthenticators: true}
Session ID: a4215c6612a98bcbdc6a0cb29c7d8dcc
	at org.openqa.selenium.support.ui.WebDriverWait.timeoutException(WebDriverWait.java:95)
	at org.openqa.selenium.support.ui.FluentWait.until(FluentWait.java:272)
	at pageObjects.AtlantaMarket.ATLLandingPage.getLogin(ATLLandingPage.java:30)
	at resources.Utility.verifyMPLoginFunctionality(Utility.java:87)
	at lasvegasmarket_UAT.EvenntsAndWebinar.initialize(EvenntsAndWebinar.java:64)
	at sun.reflect.NativeMethodAccessorImpl.invoke0(Native Method)
	at sun.reflect.NativeMethodAccessorImpl.invoke(Unknown Source)
	at sun.reflect.DelegatingMethodAccessorImpl.invoke(Unknown Source)
	at java.lang.reflect.Method.invoke(Unknown Source)
	at org.testng.internal.MethodInvocationHelper.invokeMethod(MethodInvocationHelper.java:80)
	at org.testng.internal.Invoker.invokeConfigurationMethod(Invoker.java:564)
	at org.testng.internal.Invoker.invokeConfigurations(Invoker.java:213)
	at org.testng.internal.Invoker.invokeConfigurations(Invoker.java:138)
	at org.testng.internal.TestMethodWorker.invokeBeforeClassMethods(TestMethodWorker.java:175)
	at org.testng.internal.TestMethodWorker.run(TestMethodWorker.java:107)
	at java.util.concurrent.ThreadPoolExecutor.runWorker(Unknown Source)
	at java.util.concurrent.ThreadPoolExecutor$Worker.run(Unknown Source)
	at java.lang.Thread.run(Unknown Source)
]]>
            </full-stacktrace>
          </exception> <!-- org.openqa.selenium.TimeoutException -->
          <reporter-output>
          </reporter-output>
        </test-method> <!-- initialize -->
        <test-method status="SKIP" signature="TS011_VerifyExhibitorEventsListTest()[pri:0, instance:lasvegasmarket_UAT.EvenntsAndWebinar@28d25987]" name="TS011_VerifyExhibitorEventsListTest" duration-ms="2" started-at="2023-11-17T10:55:37Z" finished-at="2023-11-17T10:55:37Z">
          <reporter-output>
          </reporter-output>
        </test-method> <!-- TS011_VerifyExhibitorEventsListTest -->
        <test-method status="SKIP" signature="TS001_VerifyEventsAndWebinarsOverviewTest()[pri:0, instance:lasvegasmarket_UAT.EvenntsAndWebinar@28d25987]" name="TS001_VerifyEventsAndWebinarsOverviewTest" duration-ms="8" started-at="2023-11-17T10:55:37Z" finished-at="2023-11-17T10:55:37Z">
          <reporter-output>
          </reporter-output>
        </test-method> <!-- TS001_VerifyEventsAndWebinarsOverviewTest -->
        <test-method status="SKIP" signature="TS002_VerifyIMCEventsSearchbarTest()[pri:0, instance:lasvegasmarket_UAT.EvenntsAndWebinar@28d25987]" name="TS002_VerifyIMCEventsSearchbarTest" duration-ms="2" started-at="2023-11-17T10:55:37Z" finished-at="2023-11-17T10:55:37Z">
          <reporter-output>
          </reporter-output>
        </test-method> <!-- TS002_VerifyIMCEventsSearchbarTest -->
        <test-method status="SKIP" signature="TS003_VerifyIMCEventsCalendarViewTest()[pri:0, instance:lasvegasmarket_UAT.EvenntsAndWebinar@28d25987]" name="TS003_VerifyIMCEventsCalendarViewTest" duration-ms="2" started-at="2023-11-17T10:55:37Z" finished-at="2023-11-17T10:55:37Z">
          <reporter-output>
          </reporter-output>
        </test-method> <!-- TS003_VerifyIMCEventsCalendarViewTest -->
        <test-method status="SKIP" signature="TS004_VerifyIMCEventsEventsListTest()[pri:0, instance:lasvegasmarket_UAT.EvenntsAndWebinar@28d25987]" name="TS004_VerifyIMCEventsEventsListTest" duration-ms="1" started-at="2023-11-17T10:55:37Z" finished-at="2023-11-17T10:55:37Z">
          <reporter-output>
          </reporter-output>
        </test-method> <!-- TS004_VerifyIMCEventsEventsListTest -->
        <test-method status="SKIP" signature="TS005_VerifyIMCEventsEventDetailstTest()[pri:0, instance:lasvegasmarket_UAT.EvenntsAndWebinar@28d25987]" name="TS005_VerifyIMCEventsEventDetailstTest" duration-ms="1" started-at="2023-11-17T10:55:37Z" finished-at="2023-11-17T10:55:37Z">
          <reporter-output>
          </reporter-output>
        </test-method> <!-- TS005_VerifyIMCEventsEventDetailstTest -->
        <test-method status="SKIP" signature="TS006_VerifyIMCEventsAddToFavoriteTest()[pri:0, instance:lasvegasmarket_UAT.EvenntsAndWebinar@28d25987]" name="TS006_VerifyIMCEventsAddToFavoriteTest" duration-ms="1" started-at="2023-11-17T10:55:37Z" finished-at="2023-11-17T10:55:37Z">
          <reporter-output>
          </reporter-output>
        </test-method> <!-- TS006_VerifyIMCEventsAddToFavoriteTest -->
        <test-method status="SKIP" signature="TS008_VerifyIMCEventsAddNoteTest()[pri:0, instance:lasvegasmarket_UAT.EvenntsAndWebinar@28d25987]" name="TS008_VerifyIMCEventsAddNoteTest" duration-ms="1" started-at="2023-11-17T10:55:37Z" finished-at="2023-11-17T10:55:37Z">
          <reporter-output>
          </reporter-output>
        </test-method> <!-- TS008_VerifyIMCEventsAddNoteTest -->
        <test-method status="SKIP" signature="TS009_VerifyExhibitorEventsSearchbarTest()[pri:0, instance:lasvegasmarket_UAT.EvenntsAndWebinar@28d25987]" name="TS009_VerifyExhibitorEventsSearchbarTest" duration-ms="1" started-at="2023-11-17T10:55:37Z" finished-at="2023-11-17T10:55:37Z">
          <reporter-output>
          </reporter-output>
        </test-method> <!-- TS009_VerifyExhibitorEventsSearchbarTest -->
        <test-method status="SKIP" signature="TS010_VerifyExhibitorEventsCalendarViewTest()[pri:0, instance:lasvegasmarket_UAT.EvenntsAndWebinar@28d25987]" name="TS010_VerifyExhibitorEventsCalendarViewTest" duration-ms="0" started-at="2023-11-17T10:55:37Z" finished-at="2023-11-17T10:55:37Z">
          <reporter-output>
          </reporter-output>
        </test-method> <!-- TS010_VerifyExhibitorEventsCalendarViewTest -->
        <test-method status="SKIP" signature="TS012_VerifyExhibitorEventsDetailstTest()[pri:0, instance:lasvegasmarket_UAT.EvenntsAndWebinar@28d25987]" name="TS012_VerifyExhibitorEventsDetailstTest" duration-ms="1" started-at="2023-11-17T10:55:37Z" finished-at="2023-11-17T10:55:37Z">
          <reporter-output>
          </reporter-output>
        </test-method> <!-- TS012_VerifyExhibitorEventsDetailstTest -->
        <test-method status="SKIP" signature="TS013_VerifyExhibitorEventsAddToFavoriteTest()[pri:0, instance:lasvegasmarket_UAT.EvenntsAndWebinar@28d25987]" name="TS013_VerifyExhibitorEventsAddToFavoriteTest" duration-ms="1" started-at="2023-11-17T10:55:37Z" finished-at="2023-11-17T10:55:37Z">
          <reporter-output>
          </reporter-output>
        </test-method> <!-- TS013_VerifyExhibitorEventsAddToFavoriteTest -->
        <test-method status="SKIP" signature="TS014_VerifyExhibitorEventsAddToListTest()[pri:0, instance:lasvegasmarket_UAT.EvenntsAndWebinar@28d25987]" name="TS014_VerifyExhibitorEventsAddToListTest" duration-ms="1" started-at="2023-11-17T10:55:37Z" finished-at="2023-11-17T10:55:37Z">
          <reporter-output>
          </reporter-output>
        </test-method> <!-- TS014_VerifyExhibitorEventsAddToListTest -->
        <test-method status="SKIP" signature="TS015_VerifyExhibitorEventsAddNoteTest()[pri:0, instance:lasvegasmarket_UAT.EvenntsAndWebinar@28d25987]" name="TS015_VerifyExhibitorEventsAddNoteTest" duration-ms="1" started-at="2023-11-17T10:55:37Z" finished-at="2023-11-17T10:55:37Z">
          <reporter-output>
          </reporter-output>
        </test-method> <!-- TS015_VerifyExhibitorEventsAddNoteTest -->
        <test-method status="SKIP" signature="TS007_VerifyIMCEventsAddToListTest()[pri:0, instance:lasvegasmarket_UAT.EvenntsAndWebinar@28d25987]" name="TS007_VerifyIMCEventsAddToListTest" duration-ms="1" started-at="2023-11-17T10:55:37Z" finished-at="2023-11-17T10:55:37Z">
          <reporter-output>
          </reporter-output>
        </test-method> <!-- TS007_VerifyIMCEventsAddToListTest -->
      </class> <!-- lasvegasmarket_UAT.EvenntsAndWebinar -->
    </test> <!-- RegressionTest -->
  </suite> <!-- LVM_RegressionTestSuite -->
</testng-results>
