<?xml version="1.0" encoding="UTF-8"?>
<testng-results total="1" passed="1" failed="0" skipped="0">
  <reporter-output>
  </reporter-output>
  <suite started-at="2024-01-05T08:48:07Z" name="Default suite" finished-at="2024-01-05T08:49:25Z" duration-ms="77852">
    <groups>
    </groups>
    <test started-at="2024-01-05T08:48:07Z" name="Default test" finished-at="2024-01-05T08:49:25Z" duration-ms="77852">
      <class name="atlantamarket_PROD.GlobalSearch_ShowSpecials">
        <test-method is-config="true" signature="initialize()[pri:0, instance:atlantamarket_PROD.GlobalSearch_ShowSpecials@7d9e8ef7]" started-at="2024-01-05T14:18:07Z" name="initialize" finished-at="2024-01-05T14:19:12Z" duration-ms="65213" status="PASS">
          <reporter-output>
          </reporter-output>
        </test-method> <!-- initialize -->
        <test-method signature="TS001_VerifyViewBrandDetailsLinkForShowSpecialsTest()[pri:0, instance:atlantamarket_PROD.GlobalSearch_ShowSpecials@7d9e8ef7]" started-at="2024-01-05T14:19:12Z" name="TS001_VerifyViewBrandDetailsLinkForShowSpecialsTest" finished-at="2024-01-05T14:19:25Z" duration-ms="12385" status="PASS">
          <reporter-output>
          </reporter-output>
        </test-method> <!-- TS001_VerifyViewBrandDetailsLinkForShowSpecialsTest -->
        <test-method is-config="true" signature="tearDown()[pri:0, instance:atlantamarket_PROD.GlobalSearch_ShowSpecials@7d9e8ef7]" started-at="2024-01-05T14:19:25Z" name="tearDown" finished-at="2024-01-05T14:19:25Z" duration-ms="244" status="PASS">
          <reporter-output>
          </reporter-output>
        </test-method> <!-- tearDown -->
      </class> <!-- atlantamarket_PROD.GlobalSearch_ShowSpecials -->
    </test> <!-- Default test -->
  </suite> <!-- Default suite -->
</testng-results>
