<?xml version="1.0" encoding="UTF-8"?>
<testng-results skipped="0" failed="0" total="1" passed="1">
  <reporter-output>
  </reporter-output>
  <suite name="LVM_RegressionTestSuite" duration-ms="65259" started-at="2023-11-03T07:18:07Z" finished-at="2023-11-03T07:19:12Z">
    <groups>
    </groups>
    <test name="RegressionTest" duration-ms="65259" started-at="2023-11-03T07:18:07Z" finished-at="2023-11-03T07:19:12Z">
      <class name="lasvegasmarket_PROD.GlobalSearch_SearchFor">
        <test-method status="PASS" signature="initialize()[pri:0, instance:lasvegasmarket_PROD.GlobalSearch_SearchFor@27efef64]" name="initialize" is-config="true" duration-ms="30849" started-at="2023-11-03T12:48:07Z" finished-at="2023-11-03T12:48:38Z">
          <reporter-output>
          </reporter-output>
        </test-method> <!-- initialize -->
        <test-method status="PASS" signature="TS010_VerifyShowSpecialsOverviewInGlobalSearchTest()[pri:0, instance:lasvegasmarket_PROD.GlobalSearch_SearchFor@27efef64]" name="TS010_VerifyShowSpecialsOverviewInGlobalSearchTest" duration-ms="34376" started-at="2023-11-03T12:48:38Z" finished-at="2023-11-03T12:49:12Z">
          <reporter-output>
          </reporter-output>
        </test-method> <!-- TS010_VerifyShowSpecialsOverviewInGlobalSearchTest -->
        <test-method status="PASS" signature="tearDown()[pri:0, instance:lasvegasmarket_PROD.GlobalSearch_SearchFor@27efef64]" name="tearDown" is-config="true" duration-ms="0" started-at="2023-11-03T12:49:12Z" finished-at="2023-11-03T12:49:12Z">
          <reporter-output>
          </reporter-output>
        </test-method> <!-- tearDown -->
      </class> <!-- lasvegasmarket_PROD.GlobalSearch_SearchFor -->
    </test> <!-- RegressionTest -->
  </suite> <!-- LVM_RegressionTestSuite -->
</testng-results>
