<?xml version="1.0" encoding="UTF-8"?>
<testng-results ignored="13" total="14" passed="1" failed="0" skipped="0">
  <reporter-output>
  </reporter-output>
  <suite started-at="2025-03-20T09:39:43 IST" name="Default suite" finished-at="2025-03-20T09:46:33 IST" duration-ms="409704">
    <groups>
    </groups>
    <test started-at="2025-03-20T09:39:43 IST" name="Default test" finished-at="2025-03-20T09:46:33 IST" duration-ms="409704">
      <class name="lasvegasmarket_PROD.GlobalSearch_LeftPaneFilters">
        <test-method is-config="true" signature="initialize()[pri:0, instance:lasvegasmarket_PROD.GlobalSearch_LeftPaneFilters@5824a83d]" started-at="2025-03-20T09:39:43 IST" name="initialize" finished-at="2025-03-20T09:40:15 IST" duration-ms="31971" status="PASS">
          <reporter-output>
          </reporter-output>
        </test-method> <!-- initialize -->
        <test-method signature="TS004_VerifyCombinationOfProdCatgWithStylesFromLeftPaneFiltersTest()[pri:4, instance:lasvegasmarket_PROD.GlobalSearch_LeftPaneFilters@5824a83d]" started-at="2025-03-20T09:40:15 IST" name="TS004_VerifyCombinationOfProdCatgWithStylesFromLeftPaneFiltersTest" finished-at="2025-03-20T09:46:33 IST" duration-ms="377679" status="PASS">
          <reporter-output>
          </reporter-output>
        </test-method> <!-- TS004_VerifyCombinationOfProdCatgWithStylesFromLeftPaneFiltersTest -->
        <test-method is-config="true" signature="tearDown()[pri:0, instance:lasvegasmarket_PROD.GlobalSearch_LeftPaneFilters@5824a83d]" started-at="2025-03-20T09:46:33 IST" name="tearDown" finished-at="2025-03-20T09:46:33 IST" duration-ms="5" status="PASS">
          <reporter-output>
          </reporter-output>
        </test-method> <!-- tearDown -->
      </class> <!-- lasvegasmarket_PROD.GlobalSearch_LeftPaneFilters -->
    </test> <!-- Default test -->
  </suite> <!-- Default suite -->
</testng-results>
