<?xml version="1.0" encoding="UTF-8"?>
<testng-results ignored="7" total="20" passed="10" failed="3" skipped="0">
  <reporter-output>
  </reporter-output>
  <suite started-at="2025-04-15T17:03:35 IST" name="Default suite" finished-at="2025-04-15T17:09:56 IST" duration-ms="380693">
    <groups>
    </groups>
    <test started-at="2025-04-15T17:03:35 IST" name="Default test" finished-at="2025-04-15T17:09:56 IST" duration-ms="380693">
      <class name="lasvegasmarket_PROD.EvenntsAndWebinar">
        <test-method is-config="true" signature="initialize()[pri:0, instance:lasvegasmarket_PROD.EvenntsAndWebinar@5824a83d]" started-at="2025-04-15T17:03:35 IST" name="initialize" finished-at="2025-04-15T17:04:07 IST" duration-ms="31830" status="PASS">
          <reporter-output>
          </reporter-output>
        </test-method> <!-- initialize -->
        <test-method signature="TS001_VerifyEventsAndWebinarsOverviewTest()[pri:1, instance:lasvegasmarket_PROD.EvenntsAndWebinar@5824a83d]" started-at="2025-04-15T17:04:07 IST" name="TS001_VerifyEventsAndWebinarsOverviewTest" finished-at="2025-04-15T17:04:53 IST" duration-ms="46345" status="PASS">
          <reporter-output>
          </reporter-output>
        </test-method> <!-- TS001_VerifyEventsAndWebinarsOverviewTest -->
        <test-method signature="TS002_VerifyAllEventsSearchbarTest()[pri:2, instance:lasvegasmarket_PROD.EvenntsAndWebinar@5824a83d]" started-at="2025-04-15T17:04:53 IST" name="TS002_VerifyAllEventsSearchbarTest" finished-at="2025-04-15T17:05:23 IST" duration-ms="29862" status="PASS">
          <reporter-output>
          </reporter-output>
        </test-method> <!-- TS002_VerifyAllEventsSearchbarTest -->
        <test-method signature="TS003_VerifyMarketEventsSearchbarTest()[pri:3, instance:lasvegasmarket_PROD.EvenntsAndWebinar@5824a83d]" started-at="2025-04-15T17:05:23 IST" name="TS003_VerifyMarketEventsSearchbarTest" finished-at="2025-04-15T17:06:07 IST" duration-ms="43466" status="FAIL">
          <exception class="org.openqa.selenium.TimeoutException">
            <message>
              <![CDATA[Expected condition failed: waiting for visibility of element located by By.xpath: (//a[contains(text(),'Explore Market')])[1] (tried for 30 second(s) with 500 milliseconds interval)
Build info: version: '4.25.0', revision: '8a8aea2337'
System info: os.name: 'Windows 11', os.arch: 'amd64', os.version: '10.0', java.version: '21.0.3'
Driver info: org.openqa.selenium.chrome.ChromeDriver
Capabilities {acceptInsecureCerts: false, browserName: chrome, browserVersion: 135.0.7049.85, chrome: {chromedriverVersion: 135.0.7049.84 (6c019e560019..., userDataDir: C:\Users\swapnili\AppData\L...}, fedcm:accounts: true, goog:chromeOptions: {debuggerAddress: localhost:59326}, networkConnectionEnabled: false, pageLoadStrategy: normal, platformName: windows, proxy: Proxy(), se:cdp: ws://localhost:59326/devtoo..., se:cdpVersion: 135.0.7049.85, setWindowRect: true, strictFileInteractability: false, timeouts: {implicit: 0, pageLoad: 300000, script: 30000}, unhandledPromptBehavior: dismiss and notify, webauthn:extension:credBlob: true, webauthn:extension:largeBlob: true, webauthn:extension:minPinLength: true, webauthn:extension:prf: true, webauthn:virtualAuthenticators: true}
Session ID: 8f99ed19518e8d5056e40f4dd442a6ad]]>
            </message>
            <full-stacktrace>
              <![CDATA[org.openqa.selenium.TimeoutException: Expected condition failed: waiting for visibility of element located by By.xpath: (//a[contains(text(),'Explore Market')])[1] (tried for 30 second(s) with 500 milliseconds interval)
Build info: version: '4.25.0', revision: '8a8aea2337'
System info: os.name: 'Windows 11', os.arch: 'amd64', os.version: '10.0', java.version: '21.0.3'
Driver info: org.openqa.selenium.chrome.ChromeDriver
Capabilities {acceptInsecureCerts: false, browserName: chrome, browserVersion: 135.0.7049.85, chrome: {chromedriverVersion: 135.0.7049.84 (6c019e560019..., userDataDir: C:\Users\swapnili\AppData\L...}, fedcm:accounts: true, goog:chromeOptions: {debuggerAddress: localhost:59326}, networkConnectionEnabled: false, pageLoadStrategy: normal, platformName: windows, proxy: Proxy(), se:cdp: ws://localhost:59326/devtoo..., se:cdpVersion: 135.0.7049.85, setWindowRect: true, strictFileInteractability: false, timeouts: {implicit: 0, pageLoad: 300000, script: 30000}, unhandledPromptBehavior: dismiss and notify, webauthn:extension:credBlob: true, webauthn:extension:largeBlob: true, webauthn:extension:minPinLength: true, webauthn:extension:prf: true, webauthn:virtualAuthenticators: true}
Session ID: 8f99ed19518e8d5056e40f4dd442a6ad
at org.openqa.selenium.support.ui.WebDriverWait.timeoutException(WebDriverWait.java:84)
at org.openqa.selenium.support.ui.FluentWait.until(FluentWait.java:228)
at pageObjects.AtlantaMarket.ATLEventsAndWebinarPage.getatlExploreMarketTab(ATLEventsAndWebinarPage.java:343)
at lasvegasmarket_PROD.EvenntsAndWebinar.TS003_VerifyMarketEventsSearchbarTest(EvenntsAndWebinar.java:220)
at java.base/jdk.internal.reflect.DirectMethodHandleAccessor.invoke(DirectMethodHandleAccessor.java:103)
at java.base/java.lang.reflect.Method.invoke(Method.java:580)
at org.testng.internal.MethodInvocationHelper.invokeMethod(MethodInvocationHelper.java:133)
at org.testng.internal.TestInvoker.invokeMethod(TestInvoker.java:598)
at org.testng.internal.TestInvoker.invokeTestMethod(TestInvoker.java:173)
at org.testng.internal.MethodRunner.runInSequence(MethodRunner.java:46)
at org.testng.internal.TestInvoker$MethodInvocationAgent.invoke(TestInvoker.java:824)
at org.testng.internal.TestInvoker.invokeTestMethods(TestInvoker.java:146)
at org.testng.internal.TestMethodWorker.invokeTestMethods(TestMethodWorker.java:146)
at org.testng.internal.TestMethodWorker.run(TestMethodWorker.java:128)
at java.base/java.util.ArrayList.forEach(ArrayList.java:1596)
at org.testng.TestRunner.privateRun(TestRunner.java:794)
at org.testng.TestRunner.run(TestRunner.java:596)
at org.testng.SuiteRunner.runTest(SuiteRunner.java:377)
at org.testng.SuiteRunner.runSequentially(SuiteRunner.java:371)
at org.testng.SuiteRunner.privateRun(SuiteRunner.java:332)
at org.testng.SuiteRunner.run(SuiteRunner.java:276)
at org.testng.SuiteRunnerWorker.runSuite(SuiteRunnerWorker.java:53)
at org.testng.SuiteRunnerWorker.run(SuiteRunnerWorker.java:96)
at org.testng.TestNG.runSuitesSequentially(TestNG.java:1212)
at org.testng.TestNG.runSuitesLocally(TestNG.java:1134)
at org.testng.TestNG.runSuites(TestNG.java:1063)
at org.testng.TestNG.run(TestNG.java:1031)
at org.testng.remote.AbstractRemoteTestNG.run(AbstractRemoteTestNG.java:115)
at org.testng.remote.RemoteTestNG.initAndRun(RemoteTestNG.java:293)
at org.testng.remote.RemoteTestNG.main(RemoteTestNG.java:91)
]]>
            </full-stacktrace>
          </exception> <!-- org.openqa.selenium.TimeoutException -->
          <reporter-output>
          </reporter-output>
        </test-method> <!-- TS003_VerifyMarketEventsSearchbarTest -->
        <test-method signature="TS004_VerifyExhibitorsEventsSearchbarTest()[pri:4, instance:lasvegasmarket_PROD.EvenntsAndWebinar@5824a83d]" started-at="2025-04-15T17:06:07 IST" name="TS004_VerifyExhibitorsEventsSearchbarTest" finished-at="2025-04-15T17:06:36 IST" duration-ms="29785" status="PASS">
          <reporter-output>
          </reporter-output>
        </test-method> <!-- TS004_VerifyExhibitorsEventsSearchbarTest -->
        <test-method signature="TS005_VerifyIMCEventsCalendarViewTest()[pri:5, instance:lasvegasmarket_PROD.EvenntsAndWebinar@5824a83d]" started-at="2025-04-15T17:06:36 IST" name="TS005_VerifyIMCEventsCalendarViewTest" finished-at="2025-04-15T17:06:56 IST" duration-ms="19189" status="PASS">
          <reporter-output>
          </reporter-output>
        </test-method> <!-- TS005_VerifyIMCEventsCalendarViewTest -->
        <test-method signature="TS006_VerifySelectedCalendarEventDateAndSearchEventsTest()[pri:6, instance:lasvegasmarket_PROD.EvenntsAndWebinar@5824a83d]" started-at="2025-04-15T17:06:56 IST" name="TS006_VerifySelectedCalendarEventDateAndSearchEventsTest" finished-at="2025-04-15T17:07:11 IST" duration-ms="15176" status="PASS">
          <reporter-output>
          </reporter-output>
        </test-method> <!-- TS006_VerifySelectedCalendarEventDateAndSearchEventsTest -->
        <test-method signature="TS007_VerifyIMCEventsEventsListTest()[pri:7, instance:lasvegasmarket_PROD.EvenntsAndWebinar@5824a83d]" started-at="2025-04-15T17:07:11 IST" name="TS007_VerifyIMCEventsEventsListTest" finished-at="2025-04-15T17:07:30 IST" duration-ms="18954" status="PASS">
          <reporter-output>
          </reporter-output>
        </test-method> <!-- TS007_VerifyIMCEventsEventsListTest -->
        <test-method signature="TS008_VerifyExhibitorEventsListTest()[pri:8, instance:lasvegasmarket_PROD.EvenntsAndWebinar@5824a83d]" started-at="2025-04-15T17:07:30 IST" name="TS008_VerifyExhibitorEventsListTest" finished-at="2025-04-15T17:07:49 IST" duration-ms="19615" status="PASS">
          <reporter-output>
          </reporter-output>
        </test-method> <!-- TS008_VerifyExhibitorEventsListTest -->
        <test-method signature="TS009_VerifyEventTypeDropdownTest()[pri:9, instance:lasvegasmarket_PROD.EvenntsAndWebinar@5824a83d]" started-at="2025-04-15T17:07:49 IST" name="TS009_VerifyEventTypeDropdownTest" finished-at="2025-04-15T17:08:13 IST" duration-ms="23297" status="PASS">
          <reporter-output>
          </reporter-output>
        </test-method> <!-- TS009_VerifyEventTypeDropdownTest -->
        <test-method signature="TS0010_VerifyEventDateRangeSearchBoxTest()[pri:10, instance:lasvegasmarket_PROD.EvenntsAndWebinar@5824a83d]" started-at="2025-04-15T17:08:13 IST" name="TS0010_VerifyEventDateRangeSearchBoxTest" finished-at="2025-04-15T17:08:32 IST" duration-ms="19375" status="PASS">
          <reporter-output>
          </reporter-output>
        </test-method> <!-- TS0010_VerifyEventDateRangeSearchBoxTest -->
        <test-method signature="TS0011_VerifyMarketEventDateRangeSearchBoxTest()[pri:11, instance:lasvegasmarket_PROD.EvenntsAndWebinar@5824a83d]" started-at="2025-04-15T17:08:32 IST" name="TS0011_VerifyMarketEventDateRangeSearchBoxTest" finished-at="2025-04-15T17:09:17 IST" duration-ms="45104" status="FAIL">
          <exception class="org.openqa.selenium.TimeoutException">
            <message>
              <![CDATA[Expected condition failed: waiting for visibility of element located by By.xpath: (//p[@class='event-date--item'])[1] (tried for 30 second(s) with 500 milliseconds interval)
Build info: version: '4.25.0', revision: '8a8aea2337'
System info: os.name: 'Windows 11', os.arch: 'amd64', os.version: '10.0', java.version: '21.0.3'
Driver info: org.openqa.selenium.chrome.ChromeDriver
Capabilities {acceptInsecureCerts: false, browserName: chrome, browserVersion: 135.0.7049.85, chrome: {chromedriverVersion: 135.0.7049.84 (6c019e560019..., userDataDir: C:\Users\swapnili\AppData\L...}, fedcm:accounts: true, goog:chromeOptions: {debuggerAddress: localhost:59326}, networkConnectionEnabled: false, pageLoadStrategy: normal, platformName: windows, proxy: Proxy(), se:cdp: ws://localhost:59326/devtoo..., se:cdpVersion: 135.0.7049.85, setWindowRect: true, strictFileInteractability: false, timeouts: {implicit: 0, pageLoad: 300000, script: 30000}, unhandledPromptBehavior: dismiss and notify, webauthn:extension:credBlob: true, webauthn:extension:largeBlob: true, webauthn:extension:minPinLength: true, webauthn:extension:prf: true, webauthn:virtualAuthenticators: true}
Session ID: 8f99ed19518e8d5056e40f4dd442a6ad]]>
            </message>
            <full-stacktrace>
              <![CDATA[org.openqa.selenium.TimeoutException: Expected condition failed: waiting for visibility of element located by By.xpath: (//p[@class='event-date--item'])[1] (tried for 30 second(s) with 500 milliseconds interval)
Build info: version: '4.25.0', revision: '8a8aea2337'
System info: os.name: 'Windows 11', os.arch: 'amd64', os.version: '10.0', java.version: '21.0.3'
Driver info: org.openqa.selenium.chrome.ChromeDriver
Capabilities {acceptInsecureCerts: false, browserName: chrome, browserVersion: 135.0.7049.85, chrome: {chromedriverVersion: 135.0.7049.84 (6c019e560019..., userDataDir: C:\Users\swapnili\AppData\L...}, fedcm:accounts: true, goog:chromeOptions: {debuggerAddress: localhost:59326}, networkConnectionEnabled: false, pageLoadStrategy: normal, platformName: windows, proxy: Proxy(), se:cdp: ws://localhost:59326/devtoo..., se:cdpVersion: 135.0.7049.85, setWindowRect: true, strictFileInteractability: false, timeouts: {implicit: 0, pageLoad: 300000, script: 30000}, unhandledPromptBehavior: dismiss and notify, webauthn:extension:credBlob: true, webauthn:extension:largeBlob: true, webauthn:extension:minPinLength: true, webauthn:extension:prf: true, webauthn:virtualAuthenticators: true}
Session ID: 8f99ed19518e8d5056e40f4dd442a6ad
at org.openqa.selenium.support.ui.WebDriverWait.timeoutException(WebDriverWait.java:84)
at org.openqa.selenium.support.ui.FluentWait.until(FluentWait.java:228)
at pageObjects.AtlantaMarket.ATLEventsAndWebinarPage.getatlEventDateAndMonth(ATLEventsAndWebinarPage.java:383)
at lasvegasmarket_PROD.EvenntsAndWebinar.TS0011_VerifyMarketEventDateRangeSearchBoxTest(EvenntsAndWebinar.java:880)
at java.base/jdk.internal.reflect.DirectMethodHandleAccessor.invoke(DirectMethodHandleAccessor.java:103)
at java.base/java.lang.reflect.Method.invoke(Method.java:580)
at org.testng.internal.MethodInvocationHelper.invokeMethod(MethodInvocationHelper.java:133)
at org.testng.internal.TestInvoker.invokeMethod(TestInvoker.java:598)
at org.testng.internal.TestInvoker.invokeTestMethod(TestInvoker.java:173)
at org.testng.internal.MethodRunner.runInSequence(MethodRunner.java:46)
at org.testng.internal.TestInvoker$MethodInvocationAgent.invoke(TestInvoker.java:824)
at org.testng.internal.TestInvoker.invokeTestMethods(TestInvoker.java:146)
at org.testng.internal.TestMethodWorker.invokeTestMethods(TestMethodWorker.java:146)
at org.testng.internal.TestMethodWorker.run(TestMethodWorker.java:128)
at java.base/java.util.ArrayList.forEach(ArrayList.java:1596)
at org.testng.TestRunner.privateRun(TestRunner.java:794)
at org.testng.TestRunner.run(TestRunner.java:596)
at org.testng.SuiteRunner.runTest(SuiteRunner.java:377)
at org.testng.SuiteRunner.runSequentially(SuiteRunner.java:371)
at org.testng.SuiteRunner.privateRun(SuiteRunner.java:332)
at org.testng.SuiteRunner.run(SuiteRunner.java:276)
at org.testng.SuiteRunnerWorker.runSuite(SuiteRunnerWorker.java:53)
at org.testng.SuiteRunnerWorker.run(SuiteRunnerWorker.java:96)
at org.testng.TestNG.runSuitesSequentially(TestNG.java:1212)
at org.testng.TestNG.runSuitesLocally(TestNG.java:1134)
at org.testng.TestNG.runSuites(TestNG.java:1063)
at org.testng.TestNG.run(TestNG.java:1031)
at org.testng.remote.AbstractRemoteTestNG.run(AbstractRemoteTestNG.java:115)
at org.testng.remote.RemoteTestNG.initAndRun(RemoteTestNG.java:293)
at org.testng.remote.RemoteTestNG.main(RemoteTestNG.java:91)
]]>
            </full-stacktrace>
          </exception> <!-- org.openqa.selenium.TimeoutException -->
          <reporter-output>
          </reporter-output>
        </test-method> <!-- TS0011_VerifyMarketEventDateRangeSearchBoxTest -->
        <test-method signature="TS0012_VerifyExhibitorEventDateRangeSearchBoxTest()[pri:12, instance:lasvegasmarket_PROD.EvenntsAndWebinar@5824a83d]" started-at="2025-04-15T17:09:17 IST" name="TS0012_VerifyExhibitorEventDateRangeSearchBoxTest" finished-at="2025-04-15T17:09:37 IST" duration-ms="19503" status="PASS">
          <reporter-output>
          </reporter-output>
        </test-method> <!-- TS0012_VerifyExhibitorEventDateRangeSearchBoxTest -->
        <test-method signature="TS0013_VerifyEventCalendarResetButtonTest()[pri:13, instance:lasvegasmarket_PROD.EvenntsAndWebinar@5824a83d]" started-at="2025-04-15T17:09:37 IST" name="TS0013_VerifyEventCalendarResetButtonTest" finished-at="2025-04-15T17:09:56 IST" duration-ms="19021" status="FAIL">
          <exception class="java.lang.AssertionError">
            <message>
              <![CDATA[Reset failed to return to current month]]>
            </message>
            <full-stacktrace>
              <![CDATA[java.lang.AssertionError: Reset failed to return to current month
at lasvegasmarket_PROD.EvenntsAndWebinar.TS0013_VerifyEventCalendarResetButtonTest(EvenntsAndWebinar.java:1060)
at java.base/jdk.internal.reflect.DirectMethodHandleAccessor.invoke(DirectMethodHandleAccessor.java:103)
at java.base/java.lang.reflect.Method.invoke(Method.java:580)
at org.testng.internal.MethodInvocationHelper.invokeMethod(MethodInvocationHelper.java:133)
at org.testng.internal.TestInvoker.invokeMethod(TestInvoker.java:598)
at org.testng.internal.TestInvoker.invokeTestMethod(TestInvoker.java:173)
at org.testng.internal.MethodRunner.runInSequence(MethodRunner.java:46)
at org.testng.internal.TestInvoker$MethodInvocationAgent.invoke(TestInvoker.java:824)
at org.testng.internal.TestInvoker.invokeTestMethods(TestInvoker.java:146)
at org.testng.internal.TestMethodWorker.invokeTestMethods(TestMethodWorker.java:146)
at org.testng.internal.TestMethodWorker.run(TestMethodWorker.java:128)
at java.base/java.util.ArrayList.forEach(ArrayList.java:1596)
at org.testng.TestRunner.privateRun(TestRunner.java:794)
at org.testng.TestRunner.run(TestRunner.java:596)
at org.testng.SuiteRunner.runTest(SuiteRunner.java:377)
at org.testng.SuiteRunner.runSequentially(SuiteRunner.java:371)
at org.testng.SuiteRunner.privateRun(SuiteRunner.java:332)
at org.testng.SuiteRunner.run(SuiteRunner.java:276)
at org.testng.SuiteRunnerWorker.runSuite(SuiteRunnerWorker.java:53)
at org.testng.SuiteRunnerWorker.run(SuiteRunnerWorker.java:96)
at org.testng.TestNG.runSuitesSequentially(TestNG.java:1212)
at org.testng.TestNG.runSuitesLocally(TestNG.java:1134)
at org.testng.TestNG.runSuites(TestNG.java:1063)
at org.testng.TestNG.run(TestNG.java:1031)
at org.testng.remote.AbstractRemoteTestNG.run(AbstractRemoteTestNG.java:115)
at org.testng.remote.RemoteTestNG.initAndRun(RemoteTestNG.java:293)
at org.testng.remote.RemoteTestNG.main(RemoteTestNG.java:91)
]]>
            </full-stacktrace>
          </exception> <!-- java.lang.AssertionError -->
          <reporter-output>
          </reporter-output>
        </test-method> <!-- TS0013_VerifyEventCalendarResetButtonTest -->
        <test-method is-config="true" signature="tearDown()[pri:0, instance:lasvegasmarket_PROD.EvenntsAndWebinar@5824a83d]" started-at="2025-04-15T17:09:56 IST" name="tearDown" finished-at="2025-04-15T17:09:56 IST" duration-ms="2" status="PASS">
          <reporter-output>
          </reporter-output>
        </test-method> <!-- tearDown -->
      </class> <!-- lasvegasmarket_PROD.EvenntsAndWebinar -->
    </test> <!-- Default test -->
  </suite> <!-- Default suite -->
</testng-results>
