<?xml version="1.0" encoding="UTF-8"?>
<testng-results skipped="0" failed="1" total="11" passed="10">
  <reporter-output>
  </reporter-output>
  <suite name="Default suite" duration-ms="429711" started-at="2022-12-20T05:23:58Z" finished-at="2022-12-20T05:31:08Z">
    <groups>
    </groups>
    <test name="Default test" duration-ms="429711" started-at="2022-12-20T05:23:58Z" finished-at="2022-12-20T05:31:08Z">
      <class name="atlantamarket_PROD.LineDigitalShowroom">
        <test-method status="PASS" signature="initialize()[pri:0, instance:atlantamarket_PROD.LineDigitalShowroom@53b32d7]" name="initialize" is-config="true" duration-ms="39883" started-at="2022-12-20T10:53:58Z" finished-at="2022-12-20T10:54:38Z">
          <reporter-output>
          </reporter-output>
        </test-method> <!-- initialize -->
        <test-method status="PASS" signature="TS001_VerifyLineDigitalShowroomHeroComponentShownByExhibitorNamaeTest()[pri:0, instance:atlantamarket_PROD.LineDigitalShowroom@53b32d7]" name="TS001_VerifyLineDigitalShowroomHeroComponentShownByExhibitorNamaeTest" duration-ms="11522" started-at="2022-12-20T10:54:38Z" finished-at="2022-12-20T10:54:49Z">
          <reporter-output>
          </reporter-output>
        </test-method> <!-- TS001_VerifyLineDigitalShowroomHeroComponentShownByExhibitorNamaeTest -->
        <test-method status="PASS" signature="TS002_VerifyLineDigitalShowroomHeroComponentLocationLinksTest()[pri:0, instance:atlantamarket_PROD.LineDigitalShowroom@53b32d7]" name="TS002_VerifyLineDigitalShowroomHeroComponentLocationLinksTest" duration-ms="20418" started-at="2022-12-20T10:54:49Z" finished-at="2022-12-20T10:55:10Z">
          <reporter-output>
          </reporter-output>
        </test-method> <!-- TS002_VerifyLineDigitalShowroomHeroComponentLocationLinksTest -->
        <test-method status="FAIL" signature="TS003_VerifyLineDigitalShowroomHeroComponentAddToFavoriteTest()[pri:0, instance:atlantamarket_PROD.LineDigitalShowroom@53b32d7]" name="TS003_VerifyLineDigitalShowroomHeroComponentAddToFavoriteTest" duration-ms="115876" started-at="2022-12-20T10:55:10Z" finished-at="2022-12-20T10:57:06Z">
          <exception class="org.openqa.selenium.TimeoutException">
            <message>
              <![CDATA[Expected condition failed: waiting for visibility of element located by By.xpath: //a[@class='imc-link--alt-darkred'] (tried for 35 second(s) with 500 MILLISECONDS interval)]]>
            </message>
            <full-stacktrace>
              <![CDATA[org.openqa.selenium.TimeoutException: Expected condition failed: waiting for visibility of element located by By.xpath: //a[@class='imc-link--alt-darkred'] (tried for 35 second(s) with 500 MILLISECONDS interval)
	at org.openqa.selenium.support.ui.WebDriverWait.timeoutException(WebDriverWait.java:80)
	at org.openqa.selenium.support.ui.FluentWait.until(FluentWait.java:232)
	at pageObjects.AtlantaMarket.ATLMarketPlannerPage.getlistOfAllExh(ATLMarketPlannerPage.java:967)
	at atlantamarket_PROD.LineDigitalShowroom.TS003_VerifyLineDigitalShowroomHeroComponentAddToFavoriteTest(LineDigitalShowroom.java:196)
	at sun.reflect.NativeMethodAccessorImpl.invoke0(Native Method)
	at sun.reflect.NativeMethodAccessorImpl.invoke(Unknown Source)
	at sun.reflect.DelegatingMethodAccessorImpl.invoke(Unknown Source)
	at java.lang.reflect.Method.invoke(Unknown Source)
	at org.testng.internal.MethodInvocationHelper.invokeMethod(MethodInvocationHelper.java:80)
	at org.testng.internal.Invoker.invokeMethod(Invoker.java:714)
	at org.testng.internal.Invoker.invokeTestMethod(Invoker.java:901)
	at org.testng.internal.Invoker.invokeTestMethods(Invoker.java:1231)
	at org.testng.internal.TestMethodWorker.invokeTestMethods(TestMethodWorker.java:127)
	at org.testng.internal.TestMethodWorker.run(TestMethodWorker.java:111)
	at org.testng.TestRunner.privateRun(TestRunner.java:767)
	at org.testng.TestRunner.run(TestRunner.java:617)
	at org.testng.SuiteRunner.runTest(SuiteRunner.java:334)
	at org.testng.SuiteRunner.runSequentially(SuiteRunner.java:329)
	at org.testng.SuiteRunner.privateRun(SuiteRunner.java:291)
	at org.testng.SuiteRunner.run(SuiteRunner.java:240)
	at org.testng.SuiteRunnerWorker.runSuite(SuiteRunnerWorker.java:52)
	at org.testng.SuiteRunnerWorker.run(SuiteRunnerWorker.java:86)
	at org.testng.TestNG.runSuitesSequentially(TestNG.java:1198)
	at org.testng.TestNG.runSuitesLocally(TestNG.java:1123)
	at org.testng.TestNG.run(TestNG.java:1031)
	at org.testng.remote.AbstractRemoteTestNG.run(AbstractRemoteTestNG.java:132)
	at org.testng.remote.RemoteTestNG.initAndRun(RemoteTestNG.java:236)
	at org.testng.remote.RemoteTestNG.main(RemoteTestNG.java:81)
Caused by: org.openqa.selenium.NoSuchElementException: Cannot locate an element using By.xpath: //a[@class='imc-link--alt-darkred']
For documentation on this error, please visit: http://seleniumhq.org/exceptions/no_such_element.html
Build info: version: '3.4.0', revision: 'unknown', time: 'unknown'
System info: host: 'ANUPPA-VD3', ip: '172.27.182.66', os.name: 'Windows 10', os.arch: 'amd64', os.version: '10.0', java.version: '1.8.0_351'
Driver info: driver.version: unknown
	at org.openqa.selenium.support.ui.ExpectedConditions.lambda$findElement$0(ExpectedConditions.java:883)
	at java.util.Optional.orElseThrow(Unknown Source)
	at org.openqa.selenium.support.ui.ExpectedConditions.findElement(ExpectedConditions.java:882)
	at org.openqa.selenium.support.ui.ExpectedConditions.access$000(ExpectedConditions.java:44)
	at org.openqa.selenium.support.ui.ExpectedConditions$7.apply(ExpectedConditions.java:206)
	at org.openqa.selenium.support.ui.ExpectedConditions$7.apply(ExpectedConditions.java:202)
	at org.openqa.selenium.support.ui.FluentWait.until(FluentWait.java:209)
	... 26 more
]]>
            </full-stacktrace>
          </exception> <!-- org.openqa.selenium.TimeoutException -->
          <reporter-output>
          </reporter-output>
        </test-method> <!-- TS003_VerifyLineDigitalShowroomHeroComponentAddToFavoriteTest -->
        <test-method status="PASS" signature="TS004_VerifyLineDigitalShowroomHeroComponentAddTolistTest()[pri:0, instance:atlantamarket_PROD.LineDigitalShowroom@53b32d7]" name="TS004_VerifyLineDigitalShowroomHeroComponentAddTolistTest" duration-ms="86322" started-at="2022-12-20T10:57:06Z" finished-at="2022-12-20T10:58:32Z">
          <reporter-output>
          </reporter-output>
        </test-method> <!-- TS004_VerifyLineDigitalShowroomHeroComponentAddTolistTest -->
        <test-method status="PASS" signature="TS005_VerifyLineDigitalShowroomHeroComponentAddNoteTest()[pri:0, instance:atlantamarket_PROD.LineDigitalShowroom@53b32d7]" name="TS005_VerifyLineDigitalShowroomHeroComponentAddNoteTest" duration-ms="48896" started-at="2022-12-20T10:58:32Z" finished-at="2022-12-20T10:59:21Z">
          <reporter-output>
          </reporter-output>
        </test-method> <!-- TS005_VerifyLineDigitalShowroomHeroComponentAddNoteTest -->
        <test-method status="PASS" signature="TS006_VerifyLineDigitalShowroomHeroComponentOrderOnJuniperMarketTest()[pri:0, instance:atlantamarket_PROD.LineDigitalShowroom@53b32d7]" name="TS006_VerifyLineDigitalShowroomHeroComponentOrderOnJuniperMarketTest" duration-ms="8014" started-at="2022-12-20T10:59:21Z" finished-at="2022-12-20T10:59:29Z">
          <reporter-output>
          </reporter-output>
        </test-method> <!-- TS006_VerifyLineDigitalShowroomHeroComponentOrderOnJuniperMarketTest -->
        <test-method status="PASS" signature="TS007_VerifyLineDigitalShowroomHeroComponentProductsComponentCountTest()[pri:0, instance:atlantamarket_PROD.LineDigitalShowroom@53b32d7]" name="TS007_VerifyLineDigitalShowroomHeroComponentProductsComponentCountTest" duration-ms="5615" started-at="2022-12-20T10:59:29Z" finished-at="2022-12-20T10:59:34Z">
          <reporter-output>
          </reporter-output>
        </test-method> <!-- TS007_VerifyLineDigitalShowroomHeroComponentProductsComponentCountTest -->
        <test-method status="PASS" signature="TS008_VerifyLineDigitalShowroomProductscomponentTest()[pri:0, instance:atlantamarket_PROD.LineDigitalShowroom@53b32d7]" name="TS008_VerifyLineDigitalShowroomProductscomponentTest" duration-ms="23590" started-at="2022-12-20T10:59:34Z" finished-at="2022-12-20T10:59:58Z">
          <reporter-output>
          </reporter-output>
        </test-method> <!-- TS008_VerifyLineDigitalShowroomProductscomponentTest -->
        <test-method status="PASS" signature="TS009_VerifyLineDigitalShowroomProductscomponentOrderOnJuniperMarketTest()[pri:0, instance:atlantamarket_PROD.LineDigitalShowroom@53b32d7]" name="TS009_VerifyLineDigitalShowroomProductscomponentOrderOnJuniperMarketTest" duration-ms="19681" started-at="2022-12-20T10:59:58Z" finished-at="2022-12-20T11:00:18Z">
          <reporter-output>
          </reporter-output>
        </test-method> <!-- TS009_VerifyLineDigitalShowroomProductscomponentOrderOnJuniperMarketTest -->
        <test-method status="PASS" signature="TS010_VerifyLineDigitalShowroomProductscomponentSeeAllProductsTest()[pri:0, instance:atlantamarket_PROD.LineDigitalShowroom@53b32d7]" name="TS010_VerifyLineDigitalShowroomProductscomponentSeeAllProductsTest" duration-ms="15993" started-at="2022-12-20T11:00:18Z" finished-at="2022-12-20T11:00:34Z">
          <reporter-output>
          </reporter-output>
        </test-method> <!-- TS010_VerifyLineDigitalShowroomProductscomponentSeeAllProductsTest -->
        <test-method status="PASS" signature="TS011_VerifyLineDigitalShowroomProductscomponentSelectProductTest()[pri:0, instance:atlantamarket_PROD.LineDigitalShowroom@53b32d7]" name="TS011_VerifyLineDigitalShowroomProductscomponentSelectProductTest" duration-ms="33862" started-at="2022-12-20T11:00:34Z" finished-at="2022-12-20T11:01:08Z">
          <reporter-output>
          </reporter-output>
        </test-method> <!-- TS011_VerifyLineDigitalShowroomProductscomponentSelectProductTest -->
        <test-method status="PASS" signature="tearDown()[pri:0, instance:atlantamarket_PROD.LineDigitalShowroom@53b32d7]" name="tearDown" is-config="true" duration-ms="0" started-at="2022-12-20T11:01:08Z" finished-at="2022-12-20T11:01:08Z">
          <reporter-output>
          </reporter-output>
        </test-method> <!-- tearDown -->
      </class> <!-- atlantamarket_PROD.LineDigitalShowroom -->
    </test> <!-- Default test -->
  </suite> <!-- Default suite -->
</testng-results>
