<?xml version="1.0" encoding="UTF-8"?>
<testng-results skipped="0" failed="0" total="1" passed="1">
  <reporter-output>
  </reporter-output>
  <suite name="LVM_RegressionTestSuite" duration-ms="126197" started-at="2023-03-21T08:43:10Z" finished-at="2023-03-21T08:45:16Z">
    <groups>
    </groups>
    <test name="RegressionTest" duration-ms="126197" started-at="2023-03-21T08:43:10Z" finished-at="2023-03-21T08:45:16Z">
      <class name="lasvegasmarket_UAT.FloorPlans">
        <test-method status="PASS" signature="initialize()[pri:0, instance:lasvegasmarket_UAT.FloorPlans@146ba0ac]" name="initialize" is-config="true" duration-ms="82549" started-at="2023-03-21T14:13:10Z" finished-at="2023-03-21T14:14:32Z">
          <reporter-output>
          </reporter-output>
        </test-method> <!-- initialize -->
        <test-method status="PASS" signature="TS012_VerifyAddToFavoriteFunctionalityForExhibitorOnFloorPlansPageTest()[pri:0, instance:lasvegasmarket_UAT.FloorPlans@146ba0ac]" name="TS012_VerifyAddToFavoriteFunctionalityForExhibitorOnFloorPlansPageTest" duration-ms="43617" started-at="2023-03-21T14:14:32Z" finished-at="2023-03-21T14:15:16Z">
          <reporter-output>
          </reporter-output>
        </test-method> <!-- TS012_VerifyAddToFavoriteFunctionalityForExhibitorOnFloorPlansPageTest -->
        <test-method status="PASS" signature="tearDown()[pri:0, instance:lasvegasmarket_UAT.FloorPlans@146ba0ac]" name="tearDown" is-config="true" duration-ms="0" started-at="2023-03-21T14:15:16Z" finished-at="2023-03-21T14:15:16Z">
          <reporter-output>
          </reporter-output>
        </test-method> <!-- tearDown -->
      </class> <!-- lasvegasmarket_UAT.FloorPlans -->
    </test> <!-- RegressionTest -->
  </suite> <!-- LVM_RegressionTestSuite -->
</testng-results>
