<?xml version="1.0" encoding="UTF-8"?>
<testng-results skipped="0" failed="2" total="11" passed="9">
  <reporter-output>
  </reporter-output>
  <suite name="LVM_RegressionTestSuite" duration-ms="406662" started-at="2022-10-26T10:20:13Z" finished-at="2022-10-26T10:26:59Z">
    <groups>
    </groups>
    <test name="RegressionTest" duration-ms="406662" started-at="2022-10-26T10:20:13Z" finished-at="2022-10-26T10:26:59Z">
      <class name="atlantamarket_PROD.GlobalSearch_MatchingResults">
        <test-method status="PASS" signature="initialize()[pri:0, instance:atlantamarket_PROD.GlobalSearch_MatchingResults@204f30ec]" name="initialize" is-config="true" duration-ms="31727" started-at="2022-10-26T15:50:13Z" finished-at="2022-10-26T15:50:44Z">
          <reporter-output>
          </reporter-output>
        </test-method> <!-- initialize -->
        <test-method status="PASS" signature="TS001_VerifyGlobalSearchContainsAndStartsWithTest()[pri:0, instance:atlantamarket_PROD.GlobalSearch_MatchingResults@204f30ec]" name="TS001_VerifyGlobalSearchContainsAndStartsWithTest" duration-ms="15928" started-at="2022-10-26T15:50:44Z" finished-at="2022-10-26T15:51:00Z">
          <reporter-output>
          </reporter-output>
        </test-method> <!-- TS001_VerifyGlobalSearchContainsAndStartsWithTest -->
        <test-method status="PASS" signature="TS002_VerifyGlobalSearchMatchingResultsSortWithinTest()[pri:0, instance:atlantamarket_PROD.GlobalSearch_MatchingResults@204f30ec]" name="TS002_VerifyGlobalSearchMatchingResultsSortWithinTest" duration-ms="36252" started-at="2022-10-26T15:51:00Z" finished-at="2022-10-26T15:51:37Z">
          <reporter-output>
          </reporter-output>
        </test-method> <!-- TS002_VerifyGlobalSearchMatchingResultsSortWithinTest -->
        <test-method status="FAIL" signature="TS003_VerifyGlobalSearchMatchingResultsSortSortByTest()[pri:0, instance:atlantamarket_PROD.GlobalSearch_MatchingResults@204f30ec]" name="TS003_VerifyGlobalSearchMatchingResultsSortSortByTest" duration-ms="24729" started-at="2022-10-26T15:51:37Z" finished-at="2022-10-26T15:52:01Z">
          <exception class="java.lang.AssertionError">
            <message>
              <![CDATA[ List Should be sorted: Lists differ at element [1]: road runners != eleven point expected [road runners] but found [eleven point]]]>
            </message>
            <full-stacktrace>
              <![CDATA[java.lang.AssertionError:  List Should be sorted: Lists differ at element [1]: road runners != eleven point expected [road runners] but found [eleven point]
	at org.testng.Assert.fail(Assert.java:94)
	at org.testng.Assert.failNotEquals(Assert.java:494)
	at org.testng.Assert.assertEquals(Assert.java:123)
	at org.testng.Assert.assertEquals(Assert.java:549)
	at resources.Utility.Sorting(Utility.java:399)
	at atlantamarket_PROD.GlobalSearch_MatchingResults.TS003_VerifyGlobalSearchMatchingResultsSortSortByTest(GlobalSearch_MatchingResults.java:233)
	at sun.reflect.NativeMethodAccessorImpl.invoke0(Native Method)
	at sun.reflect.NativeMethodAccessorImpl.invoke(NativeMethodAccessorImpl.java:62)
	at sun.reflect.DelegatingMethodAccessorImpl.invoke(DelegatingMethodAccessorImpl.java:43)
	at java.lang.reflect.Method.invoke(Method.java:498)
	at org.testng.internal.MethodInvocationHelper.invokeMethod(MethodInvocationHelper.java:80)
	at org.testng.internal.Invoker.invokeMethod(Invoker.java:714)
	at org.testng.internal.Invoker.invokeTestMethod(Invoker.java:901)
	at org.testng.internal.Invoker.invokeTestMethods(Invoker.java:1231)
	at org.testng.internal.TestMethodWorker.invokeTestMethods(TestMethodWorker.java:127)
	at org.testng.internal.TestMethodWorker.run(TestMethodWorker.java:111)
	at org.testng.TestRunner.privateRun(TestRunner.java:767)
	at org.testng.TestRunner.run(TestRunner.java:617)
	at org.testng.SuiteRunner.runTest(SuiteRunner.java:334)
	at org.testng.SuiteRunner.runSequentially(SuiteRunner.java:329)
	at org.testng.SuiteRunner.privateRun(SuiteRunner.java:291)
	at org.testng.SuiteRunner.run(SuiteRunner.java:240)
	at org.testng.SuiteRunnerWorker.runSuite(SuiteRunnerWorker.java:52)
	at org.testng.SuiteRunnerWorker.run(SuiteRunnerWorker.java:86)
	at org.testng.TestNG.runSuitesSequentially(TestNG.java:1198)
	at org.testng.TestNG.runSuitesLocally(TestNG.java:1123)
	at org.testng.TestNG.run(TestNG.java:1031)
	at org.testng.remote.AbstractRemoteTestNG.run(AbstractRemoteTestNG.java:114)
	at org.testng.remote.RemoteTestNG.initAndRun(RemoteTestNG.java:251)
	at org.testng.remote.RemoteTestNG.main(RemoteTestNG.java:77)
]]>
            </full-stacktrace>
          </exception> <!-- java.lang.AssertionError -->
          <reporter-output>
          </reporter-output>
        </test-method> <!-- TS003_VerifyGlobalSearchMatchingResultsSortSortByTest -->
        <test-method status="PASS" signature="TS004_VerifyGlobalSearchMatchingResultsSortFilterByNameTest()[pri:0, instance:atlantamarket_PROD.GlobalSearch_MatchingResults@204f30ec]" name="TS004_VerifyGlobalSearchMatchingResultsSortFilterByNameTest" duration-ms="16059" started-at="2022-10-26T15:52:02Z" finished-at="2022-10-26T15:52:18Z">
          <reporter-output>
          </reporter-output>
        </test-method> <!-- TS004_VerifyGlobalSearchMatchingResultsSortFilterByNameTest -->
        <test-method status="FAIL" signature="TS005_VerifyGlobalSearchMatchingResultsSelectAddToFavoritesTest()[pri:0, instance:atlantamarket_PROD.GlobalSearch_MatchingResults@204f30ec]" name="TS005_VerifyGlobalSearchMatchingResultsSelectAddToFavoritesTest" duration-ms="51205" started-at="2022-10-26T15:52:18Z" finished-at="2022-10-26T15:53:09Z">
          <exception class="java.lang.AssertionError">
            <message>
              <![CDATA[expected [true] but found [false]]]>
            </message>
            <full-stacktrace>
              <![CDATA[java.lang.AssertionError: expected [true] but found [false]
	at org.testng.Assert.fail(Assert.java:94)
	at org.testng.Assert.failNotEquals(Assert.java:494)
	at org.testng.Assert.assertTrue(Assert.java:42)
	at org.testng.Assert.assertTrue(Assert.java:52)
	at resources.Utility.checkItemPresentInListorNot(Utility.java:164)
	at atlantamarket_PROD.GlobalSearch_MatchingResults.TS005_VerifyGlobalSearchMatchingResultsSelectAddToFavoritesTest(GlobalSearch_MatchingResults.java:318)
	at sun.reflect.NativeMethodAccessorImpl.invoke0(Native Method)
	at sun.reflect.NativeMethodAccessorImpl.invoke(NativeMethodAccessorImpl.java:62)
	at sun.reflect.DelegatingMethodAccessorImpl.invoke(DelegatingMethodAccessorImpl.java:43)
	at java.lang.reflect.Method.invoke(Method.java:498)
	at org.testng.internal.MethodInvocationHelper.invokeMethod(MethodInvocationHelper.java:80)
	at org.testng.internal.Invoker.invokeMethod(Invoker.java:714)
	at org.testng.internal.Invoker.invokeTestMethod(Invoker.java:901)
	at org.testng.internal.Invoker.invokeTestMethods(Invoker.java:1231)
	at org.testng.internal.TestMethodWorker.invokeTestMethods(TestMethodWorker.java:127)
	at org.testng.internal.TestMethodWorker.run(TestMethodWorker.java:111)
	at org.testng.TestRunner.privateRun(TestRunner.java:767)
	at org.testng.TestRunner.run(TestRunner.java:617)
	at org.testng.SuiteRunner.runTest(SuiteRunner.java:334)
	at org.testng.SuiteRunner.runSequentially(SuiteRunner.java:329)
	at org.testng.SuiteRunner.privateRun(SuiteRunner.java:291)
	at org.testng.SuiteRunner.run(SuiteRunner.java:240)
	at org.testng.SuiteRunnerWorker.runSuite(SuiteRunnerWorker.java:52)
	at org.testng.SuiteRunnerWorker.run(SuiteRunnerWorker.java:86)
	at org.testng.TestNG.runSuitesSequentially(TestNG.java:1198)
	at org.testng.TestNG.runSuitesLocally(TestNG.java:1123)
	at org.testng.TestNG.run(TestNG.java:1031)
	at org.testng.remote.AbstractRemoteTestNG.run(AbstractRemoteTestNG.java:114)
	at org.testng.remote.RemoteTestNG.initAndRun(RemoteTestNG.java:251)
	at org.testng.remote.RemoteTestNG.main(RemoteTestNG.java:77)
]]>
            </full-stacktrace>
          </exception> <!-- java.lang.AssertionError -->
          <reporter-output>
          </reporter-output>
        </test-method> <!-- TS005_VerifyGlobalSearchMatchingResultsSelectAddToFavoritesTest -->
        <test-method status="PASS" signature="TS006_VerifyGlobalSearchMatchingResultsSelectAddToExistingListTest()[pri:0, instance:atlantamarket_PROD.GlobalSearch_MatchingResults@204f30ec]" name="TS006_VerifyGlobalSearchMatchingResultsSelectAddToExistingListTest" duration-ms="83457" started-at="2022-10-26T15:53:09Z" finished-at="2022-10-26T15:54:33Z">
          <reporter-output>
          </reporter-output>
        </test-method> <!-- TS006_VerifyGlobalSearchMatchingResultsSelectAddToExistingListTest -->
        <test-method status="PASS" signature="TS007_VerifyGlobalSearchMatchingResultsSelectAddToNewlyCreatedListTest()[pri:0, instance:atlantamarket_PROD.GlobalSearch_MatchingResults@204f30ec]" name="TS007_VerifyGlobalSearchMatchingResultsSelectAddToNewlyCreatedListTest" duration-ms="94168" started-at="2022-10-26T15:54:33Z" finished-at="2022-10-26T15:56:07Z">
          <reporter-output>
          </reporter-output>
        </test-method> <!-- TS007_VerifyGlobalSearchMatchingResultsSelectAddToNewlyCreatedListTest -->
        <test-method status="PASS" signature="TS008_VerifyGlobalSearchMatchingResultsUsePreviousSavedSearchTest()[pri:0, instance:atlantamarket_PROD.GlobalSearch_MatchingResults@204f30ec]" name="TS008_VerifyGlobalSearchMatchingResultsUsePreviousSavedSearchTest" duration-ms="15686" started-at="2022-10-26T15:56:07Z" finished-at="2022-10-26T15:56:22Z">
          <reporter-output>
          </reporter-output>
        </test-method> <!-- TS008_VerifyGlobalSearchMatchingResultsUsePreviousSavedSearchTest -->
        <test-method status="PASS" signature="TS009_VerifyGlobalSearchMatchingResultsSavedSearchesTest()[pri:0, instance:atlantamarket_PROD.GlobalSearch_MatchingResults@204f30ec]" name="TS009_VerifyGlobalSearchMatchingResultsSavedSearchesTest" duration-ms="12149" started-at="2022-10-26T15:56:22Z" finished-at="2022-10-26T15:56:35Z">
          <reporter-output>
          </reporter-output>
        </test-method> <!-- TS009_VerifyGlobalSearchMatchingResultsSavedSearchesTest -->
        <test-method status="PASS" signature="TS010_VerifyShowSpecialsLinksExhibitorNameTest()[pri:0, instance:atlantamarket_PROD.GlobalSearch_MatchingResults@204f30ec]" name="TS010_VerifyShowSpecialsLinksExhibitorNameTest" duration-ms="13049" started-at="2022-10-26T15:56:35Z" finished-at="2022-10-26T15:56:48Z">
          <reporter-output>
          </reporter-output>
        </test-method> <!-- TS010_VerifyShowSpecialsLinksExhibitorNameTest -->
        <test-method status="PASS" signature="TS011_VerifyShowSpecialsLinksShowroomTest()[pri:0, instance:atlantamarket_PROD.GlobalSearch_MatchingResults@204f30ec]" name="TS011_VerifyShowSpecialsLinksShowroomTest" duration-ms="11762" started-at="2022-10-26T15:56:48Z" finished-at="2022-10-26T15:56:59Z">
          <reporter-output>
          </reporter-output>
        </test-method> <!-- TS011_VerifyShowSpecialsLinksShowroomTest -->
        <test-method status="PASS" signature="tearDown()[pri:0, instance:atlantamarket_PROD.GlobalSearch_MatchingResults@204f30ec]" name="tearDown" is-config="true" duration-ms="1" started-at="2022-10-26T15:56:59Z" finished-at="2022-10-26T15:56:59Z">
          <reporter-output>
          </reporter-output>
        </test-method> <!-- tearDown -->
      </class> <!-- atlantamarket_PROD.GlobalSearch_MatchingResults -->
    </test> <!-- RegressionTest -->
  </suite> <!-- LVM_RegressionTestSuite -->
</testng-results>
